[0.009s] Invoking command in '/home/nikhil/ROS/ros2_ws/build/my_robot_bringup': CMAKE_PREFIX_PATH=${CMAKE_PREFIX_PATH}:/home/nikhil/ROS/ros2_ws/install/py_pkg:/opt/ros/humble /usr/bin/cmake /home/nikhil/ROS/ros2_ws/src/my_robot_bringup -DAMENT_CMAKE_SYMLINK_INSTALL=1 -DCMAKE_INSTALL_PREFIX=/home/nikhil/ROS/ros2_ws/install/my_robot_bringup
[0.080s] -- The C compiler identification is GNU 11.4.0
[0.139s] -- The CXX compiler identification is GNU 11.4.0
[0.146s] -- Detecting C compiler ABI info
[0.218s] -- Detecting C compiler ABI info - done
[0.223s] -- Check for working C compiler: /usr/bin/cc - skipped
[0.223s] -- Detecting C compile features
[0.224s] -- Detecting C compile features - done
[0.226s] -- Detecting CXX compiler ABI info
[0.293s] -- Detecting CXX compiler ABI info - done
[0.297s] -- Check for working CXX compiler: /usr/bin/c++ - skipped
[0.297s] -- Detecting CXX compile features
[0.298s] -- Detecting CXX compile features - done
[0.301s] -- Found ament_cmake: 1.3.9 (/opt/ros/humble/share/ament_cmake/cmake)
[0.430s] -- Found Python3: /usr/bin/python3 (found version "3.10.12") found components: Interpreter 
[0.474s] -- Override CMake install command with custom implementation using symlinks instead of copying resources
[0.549s] -- Configuring done
[0.550s] -- Generating done
[0.551s] -- Build files have been written to: /home/nikhil/ROS/ros2_ws/build/my_robot_bringup
[0.555s] Invoked command in '/home/nikhil/ROS/ros2_ws/build/my_robot_bringup' returned '0': CMAKE_PREFIX_PATH=${CMAKE_PREFIX_PATH}:/home/nikhil/ROS/ros2_ws/install/py_pkg:/opt/ros/humble /usr/bin/cmake /home/nikhil/ROS/ros2_ws/src/my_robot_bringup -DAMENT_CMAKE_SYMLINK_INSTALL=1 -DCMAKE_INSTALL_PREFIX=/home/nikhil/ROS/ros2_ws/install/my_robot_bringup
[0.556s] Invoking command in '/home/nikhil/ROS/ros2_ws/build/my_robot_bringup': CMAKE_PREFIX_PATH=${CMAKE_PREFIX_PATH}:/home/nikhil/ROS/ros2_ws/install/py_pkg:/opt/ros/humble /usr/bin/cmake --build /home/nikhil/ROS/ros2_ws/build/my_robot_bringup -- -j20 -l20
[0.587s] Invoked command in '/home/nikhil/ROS/ros2_ws/build/my_robot_bringup' returned '0': CMAKE_PREFIX_PATH=${CMAKE_PREFIX_PATH}:/home/nikhil/ROS/ros2_ws/install/py_pkg:/opt/ros/humble /usr/bin/cmake --build /home/nikhil/ROS/ros2_ws/build/my_robot_bringup -- -j20 -l20
[0.611s] Invoking command in '/home/nikhil/ROS/ros2_ws/build/my_robot_bringup': CMAKE_PREFIX_PATH=${CMAKE_PREFIX_PATH}:/home/nikhil/ROS/ros2_ws/install/py_pkg:/opt/ros/humble /usr/bin/cmake --install /home/nikhil/ROS/ros2_ws/build/my_robot_bringup
[0.617s] -- Install configuration: ""
[0.618s] -- Execute custom install script
[0.618s] -- Symlinking: /home/nikhil/ROS/ros2_ws/install/my_robot_bringup/share/my_robot_bringup/launch/number_app.launch.py.py
[0.626s] -- Symlinking: /home/nikhil/ROS/ros2_ws/install/my_robot_bringup/share/ament_index/resource_index/package_run_dependencies/my_robot_bringup
[0.634s] -- Symlinking: /home/nikhil/ROS/ros2_ws/install/my_robot_bringup/share/ament_index/resource_index/parent_prefix_path/my_robot_bringup
[0.643s] -- Symlinking: /home/nikhil/ROS/ros2_ws/install/my_robot_bringup/share/my_robot_bringup/environment/ament_prefix_path.sh
[0.652s] -- Symlinking: /home/nikhil/ROS/ros2_ws/install/my_robot_bringup/share/my_robot_bringup/environment/ament_prefix_path.dsv
[0.660s] -- Symlinking: /home/nikhil/ROS/ros2_ws/install/my_robot_bringup/share/my_robot_bringup/environment/path.sh
[0.668s] -- Symlinking: /home/nikhil/ROS/ros2_ws/install/my_robot_bringup/share/my_robot_bringup/environment/path.dsv
[0.676s] -- Symlinking: /home/nikhil/ROS/ros2_ws/install/my_robot_bringup/share/my_robot_bringup/local_setup.bash
[0.683s] -- Symlinking: /home/nikhil/ROS/ros2_ws/install/my_robot_bringup/share/my_robot_bringup/local_setup.sh
[0.692s] -- Symlinking: /home/nikhil/ROS/ros2_ws/install/my_robot_bringup/share/my_robot_bringup/local_setup.zsh
[0.699s] -- Symlinking: /home/nikhil/ROS/ros2_ws/install/my_robot_bringup/share/my_robot_bringup/local_setup.dsv
[0.708s] -- Symlinking: /home/nikhil/ROS/ros2_ws/install/my_robot_bringup/share/my_robot_bringup/package.dsv
[0.720s] -- Symlinking: /home/nikhil/ROS/ros2_ws/install/my_robot_bringup/share/ament_index/resource_index/packages/my_robot_bringup
[0.731s] -- Symlinking: /home/nikhil/ROS/ros2_ws/install/my_robot_bringup/share/my_robot_bringup/cmake/my_robot_bringupConfig.cmake
[0.739s] -- Symlinking: /home/nikhil/ROS/ros2_ws/install/my_robot_bringup/share/my_robot_bringup/cmake/my_robot_bringupConfig-version.cmake
[0.750s] -- Symlinking: /home/nikhil/ROS/ros2_ws/install/my_robot_bringup/share/my_robot_bringup/package.xml
[0.759s] Invoked command in '/home/nikhil/ROS/ros2_ws/build/my_robot_bringup' returned '0': CMAKE_PREFIX_PATH=${CMAKE_PREFIX_PATH}:/home/nikhil/ROS/ros2_ws/install/py_pkg:/opt/ros/humble /usr/bin/cmake --install /home/nikhil/ROS/ros2_ws/build/my_robot_bringup
