[0.058s] DEBUG:colcon:Command line arguments: ['/usr/bin/colcon', 'build']
[0.058s] DEBUG:colcon:Parsed command line arguments: Namespace(log_base=None, log_level=None, verb_name='build', build_base='build', install_base='install', merge_install=False, symlink_install=False, test_result_base=None, continue_on_error=False, executor='parallel', parallel_workers=20, event_handlers=None, ignore_user_meta=False, metas=['./colcon.meta'], base_paths=['.'], packages_ignore=None, packages_ignore_regex=None, paths=None, packages_up_to=None, packages_up_to_regex=None, packages_above=None, packages_above_and_dependencies=None, packages_above_depth=None, packages_select_by_dep=None, packages_skip_by_dep=None, packages_skip_up_to=None, packages_select_build_failed=False, packages_skip_build_finished=False, packages_select_test_failures=False, packages_skip_test_passed=False, packages_select=None, packages_skip=None, packages_select_regex=None, packages_skip_regex=None, packages_start=None, packages_end=None, allow_overriding=[], cmake_args=None, cmake_target=None, cmake_target_skip_unavailable=False, cmake_clean_cache=False, cmake_clean_first=False, cmake_force_configure=False, ament_cmake_args=None, catkin_cmake_args=None, catkin_skip_building_tests=False, mixin_files=None, mixin=None, verb_parser=<colcon_mixin.mixin.mixin_argument.MixinArgumentDecorator object at 0x78937930f130>, verb_extension=<colcon_core.verb.build.BuildVerb object at 0x78937930ec80>, main=<bound method BuildVerb.main of <colcon_core.verb.build.BuildVerb object at 0x78937930ec80>>, mixin_verb=('build',))
[0.150s] Level 1:colcon.colcon_core.package_discovery:discover_packages(colcon_meta) check parameters
[0.150s] Level 1:colcon.colcon_core.package_discovery:discover_packages(recursive) check parameters
[0.150s] Level 1:colcon.colcon_core.package_discovery:discover_packages(ignore) check parameters
[0.150s] Level 1:colcon.colcon_core.package_discovery:discover_packages(path) check parameters
[0.150s] Level 1:colcon.colcon_core.package_discovery:discover_packages(colcon_meta) discover
[0.150s] Level 1:colcon.colcon_core.package_discovery:discover_packages(recursive) discover
[0.150s] INFO:colcon.colcon_core.package_discovery:Crawling recursively for packages in '/home/nikhil/Work/ROS/turtlebot3_ws'
[0.150s] Level 1:colcon.colcon_core.package_identification:_identify(.) by extensions ['ignore', 'ignore_ament_install']
[0.150s] Level 1:colcon.colcon_core.package_identification:_identify(.) by extension 'ignore'
[0.150s] Level 1:colcon.colcon_core.package_identification:_identify(.) by extension 'ignore_ament_install'
[0.150s] Level 1:colcon.colcon_core.package_identification:_identify(.) by extensions ['colcon_pkg']
[0.150s] Level 1:colcon.colcon_core.package_identification:_identify(.) by extension 'colcon_pkg'
[0.150s] Level 1:colcon.colcon_core.package_identification:_identify(.) by extensions ['colcon_meta']
[0.150s] Level 1:colcon.colcon_core.package_identification:_identify(.) by extension 'colcon_meta'
[0.150s] Level 1:colcon.colcon_core.package_identification:_identify(.) by extensions ['ros']
[0.150s] Level 1:colcon.colcon_core.package_identification:_identify(.) by extension 'ros'
[0.162s] Level 1:colcon.colcon_core.package_identification:_identify(.) by extensions ['cmake', 'python']
[0.162s] Level 1:colcon.colcon_core.package_identification:_identify(.) by extension 'cmake'
[0.162s] Level 1:colcon.colcon_core.package_identification:_identify(.) by extension 'python'
[0.162s] Level 1:colcon.colcon_core.package_identification:_identify(.) by extensions ['python_setup_py']
[0.162s] Level 1:colcon.colcon_core.package_identification:_identify(.) by extension 'python_setup_py'
[0.162s] Level 1:colcon.colcon_core.package_identification:_identify(build) by extensions ['ignore', 'ignore_ament_install']
[0.162s] Level 1:colcon.colcon_core.package_identification:_identify(build) by extension 'ignore'
[0.162s] Level 1:colcon.colcon_core.package_identification:_identify(build) ignored
[0.162s] Level 1:colcon.colcon_core.package_identification:_identify(install) by extensions ['ignore', 'ignore_ament_install']
[0.162s] Level 1:colcon.colcon_core.package_identification:_identify(install) by extension 'ignore'
[0.162s] Level 1:colcon.colcon_core.package_identification:_identify(install) ignored
[0.162s] Level 1:colcon.colcon_core.package_identification:_identify(log) by extensions ['ignore', 'ignore_ament_install']
[0.162s] Level 1:colcon.colcon_core.package_identification:_identify(log) by extension 'ignore'
[0.162s] Level 1:colcon.colcon_core.package_identification:_identify(log) ignored
[0.162s] Level 1:colcon.colcon_core.package_identification:_identify(src) by extensions ['ignore', 'ignore_ament_install']
[0.162s] Level 1:colcon.colcon_core.package_identification:_identify(src) by extension 'ignore'
[0.162s] Level 1:colcon.colcon_core.package_identification:_identify(src) by extension 'ignore_ament_install'
[0.162s] Level 1:colcon.colcon_core.package_identification:_identify(src) by extensions ['colcon_pkg']
[0.162s] Level 1:colcon.colcon_core.package_identification:_identify(src) by extension 'colcon_pkg'
[0.162s] Level 1:colcon.colcon_core.package_identification:_identify(src) by extensions ['colcon_meta']
[0.162s] Level 1:colcon.colcon_core.package_identification:_identify(src) by extension 'colcon_meta'
[0.162s] Level 1:colcon.colcon_core.package_identification:_identify(src) by extensions ['ros']
[0.162s] Level 1:colcon.colcon_core.package_identification:_identify(src) by extension 'ros'
[0.162s] Level 1:colcon.colcon_core.package_identification:_identify(src) by extensions ['cmake', 'python']
[0.162s] Level 1:colcon.colcon_core.package_identification:_identify(src) by extension 'cmake'
[0.162s] Level 1:colcon.colcon_core.package_identification:_identify(src) by extension 'python'
[0.162s] Level 1:colcon.colcon_core.package_identification:_identify(src) by extensions ['python_setup_py']
[0.162s] Level 1:colcon.colcon_core.package_identification:_identify(src) by extension 'python_setup_py'
[0.171s] Level 1:colcon.colcon_core.package_identification:_identify(src/turtlebot3_fake_node) by extensions ['ignore', 'ignore_ament_install']
[0.171s] Level 1:colcon.colcon_core.package_identification:_identify(src/turtlebot3_fake_node) by extension 'ignore'
[0.171s] Level 1:colcon.colcon_core.package_identification:_identify(src/turtlebot3_fake_node) by extension 'ignore_ament_install'
[0.171s] Level 1:colcon.colcon_core.package_identification:_identify(src/turtlebot3_fake_node) by extensions ['colcon_pkg']
[0.171s] Level 1:colcon.colcon_core.package_identification:_identify(src/turtlebot3_fake_node) by extension 'colcon_pkg'
[0.171s] Level 1:colcon.colcon_core.package_identification:_identify(src/turtlebot3_fake_node) by extensions ['colcon_meta']
[0.171s] Level 1:colcon.colcon_core.package_identification:_identify(src/turtlebot3_fake_node) by extension 'colcon_meta'
[0.172s] Level 1:colcon.colcon_core.package_identification:_identify(src/turtlebot3_fake_node) by extensions ['ros']
[0.172s] Level 1:colcon.colcon_core.package_identification:_identify(src/turtlebot3_fake_node) by extension 'ros'
[0.173s] DEBUG:colcon.colcon_core.package_identification:Package 'src/turtlebot3_fake_node' with type 'ros.ament_cmake' and name 'turtlebot3_fake_node'
[0.174s] Level 1:colcon.colcon_core.package_identification:_identify(src/turtlebot3_gazebo) by extensions ['ignore', 'ignore_ament_install']
[0.174s] Level 1:colcon.colcon_core.package_identification:_identify(src/turtlebot3_gazebo) by extension 'ignore'
[0.174s] Level 1:colcon.colcon_core.package_identification:_identify(src/turtlebot3_gazebo) by extension 'ignore_ament_install'
[0.174s] Level 1:colcon.colcon_core.package_identification:_identify(src/turtlebot3_gazebo) by extensions ['colcon_pkg']
[0.174s] Level 1:colcon.colcon_core.package_identification:_identify(src/turtlebot3_gazebo) by extension 'colcon_pkg'
[0.174s] Level 1:colcon.colcon_core.package_identification:_identify(src/turtlebot3_gazebo) by extensions ['colcon_meta']
[0.174s] Level 1:colcon.colcon_core.package_identification:_identify(src/turtlebot3_gazebo) by extension 'colcon_meta'
[0.174s] Level 1:colcon.colcon_core.package_identification:_identify(src/turtlebot3_gazebo) by extensions ['ros']
[0.174s] Level 1:colcon.colcon_core.package_identification:_identify(src/turtlebot3_gazebo) by extension 'ros'
[0.175s] DEBUG:colcon.colcon_core.package_identification:Package 'src/turtlebot3_gazebo' with type 'ros.ament_cmake' and name 'turtlebot3_gazebo'
[0.175s] Level 1:colcon.colcon_core.package_identification:_identify(src/turtlebot3_simulations) by extensions ['ignore', 'ignore_ament_install']
[0.175s] Level 1:colcon.colcon_core.package_identification:_identify(src/turtlebot3_simulations) by extension 'ignore'
[0.175s] Level 1:colcon.colcon_core.package_identification:_identify(src/turtlebot3_simulations) by extension 'ignore_ament_install'
[0.175s] Level 1:colcon.colcon_core.package_identification:_identify(src/turtlebot3_simulations) by extensions ['colcon_pkg']
[0.175s] Level 1:colcon.colcon_core.package_identification:_identify(src/turtlebot3_simulations) by extension 'colcon_pkg'
[0.175s] Level 1:colcon.colcon_core.package_identification:_identify(src/turtlebot3_simulations) by extensions ['colcon_meta']
[0.175s] Level 1:colcon.colcon_core.package_identification:_identify(src/turtlebot3_simulations) by extension 'colcon_meta'
[0.175s] Level 1:colcon.colcon_core.package_identification:_identify(src/turtlebot3_simulations) by extensions ['ros']
[0.175s] Level 1:colcon.colcon_core.package_identification:_identify(src/turtlebot3_simulations) by extension 'ros'
[0.175s] DEBUG:colcon.colcon_core.package_identification:Package 'src/turtlebot3_simulations' with type 'ros.ament_cmake' and name 'turtlebot3_simulations'
[0.176s] Level 1:colcon.colcon_core.package_discovery:discover_packages(recursive) using defaults
[0.176s] Level 1:colcon.colcon_core.package_discovery:discover_packages(ignore) discover
[0.176s] Level 1:colcon.colcon_core.package_discovery:discover_packages(ignore) using defaults
[0.176s] Level 1:colcon.colcon_core.package_discovery:discover_packages(path) discover
[0.176s] Level 1:colcon.colcon_core.package_discovery:discover_packages(path) using defaults
[0.186s] Level 1:colcon.colcon_core.package_discovery:discover_packages(prefix_path) check parameters
[0.186s] Level 1:colcon.colcon_core.package_discovery:discover_packages(prefix_path) discover
[0.187s] WARNING:colcon.colcon_ros.prefix_path.ament:The path '/home/nikhil/Work/ROS/turtlebot3_ws/install/turtlebot3_simulations' in the environment variable AMENT_PREFIX_PATH doesn't exist
[0.187s] WARNING:colcon.colcon_ros.prefix_path.ament:The path '/home/nikhil/Work/ROS/turtlebot3_ws/install/turtlebot3_gazebo' in the environment variable AMENT_PREFIX_PATH doesn't exist
[0.187s] WARNING:colcon.colcon_ros.prefix_path.ament:The path '/home/nikhil/Work/ROS/turtlebot3_ws/install/turtlebot3_fake_node' in the environment variable AMENT_PREFIX_PATH doesn't exist
[0.187s] WARNING:colcon.colcon_ros.prefix_path.catkin:The path '/home/nikhil/Work/ROS/turtlebot3_ws/install/turtlebot3_simulations' in the environment variable CMAKE_PREFIX_PATH doesn't exist
[0.187s] WARNING:colcon.colcon_ros.prefix_path.catkin:The path '/home/nikhil/Work/ROS/turtlebot3_ws/install/turtlebot3_gazebo' in the environment variable CMAKE_PREFIX_PATH doesn't exist
[0.187s] WARNING:colcon.colcon_ros.prefix_path.catkin:The path '/home/nikhil/Work/ROS/turtlebot3_ws/install/turtlebot3_fake_node' in the environment variable CMAKE_PREFIX_PATH doesn't exist
[0.187s] DEBUG:colcon.colcon_installed_package_information.package_discovery:Found 0 installed packages in /home/nikhil/Work/ROS/turtlebot3_ws/install
[0.187s] DEBUG:colcon.colcon_installed_package_information.package_discovery:Found 2 installed packages in /home/nikhil/Work/ROS/ros2_ws_1/install
[0.188s] DEBUG:colcon.colcon_installed_package_information.package_discovery:Found 5 installed packages in /home/nikhil/Work/ROS/ros2_ws/install
[0.188s] DEBUG:colcon.colcon_installed_package_information.package_discovery:Found 388 installed packages in /opt/ros/humble
[0.190s] Level 1:colcon.colcon_core.package_discovery:discover_packages(prefix_path) using defaults
[0.212s] Level 5:colcon.colcon_core.verb:set package 'turtlebot3_fake_node' build argument 'cmake_args' from command line to 'None'
[0.212s] Level 5:colcon.colcon_core.verb:set package 'turtlebot3_fake_node' build argument 'cmake_target' from command line to 'None'
[0.212s] Level 5:colcon.colcon_core.verb:set package 'turtlebot3_fake_node' build argument 'cmake_target_skip_unavailable' from command line to 'False'
[0.212s] Level 5:colcon.colcon_core.verb:set package 'turtlebot3_fake_node' build argument 'cmake_clean_cache' from command line to 'False'
[0.212s] Level 5:colcon.colcon_core.verb:set package 'turtlebot3_fake_node' build argument 'cmake_clean_first' from command line to 'False'
[0.212s] Level 5:colcon.colcon_core.verb:set package 'turtlebot3_fake_node' build argument 'cmake_force_configure' from command line to 'False'
[0.212s] Level 5:colcon.colcon_core.verb:set package 'turtlebot3_fake_node' build argument 'ament_cmake_args' from command line to 'None'
[0.212s] Level 5:colcon.colcon_core.verb:set package 'turtlebot3_fake_node' build argument 'catkin_cmake_args' from command line to 'None'
[0.212s] Level 5:colcon.colcon_core.verb:set package 'turtlebot3_fake_node' build argument 'catkin_skip_building_tests' from command line to 'False'
[0.212s] DEBUG:colcon.colcon_core.verb:Building package 'turtlebot3_fake_node' with the following arguments: {'ament_cmake_args': None, 'build_base': '/home/nikhil/Work/ROS/turtlebot3_ws/build/turtlebot3_fake_node', 'catkin_cmake_args': None, 'catkin_skip_building_tests': False, 'cmake_args': None, 'cmake_clean_cache': False, 'cmake_clean_first': False, 'cmake_force_configure': False, 'cmake_target': None, 'cmake_target_skip_unavailable': False, 'install_base': '/home/nikhil/Work/ROS/turtlebot3_ws/install/turtlebot3_fake_node', 'merge_install': False, 'path': '/home/nikhil/Work/ROS/turtlebot3_ws/src/turtlebot3_fake_node', 'symlink_install': False, 'test_result_base': None}
[0.212s] Level 5:colcon.colcon_core.verb:set package 'turtlebot3_gazebo' build argument 'cmake_args' from command line to 'None'
[0.212s] Level 5:colcon.colcon_core.verb:set package 'turtlebot3_gazebo' build argument 'cmake_target' from command line to 'None'
[0.212s] Level 5:colcon.colcon_core.verb:set package 'turtlebot3_gazebo' build argument 'cmake_target_skip_unavailable' from command line to 'False'
[0.212s] Level 5:colcon.colcon_core.verb:set package 'turtlebot3_gazebo' build argument 'cmake_clean_cache' from command line to 'False'
[0.212s] Level 5:colcon.colcon_core.verb:set package 'turtlebot3_gazebo' build argument 'cmake_clean_first' from command line to 'False'
[0.212s] Level 5:colcon.colcon_core.verb:set package 'turtlebot3_gazebo' build argument 'cmake_force_configure' from command line to 'False'
[0.212s] Level 5:colcon.colcon_core.verb:set package 'turtlebot3_gazebo' build argument 'ament_cmake_args' from command line to 'None'
[0.212s] Level 5:colcon.colcon_core.verb:set package 'turtlebot3_gazebo' build argument 'catkin_cmake_args' from command line to 'None'
[0.212s] Level 5:colcon.colcon_core.verb:set package 'turtlebot3_gazebo' build argument 'catkin_skip_building_tests' from command line to 'False'
[0.212s] DEBUG:colcon.colcon_core.verb:Building package 'turtlebot3_gazebo' with the following arguments: {'ament_cmake_args': None, 'build_base': '/home/nikhil/Work/ROS/turtlebot3_ws/build/turtlebot3_gazebo', 'catkin_cmake_args': None, 'catkin_skip_building_tests': False, 'cmake_args': None, 'cmake_clean_cache': False, 'cmake_clean_first': False, 'cmake_force_configure': False, 'cmake_target': None, 'cmake_target_skip_unavailable': False, 'install_base': '/home/nikhil/Work/ROS/turtlebot3_ws/install/turtlebot3_gazebo', 'merge_install': False, 'path': '/home/nikhil/Work/ROS/turtlebot3_ws/src/turtlebot3_gazebo', 'symlink_install': False, 'test_result_base': None}
[0.212s] Level 5:colcon.colcon_core.verb:set package 'turtlebot3_simulations' build argument 'cmake_args' from command line to 'None'
[0.212s] Level 5:colcon.colcon_core.verb:set package 'turtlebot3_simulations' build argument 'cmake_target' from command line to 'None'
[0.212s] Level 5:colcon.colcon_core.verb:set package 'turtlebot3_simulations' build argument 'cmake_target_skip_unavailable' from command line to 'False'
[0.212s] Level 5:colcon.colcon_core.verb:set package 'turtlebot3_simulations' build argument 'cmake_clean_cache' from command line to 'False'
[0.212s] Level 5:colcon.colcon_core.verb:set package 'turtlebot3_simulations' build argument 'cmake_clean_first' from command line to 'False'
[0.212s] Level 5:colcon.colcon_core.verb:set package 'turtlebot3_simulations' build argument 'cmake_force_configure' from command line to 'False'
[0.212s] Level 5:colcon.colcon_core.verb:set package 'turtlebot3_simulations' build argument 'ament_cmake_args' from command line to 'None'
[0.212s] Level 5:colcon.colcon_core.verb:set package 'turtlebot3_simulations' build argument 'catkin_cmake_args' from command line to 'None'
[0.212s] Level 5:colcon.colcon_core.verb:set package 'turtlebot3_simulations' build argument 'catkin_skip_building_tests' from command line to 'False'
[0.212s] DEBUG:colcon.colcon_core.verb:Building package 'turtlebot3_simulations' with the following arguments: {'ament_cmake_args': None, 'build_base': '/home/nikhil/Work/ROS/turtlebot3_ws/build/turtlebot3_simulations', 'catkin_cmake_args': None, 'catkin_skip_building_tests': False, 'cmake_args': None, 'cmake_clean_cache': False, 'cmake_clean_first': False, 'cmake_force_configure': False, 'cmake_target': None, 'cmake_target_skip_unavailable': False, 'install_base': '/home/nikhil/Work/ROS/turtlebot3_ws/install/turtlebot3_simulations', 'merge_install': False, 'path': '/home/nikhil/Work/ROS/turtlebot3_ws/src/turtlebot3_simulations', 'symlink_install': False, 'test_result_base': None}
[0.212s] INFO:colcon.colcon_core.executor:Executing jobs using 'parallel' executor
[0.213s] DEBUG:colcon.colcon_parallel_executor.executor.parallel:run_until_complete
[0.213s] INFO:colcon.colcon_ros.task.ament_cmake.build:Building ROS package in '/home/nikhil/Work/ROS/turtlebot3_ws/src/turtlebot3_fake_node' with build type 'ament_cmake'
[0.214s] INFO:colcon.colcon_cmake.task.cmake.build:Building CMake package in '/home/nikhil/Work/ROS/turtlebot3_ws/src/turtlebot3_fake_node'
[0.214s] INFO:colcon.colcon_core.plugin_system:Skipping extension 'colcon_core.shell.bat': Not used on non-Windows systems
[0.215s] INFO:colcon.colcon_core.shell:Skip shell extension 'powershell' for command environment: Not usable outside of PowerShell
[0.215s] DEBUG:colcon.colcon_core.shell:Skip shell extension 'dsv' for command environment
[0.217s] INFO:colcon.colcon_ros.task.ament_cmake.build:Building ROS package in '/home/nikhil/Work/ROS/turtlebot3_ws/src/turtlebot3_gazebo' with build type 'ament_cmake'
[0.217s] INFO:colcon.colcon_cmake.task.cmake.build:Building CMake package in '/home/nikhil/Work/ROS/turtlebot3_ws/src/turtlebot3_gazebo'
[0.217s] INFO:colcon.colcon_core.shell:Skip shell extension 'powershell' for command environment: Not usable outside of PowerShell
[0.217s] DEBUG:colcon.colcon_core.shell:Skip shell extension 'dsv' for command environment
[0.221s] DEBUG:colcon.colcon_core.event_handler.log_command:Invoking command in '/home/nikhil/Work/ROS/turtlebot3_ws/build/turtlebot3_fake_node': CMAKE_PREFIX_PATH=${CMAKE_PREFIX_PATH}:/home/nikhil/Work/ROS/ros2_ws/install/py_pkg:/opt/ros/humble /usr/bin/cmake /home/nikhil/Work/ROS/turtlebot3_ws/src/turtlebot3_fake_node -DCMAKE_INSTALL_PREFIX=/home/nikhil/Work/ROS/turtlebot3_ws/install/turtlebot3_fake_node
[0.224s] DEBUG:colcon.colcon_core.event_handler.log_command:Invoking command in '/home/nikhil/Work/ROS/turtlebot3_ws/build/turtlebot3_gazebo': CMAKE_PREFIX_PATH=${CMAKE_PREFIX_PATH}:/home/nikhil/Work/ROS/ros2_ws/install/py_pkg:/opt/ros/humble /usr/bin/cmake /home/nikhil/Work/ROS/turtlebot3_ws/src/turtlebot3_gazebo -DCMAKE_INSTALL_PREFIX=/home/nikhil/Work/ROS/turtlebot3_ws/install/turtlebot3_gazebo
[0.952s] DEBUG:colcon.colcon_core.event_handler.log_command:Invoked command in '/home/nikhil/Work/ROS/turtlebot3_ws/build/turtlebot3_fake_node' returned '0': CMAKE_PREFIX_PATH=${CMAKE_PREFIX_PATH}:/home/nikhil/Work/ROS/ros2_ws/install/py_pkg:/opt/ros/humble /usr/bin/cmake /home/nikhil/Work/ROS/turtlebot3_ws/src/turtlebot3_fake_node -DCMAKE_INSTALL_PREFIX=/home/nikhil/Work/ROS/turtlebot3_ws/install/turtlebot3_fake_node
[0.953s] DEBUG:colcon.colcon_core.event_handler.log_command:Invoking command in '/home/nikhil/Work/ROS/turtlebot3_ws/build/turtlebot3_fake_node': CMAKE_PREFIX_PATH=${CMAKE_PREFIX_PATH}:/home/nikhil/Work/ROS/ros2_ws/install/py_pkg:/opt/ros/humble /usr/bin/cmake --build /home/nikhil/Work/ROS/turtlebot3_ws/build/turtlebot3_fake_node -- -j20 -l20
[1.606s] DEBUG:colcon.colcon_core.event_handler.log_command:Invoked command in '/home/nikhil/Work/ROS/turtlebot3_ws/build/turtlebot3_gazebo' returned '0': CMAKE_PREFIX_PATH=${CMAKE_PREFIX_PATH}:/home/nikhil/Work/ROS/ros2_ws/install/py_pkg:/opt/ros/humble /usr/bin/cmake /home/nikhil/Work/ROS/turtlebot3_ws/src/turtlebot3_gazebo -DCMAKE_INSTALL_PREFIX=/home/nikhil/Work/ROS/turtlebot3_ws/install/turtlebot3_gazebo
[1.607s] DEBUG:colcon.colcon_core.event_handler.log_command:Invoking command in '/home/nikhil/Work/ROS/turtlebot3_ws/build/turtlebot3_gazebo': CMAKE_PREFIX_PATH=${CMAKE_PREFIX_PATH}:/home/nikhil/Work/ROS/ros2_ws/install/py_pkg:/opt/ros/humble /usr/bin/cmake --build /home/nikhil/Work/ROS/turtlebot3_ws/build/turtlebot3_gazebo -- -j20 -l20
[6.855s] DEBUG:colcon.colcon_core.event_handler.log_command:Invoked command in '/home/nikhil/Work/ROS/turtlebot3_ws/build/turtlebot3_fake_node' returned '0': CMAKE_PREFIX_PATH=${CMAKE_PREFIX_PATH}:/home/nikhil/Work/ROS/ros2_ws/install/py_pkg:/opt/ros/humble /usr/bin/cmake --build /home/nikhil/Work/ROS/turtlebot3_ws/build/turtlebot3_fake_node -- -j20 -l20
[6.864s] DEBUG:colcon.colcon_core.event_handler.log_command:Invoking command in '/home/nikhil/Work/ROS/turtlebot3_ws/build/turtlebot3_fake_node': CMAKE_PREFIX_PATH=${CMAKE_PREFIX_PATH}:/home/nikhil/Work/ROS/ros2_ws/install/py_pkg:/opt/ros/humble /usr/bin/cmake --install /home/nikhil/Work/ROS/turtlebot3_ws/build/turtlebot3_fake_node
[6.880s] Level 1:colcon.colcon_core.environment:create_environment_scripts_only(turtlebot3_fake_node)
[6.880s] DEBUG:colcon.colcon_core.event_handler.log_command:Invoked command in '/home/nikhil/Work/ROS/turtlebot3_ws/build/turtlebot3_fake_node' returned '0': CMAKE_PREFIX_PATH=${CMAKE_PREFIX_PATH}:/home/nikhil/Work/ROS/ros2_ws/install/py_pkg:/opt/ros/humble /usr/bin/cmake --install /home/nikhil/Work/ROS/turtlebot3_ws/build/turtlebot3_fake_node
[6.882s] Level 1:colcon.colcon_core.environment:checking '/home/nikhil/Work/ROS/turtlebot3_ws/install/turtlebot3_fake_node' for CMake module files
[6.882s] Level 1:colcon.colcon_core.environment:checking '/home/nikhil/Work/ROS/turtlebot3_ws/install/turtlebot3_fake_node' for CMake config files
[6.882s] Level 1:colcon.colcon_core.shell:create_environment_hook('turtlebot3_fake_node', 'cmake_prefix_path')
[6.882s] INFO:colcon.colcon_core.shell:Creating environment hook '/home/nikhil/Work/ROS/turtlebot3_ws/install/turtlebot3_fake_node/share/turtlebot3_fake_node/hook/cmake_prefix_path.ps1'
[6.883s] INFO:colcon.colcon_core.shell:Creating environment descriptor '/home/nikhil/Work/ROS/turtlebot3_ws/install/turtlebot3_fake_node/share/turtlebot3_fake_node/hook/cmake_prefix_path.dsv'
[6.883s] INFO:colcon.colcon_core.shell:Creating environment hook '/home/nikhil/Work/ROS/turtlebot3_ws/install/turtlebot3_fake_node/share/turtlebot3_fake_node/hook/cmake_prefix_path.sh'
[6.883s] Level 1:colcon.colcon_core.environment:checking '/home/nikhil/Work/ROS/turtlebot3_ws/install/turtlebot3_fake_node/lib'
[6.883s] Level 1:colcon.colcon_core.environment:checking '/home/nikhil/Work/ROS/turtlebot3_ws/install/turtlebot3_fake_node/bin'
[6.883s] Level 1:colcon.colcon_core.environment:checking '/home/nikhil/Work/ROS/turtlebot3_ws/install/turtlebot3_fake_node/lib/pkgconfig/turtlebot3_fake_node.pc'
[6.884s] Level 1:colcon.colcon_core.environment:checking '/home/nikhil/Work/ROS/turtlebot3_ws/install/turtlebot3_fake_node/lib/python3.10/site-packages'
[6.884s] Level 1:colcon.colcon_core.environment:checking '/home/nikhil/Work/ROS/turtlebot3_ws/install/turtlebot3_fake_node/bin'
[6.884s] INFO:colcon.colcon_core.shell:Creating package script '/home/nikhil/Work/ROS/turtlebot3_ws/install/turtlebot3_fake_node/share/turtlebot3_fake_node/package.ps1'
[6.884s] INFO:colcon.colcon_core.shell:Creating package descriptor '/home/nikhil/Work/ROS/turtlebot3_ws/install/turtlebot3_fake_node/share/turtlebot3_fake_node/package.dsv'
[6.884s] INFO:colcon.colcon_core.shell:Creating package script '/home/nikhil/Work/ROS/turtlebot3_ws/install/turtlebot3_fake_node/share/turtlebot3_fake_node/package.sh'
[6.885s] INFO:colcon.colcon_core.shell:Creating package script '/home/nikhil/Work/ROS/turtlebot3_ws/install/turtlebot3_fake_node/share/turtlebot3_fake_node/package.bash'
[6.885s] INFO:colcon.colcon_core.shell:Creating package script '/home/nikhil/Work/ROS/turtlebot3_ws/install/turtlebot3_fake_node/share/turtlebot3_fake_node/package.zsh'
[6.886s] Level 1:colcon.colcon_core.environment:create_file_with_runtime_dependencies(/home/nikhil/Work/ROS/turtlebot3_ws/install/turtlebot3_fake_node/share/colcon-core/packages/turtlebot3_fake_node)
[6.886s] Level 1:colcon.colcon_core.environment:create_environment_scripts_only(turtlebot3_fake_node)
[6.886s] Level 1:colcon.colcon_core.environment:checking '/home/nikhil/Work/ROS/turtlebot3_ws/install/turtlebot3_fake_node' for CMake module files
[6.886s] Level 1:colcon.colcon_core.environment:checking '/home/nikhil/Work/ROS/turtlebot3_ws/install/turtlebot3_fake_node' for CMake config files
[6.886s] Level 1:colcon.colcon_core.shell:create_environment_hook('turtlebot3_fake_node', 'cmake_prefix_path')
[6.887s] INFO:colcon.colcon_core.shell:Creating environment hook '/home/nikhil/Work/ROS/turtlebot3_ws/install/turtlebot3_fake_node/share/turtlebot3_fake_node/hook/cmake_prefix_path.ps1'
[6.887s] INFO:colcon.colcon_core.shell:Creating environment descriptor '/home/nikhil/Work/ROS/turtlebot3_ws/install/turtlebot3_fake_node/share/turtlebot3_fake_node/hook/cmake_prefix_path.dsv'
[6.887s] INFO:colcon.colcon_core.shell:Creating environment hook '/home/nikhil/Work/ROS/turtlebot3_ws/install/turtlebot3_fake_node/share/turtlebot3_fake_node/hook/cmake_prefix_path.sh'
[6.887s] Level 1:colcon.colcon_core.environment:checking '/home/nikhil/Work/ROS/turtlebot3_ws/install/turtlebot3_fake_node/lib'
[6.887s] Level 1:colcon.colcon_core.environment:checking '/home/nikhil/Work/ROS/turtlebot3_ws/install/turtlebot3_fake_node/bin'
[6.887s] Level 1:colcon.colcon_core.environment:checking '/home/nikhil/Work/ROS/turtlebot3_ws/install/turtlebot3_fake_node/lib/pkgconfig/turtlebot3_fake_node.pc'
[6.887s] Level 1:colcon.colcon_core.environment:checking '/home/nikhil/Work/ROS/turtlebot3_ws/install/turtlebot3_fake_node/lib/python3.10/site-packages'
[6.888s] Level 1:colcon.colcon_core.environment:checking '/home/nikhil/Work/ROS/turtlebot3_ws/install/turtlebot3_fake_node/bin'
[6.888s] INFO:colcon.colcon_core.shell:Creating package script '/home/nikhil/Work/ROS/turtlebot3_ws/install/turtlebot3_fake_node/share/turtlebot3_fake_node/package.ps1'
[6.888s] INFO:colcon.colcon_core.shell:Creating package descriptor '/home/nikhil/Work/ROS/turtlebot3_ws/install/turtlebot3_fake_node/share/turtlebot3_fake_node/package.dsv'
[6.888s] INFO:colcon.colcon_core.shell:Creating package script '/home/nikhil/Work/ROS/turtlebot3_ws/install/turtlebot3_fake_node/share/turtlebot3_fake_node/package.sh'
[6.888s] INFO:colcon.colcon_core.shell:Creating package script '/home/nikhil/Work/ROS/turtlebot3_ws/install/turtlebot3_fake_node/share/turtlebot3_fake_node/package.bash'
[6.889s] INFO:colcon.colcon_core.shell:Creating package script '/home/nikhil/Work/ROS/turtlebot3_ws/install/turtlebot3_fake_node/share/turtlebot3_fake_node/package.zsh'
[6.889s] Level 1:colcon.colcon_core.environment:create_file_with_runtime_dependencies(/home/nikhil/Work/ROS/turtlebot3_ws/install/turtlebot3_fake_node/share/colcon-core/packages/turtlebot3_fake_node)
[8.802s] DEBUG:colcon.colcon_core.event_handler.log_command:Invoked command in '/home/nikhil/Work/ROS/turtlebot3_ws/build/turtlebot3_gazebo' returned '0': CMAKE_PREFIX_PATH=${CMAKE_PREFIX_PATH}:/home/nikhil/Work/ROS/ros2_ws/install/py_pkg:/opt/ros/humble /usr/bin/cmake --build /home/nikhil/Work/ROS/turtlebot3_ws/build/turtlebot3_gazebo -- -j20 -l20
[8.803s] DEBUG:colcon.colcon_core.event_handler.log_command:Invoking command in '/home/nikhil/Work/ROS/turtlebot3_ws/build/turtlebot3_gazebo': CMAKE_PREFIX_PATH=${CMAKE_PREFIX_PATH}:/home/nikhil/Work/ROS/ros2_ws/install/py_pkg:/opt/ros/humble /usr/bin/cmake --install /home/nikhil/Work/ROS/turtlebot3_ws/build/turtlebot3_gazebo
[8.827s] Level 1:colcon.colcon_core.environment:create_environment_scripts_only(turtlebot3_gazebo)
[8.828s] Level 1:colcon.colcon_core.environment:checking '/home/nikhil/Work/ROS/turtlebot3_ws/install/turtlebot3_gazebo' for CMake module files
[8.828s] DEBUG:colcon.colcon_core.event_handler.log_command:Invoked command in '/home/nikhil/Work/ROS/turtlebot3_ws/build/turtlebot3_gazebo' returned '0': CMAKE_PREFIX_PATH=${CMAKE_PREFIX_PATH}:/home/nikhil/Work/ROS/ros2_ws/install/py_pkg:/opt/ros/humble /usr/bin/cmake --install /home/nikhil/Work/ROS/turtlebot3_ws/build/turtlebot3_gazebo
[8.828s] Level 1:colcon.colcon_core.environment:checking '/home/nikhil/Work/ROS/turtlebot3_ws/install/turtlebot3_gazebo' for CMake config files
[8.828s] Level 1:colcon.colcon_core.shell:create_environment_hook('turtlebot3_gazebo', 'cmake_prefix_path')
[8.829s] INFO:colcon.colcon_core.shell:Creating environment hook '/home/nikhil/Work/ROS/turtlebot3_ws/install/turtlebot3_gazebo/share/turtlebot3_gazebo/hook/cmake_prefix_path.ps1'
[8.829s] INFO:colcon.colcon_core.shell:Creating environment descriptor '/home/nikhil/Work/ROS/turtlebot3_ws/install/turtlebot3_gazebo/share/turtlebot3_gazebo/hook/cmake_prefix_path.dsv'
[8.829s] INFO:colcon.colcon_core.shell:Creating environment hook '/home/nikhil/Work/ROS/turtlebot3_ws/install/turtlebot3_gazebo/share/turtlebot3_gazebo/hook/cmake_prefix_path.sh'
[8.830s] Level 1:colcon.colcon_core.environment:checking '/home/nikhil/Work/ROS/turtlebot3_ws/install/turtlebot3_gazebo/lib'
[8.830s] Level 1:colcon.colcon_core.environment:checking '/home/nikhil/Work/ROS/turtlebot3_ws/install/turtlebot3_gazebo/bin'
[8.830s] Level 1:colcon.colcon_core.environment:checking '/home/nikhil/Work/ROS/turtlebot3_ws/install/turtlebot3_gazebo/lib/pkgconfig/turtlebot3_gazebo.pc'
[8.830s] Level 1:colcon.colcon_core.environment:checking '/home/nikhil/Work/ROS/turtlebot3_ws/install/turtlebot3_gazebo/lib/python3.10/site-packages'
[8.830s] Level 1:colcon.colcon_core.environment:checking '/home/nikhil/Work/ROS/turtlebot3_ws/install/turtlebot3_gazebo/bin'
[8.831s] INFO:colcon.colcon_core.shell:Creating package script '/home/nikhil/Work/ROS/turtlebot3_ws/install/turtlebot3_gazebo/share/turtlebot3_gazebo/package.ps1'
[8.831s] INFO:colcon.colcon_core.shell:Creating package descriptor '/home/nikhil/Work/ROS/turtlebot3_ws/install/turtlebot3_gazebo/share/turtlebot3_gazebo/package.dsv'
[8.831s] INFO:colcon.colcon_core.shell:Creating package script '/home/nikhil/Work/ROS/turtlebot3_ws/install/turtlebot3_gazebo/share/turtlebot3_gazebo/package.sh'
[8.832s] INFO:colcon.colcon_core.shell:Creating package script '/home/nikhil/Work/ROS/turtlebot3_ws/install/turtlebot3_gazebo/share/turtlebot3_gazebo/package.bash'
[8.832s] INFO:colcon.colcon_core.shell:Creating package script '/home/nikhil/Work/ROS/turtlebot3_ws/install/turtlebot3_gazebo/share/turtlebot3_gazebo/package.zsh'
[8.832s] Level 1:colcon.colcon_core.environment:create_file_with_runtime_dependencies(/home/nikhil/Work/ROS/turtlebot3_ws/install/turtlebot3_gazebo/share/colcon-core/packages/turtlebot3_gazebo)
[8.833s] Level 1:colcon.colcon_core.environment:create_environment_scripts_only(turtlebot3_gazebo)
[8.833s] Level 1:colcon.colcon_core.environment:checking '/home/nikhil/Work/ROS/turtlebot3_ws/install/turtlebot3_gazebo' for CMake module files
[8.834s] Level 1:colcon.colcon_core.environment:checking '/home/nikhil/Work/ROS/turtlebot3_ws/install/turtlebot3_gazebo' for CMake config files
[8.834s] Level 1:colcon.colcon_core.shell:create_environment_hook('turtlebot3_gazebo', 'cmake_prefix_path')
[8.834s] INFO:colcon.colcon_core.shell:Creating environment hook '/home/nikhil/Work/ROS/turtlebot3_ws/install/turtlebot3_gazebo/share/turtlebot3_gazebo/hook/cmake_prefix_path.ps1'
[8.834s] INFO:colcon.colcon_core.shell:Creating environment descriptor '/home/nikhil/Work/ROS/turtlebot3_ws/install/turtlebot3_gazebo/share/turtlebot3_gazebo/hook/cmake_prefix_path.dsv'
[8.834s] INFO:colcon.colcon_core.shell:Creating environment hook '/home/nikhil/Work/ROS/turtlebot3_ws/install/turtlebot3_gazebo/share/turtlebot3_gazebo/hook/cmake_prefix_path.sh'
[8.834s] Level 1:colcon.colcon_core.environment:checking '/home/nikhil/Work/ROS/turtlebot3_ws/install/turtlebot3_gazebo/lib'
[8.835s] Level 1:colcon.colcon_core.environment:checking '/home/nikhil/Work/ROS/turtlebot3_ws/install/turtlebot3_gazebo/bin'
[8.835s] Level 1:colcon.colcon_core.environment:checking '/home/nikhil/Work/ROS/turtlebot3_ws/install/turtlebot3_gazebo/lib/pkgconfig/turtlebot3_gazebo.pc'
[8.835s] Level 1:colcon.colcon_core.environment:checking '/home/nikhil/Work/ROS/turtlebot3_ws/install/turtlebot3_gazebo/lib/python3.10/site-packages'
[8.835s] Level 1:colcon.colcon_core.environment:checking '/home/nikhil/Work/ROS/turtlebot3_ws/install/turtlebot3_gazebo/bin'
[8.835s] INFO:colcon.colcon_core.shell:Creating package script '/home/nikhil/Work/ROS/turtlebot3_ws/install/turtlebot3_gazebo/share/turtlebot3_gazebo/package.ps1'
[8.835s] INFO:colcon.colcon_core.shell:Creating package descriptor '/home/nikhil/Work/ROS/turtlebot3_ws/install/turtlebot3_gazebo/share/turtlebot3_gazebo/package.dsv'
[8.835s] INFO:colcon.colcon_core.shell:Creating package script '/home/nikhil/Work/ROS/turtlebot3_ws/install/turtlebot3_gazebo/share/turtlebot3_gazebo/package.sh'
[8.836s] INFO:colcon.colcon_core.shell:Creating package script '/home/nikhil/Work/ROS/turtlebot3_ws/install/turtlebot3_gazebo/share/turtlebot3_gazebo/package.bash'
[8.836s] INFO:colcon.colcon_core.shell:Creating package script '/home/nikhil/Work/ROS/turtlebot3_ws/install/turtlebot3_gazebo/share/turtlebot3_gazebo/package.zsh'
[8.836s] Level 1:colcon.colcon_core.environment:create_file_with_runtime_dependencies(/home/nikhil/Work/ROS/turtlebot3_ws/install/turtlebot3_gazebo/share/colcon-core/packages/turtlebot3_gazebo)
[8.836s] INFO:colcon.colcon_ros.task.ament_cmake.build:Building ROS package in '/home/nikhil/Work/ROS/turtlebot3_ws/src/turtlebot3_simulations' with build type 'ament_cmake'
[8.836s] INFO:colcon.colcon_cmake.task.cmake.build:Building CMake package in '/home/nikhil/Work/ROS/turtlebot3_ws/src/turtlebot3_simulations'
[8.836s] INFO:colcon.colcon_core.shell:Skip shell extension 'powershell' for command environment: Not usable outside of PowerShell
[8.836s] DEBUG:colcon.colcon_core.shell:Skip shell extension 'dsv' for command environment
[8.842s] DEBUG:colcon.colcon_core.event_handler.log_command:Invoking command in '/home/nikhil/Work/ROS/turtlebot3_ws/build/turtlebot3_simulations': CMAKE_PREFIX_PATH=/home/nikhil/Work/ROS/turtlebot3_ws/install/turtlebot3_gazebo:/home/nikhil/Work/ROS/turtlebot3_ws/install/turtlebot3_fake_node:/home/nikhil/Work/ROS/turtlebot3_ws/install/turtlebot3_simulations:/home/nikhil/Work/ROS/ros2_ws_1/install/mera_robot_bringup:/home/nikhil/Work/ROS/ros2_ws_1/install/my_robot_description:/home/nikhil/Work/ROS/ros2_ws/install/my_robot_bringup:/home/nikhil/Work/ROS/ros2_ws/install/cpp_pkg:/home/nikhil/Work/ROS/ros2_ws/install/course_activities:/home/nikhil/Work/ROS/ros2_ws/install/my_robot_interfaces:/home/nikhil/Work/ROS/ros2_ws/install/py_pkg:/opt/ros/humble /usr/bin/cmake /home/nikhil/Work/ROS/turtlebot3_ws/src/turtlebot3_simulations -DCMAKE_INSTALL_PREFIX=/home/nikhil/Work/ROS/turtlebot3_ws/install/turtlebot3_simulations
[9.274s] DEBUG:colcon.colcon_core.event_handler.log_command:Invoked command in '/home/nikhil/Work/ROS/turtlebot3_ws/build/turtlebot3_simulations' returned '0': CMAKE_PREFIX_PATH=/home/nikhil/Work/ROS/turtlebot3_ws/install/turtlebot3_gazebo:/home/nikhil/Work/ROS/turtlebot3_ws/install/turtlebot3_fake_node:/home/nikhil/Work/ROS/turtlebot3_ws/install/turtlebot3_simulations:/home/nikhil/Work/ROS/ros2_ws_1/install/mera_robot_bringup:/home/nikhil/Work/ROS/ros2_ws_1/install/my_robot_description:/home/nikhil/Work/ROS/ros2_ws/install/my_robot_bringup:/home/nikhil/Work/ROS/ros2_ws/install/cpp_pkg:/home/nikhil/Work/ROS/ros2_ws/install/course_activities:/home/nikhil/Work/ROS/ros2_ws/install/my_robot_interfaces:/home/nikhil/Work/ROS/ros2_ws/install/py_pkg:/opt/ros/humble /usr/bin/cmake /home/nikhil/Work/ROS/turtlebot3_ws/src/turtlebot3_simulations -DCMAKE_INSTALL_PREFIX=/home/nikhil/Work/ROS/turtlebot3_ws/install/turtlebot3_simulations
[9.274s] DEBUG:colcon.colcon_core.event_handler.log_command:Invoking command in '/home/nikhil/Work/ROS/turtlebot3_ws/build/turtlebot3_simulations': CMAKE_PREFIX_PATH=/home/nikhil/Work/ROS/turtlebot3_ws/install/turtlebot3_gazebo:/home/nikhil/Work/ROS/turtlebot3_ws/install/turtlebot3_fake_node:/home/nikhil/Work/ROS/turtlebot3_ws/install/turtlebot3_simulations:/home/nikhil/Work/ROS/ros2_ws_1/install/mera_robot_bringup:/home/nikhil/Work/ROS/ros2_ws_1/install/my_robot_description:/home/nikhil/Work/ROS/ros2_ws/install/my_robot_bringup:/home/nikhil/Work/ROS/ros2_ws/install/cpp_pkg:/home/nikhil/Work/ROS/ros2_ws/install/course_activities:/home/nikhil/Work/ROS/ros2_ws/install/my_robot_interfaces:/home/nikhil/Work/ROS/ros2_ws/install/py_pkg:/opt/ros/humble /usr/bin/cmake --build /home/nikhil/Work/ROS/turtlebot3_ws/build/turtlebot3_simulations -- -j20 -l20
[9.301s] DEBUG:colcon.colcon_core.event_handler.log_command:Invoked command in '/home/nikhil/Work/ROS/turtlebot3_ws/build/turtlebot3_simulations' returned '0': CMAKE_PREFIX_PATH=/home/nikhil/Work/ROS/turtlebot3_ws/install/turtlebot3_gazebo:/home/nikhil/Work/ROS/turtlebot3_ws/install/turtlebot3_fake_node:/home/nikhil/Work/ROS/turtlebot3_ws/install/turtlebot3_simulations:/home/nikhil/Work/ROS/ros2_ws_1/install/mera_robot_bringup:/home/nikhil/Work/ROS/ros2_ws_1/install/my_robot_description:/home/nikhil/Work/ROS/ros2_ws/install/my_robot_bringup:/home/nikhil/Work/ROS/ros2_ws/install/cpp_pkg:/home/nikhil/Work/ROS/ros2_ws/install/course_activities:/home/nikhil/Work/ROS/ros2_ws/install/my_robot_interfaces:/home/nikhil/Work/ROS/ros2_ws/install/py_pkg:/opt/ros/humble /usr/bin/cmake --build /home/nikhil/Work/ROS/turtlebot3_ws/build/turtlebot3_simulations -- -j20 -l20
[9.303s] DEBUG:colcon.colcon_core.event_handler.log_command:Invoking command in '/home/nikhil/Work/ROS/turtlebot3_ws/build/turtlebot3_simulations': CMAKE_PREFIX_PATH=/home/nikhil/Work/ROS/turtlebot3_ws/install/turtlebot3_gazebo:/home/nikhil/Work/ROS/turtlebot3_ws/install/turtlebot3_fake_node:/home/nikhil/Work/ROS/turtlebot3_ws/install/turtlebot3_simulations:/home/nikhil/Work/ROS/ros2_ws_1/install/mera_robot_bringup:/home/nikhil/Work/ROS/ros2_ws_1/install/my_robot_description:/home/nikhil/Work/ROS/ros2_ws/install/my_robot_bringup:/home/nikhil/Work/ROS/ros2_ws/install/cpp_pkg:/home/nikhil/Work/ROS/ros2_ws/install/course_activities:/home/nikhil/Work/ROS/ros2_ws/install/my_robot_interfaces:/home/nikhil/Work/ROS/ros2_ws/install/py_pkg:/opt/ros/humble /usr/bin/cmake --install /home/nikhil/Work/ROS/turtlebot3_ws/build/turtlebot3_simulations
[9.312s] Level 1:colcon.colcon_core.environment:create_environment_scripts_only(turtlebot3_simulations)
[9.312s] DEBUG:colcon.colcon_core.event_handler.log_command:Invoked command in '/home/nikhil/Work/ROS/turtlebot3_ws/build/turtlebot3_simulations' returned '0': CMAKE_PREFIX_PATH=/home/nikhil/Work/ROS/turtlebot3_ws/install/turtlebot3_gazebo:/home/nikhil/Work/ROS/turtlebot3_ws/install/turtlebot3_fake_node:/home/nikhil/Work/ROS/turtlebot3_ws/install/turtlebot3_simulations:/home/nikhil/Work/ROS/ros2_ws_1/install/mera_robot_bringup:/home/nikhil/Work/ROS/ros2_ws_1/install/my_robot_description:/home/nikhil/Work/ROS/ros2_ws/install/my_robot_bringup:/home/nikhil/Work/ROS/ros2_ws/install/cpp_pkg:/home/nikhil/Work/ROS/ros2_ws/install/course_activities:/home/nikhil/Work/ROS/ros2_ws/install/my_robot_interfaces:/home/nikhil/Work/ROS/ros2_ws/install/py_pkg:/opt/ros/humble /usr/bin/cmake --install /home/nikhil/Work/ROS/turtlebot3_ws/build/turtlebot3_simulations
[9.313s] Level 1:colcon.colcon_core.environment:checking '/home/nikhil/Work/ROS/turtlebot3_ws/install/turtlebot3_simulations' for CMake module files
[9.313s] Level 1:colcon.colcon_core.environment:checking '/home/nikhil/Work/ROS/turtlebot3_ws/install/turtlebot3_simulations' for CMake config files
[9.313s] Level 1:colcon.colcon_core.shell:create_environment_hook('turtlebot3_simulations', 'cmake_prefix_path')
[9.314s] INFO:colcon.colcon_core.shell:Creating environment hook '/home/nikhil/Work/ROS/turtlebot3_ws/install/turtlebot3_simulations/share/turtlebot3_simulations/hook/cmake_prefix_path.ps1'
[9.314s] INFO:colcon.colcon_core.shell:Creating environment descriptor '/home/nikhil/Work/ROS/turtlebot3_ws/install/turtlebot3_simulations/share/turtlebot3_simulations/hook/cmake_prefix_path.dsv'
[9.314s] INFO:colcon.colcon_core.shell:Creating environment hook '/home/nikhil/Work/ROS/turtlebot3_ws/install/turtlebot3_simulations/share/turtlebot3_simulations/hook/cmake_prefix_path.sh'
[9.315s] Level 1:colcon.colcon_core.environment:checking '/home/nikhil/Work/ROS/turtlebot3_ws/install/turtlebot3_simulations/bin'
[9.315s] Level 1:colcon.colcon_core.environment:checking '/home/nikhil/Work/ROS/turtlebot3_ws/install/turtlebot3_simulations/lib/pkgconfig/turtlebot3_simulations.pc'
[9.315s] Level 1:colcon.colcon_core.environment:checking '/home/nikhil/Work/ROS/turtlebot3_ws/install/turtlebot3_simulations/lib/python3.10/site-packages'
[9.315s] Level 1:colcon.colcon_core.environment:checking '/home/nikhil/Work/ROS/turtlebot3_ws/install/turtlebot3_simulations/bin'
[9.316s] INFO:colcon.colcon_core.shell:Creating package script '/home/nikhil/Work/ROS/turtlebot3_ws/install/turtlebot3_simulations/share/turtlebot3_simulations/package.ps1'
[9.316s] INFO:colcon.colcon_core.shell:Creating package descriptor '/home/nikhil/Work/ROS/turtlebot3_ws/install/turtlebot3_simulations/share/turtlebot3_simulations/package.dsv'
[9.316s] INFO:colcon.colcon_core.shell:Creating package script '/home/nikhil/Work/ROS/turtlebot3_ws/install/turtlebot3_simulations/share/turtlebot3_simulations/package.sh'
[9.317s] INFO:colcon.colcon_core.shell:Creating package script '/home/nikhil/Work/ROS/turtlebot3_ws/install/turtlebot3_simulations/share/turtlebot3_simulations/package.bash'
[9.317s] INFO:colcon.colcon_core.shell:Creating package script '/home/nikhil/Work/ROS/turtlebot3_ws/install/turtlebot3_simulations/share/turtlebot3_simulations/package.zsh'
[9.317s] Level 1:colcon.colcon_core.environment:create_file_with_runtime_dependencies(/home/nikhil/Work/ROS/turtlebot3_ws/install/turtlebot3_simulations/share/colcon-core/packages/turtlebot3_simulations)
[9.318s] Level 1:colcon.colcon_core.environment:create_environment_scripts_only(turtlebot3_simulations)
[9.318s] Level 1:colcon.colcon_core.environment:checking '/home/nikhil/Work/ROS/turtlebot3_ws/install/turtlebot3_simulations' for CMake module files
[9.319s] Level 1:colcon.colcon_core.environment:checking '/home/nikhil/Work/ROS/turtlebot3_ws/install/turtlebot3_simulations' for CMake config files
[9.319s] Level 1:colcon.colcon_core.shell:create_environment_hook('turtlebot3_simulations', 'cmake_prefix_path')
[9.319s] INFO:colcon.colcon_core.shell:Creating environment hook '/home/nikhil/Work/ROS/turtlebot3_ws/install/turtlebot3_simulations/share/turtlebot3_simulations/hook/cmake_prefix_path.ps1'
[9.319s] INFO:colcon.colcon_core.shell:Creating environment descriptor '/home/nikhil/Work/ROS/turtlebot3_ws/install/turtlebot3_simulations/share/turtlebot3_simulations/hook/cmake_prefix_path.dsv'
[9.320s] INFO:colcon.colcon_core.shell:Creating environment hook '/home/nikhil/Work/ROS/turtlebot3_ws/install/turtlebot3_simulations/share/turtlebot3_simulations/hook/cmake_prefix_path.sh'
[9.320s] Level 1:colcon.colcon_core.environment:checking '/home/nikhil/Work/ROS/turtlebot3_ws/install/turtlebot3_simulations/bin'
[9.320s] Level 1:colcon.colcon_core.environment:checking '/home/nikhil/Work/ROS/turtlebot3_ws/install/turtlebot3_simulations/lib/pkgconfig/turtlebot3_simulations.pc'
[9.320s] Level 1:colcon.colcon_core.environment:checking '/home/nikhil/Work/ROS/turtlebot3_ws/install/turtlebot3_simulations/lib/python3.10/site-packages'
[9.320s] Level 1:colcon.colcon_core.environment:checking '/home/nikhil/Work/ROS/turtlebot3_ws/install/turtlebot3_simulations/bin'
[9.321s] INFO:colcon.colcon_core.shell:Creating package script '/home/nikhil/Work/ROS/turtlebot3_ws/install/turtlebot3_simulations/share/turtlebot3_simulations/package.ps1'
[9.321s] INFO:colcon.colcon_core.shell:Creating package descriptor '/home/nikhil/Work/ROS/turtlebot3_ws/install/turtlebot3_simulations/share/turtlebot3_simulations/package.dsv'
[9.321s] INFO:colcon.colcon_core.shell:Creating package script '/home/nikhil/Work/ROS/turtlebot3_ws/install/turtlebot3_simulations/share/turtlebot3_simulations/package.sh'
[9.322s] INFO:colcon.colcon_core.shell:Creating package script '/home/nikhil/Work/ROS/turtlebot3_ws/install/turtlebot3_simulations/share/turtlebot3_simulations/package.bash'
[9.322s] INFO:colcon.colcon_core.shell:Creating package script '/home/nikhil/Work/ROS/turtlebot3_ws/install/turtlebot3_simulations/share/turtlebot3_simulations/package.zsh'
[9.322s] Level 1:colcon.colcon_core.environment:create_file_with_runtime_dependencies(/home/nikhil/Work/ROS/turtlebot3_ws/install/turtlebot3_simulations/share/colcon-core/packages/turtlebot3_simulations)
[9.322s] DEBUG:colcon.colcon_parallel_executor.executor.parallel:closing loop
[9.322s] DEBUG:colcon.colcon_parallel_executor.executor.parallel:loop closed
[9.322s] DEBUG:colcon.colcon_parallel_executor.executor.parallel:run_until_complete finished with '0'
[9.322s] DEBUG:colcon.colcon_core.event_reactor:joining thread
[9.325s] INFO:colcon.colcon_core.plugin_system:Skipping extension 'colcon_notification.desktop_notification.terminal_notifier': Not used on non-Darwin systems
[9.325s] INFO:colcon.colcon_core.plugin_system:Skipping extension 'colcon_notification.desktop_notification.win32': Not used on non-Windows systems
[9.326s] INFO:colcon.colcon_notification.desktop_notification:Sending desktop notification using 'notify2'
[9.338s] DEBUG:colcon.colcon_core.event_reactor:joined thread
[9.338s] INFO:colcon.colcon_core.shell:Creating prefix script '/home/nikhil/Work/ROS/turtlebot3_ws/install/local_setup.ps1'
[9.339s] INFO:colcon.colcon_core.shell:Creating prefix util module '/home/nikhil/Work/ROS/turtlebot3_ws/install/_local_setup_util_ps1.py'
[9.341s] INFO:colcon.colcon_core.shell:Creating prefix chain script '/home/nikhil/Work/ROS/turtlebot3_ws/install/setup.ps1'
[9.342s] INFO:colcon.colcon_core.shell:Creating prefix script '/home/nikhil/Work/ROS/turtlebot3_ws/install/local_setup.sh'
[9.342s] INFO:colcon.colcon_core.shell:Creating prefix util module '/home/nikhil/Work/ROS/turtlebot3_ws/install/_local_setup_util_sh.py'
[9.342s] INFO:colcon.colcon_core.shell:Creating prefix chain script '/home/nikhil/Work/ROS/turtlebot3_ws/install/setup.sh'
[9.343s] INFO:colcon.colcon_core.shell:Creating prefix script '/home/nikhil/Work/ROS/turtlebot3_ws/install/local_setup.bash'
[9.344s] INFO:colcon.colcon_core.shell:Creating prefix chain script '/home/nikhil/Work/ROS/turtlebot3_ws/install/setup.bash'
[9.344s] INFO:colcon.colcon_core.shell:Creating prefix script '/home/nikhil/Work/ROS/turtlebot3_ws/install/local_setup.zsh'
[9.345s] INFO:colcon.colcon_core.shell:Creating prefix chain script '/home/nikhil/Work/ROS/turtlebot3_ws/install/setup.zsh'
