[0.174s] Invoking command in '/home/nikhil/Work/ROS/build/motor': CMAKE_PREFIX_PATH=${CMAKE_PREFIX_PATH}:/home/nikhil/Work/ROS/ros2_ws/install/py_pkg:/opt/ros/humble /usr/bin/cmake /home/nikhil/Work/ROS/control_ws/src/motor -DCMAKE_INSTALL_PREFIX=/home/nikhil/Work/ROS/install/motor
[0.220s] -- The C compiler identification is GNU 11.4.0
[0.263s] -- The CXX compiler identification is GNU 11.4.0
[0.269s] -- Detecting C compiler ABI info
[0.322s] -- Detecting C compiler ABI info - done
[0.330s] -- Check for working C compiler: /usr/bin/cc - skipped
[0.330s] -- Detecting C compile features
[0.330s] -- Detecting C compile features - done
[0.334s] -- Detecting CXX compiler ABI info
[0.397s] -- Detecting CXX compiler ABI info - done
[0.406s] -- Check for working CXX compiler: /usr/bin/c++ - skipped
[0.406s] -- Detecting CXX compile features
[0.407s] -- Detecting CXX compile features - done
[0.409s] -- Found ament_cmake: 1.3.11 (/opt/ros/humble/share/ament_cmake/cmake)
[0.523s] -- Found Python3: /usr/bin/python3 (found version "3.10.12") found components: Interpreter 
[0.593s] -- Found ament_lint_auto: 0.12.11 (/opt/ros/humble/share/ament_lint_auto/cmake)
[0.649s] -- Added test 'lint_cmake' to check CMake code style
[0.649s] -- Added test 'xmllint' to check XML markup files
[0.650s] -- Configuring done
[0.651s] -- Generating done
[0.653s] -- Build files have been written to: /home/nikhil/Work/ROS/build/motor
[0.656s] Invoked command in '/home/nikhil/Work/ROS/build/motor' returned '0': CMAKE_PREFIX_PATH=${CMAKE_PREFIX_PATH}:/home/nikhil/Work/ROS/ros2_ws/install/py_pkg:/opt/ros/humble /usr/bin/cmake /home/nikhil/Work/ROS/control_ws/src/motor -DCMAKE_INSTALL_PREFIX=/home/nikhil/Work/ROS/install/motor
[0.657s] Invoking command in '/home/nikhil/Work/ROS/build/motor': CMAKE_PREFIX_PATH=${CMAKE_PREFIX_PATH}:/home/nikhil/Work/ROS/ros2_ws/install/py_pkg:/opt/ros/humble /usr/bin/cmake --build /home/nikhil/Work/ROS/build/motor -- -j20 -l20
[0.691s] Invoked command in '/home/nikhil/Work/ROS/build/motor' returned '0': CMAKE_PREFIX_PATH=${CMAKE_PREFIX_PATH}:/home/nikhil/Work/ROS/ros2_ws/install/py_pkg:/opt/ros/humble /usr/bin/cmake --build /home/nikhil/Work/ROS/build/motor -- -j20 -l20
[0.693s] Invoking command in '/home/nikhil/Work/ROS/build/motor': CMAKE_PREFIX_PATH=${CMAKE_PREFIX_PATH}:/home/nikhil/Work/ROS/ros2_ws/install/py_pkg:/opt/ros/humble /usr/bin/cmake --install /home/nikhil/Work/ROS/build/motor
[0.697s] -- Install configuration: ""
[0.697s] -- Installing: /home/nikhil/Work/ROS/install/motor/share/ament_index/resource_index/package_run_dependencies/motor
[0.697s] -- Installing: /home/nikhil/Work/ROS/install/motor/share/ament_index/resource_index/parent_prefix_path/motor
[0.697s] -- Installing: /home/nikhil/Work/ROS/install/motor/share/motor/environment/ament_prefix_path.sh
[0.697s] -- Installing: /home/nikhil/Work/ROS/install/motor/share/motor/environment/ament_prefix_path.dsv
[0.697s] -- Installing: /home/nikhil/Work/ROS/install/motor/share/motor/environment/path.sh
[0.697s] -- Installing: /home/nikhil/Work/ROS/install/motor/share/motor/environment/path.dsv
[0.697s] -- Installing: /home/nikhil/Work/ROS/install/motor/share/motor/local_setup.bash
[0.697s] -- Installing: /home/nikhil/Work/ROS/install/motor/share/motor/local_setup.sh
[0.697s] -- Installing: /home/nikhil/Work/ROS/install/motor/share/motor/local_setup.zsh
[0.697s] -- Installing: /home/nikhil/Work/ROS/install/motor/share/motor/local_setup.dsv
[0.697s] -- Installing: /home/nikhil/Work/ROS/install/motor/share/motor/package.dsv
[0.697s] -- Installing: /home/nikhil/Work/ROS/install/motor/share/ament_index/resource_index/packages/motor
[0.698s] -- Installing: /home/nikhil/Work/ROS/install/motor/share/motor/cmake/motorConfig.cmake
[0.698s] -- Installing: /home/nikhil/Work/ROS/install/motor/share/motor/cmake/motorConfig-version.cmake
[0.698s] -- Installing: /home/nikhil/Work/ROS/install/motor/share/motor/package.xml
[0.699s] Invoked command in '/home/nikhil/Work/ROS/build/motor' returned '0': CMAKE_PREFIX_PATH=${CMAKE_PREFIX_PATH}:/home/nikhil/Work/ROS/ros2_ws/install/py_pkg:/opt/ros/humble /usr/bin/cmake --install /home/nikhil/Work/ROS/build/motor
