[0.170s] Invoking command in '/home/nikhil/Work/ROS/build/turtlebot3_fake_node': CMAKE_PREFIX_PATH=${CMAKE_PREFIX_PATH}:/home/nikhil/Work/ROS/ros2_ws/install/py_pkg:/opt/ros/humble /usr/bin/cmake /home/nikhil/Work/ROS/turtlebot3_ws/src/turtlebot3_fake_node -DCMAKE_INSTALL_PREFIX=/home/nikhil/Work/ROS/install/turtlebot3_fake_node
[0.206s] -- The C compiler identification is GNU 11.4.0
[0.244s] -- The CXX compiler identification is GNU 11.4.0
[0.249s] -- Detecting C compiler ABI info
[0.300s] -- Detecting C compiler ABI info - done
[0.308s] -- Check for working C compiler: /usr/bin/cc - skipped
[0.308s] -- Detecting C compile features
[0.308s] -- Detecting C compile features - done
[0.312s] -- Detecting CXX compiler ABI info
[0.370s] -- Detecting CXX compiler ABI info - done
[0.378s] -- Check for working CXX compiler: /usr/bin/c++ - skipped
[0.379s] -- Detecting CXX compile features
[0.379s] -- Detecting CXX compile features - done
[0.382s] -- Found ament_cmake: 1.3.11 (/opt/ros/humble/share/ament_cmake/cmake)
[0.513s] -- Found Python3: /usr/bin/python3 (found version "3.10.12") found components: Interpreter 
[0.586s] -- Found geometry_msgs: 4.2.4 (/opt/ros/humble/share/geometry_msgs/cmake)
[0.614s] -- Found rosidl_generator_c: 3.1.6 (/opt/ros/humble/share/rosidl_generator_c/cmake)
[0.617s] -- Found rosidl_adapter: 3.1.6 (/opt/ros/humble/share/rosidl_adapter/cmake)
[0.624s] -- Found rosidl_generator_cpp: 3.1.6 (/opt/ros/humble/share/rosidl_generator_cpp/cmake)
[0.632s] -- Using all available rosidl_typesupport_c: rosidl_typesupport_fastrtps_c;rosidl_typesupport_introspection_c
[0.645s] -- Using all available rosidl_typesupport_cpp: rosidl_typesupport_fastrtps_cpp;rosidl_typesupport_introspection_cpp
[0.671s] -- Found nav_msgs: 4.2.4 (/opt/ros/humble/share/nav_msgs/cmake)
[0.683s] -- Found rclcpp: 16.0.11 (/opt/ros/humble/share/rclcpp/cmake)
[0.711s] -- Found rmw_implementation_cmake: 6.1.2 (/opt/ros/humble/share/rmw_implementation_cmake/cmake)
[0.713s] -- Found rmw_cyclonedds_cpp: 1.3.4 (/opt/ros/humble/share/rmw_cyclonedds_cpp/cmake)
[0.728s] -- Using RMW implementation 'rmw_cyclonedds_cpp' as default
[0.733s] -- Looking for pthread.h
[0.781s] -- Looking for pthread.h - found
[0.782s] -- Performing Test CMAKE_HAVE_LIBC_PTHREAD
[0.835s] -- Performing Test CMAKE_HAVE_LIBC_PTHREAD - Success
[0.835s] -- Found Threads: TRUE  
[0.859s] -- Found sensor_msgs: 4.2.4 (/opt/ros/humble/share/sensor_msgs/cmake)
[0.869s] -- Found tf2: 0.25.11 (/opt/ros/humble/share/tf2/cmake)
[0.876s] -- Found tf2_msgs: 0.25.11 (/opt/ros/humble/share/tf2_msgs/cmake)
[0.902s] -- Found turtlebot3_msgs: 2.2.3 (/opt/ros/humble/share/turtlebot3_msgs/cmake)
[0.970s] -- Configuring done
[0.976s] -- Generating done
[0.979s] -- Build files have been written to: /home/nikhil/Work/ROS/build/turtlebot3_fake_node
[0.987s] Invoked command in '/home/nikhil/Work/ROS/build/turtlebot3_fake_node' returned '0': CMAKE_PREFIX_PATH=${CMAKE_PREFIX_PATH}:/home/nikhil/Work/ROS/ros2_ws/install/py_pkg:/opt/ros/humble /usr/bin/cmake /home/nikhil/Work/ROS/turtlebot3_ws/src/turtlebot3_fake_node -DCMAKE_INSTALL_PREFIX=/home/nikhil/Work/ROS/install/turtlebot3_fake_node
[0.988s] Invoking command in '/home/nikhil/Work/ROS/build/turtlebot3_fake_node': CMAKE_PREFIX_PATH=${CMAKE_PREFIX_PATH}:/home/nikhil/Work/ROS/ros2_ws/install/py_pkg:/opt/ros/humble /usr/bin/cmake --build /home/nikhil/Work/ROS/build/turtlebot3_fake_node -- -j20 -l20
[1.026s] [ 50%] [32mBuilding CXX object CMakeFiles/turtlebot3_fake_node.dir/src/turtlebot3_fake_node.cpp.o[0m
[9.810s] [100%] [32m[1mLinking CXX executable turtlebot3_fake_node[0m
[10.254s] [100%] Built target turtlebot3_fake_node
[10.267s] Invoked command in '/home/nikhil/Work/ROS/build/turtlebot3_fake_node' returned '0': CMAKE_PREFIX_PATH=${CMAKE_PREFIX_PATH}:/home/nikhil/Work/ROS/ros2_ws/install/py_pkg:/opt/ros/humble /usr/bin/cmake --build /home/nikhil/Work/ROS/build/turtlebot3_fake_node -- -j20 -l20
[10.268s] Invoking command in '/home/nikhil/Work/ROS/build/turtlebot3_fake_node': CMAKE_PREFIX_PATH=${CMAKE_PREFIX_PATH}:/home/nikhil/Work/ROS/ros2_ws/install/py_pkg:/opt/ros/humble /usr/bin/cmake --install /home/nikhil/Work/ROS/build/turtlebot3_fake_node
[10.276s] -- Install configuration: ""
[10.277s] -- Installing: /home/nikhil/Work/ROS/install/turtlebot3_fake_node/lib/turtlebot3_fake_node/turtlebot3_fake_node
[10.280s] -- Set runtime path of "/home/nikhil/Work/ROS/install/turtlebot3_fake_node/lib/turtlebot3_fake_node/turtlebot3_fake_node" to ""
[10.280s] -- Installing: /home/nikhil/Work/ROS/install/turtlebot3_fake_node/share/turtlebot3_fake_node/launch
[10.281s] -- Installing: /home/nikhil/Work/ROS/install/turtlebot3_fake_node/share/turtlebot3_fake_node/launch/turtlebot3_fake_node.launch.py
[10.281s] -- Installing: /home/nikhil/Work/ROS/install/turtlebot3_fake_node/share/turtlebot3_fake_node/launch/rviz2.launch.py
[10.281s] -- Installing: /home/nikhil/Work/ROS/install/turtlebot3_fake_node/share/turtlebot3_fake_node/param
[10.281s] -- Installing: /home/nikhil/Work/ROS/install/turtlebot3_fake_node/share/turtlebot3_fake_node/param/waffle.yaml
[10.281s] -- Installing: /home/nikhil/Work/ROS/install/turtlebot3_fake_node/share/turtlebot3_fake_node/param/waffle_pi.yaml
[10.281s] -- Installing: /home/nikhil/Work/ROS/install/turtlebot3_fake_node/share/turtlebot3_fake_node/param/burger.yaml
[10.281s] -- Installing: /home/nikhil/Work/ROS/install/turtlebot3_fake_node/include/
[10.282s] -- Installing: /home/nikhil/Work/ROS/install/turtlebot3_fake_node/include//turtlebot3_fake_node
[10.282s] -- Installing: /home/nikhil/Work/ROS/install/turtlebot3_fake_node/include//turtlebot3_fake_node/turtlebot3_fake_node.hpp
[10.282s] -- Installing: /home/nikhil/Work/ROS/install/turtlebot3_fake_node/share/ament_index/resource_index/package_run_dependencies/turtlebot3_fake_node
[10.282s] -- Installing: /home/nikhil/Work/ROS/install/turtlebot3_fake_node/share/ament_index/resource_index/parent_prefix_path/turtlebot3_fake_node
[10.283s] -- Installing: /home/nikhil/Work/ROS/install/turtlebot3_fake_node/share/turtlebot3_fake_node/environment/ament_prefix_path.sh
[10.283s] -- Installing: /home/nikhil/Work/ROS/install/turtlebot3_fake_node/share/turtlebot3_fake_node/environment/ament_prefix_path.dsv
[10.283s] -- Installing: /home/nikhil/Work/ROS/install/turtlebot3_fake_node/share/turtlebot3_fake_node/environment/path.sh
[10.283s] -- Installing: /home/nikhil/Work/ROS/install/turtlebot3_fake_node/share/turtlebot3_fake_node/environment/path.dsv
[10.283s] -- Installing: /home/nikhil/Work/ROS/install/turtlebot3_fake_node/share/turtlebot3_fake_node/local_setup.bash
[10.284s] -- Installing: /home/nikhil/Work/ROS/install/turtlebot3_fake_node/share/turtlebot3_fake_node/local_setup.sh
[10.284s] -- Installing: /home/nikhil/Work/ROS/install/turtlebot3_fake_node/share/turtlebot3_fake_node/local_setup.zsh
[10.284s] -- Installing: /home/nikhil/Work/ROS/install/turtlebot3_fake_node/share/turtlebot3_fake_node/local_setup.dsv
[10.284s] -- Installing: /home/nikhil/Work/ROS/install/turtlebot3_fake_node/share/turtlebot3_fake_node/package.dsv
[10.284s] -- Installing: /home/nikhil/Work/ROS/install/turtlebot3_fake_node/share/ament_index/resource_index/packages/turtlebot3_fake_node
[10.284s] -- Installing: /home/nikhil/Work/ROS/install/turtlebot3_fake_node/share/turtlebot3_fake_node/cmake/ament_cmake_export_include_directories-extras.cmake
[10.284s] -- Installing: /home/nikhil/Work/ROS/install/turtlebot3_fake_node/share/turtlebot3_fake_node/cmake/ament_cmake_export_dependencies-extras.cmake
[10.285s] -- Installing: /home/nikhil/Work/ROS/install/turtlebot3_fake_node/share/turtlebot3_fake_node/cmake/turtlebot3_fake_nodeConfig.cmake
[10.285s] -- Installing: /home/nikhil/Work/ROS/install/turtlebot3_fake_node/share/turtlebot3_fake_node/cmake/turtlebot3_fake_nodeConfig-version.cmake
[10.285s] -- Installing: /home/nikhil/Work/ROS/install/turtlebot3_fake_node/share/turtlebot3_fake_node/package.xml
[10.287s] Invoked command in '/home/nikhil/Work/ROS/build/turtlebot3_fake_node' returned '0': CMAKE_PREFIX_PATH=${CMAKE_PREFIX_PATH}:/home/nikhil/Work/ROS/ros2_ws/install/py_pkg:/opt/ros/humble /usr/bin/cmake --install /home/nikhil/Work/ROS/build/turtlebot3_fake_node
