[0.012s] Invoking command in '/home/nikhil/ROS/ros2_ws/build/my_robot_bringup': AMENT_PREFIX_PATH=/home/nikhil/ROS/ros2_ws/install/py_pkg:/home/nikhil/ROS/ros2_ws/install/my_robot_bringup:/home/nikhil/ROS/ros2_ws/install/cpp_pkg:/home/nikhil/ROS/ros2_ws/install/course_activities:/home/nikhil/ROS/ros2_ws/install/my_robot_interfaces:/opt/ros/humble CMAKE_PREFIX_PATH=/home/nikhil/ROS/ros2_ws/install/cpp_pkg:/home/nikhil/ROS/ros2_ws/install/course_activities:/home/nikhil/ROS/ros2_ws/install/my_robot_interfaces:/home/nikhil/ROS/ros2_ws/install/my_robot_bringup:/home/nikhil/ROS/ros2_ws/install/py_pkg:/opt/ros/humble /usr/bin/cmake /home/nikhil/ROS/ros2_ws/src/my_robot_bringup -DCMAKE_INSTALL_PREFIX=/home/nikhil/ROS/ros2_ws/install/my_robot_bringup
[0.020s] -- Found ament_cmake: 1.3.9 (/opt/ros/humble/share/ament_cmake/cmake)
[0.109s] -- Override CMake install command with custom implementation using symlinks instead of copying resources
[0.157s] -- Configuring done
[0.159s] -- Generating done
[0.159s] -- Build files have been written to: /home/nikhil/ROS/ros2_ws/build/my_robot_bringup
[0.162s] Invoked command in '/home/nikhil/ROS/ros2_ws/build/my_robot_bringup' returned '0': AMENT_PREFIX_PATH=/home/nikhil/ROS/ros2_ws/install/py_pkg:/home/nikhil/ROS/ros2_ws/install/my_robot_bringup:/home/nikhil/ROS/ros2_ws/install/cpp_pkg:/home/nikhil/ROS/ros2_ws/install/course_activities:/home/nikhil/ROS/ros2_ws/install/my_robot_interfaces:/opt/ros/humble CMAKE_PREFIX_PATH=/home/nikhil/ROS/ros2_ws/install/cpp_pkg:/home/nikhil/ROS/ros2_ws/install/course_activities:/home/nikhil/ROS/ros2_ws/install/my_robot_interfaces:/home/nikhil/ROS/ros2_ws/install/my_robot_bringup:/home/nikhil/ROS/ros2_ws/install/py_pkg:/opt/ros/humble /usr/bin/cmake /home/nikhil/ROS/ros2_ws/src/my_robot_bringup -DCMAKE_INSTALL_PREFIX=/home/nikhil/ROS/ros2_ws/install/my_robot_bringup
[0.162s] Invoking command in '/home/nikhil/ROS/ros2_ws/build/my_robot_bringup': AMENT_PREFIX_PATH=/home/nikhil/ROS/ros2_ws/install/py_pkg:/home/nikhil/ROS/ros2_ws/install/my_robot_bringup:/home/nikhil/ROS/ros2_ws/install/cpp_pkg:/home/nikhil/ROS/ros2_ws/install/course_activities:/home/nikhil/ROS/ros2_ws/install/my_robot_interfaces:/opt/ros/humble CMAKE_PREFIX_PATH=/home/nikhil/ROS/ros2_ws/install/cpp_pkg:/home/nikhil/ROS/ros2_ws/install/course_activities:/home/nikhil/ROS/ros2_ws/install/my_robot_interfaces:/home/nikhil/ROS/ros2_ws/install/my_robot_bringup:/home/nikhil/ROS/ros2_ws/install/py_pkg:/opt/ros/humble /usr/bin/cmake --build /home/nikhil/ROS/ros2_ws/build/my_robot_bringup -- -j20 -l20
[0.194s] Invoked command in '/home/nikhil/ROS/ros2_ws/build/my_robot_bringup' returned '0': AMENT_PREFIX_PATH=/home/nikhil/ROS/ros2_ws/install/py_pkg:/home/nikhil/ROS/ros2_ws/install/my_robot_bringup:/home/nikhil/ROS/ros2_ws/install/cpp_pkg:/home/nikhil/ROS/ros2_ws/install/course_activities:/home/nikhil/ROS/ros2_ws/install/my_robot_interfaces:/opt/ros/humble CMAKE_PREFIX_PATH=/home/nikhil/ROS/ros2_ws/install/cpp_pkg:/home/nikhil/ROS/ros2_ws/install/course_activities:/home/nikhil/ROS/ros2_ws/install/my_robot_interfaces:/home/nikhil/ROS/ros2_ws/install/my_robot_bringup:/home/nikhil/ROS/ros2_ws/install/py_pkg:/opt/ros/humble /usr/bin/cmake --build /home/nikhil/ROS/ros2_ws/build/my_robot_bringup -- -j20 -l20
[0.217s] Invoking command in '/home/nikhil/ROS/ros2_ws/build/my_robot_bringup': AMENT_PREFIX_PATH=/home/nikhil/ROS/ros2_ws/install/py_pkg:/home/nikhil/ROS/ros2_ws/install/my_robot_bringup:/home/nikhil/ROS/ros2_ws/install/cpp_pkg:/home/nikhil/ROS/ros2_ws/install/course_activities:/home/nikhil/ROS/ros2_ws/install/my_robot_interfaces:/opt/ros/humble CMAKE_PREFIX_PATH=/home/nikhil/ROS/ros2_ws/install/cpp_pkg:/home/nikhil/ROS/ros2_ws/install/course_activities:/home/nikhil/ROS/ros2_ws/install/my_robot_interfaces:/home/nikhil/ROS/ros2_ws/install/my_robot_bringup:/home/nikhil/ROS/ros2_ws/install/py_pkg:/opt/ros/humble /usr/bin/cmake --install /home/nikhil/ROS/ros2_ws/build/my_robot_bringup
[0.225s] -- Install configuration: ""
[0.226s] -- Execute custom install script
[0.226s] [33mCMake Warning (dev) at ament_cmake_symlink_install/ament_cmake_symlink_install.cmake:62 (file):
[0.226s]   Policy CMP0009 is not set: FILE GLOB_RECURSE calls should not follow
[0.226s]   symlinks by default.  Run "cmake --help-policy CMP0009" for policy details.
[0.226s]   Use the cmake_policy command to set the policy and suppress this warning.
[0.226s] Call Stack (most recent call first):
[0.226s]   ament_cmake_symlink_install/ament_cmake_symlink_install.cmake:314 (ament_cmake_symlink_install_directory)
[0.226s]   cmake_install.cmake:46 (include)
[0.226s] This warning is for project developers.  Use -Wno-dev to suppress it.
[0.226s] [0m
[0.226s] -- Up-to-date symlink: /home/nikhil/ROS/ros2_ws/install/my_robot_bringup/share/my_robot_bringup/launch/build/.built_by
[0.226s] -- Up-to-date symlink: /home/nikhil/ROS/ros2_ws/install/my_robot_bringup/share/my_robot_bringup/launch/build/COLCON_IGNORE
[0.227s] -- Up-to-date symlink: /home/nikhil/ROS/ros2_ws/install/my_robot_bringup/share/my_robot_bringup/launch/catch_all_turtle.py
[0.227s] -- Up-to-date symlink: /home/nikhil/ROS/ros2_ws/install/my_robot_bringup/share/my_robot_bringup/launch/install/.colcon_install_layout
[0.227s] -- Up-to-date symlink: /home/nikhil/ROS/ros2_ws/install/my_robot_bringup/share/my_robot_bringup/launch/install/COLCON_IGNORE
[0.227s] -- Up-to-date symlink: /home/nikhil/ROS/ros2_ws/install/my_robot_bringup/share/my_robot_bringup/launch/install/_local_setup_util_ps1.py
[0.227s] -- Up-to-date symlink: /home/nikhil/ROS/ros2_ws/install/my_robot_bringup/share/my_robot_bringup/launch/install/_local_setup_util_sh.py
[0.227s] -- Up-to-date symlink: /home/nikhil/ROS/ros2_ws/install/my_robot_bringup/share/my_robot_bringup/launch/install/local_setup.bash
[0.227s] -- Up-to-date symlink: /home/nikhil/ROS/ros2_ws/install/my_robot_bringup/share/my_robot_bringup/launch/install/local_setup.ps1
[0.227s] -- Up-to-date symlink: /home/nikhil/ROS/ros2_ws/install/my_robot_bringup/share/my_robot_bringup/launch/install/local_setup.sh
[0.227s] -- Up-to-date symlink: /home/nikhil/ROS/ros2_ws/install/my_robot_bringup/share/my_robot_bringup/launch/install/local_setup.zsh
[0.227s] -- Up-to-date symlink: /home/nikhil/ROS/ros2_ws/install/my_robot_bringup/share/my_robot_bringup/launch/install/setup.bash
[0.227s] -- Up-to-date symlink: /home/nikhil/ROS/ros2_ws/install/my_robot_bringup/share/my_robot_bringup/launch/install/setup.ps1
[0.227s] -- Up-to-date symlink: /home/nikhil/ROS/ros2_ws/install/my_robot_bringup/share/my_robot_bringup/launch/install/setup.sh
[0.227s] -- Up-to-date symlink: /home/nikhil/ROS/ros2_ws/install/my_robot_bringup/share/my_robot_bringup/launch/install/setup.zsh
[0.227s] -- Up-to-date symlink: /home/nikhil/ROS/ros2_ws/install/my_robot_bringup/share/my_robot_bringup/launch/log/COLCON_IGNORE
[0.227s] -- Up-to-date symlink: /home/nikhil/ROS/ros2_ws/install/my_robot_bringup/share/my_robot_bringup/launch/log/build_2024-12-31_12-02-47/events.log
[0.227s] -- Up-to-date symlink: /home/nikhil/ROS/ros2_ws/install/my_robot_bringup/share/my_robot_bringup/launch/log/build_2024-12-31_12-02-47/logger_all.log
[0.227s] -- Up-to-date symlink: /home/nikhil/ROS/ros2_ws/install/my_robot_bringup/share/my_robot_bringup/launch/log/build_2024-12-31_12-05-41/events.log
[0.227s] -- Up-to-date symlink: /home/nikhil/ROS/ros2_ws/install/my_robot_bringup/share/my_robot_bringup/launch/log/build_2024-12-31_12-05-41/logger_all.log
[0.227s] -- Up-to-date symlink: /home/nikhil/ROS/ros2_ws/install/my_robot_bringup/share/my_robot_bringup/launch/log/build_2024-12-31_12-05-53/events.log
[0.227s] -- Up-to-date symlink: /home/nikhil/ROS/ros2_ws/install/my_robot_bringup/share/my_robot_bringup/launch/log/build_2024-12-31_12-05-53/logger_all.log
[0.227s] -- Up-to-date symlink: /home/nikhil/ROS/ros2_ws/install/my_robot_bringup/share/my_robot_bringup/launch/log/latest/events.log
[0.228s] -- Up-to-date symlink: /home/nikhil/ROS/ros2_ws/install/my_robot_bringup/share/my_robot_bringup/launch/log/latest/logger_all.log
[0.228s] -- Up-to-date symlink: /home/nikhil/ROS/ros2_ws/install/my_robot_bringup/share/my_robot_bringup/launch/log/latest_build/events.log
[0.228s] -- Up-to-date symlink: /home/nikhil/ROS/ros2_ws/install/my_robot_bringup/share/my_robot_bringup/launch/log/latest_build/logger_all.log
[0.228s] -- Up-to-date symlink: /home/nikhil/ROS/ros2_ws/install/my_robot_bringup/share/my_robot_bringup/launch/number_app.launch.py
[0.228s] -- Up-to-date symlink: /home/nikhil/ROS/ros2_ws/install/my_robot_bringup/share/my_robot_bringup/launch/robot_station.launch.py
[0.228s] -- Up-to-date symlink: /home/nikhil/ROS/ros2_ws/install/my_robot_bringup/share/ament_index/resource_index/package_run_dependencies/my_robot_bringup
[0.228s] -- Up-to-date symlink: /home/nikhil/ROS/ros2_ws/install/my_robot_bringup/share/ament_index/resource_index/parent_prefix_path/my_robot_bringup
[0.228s] -- Up-to-date symlink: /home/nikhil/ROS/ros2_ws/install/my_robot_bringup/share/my_robot_bringup/environment/ament_prefix_path.sh
[0.228s] -- Up-to-date symlink: /home/nikhil/ROS/ros2_ws/install/my_robot_bringup/share/my_robot_bringup/environment/ament_prefix_path.dsv
[0.228s] -- Up-to-date symlink: /home/nikhil/ROS/ros2_ws/install/my_robot_bringup/share/my_robot_bringup/environment/path.sh
[0.229s] -- Up-to-date symlink: /home/nikhil/ROS/ros2_ws/install/my_robot_bringup/share/my_robot_bringup/environment/path.dsv
[0.229s] -- Up-to-date symlink: /home/nikhil/ROS/ros2_ws/install/my_robot_bringup/share/my_robot_bringup/local_setup.bash
[0.229s] -- Up-to-date symlink: /home/nikhil/ROS/ros2_ws/install/my_robot_bringup/share/my_robot_bringup/local_setup.sh
[0.229s] -- Up-to-date symlink: /home/nikhil/ROS/ros2_ws/install/my_robot_bringup/share/my_robot_bringup/local_setup.zsh
[0.229s] -- Up-to-date symlink: /home/nikhil/ROS/ros2_ws/install/my_robot_bringup/share/my_robot_bringup/local_setup.dsv
[0.229s] -- Symlinking: /home/nikhil/ROS/ros2_ws/install/my_robot_bringup/share/my_robot_bringup/package.dsv
[0.236s] -- Up-to-date symlink: /home/nikhil/ROS/ros2_ws/install/my_robot_bringup/share/ament_index/resource_index/packages/my_robot_bringup
[0.236s] -- Up-to-date symlink: /home/nikhil/ROS/ros2_ws/install/my_robot_bringup/share/my_robot_bringup/cmake/my_robot_bringupConfig.cmake
[0.237s] -- Up-to-date symlink: /home/nikhil/ROS/ros2_ws/install/my_robot_bringup/share/my_robot_bringup/cmake/my_robot_bringupConfig-version.cmake
[0.237s] -- Up-to-date symlink: /home/nikhil/ROS/ros2_ws/install/my_robot_bringup/share/my_robot_bringup/package.xml
[0.239s] Invoked command in '/home/nikhil/ROS/ros2_ws/build/my_robot_bringup' returned '0': AMENT_PREFIX_PATH=/home/nikhil/ROS/ros2_ws/install/py_pkg:/home/nikhil/ROS/ros2_ws/install/my_robot_bringup:/home/nikhil/ROS/ros2_ws/install/cpp_pkg:/home/nikhil/ROS/ros2_ws/install/course_activities:/home/nikhil/ROS/ros2_ws/install/my_robot_interfaces:/opt/ros/humble CMAKE_PREFIX_PATH=/home/nikhil/ROS/ros2_ws/install/cpp_pkg:/home/nikhil/ROS/ros2_ws/install/course_activities:/home/nikhil/ROS/ros2_ws/install/my_robot_interfaces:/home/nikhil/ROS/ros2_ws/install/my_robot_bringup:/home/nikhil/ROS/ros2_ws/install/py_pkg:/opt/ros/humble /usr/bin/cmake --install /home/nikhil/ROS/ros2_ws/build/my_robot_bringup
