[0.007s] Invoking command in '/home/nikhil/Work/ROS/controller_ws/build/three_omniwheel_controller': CMAKE_PREFIX_PATH=${CMAKE_PREFIX_PATH}:/home/nikhil/Work/ROS/ros2_ws/install/py_pkg:/opt/ros/humble /usr/bin/cmake --build /home/nikhil/Work/ROS/controller_ws/build/three_omniwheel_controller -- -j20 -l20
[0.046s] [ 16%] [34m[1mRunning `/opt/ros/humble/bin/generate_parameter_library_cpp /home/nikhil/Work/ROS/controller_ws/build/three_omniwheel_controller/include/three_omniwheel_controller/three_omniwheel_controller_parameters.hpp /home/nikhil/Work/ROS/controller_ws/src/three_omniwheel_controller/src/three_omniwheel_controller_parameter.yaml `[0m
[0.654s] [ 33%] [34m[1mCreating deprecated header file /home/nikhil/Work/ROS/controller_ws/build/three_omniwheel_controller/include/three_omniwheel_controller_parameters.hpp[0m
[0.689s] [ 33%] Built target three_omniwheel_controller_parameters
[0.712s] [ 50%] [32mBuilding CXX object CMakeFiles/three_omniwheel_controller.dir/src/three_omniwheel_controller.cpp.o[0m
[7.707s] [ 66%] [32m[1mLinking CXX shared library libthree_omniwheel_controller.so[0m
[8.176s] [100%] Built target three_omniwheel_controller
[8.187s] Invoked command in '/home/nikhil/Work/ROS/controller_ws/build/three_omniwheel_controller' returned '0': CMAKE_PREFIX_PATH=${CMAKE_PREFIX_PATH}:/home/nikhil/Work/ROS/ros2_ws/install/py_pkg:/opt/ros/humble /usr/bin/cmake --build /home/nikhil/Work/ROS/controller_ws/build/three_omniwheel_controller -- -j20 -l20
[8.189s] Invoking command in '/home/nikhil/Work/ROS/controller_ws/build/three_omniwheel_controller': CMAKE_PREFIX_PATH=${CMAKE_PREFIX_PATH}:/home/nikhil/Work/ROS/ros2_ws/install/py_pkg:/opt/ros/humble /usr/bin/cmake --install /home/nikhil/Work/ROS/controller_ws/build/three_omniwheel_controller
[8.193s] -- Install configuration: ""
[8.193s] -- Up-to-date: /home/nikhil/Work/ROS/controller_ws/install/three_omniwheel_controller/include/three_omniwheel_controller
[8.193s] -- Installing: /home/nikhil/Work/ROS/controller_ws/install/three_omniwheel_controller/include/three_omniwheel_controller/three_omniwheel_controller_parameters.hpp
[8.194s] -- Up-to-date: /home/nikhil/Work/ROS/controller_ws/install/three_omniwheel_controller/share/three_omniwheel_controller/three_omniwheel_plugin.xml
[8.194s] -- Up-to-date: /home/nikhil/Work/ROS/controller_ws/install/three_omniwheel_controller/include/three_omniwheel_controller
[8.194s] -- Up-to-date: /home/nikhil/Work/ROS/controller_ws/install/three_omniwheel_controller/include/three_omniwheel_controller/three_omniwheel_controller
[8.194s] -- Up-to-date: /home/nikhil/Work/ROS/controller_ws/install/three_omniwheel_controller/include/three_omniwheel_controller/three_omniwheel_controller/three_omniwheel_controller.hpp
[8.194s] -- Up-to-date: /home/nikhil/Work/ROS/controller_ws/install/three_omniwheel_controller/include/three_omniwheel_controller/three_omniwheel_controller/odometry.hpp
[8.194s] -- Up-to-date: /home/nikhil/Work/ROS/controller_ws/install/three_omniwheel_controller/include/three_omniwheel_controller/three_omniwheel_controller/speed_limiter.hpp
[8.194s] -- Up-to-date: /home/nikhil/Work/ROS/controller_ws/install/three_omniwheel_controller/include/three_omniwheel_controller/three_omniwheel_controller/visibility_control.h
[8.194s] -- Installing: /home/nikhil/Work/ROS/controller_ws/install/three_omniwheel_controller/lib/libthree_omniwheel_controller.so
[8.202s] -- Set runtime path of "/home/nikhil/Work/ROS/controller_ws/install/three_omniwheel_controller/lib/libthree_omniwheel_controller.so" to ""
[8.202s] -- Up-to-date: /home/nikhil/Work/ROS/controller_ws/install/three_omniwheel_controller/share/three_omniwheel_controller/environment/library_path.sh
[8.202s] -- Up-to-date: /home/nikhil/Work/ROS/controller_ws/install/three_omniwheel_controller/share/three_omniwheel_controller/environment/library_path.dsv
[8.202s] -- Up-to-date: /home/nikhil/Work/ROS/controller_ws/install/three_omniwheel_controller/share/ament_index/resource_index/package_run_dependencies/three_omniwheel_controller
[8.202s] -- Up-to-date: /home/nikhil/Work/ROS/controller_ws/install/three_omniwheel_controller/share/ament_index/resource_index/parent_prefix_path/three_omniwheel_controller
[8.202s] -- Up-to-date: /home/nikhil/Work/ROS/controller_ws/install/three_omniwheel_controller/share/three_omniwheel_controller/environment/ament_prefix_path.sh
[8.202s] -- Up-to-date: /home/nikhil/Work/ROS/controller_ws/install/three_omniwheel_controller/share/three_omniwheel_controller/environment/ament_prefix_path.dsv
[8.202s] -- Up-to-date: /home/nikhil/Work/ROS/controller_ws/install/three_omniwheel_controller/share/three_omniwheel_controller/environment/path.sh
[8.202s] -- Up-to-date: /home/nikhil/Work/ROS/controller_ws/install/three_omniwheel_controller/share/three_omniwheel_controller/environment/path.dsv
[8.202s] -- Up-to-date: /home/nikhil/Work/ROS/controller_ws/install/three_omniwheel_controller/share/three_omniwheel_controller/local_setup.bash
[8.202s] -- Up-to-date: /home/nikhil/Work/ROS/controller_ws/install/three_omniwheel_controller/share/three_omniwheel_controller/local_setup.sh
[8.203s] -- Up-to-date: /home/nikhil/Work/ROS/controller_ws/install/three_omniwheel_controller/share/three_omniwheel_controller/local_setup.zsh
[8.203s] -- Up-to-date: /home/nikhil/Work/ROS/controller_ws/install/three_omniwheel_controller/share/three_omniwheel_controller/local_setup.dsv
[8.203s] -- Installing: /home/nikhil/Work/ROS/controller_ws/install/three_omniwheel_controller/share/three_omniwheel_controller/package.dsv
[8.203s] -- Up-to-date: /home/nikhil/Work/ROS/controller_ws/install/three_omniwheel_controller/share/ament_index/resource_index/packages/three_omniwheel_controller
[8.203s] -- Up-to-date: /home/nikhil/Work/ROS/controller_ws/install/three_omniwheel_controller/share/ament_index/resource_index/controller_interface__pluginlib__plugin/three_omniwheel_controller
[8.203s] -- Up-to-date: /home/nikhil/Work/ROS/controller_ws/install/three_omniwheel_controller/share/three_omniwheel_controller/cmake/export_three_omniwheel_controllerExport.cmake
[8.203s] -- Up-to-date: /home/nikhil/Work/ROS/controller_ws/install/three_omniwheel_controller/share/three_omniwheel_controller/cmake/export_three_omniwheel_controllerExport-noconfig.cmake
[8.203s] -- Up-to-date: /home/nikhil/Work/ROS/controller_ws/install/three_omniwheel_controller/share/three_omniwheel_controller/cmake/ament_cmake_export_dependencies-extras.cmake
[8.203s] -- Up-to-date: /home/nikhil/Work/ROS/controller_ws/install/three_omniwheel_controller/share/three_omniwheel_controller/cmake/ament_cmake_export_targets-extras.cmake
[8.203s] -- Up-to-date: /home/nikhil/Work/ROS/controller_ws/install/three_omniwheel_controller/share/three_omniwheel_controller/cmake/three_omniwheel_controllerConfig.cmake
[8.203s] -- Up-to-date: /home/nikhil/Work/ROS/controller_ws/install/three_omniwheel_controller/share/three_omniwheel_controller/cmake/three_omniwheel_controllerConfig-version.cmake
[8.203s] -- Up-to-date: /home/nikhil/Work/ROS/controller_ws/install/three_omniwheel_controller/share/three_omniwheel_controller/package.xml
[8.204s] Invoked command in '/home/nikhil/Work/ROS/controller_ws/build/three_omniwheel_controller' returned '0': CMAKE_PREFIX_PATH=${CMAKE_PREFIX_PATH}:/home/nikhil/Work/ROS/ros2_ws/install/py_pkg:/opt/ros/humble /usr/bin/cmake --install /home/nikhil/Work/ROS/controller_ws/build/three_omniwheel_controller
