-- The C compiler identification is GNU 11.4.0
-- The CXX compiler identification is GNU 11.4.0
-- Detecting C compiler ABI info
-- Detecting C compiler ABI info - done
-- Check for working C compiler: /usr/bin/cc - skipped
-- Detecting C compile features
-- Detecting C compile features - done
-- Detecting CXX compiler ABI info
-- Detecting CXX compiler ABI info - done
-- Check for working CXX compiler: /usr/bin/c++ - skipped
-- Detecting CXX compile features
-- Detecting CXX compile features - done
-- Found ament_cmake: 1.3.11 (/opt/ros/humble/share/ament_cmake/cmake)
-- Found Python3: /usr/bin/python3 (found version "3.10.12") found components: Interpreter 
-- Found hardware_interface: 2.48.0 (/opt/ros/humble/share/hardware_interface/cmake)
-- Found rosidl_generator_c: 3.1.6 (/opt/ros/humble/share/rosidl_generator_c/cmake)
-- Found rosidl_adapter: 3.1.6 (/opt/ros/humble/share/rosidl_adapter/cmake)
-- Found rosidl_generator_cpp: 3.1.6 (/opt/ros/humble/share/rosidl_generator_cpp/cmake)
-- Using all available rosidl_typesupport_c: rosidl_typesupport_fastrtps_c;rosidl_typesupport_introspection_c
-- Using all available rosidl_typesupport_cpp: rosidl_typesupport_fastrtps_cpp;rosidl_typesupport_introspection_cpp
-- Found rmw_implementation_cmake: 6.1.2 (/opt/ros/humble/share/rmw_implementation_cmake/cmake)
-- Found rmw_cyclonedds_cpp: 1.3.4 (/opt/ros/humble/share/rmw_cyclonedds_cpp/cmake)
-- Using RMW implementation 'rmw_cyclonedds_cpp' as default
-- Looking for pthread.h
-- Looking for pthread.h - found
-- Performing Test CMAKE_HAVE_LIBC_PTHREAD
-- Performing Test CMAKE_HAVE_LIBC_PTHREAD - Success
-- Found Threads: TRUE  
-- Found micro_ros_agent: 3.0.6 (/home/nikhil/Work/ROS/microRos_ws/install/micro_ros_agent/share/micro_ros_agent/cmake)
-- Found TinyXML2 via Config file: TinyXML2_DIR-NOTFOUND
-- Found OpenSSL: /usr/lib/x86_64-linux-gnu/libcrypto.so (found version "3.0.2")  
-- Found ament_cmake_gtest: 1.3.11 (/opt/ros/humble/share/ament_cmake_gtest/cmake)
-- Configuring done
-- Generating done
-- Build files have been written to: /home/nikhil/Work/ROS/control_ws/build/three_wheel
[ 50%] [32mBuilding CXX object CMakeFiles/three_wheel.dir/hardware/threewheel_system.cpp.o[0m
[100%] [32m[1mLinking CXX shared library libthree_wheel.so[0m
[100%] Built target three_wheel
-- Install configuration: ""
-- Installing: /home/nikhil/Work/ROS/control_ws/install/three_wheel/share/three_wheel/three_wheel.xml
-- Installing: /home/nikhil/Work/ROS/control_ws/install/three_wheel/include/three_wheel
-- Installing: /home/nikhil/Work/ROS/control_ws/install/three_wheel/include/three_wheel/three_wheel
-- Installing: /home/nikhil/Work/ROS/control_ws/install/three_wheel/include/three_wheel/three_wheel/dead_wheel.hpp
-- Installing: /home/nikhil/Work/ROS/control_ws/install/three_wheel/include/three_wheel/three_wheel/threewheel_system.hpp
-- Installing: /home/nikhil/Work/ROS/control_ws/install/three_wheel/include/three_wheel/three_wheel/visibility_control.h
-- Installing: /home/nikhil/Work/ROS/control_ws/install/three_wheel/include/three_wheel/three_wheel/drive_wheel.hpp
-- Installing: /home/nikhil/Work/ROS/control_ws/install/three_wheel/share/three_wheel/launch
-- Installing: /home/nikhil/Work/ROS/control_ws/install/three_wheel/share/three_wheel/ros2_control
-- Installing: /home/nikhil/Work/ROS/control_ws/install/three_wheel/share/three_wheel/ros2_control/three_wheel.ros2_control.xacro
-- Installing: /home/nikhil/Work/ROS/control_ws/install/three_wheel/share/three_wheel/urdf
-- Installing: /home/nikhil/Work/ROS/control_ws/install/three_wheel/share/three_wheel/urdf/three_wheel.urdf.xacro
-- Installing: /home/nikhil/Work/ROS/control_ws/install/three_wheel/share/three_wheel/urdf/three_wheel.materials.xacro
-- Installing: /home/nikhil/Work/ROS/control_ws/install/three_wheel/share/three_wheel/urdf/three_wheel_description.urdf.xacro
-- Installing: /home/nikhil/Work/ROS/control_ws/install/three_wheel/share/three_wheel/rviz
-- Installing: /home/nikhil/Work/ROS/control_ws/install/three_wheel/share/three_wheel/rviz/three_wheel_view.rviz
-- Installing: /home/nikhil/Work/ROS/control_ws/install/three_wheel/share/three_wheel/rviz/three_wheel.rviz
-- Up-to-date: /home/nikhil/Work/ROS/control_ws/install/three_wheel/share/three_wheel/launch
-- Installing: /home/nikhil/Work/ROS/control_ws/install/three_wheel/share/three_wheel/launch/three_wheel.launch.py
-- Installing: /home/nikhil/Work/ROS/control_ws/install/three_wheel/share/three_wheel/config
-- Installing: /home/nikhil/Work/ROS/control_ws/install/three_wheel/share/three_wheel/config/joystick.yaml
-- Installing: /home/nikhil/Work/ROS/control_ws/install/three_wheel/share/three_wheel/config/three_wheel_controller.yaml
-- Installing: /home/nikhil/Work/ROS/control_ws/install/three_wheel/lib/libthree_wheel.so
-- Set runtime path of "/home/nikhil/Work/ROS/control_ws/install/three_wheel/lib/libthree_wheel.so" to ""
-- Installing: /home/nikhil/Work/ROS/control_ws/install/three_wheel/share/three_wheel/environment/library_path.sh
-- Installing: /home/nikhil/Work/ROS/control_ws/install/three_wheel/share/three_wheel/environment/library_path.dsv
-- Installing: /home/nikhil/Work/ROS/control_ws/install/three_wheel/share/ament_index/resource_index/package_run_dependencies/three_wheel
-- Installing: /home/nikhil/Work/ROS/control_ws/install/three_wheel/share/ament_index/resource_index/parent_prefix_path/three_wheel
-- Installing: /home/nikhil/Work/ROS/control_ws/install/three_wheel/share/three_wheel/environment/ament_prefix_path.sh
-- Installing: /home/nikhil/Work/ROS/control_ws/install/three_wheel/share/three_wheel/environment/ament_prefix_path.dsv
-- Installing: /home/nikhil/Work/ROS/control_ws/install/three_wheel/share/three_wheel/environment/path.sh
-- Installing: /home/nikhil/Work/ROS/control_ws/install/three_wheel/share/three_wheel/environment/path.dsv
-- Installing: /home/nikhil/Work/ROS/control_ws/install/three_wheel/share/three_wheel/local_setup.bash
-- Installing: /home/nikhil/Work/ROS/control_ws/install/three_wheel/share/three_wheel/local_setup.sh
-- Installing: /home/nikhil/Work/ROS/control_ws/install/three_wheel/share/three_wheel/local_setup.zsh
-- Installing: /home/nikhil/Work/ROS/control_ws/install/three_wheel/share/three_wheel/local_setup.dsv
-- Installing: /home/nikhil/Work/ROS/control_ws/install/three_wheel/share/three_wheel/package.dsv
-- Installing: /home/nikhil/Work/ROS/control_ws/install/three_wheel/share/ament_index/resource_index/packages/three_wheel
-- Installing: /home/nikhil/Work/ROS/control_ws/install/three_wheel/share/ament_index/resource_index/hardware_interface__pluginlib__plugin/three_wheel
-- Installing: /home/nikhil/Work/ROS/control_ws/install/three_wheel/share/three_wheel/cmake/export_three_wheelExport.cmake
-- Installing: /home/nikhil/Work/ROS/control_ws/install/three_wheel/share/three_wheel/cmake/export_three_wheelExport-noconfig.cmake
-- Installing: /home/nikhil/Work/ROS/control_ws/install/three_wheel/share/three_wheel/cmake/ament_cmake_export_targets-extras.cmake
-- Installing: /home/nikhil/Work/ROS/control_ws/install/three_wheel/share/three_wheel/cmake/ament_cmake_export_dependencies-extras.cmake
-- Installing: /home/nikhil/Work/ROS/control_ws/install/three_wheel/share/three_wheel/cmake/three_wheelConfig.cmake
-- Installing: /home/nikhil/Work/ROS/control_ws/install/three_wheel/share/three_wheel/cmake/three_wheelConfig-version.cmake
-- Installing: /home/nikhil/Work/ROS/control_ws/install/three_wheel/share/three_wheel/package.xml
