[0.059s] DEBUG:colcon:Command line arguments: ['/usr/bin/colcon', 'build', '--symlink-install']
[0.059s] DEBUG:colcon:Parsed command line arguments: Namespace(log_base=None, log_level=None, verb_name='build', build_base='build', install_base='install', merge_install=False, symlink_install=True, test_result_base=None, continue_on_error=False, executor='parallel', parallel_workers=20, event_handlers=None, ignore_user_meta=False, metas=['./colcon.meta'], base_paths=['.'], packages_ignore=None, packages_ignore_regex=None, paths=None, packages_up_to=None, packages_up_to_regex=None, packages_above=None, packages_above_and_dependencies=None, packages_above_depth=None, packages_select_by_dep=None, packages_skip_by_dep=None, packages_skip_up_to=None, packages_select_build_failed=False, packages_skip_build_finished=False, packages_select_test_failures=False, packages_skip_test_passed=False, packages_select=None, packages_skip=None, packages_select_regex=None, packages_skip_regex=None, packages_start=None, packages_end=None, allow_overriding=[], cmake_args=None, cmake_target=None, cmake_target_skip_unavailable=False, cmake_clean_cache=False, cmake_clean_first=False, cmake_force_configure=False, ament_cmake_args=None, catkin_cmake_args=None, catkin_skip_building_tests=False, mixin_files=None, mixin=None, verb_parser=<colcon_mixin.mixin.mixin_argument.MixinArgumentDecorator object at 0x7a9be77eb250>, verb_extension=<colcon_core.verb.build.BuildVerb object at 0x7a9be77eada0>, main=<bound method BuildVerb.main of <colcon_core.verb.build.BuildVerb object at 0x7a9be77eada0>>, mixin_verb=('build',))
[0.155s] Level 1:colcon.colcon_core.package_discovery:discover_packages(colcon_meta) check parameters
[0.155s] Level 1:colcon.colcon_core.package_discovery:discover_packages(recursive) check parameters
[0.155s] Level 1:colcon.colcon_core.package_discovery:discover_packages(ignore) check parameters
[0.155s] Level 1:colcon.colcon_core.package_discovery:discover_packages(path) check parameters
[0.155s] Level 1:colcon.colcon_core.package_discovery:discover_packages(colcon_meta) discover
[0.155s] Level 1:colcon.colcon_core.package_discovery:discover_packages(recursive) discover
[0.155s] INFO:colcon.colcon_core.package_discovery:Crawling recursively for packages in '/home/nikhil/Work/ROS/control_ws'
[0.155s] Level 1:colcon.colcon_core.package_identification:_identify(.) by extensions ['ignore', 'ignore_ament_install']
[0.155s] Level 1:colcon.colcon_core.package_identification:_identify(.) by extension 'ignore'
[0.155s] Level 1:colcon.colcon_core.package_identification:_identify(.) by extension 'ignore_ament_install'
[0.155s] Level 1:colcon.colcon_core.package_identification:_identify(.) by extensions ['colcon_pkg']
[0.155s] Level 1:colcon.colcon_core.package_identification:_identify(.) by extension 'colcon_pkg'
[0.155s] Level 1:colcon.colcon_core.package_identification:_identify(.) by extensions ['colcon_meta']
[0.155s] Level 1:colcon.colcon_core.package_identification:_identify(.) by extension 'colcon_meta'
[0.155s] Level 1:colcon.colcon_core.package_identification:_identify(.) by extensions ['ros']
[0.155s] Level 1:colcon.colcon_core.package_identification:_identify(.) by extension 'ros'
[0.166s] Level 1:colcon.colcon_core.package_identification:_identify(.) by extensions ['cmake', 'python']
[0.166s] Level 1:colcon.colcon_core.package_identification:_identify(.) by extension 'cmake'
[0.166s] Level 1:colcon.colcon_core.package_identification:_identify(.) by extension 'python'
[0.166s] Level 1:colcon.colcon_core.package_identification:_identify(.) by extensions ['python_setup_py']
[0.166s] Level 1:colcon.colcon_core.package_identification:_identify(.) by extension 'python_setup_py'
[0.166s] Level 1:colcon.colcon_core.package_identification:_identify(build) by extensions ['ignore', 'ignore_ament_install']
[0.166s] Level 1:colcon.colcon_core.package_identification:_identify(build) by extension 'ignore'
[0.166s] Level 1:colcon.colcon_core.package_identification:_identify(build) ignored
[0.166s] Level 1:colcon.colcon_core.package_identification:_identify(install) by extensions ['ignore', 'ignore_ament_install']
[0.166s] Level 1:colcon.colcon_core.package_identification:_identify(install) by extension 'ignore'
[0.166s] Level 1:colcon.colcon_core.package_identification:_identify(install) ignored
[0.166s] Level 1:colcon.colcon_core.package_identification:_identify(log) by extensions ['ignore', 'ignore_ament_install']
[0.166s] Level 1:colcon.colcon_core.package_identification:_identify(log) by extension 'ignore'
[0.166s] Level 1:colcon.colcon_core.package_identification:_identify(log) ignored
[0.166s] Level 1:colcon.colcon_core.package_identification:_identify(src) by extensions ['ignore', 'ignore_ament_install']
[0.166s] Level 1:colcon.colcon_core.package_identification:_identify(src) by extension 'ignore'
[0.166s] Level 1:colcon.colcon_core.package_identification:_identify(src) by extension 'ignore_ament_install'
[0.166s] Level 1:colcon.colcon_core.package_identification:_identify(src) by extensions ['colcon_pkg']
[0.166s] Level 1:colcon.colcon_core.package_identification:_identify(src) by extension 'colcon_pkg'
[0.166s] Level 1:colcon.colcon_core.package_identification:_identify(src) by extensions ['colcon_meta']
[0.166s] Level 1:colcon.colcon_core.package_identification:_identify(src) by extension 'colcon_meta'
[0.167s] Level 1:colcon.colcon_core.package_identification:_identify(src) by extensions ['ros']
[0.167s] Level 1:colcon.colcon_core.package_identification:_identify(src) by extension 'ros'
[0.167s] Level 1:colcon.colcon_core.package_identification:_identify(src) by extensions ['cmake', 'python']
[0.167s] Level 1:colcon.colcon_core.package_identification:_identify(src) by extension 'cmake'
[0.167s] Level 1:colcon.colcon_core.package_identification:_identify(src) by extension 'python'
[0.167s] Level 1:colcon.colcon_core.package_identification:_identify(src) by extensions ['python_setup_py']
[0.167s] Level 1:colcon.colcon_core.package_identification:_identify(src) by extension 'python_setup_py'
[0.167s] Level 1:colcon.colcon_core.package_identification:_identify(src/micro-ROS-Agent) by extensions ['ignore', 'ignore_ament_install']
[0.167s] Level 1:colcon.colcon_core.package_identification:_identify(src/micro-ROS-Agent) by extension 'ignore'
[0.167s] Level 1:colcon.colcon_core.package_identification:_identify(src/micro-ROS-Agent) by extension 'ignore_ament_install'
[0.167s] Level 1:colcon.colcon_core.package_identification:_identify(src/micro-ROS-Agent) by extensions ['colcon_pkg']
[0.167s] Level 1:colcon.colcon_core.package_identification:_identify(src/micro-ROS-Agent) by extension 'colcon_pkg'
[0.167s] Level 1:colcon.colcon_core.package_identification:_identify(src/micro-ROS-Agent) by extensions ['colcon_meta']
[0.167s] Level 1:colcon.colcon_core.package_identification:_identify(src/micro-ROS-Agent) by extension 'colcon_meta'
[0.167s] Level 1:colcon.colcon_core.package_identification:_identify(src/micro-ROS-Agent) by extensions ['ros']
[0.167s] Level 1:colcon.colcon_core.package_identification:_identify(src/micro-ROS-Agent) by extension 'ros'
[0.167s] Level 1:colcon.colcon_core.package_identification:_identify(src/micro-ROS-Agent) by extensions ['cmake', 'python']
[0.167s] Level 1:colcon.colcon_core.package_identification:_identify(src/micro-ROS-Agent) by extension 'cmake'
[0.167s] Level 1:colcon.colcon_core.package_identification:_identify(src/micro-ROS-Agent) by extension 'python'
[0.167s] Level 1:colcon.colcon_core.package_identification:_identify(src/micro-ROS-Agent) by extensions ['python_setup_py']
[0.167s] Level 1:colcon.colcon_core.package_identification:_identify(src/micro-ROS-Agent) by extension 'python_setup_py'
[0.167s] Level 1:colcon.colcon_core.package_identification:_identify(src/micro-ROS-Agent/micro_ros_agent) by extensions ['ignore', 'ignore_ament_install']
[0.167s] Level 1:colcon.colcon_core.package_identification:_identify(src/micro-ROS-Agent/micro_ros_agent) by extension 'ignore'
[0.167s] Level 1:colcon.colcon_core.package_identification:_identify(src/micro-ROS-Agent/micro_ros_agent) by extension 'ignore_ament_install'
[0.167s] Level 1:colcon.colcon_core.package_identification:_identify(src/micro-ROS-Agent/micro_ros_agent) by extensions ['colcon_pkg']
[0.167s] Level 1:colcon.colcon_core.package_identification:_identify(src/micro-ROS-Agent/micro_ros_agent) by extension 'colcon_pkg'
[0.167s] Level 1:colcon.colcon_core.package_identification:_identify(src/micro-ROS-Agent/micro_ros_agent) by extensions ['colcon_meta']
[0.167s] Level 1:colcon.colcon_core.package_identification:_identify(src/micro-ROS-Agent/micro_ros_agent) by extension 'colcon_meta'
[0.167s] Level 1:colcon.colcon_core.package_identification:_identify(src/micro-ROS-Agent/micro_ros_agent) by extensions ['ros']
[0.167s] Level 1:colcon.colcon_core.package_identification:_identify(src/micro-ROS-Agent/micro_ros_agent) by extension 'ros'
[0.169s] DEBUG:colcon.colcon_core.package_identification:Package 'src/micro-ROS-Agent/micro_ros_agent' with type 'ros.ament_cmake' and name 'micro_ros_agent'
[0.169s] Level 1:colcon.colcon_core.package_identification:_identify(src/micro-ROS-Agent/snap) by extensions ['ignore', 'ignore_ament_install']
[0.169s] Level 1:colcon.colcon_core.package_identification:_identify(src/micro-ROS-Agent/snap) by extension 'ignore'
[0.169s] Level 1:colcon.colcon_core.package_identification:_identify(src/micro-ROS-Agent/snap) by extension 'ignore_ament_install'
[0.169s] Level 1:colcon.colcon_core.package_identification:_identify(src/micro-ROS-Agent/snap) by extensions ['colcon_pkg']
[0.169s] Level 1:colcon.colcon_core.package_identification:_identify(src/micro-ROS-Agent/snap) by extension 'colcon_pkg'
[0.169s] Level 1:colcon.colcon_core.package_identification:_identify(src/micro-ROS-Agent/snap) by extensions ['colcon_meta']
[0.169s] Level 1:colcon.colcon_core.package_identification:_identify(src/micro-ROS-Agent/snap) by extension 'colcon_meta'
[0.169s] Level 1:colcon.colcon_core.package_identification:_identify(src/micro-ROS-Agent/snap) by extensions ['ros']
[0.169s] Level 1:colcon.colcon_core.package_identification:_identify(src/micro-ROS-Agent/snap) by extension 'ros'
[0.169s] Level 1:colcon.colcon_core.package_identification:_identify(src/micro-ROS-Agent/snap) by extensions ['cmake', 'python']
[0.169s] Level 1:colcon.colcon_core.package_identification:_identify(src/micro-ROS-Agent/snap) by extension 'cmake'
[0.169s] Level 1:colcon.colcon_core.package_identification:_identify(src/micro-ROS-Agent/snap) by extension 'python'
[0.169s] Level 1:colcon.colcon_core.package_identification:_identify(src/micro-ROS-Agent/snap) by extensions ['python_setup_py']
[0.169s] Level 1:colcon.colcon_core.package_identification:_identify(src/micro-ROS-Agent/snap) by extension 'python_setup_py'
[0.169s] Level 1:colcon.colcon_core.package_identification:_identify(src/micro-ROS-Agent/snap/hooks) by extensions ['ignore', 'ignore_ament_install']
[0.169s] Level 1:colcon.colcon_core.package_identification:_identify(src/micro-ROS-Agent/snap/hooks) by extension 'ignore'
[0.169s] Level 1:colcon.colcon_core.package_identification:_identify(src/micro-ROS-Agent/snap/hooks) by extension 'ignore_ament_install'
[0.169s] Level 1:colcon.colcon_core.package_identification:_identify(src/micro-ROS-Agent/snap/hooks) by extensions ['colcon_pkg']
[0.169s] Level 1:colcon.colcon_core.package_identification:_identify(src/micro-ROS-Agent/snap/hooks) by extension 'colcon_pkg'
[0.169s] Level 1:colcon.colcon_core.package_identification:_identify(src/micro-ROS-Agent/snap/hooks) by extensions ['colcon_meta']
[0.169s] Level 1:colcon.colcon_core.package_identification:_identify(src/micro-ROS-Agent/snap/hooks) by extension 'colcon_meta'
[0.169s] Level 1:colcon.colcon_core.package_identification:_identify(src/micro-ROS-Agent/snap/hooks) by extensions ['ros']
[0.169s] Level 1:colcon.colcon_core.package_identification:_identify(src/micro-ROS-Agent/snap/hooks) by extension 'ros'
[0.169s] Level 1:colcon.colcon_core.package_identification:_identify(src/micro-ROS-Agent/snap/hooks) by extensions ['cmake', 'python']
[0.169s] Level 1:colcon.colcon_core.package_identification:_identify(src/micro-ROS-Agent/snap/hooks) by extension 'cmake'
[0.169s] Level 1:colcon.colcon_core.package_identification:_identify(src/micro-ROS-Agent/snap/hooks) by extension 'python'
[0.169s] Level 1:colcon.colcon_core.package_identification:_identify(src/micro-ROS-Agent/snap/hooks) by extensions ['python_setup_py']
[0.169s] Level 1:colcon.colcon_core.package_identification:_identify(src/micro-ROS-Agent/snap/hooks) by extension 'python_setup_py'
[0.169s] Level 1:colcon.colcon_core.package_identification:_identify(src/micro-ROS-Agent/snap/local) by extensions ['ignore', 'ignore_ament_install']
[0.169s] Level 1:colcon.colcon_core.package_identification:_identify(src/micro-ROS-Agent/snap/local) by extension 'ignore'
[0.169s] Level 1:colcon.colcon_core.package_identification:_identify(src/micro-ROS-Agent/snap/local) by extension 'ignore_ament_install'
[0.169s] Level 1:colcon.colcon_core.package_identification:_identify(src/micro-ROS-Agent/snap/local) by extensions ['colcon_pkg']
[0.169s] Level 1:colcon.colcon_core.package_identification:_identify(src/micro-ROS-Agent/snap/local) by extension 'colcon_pkg'
[0.169s] Level 1:colcon.colcon_core.package_identification:_identify(src/micro-ROS-Agent/snap/local) by extensions ['colcon_meta']
[0.169s] Level 1:colcon.colcon_core.package_identification:_identify(src/micro-ROS-Agent/snap/local) by extension 'colcon_meta'
[0.169s] Level 1:colcon.colcon_core.package_identification:_identify(src/micro-ROS-Agent/snap/local) by extensions ['ros']
[0.170s] Level 1:colcon.colcon_core.package_identification:_identify(src/micro-ROS-Agent/snap/local) by extension 'ros'
[0.170s] Level 1:colcon.colcon_core.package_identification:_identify(src/micro-ROS-Agent/snap/local) by extensions ['cmake', 'python']
[0.170s] Level 1:colcon.colcon_core.package_identification:_identify(src/micro-ROS-Agent/snap/local) by extension 'cmake'
[0.170s] Level 1:colcon.colcon_core.package_identification:_identify(src/micro-ROS-Agent/snap/local) by extension 'python'
[0.170s] Level 1:colcon.colcon_core.package_identification:_identify(src/micro-ROS-Agent/snap/local) by extensions ['python_setup_py']
[0.170s] Level 1:colcon.colcon_core.package_identification:_identify(src/micro-ROS-Agent/snap/local) by extension 'python_setup_py'
[0.170s] Level 1:colcon.colcon_core.package_identification:_identify(src/motor_control) by extensions ['ignore', 'ignore_ament_install']
[0.170s] Level 1:colcon.colcon_core.package_identification:_identify(src/motor_control) by extension 'ignore'
[0.170s] Level 1:colcon.colcon_core.package_identification:_identify(src/motor_control) by extension 'ignore_ament_install'
[0.170s] Level 1:colcon.colcon_core.package_identification:_identify(src/motor_control) by extensions ['colcon_pkg']
[0.170s] Level 1:colcon.colcon_core.package_identification:_identify(src/motor_control) by extension 'colcon_pkg'
[0.170s] Level 1:colcon.colcon_core.package_identification:_identify(src/motor_control) by extensions ['colcon_meta']
[0.170s] Level 1:colcon.colcon_core.package_identification:_identify(src/motor_control) by extension 'colcon_meta'
[0.170s] Level 1:colcon.colcon_core.package_identification:_identify(src/motor_control) by extensions ['ros']
[0.170s] Level 1:colcon.colcon_core.package_identification:_identify(src/motor_control) by extension 'ros'
[0.170s] DEBUG:colcon.colcon_core.package_identification:Package 'src/motor_control' with type 'ros.ament_cmake' and name 'motor_control'
[0.170s] Level 1:colcon.colcon_core.package_discovery:discover_packages(recursive) using defaults
[0.170s] Level 1:colcon.colcon_core.package_discovery:discover_packages(ignore) discover
[0.170s] Level 1:colcon.colcon_core.package_discovery:discover_packages(ignore) using defaults
[0.170s] Level 1:colcon.colcon_core.package_discovery:discover_packages(path) discover
[0.170s] Level 1:colcon.colcon_core.package_discovery:discover_packages(path) using defaults
[0.181s] Level 1:colcon.colcon_core.package_discovery:discover_packages(prefix_path) check parameters
[0.181s] Level 1:colcon.colcon_core.package_discovery:discover_packages(prefix_path) discover
[0.182s] DEBUG:colcon.colcon_installed_package_information.package_discovery:Found 2 installed packages in /home/nikhil/Work/ROS/control_ws/install
[0.182s] DEBUG:colcon.colcon_installed_package_information.package_discovery:Found 3 installed packages in /home/nikhil/Work/ROS/turtlebot3_ws/install
[0.182s] DEBUG:colcon.colcon_installed_package_information.package_discovery:Found 2 installed packages in /home/nikhil/Work/ROS/ros2_ws_1/install
[0.182s] DEBUG:colcon.colcon_installed_package_information.package_discovery:Found 5 installed packages in /home/nikhil/Work/ROS/ros2_ws/install
[0.183s] DEBUG:colcon.colcon_installed_package_information.package_discovery:Found 397 installed packages in /opt/ros/humble
[0.184s] Level 1:colcon.colcon_core.package_discovery:discover_packages(prefix_path) using defaults
[0.207s] Level 5:colcon.colcon_core.verb:set package 'micro_ros_agent' build argument 'cmake_args' from command line to 'None'
[0.207s] Level 5:colcon.colcon_core.verb:set package 'micro_ros_agent' build argument 'cmake_target' from command line to 'None'
[0.207s] Level 5:colcon.colcon_core.verb:set package 'micro_ros_agent' build argument 'cmake_target_skip_unavailable' from command line to 'False'
[0.207s] Level 5:colcon.colcon_core.verb:set package 'micro_ros_agent' build argument 'cmake_clean_cache' from command line to 'False'
[0.207s] Level 5:colcon.colcon_core.verb:set package 'micro_ros_agent' build argument 'cmake_clean_first' from command line to 'False'
[0.207s] Level 5:colcon.colcon_core.verb:set package 'micro_ros_agent' build argument 'cmake_force_configure' from command line to 'False'
[0.207s] Level 5:colcon.colcon_core.verb:set package 'micro_ros_agent' build argument 'ament_cmake_args' from command line to 'None'
[0.207s] Level 5:colcon.colcon_core.verb:set package 'micro_ros_agent' build argument 'catkin_cmake_args' from command line to 'None'
[0.207s] Level 5:colcon.colcon_core.verb:set package 'micro_ros_agent' build argument 'catkin_skip_building_tests' from command line to 'False'
[0.207s] DEBUG:colcon.colcon_core.verb:Building package 'micro_ros_agent' with the following arguments: {'ament_cmake_args': None, 'build_base': '/home/nikhil/Work/ROS/control_ws/build/micro_ros_agent', 'catkin_cmake_args': None, 'catkin_skip_building_tests': False, 'cmake_args': None, 'cmake_clean_cache': False, 'cmake_clean_first': False, 'cmake_force_configure': False, 'cmake_target': None, 'cmake_target_skip_unavailable': False, 'install_base': '/home/nikhil/Work/ROS/control_ws/install/micro_ros_agent', 'merge_install': False, 'path': '/home/nikhil/Work/ROS/control_ws/src/micro-ROS-Agent/micro_ros_agent', 'symlink_install': True, 'test_result_base': None}
[0.207s] Level 5:colcon.colcon_core.verb:set package 'motor_control' build argument 'cmake_args' from command line to 'None'
[0.207s] Level 5:colcon.colcon_core.verb:set package 'motor_control' build argument 'cmake_target' from command line to 'None'
[0.207s] Level 5:colcon.colcon_core.verb:set package 'motor_control' build argument 'cmake_target_skip_unavailable' from command line to 'False'
[0.207s] Level 5:colcon.colcon_core.verb:set package 'motor_control' build argument 'cmake_clean_cache' from command line to 'False'
[0.207s] Level 5:colcon.colcon_core.verb:set package 'motor_control' build argument 'cmake_clean_first' from command line to 'False'
[0.207s] Level 5:colcon.colcon_core.verb:set package 'motor_control' build argument 'cmake_force_configure' from command line to 'False'
[0.207s] Level 5:colcon.colcon_core.verb:set package 'motor_control' build argument 'ament_cmake_args' from command line to 'None'
[0.207s] Level 5:colcon.colcon_core.verb:set package 'motor_control' build argument 'catkin_cmake_args' from command line to 'None'
[0.207s] Level 5:colcon.colcon_core.verb:set package 'motor_control' build argument 'catkin_skip_building_tests' from command line to 'False'
[0.207s] DEBUG:colcon.colcon_core.verb:Building package 'motor_control' with the following arguments: {'ament_cmake_args': None, 'build_base': '/home/nikhil/Work/ROS/control_ws/build/motor_control', 'catkin_cmake_args': None, 'catkin_skip_building_tests': False, 'cmake_args': None, 'cmake_clean_cache': False, 'cmake_clean_first': False, 'cmake_force_configure': False, 'cmake_target': None, 'cmake_target_skip_unavailable': False, 'install_base': '/home/nikhil/Work/ROS/control_ws/install/motor_control', 'merge_install': False, 'path': '/home/nikhil/Work/ROS/control_ws/src/motor_control', 'symlink_install': True, 'test_result_base': None}
[0.207s] INFO:colcon.colcon_core.executor:Executing jobs using 'parallel' executor
[0.208s] DEBUG:colcon.colcon_parallel_executor.executor.parallel:run_until_complete
[0.208s] INFO:colcon.colcon_ros.task.ament_cmake.build:Building ROS package in '/home/nikhil/Work/ROS/control_ws/src/micro-ROS-Agent/micro_ros_agent' with build type 'ament_cmake'
[0.208s] INFO:colcon.colcon_cmake.task.cmake.build:Building CMake package in '/home/nikhil/Work/ROS/control_ws/src/micro-ROS-Agent/micro_ros_agent'
[0.210s] INFO:colcon.colcon_core.plugin_system:Skipping extension 'colcon_core.shell.bat': Not used on non-Windows systems
[0.210s] INFO:colcon.colcon_core.shell:Skip shell extension 'powershell' for command environment: Not usable outside of PowerShell
[0.210s] DEBUG:colcon.colcon_core.shell:Skip shell extension 'dsv' for command environment
[0.212s] INFO:colcon.colcon_ros.task.ament_cmake.build:Building ROS package in '/home/nikhil/Work/ROS/control_ws/src/motor_control' with build type 'ament_cmake'
[0.212s] INFO:colcon.colcon_cmake.task.cmake.build:Building CMake package in '/home/nikhil/Work/ROS/control_ws/src/motor_control'
[0.212s] INFO:colcon.colcon_core.shell:Skip shell extension 'powershell' for command environment: Not usable outside of PowerShell
[0.212s] DEBUG:colcon.colcon_core.shell:Skip shell extension 'dsv' for command environment
[0.218s] DEBUG:colcon.colcon_core.event_handler.log_command:Invoking command in '/home/nikhil/Work/ROS/control_ws/build/micro_ros_agent': CMAKE_PREFIX_PATH=${CMAKE_PREFIX_PATH}:/home/nikhil/Work/ROS/ros2_ws/install/py_pkg:/opt/ros/humble /usr/bin/cmake --build /home/nikhil/Work/ROS/control_ws/build/micro_ros_agent -- -j20 -l20
[0.221s] DEBUG:colcon.colcon_core.event_handler.log_command:Invoking command in '/home/nikhil/Work/ROS/control_ws/build/motor_control': CMAKE_PREFIX_PATH=${CMAKE_PREFIX_PATH}:/home/nikhil/Work/ROS/ros2_ws/install/py_pkg:/opt/ros/humble /usr/bin/cmake --build /home/nikhil/Work/ROS/control_ws/build/motor_control -- -j20 -l20
[0.246s] DEBUG:colcon.colcon_core.event_handler.log_command:Invoked command in '/home/nikhil/Work/ROS/control_ws/build/motor_control' returned '0': CMAKE_PREFIX_PATH=${CMAKE_PREFIX_PATH}:/home/nikhil/Work/ROS/ros2_ws/install/py_pkg:/opt/ros/humble /usr/bin/cmake --build /home/nikhil/Work/ROS/control_ws/build/motor_control -- -j20 -l20
[0.253s] DEBUG:colcon.colcon_core.event_handler.log_command:Invoking command in '/home/nikhil/Work/ROS/control_ws/build/motor_control': CMAKE_PREFIX_PATH=${CMAKE_PREFIX_PATH}:/home/nikhil/Work/ROS/ros2_ws/install/py_pkg:/opt/ros/humble /usr/bin/cmake --install /home/nikhil/Work/ROS/control_ws/build/motor_control
[0.268s] Level 1:colcon.colcon_core.environment:create_environment_scripts_only(motor_control)
[0.268s] DEBUG:colcon.colcon_core.event_handler.log_command:Invoked command in '/home/nikhil/Work/ROS/control_ws/build/micro_ros_agent' returned '0': CMAKE_PREFIX_PATH=${CMAKE_PREFIX_PATH}:/home/nikhil/Work/ROS/ros2_ws/install/py_pkg:/opt/ros/humble /usr/bin/cmake --build /home/nikhil/Work/ROS/control_ws/build/micro_ros_agent -- -j20 -l20
[0.269s] DEBUG:colcon.colcon_core.event_handler.log_command:Invoking command in '/home/nikhil/Work/ROS/control_ws/build/micro_ros_agent': CMAKE_PREFIX_PATH=${CMAKE_PREFIX_PATH}:/home/nikhil/Work/ROS/ros2_ws/install/py_pkg:/opt/ros/humble /usr/bin/cmake --install /home/nikhil/Work/ROS/control_ws/build/micro_ros_agent
[0.269s] DEBUG:colcon.colcon_core.event_handler.log_command:Invoked command in '/home/nikhil/Work/ROS/control_ws/build/motor_control' returned '0': CMAKE_PREFIX_PATH=${CMAKE_PREFIX_PATH}:/home/nikhil/Work/ROS/ros2_ws/install/py_pkg:/opt/ros/humble /usr/bin/cmake --install /home/nikhil/Work/ROS/control_ws/build/motor_control
[0.270s] Level 1:colcon.colcon_core.environment:checking '/home/nikhil/Work/ROS/control_ws/install/motor_control' for CMake module files
[0.271s] Level 1:colcon.colcon_core.environment:checking '/home/nikhil/Work/ROS/control_ws/install/motor_control' for CMake config files
[0.271s] Level 1:colcon.colcon_core.shell:create_environment_hook('motor_control', 'cmake_prefix_path')
[0.271s] INFO:colcon.colcon_core.shell:Creating environment hook '/home/nikhil/Work/ROS/control_ws/install/motor_control/share/motor_control/hook/cmake_prefix_path.ps1'
[0.271s] INFO:colcon.colcon_core.shell:Creating environment descriptor '/home/nikhil/Work/ROS/control_ws/install/motor_control/share/motor_control/hook/cmake_prefix_path.dsv'
[0.271s] INFO:colcon.colcon_core.shell:Creating environment hook '/home/nikhil/Work/ROS/control_ws/install/motor_control/share/motor_control/hook/cmake_prefix_path.sh'
[0.272s] Level 1:colcon.colcon_core.environment:checking '/home/nikhil/Work/ROS/control_ws/install/motor_control/bin'
[0.272s] Level 1:colcon.colcon_core.environment:checking '/home/nikhil/Work/ROS/control_ws/install/motor_control/lib/pkgconfig/motor_control.pc'
[0.272s] Level 1:colcon.colcon_core.environment:checking '/home/nikhil/Work/ROS/control_ws/install/motor_control/lib/python3.10/site-packages'
[0.272s] Level 1:colcon.colcon_core.environment:checking '/home/nikhil/Work/ROS/control_ws/install/motor_control/bin'
[0.272s] INFO:colcon.colcon_core.shell:Creating package script '/home/nikhil/Work/ROS/control_ws/install/motor_control/share/motor_control/package.ps1'
[0.273s] INFO:colcon.colcon_core.shell:Creating package descriptor '/home/nikhil/Work/ROS/control_ws/install/motor_control/share/motor_control/package.dsv'
[0.273s] INFO:colcon.colcon_core.shell:Creating package script '/home/nikhil/Work/ROS/control_ws/install/motor_control/share/motor_control/package.sh'
[0.274s] INFO:colcon.colcon_core.shell:Creating package script '/home/nikhil/Work/ROS/control_ws/install/motor_control/share/motor_control/package.bash'
[0.274s] INFO:colcon.colcon_core.shell:Creating package script '/home/nikhil/Work/ROS/control_ws/install/motor_control/share/motor_control/package.zsh'
[0.275s] Level 1:colcon.colcon_core.environment:create_file_with_runtime_dependencies(/home/nikhil/Work/ROS/control_ws/install/motor_control/share/colcon-core/packages/motor_control)
[0.275s] Level 1:colcon.colcon_core.environment:create_environment_scripts_only(motor_control)
[0.275s] Level 1:colcon.colcon_core.environment:checking '/home/nikhil/Work/ROS/control_ws/install/motor_control' for CMake module files
[0.276s] Level 1:colcon.colcon_core.environment:checking '/home/nikhil/Work/ROS/control_ws/install/motor_control' for CMake config files
[0.276s] Level 1:colcon.colcon_core.shell:create_environment_hook('motor_control', 'cmake_prefix_path')
[0.276s] INFO:colcon.colcon_core.shell:Creating environment hook '/home/nikhil/Work/ROS/control_ws/install/motor_control/share/motor_control/hook/cmake_prefix_path.ps1'
[0.277s] INFO:colcon.colcon_core.shell:Creating environment descriptor '/home/nikhil/Work/ROS/control_ws/install/motor_control/share/motor_control/hook/cmake_prefix_path.dsv'
[0.277s] INFO:colcon.colcon_core.shell:Creating environment hook '/home/nikhil/Work/ROS/control_ws/install/motor_control/share/motor_control/hook/cmake_prefix_path.sh'
[0.277s] Level 1:colcon.colcon_core.environment:checking '/home/nikhil/Work/ROS/control_ws/install/motor_control/bin'
[0.277s] Level 1:colcon.colcon_core.environment:checking '/home/nikhil/Work/ROS/control_ws/install/motor_control/lib/pkgconfig/motor_control.pc'
[0.277s] Level 1:colcon.colcon_core.environment:checking '/home/nikhil/Work/ROS/control_ws/install/motor_control/lib/python3.10/site-packages'
[0.278s] Level 1:colcon.colcon_core.environment:checking '/home/nikhil/Work/ROS/control_ws/install/motor_control/bin'
[0.278s] INFO:colcon.colcon_core.shell:Creating package script '/home/nikhil/Work/ROS/control_ws/install/motor_control/share/motor_control/package.ps1'
[0.278s] INFO:colcon.colcon_core.shell:Creating package descriptor '/home/nikhil/Work/ROS/control_ws/install/motor_control/share/motor_control/package.dsv'
[0.278s] INFO:colcon.colcon_core.shell:Creating package script '/home/nikhil/Work/ROS/control_ws/install/motor_control/share/motor_control/package.sh'
[0.278s] INFO:colcon.colcon_core.shell:Creating package script '/home/nikhil/Work/ROS/control_ws/install/motor_control/share/motor_control/package.bash'
[0.279s] INFO:colcon.colcon_core.shell:Creating package script '/home/nikhil/Work/ROS/control_ws/install/motor_control/share/motor_control/package.zsh'
[0.279s] Level 1:colcon.colcon_core.environment:create_file_with_runtime_dependencies(/home/nikhil/Work/ROS/control_ws/install/motor_control/share/colcon-core/packages/motor_control)
[0.282s] Level 1:colcon.colcon_core.environment:create_environment_scripts_only(micro_ros_agent)
[0.282s] Level 1:colcon.colcon_core.environment:checking '/home/nikhil/Work/ROS/control_ws/install/micro_ros_agent' for CMake module files
[0.283s] DEBUG:colcon.colcon_core.event_handler.log_command:Invoked command in '/home/nikhil/Work/ROS/control_ws/build/micro_ros_agent' returned '0': CMAKE_PREFIX_PATH=${CMAKE_PREFIX_PATH}:/home/nikhil/Work/ROS/ros2_ws/install/py_pkg:/opt/ros/humble /usr/bin/cmake --install /home/nikhil/Work/ROS/control_ws/build/micro_ros_agent
[0.283s] Level 1:colcon.colcon_core.environment:checking '/home/nikhil/Work/ROS/control_ws/install/micro_ros_agent' for CMake config files
[0.283s] Level 1:colcon.colcon_core.shell:create_environment_hook('micro_ros_agent', 'cmake_prefix_path')
[0.283s] INFO:colcon.colcon_core.shell:Creating environment hook '/home/nikhil/Work/ROS/control_ws/install/micro_ros_agent/share/micro_ros_agent/hook/cmake_prefix_path.ps1'
[0.284s] INFO:colcon.colcon_core.shell:Creating environment descriptor '/home/nikhil/Work/ROS/control_ws/install/micro_ros_agent/share/micro_ros_agent/hook/cmake_prefix_path.dsv'
[0.284s] INFO:colcon.colcon_core.shell:Creating environment hook '/home/nikhil/Work/ROS/control_ws/install/micro_ros_agent/share/micro_ros_agent/hook/cmake_prefix_path.sh'
[0.284s] Level 1:colcon.colcon_core.environment:checking '/home/nikhil/Work/ROS/control_ws/install/micro_ros_agent/lib'
[0.284s] Level 1:colcon.colcon_core.shell:create_environment_hook('micro_ros_agent', 'ld_library_path_lib')
[0.284s] INFO:colcon.colcon_core.shell:Creating environment hook '/home/nikhil/Work/ROS/control_ws/install/micro_ros_agent/share/micro_ros_agent/hook/ld_library_path_lib.ps1'
[0.285s] INFO:colcon.colcon_core.shell:Creating environment descriptor '/home/nikhil/Work/ROS/control_ws/install/micro_ros_agent/share/micro_ros_agent/hook/ld_library_path_lib.dsv'
[0.285s] INFO:colcon.colcon_core.shell:Creating environment hook '/home/nikhil/Work/ROS/control_ws/install/micro_ros_agent/share/micro_ros_agent/hook/ld_library_path_lib.sh'
[0.285s] Level 1:colcon.colcon_core.environment:checking '/home/nikhil/Work/ROS/control_ws/install/micro_ros_agent/bin'
[0.285s] Level 1:colcon.colcon_core.environment:checking '/home/nikhil/Work/ROS/control_ws/install/micro_ros_agent/lib/pkgconfig/micro_ros_agent.pc'
[0.285s] Level 1:colcon.colcon_core.environment:checking '/home/nikhil/Work/ROS/control_ws/install/micro_ros_agent/lib/python3.10/site-packages'
[0.285s] Level 1:colcon.colcon_core.environment:checking '/home/nikhil/Work/ROS/control_ws/install/micro_ros_agent/bin'
[0.285s] INFO:colcon.colcon_core.shell:Creating package script '/home/nikhil/Work/ROS/control_ws/install/micro_ros_agent/share/micro_ros_agent/package.ps1'
[0.286s] INFO:colcon.colcon_core.shell:Creating package descriptor '/home/nikhil/Work/ROS/control_ws/install/micro_ros_agent/share/micro_ros_agent/package.dsv'
[0.286s] INFO:colcon.colcon_core.shell:Creating package script '/home/nikhil/Work/ROS/control_ws/install/micro_ros_agent/share/micro_ros_agent/package.sh'
[0.286s] INFO:colcon.colcon_core.shell:Creating package script '/home/nikhil/Work/ROS/control_ws/install/micro_ros_agent/share/micro_ros_agent/package.bash'
[0.286s] INFO:colcon.colcon_core.shell:Creating package script '/home/nikhil/Work/ROS/control_ws/install/micro_ros_agent/share/micro_ros_agent/package.zsh'
[0.286s] Level 1:colcon.colcon_core.environment:create_file_with_runtime_dependencies(/home/nikhil/Work/ROS/control_ws/install/micro_ros_agent/share/colcon-core/packages/micro_ros_agent)
[0.287s] Level 1:colcon.colcon_core.environment:create_environment_scripts_only(micro_ros_agent)
[0.287s] Level 1:colcon.colcon_core.environment:checking '/home/nikhil/Work/ROS/control_ws/install/micro_ros_agent' for CMake module files
[0.287s] Level 1:colcon.colcon_core.environment:checking '/home/nikhil/Work/ROS/control_ws/install/micro_ros_agent' for CMake config files
[0.287s] Level 1:colcon.colcon_core.shell:create_environment_hook('micro_ros_agent', 'cmake_prefix_path')
[0.287s] INFO:colcon.colcon_core.shell:Creating environment hook '/home/nikhil/Work/ROS/control_ws/install/micro_ros_agent/share/micro_ros_agent/hook/cmake_prefix_path.ps1'
[0.288s] INFO:colcon.colcon_core.shell:Creating environment descriptor '/home/nikhil/Work/ROS/control_ws/install/micro_ros_agent/share/micro_ros_agent/hook/cmake_prefix_path.dsv'
[0.288s] INFO:colcon.colcon_core.shell:Creating environment hook '/home/nikhil/Work/ROS/control_ws/install/micro_ros_agent/share/micro_ros_agent/hook/cmake_prefix_path.sh'
[0.288s] Level 1:colcon.colcon_core.environment:checking '/home/nikhil/Work/ROS/control_ws/install/micro_ros_agent/lib'
[0.288s] Level 1:colcon.colcon_core.shell:create_environment_hook('micro_ros_agent', 'ld_library_path_lib')
[0.288s] INFO:colcon.colcon_core.shell:Creating environment hook '/home/nikhil/Work/ROS/control_ws/install/micro_ros_agent/share/micro_ros_agent/hook/ld_library_path_lib.ps1'
[0.288s] INFO:colcon.colcon_core.shell:Creating environment descriptor '/home/nikhil/Work/ROS/control_ws/install/micro_ros_agent/share/micro_ros_agent/hook/ld_library_path_lib.dsv'
[0.288s] INFO:colcon.colcon_core.shell:Creating environment hook '/home/nikhil/Work/ROS/control_ws/install/micro_ros_agent/share/micro_ros_agent/hook/ld_library_path_lib.sh'
[0.289s] Level 1:colcon.colcon_core.environment:checking '/home/nikhil/Work/ROS/control_ws/install/micro_ros_agent/bin'
[0.289s] Level 1:colcon.colcon_core.environment:checking '/home/nikhil/Work/ROS/control_ws/install/micro_ros_agent/lib/pkgconfig/micro_ros_agent.pc'
[0.289s] Level 1:colcon.colcon_core.environment:checking '/home/nikhil/Work/ROS/control_ws/install/micro_ros_agent/lib/python3.10/site-packages'
[0.289s] Level 1:colcon.colcon_core.environment:checking '/home/nikhil/Work/ROS/control_ws/install/micro_ros_agent/bin'
[0.289s] INFO:colcon.colcon_core.shell:Creating package script '/home/nikhil/Work/ROS/control_ws/install/micro_ros_agent/share/micro_ros_agent/package.ps1'
[0.289s] INFO:colcon.colcon_core.shell:Creating package descriptor '/home/nikhil/Work/ROS/control_ws/install/micro_ros_agent/share/micro_ros_agent/package.dsv'
[0.290s] INFO:colcon.colcon_core.shell:Creating package script '/home/nikhil/Work/ROS/control_ws/install/micro_ros_agent/share/micro_ros_agent/package.sh'
[0.290s] INFO:colcon.colcon_core.shell:Creating package script '/home/nikhil/Work/ROS/control_ws/install/micro_ros_agent/share/micro_ros_agent/package.bash'
[0.290s] INFO:colcon.colcon_core.shell:Creating package script '/home/nikhil/Work/ROS/control_ws/install/micro_ros_agent/share/micro_ros_agent/package.zsh'
[0.290s] Level 1:colcon.colcon_core.environment:create_file_with_runtime_dependencies(/home/nikhil/Work/ROS/control_ws/install/micro_ros_agent/share/colcon-core/packages/micro_ros_agent)
[0.290s] DEBUG:colcon.colcon_parallel_executor.executor.parallel:closing loop
[0.290s] DEBUG:colcon.colcon_parallel_executor.executor.parallel:loop closed
[0.291s] DEBUG:colcon.colcon_parallel_executor.executor.parallel:run_until_complete finished with '0'
[0.291s] DEBUG:colcon.colcon_core.event_reactor:joining thread
[0.294s] INFO:colcon.colcon_core.plugin_system:Skipping extension 'colcon_notification.desktop_notification.terminal_notifier': Not used on non-Darwin systems
[0.294s] INFO:colcon.colcon_core.plugin_system:Skipping extension 'colcon_notification.desktop_notification.win32': Not used on non-Windows systems
[0.294s] INFO:colcon.colcon_notification.desktop_notification:Sending desktop notification using 'notify2'
[0.300s] DEBUG:colcon.colcon_core.event_reactor:joined thread
[0.301s] INFO:colcon.colcon_core.shell:Creating prefix script '/home/nikhil/Work/ROS/control_ws/install/local_setup.ps1'
[0.301s] INFO:colcon.colcon_core.shell:Creating prefix util module '/home/nikhil/Work/ROS/control_ws/install/_local_setup_util_ps1.py'
[0.302s] INFO:colcon.colcon_core.shell:Creating prefix chain script '/home/nikhil/Work/ROS/control_ws/install/setup.ps1'
[0.303s] INFO:colcon.colcon_core.shell:Creating prefix script '/home/nikhil/Work/ROS/control_ws/install/local_setup.sh'
[0.303s] INFO:colcon.colcon_core.shell:Creating prefix util module '/home/nikhil/Work/ROS/control_ws/install/_local_setup_util_sh.py'
[0.303s] INFO:colcon.colcon_core.shell:Creating prefix chain script '/home/nikhil/Work/ROS/control_ws/install/setup.sh'
[0.304s] INFO:colcon.colcon_core.shell:Creating prefix script '/home/nikhil/Work/ROS/control_ws/install/local_setup.bash'
[0.304s] INFO:colcon.colcon_core.shell:Creating prefix chain script '/home/nikhil/Work/ROS/control_ws/install/setup.bash'
[0.305s] INFO:colcon.colcon_core.shell:Creating prefix script '/home/nikhil/Work/ROS/control_ws/install/local_setup.zsh'
[0.305s] INFO:colcon.colcon_core.shell:Creating prefix chain script '/home/nikhil/Work/ROS/control_ws/install/setup.zsh'
