[0.016s] Invoking command in '/home/nikhil/Work/ROS/control_ws/build/diff_drive': CMAKE_PREFIX_PATH=${CMAKE_PREFIX_PATH}:/home/nikhil/Work/ROS/ros2_ws/install/py_pkg:/opt/ros/humble /usr/bin/cmake --build /home/nikhil/Work/ROS/control_ws/build/diff_drive -- -j20 -l20
[0.087s] [ 50%] [32mBuilding CXX object CMakeFiles/diff_drive.dir/hardware/diffdrive_system.cpp.o[0m
[7.294s] [100%] [32m[1mLinking CXX shared library libdiff_drive.so[0m
[7.770s] [100%] Built target diff_drive
[7.782s] Invoked command in '/home/nikhil/Work/ROS/control_ws/build/diff_drive' returned '0': CMAKE_PREFIX_PATH=${CMAKE_PREFIX_PATH}:/home/nikhil/Work/ROS/ros2_ws/install/py_pkg:/opt/ros/humble /usr/bin/cmake --build /home/nikhil/Work/ROS/control_ws/build/diff_drive -- -j20 -l20
[7.782s] Invoking command in '/home/nikhil/Work/ROS/control_ws/build/diff_drive': CMAKE_PREFIX_PATH=${CMAKE_PREFIX_PATH}:/home/nikhil/Work/ROS/ros2_ws/install/py_pkg:/opt/ros/humble /usr/bin/cmake --install /home/nikhil/Work/ROS/control_ws/build/diff_drive
[7.789s] -- Install configuration: ""
[7.789s] -- Execute custom install script
[7.790s] -- Up-to-date symlink: /home/nikhil/Work/ROS/control_ws/install/diff_drive/share/diff_drive//diff_drive.xml
[7.790s] -- Up-to-date symlink: /home/nikhil/Work/ROS/control_ws/install/diff_drive/include/diff_drive/diff_drive/diffdrive_system.hpp
[7.790s] -- Up-to-date symlink: /home/nikhil/Work/ROS/control_ws/install/diff_drive/include/diff_drive/diff_drive/visibility_control.h
[7.790s] -- Up-to-date symlink: /home/nikhil/Work/ROS/control_ws/install/diff_drive/include/diff_drive/diff_drive/wheel.hpp
[7.790s] -- Up-to-date symlink: /home/nikhil/Work/ROS/control_ws/install/diff_drive/share/diff_drive/ros2_control/diff_drive.ros2_control.xacro
[7.791s] -- Up-to-date symlink: /home/nikhil/Work/ROS/control_ws/install/diff_drive/share/diff_drive/urdf/diff_drive.materials.xacro
[7.791s] -- Up-to-date symlink: /home/nikhil/Work/ROS/control_ws/install/diff_drive/share/diff_drive/urdf/diff_drive.urdf.xacro
[7.791s] -- Up-to-date symlink: /home/nikhil/Work/ROS/control_ws/install/diff_drive/share/diff_drive/urdf/diff_drive_description.urdf.xacro
[7.791s] -- Up-to-date symlink: /home/nikhil/Work/ROS/control_ws/install/diff_drive/share/diff_drive/rviz/diff_drive.rviz
[7.791s] -- Up-to-date symlink: /home/nikhil/Work/ROS/control_ws/install/diff_drive/share/diff_drive/rviz/diff_drive_view.rviz
[7.791s] -- Up-to-date symlink: /home/nikhil/Work/ROS/control_ws/install/diff_drive/share/diff_drive/launch/diff_drive.launch.py
[7.791s] -- Up-to-date symlink: /home/nikhil/Work/ROS/control_ws/install/diff_drive/share/diff_drive/config/diff_drive_controllers.yaml
[7.792s] -- Up-to-date symlink: /home/nikhil/Work/ROS/control_ws/install/diff_drive/share/diff_drive/environment/library_path.sh
[7.792s] -- Up-to-date symlink: /home/nikhil/Work/ROS/control_ws/install/diff_drive/share/diff_drive/environment/library_path.dsv
[7.792s] -- Up-to-date symlink: /home/nikhil/Work/ROS/control_ws/install/diff_drive/share/ament_index/resource_index/package_run_dependencies/diff_drive
[7.792s] -- Up-to-date symlink: /home/nikhil/Work/ROS/control_ws/install/diff_drive/share/ament_index/resource_index/parent_prefix_path/diff_drive
[7.792s] -- Up-to-date symlink: /home/nikhil/Work/ROS/control_ws/install/diff_drive/share/diff_drive/environment/ament_prefix_path.sh
[7.792s] -- Up-to-date symlink: /home/nikhil/Work/ROS/control_ws/install/diff_drive/share/diff_drive/environment/ament_prefix_path.dsv
[7.792s] -- Up-to-date symlink: /home/nikhil/Work/ROS/control_ws/install/diff_drive/share/diff_drive/environment/path.sh
[7.792s] -- Up-to-date symlink: /home/nikhil/Work/ROS/control_ws/install/diff_drive/share/diff_drive/environment/path.dsv
[7.793s] -- Up-to-date symlink: /home/nikhil/Work/ROS/control_ws/install/diff_drive/share/diff_drive/local_setup.bash
[7.793s] -- Up-to-date symlink: /home/nikhil/Work/ROS/control_ws/install/diff_drive/share/diff_drive/local_setup.sh
[7.793s] -- Up-to-date symlink: /home/nikhil/Work/ROS/control_ws/install/diff_drive/share/diff_drive/local_setup.zsh
[7.793s] -- Up-to-date symlink: /home/nikhil/Work/ROS/control_ws/install/diff_drive/share/diff_drive/local_setup.dsv
[7.793s] -- Symlinking: /home/nikhil/Work/ROS/control_ws/install/diff_drive/share/diff_drive/package.dsv
[7.800s] -- Up-to-date symlink: /home/nikhil/Work/ROS/control_ws/install/diff_drive/share/ament_index/resource_index/packages/diff_drive
[7.800s] -- Up-to-date symlink: /home/nikhil/Work/ROS/control_ws/install/diff_drive/share/ament_index/resource_index/hardware_interface__pluginlib__plugin/diff_drive
[7.801s] -- Up-to-date symlink: /home/nikhil/Work/ROS/control_ws/install/diff_drive/share/diff_drive/cmake/ament_cmake_export_targets-extras.cmake
[7.801s] -- Up-to-date symlink: /home/nikhil/Work/ROS/control_ws/install/diff_drive/share/diff_drive/cmake/ament_cmake_export_dependencies-extras.cmake
[7.801s] -- Up-to-date symlink: /home/nikhil/Work/ROS/control_ws/install/diff_drive/share/diff_drive/cmake/diff_driveConfig.cmake
[7.801s] -- Up-to-date symlink: /home/nikhil/Work/ROS/control_ws/install/diff_drive/share/diff_drive/cmake/diff_driveConfig-version.cmake
[7.801s] -- Up-to-date symlink: /home/nikhil/Work/ROS/control_ws/install/diff_drive/share/diff_drive/package.xml
[7.801s] -- Installing: /home/nikhil/Work/ROS/control_ws/install/diff_drive/lib/libdiff_drive.so
[7.813s] -- Set runtime path of "/home/nikhil/Work/ROS/control_ws/install/diff_drive/lib/libdiff_drive.so" to ""
[7.814s] -- Up-to-date: /home/nikhil/Work/ROS/control_ws/install/diff_drive/share/diff_drive/cmake/export_diff_driveExport.cmake
[7.814s] -- Up-to-date: /home/nikhil/Work/ROS/control_ws/install/diff_drive/share/diff_drive/cmake/export_diff_driveExport-noconfig.cmake
[7.816s] Invoked command in '/home/nikhil/Work/ROS/control_ws/build/diff_drive' returned '0': CMAKE_PREFIX_PATH=${CMAKE_PREFIX_PATH}:/home/nikhil/Work/ROS/ros2_ws/install/py_pkg:/opt/ros/humble /usr/bin/cmake --install /home/nikhil/Work/ROS/control_ws/build/diff_drive
