[0.010s] Invoking command in '/home/nikhil/Work/ROS/controller_ws/build/diff_drive_controller': CMAKE_PREFIX_PATH=${CMAKE_PREFIX_PATH}:/home/nikhil/Work/ROS/ros2_ws/install/py_pkg:/opt/ros/humble /usr/bin/cmake /home/nikhil/Work/ROS/controller_ws/src/diff_drive_controller -DCMAKE_INSTALL_PREFIX=/home/nikhil/Work/ROS/controller_ws/install/diff_drive_controller
[0.056s] -- The CXX compiler identification is GNU 11.4.0
[0.063s] -- Detecting CXX compiler ABI info
[0.119s] -- Detecting CXX compiler ABI info - done
[0.124s] -- Check for working CXX compiler: /usr/bin/c++ - skipped
[0.124s] -- Detecting CXX compile features
[0.124s] -- Detecting CXX compile features - done
[0.126s] -- Found ament_cmake: 1.3.11 (/opt/ros/humble/share/ament_cmake/cmake)
[0.226s] -- Found Python3: /usr/bin/python3 (found version "3.10.12") found components: Interpreter 
[0.290s] -- Found controller_interface: 2.48.0 (/opt/ros/humble/share/controller_interface/cmake)
[0.321s] -- Found rosidl_generator_c: 3.1.6 (/opt/ros/humble/share/rosidl_generator_c/cmake)
[0.325s] -- Found rosidl_adapter: 3.1.6 (/opt/ros/humble/share/rosidl_adapter/cmake)
[0.331s] -- Found rosidl_generator_cpp: 3.1.6 (/opt/ros/humble/share/rosidl_generator_cpp/cmake)
[0.340s] -- Using all available rosidl_typesupport_c: rosidl_typesupport_fastrtps_c;rosidl_typesupport_introspection_c
[0.351s] -- Using all available rosidl_typesupport_cpp: rosidl_typesupport_fastrtps_cpp;rosidl_typesupport_introspection_cpp
[0.478s] -- Found rmw_implementation_cmake: 6.1.2 (/opt/ros/humble/share/rmw_implementation_cmake/cmake)
[0.481s] -- Found rmw_cyclonedds_cpp: 1.3.4 (/opt/ros/humble/share/rmw_cyclonedds_cpp/cmake)
[0.497s] -- Using RMW implementation 'rmw_cyclonedds_cpp' as default
[0.504s] -- Looking for C++ include pthread.h
[0.582s] -- Looking for C++ include pthread.h - found
[0.582s] -- Performing Test CMAKE_HAVE_LIBC_PTHREAD
[0.659s] -- Performing Test CMAKE_HAVE_LIBC_PTHREAD - Success
[0.660s] -- Found Threads: TRUE  
[0.692s] -- Found generate_parameter_library: 0.4.0 (/opt/ros/humble/share/generate_parameter_library/cmake)
[0.693s] -- Found parameter_traits: 0.4.0 (/opt/ros/humble/share/parameter_traits/cmake)
[0.706s] -- Found nav_msgs: 4.2.4 (/opt/ros/humble/share/nav_msgs/cmake)
[0.716s] -- Found realtime_tools: 2.11.0 (/opt/ros/humble/share/realtime_tools/cmake)
[0.726s] -- Found tf2: 0.25.12 (/opt/ros/humble/share/tf2/cmake)
[0.729s] -- Found tf2_msgs: 0.25.12 (/opt/ros/humble/share/tf2_msgs/cmake)
[0.759s] -- Found ament_cmake_gmock: 1.3.11 (/opt/ros/humble/share/ament_cmake_gmock/cmake)
[0.761s] -- Found controller_manager: 2.48.0 (/opt/ros/humble/share/controller_manager/cmake)
[0.779s] -- Found ros2_control_test_assets: 2.48.0 (/opt/ros/humble/share/ros2_control_test_assets/cmake)
[0.782s] -- Found gmock sources under '/opt/ros/humble/src/gmock_vendor': C++ tests using 'Google Mock' will be built
[0.811s] -- The C compiler identification is GNU 11.4.0
[0.816s] -- Detecting C compiler ABI info
[0.886s] -- Detecting C compiler ABI info - done
[0.893s] -- Check for working C compiler: /usr/bin/cc - skipped
[0.893s] -- Detecting C compile features
[0.893s] -- Detecting C compile features - done
[0.897s] -- Found ament_cmake_gtest: 1.3.11 (/opt/ros/humble/share/ament_cmake_gtest/cmake)
[0.898s] -- Found gtest sources under '/opt/ros/humble/src/gtest_vendor': C++ tests using 'Google Test' will be built
[0.953s] -- Configuring done
[0.990s] -- Generating done
[0.996s] -- Build files have been written to: /home/nikhil/Work/ROS/controller_ws/build/diff_drive_controller
[1.004s] Invoked command in '/home/nikhil/Work/ROS/controller_ws/build/diff_drive_controller' returned '0': CMAKE_PREFIX_PATH=${CMAKE_PREFIX_PATH}:/home/nikhil/Work/ROS/ros2_ws/install/py_pkg:/opt/ros/humble /usr/bin/cmake /home/nikhil/Work/ROS/controller_ws/src/diff_drive_controller -DCMAKE_INSTALL_PREFIX=/home/nikhil/Work/ROS/controller_ws/install/diff_drive_controller
[1.004s] Invoking command in '/home/nikhil/Work/ROS/controller_ws/build/diff_drive_controller': CMAKE_PREFIX_PATH=${CMAKE_PREFIX_PATH}:/home/nikhil/Work/ROS/ros2_ws/install/py_pkg:/opt/ros/humble /usr/bin/cmake --build /home/nikhil/Work/ROS/controller_ws/build/diff_drive_controller -- -j20 -l20
[1.042s] [  6%] [32mBuilding CXX object gmock/CMakeFiles/gmock_main.dir/src/gmock_main.cc.o[0m
[1.043s] [ 13%] [34m[1mRunning `/opt/ros/humble/bin/generate_parameter_library_cpp /home/nikhil/Work/ROS/controller_ws/build/diff_drive_controller/include/diff_drive_controller/diff_drive_controller_parameters.hpp /home/nikhil/Work/ROS/controller_ws/src/diff_drive_controller/src/diff_drive_controller_parameter.yaml `[0m
[1.044s] [ 26%] [32mBuilding CXX object gmock/CMakeFiles/gmock.dir/opt/ros/humble/src/gtest_vendor/src/gtest-all.cc.o[0m
[1.044s] [ 26%] [32mBuilding CXX object gmock/CMakeFiles/gmock.dir/src/gmock-all.cc.o[0m
[1.560s] [ 33%] [34m[1mCreating deprecated header file /home/nikhil/Work/ROS/controller_ws/build/diff_drive_controller/include/diff_drive_controller_parameters.hpp[0m
[1.595s] [ 33%] Built target diff_drive_controller_parameters
[1.614s] [ 40%] [32mBuilding CXX object CMakeFiles/diff_drive_controller.dir/src/odometry.cpp.o[0m
[1.614s] [ 53%] [32mBuilding CXX object CMakeFiles/diff_drive_controller.dir/src/diff_drive_controller.cpp.o[0m
[1.614s] [ 53%] [32mBuilding CXX object CMakeFiles/diff_drive_controller.dir/src/speed_limiter.cpp.o[0m
[1.699s] [ 60%] [32m[1mLinking CXX static library libgmock_main.a[0m
[1.754s] [ 60%] Built target gmock_main
[2.837s] [ 66%] [32m[1mLinking CXX static library libgmock.a[0m
[2.900s] [ 66%] Built target gmock
[2.918s] [ 73%] [32mBuilding CXX object CMakeFiles/test_load_diff_drive_controller.dir/test/test_load_diff_drive_controller.cpp.o[0m
[5.663s] [ 80%] [32m[1mLinking CXX executable test_load_diff_drive_controller[0m
[5.833s] [ 80%] Built target test_load_diff_drive_controller
[8.894s] [ 86%] [32m[1mLinking CXX shared library libdiff_drive_controller.so[0m
[9.372s] [ 86%] Built target diff_drive_controller
[9.389s] [ 93%] [32mBuilding CXX object CMakeFiles/test_diff_drive_controller.dir/test/test_diff_drive_controller.cpp.o[0m
[12.921s] [100%] [32m[1mLinking CXX executable test_diff_drive_controller[0m
[13.404s] [100%] Built target test_diff_drive_controller
[13.415s] Invoked command in '/home/nikhil/Work/ROS/controller_ws/build/diff_drive_controller' returned '0': CMAKE_PREFIX_PATH=${CMAKE_PREFIX_PATH}:/home/nikhil/Work/ROS/ros2_ws/install/py_pkg:/opt/ros/humble /usr/bin/cmake --build /home/nikhil/Work/ROS/controller_ws/build/diff_drive_controller -- -j20 -l20
[13.416s] Invoking command in '/home/nikhil/Work/ROS/controller_ws/build/diff_drive_controller': CMAKE_PREFIX_PATH=${CMAKE_PREFIX_PATH}:/home/nikhil/Work/ROS/ros2_ws/install/py_pkg:/opt/ros/humble /usr/bin/cmake --install /home/nikhil/Work/ROS/controller_ws/build/diff_drive_controller
[13.420s] -- Install configuration: ""
[13.420s] -- Installing: /home/nikhil/Work/ROS/controller_ws/install/diff_drive_controller/include/diff_drive_controller
[13.420s] -- Installing: /home/nikhil/Work/ROS/controller_ws/install/diff_drive_controller/include/diff_drive_controller/diff_drive_controller_parameters.hpp
[13.421s] [31mCMake Error at cmake_install.cmake:50 (file):
[13.421s]   file INSTALL cannot find
[13.421s]   "/home/nikhil/Work/ROS/controller_ws/src/diff_drive_controller/diff_drive_plugin.xml":
[13.421s]   No such file or directory.
[13.421s] 
[13.421s] [0m
[13.421s] Invoked command in '/home/nikhil/Work/ROS/controller_ws/build/diff_drive_controller' returned '1': CMAKE_PREFIX_PATH=${CMAKE_PREFIX_PATH}:/home/nikhil/Work/ROS/ros2_ws/install/py_pkg:/opt/ros/humble /usr/bin/cmake --install /home/nikhil/Work/ROS/controller_ws/build/diff_drive_controller
