[0.059s] DEBUG:colcon:Command line arguments: ['/usr/bin/colcon', 'build', '--packages-select', 'my_robot_bringup', 'course_activities']
[0.059s] DEBUG:colcon:Parsed command line arguments: Namespace(log_base=None, log_level=None, verb_name='build', build_base='build', install_base='install', merge_install=False, symlink_install=False, test_result_base=None, continue_on_error=False, executor='parallel', parallel_workers=20, event_handlers=None, ignore_user_meta=False, metas=['./colcon.meta'], base_paths=['.'], packages_ignore=None, packages_ignore_regex=None, paths=None, packages_up_to=None, packages_up_to_regex=None, packages_above=None, packages_above_and_dependencies=None, packages_above_depth=None, packages_select_by_dep=None, packages_skip_by_dep=None, packages_skip_up_to=None, packages_select_build_failed=False, packages_skip_build_finished=False, packages_select_test_failures=False, packages_skip_test_passed=False, packages_select=['my_robot_bringup', 'course_activities'], packages_skip=None, packages_select_regex=None, packages_skip_regex=None, packages_start=None, packages_end=None, allow_overriding=[], cmake_args=None, cmake_target=None, cmake_target_skip_unavailable=False, cmake_clean_cache=False, cmake_clean_first=False, cmake_force_configure=False, ament_cmake_args=None, catkin_cmake_args=None, catkin_skip_building_tests=False, mixin_files=None, mixin=None, verb_parser=<colcon_mixin.mixin.mixin_argument.MixinArgumentDecorator object at 0x7b46dcfbf5e0>, verb_extension=<colcon_core.verb.build.BuildVerb object at 0x7b46dcfbea10>, main=<bound method BuildVerb.main of <colcon_core.verb.build.BuildVerb object at 0x7b46dcfbea10>>, mixin_verb=('build',))
[0.147s] Level 1:colcon.colcon_core.package_discovery:discover_packages(colcon_meta) check parameters
[0.147s] Level 1:colcon.colcon_core.package_discovery:discover_packages(recursive) check parameters
[0.147s] Level 1:colcon.colcon_core.package_discovery:discover_packages(ignore) check parameters
[0.147s] Level 1:colcon.colcon_core.package_discovery:discover_packages(path) check parameters
[0.147s] Level 1:colcon.colcon_core.package_discovery:discover_packages(colcon_meta) discover
[0.147s] Level 1:colcon.colcon_core.package_discovery:discover_packages(recursive) discover
[0.147s] INFO:colcon.colcon_core.package_discovery:Crawling recursively for packages in '/home/nikhil/ROS/ros2_ws'
[0.147s] Level 1:colcon.colcon_core.package_identification:_identify(.) by extensions ['ignore', 'ignore_ament_install']
[0.147s] Level 1:colcon.colcon_core.package_identification:_identify(.) by extension 'ignore'
[0.147s] Level 1:colcon.colcon_core.package_identification:_identify(.) by extension 'ignore_ament_install'
[0.147s] Level 1:colcon.colcon_core.package_identification:_identify(.) by extensions ['colcon_pkg']
[0.147s] Level 1:colcon.colcon_core.package_identification:_identify(.) by extension 'colcon_pkg'
[0.147s] Level 1:colcon.colcon_core.package_identification:_identify(.) by extensions ['colcon_meta']
[0.147s] Level 1:colcon.colcon_core.package_identification:_identify(.) by extension 'colcon_meta'
[0.147s] Level 1:colcon.colcon_core.package_identification:_identify(.) by extensions ['ros']
[0.147s] Level 1:colcon.colcon_core.package_identification:_identify(.) by extension 'ros'
[0.154s] Level 1:colcon.colcon_core.package_identification:_identify(.) by extensions ['cmake', 'python']
[0.154s] Level 1:colcon.colcon_core.package_identification:_identify(.) by extension 'cmake'
[0.154s] Level 1:colcon.colcon_core.package_identification:_identify(.) by extension 'python'
[0.154s] Level 1:colcon.colcon_core.package_identification:_identify(.) by extensions ['python_setup_py']
[0.154s] Level 1:colcon.colcon_core.package_identification:_identify(.) by extension 'python_setup_py'
[0.154s] Level 1:colcon.colcon_core.package_identification:_identify(build) by extensions ['ignore', 'ignore_ament_install']
[0.154s] Level 1:colcon.colcon_core.package_identification:_identify(build) by extension 'ignore'
[0.154s] Level 1:colcon.colcon_core.package_identification:_identify(build) ignored
[0.154s] Level 1:colcon.colcon_core.package_identification:_identify(install) by extensions ['ignore', 'ignore_ament_install']
[0.154s] Level 1:colcon.colcon_core.package_identification:_identify(install) by extension 'ignore'
[0.154s] Level 1:colcon.colcon_core.package_identification:_identify(install) ignored
[0.154s] Level 1:colcon.colcon_core.package_identification:_identify(log) by extensions ['ignore', 'ignore_ament_install']
[0.154s] Level 1:colcon.colcon_core.package_identification:_identify(log) by extension 'ignore'
[0.154s] Level 1:colcon.colcon_core.package_identification:_identify(log) ignored
[0.154s] Level 1:colcon.colcon_core.package_identification:_identify(src) by extensions ['ignore', 'ignore_ament_install']
[0.154s] Level 1:colcon.colcon_core.package_identification:_identify(src) by extension 'ignore'
[0.154s] Level 1:colcon.colcon_core.package_identification:_identify(src) by extension 'ignore_ament_install'
[0.154s] Level 1:colcon.colcon_core.package_identification:_identify(src) by extensions ['colcon_pkg']
[0.154s] Level 1:colcon.colcon_core.package_identification:_identify(src) by extension 'colcon_pkg'
[0.154s] Level 1:colcon.colcon_core.package_identification:_identify(src) by extensions ['colcon_meta']
[0.154s] Level 1:colcon.colcon_core.package_identification:_identify(src) by extension 'colcon_meta'
[0.154s] Level 1:colcon.colcon_core.package_identification:_identify(src) by extensions ['ros']
[0.154s] Level 1:colcon.colcon_core.package_identification:_identify(src) by extension 'ros'
[0.154s] Level 1:colcon.colcon_core.package_identification:_identify(src) by extensions ['cmake', 'python']
[0.154s] Level 1:colcon.colcon_core.package_identification:_identify(src) by extension 'cmake'
[0.154s] Level 1:colcon.colcon_core.package_identification:_identify(src) by extension 'python'
[0.154s] Level 1:colcon.colcon_core.package_identification:_identify(src) by extensions ['python_setup_py']
[0.154s] Level 1:colcon.colcon_core.package_identification:_identify(src) by extension 'python_setup_py'
[0.154s] Level 1:colcon.colcon_core.package_identification:_identify(src/course_activities) by extensions ['ignore', 'ignore_ament_install']
[0.154s] Level 1:colcon.colcon_core.package_identification:_identify(src/course_activities) by extension 'ignore'
[0.154s] Level 1:colcon.colcon_core.package_identification:_identify(src/course_activities) by extension 'ignore_ament_install'
[0.154s] Level 1:colcon.colcon_core.package_identification:_identify(src/course_activities) by extensions ['colcon_pkg']
[0.154s] Level 1:colcon.colcon_core.package_identification:_identify(src/course_activities) by extension 'colcon_pkg'
[0.154s] Level 1:colcon.colcon_core.package_identification:_identify(src/course_activities) by extensions ['colcon_meta']
[0.154s] Level 1:colcon.colcon_core.package_identification:_identify(src/course_activities) by extension 'colcon_meta'
[0.155s] Level 1:colcon.colcon_core.package_identification:_identify(src/course_activities) by extensions ['ros']
[0.155s] Level 1:colcon.colcon_core.package_identification:_identify(src/course_activities) by extension 'ros'
[0.156s] DEBUG:colcon.colcon_core.package_identification:Package 'src/course_activities' with type 'ros.ament_cmake' and name 'course_activities'
[0.156s] Level 1:colcon.colcon_core.package_identification:_identify(src/cpp_pkg) by extensions ['ignore', 'ignore_ament_install']
[0.156s] Level 1:colcon.colcon_core.package_identification:_identify(src/cpp_pkg) by extension 'ignore'
[0.156s] Level 1:colcon.colcon_core.package_identification:_identify(src/cpp_pkg) by extension 'ignore_ament_install'
[0.156s] Level 1:colcon.colcon_core.package_identification:_identify(src/cpp_pkg) by extensions ['colcon_pkg']
[0.156s] Level 1:colcon.colcon_core.package_identification:_identify(src/cpp_pkg) by extension 'colcon_pkg'
[0.156s] Level 1:colcon.colcon_core.package_identification:_identify(src/cpp_pkg) by extensions ['colcon_meta']
[0.156s] Level 1:colcon.colcon_core.package_identification:_identify(src/cpp_pkg) by extension 'colcon_meta'
[0.156s] Level 1:colcon.colcon_core.package_identification:_identify(src/cpp_pkg) by extensions ['ros']
[0.156s] Level 1:colcon.colcon_core.package_identification:_identify(src/cpp_pkg) by extension 'ros'
[0.157s] DEBUG:colcon.colcon_core.package_identification:Package 'src/cpp_pkg' with type 'ros.ament_cmake' and name 'cpp_pkg'
[0.157s] Level 1:colcon.colcon_core.package_identification:_identify(src/my_robot_bringup) by extensions ['ignore', 'ignore_ament_install']
[0.157s] Level 1:colcon.colcon_core.package_identification:_identify(src/my_robot_bringup) by extension 'ignore'
[0.157s] Level 1:colcon.colcon_core.package_identification:_identify(src/my_robot_bringup) by extension 'ignore_ament_install'
[0.157s] Level 1:colcon.colcon_core.package_identification:_identify(src/my_robot_bringup) by extensions ['colcon_pkg']
[0.157s] Level 1:colcon.colcon_core.package_identification:_identify(src/my_robot_bringup) by extension 'colcon_pkg'
[0.157s] Level 1:colcon.colcon_core.package_identification:_identify(src/my_robot_bringup) by extensions ['colcon_meta']
[0.157s] Level 1:colcon.colcon_core.package_identification:_identify(src/my_robot_bringup) by extension 'colcon_meta'
[0.157s] Level 1:colcon.colcon_core.package_identification:_identify(src/my_robot_bringup) by extensions ['ros']
[0.157s] Level 1:colcon.colcon_core.package_identification:_identify(src/my_robot_bringup) by extension 'ros'
[0.157s] DEBUG:colcon.colcon_core.package_identification:Package 'src/my_robot_bringup' with type 'ros.ament_cmake' and name 'my_robot_bringup'
[0.157s] Level 1:colcon.colcon_core.package_identification:_identify(src/my_robot_interfaces) by extensions ['ignore', 'ignore_ament_install']
[0.157s] Level 1:colcon.colcon_core.package_identification:_identify(src/my_robot_interfaces) by extension 'ignore'
[0.157s] Level 1:colcon.colcon_core.package_identification:_identify(src/my_robot_interfaces) by extension 'ignore_ament_install'
[0.157s] Level 1:colcon.colcon_core.package_identification:_identify(src/my_robot_interfaces) by extensions ['colcon_pkg']
[0.157s] Level 1:colcon.colcon_core.package_identification:_identify(src/my_robot_interfaces) by extension 'colcon_pkg'
[0.157s] Level 1:colcon.colcon_core.package_identification:_identify(src/my_robot_interfaces) by extensions ['colcon_meta']
[0.157s] Level 1:colcon.colcon_core.package_identification:_identify(src/my_robot_interfaces) by extension 'colcon_meta'
[0.157s] Level 1:colcon.colcon_core.package_identification:_identify(src/my_robot_interfaces) by extensions ['ros']
[0.157s] Level 1:colcon.colcon_core.package_identification:_identify(src/my_robot_interfaces) by extension 'ros'
[0.158s] DEBUG:colcon.colcon_core.package_identification:Package 'src/my_robot_interfaces' with type 'ros.ament_cmake' and name 'my_robot_interfaces'
[0.158s] Level 1:colcon.colcon_core.package_identification:_identify(src/py_pkg) by extensions ['ignore', 'ignore_ament_install']
[0.158s] Level 1:colcon.colcon_core.package_identification:_identify(src/py_pkg) by extension 'ignore'
[0.158s] Level 1:colcon.colcon_core.package_identification:_identify(src/py_pkg) by extension 'ignore_ament_install'
[0.158s] Level 1:colcon.colcon_core.package_identification:_identify(src/py_pkg) by extensions ['colcon_pkg']
[0.158s] Level 1:colcon.colcon_core.package_identification:_identify(src/py_pkg) by extension 'colcon_pkg'
[0.158s] Level 1:colcon.colcon_core.package_identification:_identify(src/py_pkg) by extensions ['colcon_meta']
[0.158s] Level 1:colcon.colcon_core.package_identification:_identify(src/py_pkg) by extension 'colcon_meta'
[0.158s] Level 1:colcon.colcon_core.package_identification:_identify(src/py_pkg) by extensions ['ros']
[0.158s] Level 1:colcon.colcon_core.package_identification:_identify(src/py_pkg) by extension 'ros'
[0.158s] DEBUG:colcon.colcon_core.package_identification:Package 'src/py_pkg' with type 'ros.ament_python' and name 'py_pkg'
[0.158s] Level 1:colcon.colcon_core.package_discovery:discover_packages(recursive) using defaults
[0.158s] Level 1:colcon.colcon_core.package_discovery:discover_packages(ignore) discover
[0.158s] Level 1:colcon.colcon_core.package_discovery:discover_packages(ignore) using defaults
[0.158s] Level 1:colcon.colcon_core.package_discovery:discover_packages(path) discover
[0.158s] Level 1:colcon.colcon_core.package_discovery:discover_packages(path) using defaults
[0.175s] INFO:colcon.colcon_core.package_selection:Skipping not selected package 'my_robot_interfaces' in 'src/my_robot_interfaces'
[0.175s] INFO:colcon.colcon_core.package_selection:Skipping not selected package 'py_pkg' in 'src/py_pkg'
[0.175s] INFO:colcon.colcon_core.package_selection:Skipping not selected package 'cpp_pkg' in 'src/cpp_pkg'
[0.175s] Level 1:colcon.colcon_core.package_discovery:discover_packages(prefix_path) check parameters
[0.175s] Level 1:colcon.colcon_core.package_discovery:discover_packages(prefix_path) discover
[0.176s] DEBUG:colcon.colcon_installed_package_information.package_discovery:Found 5 installed packages in /home/nikhil/ROS/ros2_ws/install
[0.176s] DEBUG:colcon.colcon_installed_package_information.package_discovery:Found 294 installed packages in /opt/ros/humble
[0.177s] Level 1:colcon.colcon_core.package_discovery:discover_packages(prefix_path) using defaults
[0.196s] Level 5:colcon.colcon_core.verb:set package 'course_activities' build argument 'cmake_args' from command line to 'None'
[0.196s] Level 5:colcon.colcon_core.verb:set package 'course_activities' build argument 'cmake_target' from command line to 'None'
[0.196s] Level 5:colcon.colcon_core.verb:set package 'course_activities' build argument 'cmake_target_skip_unavailable' from command line to 'False'
[0.196s] Level 5:colcon.colcon_core.verb:set package 'course_activities' build argument 'cmake_clean_cache' from command line to 'False'
[0.196s] Level 5:colcon.colcon_core.verb:set package 'course_activities' build argument 'cmake_clean_first' from command line to 'False'
[0.196s] Level 5:colcon.colcon_core.verb:set package 'course_activities' build argument 'cmake_force_configure' from command line to 'False'
[0.196s] Level 5:colcon.colcon_core.verb:set package 'course_activities' build argument 'ament_cmake_args' from command line to 'None'
[0.196s] Level 5:colcon.colcon_core.verb:set package 'course_activities' build argument 'catkin_cmake_args' from command line to 'None'
[0.196s] Level 5:colcon.colcon_core.verb:set package 'course_activities' build argument 'catkin_skip_building_tests' from command line to 'False'
[0.196s] DEBUG:colcon.colcon_core.verb:Building package 'course_activities' with the following arguments: {'ament_cmake_args': None, 'build_base': '/home/nikhil/ROS/ros2_ws/build/course_activities', 'catkin_cmake_args': None, 'catkin_skip_building_tests': False, 'cmake_args': None, 'cmake_clean_cache': False, 'cmake_clean_first': False, 'cmake_force_configure': False, 'cmake_target': None, 'cmake_target_skip_unavailable': False, 'install_base': '/home/nikhil/ROS/ros2_ws/install/course_activities', 'merge_install': False, 'path': '/home/nikhil/ROS/ros2_ws/src/course_activities', 'symlink_install': False, 'test_result_base': None}
[0.196s] Level 5:colcon.colcon_core.verb:set package 'my_robot_bringup' build argument 'cmake_args' from command line to 'None'
[0.196s] Level 5:colcon.colcon_core.verb:set package 'my_robot_bringup' build argument 'cmake_target' from command line to 'None'
[0.197s] Level 5:colcon.colcon_core.verb:set package 'my_robot_bringup' build argument 'cmake_target_skip_unavailable' from command line to 'False'
[0.197s] Level 5:colcon.colcon_core.verb:set package 'my_robot_bringup' build argument 'cmake_clean_cache' from command line to 'False'
[0.197s] Level 5:colcon.colcon_core.verb:set package 'my_robot_bringup' build argument 'cmake_clean_first' from command line to 'False'
[0.197s] Level 5:colcon.colcon_core.verb:set package 'my_robot_bringup' build argument 'cmake_force_configure' from command line to 'False'
[0.197s] Level 5:colcon.colcon_core.verb:set package 'my_robot_bringup' build argument 'ament_cmake_args' from command line to 'None'
[0.197s] Level 5:colcon.colcon_core.verb:set package 'my_robot_bringup' build argument 'catkin_cmake_args' from command line to 'None'
[0.197s] Level 5:colcon.colcon_core.verb:set package 'my_robot_bringup' build argument 'catkin_skip_building_tests' from command line to 'False'
[0.197s] DEBUG:colcon.colcon_core.verb:Building package 'my_robot_bringup' with the following arguments: {'ament_cmake_args': None, 'build_base': '/home/nikhil/ROS/ros2_ws/build/my_robot_bringup', 'catkin_cmake_args': None, 'catkin_skip_building_tests': False, 'cmake_args': None, 'cmake_clean_cache': False, 'cmake_clean_first': False, 'cmake_force_configure': False, 'cmake_target': None, 'cmake_target_skip_unavailable': False, 'install_base': '/home/nikhil/ROS/ros2_ws/install/my_robot_bringup', 'merge_install': False, 'path': '/home/nikhil/ROS/ros2_ws/src/my_robot_bringup', 'symlink_install': False, 'test_result_base': None}
[0.197s] INFO:colcon.colcon_core.executor:Executing jobs using 'parallel' executor
[0.197s] DEBUG:colcon.colcon_parallel_executor.executor.parallel:run_until_complete
[0.197s] INFO:colcon.colcon_ros.task.ament_cmake.build:Building ROS package in '/home/nikhil/ROS/ros2_ws/src/course_activities' with build type 'ament_cmake'
[0.197s] INFO:colcon.colcon_cmake.task.cmake.build:Building CMake package in '/home/nikhil/ROS/ros2_ws/src/course_activities'
[0.199s] INFO:colcon.colcon_core.plugin_system:Skipping extension 'colcon_core.shell.bat': Not used on non-Windows systems
[0.199s] INFO:colcon.colcon_core.shell:Skip shell extension 'powershell' for command environment: Not usable outside of PowerShell
[0.199s] DEBUG:colcon.colcon_core.shell:Skip shell extension 'dsv' for command environment
[0.206s] DEBUG:colcon.colcon_core.event_handler.log_command:Invoking command in '/home/nikhil/ROS/ros2_ws/build/course_activities': CMAKE_PREFIX_PATH=/home/nikhil/ROS/ros2_ws/install/my_robot_interfaces:/home/nikhil/ROS/ros2_ws/install/my_robot_bringup:/home/nikhil/ROS/ros2_ws/install/cpp_pkg:/home/nikhil/ROS/ros2_ws/install/course_activities:/home/nikhil/ROS/ros2_ws/install/py_pkg:/opt/ros/humble /usr/bin/cmake --build /home/nikhil/ROS/ros2_ws/build/course_activities -- -j20 -l20
[6.919s] DEBUG:colcon.colcon_core.event_handler.log_command:Invoked command in '/home/nikhil/ROS/ros2_ws/build/course_activities' returned '0': CMAKE_PREFIX_PATH=/home/nikhil/ROS/ros2_ws/install/my_robot_interfaces:/home/nikhil/ROS/ros2_ws/install/my_robot_bringup:/home/nikhil/ROS/ros2_ws/install/cpp_pkg:/home/nikhil/ROS/ros2_ws/install/course_activities:/home/nikhil/ROS/ros2_ws/install/py_pkg:/opt/ros/humble /usr/bin/cmake --build /home/nikhil/ROS/ros2_ws/build/course_activities -- -j20 -l20
[6.960s] DEBUG:colcon.colcon_core.event_handler.log_command:Invoking command in '/home/nikhil/ROS/ros2_ws/build/course_activities': CMAKE_PREFIX_PATH=/home/nikhil/ROS/ros2_ws/install/my_robot_interfaces:/home/nikhil/ROS/ros2_ws/install/my_robot_bringup:/home/nikhil/ROS/ros2_ws/install/cpp_pkg:/home/nikhil/ROS/ros2_ws/install/course_activities:/home/nikhil/ROS/ros2_ws/install/py_pkg:/opt/ros/humble /usr/bin/cmake --install /home/nikhil/ROS/ros2_ws/build/course_activities
[6.975s] Level 1:colcon.colcon_core.environment:create_environment_scripts_only(course_activities)
[6.975s] DEBUG:colcon.colcon_core.event_handler.log_command:Invoked command in '/home/nikhil/ROS/ros2_ws/build/course_activities' returned '0': CMAKE_PREFIX_PATH=/home/nikhil/ROS/ros2_ws/install/my_robot_interfaces:/home/nikhil/ROS/ros2_ws/install/my_robot_bringup:/home/nikhil/ROS/ros2_ws/install/cpp_pkg:/home/nikhil/ROS/ros2_ws/install/course_activities:/home/nikhil/ROS/ros2_ws/install/py_pkg:/opt/ros/humble /usr/bin/cmake --install /home/nikhil/ROS/ros2_ws/build/course_activities
[6.976s] Level 1:colcon.colcon_core.environment:checking '/home/nikhil/ROS/ros2_ws/install/course_activities' for CMake module files
[6.977s] Level 1:colcon.colcon_core.environment:checking '/home/nikhil/ROS/ros2_ws/install/course_activities' for CMake config files
[6.977s] Level 1:colcon.colcon_core.shell:create_environment_hook('course_activities', 'cmake_prefix_path')
[6.977s] INFO:colcon.colcon_core.shell:Creating environment hook '/home/nikhil/ROS/ros2_ws/install/course_activities/share/course_activities/hook/cmake_prefix_path.ps1'
[6.977s] INFO:colcon.colcon_core.shell:Creating environment descriptor '/home/nikhil/ROS/ros2_ws/install/course_activities/share/course_activities/hook/cmake_prefix_path.dsv'
[6.977s] INFO:colcon.colcon_core.shell:Creating environment hook '/home/nikhil/ROS/ros2_ws/install/course_activities/share/course_activities/hook/cmake_prefix_path.sh'
[6.978s] Level 1:colcon.colcon_core.environment:checking '/home/nikhil/ROS/ros2_ws/install/course_activities/lib'
[6.978s] Level 1:colcon.colcon_core.environment:checking '/home/nikhil/ROS/ros2_ws/install/course_activities/bin'
[6.978s] Level 1:colcon.colcon_core.environment:checking '/home/nikhil/ROS/ros2_ws/install/course_activities/lib/pkgconfig/course_activities.pc'
[6.978s] Level 1:colcon.colcon_core.environment:checking '/home/nikhil/ROS/ros2_ws/install/course_activities/lib/python3.10/site-packages'
[6.978s] Level 1:colcon.colcon_core.environment:checking '/home/nikhil/ROS/ros2_ws/install/course_activities/bin'
[6.979s] INFO:colcon.colcon_core.shell:Creating package script '/home/nikhil/ROS/ros2_ws/install/course_activities/share/course_activities/package.ps1'
[6.979s] INFO:colcon.colcon_core.shell:Creating package descriptor '/home/nikhil/ROS/ros2_ws/install/course_activities/share/course_activities/package.dsv'
[6.979s] INFO:colcon.colcon_core.shell:Creating package script '/home/nikhil/ROS/ros2_ws/install/course_activities/share/course_activities/package.sh'
[6.980s] INFO:colcon.colcon_core.shell:Creating package script '/home/nikhil/ROS/ros2_ws/install/course_activities/share/course_activities/package.bash'
[6.980s] INFO:colcon.colcon_core.shell:Creating package script '/home/nikhil/ROS/ros2_ws/install/course_activities/share/course_activities/package.zsh'
[6.980s] Level 1:colcon.colcon_core.environment:create_file_with_runtime_dependencies(/home/nikhil/ROS/ros2_ws/install/course_activities/share/colcon-core/packages/course_activities)
[7.040s] Level 1:colcon.colcon_core.environment:create_environment_scripts_only(course_activities)
[7.040s] Level 1:colcon.colcon_core.environment:checking '/home/nikhil/ROS/ros2_ws/install/course_activities' for CMake module files
[7.040s] Level 1:colcon.colcon_core.environment:checking '/home/nikhil/ROS/ros2_ws/install/course_activities' for CMake config files
[7.040s] Level 1:colcon.colcon_core.shell:create_environment_hook('course_activities', 'cmake_prefix_path')
[7.040s] INFO:colcon.colcon_core.shell:Creating environment hook '/home/nikhil/ROS/ros2_ws/install/course_activities/share/course_activities/hook/cmake_prefix_path.ps1'
[7.041s] INFO:colcon.colcon_core.shell:Creating environment descriptor '/home/nikhil/ROS/ros2_ws/install/course_activities/share/course_activities/hook/cmake_prefix_path.dsv'
[7.041s] INFO:colcon.colcon_core.shell:Creating environment hook '/home/nikhil/ROS/ros2_ws/install/course_activities/share/course_activities/hook/cmake_prefix_path.sh'
[7.041s] Level 1:colcon.colcon_core.environment:checking '/home/nikhil/ROS/ros2_ws/install/course_activities/lib'
[7.041s] Level 1:colcon.colcon_core.environment:checking '/home/nikhil/ROS/ros2_ws/install/course_activities/bin'
[7.041s] Level 1:colcon.colcon_core.environment:checking '/home/nikhil/ROS/ros2_ws/install/course_activities/lib/pkgconfig/course_activities.pc'
[7.041s] Level 1:colcon.colcon_core.environment:checking '/home/nikhil/ROS/ros2_ws/install/course_activities/lib/python3.10/site-packages'
[7.041s] Level 1:colcon.colcon_core.environment:checking '/home/nikhil/ROS/ros2_ws/install/course_activities/bin'
[7.041s] INFO:colcon.colcon_core.shell:Creating package script '/home/nikhil/ROS/ros2_ws/install/course_activities/share/course_activities/package.ps1'
[7.042s] INFO:colcon.colcon_core.shell:Creating package descriptor '/home/nikhil/ROS/ros2_ws/install/course_activities/share/course_activities/package.dsv'
[7.042s] INFO:colcon.colcon_core.shell:Creating package script '/home/nikhil/ROS/ros2_ws/install/course_activities/share/course_activities/package.sh'
[7.042s] INFO:colcon.colcon_core.shell:Creating package script '/home/nikhil/ROS/ros2_ws/install/course_activities/share/course_activities/package.bash'
[7.042s] INFO:colcon.colcon_core.shell:Creating package script '/home/nikhil/ROS/ros2_ws/install/course_activities/share/course_activities/package.zsh'
[7.042s] Level 1:colcon.colcon_core.environment:create_file_with_runtime_dependencies(/home/nikhil/ROS/ros2_ws/install/course_activities/share/colcon-core/packages/course_activities)
[7.043s] INFO:colcon.colcon_ros.task.ament_cmake.build:Building ROS package in '/home/nikhil/ROS/ros2_ws/src/my_robot_bringup' with build type 'ament_cmake'
[7.043s] INFO:colcon.colcon_cmake.task.cmake.build:Building CMake package in '/home/nikhil/ROS/ros2_ws/src/my_robot_bringup'
[7.043s] INFO:colcon.colcon_core.shell:Skip shell extension 'powershell' for command environment: Not usable outside of PowerShell
[7.043s] DEBUG:colcon.colcon_core.shell:Skip shell extension 'dsv' for command environment
[7.055s] DEBUG:colcon.colcon_core.event_handler.log_command:Invoking command in '/home/nikhil/ROS/ros2_ws/build/my_robot_bringup': AMENT_PREFIX_PATH=/home/nikhil/ROS/ros2_ws/install/py_pkg:/home/nikhil/ROS/ros2_ws/install/my_robot_bringup:/home/nikhil/ROS/ros2_ws/install/cpp_pkg:/home/nikhil/ROS/ros2_ws/install/course_activities:/home/nikhil/ROS/ros2_ws/install/my_robot_interfaces:/opt/ros/humble CMAKE_PREFIX_PATH=/home/nikhil/ROS/ros2_ws/install/cpp_pkg:/home/nikhil/ROS/ros2_ws/install/course_activities:/home/nikhil/ROS/ros2_ws/install/my_robot_interfaces:/home/nikhil/ROS/ros2_ws/install/my_robot_bringup:/home/nikhil/ROS/ros2_ws/install/py_pkg:/opt/ros/humble /usr/bin/cmake --build /home/nikhil/ROS/ros2_ws/build/my_robot_bringup -- -j20 -l20
[7.083s] DEBUG:colcon.colcon_core.event_handler.log_command:Invoked command in '/home/nikhil/ROS/ros2_ws/build/my_robot_bringup' returned '0': AMENT_PREFIX_PATH=/home/nikhil/ROS/ros2_ws/install/py_pkg:/home/nikhil/ROS/ros2_ws/install/my_robot_bringup:/home/nikhil/ROS/ros2_ws/install/cpp_pkg:/home/nikhil/ROS/ros2_ws/install/course_activities:/home/nikhil/ROS/ros2_ws/install/my_robot_interfaces:/opt/ros/humble CMAKE_PREFIX_PATH=/home/nikhil/ROS/ros2_ws/install/cpp_pkg:/home/nikhil/ROS/ros2_ws/install/course_activities:/home/nikhil/ROS/ros2_ws/install/my_robot_interfaces:/home/nikhil/ROS/ros2_ws/install/my_robot_bringup:/home/nikhil/ROS/ros2_ws/install/py_pkg:/opt/ros/humble /usr/bin/cmake --build /home/nikhil/ROS/ros2_ws/build/my_robot_bringup -- -j20 -l20
[7.110s] DEBUG:colcon.colcon_core.event_handler.log_command:Invoking command in '/home/nikhil/ROS/ros2_ws/build/my_robot_bringup': AMENT_PREFIX_PATH=/home/nikhil/ROS/ros2_ws/install/py_pkg:/home/nikhil/ROS/ros2_ws/install/my_robot_bringup:/home/nikhil/ROS/ros2_ws/install/cpp_pkg:/home/nikhil/ROS/ros2_ws/install/course_activities:/home/nikhil/ROS/ros2_ws/install/my_robot_interfaces:/opt/ros/humble CMAKE_PREFIX_PATH=/home/nikhil/ROS/ros2_ws/install/cpp_pkg:/home/nikhil/ROS/ros2_ws/install/course_activities:/home/nikhil/ROS/ros2_ws/install/my_robot_interfaces:/home/nikhil/ROS/ros2_ws/install/my_robot_bringup:/home/nikhil/ROS/ros2_ws/install/py_pkg:/opt/ros/humble /usr/bin/cmake --install /home/nikhil/ROS/ros2_ws/build/my_robot_bringup
[7.130s] Level 1:colcon.colcon_core.environment:create_environment_scripts_only(my_robot_bringup)
[7.130s] DEBUG:colcon.colcon_core.event_handler.log_command:Invoked command in '/home/nikhil/ROS/ros2_ws/build/my_robot_bringup' returned '0': AMENT_PREFIX_PATH=/home/nikhil/ROS/ros2_ws/install/py_pkg:/home/nikhil/ROS/ros2_ws/install/my_robot_bringup:/home/nikhil/ROS/ros2_ws/install/cpp_pkg:/home/nikhil/ROS/ros2_ws/install/course_activities:/home/nikhil/ROS/ros2_ws/install/my_robot_interfaces:/opt/ros/humble CMAKE_PREFIX_PATH=/home/nikhil/ROS/ros2_ws/install/cpp_pkg:/home/nikhil/ROS/ros2_ws/install/course_activities:/home/nikhil/ROS/ros2_ws/install/my_robot_interfaces:/home/nikhil/ROS/ros2_ws/install/my_robot_bringup:/home/nikhil/ROS/ros2_ws/install/py_pkg:/opt/ros/humble /usr/bin/cmake --install /home/nikhil/ROS/ros2_ws/build/my_robot_bringup
[7.131s] Level 1:colcon.colcon_core.environment:checking '/home/nikhil/ROS/ros2_ws/install/my_robot_bringup' for CMake module files
[7.131s] Level 1:colcon.colcon_core.environment:checking '/home/nikhil/ROS/ros2_ws/install/my_robot_bringup' for CMake config files
[7.131s] Level 1:colcon.colcon_core.shell:create_environment_hook('my_robot_bringup', 'cmake_prefix_path')
[7.131s] INFO:colcon.colcon_core.shell:Creating environment hook '/home/nikhil/ROS/ros2_ws/install/my_robot_bringup/share/my_robot_bringup/hook/cmake_prefix_path.ps1'
[7.132s] INFO:colcon.colcon_core.shell:Creating environment descriptor '/home/nikhil/ROS/ros2_ws/install/my_robot_bringup/share/my_robot_bringup/hook/cmake_prefix_path.dsv'
[7.132s] INFO:colcon.colcon_core.shell:Creating environment hook '/home/nikhil/ROS/ros2_ws/install/my_robot_bringup/share/my_robot_bringup/hook/cmake_prefix_path.sh'
[7.132s] Level 1:colcon.colcon_core.environment:checking '/home/nikhil/ROS/ros2_ws/install/my_robot_bringup/bin'
[7.132s] Level 1:colcon.colcon_core.environment:checking '/home/nikhil/ROS/ros2_ws/install/my_robot_bringup/lib/pkgconfig/my_robot_bringup.pc'
[7.132s] Level 1:colcon.colcon_core.environment:checking '/home/nikhil/ROS/ros2_ws/install/my_robot_bringup/lib/python3.10/site-packages'
[7.133s] Level 1:colcon.colcon_core.environment:checking '/home/nikhil/ROS/ros2_ws/install/my_robot_bringup/bin'
[7.133s] INFO:colcon.colcon_core.shell:Creating package script '/home/nikhil/ROS/ros2_ws/install/my_robot_bringup/share/my_robot_bringup/package.ps1'
[7.133s] INFO:colcon.colcon_core.shell:Creating package descriptor '/home/nikhil/ROS/ros2_ws/install/my_robot_bringup/share/my_robot_bringup/package.dsv'
[7.133s] INFO:colcon.colcon_core.shell:Creating package script '/home/nikhil/ROS/ros2_ws/install/my_robot_bringup/share/my_robot_bringup/package.sh'
[7.134s] INFO:colcon.colcon_core.shell:Creating package script '/home/nikhil/ROS/ros2_ws/install/my_robot_bringup/share/my_robot_bringup/package.bash'
[7.134s] INFO:colcon.colcon_core.shell:Creating package script '/home/nikhil/ROS/ros2_ws/install/my_robot_bringup/share/my_robot_bringup/package.zsh'
[7.134s] Level 1:colcon.colcon_core.environment:create_file_with_runtime_dependencies(/home/nikhil/ROS/ros2_ws/install/my_robot_bringup/share/colcon-core/packages/my_robot_bringup)
[7.156s] Level 1:colcon.colcon_core.environment:create_environment_scripts_only(my_robot_bringup)
[7.156s] Level 1:colcon.colcon_core.environment:checking '/home/nikhil/ROS/ros2_ws/install/my_robot_bringup' for CMake module files
[7.156s] Level 1:colcon.colcon_core.environment:checking '/home/nikhil/ROS/ros2_ws/install/my_robot_bringup' for CMake config files
[7.156s] Level 1:colcon.colcon_core.shell:create_environment_hook('my_robot_bringup', 'cmake_prefix_path')
[7.156s] INFO:colcon.colcon_core.shell:Creating environment hook '/home/nikhil/ROS/ros2_ws/install/my_robot_bringup/share/my_robot_bringup/hook/cmake_prefix_path.ps1'
[7.157s] INFO:colcon.colcon_core.shell:Creating environment descriptor '/home/nikhil/ROS/ros2_ws/install/my_robot_bringup/share/my_robot_bringup/hook/cmake_prefix_path.dsv'
[7.157s] INFO:colcon.colcon_core.shell:Creating environment hook '/home/nikhil/ROS/ros2_ws/install/my_robot_bringup/share/my_robot_bringup/hook/cmake_prefix_path.sh'
[7.157s] Level 1:colcon.colcon_core.environment:checking '/home/nikhil/ROS/ros2_ws/install/my_robot_bringup/bin'
[7.157s] Level 1:colcon.colcon_core.environment:checking '/home/nikhil/ROS/ros2_ws/install/my_robot_bringup/lib/pkgconfig/my_robot_bringup.pc'
[7.157s] Level 1:colcon.colcon_core.environment:checking '/home/nikhil/ROS/ros2_ws/install/my_robot_bringup/lib/python3.10/site-packages'
[7.157s] Level 1:colcon.colcon_core.environment:checking '/home/nikhil/ROS/ros2_ws/install/my_robot_bringup/bin'
[7.158s] INFO:colcon.colcon_core.shell:Creating package script '/home/nikhil/ROS/ros2_ws/install/my_robot_bringup/share/my_robot_bringup/package.ps1'
[7.158s] INFO:colcon.colcon_core.shell:Creating package descriptor '/home/nikhil/ROS/ros2_ws/install/my_robot_bringup/share/my_robot_bringup/package.dsv'
[7.158s] INFO:colcon.colcon_core.shell:Creating package script '/home/nikhil/ROS/ros2_ws/install/my_robot_bringup/share/my_robot_bringup/package.sh'
[7.158s] INFO:colcon.colcon_core.shell:Creating package script '/home/nikhil/ROS/ros2_ws/install/my_robot_bringup/share/my_robot_bringup/package.bash'
[7.159s] INFO:colcon.colcon_core.shell:Creating package script '/home/nikhil/ROS/ros2_ws/install/my_robot_bringup/share/my_robot_bringup/package.zsh'
[7.159s] Level 1:colcon.colcon_core.environment:create_file_with_runtime_dependencies(/home/nikhil/ROS/ros2_ws/install/my_robot_bringup/share/colcon-core/packages/my_robot_bringup)
[7.159s] DEBUG:colcon.colcon_parallel_executor.executor.parallel:closing loop
[7.159s] DEBUG:colcon.colcon_parallel_executor.executor.parallel:loop closed
[7.159s] DEBUG:colcon.colcon_parallel_executor.executor.parallel:run_until_complete finished with '0'
[7.159s] DEBUG:colcon.colcon_core.event_reactor:joining thread
[7.162s] INFO:colcon.colcon_core.plugin_system:Skipping extension 'colcon_notification.desktop_notification.terminal_notifier': Not used on non-Darwin systems
[7.162s] INFO:colcon.colcon_core.plugin_system:Skipping extension 'colcon_notification.desktop_notification.win32': Not used on non-Windows systems
[7.163s] INFO:colcon.colcon_notification.desktop_notification:Sending desktop notification using 'notify2'
[7.170s] DEBUG:colcon.colcon_core.event_reactor:joined thread
[7.170s] INFO:colcon.colcon_core.shell:Creating prefix script '/home/nikhil/ROS/ros2_ws/install/local_setup.ps1'
[7.171s] INFO:colcon.colcon_core.shell:Creating prefix util module '/home/nikhil/ROS/ros2_ws/install/_local_setup_util_ps1.py'
[7.171s] INFO:colcon.colcon_core.shell:Creating prefix chain script '/home/nikhil/ROS/ros2_ws/install/setup.ps1'
[7.172s] INFO:colcon.colcon_core.shell:Creating prefix script '/home/nikhil/ROS/ros2_ws/install/local_setup.sh'
[7.172s] INFO:colcon.colcon_core.shell:Creating prefix util module '/home/nikhil/ROS/ros2_ws/install/_local_setup_util_sh.py'
[7.173s] INFO:colcon.colcon_core.shell:Creating prefix chain script '/home/nikhil/ROS/ros2_ws/install/setup.sh'
[7.173s] INFO:colcon.colcon_core.shell:Creating prefix script '/home/nikhil/ROS/ros2_ws/install/local_setup.bash'
[7.173s] INFO:colcon.colcon_core.shell:Creating prefix chain script '/home/nikhil/ROS/ros2_ws/install/setup.bash'
[7.174s] INFO:colcon.colcon_core.shell:Creating prefix script '/home/nikhil/ROS/ros2_ws/install/local_setup.zsh'
[7.174s] INFO:colcon.colcon_core.shell:Creating prefix chain script '/home/nikhil/ROS/ros2_ws/install/setup.zsh'
