[0.009s] Invoking command in '/home/nikhil/Work/ROS/build/course_activities': AMENT_PREFIX_PATH=/home/nikhil/Work/ROS/install/my_robot_interfaces:${AMENT_PREFIX_PATH} CMAKE_PREFIX_PATH=/home/nikhil/Work/ROS/install/my_robot_interfaces:/home/nikhil/Work/ROS/turtlebot3_ws/install/turtlebot3_simulations:/home/nikhil/Work/ROS/turtlebot3_ws/install/turtlebot3_gazebo:/home/nikhil/Work/ROS/turtlebot3_ws/install/turtlebot3_fake_node:/home/nikhil/Work/ROS/ros2_ws_1/install/mera_robot_bringup:/home/nikhil/Work/ROS/ros2_ws_1/install/my_robot_description:/home/nikhil/Work/ROS/ros2_ws/install/my_robot_bringup:/home/nikhil/Work/ROS/ros2_ws/install/cpp_pkg:/home/nikhil/Work/ROS/ros2_ws/install/course_activities:/home/nikhil/Work/ROS/ros2_ws/install/my_robot_interfaces:/home/nikhil/Work/ROS/ros2_ws/install/py_pkg:/opt/ros/humble LD_LIBRARY_PATH=/home/nikhil/Work/ROS/install/my_robot_interfaces/lib:${LD_LIBRARY_PATH} PYTHONPATH=/home/nikhil/Work/ROS/install/my_robot_interfaces/local/lib/python3.10/dist-packages:${PYTHONPATH} /usr/bin/cmake /home/nikhil/Work/ROS/ros2_ws/src/course_activities -DCMAKE_INSTALL_PREFIX=/home/nikhil/Work/ROS/install/course_activities
[0.060s] -- The C compiler identification is GNU 11.4.0
[0.109s] -- The CXX compiler identification is GNU 11.4.0
[0.115s] -- Detecting C compiler ABI info
[0.180s] -- Detecting C compiler ABI info - done
[0.188s] -- Check for working C compiler: /usr/bin/cc - skipped
[0.188s] -- Detecting C compile features
[0.189s] -- Detecting C compile features - done
[0.192s] -- Detecting CXX compiler ABI info
[0.264s] -- Detecting CXX compiler ABI info - done
[0.272s] -- Check for working CXX compiler: /usr/bin/c++ - skipped
[0.272s] -- Detecting CXX compile features
[0.273s] -- Detecting CXX compile features - done
[0.276s] -- Found ament_cmake: 1.3.11 (/opt/ros/humble/share/ament_cmake/cmake)
[0.418s] -- Found Python3: /usr/bin/python3 (found version "3.10.12") found components: Interpreter 
[0.502s] -- Found rclcpp: 16.0.11 (/opt/ros/humble/share/rclcpp/cmake)
[0.535s] -- Found rosidl_generator_c: 3.1.6 (/opt/ros/humble/share/rosidl_generator_c/cmake)
[0.539s] -- Found rosidl_adapter: 3.1.6 (/opt/ros/humble/share/rosidl_adapter/cmake)
[0.545s] -- Found rosidl_generator_cpp: 3.1.6 (/opt/ros/humble/share/rosidl_generator_cpp/cmake)
[0.554s] -- Using all available rosidl_typesupport_c: rosidl_typesupport_fastrtps_c;rosidl_typesupport_introspection_c
[0.567s] -- Using all available rosidl_typesupport_cpp: rosidl_typesupport_fastrtps_cpp;rosidl_typesupport_introspection_cpp
[0.600s] -- Found rmw_implementation_cmake: 6.1.2 (/opt/ros/humble/share/rmw_implementation_cmake/cmake)
[0.602s] -- Found rmw_cyclonedds_cpp: 1.3.4 (/opt/ros/humble/share/rmw_cyclonedds_cpp/cmake)
[0.619s] -- Using RMW implementation 'rmw_cyclonedds_cpp' as default
[0.625s] -- Looking for pthread.h
[0.692s] -- Looking for pthread.h - found
[0.692s] -- Performing Test CMAKE_HAVE_LIBC_PTHREAD
[0.757s] -- Performing Test CMAKE_HAVE_LIBC_PTHREAD - Success
[0.758s] -- Found Threads: TRUE  
[0.795s] -- Found example_interfaces: 0.9.3 (/opt/ros/humble/share/example_interfaces/cmake)
[0.822s] -- Found my_robot_interfaces: 0.0.0 (/home/nikhil/Work/ROS/install/my_robot_interfaces/share/my_robot_interfaces/cmake)
[0.829s] -- Found turtlesim: 1.4.2 (/opt/ros/humble/share/turtlesim/cmake)
[0.839s] -- Found geometry_msgs: 4.2.4 (/opt/ros/humble/share/geometry_msgs/cmake)
[0.917s] -- Configuring done
[0.935s] -- Generating done
[0.943s] -- Build files have been written to: /home/nikhil/Work/ROS/build/course_activities
[0.951s] Invoked command in '/home/nikhil/Work/ROS/build/course_activities' returned '0': AMENT_PREFIX_PATH=/home/nikhil/Work/ROS/install/my_robot_interfaces:${AMENT_PREFIX_PATH} CMAKE_PREFIX_PATH=/home/nikhil/Work/ROS/install/my_robot_interfaces:/home/nikhil/Work/ROS/turtlebot3_ws/install/turtlebot3_simulations:/home/nikhil/Work/ROS/turtlebot3_ws/install/turtlebot3_gazebo:/home/nikhil/Work/ROS/turtlebot3_ws/install/turtlebot3_fake_node:/home/nikhil/Work/ROS/ros2_ws_1/install/mera_robot_bringup:/home/nikhil/Work/ROS/ros2_ws_1/install/my_robot_description:/home/nikhil/Work/ROS/ros2_ws/install/my_robot_bringup:/home/nikhil/Work/ROS/ros2_ws/install/cpp_pkg:/home/nikhil/Work/ROS/ros2_ws/install/course_activities:/home/nikhil/Work/ROS/ros2_ws/install/my_robot_interfaces:/home/nikhil/Work/ROS/ros2_ws/install/py_pkg:/opt/ros/humble LD_LIBRARY_PATH=/home/nikhil/Work/ROS/install/my_robot_interfaces/lib:${LD_LIBRARY_PATH} PYTHONPATH=/home/nikhil/Work/ROS/install/my_robot_interfaces/local/lib/python3.10/dist-packages:${PYTHONPATH} /usr/bin/cmake /home/nikhil/Work/ROS/ros2_ws/src/course_activities -DCMAKE_INSTALL_PREFIX=/home/nikhil/Work/ROS/install/course_activities
[0.951s] Invoking command in '/home/nikhil/Work/ROS/build/course_activities': AMENT_PREFIX_PATH=/home/nikhil/Work/ROS/install/my_robot_interfaces:${AMENT_PREFIX_PATH} CMAKE_PREFIX_PATH=/home/nikhil/Work/ROS/install/my_robot_interfaces:/home/nikhil/Work/ROS/turtlebot3_ws/install/turtlebot3_simulations:/home/nikhil/Work/ROS/turtlebot3_ws/install/turtlebot3_gazebo:/home/nikhil/Work/ROS/turtlebot3_ws/install/turtlebot3_fake_node:/home/nikhil/Work/ROS/ros2_ws_1/install/mera_robot_bringup:/home/nikhil/Work/ROS/ros2_ws_1/install/my_robot_description:/home/nikhil/Work/ROS/ros2_ws/install/my_robot_bringup:/home/nikhil/Work/ROS/ros2_ws/install/cpp_pkg:/home/nikhil/Work/ROS/ros2_ws/install/course_activities:/home/nikhil/Work/ROS/ros2_ws/install/my_robot_interfaces:/home/nikhil/Work/ROS/ros2_ws/install/py_pkg:/opt/ros/humble LD_LIBRARY_PATH=/home/nikhil/Work/ROS/install/my_robot_interfaces/lib:${LD_LIBRARY_PATH} PYTHONPATH=/home/nikhil/Work/ROS/install/my_robot_interfaces/local/lib/python3.10/dist-packages:${PYTHONPATH} /usr/bin/cmake --build /home/nikhil/Work/ROS/build/course_activities -- -j20 -l20
[0.996s] [  7%] [32mBuilding CXX object CMakeFiles/led_panel.dir/src/led_panel.cpp.o[0m
[0.997s] [ 14%] [32mBuilding CXX object CMakeFiles/number_publisher.dir/src/number_publisher.cpp.o[0m
[0.998s] [ 21%] [32mBuilding CXX object CMakeFiles/controller.dir/src/controller.cpp.o[0m
[1.000s] [ 28%] [32mBuilding CXX object CMakeFiles/number_counter.dir/src/number_counter.cpp.o[0m
[1.000s] [ 42%] [32mBuilding CXX object CMakeFiles/battery_status.dir/src/battery_status.cpp.o[0m
[1.000s] [ 42%] [32mBuilding CXX object CMakeFiles/reset_counter_client.dir/src/reset_counter_client.cpp.o[0m
[1.002s] [ 50%] [32mBuilding CXX object CMakeFiles/new_turtle.dir/src/new_turtle.cpp.o[0m
[5.312s] [ 57%] [32m[1mLinking CXX executable reset_counter_client[0m
[5.509s] [ 57%] Built target reset_counter_client
[6.074s] [ 64%] [32m[1mLinking CXX executable battery_status[0m
[6.202s] [ 64%] Built target battery_status
[6.347s] [ 71%] [32m[1mLinking CXX executable number_publisher[0m
[6.559s] [ 71%] Built target number_publisher
[7.428s] [ 78%] [32m[1mLinking CXX executable led_panel[0m
[7.565s] [ 85%] [32m[1mLinking CXX executable new_turtle[0m
[7.643s] [ 85%] Built target led_panel
[7.773s] [ 85%] Built target new_turtle
[10.413s] [ 92%] [32m[1mLinking CXX executable number_counter[0m
[10.660s] [ 92%] Built target number_counter
[11.543s] [100%] [32m[1mLinking CXX executable controller[0m
[11.900s] [100%] Built target controller
[11.911s] Invoked command in '/home/nikhil/Work/ROS/build/course_activities' returned '0': AMENT_PREFIX_PATH=/home/nikhil/Work/ROS/install/my_robot_interfaces:${AMENT_PREFIX_PATH} CMAKE_PREFIX_PATH=/home/nikhil/Work/ROS/install/my_robot_interfaces:/home/nikhil/Work/ROS/turtlebot3_ws/install/turtlebot3_simulations:/home/nikhil/Work/ROS/turtlebot3_ws/install/turtlebot3_gazebo:/home/nikhil/Work/ROS/turtlebot3_ws/install/turtlebot3_fake_node:/home/nikhil/Work/ROS/ros2_ws_1/install/mera_robot_bringup:/home/nikhil/Work/ROS/ros2_ws_1/install/my_robot_description:/home/nikhil/Work/ROS/ros2_ws/install/my_robot_bringup:/home/nikhil/Work/ROS/ros2_ws/install/cpp_pkg:/home/nikhil/Work/ROS/ros2_ws/install/course_activities:/home/nikhil/Work/ROS/ros2_ws/install/my_robot_interfaces:/home/nikhil/Work/ROS/ros2_ws/install/py_pkg:/opt/ros/humble LD_LIBRARY_PATH=/home/nikhil/Work/ROS/install/my_robot_interfaces/lib:${LD_LIBRARY_PATH} PYTHONPATH=/home/nikhil/Work/ROS/install/my_robot_interfaces/local/lib/python3.10/dist-packages:${PYTHONPATH} /usr/bin/cmake --build /home/nikhil/Work/ROS/build/course_activities -- -j20 -l20
[11.913s] Invoking command in '/home/nikhil/Work/ROS/build/course_activities': AMENT_PREFIX_PATH=/home/nikhil/Work/ROS/install/my_robot_interfaces:${AMENT_PREFIX_PATH} CMAKE_PREFIX_PATH=/home/nikhil/Work/ROS/install/my_robot_interfaces:/home/nikhil/Work/ROS/turtlebot3_ws/install/turtlebot3_simulations:/home/nikhil/Work/ROS/turtlebot3_ws/install/turtlebot3_gazebo:/home/nikhil/Work/ROS/turtlebot3_ws/install/turtlebot3_fake_node:/home/nikhil/Work/ROS/ros2_ws_1/install/mera_robot_bringup:/home/nikhil/Work/ROS/ros2_ws_1/install/my_robot_description:/home/nikhil/Work/ROS/ros2_ws/install/my_robot_bringup:/home/nikhil/Work/ROS/ros2_ws/install/cpp_pkg:/home/nikhil/Work/ROS/ros2_ws/install/course_activities:/home/nikhil/Work/ROS/ros2_ws/install/my_robot_interfaces:/home/nikhil/Work/ROS/ros2_ws/install/py_pkg:/opt/ros/humble LD_LIBRARY_PATH=/home/nikhil/Work/ROS/install/my_robot_interfaces/lib:${LD_LIBRARY_PATH} PYTHONPATH=/home/nikhil/Work/ROS/install/my_robot_interfaces/local/lib/python3.10/dist-packages:${PYTHONPATH} /usr/bin/cmake --install /home/nikhil/Work/ROS/build/course_activities
[11.917s] -- Install configuration: ""
[11.917s] -- Installing: /home/nikhil/Work/ROS/install/course_activities/lib/course_activities/number_publisher
[11.917s] -- Set runtime path of "/home/nikhil/Work/ROS/install/course_activities/lib/course_activities/number_publisher" to ""
[11.917s] -- Installing: /home/nikhil/Work/ROS/install/course_activities/lib/course_activities/number_counter
[11.919s] -- Set runtime path of "/home/nikhil/Work/ROS/install/course_activities/lib/course_activities/number_counter" to ""
[11.919s] -- Installing: /home/nikhil/Work/ROS/install/course_activities/lib/course_activities/reset_counter_client
[11.919s] -- Set runtime path of "/home/nikhil/Work/ROS/install/course_activities/lib/course_activities/reset_counter_client" to ""
[11.919s] -- Installing: /home/nikhil/Work/ROS/install/course_activities/lib/course_activities/battery_status
[11.920s] -- Set runtime path of "/home/nikhil/Work/ROS/install/course_activities/lib/course_activities/battery_status" to ""
[11.920s] -- Installing: /home/nikhil/Work/ROS/install/course_activities/lib/course_activities/led_panel
[11.921s] -- Set runtime path of "/home/nikhil/Work/ROS/install/course_activities/lib/course_activities/led_panel" to ""
[11.921s] -- Installing: /home/nikhil/Work/ROS/install/course_activities/lib/course_activities/new_turtle
[11.921s] -- Set runtime path of "/home/nikhil/Work/ROS/install/course_activities/lib/course_activities/new_turtle" to ""
[11.921s] -- Installing: /home/nikhil/Work/ROS/install/course_activities/lib/course_activities/controller
[11.924s] -- Set runtime path of "/home/nikhil/Work/ROS/install/course_activities/lib/course_activities/controller" to ""
[11.924s] -- Installing: /home/nikhil/Work/ROS/install/course_activities/share/ament_index/resource_index/package_run_dependencies/course_activities
[11.924s] -- Installing: /home/nikhil/Work/ROS/install/course_activities/share/ament_index/resource_index/parent_prefix_path/course_activities
[11.924s] -- Installing: /home/nikhil/Work/ROS/install/course_activities/share/course_activities/environment/ament_prefix_path.sh
[11.924s] -- Installing: /home/nikhil/Work/ROS/install/course_activities/share/course_activities/environment/ament_prefix_path.dsv
[11.924s] -- Installing: /home/nikhil/Work/ROS/install/course_activities/share/course_activities/environment/path.sh
[11.924s] -- Installing: /home/nikhil/Work/ROS/install/course_activities/share/course_activities/environment/path.dsv
[11.924s] -- Installing: /home/nikhil/Work/ROS/install/course_activities/share/course_activities/local_setup.bash
[11.924s] -- Installing: /home/nikhil/Work/ROS/install/course_activities/share/course_activities/local_setup.sh
[11.924s] -- Installing: /home/nikhil/Work/ROS/install/course_activities/share/course_activities/local_setup.zsh
[11.924s] -- Installing: /home/nikhil/Work/ROS/install/course_activities/share/course_activities/local_setup.dsv
[11.924s] -- Installing: /home/nikhil/Work/ROS/install/course_activities/share/course_activities/package.dsv
[11.924s] -- Installing: /home/nikhil/Work/ROS/install/course_activities/share/ament_index/resource_index/packages/course_activities
[11.924s] -- Installing: /home/nikhil/Work/ROS/install/course_activities/share/course_activities/cmake/course_activitiesConfig.cmake
[11.924s] -- Installing: /home/nikhil/Work/ROS/install/course_activities/share/course_activities/cmake/course_activitiesConfig-version.cmake
[11.925s] -- Installing: /home/nikhil/Work/ROS/install/course_activities/share/course_activities/package.xml
[11.926s] Invoked command in '/home/nikhil/Work/ROS/build/course_activities' returned '0': AMENT_PREFIX_PATH=/home/nikhil/Work/ROS/install/my_robot_interfaces:${AMENT_PREFIX_PATH} CMAKE_PREFIX_PATH=/home/nikhil/Work/ROS/install/my_robot_interfaces:/home/nikhil/Work/ROS/turtlebot3_ws/install/turtlebot3_simulations:/home/nikhil/Work/ROS/turtlebot3_ws/install/turtlebot3_gazebo:/home/nikhil/Work/ROS/turtlebot3_ws/install/turtlebot3_fake_node:/home/nikhil/Work/ROS/ros2_ws_1/install/mera_robot_bringup:/home/nikhil/Work/ROS/ros2_ws_1/install/my_robot_description:/home/nikhil/Work/ROS/ros2_ws/install/my_robot_bringup:/home/nikhil/Work/ROS/ros2_ws/install/cpp_pkg:/home/nikhil/Work/ROS/ros2_ws/install/course_activities:/home/nikhil/Work/ROS/ros2_ws/install/my_robot_interfaces:/home/nikhil/Work/ROS/ros2_ws/install/py_pkg:/opt/ros/humble LD_LIBRARY_PATH=/home/nikhil/Work/ROS/install/my_robot_interfaces/lib:${LD_LIBRARY_PATH} PYTHONPATH=/home/nikhil/Work/ROS/install/my_robot_interfaces/local/lib/python3.10/dist-packages:${PYTHONPATH} /usr/bin/cmake --install /home/nikhil/Work/ROS/build/course_activities
