[0.059s] DEBUG:colcon:Command line arguments: ['/usr/bin/colcon', 'build']
[0.059s] DEBUG:colcon:Parsed command line arguments: Namespace(log_base=None, log_level=None, verb_name='build', build_base='build', install_base='install', merge_install=False, symlink_install=False, test_result_base=None, continue_on_error=False, executor='parallel', parallel_workers=20, event_handlers=None, ignore_user_meta=False, metas=['./colcon.meta'], base_paths=['.'], packages_ignore=None, packages_ignore_regex=None, paths=None, packages_up_to=None, packages_up_to_regex=None, packages_above=None, packages_above_and_dependencies=None, packages_above_depth=None, packages_select_by_dep=None, packages_skip_by_dep=None, packages_skip_up_to=None, packages_select_build_failed=False, packages_skip_build_finished=False, packages_select_test_failures=False, packages_skip_test_passed=False, packages_select=None, packages_skip=None, packages_select_regex=None, packages_skip_regex=None, packages_start=None, packages_end=None, allow_overriding=[], cmake_args=None, cmake_target=None, cmake_target_skip_unavailable=False, cmake_clean_cache=False, cmake_clean_first=False, cmake_force_configure=False, ament_cmake_args=None, catkin_cmake_args=None, catkin_skip_building_tests=False, mixin_files=None, mixin=None, verb_parser=<colcon_mixin.mixin.mixin_argument.MixinArgumentDecorator object at 0x7eb9d2ee3130>, verb_extension=<colcon_core.verb.build.BuildVerb object at 0x7eb9d2ee2c80>, main=<bound method BuildVerb.main of <colcon_core.verb.build.BuildVerb object at 0x7eb9d2ee2c80>>, mixin_verb=('build',))
[0.149s] Level 1:colcon.colcon_core.package_discovery:discover_packages(colcon_meta) check parameters
[0.150s] Level 1:colcon.colcon_core.package_discovery:discover_packages(recursive) check parameters
[0.150s] Level 1:colcon.colcon_core.package_discovery:discover_packages(ignore) check parameters
[0.150s] Level 1:colcon.colcon_core.package_discovery:discover_packages(path) check parameters
[0.150s] Level 1:colcon.colcon_core.package_discovery:discover_packages(colcon_meta) discover
[0.150s] Level 1:colcon.colcon_core.package_discovery:discover_packages(recursive) discover
[0.150s] INFO:colcon.colcon_core.package_discovery:Crawling recursively for packages in '/home/nikhil/Work/ROS/ros2_ws_1'
[0.150s] Level 1:colcon.colcon_core.package_identification:_identify(.) by extensions ['ignore', 'ignore_ament_install']
[0.150s] Level 1:colcon.colcon_core.package_identification:_identify(.) by extension 'ignore'
[0.150s] Level 1:colcon.colcon_core.package_identification:_identify(.) by extension 'ignore_ament_install'
[0.150s] Level 1:colcon.colcon_core.package_identification:_identify(.) by extensions ['colcon_pkg']
[0.150s] Level 1:colcon.colcon_core.package_identification:_identify(.) by extension 'colcon_pkg'
[0.150s] Level 1:colcon.colcon_core.package_identification:_identify(.) by extensions ['colcon_meta']
[0.150s] Level 1:colcon.colcon_core.package_identification:_identify(.) by extension 'colcon_meta'
[0.150s] Level 1:colcon.colcon_core.package_identification:_identify(.) by extensions ['ros']
[0.150s] Level 1:colcon.colcon_core.package_identification:_identify(.) by extension 'ros'
[0.161s] Level 1:colcon.colcon_core.package_identification:_identify(.) by extensions ['cmake', 'python']
[0.161s] Level 1:colcon.colcon_core.package_identification:_identify(.) by extension 'cmake'
[0.161s] Level 1:colcon.colcon_core.package_identification:_identify(.) by extension 'python'
[0.161s] Level 1:colcon.colcon_core.package_identification:_identify(.) by extensions ['python_setup_py']
[0.161s] Level 1:colcon.colcon_core.package_identification:_identify(.) by extension 'python_setup_py'
[0.162s] Level 1:colcon.colcon_core.package_identification:_identify(build) by extensions ['ignore', 'ignore_ament_install']
[0.162s] Level 1:colcon.colcon_core.package_identification:_identify(build) by extension 'ignore'
[0.162s] Level 1:colcon.colcon_core.package_identification:_identify(build) ignored
[0.162s] Level 1:colcon.colcon_core.package_identification:_identify(install) by extensions ['ignore', 'ignore_ament_install']
[0.162s] Level 1:colcon.colcon_core.package_identification:_identify(install) by extension 'ignore'
[0.162s] Level 1:colcon.colcon_core.package_identification:_identify(install) ignored
[0.162s] Level 1:colcon.colcon_core.package_identification:_identify(log) by extensions ['ignore', 'ignore_ament_install']
[0.162s] Level 1:colcon.colcon_core.package_identification:_identify(log) by extension 'ignore'
[0.162s] Level 1:colcon.colcon_core.package_identification:_identify(log) ignored
[0.162s] Level 1:colcon.colcon_core.package_identification:_identify(src) by extensions ['ignore', 'ignore_ament_install']
[0.162s] Level 1:colcon.colcon_core.package_identification:_identify(src) by extension 'ignore'
[0.162s] Level 1:colcon.colcon_core.package_identification:_identify(src) by extension 'ignore_ament_install'
[0.162s] Level 1:colcon.colcon_core.package_identification:_identify(src) by extensions ['colcon_pkg']
[0.162s] Level 1:colcon.colcon_core.package_identification:_identify(src) by extension 'colcon_pkg'
[0.162s] Level 1:colcon.colcon_core.package_identification:_identify(src) by extensions ['colcon_meta']
[0.162s] Level 1:colcon.colcon_core.package_identification:_identify(src) by extension 'colcon_meta'
[0.162s] Level 1:colcon.colcon_core.package_identification:_identify(src) by extensions ['ros']
[0.162s] Level 1:colcon.colcon_core.package_identification:_identify(src) by extension 'ros'
[0.162s] Level 1:colcon.colcon_core.package_identification:_identify(src) by extensions ['cmake', 'python']
[0.162s] Level 1:colcon.colcon_core.package_identification:_identify(src) by extension 'cmake'
[0.162s] Level 1:colcon.colcon_core.package_identification:_identify(src) by extension 'python'
[0.162s] Level 1:colcon.colcon_core.package_identification:_identify(src) by extensions ['python_setup_py']
[0.162s] Level 1:colcon.colcon_core.package_identification:_identify(src) by extension 'python_setup_py'
[0.162s] Level 1:colcon.colcon_core.package_identification:_identify(src/mera_robot_bringup) by extensions ['ignore', 'ignore_ament_install']
[0.162s] Level 1:colcon.colcon_core.package_identification:_identify(src/mera_robot_bringup) by extension 'ignore'
[0.162s] Level 1:colcon.colcon_core.package_identification:_identify(src/mera_robot_bringup) by extension 'ignore_ament_install'
[0.162s] Level 1:colcon.colcon_core.package_identification:_identify(src/mera_robot_bringup) by extensions ['colcon_pkg']
[0.162s] Level 1:colcon.colcon_core.package_identification:_identify(src/mera_robot_bringup) by extension 'colcon_pkg'
[0.162s] Level 1:colcon.colcon_core.package_identification:_identify(src/mera_robot_bringup) by extensions ['colcon_meta']
[0.162s] Level 1:colcon.colcon_core.package_identification:_identify(src/mera_robot_bringup) by extension 'colcon_meta'
[0.162s] Level 1:colcon.colcon_core.package_identification:_identify(src/mera_robot_bringup) by extensions ['ros']
[0.162s] Level 1:colcon.colcon_core.package_identification:_identify(src/mera_robot_bringup) by extension 'ros'
[0.173s] DEBUG:colcon.colcon_core.package_identification:Package 'src/mera_robot_bringup' with type 'ros.ament_cmake' and name 'mera_robot_bringup'
[0.173s] Level 1:colcon.colcon_core.package_identification:_identify(src/my_robot_description) by extensions ['ignore', 'ignore_ament_install']
[0.173s] Level 1:colcon.colcon_core.package_identification:_identify(src/my_robot_description) by extension 'ignore'
[0.173s] Level 1:colcon.colcon_core.package_identification:_identify(src/my_robot_description) by extension 'ignore_ament_install'
[0.173s] Level 1:colcon.colcon_core.package_identification:_identify(src/my_robot_description) by extensions ['colcon_pkg']
[0.173s] Level 1:colcon.colcon_core.package_identification:_identify(src/my_robot_description) by extension 'colcon_pkg'
[0.173s] Level 1:colcon.colcon_core.package_identification:_identify(src/my_robot_description) by extensions ['colcon_meta']
[0.173s] Level 1:colcon.colcon_core.package_identification:_identify(src/my_robot_description) by extension 'colcon_meta'
[0.173s] Level 1:colcon.colcon_core.package_identification:_identify(src/my_robot_description) by extensions ['ros']
[0.173s] Level 1:colcon.colcon_core.package_identification:_identify(src/my_robot_description) by extension 'ros'
[0.174s] DEBUG:colcon.colcon_core.package_identification:Package 'src/my_robot_description' with type 'ros.ament_cmake' and name 'my_robot_description'
[0.174s] Level 1:colcon.colcon_core.package_discovery:discover_packages(recursive) using defaults
[0.174s] Level 1:colcon.colcon_core.package_discovery:discover_packages(ignore) discover
[0.174s] Level 1:colcon.colcon_core.package_discovery:discover_packages(ignore) using defaults
[0.174s] Level 1:colcon.colcon_core.package_discovery:discover_packages(path) discover
[0.174s] Level 1:colcon.colcon_core.package_discovery:discover_packages(path) using defaults
[0.185s] Level 1:colcon.colcon_core.package_discovery:discover_packages(prefix_path) check parameters
[0.185s] Level 1:colcon.colcon_core.package_discovery:discover_packages(prefix_path) discover
[0.186s] WARNING:colcon.colcon_ros.prefix_path.catkin:The path '/home/nikhil/Work/ROS/ros2_ws_1/install/mera_robot_bringup' in the environment variable CMAKE_PREFIX_PATH doesn't exist
[0.186s] WARNING:colcon.colcon_ros.prefix_path.catkin:The path '/home/nikhil/Work/ROS/ros2_ws_1/install/my_robot_description' in the environment variable CMAKE_PREFIX_PATH doesn't exist
[0.186s] DEBUG:colcon.colcon_installed_package_information.package_discovery:Found 3 installed packages in /home/nikhil/Work/ROS/turtlebot3_ws/install
[0.186s] DEBUG:colcon.colcon_installed_package_information.package_discovery:Found 0 installed packages in /home/nikhil/Work/ROS/ros2_ws_1/install
[0.187s] DEBUG:colcon.colcon_installed_package_information.package_discovery:Found 5 installed packages in /home/nikhil/Work/ROS/ros2_ws/install
[0.187s] DEBUG:colcon.colcon_installed_package_information.package_discovery:Found 388 installed packages in /opt/ros/humble
[0.189s] Level 1:colcon.colcon_core.package_discovery:discover_packages(prefix_path) using defaults
[0.211s] Level 5:colcon.colcon_core.verb:set package 'my_robot_description' build argument 'cmake_args' from command line to 'None'
[0.211s] Level 5:colcon.colcon_core.verb:set package 'my_robot_description' build argument 'cmake_target' from command line to 'None'
[0.211s] Level 5:colcon.colcon_core.verb:set package 'my_robot_description' build argument 'cmake_target_skip_unavailable' from command line to 'False'
[0.211s] Level 5:colcon.colcon_core.verb:set package 'my_robot_description' build argument 'cmake_clean_cache' from command line to 'False'
[0.211s] Level 5:colcon.colcon_core.verb:set package 'my_robot_description' build argument 'cmake_clean_first' from command line to 'False'
[0.211s] Level 5:colcon.colcon_core.verb:set package 'my_robot_description' build argument 'cmake_force_configure' from command line to 'False'
[0.211s] Level 5:colcon.colcon_core.verb:set package 'my_robot_description' build argument 'ament_cmake_args' from command line to 'None'
[0.211s] Level 5:colcon.colcon_core.verb:set package 'my_robot_description' build argument 'catkin_cmake_args' from command line to 'None'
[0.211s] Level 5:colcon.colcon_core.verb:set package 'my_robot_description' build argument 'catkin_skip_building_tests' from command line to 'False'
[0.211s] DEBUG:colcon.colcon_core.verb:Building package 'my_robot_description' with the following arguments: {'ament_cmake_args': None, 'build_base': '/home/nikhil/Work/ROS/ros2_ws_1/build/my_robot_description', 'catkin_cmake_args': None, 'catkin_skip_building_tests': False, 'cmake_args': None, 'cmake_clean_cache': False, 'cmake_clean_first': False, 'cmake_force_configure': False, 'cmake_target': None, 'cmake_target_skip_unavailable': False, 'install_base': '/home/nikhil/Work/ROS/ros2_ws_1/install/my_robot_description', 'merge_install': False, 'path': '/home/nikhil/Work/ROS/ros2_ws_1/src/my_robot_description', 'symlink_install': False, 'test_result_base': None}
[0.211s] Level 5:colcon.colcon_core.verb:set package 'mera_robot_bringup' build argument 'cmake_args' from command line to 'None'
[0.211s] Level 5:colcon.colcon_core.verb:set package 'mera_robot_bringup' build argument 'cmake_target' from command line to 'None'
[0.211s] Level 5:colcon.colcon_core.verb:set package 'mera_robot_bringup' build argument 'cmake_target_skip_unavailable' from command line to 'False'
[0.211s] Level 5:colcon.colcon_core.verb:set package 'mera_robot_bringup' build argument 'cmake_clean_cache' from command line to 'False'
[0.211s] Level 5:colcon.colcon_core.verb:set package 'mera_robot_bringup' build argument 'cmake_clean_first' from command line to 'False'
[0.211s] Level 5:colcon.colcon_core.verb:set package 'mera_robot_bringup' build argument 'cmake_force_configure' from command line to 'False'
[0.211s] Level 5:colcon.colcon_core.verb:set package 'mera_robot_bringup' build argument 'ament_cmake_args' from command line to 'None'
[0.211s] Level 5:colcon.colcon_core.verb:set package 'mera_robot_bringup' build argument 'catkin_cmake_args' from command line to 'None'
[0.211s] Level 5:colcon.colcon_core.verb:set package 'mera_robot_bringup' build argument 'catkin_skip_building_tests' from command line to 'False'
[0.211s] DEBUG:colcon.colcon_core.verb:Building package 'mera_robot_bringup' with the following arguments: {'ament_cmake_args': None, 'build_base': '/home/nikhil/Work/ROS/ros2_ws_1/build/mera_robot_bringup', 'catkin_cmake_args': None, 'catkin_skip_building_tests': False, 'cmake_args': None, 'cmake_clean_cache': False, 'cmake_clean_first': False, 'cmake_force_configure': False, 'cmake_target': None, 'cmake_target_skip_unavailable': False, 'install_base': '/home/nikhil/Work/ROS/ros2_ws_1/install/mera_robot_bringup', 'merge_install': False, 'path': '/home/nikhil/Work/ROS/ros2_ws_1/src/mera_robot_bringup', 'symlink_install': False, 'test_result_base': None}
[0.211s] INFO:colcon.colcon_core.executor:Executing jobs using 'parallel' executor
[0.212s] DEBUG:colcon.colcon_parallel_executor.executor.parallel:run_until_complete
[0.212s] INFO:colcon.colcon_ros.task.ament_cmake.build:Building ROS package in '/home/nikhil/Work/ROS/ros2_ws_1/src/my_robot_description' with build type 'ament_cmake'
[0.212s] INFO:colcon.colcon_cmake.task.cmake.build:Building CMake package in '/home/nikhil/Work/ROS/ros2_ws_1/src/my_robot_description'
[0.213s] INFO:colcon.colcon_core.plugin_system:Skipping extension 'colcon_core.shell.bat': Not used on non-Windows systems
[0.213s] INFO:colcon.colcon_core.shell:Skip shell extension 'powershell' for command environment: Not usable outside of PowerShell
[0.213s] DEBUG:colcon.colcon_core.shell:Skip shell extension 'dsv' for command environment
[0.219s] DEBUG:colcon.colcon_core.event_handler.log_command:Invoking command in '/home/nikhil/Work/ROS/ros2_ws_1/build/my_robot_description': CMAKE_PREFIX_PATH=${CMAKE_PREFIX_PATH}:/home/nikhil/Work/ROS/ros2_ws/install/py_pkg:/opt/ros/humble /usr/bin/cmake /home/nikhil/Work/ROS/ros2_ws_1/src/my_robot_description -DCMAKE_INSTALL_PREFIX=/home/nikhil/Work/ROS/ros2_ws_1/install/my_robot_description
[0.645s] DEBUG:colcon.colcon_core.event_handler.log_command:Invoked command in '/home/nikhil/Work/ROS/ros2_ws_1/build/my_robot_description' returned '0': CMAKE_PREFIX_PATH=${CMAKE_PREFIX_PATH}:/home/nikhil/Work/ROS/ros2_ws/install/py_pkg:/opt/ros/humble /usr/bin/cmake /home/nikhil/Work/ROS/ros2_ws_1/src/my_robot_description -DCMAKE_INSTALL_PREFIX=/home/nikhil/Work/ROS/ros2_ws_1/install/my_robot_description
[0.647s] DEBUG:colcon.colcon_core.event_handler.log_command:Invoking command in '/home/nikhil/Work/ROS/ros2_ws_1/build/my_robot_description': CMAKE_PREFIX_PATH=${CMAKE_PREFIX_PATH}:/home/nikhil/Work/ROS/ros2_ws/install/py_pkg:/opt/ros/humble /usr/bin/cmake --build /home/nikhil/Work/ROS/ros2_ws_1/build/my_robot_description -- -j20 -l20
[0.672s] DEBUG:colcon.colcon_core.event_handler.log_command:Invoked command in '/home/nikhil/Work/ROS/ros2_ws_1/build/my_robot_description' returned '0': CMAKE_PREFIX_PATH=${CMAKE_PREFIX_PATH}:/home/nikhil/Work/ROS/ros2_ws/install/py_pkg:/opt/ros/humble /usr/bin/cmake --build /home/nikhil/Work/ROS/ros2_ws_1/build/my_robot_description -- -j20 -l20
[0.678s] DEBUG:colcon.colcon_core.event_handler.log_command:Invoking command in '/home/nikhil/Work/ROS/ros2_ws_1/build/my_robot_description': CMAKE_PREFIX_PATH=${CMAKE_PREFIX_PATH}:/home/nikhil/Work/ROS/ros2_ws/install/py_pkg:/opt/ros/humble /usr/bin/cmake --install /home/nikhil/Work/ROS/ros2_ws_1/build/my_robot_description
[0.690s] Level 1:colcon.colcon_core.environment:create_environment_scripts_only(my_robot_description)
[0.690s] DEBUG:colcon.colcon_core.event_handler.log_command:Invoked command in '/home/nikhil/Work/ROS/ros2_ws_1/build/my_robot_description' returned '0': CMAKE_PREFIX_PATH=${CMAKE_PREFIX_PATH}:/home/nikhil/Work/ROS/ros2_ws/install/py_pkg:/opt/ros/humble /usr/bin/cmake --install /home/nikhil/Work/ROS/ros2_ws_1/build/my_robot_description
[0.691s] Level 1:colcon.colcon_core.environment:checking '/home/nikhil/Work/ROS/ros2_ws_1/install/my_robot_description' for CMake module files
[0.691s] Level 1:colcon.colcon_core.environment:checking '/home/nikhil/Work/ROS/ros2_ws_1/install/my_robot_description' for CMake config files
[0.692s] Level 1:colcon.colcon_core.shell:create_environment_hook('my_robot_description', 'cmake_prefix_path')
[0.692s] INFO:colcon.colcon_core.shell:Creating environment hook '/home/nikhil/Work/ROS/ros2_ws_1/install/my_robot_description/share/my_robot_description/hook/cmake_prefix_path.ps1'
[0.692s] INFO:colcon.colcon_core.shell:Creating environment descriptor '/home/nikhil/Work/ROS/ros2_ws_1/install/my_robot_description/share/my_robot_description/hook/cmake_prefix_path.dsv'
[0.692s] INFO:colcon.colcon_core.shell:Creating environment hook '/home/nikhil/Work/ROS/ros2_ws_1/install/my_robot_description/share/my_robot_description/hook/cmake_prefix_path.sh'
[0.693s] Level 1:colcon.colcon_core.environment:checking '/home/nikhil/Work/ROS/ros2_ws_1/install/my_robot_description/bin'
[0.693s] Level 1:colcon.colcon_core.environment:checking '/home/nikhil/Work/ROS/ros2_ws_1/install/my_robot_description/lib/pkgconfig/my_robot_description.pc'
[0.693s] Level 1:colcon.colcon_core.environment:checking '/home/nikhil/Work/ROS/ros2_ws_1/install/my_robot_description/lib/python3.10/site-packages'
[0.693s] Level 1:colcon.colcon_core.environment:checking '/home/nikhil/Work/ROS/ros2_ws_1/install/my_robot_description/bin'
[0.693s] INFO:colcon.colcon_core.shell:Creating package script '/home/nikhil/Work/ROS/ros2_ws_1/install/my_robot_description/share/my_robot_description/package.ps1'
[0.694s] INFO:colcon.colcon_core.shell:Creating package descriptor '/home/nikhil/Work/ROS/ros2_ws_1/install/my_robot_description/share/my_robot_description/package.dsv'
[0.694s] INFO:colcon.colcon_core.shell:Creating package script '/home/nikhil/Work/ROS/ros2_ws_1/install/my_robot_description/share/my_robot_description/package.sh'
[0.694s] INFO:colcon.colcon_core.shell:Creating package script '/home/nikhil/Work/ROS/ros2_ws_1/install/my_robot_description/share/my_robot_description/package.bash'
[0.695s] INFO:colcon.colcon_core.shell:Creating package script '/home/nikhil/Work/ROS/ros2_ws_1/install/my_robot_description/share/my_robot_description/package.zsh'
[0.695s] Level 1:colcon.colcon_core.environment:create_file_with_runtime_dependencies(/home/nikhil/Work/ROS/ros2_ws_1/install/my_robot_description/share/colcon-core/packages/my_robot_description)
[0.695s] Level 1:colcon.colcon_core.environment:create_environment_scripts_only(my_robot_description)
[0.695s] Level 1:colcon.colcon_core.environment:checking '/home/nikhil/Work/ROS/ros2_ws_1/install/my_robot_description' for CMake module files
[0.696s] Level 1:colcon.colcon_core.environment:checking '/home/nikhil/Work/ROS/ros2_ws_1/install/my_robot_description' for CMake config files
[0.696s] Level 1:colcon.colcon_core.shell:create_environment_hook('my_robot_description', 'cmake_prefix_path')
[0.696s] INFO:colcon.colcon_core.shell:Creating environment hook '/home/nikhil/Work/ROS/ros2_ws_1/install/my_robot_description/share/my_robot_description/hook/cmake_prefix_path.ps1'
[0.696s] INFO:colcon.colcon_core.shell:Creating environment descriptor '/home/nikhil/Work/ROS/ros2_ws_1/install/my_robot_description/share/my_robot_description/hook/cmake_prefix_path.dsv'
[0.696s] INFO:colcon.colcon_core.shell:Creating environment hook '/home/nikhil/Work/ROS/ros2_ws_1/install/my_robot_description/share/my_robot_description/hook/cmake_prefix_path.sh'
[0.697s] Level 1:colcon.colcon_core.environment:checking '/home/nikhil/Work/ROS/ros2_ws_1/install/my_robot_description/bin'
[0.697s] Level 1:colcon.colcon_core.environment:checking '/home/nikhil/Work/ROS/ros2_ws_1/install/my_robot_description/lib/pkgconfig/my_robot_description.pc'
[0.697s] Level 1:colcon.colcon_core.environment:checking '/home/nikhil/Work/ROS/ros2_ws_1/install/my_robot_description/lib/python3.10/site-packages'
[0.697s] Level 1:colcon.colcon_core.environment:checking '/home/nikhil/Work/ROS/ros2_ws_1/install/my_robot_description/bin'
[0.697s] INFO:colcon.colcon_core.shell:Creating package script '/home/nikhil/Work/ROS/ros2_ws_1/install/my_robot_description/share/my_robot_description/package.ps1'
[0.697s] INFO:colcon.colcon_core.shell:Creating package descriptor '/home/nikhil/Work/ROS/ros2_ws_1/install/my_robot_description/share/my_robot_description/package.dsv'
[0.697s] INFO:colcon.colcon_core.shell:Creating package script '/home/nikhil/Work/ROS/ros2_ws_1/install/my_robot_description/share/my_robot_description/package.sh'
[0.698s] INFO:colcon.colcon_core.shell:Creating package script '/home/nikhil/Work/ROS/ros2_ws_1/install/my_robot_description/share/my_robot_description/package.bash'
[0.698s] INFO:colcon.colcon_core.shell:Creating package script '/home/nikhil/Work/ROS/ros2_ws_1/install/my_robot_description/share/my_robot_description/package.zsh'
[0.698s] Level 1:colcon.colcon_core.environment:create_file_with_runtime_dependencies(/home/nikhil/Work/ROS/ros2_ws_1/install/my_robot_description/share/colcon-core/packages/my_robot_description)
[0.698s] INFO:colcon.colcon_ros.task.ament_cmake.build:Building ROS package in '/home/nikhil/Work/ROS/ros2_ws_1/src/mera_robot_bringup' with build type 'ament_cmake'
[0.698s] INFO:colcon.colcon_cmake.task.cmake.build:Building CMake package in '/home/nikhil/Work/ROS/ros2_ws_1/src/mera_robot_bringup'
[0.698s] INFO:colcon.colcon_core.shell:Skip shell extension 'powershell' for command environment: Not usable outside of PowerShell
[0.698s] DEBUG:colcon.colcon_core.shell:Skip shell extension 'dsv' for command environment
[0.704s] DEBUG:colcon.colcon_core.event_handler.log_command:Invoking command in '/home/nikhil/Work/ROS/ros2_ws_1/build/mera_robot_bringup': AMENT_PREFIX_PATH=/home/nikhil/Work/ROS/ros2_ws_1/install/my_robot_description:${AMENT_PREFIX_PATH} CMAKE_PREFIX_PATH=/home/nikhil/Work/ROS/ros2_ws_1/install/my_robot_description:/home/nikhil/Work/ROS/turtlebot3_ws/install/turtlebot3_simulations:/home/nikhil/Work/ROS/turtlebot3_ws/install/turtlebot3_gazebo:/home/nikhil/Work/ROS/turtlebot3_ws/install/turtlebot3_fake_node:/home/nikhil/Work/ROS/ros2_ws_1/install/mera_robot_bringup:/home/nikhil/Work/ROS/ros2_ws/install/my_robot_bringup:/home/nikhil/Work/ROS/ros2_ws/install/cpp_pkg:/home/nikhil/Work/ROS/ros2_ws/install/course_activities:/home/nikhil/Work/ROS/ros2_ws/install/my_robot_interfaces:/home/nikhil/Work/ROS/ros2_ws/install/py_pkg:/opt/ros/humble /usr/bin/cmake /home/nikhil/Work/ROS/ros2_ws_1/src/mera_robot_bringup -DCMAKE_INSTALL_PREFIX=/home/nikhil/Work/ROS/ros2_ws_1/install/mera_robot_bringup
[1.126s] DEBUG:colcon.colcon_core.event_handler.log_command:Invoked command in '/home/nikhil/Work/ROS/ros2_ws_1/build/mera_robot_bringup' returned '0': AMENT_PREFIX_PATH=/home/nikhil/Work/ROS/ros2_ws_1/install/my_robot_description:${AMENT_PREFIX_PATH} CMAKE_PREFIX_PATH=/home/nikhil/Work/ROS/ros2_ws_1/install/my_robot_description:/home/nikhil/Work/ROS/turtlebot3_ws/install/turtlebot3_simulations:/home/nikhil/Work/ROS/turtlebot3_ws/install/turtlebot3_gazebo:/home/nikhil/Work/ROS/turtlebot3_ws/install/turtlebot3_fake_node:/home/nikhil/Work/ROS/ros2_ws_1/install/mera_robot_bringup:/home/nikhil/Work/ROS/ros2_ws/install/my_robot_bringup:/home/nikhil/Work/ROS/ros2_ws/install/cpp_pkg:/home/nikhil/Work/ROS/ros2_ws/install/course_activities:/home/nikhil/Work/ROS/ros2_ws/install/my_robot_interfaces:/home/nikhil/Work/ROS/ros2_ws/install/py_pkg:/opt/ros/humble /usr/bin/cmake /home/nikhil/Work/ROS/ros2_ws_1/src/mera_robot_bringup -DCMAKE_INSTALL_PREFIX=/home/nikhil/Work/ROS/ros2_ws_1/install/mera_robot_bringup
[1.127s] DEBUG:colcon.colcon_core.event_handler.log_command:Invoking command in '/home/nikhil/Work/ROS/ros2_ws_1/build/mera_robot_bringup': AMENT_PREFIX_PATH=/home/nikhil/Work/ROS/ros2_ws_1/install/my_robot_description:${AMENT_PREFIX_PATH} CMAKE_PREFIX_PATH=/home/nikhil/Work/ROS/ros2_ws_1/install/my_robot_description:/home/nikhil/Work/ROS/turtlebot3_ws/install/turtlebot3_simulations:/home/nikhil/Work/ROS/turtlebot3_ws/install/turtlebot3_gazebo:/home/nikhil/Work/ROS/turtlebot3_ws/install/turtlebot3_fake_node:/home/nikhil/Work/ROS/ros2_ws_1/install/mera_robot_bringup:/home/nikhil/Work/ROS/ros2_ws/install/my_robot_bringup:/home/nikhil/Work/ROS/ros2_ws/install/cpp_pkg:/home/nikhil/Work/ROS/ros2_ws/install/course_activities:/home/nikhil/Work/ROS/ros2_ws/install/my_robot_interfaces:/home/nikhil/Work/ROS/ros2_ws/install/py_pkg:/opt/ros/humble /usr/bin/cmake --build /home/nikhil/Work/ROS/ros2_ws_1/build/mera_robot_bringup -- -j20 -l20
[1.153s] DEBUG:colcon.colcon_core.event_handler.log_command:Invoked command in '/home/nikhil/Work/ROS/ros2_ws_1/build/mera_robot_bringup' returned '0': AMENT_PREFIX_PATH=/home/nikhil/Work/ROS/ros2_ws_1/install/my_robot_description:${AMENT_PREFIX_PATH} CMAKE_PREFIX_PATH=/home/nikhil/Work/ROS/ros2_ws_1/install/my_robot_description:/home/nikhil/Work/ROS/turtlebot3_ws/install/turtlebot3_simulations:/home/nikhil/Work/ROS/turtlebot3_ws/install/turtlebot3_gazebo:/home/nikhil/Work/ROS/turtlebot3_ws/install/turtlebot3_fake_node:/home/nikhil/Work/ROS/ros2_ws_1/install/mera_robot_bringup:/home/nikhil/Work/ROS/ros2_ws/install/my_robot_bringup:/home/nikhil/Work/ROS/ros2_ws/install/cpp_pkg:/home/nikhil/Work/ROS/ros2_ws/install/course_activities:/home/nikhil/Work/ROS/ros2_ws/install/my_robot_interfaces:/home/nikhil/Work/ROS/ros2_ws/install/py_pkg:/opt/ros/humble /usr/bin/cmake --build /home/nikhil/Work/ROS/ros2_ws_1/build/mera_robot_bringup -- -j20 -l20
[1.155s] DEBUG:colcon.colcon_core.event_handler.log_command:Invoking command in '/home/nikhil/Work/ROS/ros2_ws_1/build/mera_robot_bringup': AMENT_PREFIX_PATH=/home/nikhil/Work/ROS/ros2_ws_1/install/my_robot_description:${AMENT_PREFIX_PATH} CMAKE_PREFIX_PATH=/home/nikhil/Work/ROS/ros2_ws_1/install/my_robot_description:/home/nikhil/Work/ROS/turtlebot3_ws/install/turtlebot3_simulations:/home/nikhil/Work/ROS/turtlebot3_ws/install/turtlebot3_gazebo:/home/nikhil/Work/ROS/turtlebot3_ws/install/turtlebot3_fake_node:/home/nikhil/Work/ROS/ros2_ws_1/install/mera_robot_bringup:/home/nikhil/Work/ROS/ros2_ws/install/my_robot_bringup:/home/nikhil/Work/ROS/ros2_ws/install/cpp_pkg:/home/nikhil/Work/ROS/ros2_ws/install/course_activities:/home/nikhil/Work/ROS/ros2_ws/install/my_robot_interfaces:/home/nikhil/Work/ROS/ros2_ws/install/py_pkg:/opt/ros/humble /usr/bin/cmake --install /home/nikhil/Work/ROS/ros2_ws_1/build/mera_robot_bringup
[1.163s] Level 1:colcon.colcon_core.environment:create_environment_scripts_only(mera_robot_bringup)
[1.163s] Level 1:colcon.colcon_core.environment:checking '/home/nikhil/Work/ROS/ros2_ws_1/install/mera_robot_bringup' for CMake module files
[1.163s] DEBUG:colcon.colcon_core.event_handler.log_command:Invoked command in '/home/nikhil/Work/ROS/ros2_ws_1/build/mera_robot_bringup' returned '0': AMENT_PREFIX_PATH=/home/nikhil/Work/ROS/ros2_ws_1/install/my_robot_description:${AMENT_PREFIX_PATH} CMAKE_PREFIX_PATH=/home/nikhil/Work/ROS/ros2_ws_1/install/my_robot_description:/home/nikhil/Work/ROS/turtlebot3_ws/install/turtlebot3_simulations:/home/nikhil/Work/ROS/turtlebot3_ws/install/turtlebot3_gazebo:/home/nikhil/Work/ROS/turtlebot3_ws/install/turtlebot3_fake_node:/home/nikhil/Work/ROS/ros2_ws_1/install/mera_robot_bringup:/home/nikhil/Work/ROS/ros2_ws/install/my_robot_bringup:/home/nikhil/Work/ROS/ros2_ws/install/cpp_pkg:/home/nikhil/Work/ROS/ros2_ws/install/course_activities:/home/nikhil/Work/ROS/ros2_ws/install/my_robot_interfaces:/home/nikhil/Work/ROS/ros2_ws/install/py_pkg:/opt/ros/humble /usr/bin/cmake --install /home/nikhil/Work/ROS/ros2_ws_1/build/mera_robot_bringup
[1.163s] Level 1:colcon.colcon_core.environment:checking '/home/nikhil/Work/ROS/ros2_ws_1/install/mera_robot_bringup' for CMake config files
[1.163s] Level 1:colcon.colcon_core.shell:create_environment_hook('mera_robot_bringup', 'cmake_prefix_path')
[1.164s] INFO:colcon.colcon_core.shell:Creating environment hook '/home/nikhil/Work/ROS/ros2_ws_1/install/mera_robot_bringup/share/mera_robot_bringup/hook/cmake_prefix_path.ps1'
[1.164s] INFO:colcon.colcon_core.shell:Creating environment descriptor '/home/nikhil/Work/ROS/ros2_ws_1/install/mera_robot_bringup/share/mera_robot_bringup/hook/cmake_prefix_path.dsv'
[1.164s] INFO:colcon.colcon_core.shell:Creating environment hook '/home/nikhil/Work/ROS/ros2_ws_1/install/mera_robot_bringup/share/mera_robot_bringup/hook/cmake_prefix_path.sh'
[1.165s] Level 1:colcon.colcon_core.environment:checking '/home/nikhil/Work/ROS/ros2_ws_1/install/mera_robot_bringup/bin'
[1.165s] Level 1:colcon.colcon_core.environment:checking '/home/nikhil/Work/ROS/ros2_ws_1/install/mera_robot_bringup/lib/pkgconfig/mera_robot_bringup.pc'
[1.165s] Level 1:colcon.colcon_core.environment:checking '/home/nikhil/Work/ROS/ros2_ws_1/install/mera_robot_bringup/lib/python3.10/site-packages'
[1.165s] Level 1:colcon.colcon_core.environment:checking '/home/nikhil/Work/ROS/ros2_ws_1/install/mera_robot_bringup/bin'
[1.165s] INFO:colcon.colcon_core.shell:Creating package script '/home/nikhil/Work/ROS/ros2_ws_1/install/mera_robot_bringup/share/mera_robot_bringup/package.ps1'
[1.166s] INFO:colcon.colcon_core.shell:Creating package descriptor '/home/nikhil/Work/ROS/ros2_ws_1/install/mera_robot_bringup/share/mera_robot_bringup/package.dsv'
[1.166s] INFO:colcon.colcon_core.shell:Creating package script '/home/nikhil/Work/ROS/ros2_ws_1/install/mera_robot_bringup/share/mera_robot_bringup/package.sh'
[1.166s] INFO:colcon.colcon_core.shell:Creating package script '/home/nikhil/Work/ROS/ros2_ws_1/install/mera_robot_bringup/share/mera_robot_bringup/package.bash'
[1.166s] INFO:colcon.colcon_core.shell:Creating package script '/home/nikhil/Work/ROS/ros2_ws_1/install/mera_robot_bringup/share/mera_robot_bringup/package.zsh'
[1.167s] Level 1:colcon.colcon_core.environment:create_file_with_runtime_dependencies(/home/nikhil/Work/ROS/ros2_ws_1/install/mera_robot_bringup/share/colcon-core/packages/mera_robot_bringup)
[1.167s] Level 1:colcon.colcon_core.environment:create_environment_scripts_only(mera_robot_bringup)
[1.167s] Level 1:colcon.colcon_core.environment:checking '/home/nikhil/Work/ROS/ros2_ws_1/install/mera_robot_bringup' for CMake module files
[1.168s] Level 1:colcon.colcon_core.environment:checking '/home/nikhil/Work/ROS/ros2_ws_1/install/mera_robot_bringup' for CMake config files
[1.168s] Level 1:colcon.colcon_core.shell:create_environment_hook('mera_robot_bringup', 'cmake_prefix_path')
[1.168s] INFO:colcon.colcon_core.shell:Creating environment hook '/home/nikhil/Work/ROS/ros2_ws_1/install/mera_robot_bringup/share/mera_robot_bringup/hook/cmake_prefix_path.ps1'
[1.168s] INFO:colcon.colcon_core.shell:Creating environment descriptor '/home/nikhil/Work/ROS/ros2_ws_1/install/mera_robot_bringup/share/mera_robot_bringup/hook/cmake_prefix_path.dsv'
[1.169s] INFO:colcon.colcon_core.shell:Creating environment hook '/home/nikhil/Work/ROS/ros2_ws_1/install/mera_robot_bringup/share/mera_robot_bringup/hook/cmake_prefix_path.sh'
[1.169s] Level 1:colcon.colcon_core.environment:checking '/home/nikhil/Work/ROS/ros2_ws_1/install/mera_robot_bringup/bin'
[1.169s] Level 1:colcon.colcon_core.environment:checking '/home/nikhil/Work/ROS/ros2_ws_1/install/mera_robot_bringup/lib/pkgconfig/mera_robot_bringup.pc'
[1.169s] Level 1:colcon.colcon_core.environment:checking '/home/nikhil/Work/ROS/ros2_ws_1/install/mera_robot_bringup/lib/python3.10/site-packages'
[1.170s] Level 1:colcon.colcon_core.environment:checking '/home/nikhil/Work/ROS/ros2_ws_1/install/mera_robot_bringup/bin'
[1.170s] INFO:colcon.colcon_core.shell:Creating package script '/home/nikhil/Work/ROS/ros2_ws_1/install/mera_robot_bringup/share/mera_robot_bringup/package.ps1'
[1.170s] INFO:colcon.colcon_core.shell:Creating package descriptor '/home/nikhil/Work/ROS/ros2_ws_1/install/mera_robot_bringup/share/mera_robot_bringup/package.dsv'
[1.170s] INFO:colcon.colcon_core.shell:Creating package script '/home/nikhil/Work/ROS/ros2_ws_1/install/mera_robot_bringup/share/mera_robot_bringup/package.sh'
[1.171s] INFO:colcon.colcon_core.shell:Creating package script '/home/nikhil/Work/ROS/ros2_ws_1/install/mera_robot_bringup/share/mera_robot_bringup/package.bash'
[1.171s] INFO:colcon.colcon_core.shell:Creating package script '/home/nikhil/Work/ROS/ros2_ws_1/install/mera_robot_bringup/share/mera_robot_bringup/package.zsh'
[1.171s] Level 1:colcon.colcon_core.environment:create_file_with_runtime_dependencies(/home/nikhil/Work/ROS/ros2_ws_1/install/mera_robot_bringup/share/colcon-core/packages/mera_robot_bringup)
[1.171s] DEBUG:colcon.colcon_parallel_executor.executor.parallel:closing loop
[1.172s] DEBUG:colcon.colcon_parallel_executor.executor.parallel:loop closed
[1.172s] DEBUG:colcon.colcon_parallel_executor.executor.parallel:run_until_complete finished with '0'
[1.172s] DEBUG:colcon.colcon_core.event_reactor:joining thread
[1.175s] INFO:colcon.colcon_core.plugin_system:Skipping extension 'colcon_notification.desktop_notification.terminal_notifier': Not used on non-Darwin systems
[1.175s] INFO:colcon.colcon_core.plugin_system:Skipping extension 'colcon_notification.desktop_notification.win32': Not used on non-Windows systems
[1.175s] INFO:colcon.colcon_notification.desktop_notification:Sending desktop notification using 'notify2'
[1.189s] DEBUG:colcon.colcon_core.event_reactor:joined thread
[1.189s] INFO:colcon.colcon_core.shell:Creating prefix script '/home/nikhil/Work/ROS/ros2_ws_1/install/local_setup.ps1'
[1.189s] INFO:colcon.colcon_core.shell:Creating prefix util module '/home/nikhil/Work/ROS/ros2_ws_1/install/_local_setup_util_ps1.py'
[1.190s] INFO:colcon.colcon_core.shell:Creating prefix chain script '/home/nikhil/Work/ROS/ros2_ws_1/install/setup.ps1'
[1.191s] INFO:colcon.colcon_core.shell:Creating prefix script '/home/nikhil/Work/ROS/ros2_ws_1/install/local_setup.sh'
[1.191s] INFO:colcon.colcon_core.shell:Creating prefix util module '/home/nikhil/Work/ROS/ros2_ws_1/install/_local_setup_util_sh.py'
[1.192s] INFO:colcon.colcon_core.shell:Creating prefix chain script '/home/nikhil/Work/ROS/ros2_ws_1/install/setup.sh'
[1.193s] INFO:colcon.colcon_core.shell:Creating prefix script '/home/nikhil/Work/ROS/ros2_ws_1/install/local_setup.bash'
[1.193s] INFO:colcon.colcon_core.shell:Creating prefix chain script '/home/nikhil/Work/ROS/ros2_ws_1/install/setup.bash'
[1.194s] INFO:colcon.colcon_core.shell:Creating prefix script '/home/nikhil/Work/ROS/ros2_ws_1/install/local_setup.zsh'
[1.194s] INFO:colcon.colcon_core.shell:Creating prefix chain script '/home/nikhil/Work/ROS/ros2_ws_1/install/setup.zsh'
