[0.010s] Invoking command in '/home/nikhil/Work/ROS/control_ws/build/three_wheel': CMAKE_PREFIX_PATH=${CMAKE_PREFIX_PATH}:/home/nikhil/Work/ROS/ros2_ws/install/py_pkg:/opt/ros/humble /usr/bin/cmake --build /home/nikhil/Work/ROS/control_ws/build/three_wheel -- -j20 -l20
[0.052s] [100%] Built target three_wheel
[0.059s] Invoked command in '/home/nikhil/Work/ROS/control_ws/build/three_wheel' returned '0': CMAKE_PREFIX_PATH=${CMAKE_PREFIX_PATH}:/home/nikhil/Work/ROS/ros2_ws/install/py_pkg:/opt/ros/humble /usr/bin/cmake --build /home/nikhil/Work/ROS/control_ws/build/three_wheel -- -j20 -l20
[0.067s] Invoking command in '/home/nikhil/Work/ROS/control_ws/build/three_wheel': CMAKE_PREFIX_PATH=${CMAKE_PREFIX_PATH}:/home/nikhil/Work/ROS/ros2_ws/install/py_pkg:/opt/ros/humble /usr/bin/cmake --install /home/nikhil/Work/ROS/control_ws/build/three_wheel
[0.072s] -- Install configuration: ""
[0.072s] -- Up-to-date: /home/nikhil/Work/ROS/control_ws/install/three_wheel/share/three_wheel/three_wheel.xml
[0.072s] -- Up-to-date: /home/nikhil/Work/ROS/control_ws/install/three_wheel/include/three_wheel
[0.073s] -- Up-to-date: /home/nikhil/Work/ROS/control_ws/install/three_wheel/include/three_wheel/three_wheel
[0.073s] -- Up-to-date: /home/nikhil/Work/ROS/control_ws/install/three_wheel/include/three_wheel/three_wheel/dead_wheel.hpp
[0.073s] -- Up-to-date: /home/nikhil/Work/ROS/control_ws/install/three_wheel/include/three_wheel/three_wheel/threewheel_system.hpp
[0.073s] -- Up-to-date: /home/nikhil/Work/ROS/control_ws/install/three_wheel/include/three_wheel/three_wheel/visibility_control.h
[0.073s] -- Up-to-date: /home/nikhil/Work/ROS/control_ws/install/three_wheel/include/three_wheel/three_wheel/drive_wheel.hpp
[0.073s] -- Up-to-date: /home/nikhil/Work/ROS/control_ws/install/three_wheel/share/three_wheel/launch
[0.073s] -- Up-to-date: /home/nikhil/Work/ROS/control_ws/install/three_wheel/share/three_wheel/ros2_control
[0.073s] -- Up-to-date: /home/nikhil/Work/ROS/control_ws/install/three_wheel/share/three_wheel/ros2_control/three_wheel.ros2_control.xacro
[0.073s] -- Up-to-date: /home/nikhil/Work/ROS/control_ws/install/three_wheel/share/three_wheel/urdf
[0.073s] -- Up-to-date: /home/nikhil/Work/ROS/control_ws/install/three_wheel/share/three_wheel/urdf/three_wheel.urdf.xacro
[0.073s] -- Up-to-date: /home/nikhil/Work/ROS/control_ws/install/three_wheel/share/three_wheel/urdf/three_wheel.materials.xacro
[0.073s] -- Up-to-date: /home/nikhil/Work/ROS/control_ws/install/three_wheel/share/three_wheel/urdf/three_wheel_description.urdf.xacro
[0.074s] -- Up-to-date: /home/nikhil/Work/ROS/control_ws/install/three_wheel/share/three_wheel/rviz
[0.074s] -- Up-to-date: /home/nikhil/Work/ROS/control_ws/install/three_wheel/share/three_wheel/rviz/three_wheel_view.rviz
[0.074s] -- Up-to-date: /home/nikhil/Work/ROS/control_ws/install/three_wheel/share/three_wheel/rviz/three_wheel.rviz
[0.074s] -- Up-to-date: /home/nikhil/Work/ROS/control_ws/install/three_wheel/share/three_wheel/launch
[0.074s] -- Up-to-date: /home/nikhil/Work/ROS/control_ws/install/three_wheel/share/three_wheel/launch/three_wheel.launch.py
[0.074s] -- Up-to-date: /home/nikhil/Work/ROS/control_ws/install/three_wheel/share/three_wheel/config
[0.074s] -- Up-to-date: /home/nikhil/Work/ROS/control_ws/install/three_wheel/share/three_wheel/config/joystick.yaml
[0.075s] -- Up-to-date: /home/nikhil/Work/ROS/control_ws/install/three_wheel/share/three_wheel/config/three_wheel_controller.yaml
[0.075s] -- Up-to-date: /home/nikhil/Work/ROS/control_ws/install/three_wheel/lib/libthree_wheel.so
[0.075s] -- Up-to-date: /home/nikhil/Work/ROS/control_ws/install/three_wheel/share/three_wheel/environment/library_path.sh
[0.075s] -- Up-to-date: /home/nikhil/Work/ROS/control_ws/install/three_wheel/share/three_wheel/environment/library_path.dsv
[0.075s] -- Up-to-date: /home/nikhil/Work/ROS/control_ws/install/three_wheel/share/ament_index/resource_index/package_run_dependencies/three_wheel
[0.075s] -- Up-to-date: /home/nikhil/Work/ROS/control_ws/install/three_wheel/share/ament_index/resource_index/parent_prefix_path/three_wheel
[0.075s] -- Up-to-date: /home/nikhil/Work/ROS/control_ws/install/three_wheel/share/three_wheel/environment/ament_prefix_path.sh
[0.075s] -- Up-to-date: /home/nikhil/Work/ROS/control_ws/install/three_wheel/share/three_wheel/environment/ament_prefix_path.dsv
[0.075s] -- Up-to-date: /home/nikhil/Work/ROS/control_ws/install/three_wheel/share/three_wheel/environment/path.sh
[0.075s] -- Up-to-date: /home/nikhil/Work/ROS/control_ws/install/three_wheel/share/three_wheel/environment/path.dsv
[0.075s] -- Up-to-date: /home/nikhil/Work/ROS/control_ws/install/three_wheel/share/three_wheel/local_setup.bash
[0.075s] -- Up-to-date: /home/nikhil/Work/ROS/control_ws/install/three_wheel/share/three_wheel/local_setup.sh
[0.075s] -- Up-to-date: /home/nikhil/Work/ROS/control_ws/install/three_wheel/share/three_wheel/local_setup.zsh
[0.075s] -- Up-to-date: /home/nikhil/Work/ROS/control_ws/install/three_wheel/share/three_wheel/local_setup.dsv
[0.075s] -- Installing: /home/nikhil/Work/ROS/control_ws/install/three_wheel/share/three_wheel/package.dsv
[0.075s] -- Up-to-date: /home/nikhil/Work/ROS/control_ws/install/three_wheel/share/ament_index/resource_index/packages/three_wheel
[0.075s] -- Up-to-date: /home/nikhil/Work/ROS/control_ws/install/three_wheel/share/ament_index/resource_index/hardware_interface__pluginlib__plugin/three_wheel
[0.075s] -- Up-to-date: /home/nikhil/Work/ROS/control_ws/install/three_wheel/share/three_wheel/cmake/export_three_wheelExport.cmake
[0.075s] -- Up-to-date: /home/nikhil/Work/ROS/control_ws/install/three_wheel/share/three_wheel/cmake/export_three_wheelExport-noconfig.cmake
[0.075s] -- Up-to-date: /home/nikhil/Work/ROS/control_ws/install/three_wheel/share/three_wheel/cmake/ament_cmake_export_targets-extras.cmake
[0.076s] -- Up-to-date: /home/nikhil/Work/ROS/control_ws/install/three_wheel/share/three_wheel/cmake/ament_cmake_export_dependencies-extras.cmake
[0.076s] -- Up-to-date: /home/nikhil/Work/ROS/control_ws/install/three_wheel/share/three_wheel/cmake/three_wheelConfig.cmake
[0.076s] -- Up-to-date: /home/nikhil/Work/ROS/control_ws/install/three_wheel/share/three_wheel/cmake/three_wheelConfig-version.cmake
[0.076s] -- Up-to-date: /home/nikhil/Work/ROS/control_ws/install/three_wheel/share/three_wheel/package.xml
[0.077s] Invoked command in '/home/nikhil/Work/ROS/control_ws/build/three_wheel' returned '0': CMAKE_PREFIX_PATH=${CMAKE_PREFIX_PATH}:/home/nikhil/Work/ROS/ros2_ws/install/py_pkg:/opt/ros/humble /usr/bin/cmake --install /home/nikhil/Work/ROS/control_ws/build/three_wheel
