[0.009s] Invoking command in '/home/nikhil/Work/ROS/build/mera_robot_bringup': AMENT_PREFIX_PATH=/home/nikhil/Work/ROS/install/my_robot_description:${AMENT_PREFIX_PATH} CMAKE_PREFIX_PATH=/home/nikhil/Work/ROS/install/my_robot_description:/home/nikhil/Work/ROS/turtlebot3_ws/install/turtlebot3_simulations:/home/nikhil/Work/ROS/turtlebot3_ws/install/turtlebot3_gazebo:/home/nikhil/Work/ROS/turtlebot3_ws/install/turtlebot3_fake_node:/home/nikhil/Work/ROS/ros2_ws_1/install/mera_robot_bringup:/home/nikhil/Work/ROS/ros2_ws_1/install/my_robot_description:/home/nikhil/Work/ROS/ros2_ws/install/my_robot_bringup:/home/nikhil/Work/ROS/ros2_ws/install/cpp_pkg:/home/nikhil/Work/ROS/ros2_ws/install/course_activities:/home/nikhil/Work/ROS/ros2_ws/install/my_robot_interfaces:/home/nikhil/Work/ROS/ros2_ws/install/py_pkg:/opt/ros/humble /usr/bin/cmake /home/nikhil/Work/ROS/ros2_ws_1/src/mera_robot_bringup -DCMAKE_INSTALL_PREFIX=/home/nikhil/Work/ROS/install/mera_robot_bringup
[0.056s] -- The C compiler identification is GNU 11.4.0
[0.095s] -- The CXX compiler identification is GNU 11.4.0
[0.101s] -- Detecting C compiler ABI info
[0.160s] -- Detecting C compiler ABI info - done
[0.168s] -- Check for working C compiler: /usr/bin/cc - skipped
[0.168s] -- Detecting C compile features
[0.168s] -- Detecting C compile features - done
[0.171s] -- Detecting CXX compiler ABI info
[0.243s] -- Detecting CXX compiler ABI info - done
[0.250s] -- Check for working CXX compiler: /usr/bin/c++ - skipped
[0.250s] -- Detecting CXX compile features
[0.251s] -- Detecting CXX compile features - done
[0.254s] -- Found ament_cmake: 1.3.11 (/opt/ros/humble/share/ament_cmake/cmake)
[0.380s] -- Found Python3: /usr/bin/python3 (found version "3.10.12") found components: Interpreter 
[0.482s] -- Configuring done
[0.483s] -- Generating done
[0.484s] -- Build files have been written to: /home/nikhil/Work/ROS/build/mera_robot_bringup
[0.487s] Invoked command in '/home/nikhil/Work/ROS/build/mera_robot_bringup' returned '0': AMENT_PREFIX_PATH=/home/nikhil/Work/ROS/install/my_robot_description:${AMENT_PREFIX_PATH} CMAKE_PREFIX_PATH=/home/nikhil/Work/ROS/install/my_robot_description:/home/nikhil/Work/ROS/turtlebot3_ws/install/turtlebot3_simulations:/home/nikhil/Work/ROS/turtlebot3_ws/install/turtlebot3_gazebo:/home/nikhil/Work/ROS/turtlebot3_ws/install/turtlebot3_fake_node:/home/nikhil/Work/ROS/ros2_ws_1/install/mera_robot_bringup:/home/nikhil/Work/ROS/ros2_ws_1/install/my_robot_description:/home/nikhil/Work/ROS/ros2_ws/install/my_robot_bringup:/home/nikhil/Work/ROS/ros2_ws/install/cpp_pkg:/home/nikhil/Work/ROS/ros2_ws/install/course_activities:/home/nikhil/Work/ROS/ros2_ws/install/my_robot_interfaces:/home/nikhil/Work/ROS/ros2_ws/install/py_pkg:/opt/ros/humble /usr/bin/cmake /home/nikhil/Work/ROS/ros2_ws_1/src/mera_robot_bringup -DCMAKE_INSTALL_PREFIX=/home/nikhil/Work/ROS/install/mera_robot_bringup
[0.488s] Invoking command in '/home/nikhil/Work/ROS/build/mera_robot_bringup': AMENT_PREFIX_PATH=/home/nikhil/Work/ROS/install/my_robot_description:${AMENT_PREFIX_PATH} CMAKE_PREFIX_PATH=/home/nikhil/Work/ROS/install/my_robot_description:/home/nikhil/Work/ROS/turtlebot3_ws/install/turtlebot3_simulations:/home/nikhil/Work/ROS/turtlebot3_ws/install/turtlebot3_gazebo:/home/nikhil/Work/ROS/turtlebot3_ws/install/turtlebot3_fake_node:/home/nikhil/Work/ROS/ros2_ws_1/install/mera_robot_bringup:/home/nikhil/Work/ROS/ros2_ws_1/install/my_robot_description:/home/nikhil/Work/ROS/ros2_ws/install/my_robot_bringup:/home/nikhil/Work/ROS/ros2_ws/install/cpp_pkg:/home/nikhil/Work/ROS/ros2_ws/install/course_activities:/home/nikhil/Work/ROS/ros2_ws/install/my_robot_interfaces:/home/nikhil/Work/ROS/ros2_ws/install/py_pkg:/opt/ros/humble /usr/bin/cmake --build /home/nikhil/Work/ROS/build/mera_robot_bringup -- -j20 -l20
[0.518s] Invoked command in '/home/nikhil/Work/ROS/build/mera_robot_bringup' returned '0': AMENT_PREFIX_PATH=/home/nikhil/Work/ROS/install/my_robot_description:${AMENT_PREFIX_PATH} CMAKE_PREFIX_PATH=/home/nikhil/Work/ROS/install/my_robot_description:/home/nikhil/Work/ROS/turtlebot3_ws/install/turtlebot3_simulations:/home/nikhil/Work/ROS/turtlebot3_ws/install/turtlebot3_gazebo:/home/nikhil/Work/ROS/turtlebot3_ws/install/turtlebot3_fake_node:/home/nikhil/Work/ROS/ros2_ws_1/install/mera_robot_bringup:/home/nikhil/Work/ROS/ros2_ws_1/install/my_robot_description:/home/nikhil/Work/ROS/ros2_ws/install/my_robot_bringup:/home/nikhil/Work/ROS/ros2_ws/install/cpp_pkg:/home/nikhil/Work/ROS/ros2_ws/install/course_activities:/home/nikhil/Work/ROS/ros2_ws/install/my_robot_interfaces:/home/nikhil/Work/ROS/ros2_ws/install/py_pkg:/opt/ros/humble /usr/bin/cmake --build /home/nikhil/Work/ROS/build/mera_robot_bringup -- -j20 -l20
[0.519s] Invoking command in '/home/nikhil/Work/ROS/build/mera_robot_bringup': AMENT_PREFIX_PATH=/home/nikhil/Work/ROS/install/my_robot_description:${AMENT_PREFIX_PATH} CMAKE_PREFIX_PATH=/home/nikhil/Work/ROS/install/my_robot_description:/home/nikhil/Work/ROS/turtlebot3_ws/install/turtlebot3_simulations:/home/nikhil/Work/ROS/turtlebot3_ws/install/turtlebot3_gazebo:/home/nikhil/Work/ROS/turtlebot3_ws/install/turtlebot3_fake_node:/home/nikhil/Work/ROS/ros2_ws_1/install/mera_robot_bringup:/home/nikhil/Work/ROS/ros2_ws_1/install/my_robot_description:/home/nikhil/Work/ROS/ros2_ws/install/my_robot_bringup:/home/nikhil/Work/ROS/ros2_ws/install/cpp_pkg:/home/nikhil/Work/ROS/ros2_ws/install/course_activities:/home/nikhil/Work/ROS/ros2_ws/install/my_robot_interfaces:/home/nikhil/Work/ROS/ros2_ws/install/py_pkg:/opt/ros/humble /usr/bin/cmake --install /home/nikhil/Work/ROS/build/mera_robot_bringup
[0.526s] -- Install configuration: ""
[0.526s] -- Installing: /home/nikhil/Work/ROS/install/mera_robot_bringup/share/mera_robot_bringup//launch
[0.526s] -- Installing: /home/nikhil/Work/ROS/install/mera_robot_bringup/share/mera_robot_bringup//launch/mera_robot_gazebo.launch.xml
[0.526s] -- Installing: /home/nikhil/Work/ROS/install/mera_robot_bringup/share/mera_robot_bringup//rviz
[0.526s] -- Installing: /home/nikhil/Work/ROS/install/mera_robot_bringup/share/mera_robot_bringup//rviz/urdf_config.rviz
[0.526s] -- Installing: /home/nikhil/Work/ROS/install/mera_robot_bringup/share/ament_index/resource_index/package_run_dependencies/mera_robot_bringup
[0.526s] -- Installing: /home/nikhil/Work/ROS/install/mera_robot_bringup/share/ament_index/resource_index/parent_prefix_path/mera_robot_bringup
[0.526s] -- Installing: /home/nikhil/Work/ROS/install/mera_robot_bringup/share/mera_robot_bringup/environment/ament_prefix_path.sh
[0.526s] -- Installing: /home/nikhil/Work/ROS/install/mera_robot_bringup/share/mera_robot_bringup/environment/ament_prefix_path.dsv
[0.527s] -- Installing: /home/nikhil/Work/ROS/install/mera_robot_bringup/share/mera_robot_bringup/environment/path.sh
[0.527s] -- Installing: /home/nikhil/Work/ROS/install/mera_robot_bringup/share/mera_robot_bringup/environment/path.dsv
[0.527s] -- Installing: /home/nikhil/Work/ROS/install/mera_robot_bringup/share/mera_robot_bringup/local_setup.bash
[0.527s] -- Installing: /home/nikhil/Work/ROS/install/mera_robot_bringup/share/mera_robot_bringup/local_setup.sh
[0.527s] -- Installing: /home/nikhil/Work/ROS/install/mera_robot_bringup/share/mera_robot_bringup/local_setup.zsh
[0.527s] -- Installing: /home/nikhil/Work/ROS/install/mera_robot_bringup/share/mera_robot_bringup/local_setup.dsv
[0.527s] -- Installing: /home/nikhil/Work/ROS/install/mera_robot_bringup/share/mera_robot_bringup/package.dsv
[0.527s] -- Installing: /home/nikhil/Work/ROS/install/mera_robot_bringup/share/ament_index/resource_index/packages/mera_robot_bringup
[0.527s] -- Installing: /home/nikhil/Work/ROS/install/mera_robot_bringup/share/mera_robot_bringup/cmake/mera_robot_bringupConfig.cmake
[0.527s] -- Installing: /home/nikhil/Work/ROS/install/mera_robot_bringup/share/mera_robot_bringup/cmake/mera_robot_bringupConfig-version.cmake
[0.527s] -- Installing: /home/nikhil/Work/ROS/install/mera_robot_bringup/share/mera_robot_bringup/package.xml
[0.529s] Invoked command in '/home/nikhil/Work/ROS/build/mera_robot_bringup' returned '0': AMENT_PREFIX_PATH=/home/nikhil/Work/ROS/install/my_robot_description:${AMENT_PREFIX_PATH} CMAKE_PREFIX_PATH=/home/nikhil/Work/ROS/install/my_robot_description:/home/nikhil/Work/ROS/turtlebot3_ws/install/turtlebot3_simulations:/home/nikhil/Work/ROS/turtlebot3_ws/install/turtlebot3_gazebo:/home/nikhil/Work/ROS/turtlebot3_ws/install/turtlebot3_fake_node:/home/nikhil/Work/ROS/ros2_ws_1/install/mera_robot_bringup:/home/nikhil/Work/ROS/ros2_ws_1/install/my_robot_description:/home/nikhil/Work/ROS/ros2_ws/install/my_robot_bringup:/home/nikhil/Work/ROS/ros2_ws/install/cpp_pkg:/home/nikhil/Work/ROS/ros2_ws/install/course_activities:/home/nikhil/Work/ROS/ros2_ws/install/my_robot_interfaces:/home/nikhil/Work/ROS/ros2_ws/install/py_pkg:/opt/ros/humble /usr/bin/cmake --install /home/nikhil/Work/ROS/build/mera_robot_bringup
