[0.006s] Invoking command in '/home/nikhil/ROS/ros2_ws/build/course_activities': CMAKE_PREFIX_PATH=/home/nikhil/ROS/ros2_ws/install/my_robot_interfaces:/home/nikhil/ROS/ros2_ws/install/my_robot_bringup:/home/nikhil/ROS/ros2_ws/install/cpp_pkg:/home/nikhil/ROS/ros2_ws/install/course_activities:/home/nikhil/ROS/ros2_ws/install/py_pkg:/opt/ros/humble /usr/bin/cmake --build /home/nikhil/ROS/ros2_ws/build/course_activities -- -j20 -l20
[0.045s] [35m[1mConsolidate compiler generated dependencies of target new_turtle[0m
[0.049s] [ 16%] Built target number_publisher
[0.049s] [ 25%] [32mBuilding CXX object CMakeFiles/led_panel.dir/src/led_panel.cpp.o[0m
[0.051s] [ 41%] Built target reset_counter_client
[0.052s] [ 58%] Built target number_counter
[0.053s] [ 66%] [32mBuilding CXX object CMakeFiles/battery_status.dir/src/battery_status.cpp.o[0m
[0.056s] [ 75%] [32mBuilding CXX object CMakeFiles/new_turtle.dir/src/new_turtle.cpp.o[0m
[2.114s] [ 83%] [32m[1mLinking CXX executable battery_status[0m
[2.212s] [ 83%] Built target battery_status
[2.706s] [ 91%] [32m[1mLinking CXX executable led_panel[0m
[2.786s] [100%] [32m[1mLinking CXX executable new_turtle[0m
[2.831s] [100%] Built target led_panel
[2.924s] [100%] Built target new_turtle
[2.932s] Invoked command in '/home/nikhil/ROS/ros2_ws/build/course_activities' returned '0': CMAKE_PREFIX_PATH=/home/nikhil/ROS/ros2_ws/install/my_robot_interfaces:/home/nikhil/ROS/ros2_ws/install/my_robot_bringup:/home/nikhil/ROS/ros2_ws/install/cpp_pkg:/home/nikhil/ROS/ros2_ws/install/course_activities:/home/nikhil/ROS/ros2_ws/install/py_pkg:/opt/ros/humble /usr/bin/cmake --build /home/nikhil/ROS/ros2_ws/build/course_activities -- -j20 -l20
[2.961s] Invoking command in '/home/nikhil/ROS/ros2_ws/build/course_activities': CMAKE_PREFIX_PATH=/home/nikhil/ROS/ros2_ws/install/my_robot_interfaces:/home/nikhil/ROS/ros2_ws/install/my_robot_bringup:/home/nikhil/ROS/ros2_ws/install/cpp_pkg:/home/nikhil/ROS/ros2_ws/install/course_activities:/home/nikhil/ROS/ros2_ws/install/py_pkg:/opt/ros/humble /usr/bin/cmake --install /home/nikhil/ROS/ros2_ws/build/course_activities
[2.965s] -- Install configuration: ""
[2.966s] -- Up-to-date: /home/nikhil/ROS/ros2_ws/install/course_activities/lib/course_activities/number_publisher
[2.967s] -- Up-to-date: /home/nikhil/ROS/ros2_ws/install/course_activities/lib/course_activities/number_counter
[2.967s] -- Up-to-date: /home/nikhil/ROS/ros2_ws/install/course_activities/lib/course_activities/reset_counter_client
[2.968s] -- Installing: /home/nikhil/ROS/ros2_ws/install/course_activities/lib/course_activities/battery_status
[2.968s] -- Set runtime path of "/home/nikhil/ROS/ros2_ws/install/course_activities/lib/course_activities/battery_status" to ""
[2.968s] -- Installing: /home/nikhil/ROS/ros2_ws/install/course_activities/lib/course_activities/led_panel
[2.969s] -- Set runtime path of "/home/nikhil/ROS/ros2_ws/install/course_activities/lib/course_activities/led_panel" to ""
[2.969s] -- Installing: /home/nikhil/ROS/ros2_ws/install/course_activities/lib/course_activities/new_turtle
[2.970s] -- Set runtime path of "/home/nikhil/ROS/ros2_ws/install/course_activities/lib/course_activities/new_turtle" to ""
[2.970s] -- Up-to-date: /home/nikhil/ROS/ros2_ws/install/course_activities/share/ament_index/resource_index/package_run_dependencies/course_activities
[2.970s] -- Up-to-date: /home/nikhil/ROS/ros2_ws/install/course_activities/share/ament_index/resource_index/parent_prefix_path/course_activities
[2.970s] -- Up-to-date: /home/nikhil/ROS/ros2_ws/install/course_activities/share/course_activities/environment/ament_prefix_path.sh
[2.970s] -- Up-to-date: /home/nikhil/ROS/ros2_ws/install/course_activities/share/course_activities/environment/ament_prefix_path.dsv
[2.970s] -- Up-to-date: /home/nikhil/ROS/ros2_ws/install/course_activities/share/course_activities/environment/path.sh
[2.970s] -- Up-to-date: /home/nikhil/ROS/ros2_ws/install/course_activities/share/course_activities/environment/path.dsv
[2.971s] -- Up-to-date: /home/nikhil/ROS/ros2_ws/install/course_activities/share/course_activities/local_setup.bash
[2.971s] -- Up-to-date: /home/nikhil/ROS/ros2_ws/install/course_activities/share/course_activities/local_setup.sh
[2.971s] -- Up-to-date: /home/nikhil/ROS/ros2_ws/install/course_activities/share/course_activities/local_setup.zsh
[2.971s] -- Up-to-date: /home/nikhil/ROS/ros2_ws/install/course_activities/share/course_activities/local_setup.dsv
[2.971s] -- Installing: /home/nikhil/ROS/ros2_ws/install/course_activities/share/course_activities/package.dsv
[2.971s] -- Up-to-date: /home/nikhil/ROS/ros2_ws/install/course_activities/share/ament_index/resource_index/packages/course_activities
[2.971s] -- Up-to-date: /home/nikhil/ROS/ros2_ws/install/course_activities/share/course_activities/cmake/course_activitiesConfig.cmake
[2.971s] -- Up-to-date: /home/nikhil/ROS/ros2_ws/install/course_activities/share/course_activities/cmake/course_activitiesConfig-version.cmake
[2.971s] -- Up-to-date: /home/nikhil/ROS/ros2_ws/install/course_activities/share/course_activities/package.xml
[2.972s] Invoked command in '/home/nikhil/ROS/ros2_ws/build/course_activities' returned '0': CMAKE_PREFIX_PATH=/home/nikhil/ROS/ros2_ws/install/my_robot_interfaces:/home/nikhil/ROS/ros2_ws/install/my_robot_bringup:/home/nikhil/ROS/ros2_ws/install/cpp_pkg:/home/nikhil/ROS/ros2_ws/install/course_activities:/home/nikhil/ROS/ros2_ws/install/py_pkg:/opt/ros/humble /usr/bin/cmake --install /home/nikhil/ROS/ros2_ws/build/course_activities
