[0.007s] Invoking command in '/home/nikhil/ROS/ros2_ws_1/build/my_robot_description': CMAKE_PREFIX_PATH=${CMAKE_PREFIX_PATH}:/home/nikhil/ROS/ros2_ws/install/py_pkg:/opt/ros/humble /usr/bin/cmake /home/nikhil/ROS/ros2_ws_1/src/my_robot_description -DCMAKE_INSTALL_PREFIX=/home/nikhil/ROS/ros2_ws_1/install/my_robot_description
[0.015s] -- Found ament_cmake: 1.3.11 (/opt/ros/humble/share/ament_cmake/cmake)
[0.094s] -- Override CMake install command with custom implementation using symlinks instead of copying resources
[0.139s] -- Configuring done
[0.140s] -- Generating done
[0.141s] -- Build files have been written to: /home/nikhil/ROS/ros2_ws_1/build/my_robot_description
[0.144s] Invoked command in '/home/nikhil/ROS/ros2_ws_1/build/my_robot_description' returned '0': CMAKE_PREFIX_PATH=${CMAKE_PREFIX_PATH}:/home/nikhil/ROS/ros2_ws/install/py_pkg:/opt/ros/humble /usr/bin/cmake /home/nikhil/ROS/ros2_ws_1/src/my_robot_description -DCMAKE_INSTALL_PREFIX=/home/nikhil/ROS/ros2_ws_1/install/my_robot_description
[0.144s] Invoking command in '/home/nikhil/ROS/ros2_ws_1/build/my_robot_description': CMAKE_PREFIX_PATH=${CMAKE_PREFIX_PATH}:/home/nikhil/ROS/ros2_ws/install/py_pkg:/opt/ros/humble /usr/bin/cmake --build /home/nikhil/ROS/ros2_ws_1/build/my_robot_description -- -j20 -l20
[0.175s] Invoked command in '/home/nikhil/ROS/ros2_ws_1/build/my_robot_description' returned '0': CMAKE_PREFIX_PATH=${CMAKE_PREFIX_PATH}:/home/nikhil/ROS/ros2_ws/install/py_pkg:/opt/ros/humble /usr/bin/cmake --build /home/nikhil/ROS/ros2_ws_1/build/my_robot_description -- -j20 -l20
[0.187s] Invoking command in '/home/nikhil/ROS/ros2_ws_1/build/my_robot_description': CMAKE_PREFIX_PATH=${CMAKE_PREFIX_PATH}:/home/nikhil/ROS/ros2_ws/install/py_pkg:/opt/ros/humble /usr/bin/cmake --install /home/nikhil/ROS/ros2_ws_1/build/my_robot_description
[0.194s] -- Install configuration: ""
[0.195s] -- Execute custom install script
[0.197s] [33mCMake Warning (dev) at ament_cmake_symlink_install/ament_cmake_symlink_install.cmake:62 (file):
[0.197s]   Policy CMP0009 is not set: FILE GLOB_RECURSE calls should not follow
[0.197s]   symlinks by default.  Run "cmake --help-policy CMP0009" for policy details.
[0.197s]   Use the cmake_policy command to set the policy and suppress this warning.
[0.197s] Call Stack (most recent call first):
[0.197s]   ament_cmake_symlink_install/ament_cmake_symlink_install.cmake:314 (ament_cmake_symlink_install_directory)
[0.197s]   cmake_install.cmake:46 (include)
[0.197s] This warning is for project developers.  Use -Wno-dev to suppress it.
[0.197s] [0m
[0.198s] -- Up-to-date symlink: /home/nikhil/ROS/ros2_ws_1/install/my_robot_description/share/my_robot_description//urdf/build/.built_by
[0.198s] -- Up-to-date symlink: /home/nikhil/ROS/ros2_ws_1/install/my_robot_description/share/my_robot_description//urdf/build/COLCON_IGNORE
[0.198s] -- Up-to-date symlink: /home/nikhil/ROS/ros2_ws_1/install/my_robot_description/share/my_robot_description//urdf/common_properties.xacro
[0.198s] -- Up-to-date symlink: /home/nikhil/ROS/ros2_ws_1/install/my_robot_description/share/my_robot_description//urdf/install/.colcon_install_layout
[0.198s] -- Up-to-date symlink: /home/nikhil/ROS/ros2_ws_1/install/my_robot_description/share/my_robot_description//urdf/install/COLCON_IGNORE
[0.198s] -- Up-to-date symlink: /home/nikhil/ROS/ros2_ws_1/install/my_robot_description/share/my_robot_description//urdf/install/_local_setup_util_ps1.py
[0.198s] -- Up-to-date symlink: /home/nikhil/ROS/ros2_ws_1/install/my_robot_description/share/my_robot_description//urdf/install/_local_setup_util_sh.py
[0.198s] -- Up-to-date symlink: /home/nikhil/ROS/ros2_ws_1/install/my_robot_description/share/my_robot_description//urdf/install/local_setup.bash
[0.198s] -- Up-to-date symlink: /home/nikhil/ROS/ros2_ws_1/install/my_robot_description/share/my_robot_description//urdf/install/local_setup.ps1
[0.198s] -- Up-to-date symlink: /home/nikhil/ROS/ros2_ws_1/install/my_robot_description/share/my_robot_description//urdf/install/local_setup.sh
[0.198s] -- Up-to-date symlink: /home/nikhil/ROS/ros2_ws_1/install/my_robot_description/share/my_robot_description//urdf/install/local_setup.zsh
[0.199s] -- Up-to-date symlink: /home/nikhil/ROS/ros2_ws_1/install/my_robot_description/share/my_robot_description//urdf/install/setup.bash
[0.199s] -- Up-to-date symlink: /home/nikhil/ROS/ros2_ws_1/install/my_robot_description/share/my_robot_description//urdf/install/setup.ps1
[0.199s] -- Up-to-date symlink: /home/nikhil/ROS/ros2_ws_1/install/my_robot_description/share/my_robot_description//urdf/install/setup.sh
[0.199s] -- Up-to-date symlink: /home/nikhil/ROS/ros2_ws_1/install/my_robot_description/share/my_robot_description//urdf/install/setup.zsh
[0.199s] -- Up-to-date symlink: /home/nikhil/ROS/ros2_ws_1/install/my_robot_description/share/my_robot_description//urdf/log/COLCON_IGNORE
[0.199s] -- Up-to-date symlink: /home/nikhil/ROS/ros2_ws_1/install/my_robot_description/share/my_robot_description//urdf/log/build_2025-02-08_16-40-02/events.log
[0.199s] -- Up-to-date symlink: /home/nikhil/ROS/ros2_ws_1/install/my_robot_description/share/my_robot_description//urdf/log/build_2025-02-08_16-40-02/logger_all.log
[0.199s] -- Up-to-date symlink: /home/nikhil/ROS/ros2_ws_1/install/my_robot_description/share/my_robot_description//urdf/log/latest/events.log
[0.199s] -- Up-to-date symlink: /home/nikhil/ROS/ros2_ws_1/install/my_robot_description/share/my_robot_description//urdf/log/latest/logger_all.log
[0.199s] -- Up-to-date symlink: /home/nikhil/ROS/ros2_ws_1/install/my_robot_description/share/my_robot_description//urdf/log/latest_build/events.log
[0.199s] -- Up-to-date symlink: /home/nikhil/ROS/ros2_ws_1/install/my_robot_description/share/my_robot_description//urdf/log/latest_build/logger_all.log
[0.199s] -- Up-to-date symlink: /home/nikhil/ROS/ros2_ws_1/install/my_robot_description/share/my_robot_description//urdf/mera_robot.xacro
[0.199s] -- Up-to-date symlink: /home/nikhil/ROS/ros2_ws_1/install/my_robot_description/share/my_robot_description//urdf/mobile_base.xacro
[0.199s] -- Up-to-date symlink: /home/nikhil/ROS/ros2_ws_1/install/my_robot_description/share/my_robot_description//urdf/mobile_base_gazebo.xacro
[0.199s] -- Up-to-date symlink: /home/nikhil/ROS/ros2_ws_1/install/my_robot_description/share/my_robot_description//urdf/my_robot.urdf.xacro
[0.199s] -- Up-to-date symlink: /home/nikhil/ROS/ros2_ws_1/install/my_robot_description/share/my_robot_description//launch/display.launch.xml
[0.199s] -- Up-to-date symlink: /home/nikhil/ROS/ros2_ws_1/install/my_robot_description/share/my_robot_description//launch/display2.launch.xml
[0.200s] -- Up-to-date symlink: /home/nikhil/ROS/ros2_ws_1/install/my_robot_description/share/my_robot_description//rviz/urdf_config.rviz
[0.200s] -- Up-to-date symlink: /home/nikhil/ROS/ros2_ws_1/install/my_robot_description/share/ament_index/resource_index/package_run_dependencies/my_robot_description
[0.200s] -- Up-to-date symlink: /home/nikhil/ROS/ros2_ws_1/install/my_robot_description/share/ament_index/resource_index/parent_prefix_path/my_robot_description
[0.200s] -- Up-to-date symlink: /home/nikhil/ROS/ros2_ws_1/install/my_robot_description/share/my_robot_description/environment/ament_prefix_path.sh
[0.200s] -- Up-to-date symlink: /home/nikhil/ROS/ros2_ws_1/install/my_robot_description/share/my_robot_description/environment/ament_prefix_path.dsv
[0.200s] -- Up-to-date symlink: /home/nikhil/ROS/ros2_ws_1/install/my_robot_description/share/my_robot_description/environment/path.sh
[0.200s] -- Up-to-date symlink: /home/nikhil/ROS/ros2_ws_1/install/my_robot_description/share/my_robot_description/environment/path.dsv
[0.200s] -- Up-to-date symlink: /home/nikhil/ROS/ros2_ws_1/install/my_robot_description/share/my_robot_description/local_setup.bash
[0.200s] -- Up-to-date symlink: /home/nikhil/ROS/ros2_ws_1/install/my_robot_description/share/my_robot_description/local_setup.sh
[0.200s] -- Up-to-date symlink: /home/nikhil/ROS/ros2_ws_1/install/my_robot_description/share/my_robot_description/local_setup.zsh
[0.200s] -- Up-to-date symlink: /home/nikhil/ROS/ros2_ws_1/install/my_robot_description/share/my_robot_description/local_setup.dsv
[0.200s] -- Symlinking: /home/nikhil/ROS/ros2_ws_1/install/my_robot_description/share/my_robot_description/package.dsv
[0.212s] -- Up-to-date symlink: /home/nikhil/ROS/ros2_ws_1/install/my_robot_description/share/ament_index/resource_index/packages/my_robot_description
[0.212s] -- Up-to-date symlink: /home/nikhil/ROS/ros2_ws_1/install/my_robot_description/share/my_robot_description/cmake/my_robot_descriptionConfig.cmake
[0.212s] -- Up-to-date symlink: /home/nikhil/ROS/ros2_ws_1/install/my_robot_description/share/my_robot_description/cmake/my_robot_descriptionConfig-version.cmake
[0.212s] -- Up-to-date symlink: /home/nikhil/ROS/ros2_ws_1/install/my_robot_description/share/my_robot_description/package.xml
[0.215s] Invoked command in '/home/nikhil/ROS/ros2_ws_1/build/my_robot_description' returned '0': CMAKE_PREFIX_PATH=${CMAKE_PREFIX_PATH}:/home/nikhil/ROS/ros2_ws/install/py_pkg:/opt/ros/humble /usr/bin/cmake --install /home/nikhil/ROS/ros2_ws_1/build/my_robot_description
