[0.013s] Invoking command in '/home/nikhil/Work/ROS/controller_ws/build/three_omniwheel_controller': CMAKE_PREFIX_PATH=${CMAKE_PREFIX_PATH}:/home/nikhil/Work/ROS/ros2_ws/install/py_pkg:/opt/ros/humble /usr/bin/cmake --build /home/nikhil/Work/ROS/controller_ws/build/three_omniwheel_controller -- -j20 -l20
[0.032s] -- Found ament_cmake: 1.3.11 (/opt/ros/humble/share/ament_cmake/cmake)
[0.119s] -- Found controller_interface: 2.48.0 (/opt/ros/humble/share/controller_interface/cmake)
[0.142s] -- Found rosidl_generator_c: 3.1.6 (/opt/ros/humble/share/rosidl_generator_c/cmake)
[0.144s] -- Found rosidl_adapter: 3.1.6 (/opt/ros/humble/share/rosidl_adapter/cmake)
[0.149s] -- Found rosidl_generator_cpp: 3.1.6 (/opt/ros/humble/share/rosidl_generator_cpp/cmake)
[0.157s] -- Using all available rosidl_typesupport_c: rosidl_typesupport_fastrtps_c;rosidl_typesupport_introspection_c
[0.166s] -- Using all available rosidl_typesupport_cpp: rosidl_typesupport_fastrtps_cpp;rosidl_typesupport_introspection_cpp
[0.289s] -- Found rmw_implementation_cmake: 6.1.2 (/opt/ros/humble/share/rmw_implementation_cmake/cmake)
[0.291s] -- Found rmw_cyclonedds_cpp: 1.3.4 (/opt/ros/humble/share/rmw_cyclonedds_cpp/cmake)
[0.306s] -- Using RMW implementation 'rmw_cyclonedds_cpp' as default
[0.340s] -- Found generate_parameter_library: 0.4.0 (/opt/ros/humble/share/generate_parameter_library/cmake)
[0.341s] -- Found parameter_traits: 0.4.0 (/opt/ros/humble/share/parameter_traits/cmake)
[0.347s] -- Found nav_msgs: 4.2.4 (/opt/ros/humble/share/nav_msgs/cmake)
[0.359s] -- Found realtime_tools: 2.11.0 (/opt/ros/humble/share/realtime_tools/cmake)
[0.367s] -- Found tf2: 0.25.12 (/opt/ros/humble/share/tf2/cmake)
[0.369s] -- Found tf2_msgs: 0.25.12 (/opt/ros/humble/share/tf2_msgs/cmake)
[0.393s] -- Found ament_lint_auto: 0.12.11 (/opt/ros/humble/share/ament_lint_auto/cmake)
[0.438s] -- Configuring done
[0.461s] -- Generating done
[0.464s] -- Build files have been written to: /home/nikhil/Work/ROS/controller_ws/build/three_omniwheel_controller
[0.493s] [ 33%] Built target three_omniwheel_controller_parameters
[0.503s] [35m[1mConsolidate compiler generated dependencies of target three_omniwheel_controller[0m
[0.517s] [100%] Built target three_omniwheel_controller
[0.526s] Invoked command in '/home/nikhil/Work/ROS/controller_ws/build/three_omniwheel_controller' returned '0': CMAKE_PREFIX_PATH=${CMAKE_PREFIX_PATH}:/home/nikhil/Work/ROS/ros2_ws/install/py_pkg:/opt/ros/humble /usr/bin/cmake --build /home/nikhil/Work/ROS/controller_ws/build/three_omniwheel_controller -- -j20 -l20
[0.532s] Invoking command in '/home/nikhil/Work/ROS/controller_ws/build/three_omniwheel_controller': CMAKE_PREFIX_PATH=${CMAKE_PREFIX_PATH}:/home/nikhil/Work/ROS/ros2_ws/install/py_pkg:/opt/ros/humble /usr/bin/cmake --install /home/nikhil/Work/ROS/controller_ws/build/three_omniwheel_controller
[0.539s] -- Install configuration: ""
[0.539s] -- Up-to-date: /home/nikhil/Work/ROS/controller_ws/install/three_omniwheel_controller/include/three_omniwheel_controller
[0.539s] -- Up-to-date: /home/nikhil/Work/ROS/controller_ws/install/three_omniwheel_controller/include/three_omniwheel_controller/three_omniwheel_controller_parameters.hpp
[0.539s] -- Up-to-date: /home/nikhil/Work/ROS/controller_ws/install/three_omniwheel_controller/share/three_omniwheel_controller/three_omniwheel_plugin.xml
[0.539s] -- Up-to-date: /home/nikhil/Work/ROS/controller_ws/install/three_omniwheel_controller/include/three_omniwheel_controller
[0.539s] -- Up-to-date: /home/nikhil/Work/ROS/controller_ws/install/three_omniwheel_controller/include/three_omniwheel_controller/three_omniwheel_controller
[0.539s] -- Up-to-date: /home/nikhil/Work/ROS/controller_ws/install/three_omniwheel_controller/include/three_omniwheel_controller/three_omniwheel_controller/three_omniwheel_controller.hpp
[0.539s] -- Up-to-date: /home/nikhil/Work/ROS/controller_ws/install/three_omniwheel_controller/include/three_omniwheel_controller/three_omniwheel_controller/odometry.hpp
[0.539s] -- Up-to-date: /home/nikhil/Work/ROS/controller_ws/install/three_omniwheel_controller/include/three_omniwheel_controller/three_omniwheel_controller/speed_limiter.hpp
[0.539s] -- Up-to-date: /home/nikhil/Work/ROS/controller_ws/install/three_omniwheel_controller/include/three_omniwheel_controller/three_omniwheel_controller/visibility_control.h
[0.539s] -- Up-to-date: /home/nikhil/Work/ROS/controller_ws/install/three_omniwheel_controller/lib/libthree_omniwheel_controller.so
[0.540s] -- Up-to-date: /home/nikhil/Work/ROS/controller_ws/install/three_omniwheel_controller/share/three_omniwheel_controller/environment/library_path.sh
[0.540s] -- Installing: /home/nikhil/Work/ROS/controller_ws/install/three_omniwheel_controller/share/three_omniwheel_controller/environment/library_path.dsv
[0.540s] -- Up-to-date: /home/nikhil/Work/ROS/controller_ws/install/three_omniwheel_controller/share/ament_index/resource_index/package_run_dependencies/three_omniwheel_controller
[0.540s] -- Up-to-date: /home/nikhil/Work/ROS/controller_ws/install/three_omniwheel_controller/share/ament_index/resource_index/parent_prefix_path/three_omniwheel_controller
[0.540s] -- Up-to-date: /home/nikhil/Work/ROS/controller_ws/install/three_omniwheel_controller/share/three_omniwheel_controller/environment/ament_prefix_path.sh
[0.540s] -- Installing: /home/nikhil/Work/ROS/controller_ws/install/three_omniwheel_controller/share/three_omniwheel_controller/environment/ament_prefix_path.dsv
[0.540s] -- Up-to-date: /home/nikhil/Work/ROS/controller_ws/install/three_omniwheel_controller/share/three_omniwheel_controller/environment/path.sh
[0.540s] -- Installing: /home/nikhil/Work/ROS/controller_ws/install/three_omniwheel_controller/share/three_omniwheel_controller/environment/path.dsv
[0.540s] -- Up-to-date: /home/nikhil/Work/ROS/controller_ws/install/three_omniwheel_controller/share/three_omniwheel_controller/local_setup.bash
[0.540s] -- Up-to-date: /home/nikhil/Work/ROS/controller_ws/install/three_omniwheel_controller/share/three_omniwheel_controller/local_setup.sh
[0.540s] -- Up-to-date: /home/nikhil/Work/ROS/controller_ws/install/three_omniwheel_controller/share/three_omniwheel_controller/local_setup.zsh
[0.540s] -- Installing: /home/nikhil/Work/ROS/controller_ws/install/three_omniwheel_controller/share/three_omniwheel_controller/local_setup.dsv
[0.540s] -- Installing: /home/nikhil/Work/ROS/controller_ws/install/three_omniwheel_controller/share/three_omniwheel_controller/package.dsv
[0.540s] -- Up-to-date: /home/nikhil/Work/ROS/controller_ws/install/three_omniwheel_controller/share/ament_index/resource_index/packages/three_omniwheel_controller
[0.540s] -- Up-to-date: /home/nikhil/Work/ROS/controller_ws/install/three_omniwheel_controller/share/ament_index/resource_index/controller_interface__pluginlib__plugin/three_omniwheel_controller
[0.541s] -- Up-to-date: /home/nikhil/Work/ROS/controller_ws/install/three_omniwheel_controller/share/three_omniwheel_controller/cmake/export_three_omniwheel_controllerExport.cmake
[0.541s] -- Up-to-date: /home/nikhil/Work/ROS/controller_ws/install/three_omniwheel_controller/share/three_omniwheel_controller/cmake/export_three_omniwheel_controllerExport-noconfig.cmake
[0.541s] -- Up-to-date: /home/nikhil/Work/ROS/controller_ws/install/three_omniwheel_controller/share/three_omniwheel_controller/cmake/ament_cmake_export_dependencies-extras.cmake
[0.541s] -- Up-to-date: /home/nikhil/Work/ROS/controller_ws/install/three_omniwheel_controller/share/three_omniwheel_controller/cmake/ament_cmake_export_targets-extras.cmake
[0.541s] -- Up-to-date: /home/nikhil/Work/ROS/controller_ws/install/three_omniwheel_controller/share/three_omniwheel_controller/cmake/three_omniwheel_controllerConfig.cmake
[0.542s] -- Up-to-date: /home/nikhil/Work/ROS/controller_ws/install/three_omniwheel_controller/share/three_omniwheel_controller/cmake/three_omniwheel_controllerConfig-version.cmake
[0.542s] -- Installing: /home/nikhil/Work/ROS/controller_ws/install/three_omniwheel_controller/share/three_omniwheel_controller/package.xml
[0.542s] Invoked command in '/home/nikhil/Work/ROS/controller_ws/build/three_omniwheel_controller' returned '0': CMAKE_PREFIX_PATH=${CMAKE_PREFIX_PATH}:/home/nikhil/Work/ROS/ros2_ws/install/py_pkg:/opt/ros/humble /usr/bin/cmake --install /home/nikhil/Work/ROS/controller_ws/build/three_omniwheel_controller
