[0.007s] Invoking command in '/home/nikhil/ROS/ros2_ws_1/build/my_robot_description': CMAKE_PREFIX_PATH=${CMAKE_PREFIX_PATH}:/home/nikhil/ROS/ros2_ws/install/py_pkg:/opt/ros/humble /usr/bin/cmake /home/nikhil/ROS/ros2_ws_1/src/my_robot_description -DCMAKE_INSTALL_PREFIX=/home/nikhil/ROS/ros2_ws_1/install/my_robot_description
[0.024s] -- Found ament_cmake: 1.3.9 (/opt/ros/humble/share/ament_cmake/cmake)
[0.107s] -- Override CMake install command with custom implementation using symlinks instead of copying resources
[0.162s] -- Configuring done
[0.166s] -- Generating done
[0.166s] -- Build files have been written to: /home/nikhil/ROS/ros2_ws_1/build/my_robot_description
[0.168s] Invoked command in '/home/nikhil/ROS/ros2_ws_1/build/my_robot_description' returned '0': CMAKE_PREFIX_PATH=${CMAKE_PREFIX_PATH}:/home/nikhil/ROS/ros2_ws/install/py_pkg:/opt/ros/humble /usr/bin/cmake /home/nikhil/ROS/ros2_ws_1/src/my_robot_description -DCMAKE_INSTALL_PREFIX=/home/nikhil/ROS/ros2_ws_1/install/my_robot_description
[0.169s] Invoking command in '/home/nikhil/ROS/ros2_ws_1/build/my_robot_description': CMAKE_PREFIX_PATH=${CMAKE_PREFIX_PATH}:/home/nikhil/ROS/ros2_ws/install/py_pkg:/opt/ros/humble /usr/bin/cmake --build /home/nikhil/ROS/ros2_ws_1/build/my_robot_description -- -j20 -l20
[0.209s] Invoked command in '/home/nikhil/ROS/ros2_ws_1/build/my_robot_description' returned '0': CMAKE_PREFIX_PATH=${CMAKE_PREFIX_PATH}:/home/nikhil/ROS/ros2_ws/install/py_pkg:/opt/ros/humble /usr/bin/cmake --build /home/nikhil/ROS/ros2_ws_1/build/my_robot_description -- -j20 -l20
[0.237s] Invoking command in '/home/nikhil/ROS/ros2_ws_1/build/my_robot_description': CMAKE_PREFIX_PATH=${CMAKE_PREFIX_PATH}:/home/nikhil/ROS/ros2_ws/install/py_pkg:/opt/ros/humble /usr/bin/cmake --install /home/nikhil/ROS/ros2_ws_1/build/my_robot_description
[0.242s] -- Install configuration: ""
[0.242s] -- Execute custom install script
[0.242s] -- Up-to-date symlink: /home/nikhil/ROS/ros2_ws_1/install/my_robot_description/share/my_robot_description//urdf/common_properties.xacro
[0.242s] -- Up-to-date symlink: /home/nikhil/ROS/ros2_ws_1/install/my_robot_description/share/my_robot_description//urdf/mera_robot.xacro
[0.242s] -- Up-to-date symlink: /home/nikhil/ROS/ros2_ws_1/install/my_robot_description/share/my_robot_description//urdf/mobile_base.xacro
[0.243s] -- Up-to-date symlink: /home/nikhil/ROS/ros2_ws_1/install/my_robot_description/share/my_robot_description//urdf/my_robot.urdf.xacro
[0.243s] -- Up-to-date symlink: /home/nikhil/ROS/ros2_ws_1/install/my_robot_description/share/my_robot_description//launch/display.launch.xml
[0.243s] -- Up-to-date symlink: /home/nikhil/ROS/ros2_ws_1/install/my_robot_description/share/my_robot_description//launch/display2.launch.xml
[0.244s] -- Up-to-date symlink: /home/nikhil/ROS/ros2_ws_1/install/my_robot_description/share/my_robot_description//rviz/urdf_config.rviz
[0.244s] -- Up-to-date symlink: /home/nikhil/ROS/ros2_ws_1/install/my_robot_description/share/ament_index/resource_index/package_run_dependencies/my_robot_description
[0.244s] -- Up-to-date symlink: /home/nikhil/ROS/ros2_ws_1/install/my_robot_description/share/ament_index/resource_index/parent_prefix_path/my_robot_description
[0.245s] -- Up-to-date symlink: /home/nikhil/ROS/ros2_ws_1/install/my_robot_description/share/my_robot_description/environment/ament_prefix_path.sh
[0.245s] -- Up-to-date symlink: /home/nikhil/ROS/ros2_ws_1/install/my_robot_description/share/my_robot_description/environment/ament_prefix_path.dsv
[0.245s] -- Up-to-date symlink: /home/nikhil/ROS/ros2_ws_1/install/my_robot_description/share/my_robot_description/environment/path.sh
[0.245s] -- Up-to-date symlink: /home/nikhil/ROS/ros2_ws_1/install/my_robot_description/share/my_robot_description/environment/path.dsv
[0.245s] -- Up-to-date symlink: /home/nikhil/ROS/ros2_ws_1/install/my_robot_description/share/my_robot_description/local_setup.bash
[0.246s] -- Up-to-date symlink: /home/nikhil/ROS/ros2_ws_1/install/my_robot_description/share/my_robot_description/local_setup.sh
[0.246s] -- Up-to-date symlink: /home/nikhil/ROS/ros2_ws_1/install/my_robot_description/share/my_robot_description/local_setup.zsh
[0.246s] -- Up-to-date symlink: /home/nikhil/ROS/ros2_ws_1/install/my_robot_description/share/my_robot_description/local_setup.dsv
[0.246s] -- Symlinking: /home/nikhil/ROS/ros2_ws_1/install/my_robot_description/share/my_robot_description/package.dsv
[0.254s] -- Up-to-date symlink: /home/nikhil/ROS/ros2_ws_1/install/my_robot_description/share/ament_index/resource_index/packages/my_robot_description
[0.255s] -- Up-to-date symlink: /home/nikhil/ROS/ros2_ws_1/install/my_robot_description/share/my_robot_description/cmake/my_robot_descriptionConfig.cmake
[0.255s] -- Up-to-date symlink: /home/nikhil/ROS/ros2_ws_1/install/my_robot_description/share/my_robot_description/cmake/my_robot_descriptionConfig-version.cmake
[0.255s] -- Up-to-date symlink: /home/nikhil/ROS/ros2_ws_1/install/my_robot_description/share/my_robot_description/package.xml
[0.257s] Invoked command in '/home/nikhil/ROS/ros2_ws_1/build/my_robot_description' returned '0': CMAKE_PREFIX_PATH=${CMAKE_PREFIX_PATH}:/home/nikhil/ROS/ros2_ws/install/py_pkg:/opt/ros/humble /usr/bin/cmake --install /home/nikhil/ROS/ros2_ws_1/build/my_robot_description
