[0.006s] Invoking command in '/home/nikhil/Work/ROS/turtlebot3_ws/build/turtlebot3_gazebo': CMAKE_PREFIX_PATH=${CMAKE_PREFIX_PATH}:/home/nikhil/Work/ROS/ros2_ws/install/py_pkg:/opt/ros/humble /usr/bin/cmake /home/nikhil/Work/ROS/turtlebot3_ws/src/turtlebot3_gazebo -DCMAKE_INSTALL_PREFIX=/home/nikhil/Work/ROS/turtlebot3_ws/install/turtlebot3_gazebo
[0.045s] -- The C compiler identification is GNU 11.4.0
[0.079s] -- The CXX compiler identification is GNU 11.4.0
[0.084s] -- Detecting C compiler ABI info
[0.132s] -- Detecting C compiler ABI info - done
[0.137s] -- Check for working C compiler: /usr/bin/cc - skipped
[0.137s] -- Detecting C compile features
[0.138s] -- Detecting C compile features - done
[0.140s] -- Detecting CXX compiler ABI info
[0.191s] -- Detecting CXX compiler ABI info - done
[0.197s] -- Check for working CXX compiler: /usr/bin/c++ - skipped
[0.197s] -- Detecting CXX compile features
[0.197s] -- Detecting CXX compile features - done
[0.199s] -- Found ament_cmake: 1.3.11 (/opt/ros/humble/share/ament_cmake/cmake)
[0.295s] -- Found Python3: /usr/bin/python3 (found version "3.10.12") found components: Interpreter 
[0.362s] [33mCMake Warning (dev) at /usr/share/cmake-3.22/Modules/FindPackageHandleStandardArgs.cmake:438 (message):
[0.362s]   The package name passed to `find_package_handle_standard_args` (PkgConfig)
[0.362s]   does not match the name of the calling package (gazebo).  This can lead to
[0.362s]   problems in calling code that expects `find_package` result variables
[0.362s]   (e.g., `_FOUND`) to follow a certain pattern.
[0.362s] Call Stack (most recent call first):
[0.362s]   /usr/share/cmake-3.22/Modules/FindPkgConfig.cmake:99 (find_package_handle_standard_args)
[0.362s]   /usr/lib/x86_64-linux-gnu/cmake/gazebo/gazebo-config.cmake:72 (include)
[0.362s]   CMakeLists.txt:23 (find_package)
[0.362s] This warning is for project developers.  Use -Wno-dev to suppress it.
[0.362s] [0m
[0.362s] -- Found PkgConfig: /usr/bin/pkg-config (found version "0.29.2") 
[0.365s] -- Checking for module 'bullet>=2.82'
[0.375s] --   Found bullet, version 3.05
[0.451s] -- Found fcl: /usr/include (found suitable version "0.7.0", minimum required is "0.5.0") 
[0.488s] -- Found assimp: /usr/include (found version "5.2.0") 
[0.505s] -- Found DART: /usr/include (Required is at least version "6.6") found components: dart 
[0.645s] -- Found Boost: /usr/lib/x86_64-linux-gnu/cmake/Boost-1.74.0/BoostConfig.cmake (found suitable version "1.74.0", minimum required is "1.40.0") found components: thread system filesystem program_options regex iostreams date_time 
[0.660s] -- Found Protobuf: /usr/lib/x86_64-linux-gnu/libprotobuf.so (found version "3.12.4") 
[0.664s] -- Looking for ignition-math6 -- found version 6.15.1
[0.671s] -- Searching for dependencies of ignition-math6
[0.672s] -- Looking for OGRE...
[0.672s] -- OGRE_PREFIX_WATCH changed.
[0.676s] -- Checking for module 'OGRE'
[0.687s] --   Found OGRE, version 1.9.0
[0.712s] -- Found Ogre Ghadamon (1.9.0)
[0.719s] -- Found OGRE: optimized;/usr/lib/x86_64-linux-gnu/libOgreMain.so;debug;/usr/lib/x86_64-linux-gnu/libOgreMain.so
[0.725s] -- Looking for OGRE_Paging...
[0.729s] -- Found OGRE_Paging: optimized;/usr/lib/x86_64-linux-gnu/libOgrePaging.so;debug;/usr/lib/x86_64-linux-gnu/libOgrePaging.so
[0.729s] -- Looking for OGRE_Terrain...
[0.732s] -- Found OGRE_Terrain: optimized;/usr/lib/x86_64-linux-gnu/libOgreTerrain.so;debug;/usr/lib/x86_64-linux-gnu/libOgreTerrain.so
[0.732s] -- Looking for OGRE_Property...
[0.736s] -- Found OGRE_Property: optimized;/usr/lib/x86_64-linux-gnu/libOgreProperty.so;debug;/usr/lib/x86_64-linux-gnu/libOgreProperty.so
[0.736s] -- Looking for OGRE_RTShaderSystem...
[0.738s] -- Found OGRE_RTShaderSystem: optimized;/usr/lib/x86_64-linux-gnu/libOgreRTShaderSystem.so;debug;/usr/lib/x86_64-linux-gnu/libOgreRTShaderSystem.so
[0.738s] -- Looking for OGRE_Volume...
[0.741s] -- Found OGRE_Volume: optimized;/usr/lib/x86_64-linux-gnu/libOgreVolume.so;debug;/usr/lib/x86_64-linux-gnu/libOgreVolume.so
[0.741s] -- Looking for OGRE_Overlay...
[0.744s] -- Found OGRE_Overlay: optimized;/usr/lib/x86_64-linux-gnu/libOgreOverlay.so;debug;/usr/lib/x86_64-linux-gnu/libOgreOverlay.so
[0.810s] -- Looking for ignition-math6 -- found version 6.15.1
[0.812s] -- Looking for ignition-transport8 -- found version 8.2.1
[0.812s] -- Searching for dependencies of ignition-transport8
[0.823s] -- Found Protobuf: /usr/lib/x86_64-linux-gnu/libprotobuf.so (found suitable version "3.12.4", minimum required is "3") 
[0.831s] -- Config-file not installed for ZeroMQ -- checking for pkg-config
[0.835s] -- Checking for module 'libzmq >= 4'
[0.846s] --   Found libzmq , version 4.3.4
[0.873s] -- Found ZeroMQ: TRUE (Required is at least version "4") 
[0.879s] -- Checking for module 'uuid'
[0.889s] --   Found uuid, version 2.37.2
[0.914s] -- Found UUID: TRUE  
[0.917s] -- Looking for ignition-msgs5 -- found version 5.8.1
[0.917s] -- Searching for dependencies of ignition-msgs5
[0.930s] -- Looking for ignition-math6 -- found version 6.15.1
[0.934s] -- Checking for module 'tinyxml2'
[0.945s] --   Found tinyxml2, version 9.0.0
[0.972s] -- Looking for ignition-msgs5 -- found version 5.8.1
[0.976s] -- Looking for ignition-common3 -- found version 3.14.0
[0.976s] -- Searching for dependencies of ignition-common3
[0.976s] -- Looking for dlfcn.h - found
[0.977s] -- Looking for libdl - found
[0.978s] -- Found DL: TRUE  
[0.988s] -- Found tinyobjloader: /usr/lib/x86_64-linux-gnu/cmake/tinyobjloader/tinyobjloader-config.cmake (found version "2.0.0") 
[0.988s] -- Searching for <ignition-common3> component [graphics]
[0.990s] -- Looking for ignition-common3-graphics -- found version 3.14.0
[0.990s] -- Searching for dependencies of ignition-common3-graphics
[0.990s] -- Looking for ignition-math6 -- found version 6.15.1
[0.993s] -- Looking for ignition-fuel_tools4 -- found version 4.4.0
[0.993s] -- Searching for dependencies of ignition-fuel_tools4
[1.051s] -- Found CURL: /usr/lib/x86_64-linux-gnu/libcurl.so (found version "7.81.0")  
[1.059s] -- Checking for module 'jsoncpp'
[1.070s] --   Found jsoncpp, version 1.9.5
[1.096s] -- Found JSONCPP: TRUE  
[1.102s] -- Checking for module 'libzip'
[1.112s] --   Found libzip, version 1.7.3
[1.138s] -- Found ZIP: TRUE  
[1.138s] -- Looking for ignition-common3 -- found version 3.14.0
[1.138s] -- Looking for ignition-math6 -- found version 6.15.1
[1.139s] -- Looking for ignition-msgs5 -- found version 5.8.1
[1.143s] -- Found gazebo_ros_pkgs: 3.7.0 (/opt/ros/humble/share/gazebo_ros_pkgs/cmake)
[1.144s] -- Found geometry_msgs: 4.2.4 (/opt/ros/humble/share/geometry_msgs/cmake)
[1.163s] -- Found rosidl_generator_c: 3.1.6 (/opt/ros/humble/share/rosidl_generator_c/cmake)
[1.166s] -- Found rosidl_adapter: 3.1.6 (/opt/ros/humble/share/rosidl_adapter/cmake)
[1.170s] -- Found rosidl_generator_cpp: 3.1.6 (/opt/ros/humble/share/rosidl_generator_cpp/cmake)
[1.177s] -- Using all available rosidl_typesupport_c: rosidl_typesupport_fastrtps_c;rosidl_typesupport_introspection_c
[1.187s] -- Using all available rosidl_typesupport_cpp: rosidl_typesupport_fastrtps_cpp;rosidl_typesupport_introspection_cpp
[1.209s] -- Found nav_msgs: 4.2.4 (/opt/ros/humble/share/nav_msgs/cmake)
[1.218s] -- Found rclcpp: 16.0.11 (/opt/ros/humble/share/rclcpp/cmake)
[1.240s] -- Found rmw_implementation_cmake: 6.1.2 (/opt/ros/humble/share/rmw_implementation_cmake/cmake)
[1.242s] -- Found rmw_cyclonedds_cpp: 1.3.4 (/opt/ros/humble/share/rmw_cyclonedds_cpp/cmake)
[1.255s] -- Using RMW implementation 'rmw_cyclonedds_cpp' as default
[1.260s] -- Found Threads: TRUE  
[1.282s] -- Found sensor_msgs: 4.2.4 (/opt/ros/humble/share/sensor_msgs/cmake)
[1.293s] -- Found tf2: 0.25.11 (/opt/ros/humble/share/tf2/cmake)
[1.342s] -- Configuring done
[1.377s] -- Generating done
[1.381s] -- Build files have been written to: /home/nikhil/Work/ROS/turtlebot3_ws/build/turtlebot3_gazebo
[1.388s] Invoked command in '/home/nikhil/Work/ROS/turtlebot3_ws/build/turtlebot3_gazebo' returned '0': CMAKE_PREFIX_PATH=${CMAKE_PREFIX_PATH}:/home/nikhil/Work/ROS/ros2_ws/install/py_pkg:/opt/ros/humble /usr/bin/cmake /home/nikhil/Work/ROS/turtlebot3_ws/src/turtlebot3_gazebo -DCMAKE_INSTALL_PREFIX=/home/nikhil/Work/ROS/turtlebot3_ws/install/turtlebot3_gazebo
[1.389s] Invoking command in '/home/nikhil/Work/ROS/turtlebot3_ws/build/turtlebot3_gazebo': CMAKE_PREFIX_PATH=${CMAKE_PREFIX_PATH}:/home/nikhil/Work/ROS/ros2_ws/install/py_pkg:/opt/ros/humble /usr/bin/cmake --build /home/nikhil/Work/ROS/turtlebot3_ws/build/turtlebot3_gazebo -- -j20 -l20
[1.430s] [ 37%] [32mBuilding CXX object CMakeFiles/turtlebot3_drive.dir/src/turtlebot3_drive.cpp.o[0m
[1.430s] [ 37%] [32mBuilding CXX object CMakeFiles/obstacles.dir/models/turtlebot3_dqn_world/obstacle_plugin/obstacles.cc.o[0m
[1.430s] [ 37%] [32mBuilding CXX object CMakeFiles/obstacle1.dir/models/turtlebot3_dqn_world/obstacle_plugin/obstacle1.cc.o[0m
[1.432s] [ 50%] [32mBuilding CXX object CMakeFiles/obstacle2.dir/models/turtlebot3_dqn_world/obstacle_plugin/obstacle2.cc.o[0m
[8.253s] [ 62%] [32m[1mLinking CXX executable turtlebot3_drive[0m
[8.257s] [ 75%] [32m[1mLinking CXX shared library libobstacles.so[0m
[8.259s] [ 87%] [32m[1mLinking CXX shared library libobstacle2.so[0m
[8.293s] [100%] [32m[1mLinking CXX shared library libobstacle1.so[0m
[8.436s] [100%] Built target obstacles
[8.436s] [100%] Built target obstacle2
[8.443s] [100%] Built target obstacle1
[8.573s] [100%] Built target turtlebot3_drive
[8.584s] Invoked command in '/home/nikhil/Work/ROS/turtlebot3_ws/build/turtlebot3_gazebo' returned '0': CMAKE_PREFIX_PATH=${CMAKE_PREFIX_PATH}:/home/nikhil/Work/ROS/ros2_ws/install/py_pkg:/opt/ros/humble /usr/bin/cmake --build /home/nikhil/Work/ROS/turtlebot3_ws/build/turtlebot3_gazebo -- -j20 -l20
[8.585s] Invoking command in '/home/nikhil/Work/ROS/turtlebot3_ws/build/turtlebot3_gazebo': CMAKE_PREFIX_PATH=${CMAKE_PREFIX_PATH}:/home/nikhil/Work/ROS/ros2_ws/install/py_pkg:/opt/ros/humble /usr/bin/cmake --install /home/nikhil/Work/ROS/turtlebot3_ws/build/turtlebot3_gazebo
[8.592s] -- Install configuration: ""
[8.592s] -- Installing: /home/nikhil/Work/ROS/turtlebot3_ws/install/turtlebot3_gazebo/lib/turtlebot3_gazebo/turtlebot3_drive
[8.596s] -- Set runtime path of "/home/nikhil/Work/ROS/turtlebot3_ws/install/turtlebot3_gazebo/lib/turtlebot3_gazebo/turtlebot3_drive" to ""
[8.596s] -- Installing: /home/nikhil/Work/ROS/turtlebot3_ws/install/turtlebot3_gazebo/share/turtlebot3_gazebo//launch
[8.596s] -- Installing: /home/nikhil/Work/ROS/turtlebot3_ws/install/turtlebot3_gazebo/share/turtlebot3_gazebo//launch/empty_world.launch.py
[8.596s] -- Installing: /home/nikhil/Work/ROS/turtlebot3_ws/install/turtlebot3_gazebo/share/turtlebot3_gazebo//launch/turtlebot3_world.launch.py
[8.597s] -- Installing: /home/nikhil/Work/ROS/turtlebot3_ws/install/turtlebot3_gazebo/share/turtlebot3_gazebo//launch/turtlebot3_dqn_stage1.launch.py
[8.597s] -- Installing: /home/nikhil/Work/ROS/turtlebot3_ws/install/turtlebot3_gazebo/share/turtlebot3_gazebo//launch/turtlebot3_dqn_stage4.launch.py
[8.597s] -- Installing: /home/nikhil/Work/ROS/turtlebot3_ws/install/turtlebot3_gazebo/share/turtlebot3_gazebo//launch/turtlebot3_dqn_stage3.launch.py
[8.597s] -- Installing: /home/nikhil/Work/ROS/turtlebot3_ws/install/turtlebot3_gazebo/share/turtlebot3_gazebo//launch/turtlebot3_dqn_stage2.launch.py
[8.597s] -- Installing: /home/nikhil/Work/ROS/turtlebot3_ws/install/turtlebot3_gazebo/share/turtlebot3_gazebo//launch/spawn_turtlebot3.launch.py
[8.597s] -- Installing: /home/nikhil/Work/ROS/turtlebot3_ws/install/turtlebot3_gazebo/share/turtlebot3_gazebo//launch/turtlebot3_house.launch.py
[8.597s] -- Installing: /home/nikhil/Work/ROS/turtlebot3_ws/install/turtlebot3_gazebo/share/turtlebot3_gazebo//launch/robot_state_publisher.launch.py
[8.597s] -- Installing: /home/nikhil/Work/ROS/turtlebot3_ws/install/turtlebot3_gazebo/share/turtlebot3_gazebo//launch/turtlebot3_my_world.launch.py
[8.598s] -- Installing: /home/nikhil/Work/ROS/turtlebot3_ws/install/turtlebot3_gazebo/share/turtlebot3_gazebo//models
[8.598s] -- Installing: /home/nikhil/Work/ROS/turtlebot3_ws/install/turtlebot3_gazebo/share/turtlebot3_gazebo//models/turtlebot3_dqn_world
[8.598s] -- Installing: /home/nikhil/Work/ROS/turtlebot3_ws/install/turtlebot3_gazebo/share/turtlebot3_gazebo//models/turtlebot3_dqn_world/obstacle2
[8.598s] -- Installing: /home/nikhil/Work/ROS/turtlebot3_ws/install/turtlebot3_gazebo/share/turtlebot3_gazebo//models/turtlebot3_dqn_world/obstacle2/model.config
[8.598s] -- Installing: /home/nikhil/Work/ROS/turtlebot3_ws/install/turtlebot3_gazebo/share/turtlebot3_gazebo//models/turtlebot3_dqn_world/obstacle2/model.sdf
[8.598s] -- Installing: /home/nikhil/Work/ROS/turtlebot3_ws/install/turtlebot3_gazebo/share/turtlebot3_gazebo//models/turtlebot3_dqn_world/model.config
[8.598s] -- Installing: /home/nikhil/Work/ROS/turtlebot3_ws/install/turtlebot3_gazebo/share/turtlebot3_gazebo//models/turtlebot3_dqn_world/model.sdf
[8.598s] -- Installing: /home/nikhil/Work/ROS/turtlebot3_ws/install/turtlebot3_gazebo/share/turtlebot3_gazebo//models/turtlebot3_dqn_world/obstacle_plugin
[8.598s] -- Installing: /home/nikhil/Work/ROS/turtlebot3_ws/install/turtlebot3_gazebo/share/turtlebot3_gazebo//models/turtlebot3_dqn_world/obstacle_plugin/obstacle1.cc
[8.598s] -- Installing: /home/nikhil/Work/ROS/turtlebot3_ws/install/turtlebot3_gazebo/share/turtlebot3_gazebo//models/turtlebot3_dqn_world/obstacle_plugin/obstacles.cc
[8.598s] -- Installing: /home/nikhil/Work/ROS/turtlebot3_ws/install/turtlebot3_gazebo/share/turtlebot3_gazebo//models/turtlebot3_dqn_world/obstacle_plugin/obstacle2.cc
[8.598s] -- Installing: /home/nikhil/Work/ROS/turtlebot3_ws/install/turtlebot3_gazebo/share/turtlebot3_gazebo//models/turtlebot3_dqn_world/obstacle_plugin/CMakeLists.txt
[8.598s] -- Installing: /home/nikhil/Work/ROS/turtlebot3_ws/install/turtlebot3_gazebo/share/turtlebot3_gazebo//models/turtlebot3_dqn_world/obstacle1
[8.598s] -- Installing: /home/nikhil/Work/ROS/turtlebot3_ws/install/turtlebot3_gazebo/share/turtlebot3_gazebo//models/turtlebot3_dqn_world/obstacle1/model.config
[8.599s] -- Installing: /home/nikhil/Work/ROS/turtlebot3_ws/install/turtlebot3_gazebo/share/turtlebot3_gazebo//models/turtlebot3_dqn_world/obstacle1/model.sdf
[8.599s] -- Installing: /home/nikhil/Work/ROS/turtlebot3_ws/install/turtlebot3_gazebo/share/turtlebot3_gazebo//models/turtlebot3_dqn_world/obstacles
[8.599s] -- Installing: /home/nikhil/Work/ROS/turtlebot3_ws/install/turtlebot3_gazebo/share/turtlebot3_gazebo//models/turtlebot3_dqn_world/obstacles/model.config
[8.599s] -- Installing: /home/nikhil/Work/ROS/turtlebot3_ws/install/turtlebot3_gazebo/share/turtlebot3_gazebo//models/turtlebot3_dqn_world/obstacles/model.sdf
[8.599s] -- Installing: /home/nikhil/Work/ROS/turtlebot3_ws/install/turtlebot3_gazebo/share/turtlebot3_gazebo//models/turtlebot3_dqn_world/inner_walls
[8.599s] -- Installing: /home/nikhil/Work/ROS/turtlebot3_ws/install/turtlebot3_gazebo/share/turtlebot3_gazebo//models/turtlebot3_dqn_world/inner_walls/model.config
[8.599s] -- Installing: /home/nikhil/Work/ROS/turtlebot3_ws/install/turtlebot3_gazebo/share/turtlebot3_gazebo//models/turtlebot3_dqn_world/inner_walls/model.sdf
[8.599s] -- Installing: /home/nikhil/Work/ROS/turtlebot3_ws/install/turtlebot3_gazebo/share/turtlebot3_gazebo//models/turtlebot3_dqn_world/goal_box
[8.599s] -- Installing: /home/nikhil/Work/ROS/turtlebot3_ws/install/turtlebot3_gazebo/share/turtlebot3_gazebo//models/turtlebot3_dqn_world/goal_box/model.config
[8.600s] -- Installing: /home/nikhil/Work/ROS/turtlebot3_ws/install/turtlebot3_gazebo/share/turtlebot3_gazebo//models/turtlebot3_dqn_world/goal_box/model.sdf
[8.600s] -- Installing: /home/nikhil/Work/ROS/turtlebot3_ws/install/turtlebot3_gazebo/share/turtlebot3_gazebo//models/turtlebot3_world
[8.600s] -- Installing: /home/nikhil/Work/ROS/turtlebot3_ws/install/turtlebot3_gazebo/share/turtlebot3_gazebo//models/turtlebot3_world/model-1_4.sdf
[8.600s] -- Installing: /home/nikhil/Work/ROS/turtlebot3_ws/install/turtlebot3_gazebo/share/turtlebot3_gazebo//models/turtlebot3_world/model.config
[8.600s] -- Installing: /home/nikhil/Work/ROS/turtlebot3_ws/install/turtlebot3_gazebo/share/turtlebot3_gazebo//models/turtlebot3_world/model.sdf
[8.600s] -- Installing: /home/nikhil/Work/ROS/turtlebot3_ws/install/turtlebot3_gazebo/share/turtlebot3_gazebo//models/turtlebot3_world/meshes
[8.600s] -- Installing: /home/nikhil/Work/ROS/turtlebot3_ws/install/turtlebot3_gazebo/share/turtlebot3_gazebo//models/turtlebot3_world/meshes/hexagon.dae
[8.600s] -- Installing: /home/nikhil/Work/ROS/turtlebot3_ws/install/turtlebot3_gazebo/share/turtlebot3_gazebo//models/turtlebot3_world/meshes/wall.dae
[8.600s] -- Installing: /home/nikhil/Work/ROS/turtlebot3_ws/install/turtlebot3_gazebo/share/turtlebot3_gazebo//models/turtlebot3_waffle
[8.601s] -- Installing: /home/nikhil/Work/ROS/turtlebot3_ws/install/turtlebot3_gazebo/share/turtlebot3_gazebo//models/turtlebot3_waffle/model-1_4.sdf
[8.601s] -- Installing: /home/nikhil/Work/ROS/turtlebot3_ws/install/turtlebot3_gazebo/share/turtlebot3_gazebo//models/turtlebot3_waffle/model.config
[8.601s] -- Installing: /home/nikhil/Work/ROS/turtlebot3_ws/install/turtlebot3_gazebo/share/turtlebot3_gazebo//models/turtlebot3_waffle/model.sdf
[8.601s] -- Installing: /home/nikhil/Work/ROS/turtlebot3_ws/install/turtlebot3_gazebo/share/turtlebot3_gazebo//models/turtlebot3_house
[8.601s] -- Installing: /home/nikhil/Work/ROS/turtlebot3_ws/install/turtlebot3_gazebo/share/turtlebot3_gazebo//models/turtlebot3_house/model.config
[8.601s] -- Installing: /home/nikhil/Work/ROS/turtlebot3_ws/install/turtlebot3_gazebo/share/turtlebot3_gazebo//models/turtlebot3_house/model.sdf
[8.602s] -- Installing: /home/nikhil/Work/ROS/turtlebot3_ws/install/turtlebot3_gazebo/share/turtlebot3_gazebo//models/turtlebot3_burger
[8.602s] -- Installing: /home/nikhil/Work/ROS/turtlebot3_ws/install/turtlebot3_gazebo/share/turtlebot3_gazebo//models/turtlebot3_burger/model-1_4.sdf
[8.602s] -- Installing: /home/nikhil/Work/ROS/turtlebot3_ws/install/turtlebot3_gazebo/share/turtlebot3_gazebo//models/turtlebot3_burger/model.config
[8.602s] -- Installing: /home/nikhil/Work/ROS/turtlebot3_ws/install/turtlebot3_gazebo/share/turtlebot3_gazebo//models/turtlebot3_burger/model.sdf
[8.602s] -- Installing: /home/nikhil/Work/ROS/turtlebot3_ws/install/turtlebot3_gazebo/share/turtlebot3_gazebo//models/turtlebot3_waffle_pi
[8.602s] -- Installing: /home/nikhil/Work/ROS/turtlebot3_ws/install/turtlebot3_gazebo/share/turtlebot3_gazebo//models/turtlebot3_waffle_pi/model.config
[8.602s] -- Installing: /home/nikhil/Work/ROS/turtlebot3_ws/install/turtlebot3_gazebo/share/turtlebot3_gazebo//models/turtlebot3_waffle_pi/model.sdf
[8.602s] -- Installing: /home/nikhil/Work/ROS/turtlebot3_ws/install/turtlebot3_gazebo/share/turtlebot3_gazebo//models/turtlebot3_waffle_pi/model-1_4_.sdf
[8.602s] -- Installing: /home/nikhil/Work/ROS/turtlebot3_ws/install/turtlebot3_gazebo/share/turtlebot3_gazebo//models/turtlebot3_common
[8.603s] -- Installing: /home/nikhil/Work/ROS/turtlebot3_ws/install/turtlebot3_gazebo/share/turtlebot3_gazebo//models/turtlebot3_common/model.config
[8.603s] -- Installing: /home/nikhil/Work/ROS/turtlebot3_ws/install/turtlebot3_gazebo/share/turtlebot3_gazebo//models/turtlebot3_common/meshes
[8.603s] -- Installing: /home/nikhil/Work/ROS/turtlebot3_ws/install/turtlebot3_gazebo/share/turtlebot3_gazebo//models/turtlebot3_common/meshes/r200.dae
[8.603s] -- Installing: /home/nikhil/Work/ROS/turtlebot3_ws/install/turtlebot3_gazebo/share/turtlebot3_gazebo//models/turtlebot3_common/meshes/lds.dae
[8.604s] -- Installing: /home/nikhil/Work/ROS/turtlebot3_ws/install/turtlebot3_gazebo/share/turtlebot3_gazebo//models/turtlebot3_common/meshes/waffle_base.dae
[8.604s] -- Installing: /home/nikhil/Work/ROS/turtlebot3_ws/install/turtlebot3_gazebo/share/turtlebot3_gazebo//models/turtlebot3_common/meshes/burger_base.dae
[8.604s] -- Installing: /home/nikhil/Work/ROS/turtlebot3_ws/install/turtlebot3_gazebo/share/turtlebot3_gazebo//models/turtlebot3_common/meshes/waffle_pi_base.dae
[8.604s] -- Installing: /home/nikhil/Work/ROS/turtlebot3_ws/install/turtlebot3_gazebo/share/turtlebot3_gazebo//models/turtlebot3_common/meshes/tire.dae
[8.604s] -- Installing: /home/nikhil/Work/ROS/turtlebot3_ws/install/turtlebot3_gazebo/share/turtlebot3_gazebo//rviz
[8.604s] -- Installing: /home/nikhil/Work/ROS/turtlebot3_ws/install/turtlebot3_gazebo/share/turtlebot3_gazebo//rviz/tb3_gazebo.rviz
[8.604s] -- Installing: /home/nikhil/Work/ROS/turtlebot3_ws/install/turtlebot3_gazebo/share/turtlebot3_gazebo//urdf
[8.605s] -- Installing: /home/nikhil/Work/ROS/turtlebot3_ws/install/turtlebot3_gazebo/share/turtlebot3_gazebo//urdf/turtlebot3_waffle.urdf
[8.605s] -- Installing: /home/nikhil/Work/ROS/turtlebot3_ws/install/turtlebot3_gazebo/share/turtlebot3_gazebo//urdf/common_properties.urdf
[8.605s] -- Installing: /home/nikhil/Work/ROS/turtlebot3_ws/install/turtlebot3_gazebo/share/turtlebot3_gazebo//urdf/turtlebot3_burger.urdf
[8.605s] -- Installing: /home/nikhil/Work/ROS/turtlebot3_ws/install/turtlebot3_gazebo/share/turtlebot3_gazebo//urdf/turtlebot3_waffle_pi.urdf
[8.605s] -- Installing: /home/nikhil/Work/ROS/turtlebot3_ws/install/turtlebot3_gazebo/share/turtlebot3_gazebo//worlds
[8.605s] -- Installing: /home/nikhil/Work/ROS/turtlebot3_ws/install/turtlebot3_gazebo/share/turtlebot3_gazebo//worlds/turtlebot3_dqn_stage2.world
[8.605s] -- Installing: /home/nikhil/Work/ROS/turtlebot3_ws/install/turtlebot3_gazebo/share/turtlebot3_gazebo//worlds/turtlebot3_dqn_stage4.world
[8.605s] -- Installing: /home/nikhil/Work/ROS/turtlebot3_ws/install/turtlebot3_gazebo/share/turtlebot3_gazebo//worlds/myWorld2.world
[8.606s] -- Installing: /home/nikhil/Work/ROS/turtlebot3_ws/install/turtlebot3_gazebo/share/turtlebot3_gazebo//worlds/turtlebot3_dqn_stage3.world
[8.606s] -- Installing: /home/nikhil/Work/ROS/turtlebot3_ws/install/turtlebot3_gazebo/share/turtlebot3_gazebo//worlds/empty_world.world
[8.606s] -- Installing: /home/nikhil/Work/ROS/turtlebot3_ws/install/turtlebot3_gazebo/share/turtlebot3_gazebo//worlds/turtlebot3_world.world
[8.606s] -- Installing: /home/nikhil/Work/ROS/turtlebot3_ws/install/turtlebot3_gazebo/share/turtlebot3_gazebo//worlds/turtlebot3_house.world
[8.606s] -- Installing: /home/nikhil/Work/ROS/turtlebot3_ws/install/turtlebot3_gazebo/share/turtlebot3_gazebo//worlds/turtlebot3_dqn_stage1.world
[8.606s] -- Installing: /home/nikhil/Work/ROS/turtlebot3_ws/install/turtlebot3_gazebo/share/turtlebot3_gazebo//worlds/myWorld.world
[8.607s] -- Installing: /home/nikhil/Work/ROS/turtlebot3_ws/install/turtlebot3_gazebo/include/
[8.607s] -- Installing: /home/nikhil/Work/ROS/turtlebot3_ws/install/turtlebot3_gazebo/include//turtlebot3_gazebo
[8.607s] -- Installing: /home/nikhil/Work/ROS/turtlebot3_ws/install/turtlebot3_gazebo/include//turtlebot3_gazebo/turtlebot3_drive.hpp
[8.607s] -- Installing: /home/nikhil/Work/ROS/turtlebot3_ws/install/turtlebot3_gazebo/share/ament_index/resource_index/package_run_dependencies/turtlebot3_gazebo
[8.607s] -- Installing: /home/nikhil/Work/ROS/turtlebot3_ws/install/turtlebot3_gazebo/share/ament_index/resource_index/parent_prefix_path/turtlebot3_gazebo
[8.607s] -- Installing: /home/nikhil/Work/ROS/turtlebot3_ws/install/turtlebot3_gazebo/share/turtlebot3_gazebo/environment/ament_prefix_path.sh
[8.607s] -- Installing: /home/nikhil/Work/ROS/turtlebot3_ws/install/turtlebot3_gazebo/share/turtlebot3_gazebo/environment/ament_prefix_path.dsv
[8.607s] -- Installing: /home/nikhil/Work/ROS/turtlebot3_ws/install/turtlebot3_gazebo/share/turtlebot3_gazebo/environment/path.sh
[8.607s] -- Installing: /home/nikhil/Work/ROS/turtlebot3_ws/install/turtlebot3_gazebo/share/turtlebot3_gazebo/environment/path.dsv
[8.607s] -- Installing: /home/nikhil/Work/ROS/turtlebot3_ws/install/turtlebot3_gazebo/share/turtlebot3_gazebo/local_setup.bash
[8.607s] -- Installing: /home/nikhil/Work/ROS/turtlebot3_ws/install/turtlebot3_gazebo/share/turtlebot3_gazebo/local_setup.sh
[8.607s] -- Installing: /home/nikhil/Work/ROS/turtlebot3_ws/install/turtlebot3_gazebo/share/turtlebot3_gazebo/local_setup.zsh
[8.607s] -- Installing: /home/nikhil/Work/ROS/turtlebot3_ws/install/turtlebot3_gazebo/share/turtlebot3_gazebo/local_setup.dsv
[8.608s] -- Installing: /home/nikhil/Work/ROS/turtlebot3_ws/install/turtlebot3_gazebo/share/turtlebot3_gazebo/package.dsv
[8.608s] -- Installing: /home/nikhil/Work/ROS/turtlebot3_ws/install/turtlebot3_gazebo/share/ament_index/resource_index/packages/turtlebot3_gazebo
[8.608s] -- Installing: /home/nikhil/Work/ROS/turtlebot3_ws/install/turtlebot3_gazebo/share/turtlebot3_gazebo/cmake/ament_cmake_export_include_directories-extras.cmake
[8.608s] -- Installing: /home/nikhil/Work/ROS/turtlebot3_ws/install/turtlebot3_gazebo/share/turtlebot3_gazebo/cmake/ament_cmake_export_dependencies-extras.cmake
[8.608s] -- Installing: /home/nikhil/Work/ROS/turtlebot3_ws/install/turtlebot3_gazebo/share/turtlebot3_gazebo/cmake/turtlebot3_gazeboConfig.cmake
[8.608s] -- Installing: /home/nikhil/Work/ROS/turtlebot3_ws/install/turtlebot3_gazebo/share/turtlebot3_gazebo/cmake/turtlebot3_gazeboConfig-version.cmake
[8.608s] -- Installing: /home/nikhil/Work/ROS/turtlebot3_ws/install/turtlebot3_gazebo/share/turtlebot3_gazebo/package.xml
[8.610s] Invoked command in '/home/nikhil/Work/ROS/turtlebot3_ws/build/turtlebot3_gazebo' returned '0': CMAKE_PREFIX_PATH=${CMAKE_PREFIX_PATH}:/home/nikhil/Work/ROS/ros2_ws/install/py_pkg:/opt/ros/humble /usr/bin/cmake --install /home/nikhil/Work/ROS/turtlebot3_ws/build/turtlebot3_gazebo
