[0.006s] Invoking command in '/home/nikhil/ROS/ros2_ws/build/cpp_pkg': CMAKE_PREFIX_PATH=${CMAKE_PREFIX_PATH}:/home/nikhil/ROS/ros2_ws/install/py_pkg:/home/nikhil/ROS/ros2_ws/install/launch_testing_examples:/home/nikhil/ROS/ros2_ws/install/examples_rclpy_pointcloud_publisher:/home/nikhil/ROS/ros2_ws/install/examples_rclpy_minimal_subscriber:/home/nikhil/ROS/ros2_ws/install/examples_rclpy_minimal_service:/home/nikhil/ROS/ros2_ws/install/examples_rclpy_minimal_publisher:/home/nikhil/ROS/ros2_ws/install/examples_rclpy_minimal_client:/home/nikhil/ROS/ros2_ws/install/examples_rclpy_minimal_action_server:/home/nikhil/ROS/ros2_ws/install/examples_rclpy_minimal_action_client:/home/nikhil/ROS/ros2_ws/install/examples_rclpy_guard_conditions:/home/nikhil/ROS/ros2_ws/install/examples_rclpy_executors:/opt/ros/humble /usr/bin/cmake /home/nikhil/ROS/ros2_ws/src/cpp_pkg -DCMAKE_INSTALL_PREFIX=/home/nikhil/ROS/ros2_ws/install/cpp_pkg
[0.045s] -- The C compiler identification is GNU 11.4.0
[0.088s] -- The CXX compiler identification is GNU 11.4.0
[0.092s] -- Detecting C compiler ABI info
[0.142s] -- Detecting C compiler ABI info - done
[0.147s] -- Check for working C compiler: /usr/bin/cc - skipped
[0.147s] -- Detecting C compile features
[0.147s] -- Detecting C compile features - done
[0.149s] -- Detecting CXX compiler ABI info
[0.205s] -- Detecting CXX compiler ABI info - done
[0.210s] -- Check for working CXX compiler: /usr/bin/c++ - skipped
[0.210s] -- Detecting CXX compile features
[0.210s] -- Detecting CXX compile features - done
[0.212s] -- Found ament_cmake: 1.3.9 (/opt/ros/humble/share/ament_cmake/cmake)
[0.321s] -- Found Python3: /usr/bin/python3 (found version "3.10.12") found components: Interpreter 
[0.376s] -- Found rclcpp: 16.0.9 (/opt/ros/humble/share/rclcpp/cmake)
[0.400s] -- Found rosidl_generator_c: 3.1.5 (/opt/ros/humble/share/rosidl_generator_c/cmake)
[0.403s] -- Found rosidl_adapter: 3.1.5 (/opt/ros/humble/share/rosidl_adapter/cmake)
[0.407s] -- Found rosidl_generator_cpp: 3.1.5 (/opt/ros/humble/share/rosidl_generator_cpp/cmake)
[0.416s] -- Using all available rosidl_typesupport_c: rosidl_typesupport_fastrtps_c;rosidl_typesupport_introspection_c
[0.427s] -- Using all available rosidl_typesupport_cpp: rosidl_typesupport_fastrtps_cpp;rosidl_typesupport_introspection_cpp
[0.467s] -- Found rmw_implementation_cmake: 6.1.2 (/opt/ros/humble/share/rmw_implementation_cmake/cmake)
[0.469s] -- Found rmw_fastrtps_cpp: 6.2.6 (/opt/ros/humble/share/rmw_fastrtps_cpp/cmake)
[0.536s] -- Found OpenSSL: /usr/lib/x86_64-linux-gnu/libcrypto.so (found version "3.0.2")  
[0.555s] -- Found FastRTPS: /opt/ros/humble/include  
[0.586s] -- Using RMW implementation 'rmw_fastrtps_cpp' as default
[0.592s] -- Looking for pthread.h
[0.646s] -- Looking for pthread.h - found
[0.646s] -- Performing Test CMAKE_HAVE_LIBC_PTHREAD
[0.698s] -- Performing Test CMAKE_HAVE_LIBC_PTHREAD - Success
[0.699s] -- Found Threads: TRUE  
[0.794s] -- Found example_interfaces: 0.9.3 (/opt/ros/humble/share/example_interfaces/cmake)
[0.876s] -- Found my_robot_interfaces: 0.0.0 (/home/nikhil/ROS/ros2_ws/install/my_robot_interfaces/share/my_robot_interfaces/cmake)
[0.933s] -- Configuring done
[0.947s] -- Generating done
[0.948s] -- Build files have been written to: /home/nikhil/ROS/ros2_ws/build/cpp_pkg
[0.954s] Invoked command in '/home/nikhil/ROS/ros2_ws/build/cpp_pkg' returned '0': CMAKE_PREFIX_PATH=${CMAKE_PREFIX_PATH}:/home/nikhil/ROS/ros2_ws/install/py_pkg:/home/nikhil/ROS/ros2_ws/install/launch_testing_examples:/home/nikhil/ROS/ros2_ws/install/examples_rclpy_pointcloud_publisher:/home/nikhil/ROS/ros2_ws/install/examples_rclpy_minimal_subscriber:/home/nikhil/ROS/ros2_ws/install/examples_rclpy_minimal_service:/home/nikhil/ROS/ros2_ws/install/examples_rclpy_minimal_publisher:/home/nikhil/ROS/ros2_ws/install/examples_rclpy_minimal_client:/home/nikhil/ROS/ros2_ws/install/examples_rclpy_minimal_action_server:/home/nikhil/ROS/ros2_ws/install/examples_rclpy_minimal_action_client:/home/nikhil/ROS/ros2_ws/install/examples_rclpy_guard_conditions:/home/nikhil/ROS/ros2_ws/install/examples_rclpy_executors:/opt/ros/humble /usr/bin/cmake /home/nikhil/ROS/ros2_ws/src/cpp_pkg -DCMAKE_INSTALL_PREFIX=/home/nikhil/ROS/ros2_ws/install/cpp_pkg
[0.955s] Invoking command in '/home/nikhil/ROS/ros2_ws/build/cpp_pkg': CMAKE_PREFIX_PATH=${CMAKE_PREFIX_PATH}:/home/nikhil/ROS/ros2_ws/install/py_pkg:/home/nikhil/ROS/ros2_ws/install/launch_testing_examples:/home/nikhil/ROS/ros2_ws/install/examples_rclpy_pointcloud_publisher:/home/nikhil/ROS/ros2_ws/install/examples_rclpy_minimal_subscriber:/home/nikhil/ROS/ros2_ws/install/examples_rclpy_minimal_service:/home/nikhil/ROS/ros2_ws/install/examples_rclpy_minimal_publisher:/home/nikhil/ROS/ros2_ws/install/examples_rclpy_minimal_client:/home/nikhil/ROS/ros2_ws/install/examples_rclpy_minimal_action_server:/home/nikhil/ROS/ros2_ws/install/examples_rclpy_minimal_action_client:/home/nikhil/ROS/ros2_ws/install/examples_rclpy_guard_conditions:/home/nikhil/ROS/ros2_ws/install/examples_rclpy_executors:/opt/ros/humble /usr/bin/cmake --build /home/nikhil/ROS/ros2_ws/build/cpp_pkg -- -j20 -l20
[0.991s] [ 14%] [32mBuilding CXX object CMakeFiles/smartphone.dir/src/smartphone.cpp.o[0m
[0.991s] [ 14%] [32mBuilding CXX object CMakeFiles/add_two_ints_client_no_oops.dir/src/add_two_ints_client_no_oops.cpp.o[0m
[0.993s] [ 21%] [32mBuilding CXX object CMakeFiles/hw_status_publisher.dir/src/hw_status_publisher.cpp.o[0m
[0.993s] [ 28%] [32mBuilding CXX object CMakeFiles/robot_news_station.dir/src/robot_news_station.cpp.o[0m
[0.993s] [ 35%] [32mBuilding CXX object CMakeFiles/cpp_node.dir/src/my_first_node.cpp.o[0m
[0.993s] [ 42%] [32mBuilding CXX object CMakeFiles/add_two_ints_server.dir/src/add_two_ints_server.cpp.o[0m
[0.994s] [ 50%] [32mBuilding CXX object CMakeFiles/add_two_ints_client.dir/src/add_two_ints_client.cpp.o[0m
[3.232s] [ 57%] [32m[1mLinking CXX executable add_two_ints_client_no_oops[0m
[3.340s] [ 57%] Built target add_two_ints_client_no_oops
[3.429s] [ 64%] [32m[1mLinking CXX executable add_two_ints_server[0m
[3.528s] [ 64%] Built target add_two_ints_server
[3.634s] [ 71%] [32m[1mLinking CXX executable hw_status_publisher[0m
[3.653s] [ 78%] [32m[1mLinking CXX executable robot_news_station[0m
[3.704s] [ 85%] [32m[1mLinking CXX executable add_two_ints_client[0m
[3.751s] [ 85%] Built target hw_status_publisher
[3.775s] [ 92%] [32m[1mLinking CXX executable cpp_node[0m
[3.777s] [ 92%] Built target robot_news_station
[3.815s] [ 92%] Built target add_two_ints_client
[3.846s] [ 92%] Built target cpp_node
[5.697s] [100%] [32m[1mLinking CXX executable smartphone[0m
[5.903s] [100%] Built target smartphone
[5.914s] Invoked command in '/home/nikhil/ROS/ros2_ws/build/cpp_pkg' returned '0': CMAKE_PREFIX_PATH=${CMAKE_PREFIX_PATH}:/home/nikhil/ROS/ros2_ws/install/py_pkg:/home/nikhil/ROS/ros2_ws/install/launch_testing_examples:/home/nikhil/ROS/ros2_ws/install/examples_rclpy_pointcloud_publisher:/home/nikhil/ROS/ros2_ws/install/examples_rclpy_minimal_subscriber:/home/nikhil/ROS/ros2_ws/install/examples_rclpy_minimal_service:/home/nikhil/ROS/ros2_ws/install/examples_rclpy_minimal_publisher:/home/nikhil/ROS/ros2_ws/install/examples_rclpy_minimal_client:/home/nikhil/ROS/ros2_ws/install/examples_rclpy_minimal_action_server:/home/nikhil/ROS/ros2_ws/install/examples_rclpy_minimal_action_client:/home/nikhil/ROS/ros2_ws/install/examples_rclpy_guard_conditions:/home/nikhil/ROS/ros2_ws/install/examples_rclpy_executors:/opt/ros/humble /usr/bin/cmake --build /home/nikhil/ROS/ros2_ws/build/cpp_pkg -- -j20 -l20
[5.950s] Invoking command in '/home/nikhil/ROS/ros2_ws/build/cpp_pkg': CMAKE_PREFIX_PATH=${CMAKE_PREFIX_PATH}:/home/nikhil/ROS/ros2_ws/install/py_pkg:/home/nikhil/ROS/ros2_ws/install/launch_testing_examples:/home/nikhil/ROS/ros2_ws/install/examples_rclpy_pointcloud_publisher:/home/nikhil/ROS/ros2_ws/install/examples_rclpy_minimal_subscriber:/home/nikhil/ROS/ros2_ws/install/examples_rclpy_minimal_service:/home/nikhil/ROS/ros2_ws/install/examples_rclpy_minimal_publisher:/home/nikhil/ROS/ros2_ws/install/examples_rclpy_minimal_client:/home/nikhil/ROS/ros2_ws/install/examples_rclpy_minimal_action_server:/home/nikhil/ROS/ros2_ws/install/examples_rclpy_minimal_action_client:/home/nikhil/ROS/ros2_ws/install/examples_rclpy_guard_conditions:/home/nikhil/ROS/ros2_ws/install/examples_rclpy_executors:/opt/ros/humble /usr/bin/cmake --install /home/nikhil/ROS/ros2_ws/build/cpp_pkg
[5.954s] -- Install configuration: ""
[5.954s] -- Installing: /home/nikhil/ROS/ros2_ws/install/cpp_pkg/lib/cpp_pkg/cpp_node
[5.954s] -- Set runtime path of "/home/nikhil/ROS/ros2_ws/install/cpp_pkg/lib/cpp_pkg/cpp_node" to ""
[5.954s] -- Installing: /home/nikhil/ROS/ros2_ws/install/cpp_pkg/lib/cpp_pkg/robot_news_station
[5.955s] -- Set runtime path of "/home/nikhil/ROS/ros2_ws/install/cpp_pkg/lib/cpp_pkg/robot_news_station" to ""
[5.955s] -- Installing: /home/nikhil/ROS/ros2_ws/install/cpp_pkg/lib/cpp_pkg/smartphone
[5.956s] -- Set runtime path of "/home/nikhil/ROS/ros2_ws/install/cpp_pkg/lib/cpp_pkg/smartphone" to ""
[5.956s] -- Installing: /home/nikhil/ROS/ros2_ws/install/cpp_pkg/lib/cpp_pkg/add_two_ints_server
[5.956s] -- Set runtime path of "/home/nikhil/ROS/ros2_ws/install/cpp_pkg/lib/cpp_pkg/add_two_ints_server" to ""
[5.956s] -- Installing: /home/nikhil/ROS/ros2_ws/install/cpp_pkg/lib/cpp_pkg/add_two_ints_client_no_oops
[5.957s] -- Set runtime path of "/home/nikhil/ROS/ros2_ws/install/cpp_pkg/lib/cpp_pkg/add_two_ints_client_no_oops" to ""
[5.957s] -- Installing: /home/nikhil/ROS/ros2_ws/install/cpp_pkg/lib/cpp_pkg/add_two_ints_client
[5.957s] -- Set runtime path of "/home/nikhil/ROS/ros2_ws/install/cpp_pkg/lib/cpp_pkg/add_two_ints_client" to ""
[5.957s] -- Installing: /home/nikhil/ROS/ros2_ws/install/cpp_pkg/lib/cpp_pkg/hw_status_publisher
[5.958s] -- Set runtime path of "/home/nikhil/ROS/ros2_ws/install/cpp_pkg/lib/cpp_pkg/hw_status_publisher" to ""
[5.958s] -- Installing: /home/nikhil/ROS/ros2_ws/install/cpp_pkg/share/ament_index/resource_index/package_run_dependencies/cpp_pkg
[5.958s] -- Installing: /home/nikhil/ROS/ros2_ws/install/cpp_pkg/share/ament_index/resource_index/parent_prefix_path/cpp_pkg
[5.958s] -- Installing: /home/nikhil/ROS/ros2_ws/install/cpp_pkg/share/cpp_pkg/environment/ament_prefix_path.sh
[5.958s] -- Installing: /home/nikhil/ROS/ros2_ws/install/cpp_pkg/share/cpp_pkg/environment/ament_prefix_path.dsv
[5.958s] -- Installing: /home/nikhil/ROS/ros2_ws/install/cpp_pkg/share/cpp_pkg/environment/path.sh
[5.958s] -- Installing: /home/nikhil/ROS/ros2_ws/install/cpp_pkg/share/cpp_pkg/environment/path.dsv
[5.958s] -- Installing: /home/nikhil/ROS/ros2_ws/install/cpp_pkg/share/cpp_pkg/local_setup.bash
[5.958s] -- Installing: /home/nikhil/ROS/ros2_ws/install/cpp_pkg/share/cpp_pkg/local_setup.sh
[5.958s] -- Installing: /home/nikhil/ROS/ros2_ws/install/cpp_pkg/share/cpp_pkg/local_setup.zsh
[5.958s] -- Installing: /home/nikhil/ROS/ros2_ws/install/cpp_pkg/share/cpp_pkg/local_setup.dsv
[5.958s] -- Installing: /home/nikhil/ROS/ros2_ws/install/cpp_pkg/share/cpp_pkg/package.dsv
[5.958s] -- Installing: /home/nikhil/ROS/ros2_ws/install/cpp_pkg/share/ament_index/resource_index/packages/cpp_pkg
[5.958s] -- Installing: /home/nikhil/ROS/ros2_ws/install/cpp_pkg/share/cpp_pkg/cmake/cpp_pkgConfig.cmake
[5.958s] -- Installing: /home/nikhil/ROS/ros2_ws/install/cpp_pkg/share/cpp_pkg/cmake/cpp_pkgConfig-version.cmake
[5.958s] -- Installing: /home/nikhil/ROS/ros2_ws/install/cpp_pkg/share/cpp_pkg/package.xml
[5.960s] Invoked command in '/home/nikhil/ROS/ros2_ws/build/cpp_pkg' returned '0': CMAKE_PREFIX_PATH=${CMAKE_PREFIX_PATH}:/home/nikhil/ROS/ros2_ws/install/py_pkg:/home/nikhil/ROS/ros2_ws/install/launch_testing_examples:/home/nikhil/ROS/ros2_ws/install/examples_rclpy_pointcloud_publisher:/home/nikhil/ROS/ros2_ws/install/examples_rclpy_minimal_subscriber:/home/nikhil/ROS/ros2_ws/install/examples_rclpy_minimal_service:/home/nikhil/ROS/ros2_ws/install/examples_rclpy_minimal_publisher:/home/nikhil/ROS/ros2_ws/install/examples_rclpy_minimal_client:/home/nikhil/ROS/ros2_ws/install/examples_rclpy_minimal_action_server:/home/nikhil/ROS/ros2_ws/install/examples_rclpy_minimal_action_client:/home/nikhil/ROS/ros2_ws/install/examples_rclpy_guard_conditions:/home/nikhil/ROS/ros2_ws/install/examples_rclpy_executors:/opt/ros/humble /usr/bin/cmake --install /home/nikhil/ROS/ros2_ws/build/cpp_pkg
