[0.015s] Invoking command in '/home/nikhil/Work/ROS/controller_ws/build/three_omniwheel_controller': CMAKE_PREFIX_PATH=${CMAKE_PREFIX_PATH}:/home/nikhil/Work/ROS/ros2_ws/install/py_pkg:/opt/ros/humble /usr/bin/cmake --build /home/nikhil/Work/ROS/controller_ws/build/three_omniwheel_controller -- -j20 -l20
[0.086s] [ 33%] Built target three_omniwheel_controller_parameters
[0.105s] [35m[1mConsolidate compiler generated dependencies of target three_omniwheel_controller[0m
[0.134s] [ 50%] [32mBuilding CXX object CMakeFiles/three_omniwheel_controller.dir/src/three_omniwheel_controller.cpp.o[0m
[2.197s] [01m[K/home/nikhil/Work/ROS/controller_ws/src/three_omniwheel_controller/src/three_omniwheel_controller.cpp:[m[K In member function ‘[01m[Kvirtual controller_interface::CallbackReturn three_omniwheel_controller::ThreeOmniwheelController::on_activate(const rclcpp_lifecycle::State&)[m[K’:
[2.197s] [01m[K/home/nikhil/Work/ROS/controller_ws/src/three_omniwheel_controller/src/three_omniwheel_controller.cpp:477:52:[m[K [01;31m[Kerror: [m[Kcannot convert ‘[01m[Kstd::vector<std::__cxx11::basic_string<char> >[m[K’ to ‘[01m[Kconst string&[m[K’ {aka ‘[01m[Kconst std::__cxx11::basic_string<char>&[m[K’}
[2.197s]   477 |             configure_drive_wheel("front", [01;31m[Kparams_.front_wheel_name[m[K, registered_front_wheel_handle_);
[2.197s]       |                                            [01;31m[K~~~~~~~~^~~~~~~~~~~~~~~~[m[K
[2.197s]       |                                                    [01;31m[K|[m[K
[2.198s]       |                                                    [01;31m[Kstd::vector<std::__cxx11::basic_string<char> >[m[K
[2.198s] In file included from [01m[K/home/nikhil/Work/ROS/controller_ws/src/three_omniwheel_controller/src/three_omniwheel_controller.cpp:5[m[K:
[2.198s] [01m[K/home/nikhil/Work/ROS/controller_ws/src/three_omniwheel_controller/include/three_omniwheel_controller/three_omniwheel_controller.hpp:105:57:[m[K [01;36m[Knote: [m[K  initializing argument 2 of ‘[01m[Kcontroller_interface::CallbackReturn three_omniwheel_controller::ThreeOmniwheelController::configure_drive_wheel(const string&, const string&, std::vector<three_omniwheel_controller::ThreeOmniwheelController::DriveWheelHandle>&)[m[K’
[2.198s]   105 |             const std::string &side, [01;36m[Kconst std::string &drive_wheel_name[m[K,
[2.198s]       |                                      [01;36m[K~~~~~~~~~~~~~~~~~~~^~~~~~~~~~~~~~~~[m[K
[2.198s] [01m[K/home/nikhil/Work/ROS/controller_ws/src/three_omniwheel_controller/src/three_omniwheel_controller.cpp:479:52:[m[K [01;31m[Kerror: [m[Kcannot convert ‘[01m[Kstd::vector<std::__cxx11::basic_string<char> >[m[K’ to ‘[01m[Kconst string&[m[K’ {aka ‘[01m[Kconst std::__cxx11::basic_string<char>&[m[K’}
[2.198s]   479 |             configure_drive_wheel("right", [01;31m[Kparams_.back_right_wheel_name[m[K, registered_back_right_wheel_handle_);
[2.198s]       |                                            [01;31m[K~~~~~~~~^~~~~~~~~~~~~~~~~~~~~[m[K
[2.198s]       |                                                    [01;31m[K|[m[K
[2.198s]       |                                                    [01;31m[Kstd::vector<std::__cxx11::basic_string<char> >[m[K
[2.198s] In file included from [01m[K/home/nikhil/Work/ROS/controller_ws/src/three_omniwheel_controller/src/three_omniwheel_controller.cpp:5[m[K:
[2.199s] [01m[K/home/nikhil/Work/ROS/controller_ws/src/three_omniwheel_controller/include/three_omniwheel_controller/three_omniwheel_controller.hpp:105:57:[m[K [01;36m[Knote: [m[K  initializing argument 2 of ‘[01m[Kcontroller_interface::CallbackReturn three_omniwheel_controller::ThreeOmniwheelController::configure_drive_wheel(const string&, const string&, std::vector<three_omniwheel_controller::ThreeOmniwheelController::DriveWheelHandle>&)[m[K’
[2.199s]   105 |             const std::string &side, [01;36m[Kconst std::string &drive_wheel_name[m[K,
[2.199s]       |                                      [01;36m[K~~~~~~~~~~~~~~~~~~~^~~~~~~~~~~~~~~~[m[K
[2.199s] [01m[K/home/nikhil/Work/ROS/controller_ws/src/three_omniwheel_controller/src/three_omniwheel_controller.cpp:481:51:[m[K [01;31m[Kerror: [m[Kcannot convert ‘[01m[Kstd::vector<std::__cxx11::basic_string<char> >[m[K’ to ‘[01m[Kconst string&[m[K’ {aka ‘[01m[Kconst std::__cxx11::basic_string<char>&[m[K’}
[2.199s]   481 |             configure_drive_wheel("left", [01;31m[Kparams_.back_left_wheel_name[m[K, registered_back_left_wheel_handle_);
[2.199s]       |                                           [01;31m[K~~~~~~~~^~~~~~~~~~~~~~~~~~~~[m[K
[2.199s]       |                                                   [01;31m[K|[m[K
[2.199s]       |                                                   [01;31m[Kstd::vector<std::__cxx11::basic_string<char> >[m[K
[2.199s] In file included from [01m[K/home/nikhil/Work/ROS/controller_ws/src/three_omniwheel_controller/src/three_omniwheel_controller.cpp:5[m[K:
[2.199s] [01m[K/home/nikhil/Work/ROS/controller_ws/src/three_omniwheel_controller/include/three_omniwheel_controller/three_omniwheel_controller.hpp:105:57:[m[K [01;36m[Knote: [m[K  initializing argument 2 of ‘[01m[Kcontroller_interface::CallbackReturn three_omniwheel_controller::ThreeOmniwheelController::configure_drive_wheel(const string&, const string&, std::vector<three_omniwheel_controller::ThreeOmniwheelController::DriveWheelHandle>&)[m[K’
[2.199s]   105 |             const std::string &side, [01;36m[Kconst std::string &drive_wheel_name[m[K,
[2.199s]       |                                      [01;36m[K~~~~~~~~~~~~~~~~~~~^~~~~~~~~~~~~~~~[m[K
[2.199s] [01m[K/home/nikhil/Work/ROS/controller_ws/src/three_omniwheel_controller/src/three_omniwheel_controller.cpp:483:53:[m[K [01;31m[Kerror: [m[Kcannot convert ‘[01m[Kstd::vector<std::__cxx11::basic_string<char> >[m[K’ to ‘[01m[Kconst string&[m[K’ {aka ‘[01m[Kconst std::__cxx11::basic_string<char>&[m[K’}
[2.199s]   483 |             configure_dead_wheel("x_wheel", [01;31m[Kparams_.x_dead_wheel_name[m[K, registered_x_wheel_handle_);
[2.199s]       |                                             [01;31m[K~~~~~~~~^~~~~~~~~~~~~~~~~[m[K
[2.199s]       |                                                     [01;31m[K|[m[K
[2.200s]       |                                                     [01;31m[Kstd::vector<std::__cxx11::basic_string<char> >[m[K
[2.200s] In file included from [01m[K/home/nikhil/Work/ROS/controller_ws/src/three_omniwheel_controller/src/three_omniwheel_controller.cpp:5[m[K:
[2.200s] [01m[K/home/nikhil/Work/ROS/controller_ws/src/three_omniwheel_controller/include/three_omniwheel_controller/three_omniwheel_controller.hpp:81:58:[m[K [01;36m[Knote: [m[K  initializing argument 2 of ‘[01m[Kcontroller_interface::CallbackReturn three_omniwheel_controller::ThreeOmniwheelController::configure_dead_wheel(const string&, const string&, std::vector<three_omniwheel_controller::ThreeOmniwheelController::DeadWheelHandle>&)[m[K’
[2.200s]    81 |             const std::string &which, [01;36m[Kconst std::string &dead_wheel_name[m[K,
[2.200s]       |                                       [01;36m[K~~~~~~~~~~~~~~~~~~~^~~~~~~~~~~~~~~[m[K
[2.200s] [01m[K/home/nikhil/Work/ROS/controller_ws/src/three_omniwheel_controller/src/three_omniwheel_controller.cpp:485:53:[m[K [01;31m[Kerror: [m[Kcannot convert ‘[01m[Kstd::vector<std::__cxx11::basic_string<char> >[m[K’ to ‘[01m[Kconst string&[m[K’ {aka ‘[01m[Kconst std::__cxx11::basic_string<char>&[m[K’}
[2.200s]   485 |             configure_dead_wheel("y_wheel", [01;31m[Kparams_.y_dead_wheel_name[m[K, registered_y_wheel_handle_);
[2.200s]       |                                             [01;31m[K~~~~~~~~^~~~~~~~~~~~~~~~~[m[K
[2.200s]       |                                                     [01;31m[K|[m[K
[2.200s]       |                                                     [01;31m[Kstd::vector<std::__cxx11::basic_string<char> >[m[K
[2.200s] In file included from [01m[K/home/nikhil/Work/ROS/controller_ws/src/three_omniwheel_controller/src/three_omniwheel_controller.cpp:5[m[K:
[2.200s] [01m[K/home/nikhil/Work/ROS/controller_ws/src/three_omniwheel_controller/include/three_omniwheel_controller/three_omniwheel_controller.hpp:81:58:[m[K [01;36m[Knote: [m[K  initializing argument 2 of ‘[01m[Kcontroller_interface::CallbackReturn three_omniwheel_controller::ThreeOmniwheelController::configure_dead_wheel(const string&, const string&, std::vector<three_omniwheel_controller::ThreeOmniwheelController::DeadWheelHandle>&)[m[K’
[2.200s]    81 |             const std::string &which, [01;36m[Kconst std::string &dead_wheel_name[m[K,
[2.200s]       |                                       [01;36m[K~~~~~~~~~~~~~~~~~~~^~~~~~~~~~~~~~~[m[K
[4.876s] gmake[2]: *** [CMakeFiles/three_omniwheel_controller.dir/build.make:76: CMakeFiles/three_omniwheel_controller.dir/src/three_omniwheel_controller.cpp.o] Error 1
[4.876s] gmake[1]: *** [CMakeFiles/Makefile2:165: CMakeFiles/three_omniwheel_controller.dir/all] Error 2
[4.877s] gmake: *** [Makefile:146: all] Error 2
[4.880s] Invoked command in '/home/nikhil/Work/ROS/controller_ws/build/three_omniwheel_controller' returned '2': CMAKE_PREFIX_PATH=${CMAKE_PREFIX_PATH}:/home/nikhil/Work/ROS/ros2_ws/install/py_pkg:/opt/ros/humble /usr/bin/cmake --build /home/nikhil/Work/ROS/controller_ws/build/three_omniwheel_controller -- -j20 -l20
