[0.008s] Invoking command in '/home/nikhil/Work/ROS/control_ws/build/diff_drive': CMAKE_PREFIX_PATH=${CMAKE_PREFIX_PATH}:/home/nikhil/Work/ROS/ros2_ws/install/py_pkg:/opt/ros/humble /usr/bin/cmake --build /home/nikhil/Work/ROS/control_ws/build/diff_drive -- -j20 -l20
[0.026s] -- Found ament_cmake: 1.3.11 (/opt/ros/humble/share/ament_cmake/cmake)
[0.109s] -- Found hardware_interface: 2.48.0 (/opt/ros/humble/share/hardware_interface/cmake)
[0.124s] -- Found rosidl_generator_c: 3.1.6 (/opt/ros/humble/share/rosidl_generator_c/cmake)
[0.126s] -- Found rosidl_adapter: 3.1.6 (/opt/ros/humble/share/rosidl_adapter/cmake)
[0.129s] -- Found rosidl_generator_cpp: 3.1.6 (/opt/ros/humble/share/rosidl_generator_cpp/cmake)
[0.134s] -- Using all available rosidl_typesupport_c: rosidl_typesupport_fastrtps_c;rosidl_typesupport_introspection_c
[0.141s] -- Using all available rosidl_typesupport_cpp: rosidl_typesupport_fastrtps_cpp;rosidl_typesupport_introspection_cpp
[0.230s] -- Found rmw_implementation_cmake: 6.1.2 (/opt/ros/humble/share/rmw_implementation_cmake/cmake)
[0.231s] -- Found rmw_cyclonedds_cpp: 1.3.4 (/opt/ros/humble/share/rmw_cyclonedds_cpp/cmake)
[0.240s] -- Using RMW implementation 'rmw_cyclonedds_cpp' as default
[0.263s] -- Found micro_ros_agent: 3.0.6 (/home/nikhil/Work/ROS/microRos_ws/install/micro_ros_agent/share/micro_ros_agent/cmake)
[0.265s] -- Found TinyXML2 via Config file: TinyXML2_DIR-NOTFOUND
[0.272s] -- Configuring incomplete, errors occurred!
[0.272s] See also "/home/nikhil/Work/ROS/control_ws/build/diff_drive/CMakeFiles/CMakeOutput.log".
[0.272s] [31mCMake Error at CMakeLists.txt:30 (target_compile_features):
[0.272s]   Cannot specify compile features for target "diff_drive" which is not built
[0.272s]   by this project.
[0.272s] 
[0.272s] [0m
[0.272s] [31mCMake Error at CMakeLists.txt:31 (target_include_directories):
[0.272s]   Cannot specify include directories for target "diff_drive" which is not
[0.272s]   built by this project.
[0.272s] 
[0.272s] [0m
[0.272s] [31mCMake Error at /opt/ros/humble/share/ament_cmake_target_dependencies/cmake/ament_target_dependencies.cmake:42 (message):
[0.273s]   ament_target_dependencies() the first argument must be a valid target name
[0.273s] Call Stack (most recent call first):
[0.273s]   CMakeLists.txt:35 (ament_target_dependencies)
[0.273s] 
[0.273s] [0m
[0.276s] gmake: *** [Makefile:226: cmake_check_build_system] Error 1
[0.278s] Invoked command in '/home/nikhil/Work/ROS/control_ws/build/diff_drive' returned '2': CMAKE_PREFIX_PATH=${CMAKE_PREFIX_PATH}:/home/nikhil/Work/ROS/ros2_ws/install/py_pkg:/opt/ros/humble /usr/bin/cmake --build /home/nikhil/Work/ROS/control_ws/build/diff_drive -- -j20 -l20
