[0.007s] Invoking command in '/home/nikhil/ROS/ros2_ws_1/build/my_robot_description': CMAKE_PREFIX_PATH=${CMAKE_PREFIX_PATH}:/home/nikhil/ROS/ros2_ws/install/py_pkg:/opt/ros/humble /usr/bin/cmake --build /home/nikhil/ROS/ros2_ws_1/build/my_robot_description -- -j20 -l20
[0.023s] -- Found ament_cmake: 1.3.9 (/opt/ros/humble/share/ament_cmake/cmake)
[0.138s] -- Configuring done
[0.139s] -- Generating done
[0.139s] -- Build files have been written to: /home/nikhil/ROS/ros2_ws_1/build/my_robot_description
[0.156s] Invoked command in '/home/nikhil/ROS/ros2_ws_1/build/my_robot_description' returned '0': CMAKE_PREFIX_PATH=${CMAKE_PREFIX_PATH}:/home/nikhil/ROS/ros2_ws/install/py_pkg:/opt/ros/humble /usr/bin/cmake --build /home/nikhil/ROS/ros2_ws_1/build/my_robot_description -- -j20 -l20
[0.180s] Invoking command in '/home/nikhil/ROS/ros2_ws_1/build/my_robot_description': CMAKE_PREFIX_PATH=${CMAKE_PREFIX_PATH}:/home/nikhil/ROS/ros2_ws/install/py_pkg:/opt/ros/humble /usr/bin/cmake --install /home/nikhil/ROS/ros2_ws_1/build/my_robot_description
[0.187s] -- Install configuration: ""
[0.187s] -- Up-to-date: /home/nikhil/ROS/ros2_ws_1/install/my_robot_description/share/my_robot_description//urdf
[0.187s] -- Up-to-date: /home/nikhil/ROS/ros2_ws_1/install/my_robot_description/share/my_robot_description//urdf/my_robot.urdf
[0.187s] -- Up-to-date: /home/nikhil/ROS/ros2_ws_1/install/my_robot_description/share/my_robot_description//launch
[0.187s] -- Installing: /home/nikhil/ROS/ros2_ws_1/install/my_robot_description/share/my_robot_description//launch/display.launch.xml
[0.187s] -- Installing: /home/nikhil/ROS/ros2_ws_1/install/my_robot_description/share/my_robot_description//rviz
[0.187s] -- Installing: /home/nikhil/ROS/ros2_ws_1/install/my_robot_description/share/my_robot_description//rviz/urdf_config.rviz
[0.187s] -- Up-to-date: /home/nikhil/ROS/ros2_ws_1/install/my_robot_description/share/ament_index/resource_index/package_run_dependencies/my_robot_description
[0.187s] -- Up-to-date: /home/nikhil/ROS/ros2_ws_1/install/my_robot_description/share/ament_index/resource_index/parent_prefix_path/my_robot_description
[0.188s] -- Up-to-date: /home/nikhil/ROS/ros2_ws_1/install/my_robot_description/share/my_robot_description/environment/ament_prefix_path.sh
[0.188s] -- Installing: /home/nikhil/ROS/ros2_ws_1/install/my_robot_description/share/my_robot_description/environment/ament_prefix_path.dsv
[0.188s] -- Up-to-date: /home/nikhil/ROS/ros2_ws_1/install/my_robot_description/share/my_robot_description/environment/path.sh
[0.188s] -- Installing: /home/nikhil/ROS/ros2_ws_1/install/my_robot_description/share/my_robot_description/environment/path.dsv
[0.188s] -- Up-to-date: /home/nikhil/ROS/ros2_ws_1/install/my_robot_description/share/my_robot_description/local_setup.bash
[0.188s] -- Up-to-date: /home/nikhil/ROS/ros2_ws_1/install/my_robot_description/share/my_robot_description/local_setup.sh
[0.188s] -- Up-to-date: /home/nikhil/ROS/ros2_ws_1/install/my_robot_description/share/my_robot_description/local_setup.zsh
[0.188s] -- Installing: /home/nikhil/ROS/ros2_ws_1/install/my_robot_description/share/my_robot_description/local_setup.dsv
[0.188s] -- Installing: /home/nikhil/ROS/ros2_ws_1/install/my_robot_description/share/my_robot_description/package.dsv
[0.188s] -- Up-to-date: /home/nikhil/ROS/ros2_ws_1/install/my_robot_description/share/ament_index/resource_index/packages/my_robot_description
[0.188s] -- Up-to-date: /home/nikhil/ROS/ros2_ws_1/install/my_robot_description/share/my_robot_description/cmake/my_robot_descriptionConfig.cmake
[0.188s] -- Up-to-date: /home/nikhil/ROS/ros2_ws_1/install/my_robot_description/share/my_robot_description/cmake/my_robot_descriptionConfig-version.cmake
[0.188s] -- Up-to-date: /home/nikhil/ROS/ros2_ws_1/install/my_robot_description/share/my_robot_description/package.xml
[0.189s] Invoked command in '/home/nikhil/ROS/ros2_ws_1/build/my_robot_description' returned '0': CMAKE_PREFIX_PATH=${CMAKE_PREFIX_PATH}:/home/nikhil/ROS/ros2_ws/install/py_pkg:/opt/ros/humble /usr/bin/cmake --install /home/nikhil/ROS/ros2_ws_1/build/my_robot_description
