[35m[1mConsolidate compiler generated dependencies of target led_panel[0m
[ 10%] [32mBuilding CXX object CMakeFiles/led_panel.dir/src/led_panel.cpp.o[0m
[ 30%] Built target number_publisher
[ 50%] Built target number_counter
[ 70%] Built target reset_counter_client
[ 90%] Built target battery_status
[01m[K/home/nikhil/ROS/ros2_ws/src/course_activities/src/led_panel.cpp:[m[K In constructor ‘[01m[KledPanelNode::ledPanelNode()[m[K’:
[01m[K/home/nikhil/ROS/ros2_ws/src/course_activities/src/led_panel.cpp:13:60:[m[K [01;35m[Kwarning: [m[Kleft operand of comma operator has no effect [[01;35m[K]8;;https://gcc.gnu.org/onlinedocs/gcc/Warning-Options.html#index-Wunused-value-Wunused-value]8;;[m[K]
   13 |             this->declare_parameter("led_initial_status", ([01;35m[K0[m[K, 0, 0));
      |                                                            [01;35m[K^[m[K
[01m[K/home/nikhil/ROS/ros2_ws/src/course_activities/src/led_panel.cpp:13:66:[m[K [01;35m[Kwarning: [m[Kright operand of comma operator has no effect [[01;35m[K]8;;https://gcc.gnu.org/onlinedocs/gcc/Warning-Options.html#index-Wunused-value-Wunused-value]8;;[m[K]
   13 |             this->declare_parameter("led_initial_status", (0, 0, [01;35m[K0[m[K));
      |                                                                  [01;35m[K^[m[K
[100%] [32m[1mLinking CXX executable led_panel[0m
[100%] Built target led_panel
-- Install configuration: ""
-- Up-to-date: /home/nikhil/ROS/ros2_ws/install/course_activities/lib/course_activities/number_publisher
-- Up-to-date: /home/nikhil/ROS/ros2_ws/install/course_activities/lib/course_activities/number_counter
-- Up-to-date: /home/nikhil/ROS/ros2_ws/install/course_activities/lib/course_activities/reset_counter_client
-- Up-to-date: /home/nikhil/ROS/ros2_ws/install/course_activities/lib/course_activities/battery_status
-- Installing: /home/nikhil/ROS/ros2_ws/install/course_activities/lib/course_activities/led_panel
-- Set runtime path of "/home/nikhil/ROS/ros2_ws/install/course_activities/lib/course_activities/led_panel" to ""
-- Up-to-date: /home/nikhil/ROS/ros2_ws/install/course_activities/share/ament_index/resource_index/package_run_dependencies/course_activities
-- Up-to-date: /home/nikhil/ROS/ros2_ws/install/course_activities/share/ament_index/resource_index/parent_prefix_path/course_activities
-- Up-to-date: /home/nikhil/ROS/ros2_ws/install/course_activities/share/course_activities/environment/ament_prefix_path.sh
-- Up-to-date: /home/nikhil/ROS/ros2_ws/install/course_activities/share/course_activities/environment/ament_prefix_path.dsv
-- Up-to-date: /home/nikhil/ROS/ros2_ws/install/course_activities/share/course_activities/environment/path.sh
-- Up-to-date: /home/nikhil/ROS/ros2_ws/install/course_activities/share/course_activities/environment/path.dsv
-- Up-to-date: /home/nikhil/ROS/ros2_ws/install/course_activities/share/course_activities/local_setup.bash
-- Up-to-date: /home/nikhil/ROS/ros2_ws/install/course_activities/share/course_activities/local_setup.sh
-- Up-to-date: /home/nikhil/ROS/ros2_ws/install/course_activities/share/course_activities/local_setup.zsh
-- Up-to-date: /home/nikhil/ROS/ros2_ws/install/course_activities/share/course_activities/local_setup.dsv
-- Installing: /home/nikhil/ROS/ros2_ws/install/course_activities/share/course_activities/package.dsv
-- Up-to-date: /home/nikhil/ROS/ros2_ws/install/course_activities/share/ament_index/resource_index/packages/course_activities
-- Up-to-date: /home/nikhil/ROS/ros2_ws/install/course_activities/share/course_activities/cmake/course_activitiesConfig.cmake
-- Up-to-date: /home/nikhil/ROS/ros2_ws/install/course_activities/share/course_activities/cmake/course_activitiesConfig-version.cmake
-- Up-to-date: /home/nikhil/ROS/ros2_ws/install/course_activities/share/course_activities/package.xml
