[0.345s] Invoking command in '/home/nikhil/ROS/ros2_ws/src/py_pkg': PYTHONPATH=/home/nikhil/ROS/ros2_ws/build/py_pkg/prefix_override:/usr/lib/python3/dist-packages/colcon_core/task/python/colcon_distutils_commands:/home/nikhil/ROS/ros2_ws/install/py_pkg/lib/python3.10/site-packages:${PYTHONPATH} /usr/bin/python3 -W ignore:setup.py install is deprecated setup.py egg_info --egg-base ../../build/py_pkg build --build-base /home/nikhil/ROS/ros2_ws/build/py_pkg/build install --record /home/nikhil/ROS/ros2_ws/build/py_pkg/install.log --single-version-externally-managed install_data
[0.479s] running egg_info
[0.480s] writing ../../build/py_pkg/py_pkg.egg-info/PKG-INFO
[0.480s] writing dependency_links to ../../build/py_pkg/py_pkg.egg-info/dependency_links.txt
[0.480s] writing entry points to ../../build/py_pkg/py_pkg.egg-info/entry_points.txt
[0.480s] writing requirements to ../../build/py_pkg/py_pkg.egg-info/requires.txt
[0.480s] writing top-level names to ../../build/py_pkg/py_pkg.egg-info/top_level.txt
[0.481s] reading manifest file '../../build/py_pkg/py_pkg.egg-info/SOURCES.txt'
[0.481s] adding license file 'LICENSE'
[0.481s] writing manifest file '../../build/py_pkg/py_pkg.egg-info/SOURCES.txt'
[0.481s] running build
[0.481s] running build_py
[0.481s] running install
[0.482s] running install_lib
[0.483s] running install_data
[0.483s] running install_egg_info
[0.484s] removing '/home/nikhil/ROS/ros2_ws/install/py_pkg/lib/python3.10/site-packages/py_pkg-0.0.0-py3.10.egg-info' (and everything under it)
[0.484s] Copying ../../build/py_pkg/py_pkg.egg-info to /home/nikhil/ROS/ros2_ws/install/py_pkg/lib/python3.10/site-packages/py_pkg-0.0.0-py3.10.egg-info
[0.484s] running install_scripts
[0.496s] Installing my_node script to /home/nikhil/ROS/ros2_ws/install/py_pkg/lib/py_pkg
[0.496s] writing list of installed files to '/home/nikhil/ROS/ros2_ws/build/py_pkg/install.log'
[0.508s] Invoked command in '/home/nikhil/ROS/ros2_ws/src/py_pkg' returned '0': PYTHONPATH=/home/nikhil/ROS/ros2_ws/build/py_pkg/prefix_override:/usr/lib/python3/dist-packages/colcon_core/task/python/colcon_distutils_commands:/home/nikhil/ROS/ros2_ws/install/py_pkg/lib/python3.10/site-packages:${PYTHONPATH} /usr/bin/python3 -W ignore:setup.py install is deprecated setup.py egg_info --egg-base ../../build/py_pkg build --build-base /home/nikhil/ROS/ros2_ws/build/py_pkg/build install --record /home/nikhil/ROS/ros2_ws/build/py_pkg/install.log --single-version-externally-managed install_data
