[0.079s] DEBUG:colcon:Command line arguments: ['/usr/bin/colcon', 'build']
[0.079s] DEBUG:colcon:Parsed command line arguments: Namespace(log_base=None, log_level=None, verb_name='build', build_base='build', install_base='install', merge_install=False, symlink_install=False, test_result_base=None, continue_on_error=False, executor='parallel', parallel_workers=20, event_handlers=None, ignore_user_meta=False, metas=['./colcon.meta'], base_paths=['.'], packages_ignore=None, packages_ignore_regex=None, paths=None, packages_up_to=None, packages_up_to_regex=None, packages_above=None, packages_above_and_dependencies=None, packages_above_depth=None, packages_select_by_dep=None, packages_skip_by_dep=None, packages_skip_up_to=None, packages_select_build_failed=False, packages_skip_build_finished=False, packages_select_test_failures=False, packages_skip_test_passed=False, packages_select=None, packages_skip=None, packages_select_regex=None, packages_skip_regex=None, packages_start=None, packages_end=None, allow_overriding=[], cmake_args=None, cmake_target=None, cmake_target_skip_unavailable=False, cmake_clean_cache=False, cmake_clean_first=False, cmake_force_configure=False, ament_cmake_args=None, catkin_cmake_args=None, catkin_skip_building_tests=False, mixin_files=None, mixin=None, verb_parser=<colcon_mixin.mixin.mixin_argument.MixinArgumentDecorator object at 0x72a6c5e33220>, verb_extension=<colcon_core.verb.build.BuildVerb object at 0x72a6c5e32d70>, main=<bound method BuildVerb.main of <colcon_core.verb.build.BuildVerb object at 0x72a6c5e32d70>>, mixin_verb=('build',))
[0.207s] Level 1:colcon.colcon_core.package_discovery:discover_packages(colcon_meta) check parameters
[0.207s] Level 1:colcon.colcon_core.package_discovery:discover_packages(recursive) check parameters
[0.207s] Level 1:colcon.colcon_core.package_discovery:discover_packages(ignore) check parameters
[0.207s] Level 1:colcon.colcon_core.package_discovery:discover_packages(path) check parameters
[0.207s] Level 1:colcon.colcon_core.package_discovery:discover_packages(colcon_meta) discover
[0.207s] Level 1:colcon.colcon_core.package_discovery:discover_packages(recursive) discover
[0.207s] INFO:colcon.colcon_core.package_discovery:Crawling recursively for packages in '/home/nikhil/Work/ROS/control_ws'
[0.207s] Level 1:colcon.colcon_core.package_identification:_identify(.) by extensions ['ignore', 'ignore_ament_install']
[0.207s] Level 1:colcon.colcon_core.package_identification:_identify(.) by extension 'ignore'
[0.207s] Level 1:colcon.colcon_core.package_identification:_identify(.) by extension 'ignore_ament_install'
[0.207s] Level 1:colcon.colcon_core.package_identification:_identify(.) by extensions ['colcon_pkg']
[0.207s] Level 1:colcon.colcon_core.package_identification:_identify(.) by extension 'colcon_pkg'
[0.207s] Level 1:colcon.colcon_core.package_identification:_identify(.) by extensions ['colcon_meta']
[0.207s] Level 1:colcon.colcon_core.package_identification:_identify(.) by extension 'colcon_meta'
[0.207s] Level 1:colcon.colcon_core.package_identification:_identify(.) by extensions ['ros']
[0.207s] Level 1:colcon.colcon_core.package_identification:_identify(.) by extension 'ros'
[0.222s] Level 1:colcon.colcon_core.package_identification:_identify(.) by extensions ['cmake', 'python']
[0.222s] Level 1:colcon.colcon_core.package_identification:_identify(.) by extension 'cmake'
[0.222s] Level 1:colcon.colcon_core.package_identification:_identify(.) by extension 'python'
[0.222s] Level 1:colcon.colcon_core.package_identification:_identify(.) by extensions ['python_setup_py']
[0.222s] Level 1:colcon.colcon_core.package_identification:_identify(.) by extension 'python_setup_py'
[0.222s] Level 1:colcon.colcon_core.package_identification:_identify(build) by extensions ['ignore', 'ignore_ament_install']
[0.222s] Level 1:colcon.colcon_core.package_identification:_identify(build) by extension 'ignore'
[0.222s] Level 1:colcon.colcon_core.package_identification:_identify(build) ignored
[0.222s] Level 1:colcon.colcon_core.package_identification:_identify(install) by extensions ['ignore', 'ignore_ament_install']
[0.222s] Level 1:colcon.colcon_core.package_identification:_identify(install) by extension 'ignore'
[0.222s] Level 1:colcon.colcon_core.package_identification:_identify(install) ignored
[0.222s] Level 1:colcon.colcon_core.package_identification:_identify(log) by extensions ['ignore', 'ignore_ament_install']
[0.222s] Level 1:colcon.colcon_core.package_identification:_identify(log) by extension 'ignore'
[0.222s] Level 1:colcon.colcon_core.package_identification:_identify(log) ignored
[0.222s] Level 1:colcon.colcon_core.package_identification:_identify(src) by extensions ['ignore', 'ignore_ament_install']
[0.222s] Level 1:colcon.colcon_core.package_identification:_identify(src) by extension 'ignore'
[0.222s] Level 1:colcon.colcon_core.package_identification:_identify(src) by extension 'ignore_ament_install'
[0.222s] Level 1:colcon.colcon_core.package_identification:_identify(src) by extensions ['colcon_pkg']
[0.222s] Level 1:colcon.colcon_core.package_identification:_identify(src) by extension 'colcon_pkg'
[0.223s] Level 1:colcon.colcon_core.package_identification:_identify(src) by extensions ['colcon_meta']
[0.223s] Level 1:colcon.colcon_core.package_identification:_identify(src) by extension 'colcon_meta'
[0.223s] Level 1:colcon.colcon_core.package_identification:_identify(src) by extensions ['ros']
[0.223s] Level 1:colcon.colcon_core.package_identification:_identify(src) by extension 'ros'
[0.223s] Level 1:colcon.colcon_core.package_identification:_identify(src) by extensions ['cmake', 'python']
[0.223s] Level 1:colcon.colcon_core.package_identification:_identify(src) by extension 'cmake'
[0.223s] Level 1:colcon.colcon_core.package_identification:_identify(src) by extension 'python'
[0.223s] Level 1:colcon.colcon_core.package_identification:_identify(src) by extensions ['python_setup_py']
[0.223s] Level 1:colcon.colcon_core.package_identification:_identify(src) by extension 'python_setup_py'
[0.223s] Level 1:colcon.colcon_core.package_identification:_identify(src/micro-ROS-Agent) by extensions ['ignore', 'ignore_ament_install']
[0.223s] Level 1:colcon.colcon_core.package_identification:_identify(src/micro-ROS-Agent) by extension 'ignore'
[0.223s] Level 1:colcon.colcon_core.package_identification:_identify(src/micro-ROS-Agent) by extension 'ignore_ament_install'
[0.223s] Level 1:colcon.colcon_core.package_identification:_identify(src/micro-ROS-Agent) by extensions ['colcon_pkg']
[0.223s] Level 1:colcon.colcon_core.package_identification:_identify(src/micro-ROS-Agent) by extension 'colcon_pkg'
[0.223s] Level 1:colcon.colcon_core.package_identification:_identify(src/micro-ROS-Agent) by extensions ['colcon_meta']
[0.223s] Level 1:colcon.colcon_core.package_identification:_identify(src/micro-ROS-Agent) by extension 'colcon_meta'
[0.223s] Level 1:colcon.colcon_core.package_identification:_identify(src/micro-ROS-Agent) by extensions ['ros']
[0.223s] Level 1:colcon.colcon_core.package_identification:_identify(src/micro-ROS-Agent) by extension 'ros'
[0.223s] Level 1:colcon.colcon_core.package_identification:_identify(src/micro-ROS-Agent) by extensions ['cmake', 'python']
[0.223s] Level 1:colcon.colcon_core.package_identification:_identify(src/micro-ROS-Agent) by extension 'cmake'
[0.223s] Level 1:colcon.colcon_core.package_identification:_identify(src/micro-ROS-Agent) by extension 'python'
[0.223s] Level 1:colcon.colcon_core.package_identification:_identify(src/micro-ROS-Agent) by extensions ['python_setup_py']
[0.223s] Level 1:colcon.colcon_core.package_identification:_identify(src/micro-ROS-Agent) by extension 'python_setup_py'
[0.223s] Level 1:colcon.colcon_core.package_identification:_identify(src/micro-ROS-Agent/micro_ros_agent) by extensions ['ignore', 'ignore_ament_install']
[0.223s] Level 1:colcon.colcon_core.package_identification:_identify(src/micro-ROS-Agent/micro_ros_agent) by extension 'ignore'
[0.223s] Level 1:colcon.colcon_core.package_identification:_identify(src/micro-ROS-Agent/micro_ros_agent) by extension 'ignore_ament_install'
[0.223s] Level 1:colcon.colcon_core.package_identification:_identify(src/micro-ROS-Agent/micro_ros_agent) by extensions ['colcon_pkg']
[0.223s] Level 1:colcon.colcon_core.package_identification:_identify(src/micro-ROS-Agent/micro_ros_agent) by extension 'colcon_pkg'
[0.223s] Level 1:colcon.colcon_core.package_identification:_identify(src/micro-ROS-Agent/micro_ros_agent) by extensions ['colcon_meta']
[0.223s] Level 1:colcon.colcon_core.package_identification:_identify(src/micro-ROS-Agent/micro_ros_agent) by extension 'colcon_meta'
[0.224s] Level 1:colcon.colcon_core.package_identification:_identify(src/micro-ROS-Agent/micro_ros_agent) by extensions ['ros']
[0.224s] Level 1:colcon.colcon_core.package_identification:_identify(src/micro-ROS-Agent/micro_ros_agent) by extension 'ros'
[0.226s] DEBUG:colcon.colcon_core.package_identification:Package 'src/micro-ROS-Agent/micro_ros_agent' with type 'ros.ament_cmake' and name 'micro_ros_agent'
[0.226s] Level 1:colcon.colcon_core.package_identification:_identify(src/micro-ROS-Agent/snap) by extensions ['ignore', 'ignore_ament_install']
[0.226s] Level 1:colcon.colcon_core.package_identification:_identify(src/micro-ROS-Agent/snap) by extension 'ignore'
[0.226s] Level 1:colcon.colcon_core.package_identification:_identify(src/micro-ROS-Agent/snap) by extension 'ignore_ament_install'
[0.226s] Level 1:colcon.colcon_core.package_identification:_identify(src/micro-ROS-Agent/snap) by extensions ['colcon_pkg']
[0.226s] Level 1:colcon.colcon_core.package_identification:_identify(src/micro-ROS-Agent/snap) by extension 'colcon_pkg'
[0.226s] Level 1:colcon.colcon_core.package_identification:_identify(src/micro-ROS-Agent/snap) by extensions ['colcon_meta']
[0.226s] Level 1:colcon.colcon_core.package_identification:_identify(src/micro-ROS-Agent/snap) by extension 'colcon_meta'
[0.226s] Level 1:colcon.colcon_core.package_identification:_identify(src/micro-ROS-Agent/snap) by extensions ['ros']
[0.226s] Level 1:colcon.colcon_core.package_identification:_identify(src/micro-ROS-Agent/snap) by extension 'ros'
[0.226s] Level 1:colcon.colcon_core.package_identification:_identify(src/micro-ROS-Agent/snap) by extensions ['cmake', 'python']
[0.226s] Level 1:colcon.colcon_core.package_identification:_identify(src/micro-ROS-Agent/snap) by extension 'cmake'
[0.226s] Level 1:colcon.colcon_core.package_identification:_identify(src/micro-ROS-Agent/snap) by extension 'python'
[0.226s] Level 1:colcon.colcon_core.package_identification:_identify(src/micro-ROS-Agent/snap) by extensions ['python_setup_py']
[0.226s] Level 1:colcon.colcon_core.package_identification:_identify(src/micro-ROS-Agent/snap) by extension 'python_setup_py'
[0.226s] Level 1:colcon.colcon_core.package_identification:_identify(src/micro-ROS-Agent/snap/hooks) by extensions ['ignore', 'ignore_ament_install']
[0.226s] Level 1:colcon.colcon_core.package_identification:_identify(src/micro-ROS-Agent/snap/hooks) by extension 'ignore'
[0.226s] Level 1:colcon.colcon_core.package_identification:_identify(src/micro-ROS-Agent/snap/hooks) by extension 'ignore_ament_install'
[0.226s] Level 1:colcon.colcon_core.package_identification:_identify(src/micro-ROS-Agent/snap/hooks) by extensions ['colcon_pkg']
[0.226s] Level 1:colcon.colcon_core.package_identification:_identify(src/micro-ROS-Agent/snap/hooks) by extension 'colcon_pkg'
[0.226s] Level 1:colcon.colcon_core.package_identification:_identify(src/micro-ROS-Agent/snap/hooks) by extensions ['colcon_meta']
[0.226s] Level 1:colcon.colcon_core.package_identification:_identify(src/micro-ROS-Agent/snap/hooks) by extension 'colcon_meta'
[0.226s] Level 1:colcon.colcon_core.package_identification:_identify(src/micro-ROS-Agent/snap/hooks) by extensions ['ros']
[0.226s] Level 1:colcon.colcon_core.package_identification:_identify(src/micro-ROS-Agent/snap/hooks) by extension 'ros'
[0.226s] Level 1:colcon.colcon_core.package_identification:_identify(src/micro-ROS-Agent/snap/hooks) by extensions ['cmake', 'python']
[0.227s] Level 1:colcon.colcon_core.package_identification:_identify(src/micro-ROS-Agent/snap/hooks) by extension 'cmake'
[0.227s] Level 1:colcon.colcon_core.package_identification:_identify(src/micro-ROS-Agent/snap/hooks) by extension 'python'
[0.227s] Level 1:colcon.colcon_core.package_identification:_identify(src/micro-ROS-Agent/snap/hooks) by extensions ['python_setup_py']
[0.227s] Level 1:colcon.colcon_core.package_identification:_identify(src/micro-ROS-Agent/snap/hooks) by extension 'python_setup_py'
[0.227s] Level 1:colcon.colcon_core.package_identification:_identify(src/micro-ROS-Agent/snap/local) by extensions ['ignore', 'ignore_ament_install']
[0.227s] Level 1:colcon.colcon_core.package_identification:_identify(src/micro-ROS-Agent/snap/local) by extension 'ignore'
[0.227s] Level 1:colcon.colcon_core.package_identification:_identify(src/micro-ROS-Agent/snap/local) by extension 'ignore_ament_install'
[0.227s] Level 1:colcon.colcon_core.package_identification:_identify(src/micro-ROS-Agent/snap/local) by extensions ['colcon_pkg']
[0.227s] Level 1:colcon.colcon_core.package_identification:_identify(src/micro-ROS-Agent/snap/local) by extension 'colcon_pkg'
[0.227s] Level 1:colcon.colcon_core.package_identification:_identify(src/micro-ROS-Agent/snap/local) by extensions ['colcon_meta']
[0.227s] Level 1:colcon.colcon_core.package_identification:_identify(src/micro-ROS-Agent/snap/local) by extension 'colcon_meta'
[0.227s] Level 1:colcon.colcon_core.package_identification:_identify(src/micro-ROS-Agent/snap/local) by extensions ['ros']
[0.227s] Level 1:colcon.colcon_core.package_identification:_identify(src/micro-ROS-Agent/snap/local) by extension 'ros'
[0.227s] Level 1:colcon.colcon_core.package_identification:_identify(src/micro-ROS-Agent/snap/local) by extensions ['cmake', 'python']
[0.227s] Level 1:colcon.colcon_core.package_identification:_identify(src/micro-ROS-Agent/snap/local) by extension 'cmake'
[0.227s] Level 1:colcon.colcon_core.package_identification:_identify(src/micro-ROS-Agent/snap/local) by extension 'python'
[0.227s] Level 1:colcon.colcon_core.package_identification:_identify(src/micro-ROS-Agent/snap/local) by extensions ['python_setup_py']
[0.227s] Level 1:colcon.colcon_core.package_identification:_identify(src/micro-ROS-Agent/snap/local) by extension 'python_setup_py'
[0.227s] Level 1:colcon.colcon_core.package_identification:_identify(src/motor_control) by extensions ['ignore', 'ignore_ament_install']
[0.227s] Level 1:colcon.colcon_core.package_identification:_identify(src/motor_control) by extension 'ignore'
[0.227s] Level 1:colcon.colcon_core.package_identification:_identify(src/motor_control) by extension 'ignore_ament_install'
[0.227s] Level 1:colcon.colcon_core.package_identification:_identify(src/motor_control) by extensions ['colcon_pkg']
[0.227s] Level 1:colcon.colcon_core.package_identification:_identify(src/motor_control) by extension 'colcon_pkg'
[0.227s] Level 1:colcon.colcon_core.package_identification:_identify(src/motor_control) by extensions ['colcon_meta']
[0.227s] Level 1:colcon.colcon_core.package_identification:_identify(src/motor_control) by extension 'colcon_meta'
[0.227s] Level 1:colcon.colcon_core.package_identification:_identify(src/motor_control) by extensions ['ros']
[0.227s] Level 1:colcon.colcon_core.package_identification:_identify(src/motor_control) by extension 'ros'
[0.227s] DEBUG:colcon.colcon_core.package_identification:Package 'src/motor_control' with type 'ros.ament_cmake' and name 'motor_control'
[0.227s] Level 1:colcon.colcon_core.package_discovery:discover_packages(recursive) using defaults
[0.228s] Level 1:colcon.colcon_core.package_discovery:discover_packages(ignore) discover
[0.228s] Level 1:colcon.colcon_core.package_discovery:discover_packages(ignore) using defaults
[0.228s] Level 1:colcon.colcon_core.package_discovery:discover_packages(path) discover
[0.228s] Level 1:colcon.colcon_core.package_discovery:discover_packages(path) using defaults
[0.243s] Level 1:colcon.colcon_core.package_discovery:discover_packages(prefix_path) check parameters
[0.243s] Level 1:colcon.colcon_core.package_discovery:discover_packages(prefix_path) discover
[0.244s] DEBUG:colcon.colcon_installed_package_information.package_discovery:Found 1 installed packages in /home/nikhil/Work/ROS/control_ws/install
[0.245s] DEBUG:colcon.colcon_installed_package_information.package_discovery:Found 3 installed packages in /home/nikhil/Work/ROS/turtlebot3_ws/install
[0.245s] DEBUG:colcon.colcon_installed_package_information.package_discovery:Found 2 installed packages in /home/nikhil/Work/ROS/ros2_ws_1/install
[0.245s] DEBUG:colcon.colcon_installed_package_information.package_discovery:Found 5 installed packages in /home/nikhil/Work/ROS/ros2_ws/install
[0.246s] DEBUG:colcon.colcon_installed_package_information.package_discovery:Found 394 installed packages in /opt/ros/humble
[0.247s] Level 1:colcon.colcon_core.package_discovery:discover_packages(prefix_path) using defaults
[0.278s] Level 5:colcon.colcon_core.verb:set package 'micro_ros_agent' build argument 'cmake_args' from command line to 'None'
[0.278s] Level 5:colcon.colcon_core.verb:set package 'micro_ros_agent' build argument 'cmake_target' from command line to 'None'
[0.278s] Level 5:colcon.colcon_core.verb:set package 'micro_ros_agent' build argument 'cmake_target_skip_unavailable' from command line to 'False'
[0.278s] Level 5:colcon.colcon_core.verb:set package 'micro_ros_agent' build argument 'cmake_clean_cache' from command line to 'False'
[0.278s] Level 5:colcon.colcon_core.verb:set package 'micro_ros_agent' build argument 'cmake_clean_first' from command line to 'False'
[0.278s] Level 5:colcon.colcon_core.verb:set package 'micro_ros_agent' build argument 'cmake_force_configure' from command line to 'False'
[0.278s] Level 5:colcon.colcon_core.verb:set package 'micro_ros_agent' build argument 'ament_cmake_args' from command line to 'None'
[0.278s] Level 5:colcon.colcon_core.verb:set package 'micro_ros_agent' build argument 'catkin_cmake_args' from command line to 'None'
[0.278s] Level 5:colcon.colcon_core.verb:set package 'micro_ros_agent' build argument 'catkin_skip_building_tests' from command line to 'False'
[0.278s] DEBUG:colcon.colcon_core.verb:Building package 'micro_ros_agent' with the following arguments: {'ament_cmake_args': None, 'build_base': '/home/nikhil/Work/ROS/control_ws/build/micro_ros_agent', 'catkin_cmake_args': None, 'catkin_skip_building_tests': False, 'cmake_args': None, 'cmake_clean_cache': False, 'cmake_clean_first': False, 'cmake_force_configure': False, 'cmake_target': None, 'cmake_target_skip_unavailable': False, 'install_base': '/home/nikhil/Work/ROS/control_ws/install/micro_ros_agent', 'merge_install': False, 'path': '/home/nikhil/Work/ROS/control_ws/src/micro-ROS-Agent/micro_ros_agent', 'symlink_install': False, 'test_result_base': None}
[0.278s] Level 5:colcon.colcon_core.verb:set package 'motor_control' build argument 'cmake_args' from command line to 'None'
[0.278s] Level 5:colcon.colcon_core.verb:set package 'motor_control' build argument 'cmake_target' from command line to 'None'
[0.278s] Level 5:colcon.colcon_core.verb:set package 'motor_control' build argument 'cmake_target_skip_unavailable' from command line to 'False'
[0.278s] Level 5:colcon.colcon_core.verb:set package 'motor_control' build argument 'cmake_clean_cache' from command line to 'False'
[0.278s] Level 5:colcon.colcon_core.verb:set package 'motor_control' build argument 'cmake_clean_first' from command line to 'False'
[0.278s] Level 5:colcon.colcon_core.verb:set package 'motor_control' build argument 'cmake_force_configure' from command line to 'False'
[0.278s] Level 5:colcon.colcon_core.verb:set package 'motor_control' build argument 'ament_cmake_args' from command line to 'None'
[0.278s] Level 5:colcon.colcon_core.verb:set package 'motor_control' build argument 'catkin_cmake_args' from command line to 'None'
[0.278s] Level 5:colcon.colcon_core.verb:set package 'motor_control' build argument 'catkin_skip_building_tests' from command line to 'False'
[0.278s] DEBUG:colcon.colcon_core.verb:Building package 'motor_control' with the following arguments: {'ament_cmake_args': None, 'build_base': '/home/nikhil/Work/ROS/control_ws/build/motor_control', 'catkin_cmake_args': None, 'catkin_skip_building_tests': False, 'cmake_args': None, 'cmake_clean_cache': False, 'cmake_clean_first': False, 'cmake_force_configure': False, 'cmake_target': None, 'cmake_target_skip_unavailable': False, 'install_base': '/home/nikhil/Work/ROS/control_ws/install/motor_control', 'merge_install': False, 'path': '/home/nikhil/Work/ROS/control_ws/src/motor_control', 'symlink_install': False, 'test_result_base': None}
[0.278s] INFO:colcon.colcon_core.executor:Executing jobs using 'parallel' executor
[0.279s] DEBUG:colcon.colcon_parallel_executor.executor.parallel:run_until_complete
[0.279s] INFO:colcon.colcon_ros.task.ament_cmake.build:Building ROS package in '/home/nikhil/Work/ROS/control_ws/src/micro-ROS-Agent/micro_ros_agent' with build type 'ament_cmake'
[0.279s] INFO:colcon.colcon_cmake.task.cmake.build:Building CMake package in '/home/nikhil/Work/ROS/control_ws/src/micro-ROS-Agent/micro_ros_agent'
[0.281s] INFO:colcon.colcon_core.plugin_system:Skipping extension 'colcon_core.shell.bat': Not used on non-Windows systems
[0.281s] INFO:colcon.colcon_core.shell:Skip shell extension 'powershell' for command environment: Not usable outside of PowerShell
[0.281s] DEBUG:colcon.colcon_core.shell:Skip shell extension 'dsv' for command environment
[0.287s] INFO:colcon.colcon_ros.task.ament_cmake.build:Building ROS package in '/home/nikhil/Work/ROS/control_ws/src/motor_control' with build type 'ament_cmake'
[0.287s] INFO:colcon.colcon_cmake.task.cmake.build:Building CMake package in '/home/nikhil/Work/ROS/control_ws/src/motor_control'
[0.287s] INFO:colcon.colcon_core.shell:Skip shell extension 'powershell' for command environment: Not usable outside of PowerShell
[0.287s] DEBUG:colcon.colcon_core.shell:Skip shell extension 'dsv' for command environment
[0.295s] DEBUG:colcon.colcon_core.event_handler.log_command:Invoking command in '/home/nikhil/Work/ROS/control_ws/build/micro_ros_agent': CMAKE_PREFIX_PATH=${CMAKE_PREFIX_PATH}:/home/nikhil/Work/ROS/ros2_ws/install/py_pkg:/opt/ros/humble /usr/bin/cmake /home/nikhil/Work/ROS/control_ws/src/micro-ROS-Agent/micro_ros_agent -DCMAKE_INSTALL_PREFIX=/home/nikhil/Work/ROS/control_ws/install/micro_ros_agent
[0.300s] DEBUG:colcon.colcon_core.event_handler.log_command:Invoking command in '/home/nikhil/Work/ROS/control_ws/build/motor_control': CMAKE_PREFIX_PATH=${CMAKE_PREFIX_PATH}:/home/nikhil/Work/ROS/ros2_ws/install/py_pkg:/opt/ros/humble /usr/bin/cmake --build /home/nikhil/Work/ROS/control_ws/build/motor_control -- -j20 -l20
[0.343s] DEBUG:colcon.colcon_core.event_handler.log_command:Invoked command in '/home/nikhil/Work/ROS/control_ws/build/motor_control' returned '0': CMAKE_PREFIX_PATH=${CMAKE_PREFIX_PATH}:/home/nikhil/Work/ROS/ros2_ws/install/py_pkg:/opt/ros/humble /usr/bin/cmake --build /home/nikhil/Work/ROS/control_ws/build/motor_control -- -j20 -l20
[0.351s] DEBUG:colcon.colcon_core.event_handler.log_command:Invoking command in '/home/nikhil/Work/ROS/control_ws/build/motor_control': CMAKE_PREFIX_PATH=${CMAKE_PREFIX_PATH}:/home/nikhil/Work/ROS/ros2_ws/install/py_pkg:/opt/ros/humble /usr/bin/cmake --install /home/nikhil/Work/ROS/control_ws/build/motor_control
[0.360s] Level 1:colcon.colcon_core.environment:create_environment_scripts_only(motor_control)
[0.361s] DEBUG:colcon.colcon_core.event_handler.log_command:Invoked command in '/home/nikhil/Work/ROS/control_ws/build/motor_control' returned '0': CMAKE_PREFIX_PATH=${CMAKE_PREFIX_PATH}:/home/nikhil/Work/ROS/ros2_ws/install/py_pkg:/opt/ros/humble /usr/bin/cmake --install /home/nikhil/Work/ROS/control_ws/build/motor_control
[0.362s] Level 1:colcon.colcon_core.environment:checking '/home/nikhil/Work/ROS/control_ws/install/motor_control' for CMake module files
[0.363s] Level 1:colcon.colcon_core.environment:checking '/home/nikhil/Work/ROS/control_ws/install/motor_control' for CMake config files
[0.363s] Level 1:colcon.colcon_core.shell:create_environment_hook('motor_control', 'cmake_prefix_path')
[0.363s] INFO:colcon.colcon_core.shell:Creating environment hook '/home/nikhil/Work/ROS/control_ws/install/motor_control/share/motor_control/hook/cmake_prefix_path.ps1'
[0.364s] INFO:colcon.colcon_core.shell:Creating environment descriptor '/home/nikhil/Work/ROS/control_ws/install/motor_control/share/motor_control/hook/cmake_prefix_path.dsv'
[0.364s] INFO:colcon.colcon_core.shell:Creating environment hook '/home/nikhil/Work/ROS/control_ws/install/motor_control/share/motor_control/hook/cmake_prefix_path.sh'
[0.365s] Level 1:colcon.colcon_core.environment:checking '/home/nikhil/Work/ROS/control_ws/install/motor_control/bin'
[0.365s] Level 1:colcon.colcon_core.environment:checking '/home/nikhil/Work/ROS/control_ws/install/motor_control/lib/pkgconfig/motor_control.pc'
[0.365s] Level 1:colcon.colcon_core.environment:checking '/home/nikhil/Work/ROS/control_ws/install/motor_control/lib/python3.10/site-packages'
[0.366s] Level 1:colcon.colcon_core.environment:checking '/home/nikhil/Work/ROS/control_ws/install/motor_control/bin'
[0.366s] INFO:colcon.colcon_core.shell:Creating package script '/home/nikhil/Work/ROS/control_ws/install/motor_control/share/motor_control/package.ps1'
[0.367s] INFO:colcon.colcon_core.shell:Creating package descriptor '/home/nikhil/Work/ROS/control_ws/install/motor_control/share/motor_control/package.dsv'
[0.367s] INFO:colcon.colcon_core.shell:Creating package script '/home/nikhil/Work/ROS/control_ws/install/motor_control/share/motor_control/package.sh'
[0.368s] INFO:colcon.colcon_core.shell:Creating package script '/home/nikhil/Work/ROS/control_ws/install/motor_control/share/motor_control/package.bash'
[0.369s] INFO:colcon.colcon_core.shell:Creating package script '/home/nikhil/Work/ROS/control_ws/install/motor_control/share/motor_control/package.zsh'
[0.369s] Level 1:colcon.colcon_core.environment:create_file_with_runtime_dependencies(/home/nikhil/Work/ROS/control_ws/install/motor_control/share/colcon-core/packages/motor_control)
[0.369s] Level 1:colcon.colcon_core.environment:create_environment_scripts_only(motor_control)
[0.370s] Level 1:colcon.colcon_core.environment:checking '/home/nikhil/Work/ROS/control_ws/install/motor_control' for CMake module files
[0.370s] Level 1:colcon.colcon_core.environment:checking '/home/nikhil/Work/ROS/control_ws/install/motor_control' for CMake config files
[0.370s] Level 1:colcon.colcon_core.shell:create_environment_hook('motor_control', 'cmake_prefix_path')
[0.370s] INFO:colcon.colcon_core.shell:Creating environment hook '/home/nikhil/Work/ROS/control_ws/install/motor_control/share/motor_control/hook/cmake_prefix_path.ps1'
[0.371s] INFO:colcon.colcon_core.shell:Creating environment descriptor '/home/nikhil/Work/ROS/control_ws/install/motor_control/share/motor_control/hook/cmake_prefix_path.dsv'
[0.372s] INFO:colcon.colcon_core.shell:Creating environment hook '/home/nikhil/Work/ROS/control_ws/install/motor_control/share/motor_control/hook/cmake_prefix_path.sh'
[0.372s] Level 1:colcon.colcon_core.environment:checking '/home/nikhil/Work/ROS/control_ws/install/motor_control/bin'
[0.372s] Level 1:colcon.colcon_core.environment:checking '/home/nikhil/Work/ROS/control_ws/install/motor_control/lib/pkgconfig/motor_control.pc'
[0.373s] Level 1:colcon.colcon_core.environment:checking '/home/nikhil/Work/ROS/control_ws/install/motor_control/lib/python3.10/site-packages'
[0.373s] Level 1:colcon.colcon_core.environment:checking '/home/nikhil/Work/ROS/control_ws/install/motor_control/bin'
[0.373s] INFO:colcon.colcon_core.shell:Creating package script '/home/nikhil/Work/ROS/control_ws/install/motor_control/share/motor_control/package.ps1'
[0.373s] INFO:colcon.colcon_core.shell:Creating package descriptor '/home/nikhil/Work/ROS/control_ws/install/motor_control/share/motor_control/package.dsv'
[0.374s] INFO:colcon.colcon_core.shell:Creating package script '/home/nikhil/Work/ROS/control_ws/install/motor_control/share/motor_control/package.sh'
[0.374s] INFO:colcon.colcon_core.shell:Creating package script '/home/nikhil/Work/ROS/control_ws/install/motor_control/share/motor_control/package.bash'
[0.374s] INFO:colcon.colcon_core.shell:Creating package script '/home/nikhil/Work/ROS/control_ws/install/motor_control/share/motor_control/package.zsh'
[0.374s] Level 1:colcon.colcon_core.environment:create_file_with_runtime_dependencies(/home/nikhil/Work/ROS/control_ws/install/motor_control/share/colcon-core/packages/motor_control)
[0.634s] DEBUG:colcon.colcon_core.event_handler.log_command:Invoked command in '/home/nikhil/Work/ROS/control_ws/build/micro_ros_agent' returned '0': CMAKE_PREFIX_PATH=${CMAKE_PREFIX_PATH}:/home/nikhil/Work/ROS/ros2_ws/install/py_pkg:/opt/ros/humble /usr/bin/cmake /home/nikhil/Work/ROS/control_ws/src/micro-ROS-Agent/micro_ros_agent -DCMAKE_INSTALL_PREFIX=/home/nikhil/Work/ROS/control_ws/install/micro_ros_agent
[0.634s] DEBUG:colcon.colcon_core.event_handler.log_command:Invoking command in '/home/nikhil/Work/ROS/control_ws/build/micro_ros_agent': CMAKE_PREFIX_PATH=${CMAKE_PREFIX_PATH}:/home/nikhil/Work/ROS/ros2_ws/install/py_pkg:/opt/ros/humble /usr/bin/cmake --build /home/nikhil/Work/ROS/control_ws/build/micro_ros_agent -- -j20 -l20
[30.418s] DEBUG:colcon.colcon_core.event_handler.log_command:Invoked command in '/home/nikhil/Work/ROS/control_ws/build/micro_ros_agent' returned '2': CMAKE_PREFIX_PATH=${CMAKE_PREFIX_PATH}:/home/nikhil/Work/ROS/ros2_ws/install/py_pkg:/opt/ros/humble /usr/bin/cmake --build /home/nikhil/Work/ROS/control_ws/build/micro_ros_agent -- -j20 -l20
[30.419s] Level 1:colcon.colcon_core.environment:create_environment_scripts_only(micro_ros_agent)
[30.419s] Level 1:colcon.colcon_core.environment:checking '/home/nikhil/Work/ROS/control_ws/install/micro_ros_agent' for CMake module files
[30.419s] Level 1:colcon.colcon_core.environment:checking '/home/nikhil/Work/ROS/control_ws/install/micro_ros_agent' for CMake config files
[30.420s] Level 1:colcon.colcon_core.shell:create_environment_hook('micro_ros_agent', 'cmake_prefix_path')
[30.420s] INFO:colcon.colcon_core.shell:Creating environment hook '/home/nikhil/Work/ROS/control_ws/install/micro_ros_agent/share/micro_ros_agent/hook/cmake_prefix_path.ps1'
[30.421s] INFO:colcon.colcon_core.shell:Creating environment descriptor '/home/nikhil/Work/ROS/control_ws/install/micro_ros_agent/share/micro_ros_agent/hook/cmake_prefix_path.dsv'
[30.421s] INFO:colcon.colcon_core.shell:Creating environment hook '/home/nikhil/Work/ROS/control_ws/install/micro_ros_agent/share/micro_ros_agent/hook/cmake_prefix_path.sh'
[30.422s] Level 1:colcon.colcon_core.environment:checking '/home/nikhil/Work/ROS/control_ws/install/micro_ros_agent/lib'
[30.422s] Level 1:colcon.colcon_core.shell:create_environment_hook('micro_ros_agent', 'ld_library_path_lib')
[30.422s] INFO:colcon.colcon_core.shell:Creating environment hook '/home/nikhil/Work/ROS/control_ws/install/micro_ros_agent/share/micro_ros_agent/hook/ld_library_path_lib.ps1'
[30.423s] INFO:colcon.colcon_core.shell:Creating environment descriptor '/home/nikhil/Work/ROS/control_ws/install/micro_ros_agent/share/micro_ros_agent/hook/ld_library_path_lib.dsv'
[30.423s] INFO:colcon.colcon_core.shell:Creating environment hook '/home/nikhil/Work/ROS/control_ws/install/micro_ros_agent/share/micro_ros_agent/hook/ld_library_path_lib.sh'
[30.424s] Level 1:colcon.colcon_core.environment:checking '/home/nikhil/Work/ROS/control_ws/install/micro_ros_agent/bin'
[30.424s] Level 1:colcon.colcon_core.environment:checking '/home/nikhil/Work/ROS/control_ws/install/micro_ros_agent/lib/pkgconfig/micro_ros_agent.pc'
[30.425s] Level 1:colcon.colcon_core.environment:checking '/home/nikhil/Work/ROS/control_ws/install/micro_ros_agent/lib/python3.10/site-packages'
[30.425s] Level 1:colcon.colcon_core.environment:checking '/home/nikhil/Work/ROS/control_ws/install/micro_ros_agent/bin'
[30.425s] INFO:colcon.colcon_core.shell:Creating package script '/home/nikhil/Work/ROS/control_ws/install/micro_ros_agent/share/micro_ros_agent/package.ps1'
[30.426s] INFO:colcon.colcon_core.shell:Creating package descriptor '/home/nikhil/Work/ROS/control_ws/install/micro_ros_agent/share/micro_ros_agent/package.dsv'
[30.426s] INFO:colcon.colcon_core.shell:Creating package script '/home/nikhil/Work/ROS/control_ws/install/micro_ros_agent/share/micro_ros_agent/package.sh'
[30.427s] INFO:colcon.colcon_core.shell:Creating package script '/home/nikhil/Work/ROS/control_ws/install/micro_ros_agent/share/micro_ros_agent/package.bash'
[30.427s] INFO:colcon.colcon_core.shell:Creating package script '/home/nikhil/Work/ROS/control_ws/install/micro_ros_agent/share/micro_ros_agent/package.zsh'
[30.427s] Level 1:colcon.colcon_core.environment:create_file_with_runtime_dependencies(/home/nikhil/Work/ROS/control_ws/install/micro_ros_agent/share/colcon-core/packages/micro_ros_agent)
[30.438s] DEBUG:colcon.colcon_parallel_executor.executor.parallel:closing loop
[30.438s] DEBUG:colcon.colcon_parallel_executor.executor.parallel:loop closed
[30.438s] DEBUG:colcon.colcon_parallel_executor.executor.parallel:run_until_complete finished with '2'
[30.438s] DEBUG:colcon.colcon_core.event_reactor:joining thread
[30.447s] INFO:colcon.colcon_core.plugin_system:Skipping extension 'colcon_notification.desktop_notification.terminal_notifier': Not used on non-Darwin systems
[30.447s] INFO:colcon.colcon_core.plugin_system:Skipping extension 'colcon_notification.desktop_notification.win32': Not used on non-Windows systems
[30.447s] INFO:colcon.colcon_notification.desktop_notification:Sending desktop notification using 'notify2'
[30.461s] DEBUG:colcon.colcon_core.event_reactor:joined thread
[30.461s] INFO:colcon.colcon_core.shell:Creating prefix script '/home/nikhil/Work/ROS/control_ws/install/local_setup.ps1'
[30.462s] INFO:colcon.colcon_core.shell:Creating prefix util module '/home/nikhil/Work/ROS/control_ws/install/_local_setup_util_ps1.py'
[30.463s] INFO:colcon.colcon_core.shell:Creating prefix chain script '/home/nikhil/Work/ROS/control_ws/install/setup.ps1'
[30.464s] INFO:colcon.colcon_core.shell:Creating prefix script '/home/nikhil/Work/ROS/control_ws/install/local_setup.sh'
[30.465s] INFO:colcon.colcon_core.shell:Creating prefix util module '/home/nikhil/Work/ROS/control_ws/install/_local_setup_util_sh.py'
[30.465s] INFO:colcon.colcon_core.shell:Creating prefix chain script '/home/nikhil/Work/ROS/control_ws/install/setup.sh'
[30.466s] INFO:colcon.colcon_core.shell:Creating prefix script '/home/nikhil/Work/ROS/control_ws/install/local_setup.bash'
[30.467s] INFO:colcon.colcon_core.shell:Creating prefix chain script '/home/nikhil/Work/ROS/control_ws/install/setup.bash'
[30.468s] INFO:colcon.colcon_core.shell:Creating prefix script '/home/nikhil/Work/ROS/control_ws/install/local_setup.zsh'
[30.468s] INFO:colcon.colcon_core.shell:Creating prefix chain script '/home/nikhil/Work/ROS/control_ws/install/setup.zsh'
