-- Found ament_cmake: 1.3.11 (/opt/ros/humble/share/ament_cmake/cmake)
-- Override CMake install command with custom implementation using symlinks instead of copying resources
-- Found ament_lint_auto: 0.12.11 (/opt/ros/humble/share/ament_lint_auto/cmake)
-- Added test 'cppcheck' to perform static code analysis on C / C++ code
-- Configured cppcheck include dirs: 
-- Configured cppcheck exclude dirs and/or files: 
-- Added test 'lint_cmake' to check CMake code style
-- Added test 'uncrustify' to check C / C++ code style
-- Configured uncrustify additional arguments: 
-- Added test 'xmllint' to check XML markup files
-- Configuring done
-- Generating done
-- Build files have been written to: /home/nikhil/Work/ROS/control_ws/build/motor_control
-- Install configuration: ""
-- Execute custom install script
-- Symlinking: /home/nikhil/Work/ROS/control_ws/install/motor_control/share/ament_index/resource_index/package_run_dependencies/motor_control
-- Symlinking: /home/nikhil/Work/ROS/control_ws/install/motor_control/share/ament_index/resource_index/parent_prefix_path/motor_control
-- Symlinking: /home/nikhil/Work/ROS/control_ws/install/motor_control/share/motor_control/environment/ament_prefix_path.sh
-- Symlinking: /home/nikhil/Work/ROS/control_ws/install/motor_control/share/motor_control/environment/ament_prefix_path.dsv
-- Symlinking: /home/nikhil/Work/ROS/control_ws/install/motor_control/share/motor_control/environment/path.sh
-- Symlinking: /home/nikhil/Work/ROS/control_ws/install/motor_control/share/motor_control/environment/path.dsv
-- Symlinking: /home/nikhil/Work/ROS/control_ws/install/motor_control/share/motor_control/local_setup.bash
-- Symlinking: /home/nikhil/Work/ROS/control_ws/install/motor_control/share/motor_control/local_setup.sh
-- Symlinking: /home/nikhil/Work/ROS/control_ws/install/motor_control/share/motor_control/local_setup.zsh
-- Symlinking: /home/nikhil/Work/ROS/control_ws/install/motor_control/share/motor_control/local_setup.dsv
-- Symlinking: /home/nikhil/Work/ROS/control_ws/install/motor_control/share/motor_control/package.dsv
-- Symlinking: /home/nikhil/Work/ROS/control_ws/install/motor_control/share/ament_index/resource_index/packages/motor_control
-- Symlinking: /home/nikhil/Work/ROS/control_ws/install/motor_control/share/motor_control/cmake/motor_controlConfig.cmake
-- Symlinking: /home/nikhil/Work/ROS/control_ws/install/motor_control/share/motor_control/cmake/motor_controlConfig-version.cmake
-- Symlinking: /home/nikhil/Work/ROS/control_ws/install/motor_control/share/motor_control/package.xml
