[0.007s] Invoking command in '/home/nikhil/Work/ROS/control_ws/build/motor_control': CMAKE_PREFIX_PATH=${CMAKE_PREFIX_PATH}:/home/nikhil/Work/ROS/ros2_ws/install/py_pkg:/opt/ros/humble /usr/bin/cmake /home/nikhil/Work/ROS/control_ws/src/motor_control -DAMENT_CMAKE_SYMLINK_INSTALL=1 -DCMAKE_INSTALL_PREFIX=/home/nikhil/Work/ROS/control_ws/install/motor_control
[0.016s] -- Found ament_cmake: 1.3.11 (/opt/ros/humble/share/ament_cmake/cmake)
[0.097s] -- Override CMake install command with custom implementation using symlinks instead of copying resources
[0.108s] -- Found ament_lint_auto: 0.12.11 (/opt/ros/humble/share/ament_lint_auto/cmake)
[0.152s] -- Added test 'cppcheck' to perform static code analysis on C / C++ code
[0.152s] -- Configured cppcheck include dirs: 
[0.152s] -- Configured cppcheck exclude dirs and/or files: 
[0.152s] -- Added test 'lint_cmake' to check CMake code style
[0.153s] -- Added test 'uncrustify' to check C / C++ code style
[0.153s] -- Configured uncrustify additional arguments: 
[0.153s] -- Added test 'xmllint' to check XML markup files
[0.154s] -- Configuring done
[0.156s] -- Generating done
[0.157s] -- Build files have been written to: /home/nikhil/Work/ROS/control_ws/build/motor_control
[0.160s] Invoked command in '/home/nikhil/Work/ROS/control_ws/build/motor_control' returned '0': CMAKE_PREFIX_PATH=${CMAKE_PREFIX_PATH}:/home/nikhil/Work/ROS/ros2_ws/install/py_pkg:/opt/ros/humble /usr/bin/cmake /home/nikhil/Work/ROS/control_ws/src/motor_control -DAMENT_CMAKE_SYMLINK_INSTALL=1 -DCMAKE_INSTALL_PREFIX=/home/nikhil/Work/ROS/control_ws/install/motor_control
[0.160s] Invoking command in '/home/nikhil/Work/ROS/control_ws/build/motor_control': CMAKE_PREFIX_PATH=${CMAKE_PREFIX_PATH}:/home/nikhil/Work/ROS/ros2_ws/install/py_pkg:/opt/ros/humble /usr/bin/cmake --build /home/nikhil/Work/ROS/control_ws/build/motor_control -- -j20 -l20
[0.185s] Invoked command in '/home/nikhil/Work/ROS/control_ws/build/motor_control' returned '0': CMAKE_PREFIX_PATH=${CMAKE_PREFIX_PATH}:/home/nikhil/Work/ROS/ros2_ws/install/py_pkg:/opt/ros/humble /usr/bin/cmake --build /home/nikhil/Work/ROS/control_ws/build/motor_control -- -j20 -l20
[0.193s] Invoking command in '/home/nikhil/Work/ROS/control_ws/build/motor_control': CMAKE_PREFIX_PATH=${CMAKE_PREFIX_PATH}:/home/nikhil/Work/ROS/ros2_ws/install/py_pkg:/opt/ros/humble /usr/bin/cmake --install /home/nikhil/Work/ROS/control_ws/build/motor_control
[0.197s] -- Install configuration: ""
[0.197s] -- Execute custom install script
[0.198s] -- Symlinking: /home/nikhil/Work/ROS/control_ws/install/motor_control/share/ament_index/resource_index/package_run_dependencies/motor_control
[0.204s] -- Symlinking: /home/nikhil/Work/ROS/control_ws/install/motor_control/share/ament_index/resource_index/parent_prefix_path/motor_control
[0.212s] -- Symlinking: /home/nikhil/Work/ROS/control_ws/install/motor_control/share/motor_control/environment/ament_prefix_path.sh
[0.218s] -- Symlinking: /home/nikhil/Work/ROS/control_ws/install/motor_control/share/motor_control/environment/ament_prefix_path.dsv
[0.222s] -- Symlinking: /home/nikhil/Work/ROS/control_ws/install/motor_control/share/motor_control/environment/path.sh
[0.229s] -- Symlinking: /home/nikhil/Work/ROS/control_ws/install/motor_control/share/motor_control/environment/path.dsv
[0.236s] -- Symlinking: /home/nikhil/Work/ROS/control_ws/install/motor_control/share/motor_control/local_setup.bash
[0.242s] -- Symlinking: /home/nikhil/Work/ROS/control_ws/install/motor_control/share/motor_control/local_setup.sh
[0.247s] -- Symlinking: /home/nikhil/Work/ROS/control_ws/install/motor_control/share/motor_control/local_setup.zsh
[0.254s] -- Symlinking: /home/nikhil/Work/ROS/control_ws/install/motor_control/share/motor_control/local_setup.dsv
[0.261s] -- Symlinking: /home/nikhil/Work/ROS/control_ws/install/motor_control/share/motor_control/package.dsv
[0.268s] -- Symlinking: /home/nikhil/Work/ROS/control_ws/install/motor_control/share/ament_index/resource_index/packages/motor_control
[0.274s] -- Symlinking: /home/nikhil/Work/ROS/control_ws/install/motor_control/share/motor_control/cmake/motor_controlConfig.cmake
[0.280s] -- Symlinking: /home/nikhil/Work/ROS/control_ws/install/motor_control/share/motor_control/cmake/motor_controlConfig-version.cmake
[0.287s] -- Symlinking: /home/nikhil/Work/ROS/control_ws/install/motor_control/share/motor_control/package.xml
[0.293s] Invoked command in '/home/nikhil/Work/ROS/control_ws/build/motor_control' returned '0': CMAKE_PREFIX_PATH=${CMAKE_PREFIX_PATH}:/home/nikhil/Work/ROS/ros2_ws/install/py_pkg:/opt/ros/humble /usr/bin/cmake --install /home/nikhil/Work/ROS/control_ws/build/motor_control
