[35m[1mConsolidate compiler generated dependencies of target hw_status_publisher[0m
[ 28%] Built target add_two_ints_client_no_oops
[ 28%] Built target cpp_node
[ 35%] [32mBuilding CXX object CMakeFiles/robot_news_station.dir/src/robot_news_station.cpp.o[0m
[ 50%] Built target add_two_ints_server
[ 64%] Built target smartphone
[ 78%] Built target add_two_ints_client
[ 92%] Built target hw_status_publisher
[100%] [32m[1mLinking CXX executable robot_news_station[0m
[100%] Built target robot_news_station
-- Install configuration: ""
-- Up-to-date: /home/nikhil/ROS/ros2_ws/install/cpp_pkg/lib/cpp_pkg/cpp_node
-- Installing: /home/nikhil/ROS/ros2_ws/install/cpp_pkg/lib/cpp_pkg/robot_news_station
-- Set runtime path of "/home/nikhil/ROS/ros2_ws/install/cpp_pkg/lib/cpp_pkg/robot_news_station" to ""
-- Up-to-date: /home/nikhil/ROS/ros2_ws/install/cpp_pkg/lib/cpp_pkg/smartphone
-- Up-to-date: /home/nikhil/ROS/ros2_ws/install/cpp_pkg/lib/cpp_pkg/add_two_ints_server
-- Up-to-date: /home/nikhil/ROS/ros2_ws/install/cpp_pkg/lib/cpp_pkg/add_two_ints_client_no_oops
-- Up-to-date: /home/nikhil/ROS/ros2_ws/install/cpp_pkg/lib/cpp_pkg/add_two_ints_client
-- Up-to-date: /home/nikhil/ROS/ros2_ws/install/cpp_pkg/share/ament_index/resource_index/package_run_dependencies/cpp_pkg
-- Up-to-date: /home/nikhil/ROS/ros2_ws/install/cpp_pkg/share/ament_index/resource_index/parent_prefix_path/cpp_pkg
-- Up-to-date: /home/nikhil/ROS/ros2_ws/install/cpp_pkg/share/cpp_pkg/environment/ament_prefix_path.sh
-- Up-to-date: /home/nikhil/ROS/ros2_ws/install/cpp_pkg/share/cpp_pkg/environment/ament_prefix_path.dsv
-- Up-to-date: /home/nikhil/ROS/ros2_ws/install/cpp_pkg/share/cpp_pkg/environment/path.sh
-- Up-to-date: /home/nikhil/ROS/ros2_ws/install/cpp_pkg/share/cpp_pkg/environment/path.dsv
-- Up-to-date: /home/nikhil/ROS/ros2_ws/install/cpp_pkg/share/cpp_pkg/local_setup.bash
-- Up-to-date: /home/nikhil/ROS/ros2_ws/install/cpp_pkg/share/cpp_pkg/local_setup.sh
-- Up-to-date: /home/nikhil/ROS/ros2_ws/install/cpp_pkg/share/cpp_pkg/local_setup.zsh
-- Up-to-date: /home/nikhil/ROS/ros2_ws/install/cpp_pkg/share/cpp_pkg/local_setup.dsv
-- Installing: /home/nikhil/ROS/ros2_ws/install/cpp_pkg/share/cpp_pkg/package.dsv
-- Up-to-date: /home/nikhil/ROS/ros2_ws/install/cpp_pkg/share/ament_index/resource_index/packages/cpp_pkg
-- Up-to-date: /home/nikhil/ROS/ros2_ws/install/cpp_pkg/share/cpp_pkg/cmake/cpp_pkgConfig.cmake
-- Up-to-date: /home/nikhil/ROS/ros2_ws/install/cpp_pkg/share/cpp_pkg/cmake/cpp_pkgConfig-version.cmake
-- Up-to-date: /home/nikhil/ROS/ros2_ws/install/cpp_pkg/share/cpp_pkg/package.xml
