[0.008s] Invoking command in '/home/nikhil/ROS/ros2_ws/build/cpp_pkg': CMAKE_PREFIX_PATH=/home/nikhil/ROS/ros2_ws/install/my_robot_interfaces:/home/nikhil/ROS/ros2_ws/install/cpp_pkg:/home/nikhil/ROS/ros2_ws/install/course_activities:/home/nikhil/ROS/ros2_ws/install/py_pkg:/opt/ros/humble /usr/bin/cmake --build /home/nikhil/ROS/ros2_ws/build/cpp_pkg -- -j20 -l20
[0.050s] [35m[1mConsolidate compiler generated dependencies of target hw_status_publisher[0m
[0.058s] [ 28%] Built target add_two_ints_client_no_oops
[0.058s] [ 28%] Built target cpp_node
[0.058s] [ 35%] [32mBuilding CXX object CMakeFiles/robot_news_station.dir/src/robot_news_station.cpp.o[0m
[0.060s] [ 50%] Built target add_two_ints_server
[0.060s] [ 64%] Built target smartphone
[0.062s] [ 78%] Built target add_two_ints_client
[0.065s] [ 92%] Built target hw_status_publisher
[2.274s] [100%] [32m[1mLinking CXX executable robot_news_station[0m
[2.384s] [100%] Built target robot_news_station
[2.393s] Invoked command in '/home/nikhil/ROS/ros2_ws/build/cpp_pkg' returned '0': CMAKE_PREFIX_PATH=/home/nikhil/ROS/ros2_ws/install/my_robot_interfaces:/home/nikhil/ROS/ros2_ws/install/cpp_pkg:/home/nikhil/ROS/ros2_ws/install/course_activities:/home/nikhil/ROS/ros2_ws/install/py_pkg:/opt/ros/humble /usr/bin/cmake --build /home/nikhil/ROS/ros2_ws/build/cpp_pkg -- -j20 -l20
[2.433s] Invoking command in '/home/nikhil/ROS/ros2_ws/build/cpp_pkg': CMAKE_PREFIX_PATH=/home/nikhil/ROS/ros2_ws/install/my_robot_interfaces:/home/nikhil/ROS/ros2_ws/install/cpp_pkg:/home/nikhil/ROS/ros2_ws/install/course_activities:/home/nikhil/ROS/ros2_ws/install/py_pkg:/opt/ros/humble /usr/bin/cmake --install /home/nikhil/ROS/ros2_ws/build/cpp_pkg
[2.437s] -- Install configuration: ""
[2.437s] -- Up-to-date: /home/nikhil/ROS/ros2_ws/install/cpp_pkg/lib/cpp_pkg/cpp_node
[2.437s] -- Installing: /home/nikhil/ROS/ros2_ws/install/cpp_pkg/lib/cpp_pkg/robot_news_station
[2.438s] -- Set runtime path of "/home/nikhil/ROS/ros2_ws/install/cpp_pkg/lib/cpp_pkg/robot_news_station" to ""
[2.438s] -- Up-to-date: /home/nikhil/ROS/ros2_ws/install/cpp_pkg/lib/cpp_pkg/smartphone
[2.438s] -- Up-to-date: /home/nikhil/ROS/ros2_ws/install/cpp_pkg/lib/cpp_pkg/add_two_ints_server
[2.438s] -- Up-to-date: /home/nikhil/ROS/ros2_ws/install/cpp_pkg/lib/cpp_pkg/add_two_ints_client_no_oops
[2.438s] -- Up-to-date: /home/nikhil/ROS/ros2_ws/install/cpp_pkg/lib/cpp_pkg/add_two_ints_client
[2.438s] -- Up-to-date: /home/nikhil/ROS/ros2_ws/install/cpp_pkg/share/ament_index/resource_index/package_run_dependencies/cpp_pkg
[2.438s] -- Up-to-date: /home/nikhil/ROS/ros2_ws/install/cpp_pkg/share/ament_index/resource_index/parent_prefix_path/cpp_pkg
[2.438s] -- Up-to-date: /home/nikhil/ROS/ros2_ws/install/cpp_pkg/share/cpp_pkg/environment/ament_prefix_path.sh
[2.438s] -- Up-to-date: /home/nikhil/ROS/ros2_ws/install/cpp_pkg/share/cpp_pkg/environment/ament_prefix_path.dsv
[2.438s] -- Up-to-date: /home/nikhil/ROS/ros2_ws/install/cpp_pkg/share/cpp_pkg/environment/path.sh
[2.438s] -- Up-to-date: /home/nikhil/ROS/ros2_ws/install/cpp_pkg/share/cpp_pkg/environment/path.dsv
[2.438s] -- Up-to-date: /home/nikhil/ROS/ros2_ws/install/cpp_pkg/share/cpp_pkg/local_setup.bash
[2.438s] -- Up-to-date: /home/nikhil/ROS/ros2_ws/install/cpp_pkg/share/cpp_pkg/local_setup.sh
[2.438s] -- Up-to-date: /home/nikhil/ROS/ros2_ws/install/cpp_pkg/share/cpp_pkg/local_setup.zsh
[2.438s] -- Up-to-date: /home/nikhil/ROS/ros2_ws/install/cpp_pkg/share/cpp_pkg/local_setup.dsv
[2.438s] -- Installing: /home/nikhil/ROS/ros2_ws/install/cpp_pkg/share/cpp_pkg/package.dsv
[2.438s] -- Up-to-date: /home/nikhil/ROS/ros2_ws/install/cpp_pkg/share/ament_index/resource_index/packages/cpp_pkg
[2.438s] -- Up-to-date: /home/nikhil/ROS/ros2_ws/install/cpp_pkg/share/cpp_pkg/cmake/cpp_pkgConfig.cmake
[2.438s] -- Up-to-date: /home/nikhil/ROS/ros2_ws/install/cpp_pkg/share/cpp_pkg/cmake/cpp_pkgConfig-version.cmake
[2.438s] -- Up-to-date: /home/nikhil/ROS/ros2_ws/install/cpp_pkg/share/cpp_pkg/package.xml
[2.439s] Invoked command in '/home/nikhil/ROS/ros2_ws/build/cpp_pkg' returned '0': CMAKE_PREFIX_PATH=/home/nikhil/ROS/ros2_ws/install/my_robot_interfaces:/home/nikhil/ROS/ros2_ws/install/cpp_pkg:/home/nikhil/ROS/ros2_ws/install/course_activities:/home/nikhil/ROS/ros2_ws/install/py_pkg:/opt/ros/humble /usr/bin/cmake --install /home/nikhil/ROS/ros2_ws/build/cpp_pkg
