[0.008s] Invoking command in '/home/nikhil/ROS/ros2_ws/build/my_robot_bringup': AMENT_PREFIX_PATH=/home/nikhil/ROS/ros2_ws/install/py_pkg:/home/nikhil/ROS/ros2_ws/install/my_robot_bringup:/home/nikhil/ROS/ros2_ws/install/cpp_pkg:/home/nikhil/ROS/ros2_ws/install/course_activities:/home/nikhil/ROS/ros2_ws/install/my_robot_interfaces:/opt/ros/humble CMAKE_PREFIX_PATH=/home/nikhil/ROS/ros2_ws/install/cpp_pkg:/home/nikhil/ROS/ros2_ws/install/course_activities:/home/nikhil/ROS/ros2_ws/install/my_robot_interfaces:/home/nikhil/ROS/ros2_ws/install/my_robot_bringup:/home/nikhil/ROS/ros2_ws/install/py_pkg:/opt/ros/humble /usr/bin/cmake --build /home/nikhil/ROS/ros2_ws/build/my_robot_bringup -- -j20 -l20
[0.036s] Invoked command in '/home/nikhil/ROS/ros2_ws/build/my_robot_bringup' returned '0': AMENT_PREFIX_PATH=/home/nikhil/ROS/ros2_ws/install/py_pkg:/home/nikhil/ROS/ros2_ws/install/my_robot_bringup:/home/nikhil/ROS/ros2_ws/install/cpp_pkg:/home/nikhil/ROS/ros2_ws/install/course_activities:/home/nikhil/ROS/ros2_ws/install/my_robot_interfaces:/opt/ros/humble CMAKE_PREFIX_PATH=/home/nikhil/ROS/ros2_ws/install/cpp_pkg:/home/nikhil/ROS/ros2_ws/install/course_activities:/home/nikhil/ROS/ros2_ws/install/my_robot_interfaces:/home/nikhil/ROS/ros2_ws/install/my_robot_bringup:/home/nikhil/ROS/ros2_ws/install/py_pkg:/opt/ros/humble /usr/bin/cmake --build /home/nikhil/ROS/ros2_ws/build/my_robot_bringup -- -j20 -l20
[0.051s] Invoking command in '/home/nikhil/ROS/ros2_ws/build/my_robot_bringup': AMENT_PREFIX_PATH=/home/nikhil/ROS/ros2_ws/install/py_pkg:/home/nikhil/ROS/ros2_ws/install/my_robot_bringup:/home/nikhil/ROS/ros2_ws/install/cpp_pkg:/home/nikhil/ROS/ros2_ws/install/course_activities:/home/nikhil/ROS/ros2_ws/install/my_robot_interfaces:/opt/ros/humble CMAKE_PREFIX_PATH=/home/nikhil/ROS/ros2_ws/install/cpp_pkg:/home/nikhil/ROS/ros2_ws/install/course_activities:/home/nikhil/ROS/ros2_ws/install/my_robot_interfaces:/home/nikhil/ROS/ros2_ws/install/my_robot_bringup:/home/nikhil/ROS/ros2_ws/install/py_pkg:/opt/ros/humble /usr/bin/cmake --install /home/nikhil/ROS/ros2_ws/build/my_robot_bringup
[0.057s] -- Install configuration: ""
[0.057s] -- Execute custom install script
[0.058s] [33mCMake Warning (dev) at ament_cmake_symlink_install/ament_cmake_symlink_install.cmake:62 (file):
[0.058s]   Policy CMP0009 is not set: FILE GLOB_RECURSE calls should not follow
[0.058s]   symlinks by default.  Run "cmake --help-policy CMP0009" for policy details.
[0.058s]   Use the cmake_policy command to set the policy and suppress this warning.
[0.058s] Call Stack (most recent call first):
[0.058s]   ament_cmake_symlink_install/ament_cmake_symlink_install.cmake:314 (ament_cmake_symlink_install_directory)
[0.058s]   cmake_install.cmake:46 (include)
[0.058s] This warning is for project developers.  Use -Wno-dev to suppress it.
[0.058s] [0m
[0.058s] -- Up-to-date symlink: /home/nikhil/ROS/ros2_ws/install/my_robot_bringup/share/my_robot_bringup/launch/build/.built_by
[0.058s] -- Up-to-date symlink: /home/nikhil/ROS/ros2_ws/install/my_robot_bringup/share/my_robot_bringup/launch/build/COLCON_IGNORE
[0.058s] -- Up-to-date symlink: /home/nikhil/ROS/ros2_ws/install/my_robot_bringup/share/my_robot_bringup/launch/catch_all_turtle.launch.py
[0.058s] -- Up-to-date symlink: /home/nikhil/ROS/ros2_ws/install/my_robot_bringup/share/my_robot_bringup/launch/install/.colcon_install_layout
[0.058s] -- Up-to-date symlink: /home/nikhil/ROS/ros2_ws/install/my_robot_bringup/share/my_robot_bringup/launch/install/COLCON_IGNORE
[0.058s] -- Up-to-date symlink: /home/nikhil/ROS/ros2_ws/install/my_robot_bringup/share/my_robot_bringup/launch/install/_local_setup_util_ps1.py
[0.058s] -- Up-to-date symlink: /home/nikhil/ROS/ros2_ws/install/my_robot_bringup/share/my_robot_bringup/launch/install/_local_setup_util_sh.py
[0.058s] -- Up-to-date symlink: /home/nikhil/ROS/ros2_ws/install/my_robot_bringup/share/my_robot_bringup/launch/install/local_setup.bash
[0.058s] -- Up-to-date symlink: /home/nikhil/ROS/ros2_ws/install/my_robot_bringup/share/my_robot_bringup/launch/install/local_setup.ps1
[0.058s] -- Up-to-date symlink: /home/nikhil/ROS/ros2_ws/install/my_robot_bringup/share/my_robot_bringup/launch/install/local_setup.sh
[0.059s] -- Up-to-date symlink: /home/nikhil/ROS/ros2_ws/install/my_robot_bringup/share/my_robot_bringup/launch/install/local_setup.zsh
[0.059s] -- Up-to-date symlink: /home/nikhil/ROS/ros2_ws/install/my_robot_bringup/share/my_robot_bringup/launch/install/setup.bash
[0.059s] -- Up-to-date symlink: /home/nikhil/ROS/ros2_ws/install/my_robot_bringup/share/my_robot_bringup/launch/install/setup.ps1
[0.059s] -- Up-to-date symlink: /home/nikhil/ROS/ros2_ws/install/my_robot_bringup/share/my_robot_bringup/launch/install/setup.sh
[0.059s] -- Up-to-date symlink: /home/nikhil/ROS/ros2_ws/install/my_robot_bringup/share/my_robot_bringup/launch/install/setup.zsh
[0.059s] -- Up-to-date symlink: /home/nikhil/ROS/ros2_ws/install/my_robot_bringup/share/my_robot_bringup/launch/log/COLCON_IGNORE
[0.059s] -- Up-to-date symlink: /home/nikhil/ROS/ros2_ws/install/my_robot_bringup/share/my_robot_bringup/launch/log/build_2024-12-31_12-02-47/events.log
[0.059s] -- Up-to-date symlink: /home/nikhil/ROS/ros2_ws/install/my_robot_bringup/share/my_robot_bringup/launch/log/build_2024-12-31_12-02-47/logger_all.log
[0.059s] -- Up-to-date symlink: /home/nikhil/ROS/ros2_ws/install/my_robot_bringup/share/my_robot_bringup/launch/log/build_2024-12-31_12-05-41/events.log
[0.059s] -- Up-to-date symlink: /home/nikhil/ROS/ros2_ws/install/my_robot_bringup/share/my_robot_bringup/launch/log/build_2024-12-31_12-05-41/logger_all.log
[0.059s] -- Up-to-date symlink: /home/nikhil/ROS/ros2_ws/install/my_robot_bringup/share/my_robot_bringup/launch/log/build_2024-12-31_12-05-53/events.log
[0.059s] -- Up-to-date symlink: /home/nikhil/ROS/ros2_ws/install/my_robot_bringup/share/my_robot_bringup/launch/log/build_2024-12-31_12-05-53/logger_all.log
[0.059s] -- Up-to-date symlink: /home/nikhil/ROS/ros2_ws/install/my_robot_bringup/share/my_robot_bringup/launch/log/latest/events.log
[0.059s] -- Up-to-date symlink: /home/nikhil/ROS/ros2_ws/install/my_robot_bringup/share/my_robot_bringup/launch/log/latest/logger_all.log
[0.059s] -- Up-to-date symlink: /home/nikhil/ROS/ros2_ws/install/my_robot_bringup/share/my_robot_bringup/launch/log/latest_build/events.log
[0.059s] -- Up-to-date symlink: /home/nikhil/ROS/ros2_ws/install/my_robot_bringup/share/my_robot_bringup/launch/log/latest_build/logger_all.log
[0.059s] -- Up-to-date symlink: /home/nikhil/ROS/ros2_ws/install/my_robot_bringup/share/my_robot_bringup/launch/number_app.launch.py
[0.059s] -- Up-to-date symlink: /home/nikhil/ROS/ros2_ws/install/my_robot_bringup/share/my_robot_bringup/launch/robot_station.launch.py
[0.059s] -- Up-to-date symlink: /home/nikhil/ROS/ros2_ws/install/my_robot_bringup/share/ament_index/resource_index/package_run_dependencies/my_robot_bringup
[0.059s] -- Up-to-date symlink: /home/nikhil/ROS/ros2_ws/install/my_robot_bringup/share/ament_index/resource_index/parent_prefix_path/my_robot_bringup
[0.059s] -- Up-to-date symlink: /home/nikhil/ROS/ros2_ws/install/my_robot_bringup/share/my_robot_bringup/environment/ament_prefix_path.sh
[0.059s] -- Up-to-date symlink: /home/nikhil/ROS/ros2_ws/install/my_robot_bringup/share/my_robot_bringup/environment/ament_prefix_path.dsv
[0.059s] -- Up-to-date symlink: /home/nikhil/ROS/ros2_ws/install/my_robot_bringup/share/my_robot_bringup/environment/path.sh
[0.060s] -- Up-to-date symlink: /home/nikhil/ROS/ros2_ws/install/my_robot_bringup/share/my_robot_bringup/environment/path.dsv
[0.060s] -- Up-to-date symlink: /home/nikhil/ROS/ros2_ws/install/my_robot_bringup/share/my_robot_bringup/local_setup.bash
[0.060s] -- Up-to-date symlink: /home/nikhil/ROS/ros2_ws/install/my_robot_bringup/share/my_robot_bringup/local_setup.sh
[0.060s] -- Up-to-date symlink: /home/nikhil/ROS/ros2_ws/install/my_robot_bringup/share/my_robot_bringup/local_setup.zsh
[0.060s] -- Up-to-date symlink: /home/nikhil/ROS/ros2_ws/install/my_robot_bringup/share/my_robot_bringup/local_setup.dsv
[0.060s] -- Symlinking: /home/nikhil/ROS/ros2_ws/install/my_robot_bringup/share/my_robot_bringup/package.dsv
[0.065s] -- Up-to-date symlink: /home/nikhil/ROS/ros2_ws/install/my_robot_bringup/share/ament_index/resource_index/packages/my_robot_bringup
[0.065s] -- Up-to-date symlink: /home/nikhil/ROS/ros2_ws/install/my_robot_bringup/share/my_robot_bringup/cmake/my_robot_bringupConfig.cmake
[0.065s] -- Up-to-date symlink: /home/nikhil/ROS/ros2_ws/install/my_robot_bringup/share/my_robot_bringup/cmake/my_robot_bringupConfig-version.cmake
[0.065s] -- Up-to-date symlink: /home/nikhil/ROS/ros2_ws/install/my_robot_bringup/share/my_robot_bringup/package.xml
[0.066s] Invoked command in '/home/nikhil/ROS/ros2_ws/build/my_robot_bringup' returned '0': AMENT_PREFIX_PATH=/home/nikhil/ROS/ros2_ws/install/py_pkg:/home/nikhil/ROS/ros2_ws/install/my_robot_bringup:/home/nikhil/ROS/ros2_ws/install/cpp_pkg:/home/nikhil/ROS/ros2_ws/install/course_activities:/home/nikhil/ROS/ros2_ws/install/my_robot_interfaces:/opt/ros/humble CMAKE_PREFIX_PATH=/home/nikhil/ROS/ros2_ws/install/cpp_pkg:/home/nikhil/ROS/ros2_ws/install/course_activities:/home/nikhil/ROS/ros2_ws/install/my_robot_interfaces:/home/nikhil/ROS/ros2_ws/install/my_robot_bringup:/home/nikhil/ROS/ros2_ws/install/py_pkg:/opt/ros/humble /usr/bin/cmake --install /home/nikhil/ROS/ros2_ws/build/my_robot_bringup
