[0.009s] Invoking command in '/home/nikhil/Work/ROS/control_ws/build/motor_control': CMAKE_PREFIX_PATH=${CMAKE_PREFIX_PATH}:/home/nikhil/Work/ROS/ros2_ws/install/py_pkg:/opt/ros/humble /usr/bin/cmake --build /home/nikhil/Work/ROS/control_ws/build/motor_control -- -j20 -l20
[0.035s] Invoked command in '/home/nikhil/Work/ROS/control_ws/build/motor_control' returned '0': CMAKE_PREFIX_PATH=${CMAKE_PREFIX_PATH}:/home/nikhil/Work/ROS/ros2_ws/install/py_pkg:/opt/ros/humble /usr/bin/cmake --build /home/nikhil/Work/ROS/control_ws/build/motor_control -- -j20 -l20
[0.041s] Invoking command in '/home/nikhil/Work/ROS/control_ws/build/motor_control': CMAKE_PREFIX_PATH=${CMAKE_PREFIX_PATH}:/home/nikhil/Work/ROS/ros2_ws/install/py_pkg:/opt/ros/humble /usr/bin/cmake --install /home/nikhil/Work/ROS/control_ws/build/motor_control
[0.046s] -- Install configuration: ""
[0.046s] -- Up-to-date: /home/nikhil/Work/ROS/control_ws/install/motor_control/share/ament_index/resource_index/package_run_dependencies/motor_control
[0.046s] -- Up-to-date: /home/nikhil/Work/ROS/control_ws/install/motor_control/share/ament_index/resource_index/parent_prefix_path/motor_control
[0.046s] -- Up-to-date: /home/nikhil/Work/ROS/control_ws/install/motor_control/share/motor_control/environment/ament_prefix_path.sh
[0.046s] -- Up-to-date: /home/nikhil/Work/ROS/control_ws/install/motor_control/share/motor_control/environment/ament_prefix_path.dsv
[0.046s] -- Up-to-date: /home/nikhil/Work/ROS/control_ws/install/motor_control/share/motor_control/environment/path.sh
[0.046s] -- Up-to-date: /home/nikhil/Work/ROS/control_ws/install/motor_control/share/motor_control/environment/path.dsv
[0.047s] -- Up-to-date: /home/nikhil/Work/ROS/control_ws/install/motor_control/share/motor_control/local_setup.bash
[0.047s] -- Up-to-date: /home/nikhil/Work/ROS/control_ws/install/motor_control/share/motor_control/local_setup.sh
[0.047s] -- Up-to-date: /home/nikhil/Work/ROS/control_ws/install/motor_control/share/motor_control/local_setup.zsh
[0.047s] -- Up-to-date: /home/nikhil/Work/ROS/control_ws/install/motor_control/share/motor_control/local_setup.dsv
[0.047s] -- Installing: /home/nikhil/Work/ROS/control_ws/install/motor_control/share/motor_control/package.dsv
[0.047s] -- Up-to-date: /home/nikhil/Work/ROS/control_ws/install/motor_control/share/ament_index/resource_index/packages/motor_control
[0.047s] -- Up-to-date: /home/nikhil/Work/ROS/control_ws/install/motor_control/share/motor_control/cmake/motor_controlConfig.cmake
[0.047s] -- Up-to-date: /home/nikhil/Work/ROS/control_ws/install/motor_control/share/motor_control/cmake/motor_controlConfig-version.cmake
[0.047s] -- Up-to-date: /home/nikhil/Work/ROS/control_ws/install/motor_control/share/motor_control/package.xml
[0.048s] Invoked command in '/home/nikhil/Work/ROS/control_ws/build/motor_control' returned '0': CMAKE_PREFIX_PATH=${CMAKE_PREFIX_PATH}:/home/nikhil/Work/ROS/ros2_ws/install/py_pkg:/opt/ros/humble /usr/bin/cmake --install /home/nikhil/Work/ROS/control_ws/build/motor_control
