[0.057s] DEBUG:colcon:Command line arguments: ['/usr/bin/colcon', 'build']
[0.057s] DEBUG:colcon:Parsed command line arguments: Namespace(log_base=None, log_level=None, verb_name='build', build_base='build', install_base='install', merge_install=False, symlink_install=False, test_result_base=None, continue_on_error=False, executor='parallel', parallel_workers=20, event_handlers=None, ignore_user_meta=False, metas=['./colcon.meta'], base_paths=['.'], packages_ignore=None, packages_ignore_regex=None, paths=None, packages_up_to=None, packages_up_to_regex=None, packages_above=None, packages_above_and_dependencies=None, packages_above_depth=None, packages_select_by_dep=None, packages_skip_by_dep=None, packages_skip_up_to=None, packages_select_build_failed=False, packages_skip_build_finished=False, packages_select_test_failures=False, packages_skip_test_passed=False, packages_select=None, packages_skip=None, packages_select_regex=None, packages_skip_regex=None, packages_start=None, packages_end=None, allow_overriding=[], cmake_args=None, cmake_target=None, cmake_target_skip_unavailable=False, cmake_clean_cache=False, cmake_clean_first=False, cmake_force_configure=False, ament_cmake_args=None, catkin_cmake_args=None, catkin_skip_building_tests=False, mixin_files=None, mixin=None, verb_parser=<colcon_mixin.mixin.mixin_argument.MixinArgumentDecorator object at 0x73321a710220>, verb_extension=<colcon_core.verb.build.BuildVerb object at 0x73321a6e3580>, main=<bound method BuildVerb.main of <colcon_core.verb.build.BuildVerb object at 0x73321a6e3580>>, mixin_verb=('build',))
[0.157s] Level 1:colcon.colcon_core.package_discovery:discover_packages(colcon_meta) check parameters
[0.157s] Level 1:colcon.colcon_core.package_discovery:discover_packages(recursive) check parameters
[0.157s] Level 1:colcon.colcon_core.package_discovery:discover_packages(ignore) check parameters
[0.157s] Level 1:colcon.colcon_core.package_discovery:discover_packages(path) check parameters
[0.157s] Level 1:colcon.colcon_core.package_discovery:discover_packages(colcon_meta) discover
[0.157s] Level 1:colcon.colcon_core.package_discovery:discover_packages(recursive) discover
[0.157s] INFO:colcon.colcon_core.package_discovery:Crawling recursively for packages in '/home/nikhil/Work/ROS/control_ws'
[0.157s] Level 1:colcon.colcon_core.package_identification:_identify(.) by extensions ['ignore', 'ignore_ament_install']
[0.157s] Level 1:colcon.colcon_core.package_identification:_identify(.) by extension 'ignore'
[0.157s] Level 1:colcon.colcon_core.package_identification:_identify(.) by extension 'ignore_ament_install'
[0.157s] Level 1:colcon.colcon_core.package_identification:_identify(.) by extensions ['colcon_pkg']
[0.157s] Level 1:colcon.colcon_core.package_identification:_identify(.) by extension 'colcon_pkg'
[0.157s] Level 1:colcon.colcon_core.package_identification:_identify(.) by extensions ['colcon_meta']
[0.157s] Level 1:colcon.colcon_core.package_identification:_identify(.) by extension 'colcon_meta'
[0.157s] Level 1:colcon.colcon_core.package_identification:_identify(.) by extensions ['ros']
[0.157s] Level 1:colcon.colcon_core.package_identification:_identify(.) by extension 'ros'
[0.168s] Level 1:colcon.colcon_core.package_identification:_identify(.) by extensions ['cmake', 'python']
[0.168s] Level 1:colcon.colcon_core.package_identification:_identify(.) by extension 'cmake'
[0.168s] Level 1:colcon.colcon_core.package_identification:_identify(.) by extension 'python'
[0.168s] Level 1:colcon.colcon_core.package_identification:_identify(.) by extensions ['python_setup_py']
[0.168s] Level 1:colcon.colcon_core.package_identification:_identify(.) by extension 'python_setup_py'
[0.168s] Level 1:colcon.colcon_core.package_identification:_identify(build) by extensions ['ignore', 'ignore_ament_install']
[0.168s] Level 1:colcon.colcon_core.package_identification:_identify(build) by extension 'ignore'
[0.168s] Level 1:colcon.colcon_core.package_identification:_identify(build) ignored
[0.168s] Level 1:colcon.colcon_core.package_identification:_identify(install) by extensions ['ignore', 'ignore_ament_install']
[0.168s] Level 1:colcon.colcon_core.package_identification:_identify(install) by extension 'ignore'
[0.168s] Level 1:colcon.colcon_core.package_identification:_identify(install) ignored
[0.168s] Level 1:colcon.colcon_core.package_identification:_identify(log) by extensions ['ignore', 'ignore_ament_install']
[0.168s] Level 1:colcon.colcon_core.package_identification:_identify(log) by extension 'ignore'
[0.168s] Level 1:colcon.colcon_core.package_identification:_identify(log) ignored
[0.168s] Level 1:colcon.colcon_core.package_identification:_identify(src) by extensions ['ignore', 'ignore_ament_install']
[0.168s] Level 1:colcon.colcon_core.package_identification:_identify(src) by extension 'ignore'
[0.168s] Level 1:colcon.colcon_core.package_identification:_identify(src) by extension 'ignore_ament_install'
[0.168s] Level 1:colcon.colcon_core.package_identification:_identify(src) by extensions ['colcon_pkg']
[0.168s] Level 1:colcon.colcon_core.package_identification:_identify(src) by extension 'colcon_pkg'
[0.168s] Level 1:colcon.colcon_core.package_identification:_identify(src) by extensions ['colcon_meta']
[0.168s] Level 1:colcon.colcon_core.package_identification:_identify(src) by extension 'colcon_meta'
[0.168s] Level 1:colcon.colcon_core.package_identification:_identify(src) by extensions ['ros']
[0.168s] Level 1:colcon.colcon_core.package_identification:_identify(src) by extension 'ros'
[0.168s] Level 1:colcon.colcon_core.package_identification:_identify(src) by extensions ['cmake', 'python']
[0.168s] Level 1:colcon.colcon_core.package_identification:_identify(src) by extension 'cmake'
[0.168s] Level 1:colcon.colcon_core.package_identification:_identify(src) by extension 'python'
[0.168s] Level 1:colcon.colcon_core.package_identification:_identify(src) by extensions ['python_setup_py']
[0.168s] Level 1:colcon.colcon_core.package_identification:_identify(src) by extension 'python_setup_py'
[0.168s] Level 1:colcon.colcon_core.package_identification:_identify(src/diff_drive) by extensions ['ignore', 'ignore_ament_install']
[0.168s] Level 1:colcon.colcon_core.package_identification:_identify(src/diff_drive) by extension 'ignore'
[0.168s] Level 1:colcon.colcon_core.package_identification:_identify(src/diff_drive) by extension 'ignore_ament_install'
[0.168s] Level 1:colcon.colcon_core.package_identification:_identify(src/diff_drive) by extensions ['colcon_pkg']
[0.168s] Level 1:colcon.colcon_core.package_identification:_identify(src/diff_drive) by extension 'colcon_pkg'
[0.168s] Level 1:colcon.colcon_core.package_identification:_identify(src/diff_drive) by extensions ['colcon_meta']
[0.168s] Level 1:colcon.colcon_core.package_identification:_identify(src/diff_drive) by extension 'colcon_meta'
[0.169s] Level 1:colcon.colcon_core.package_identification:_identify(src/diff_drive) by extensions ['ros']
[0.169s] Level 1:colcon.colcon_core.package_identification:_identify(src/diff_drive) by extension 'ros'
[0.170s] DEBUG:colcon.colcon_core.package_identification:Package 'src/diff_drive' with type 'ros.ament_cmake' and name 'diff_drive'
[0.170s] Level 1:colcon.colcon_core.package_identification:_identify(src/diffdrive_arduino) by extensions ['ignore', 'ignore_ament_install']
[0.170s] Level 1:colcon.colcon_core.package_identification:_identify(src/diffdrive_arduino) by extension 'ignore'
[0.170s] Level 1:colcon.colcon_core.package_identification:_identify(src/diffdrive_arduino) by extension 'ignore_ament_install'
[0.170s] Level 1:colcon.colcon_core.package_identification:_identify(src/diffdrive_arduino) by extensions ['colcon_pkg']
[0.170s] Level 1:colcon.colcon_core.package_identification:_identify(src/diffdrive_arduino) by extension 'colcon_pkg'
[0.170s] Level 1:colcon.colcon_core.package_identification:_identify(src/diffdrive_arduino) by extensions ['colcon_meta']
[0.170s] Level 1:colcon.colcon_core.package_identification:_identify(src/diffdrive_arduino) by extension 'colcon_meta'
[0.170s] Level 1:colcon.colcon_core.package_identification:_identify(src/diffdrive_arduino) by extensions ['ros']
[0.170s] Level 1:colcon.colcon_core.package_identification:_identify(src/diffdrive_arduino) by extension 'ros'
[0.171s] DEBUG:colcon.colcon_core.package_identification:Package 'src/diffdrive_arduino' with type 'ros.ament_cmake' and name 'diffdrive_arduino'
[0.171s] Level 1:colcon.colcon_core.package_discovery:discover_packages(recursive) using defaults
[0.171s] Level 1:colcon.colcon_core.package_discovery:discover_packages(ignore) discover
[0.171s] Level 1:colcon.colcon_core.package_discovery:discover_packages(ignore) using defaults
[0.171s] Level 1:colcon.colcon_core.package_discovery:discover_packages(path) discover
[0.171s] Level 1:colcon.colcon_core.package_discovery:discover_packages(path) using defaults
[0.182s] Level 1:colcon.colcon_core.package_discovery:discover_packages(prefix_path) check parameters
[0.182s] Level 1:colcon.colcon_core.package_discovery:discover_packages(prefix_path) discover
[0.183s] DEBUG:colcon.colcon_installed_package_information.package_discovery:Found 3 installed packages in /home/nikhil/Work/ROS/microRos_ws/install
[0.183s] DEBUG:colcon.colcon_installed_package_information.package_discovery:Found 3 installed packages in /home/nikhil/Work/ROS/control_ws/install
[0.184s] DEBUG:colcon.colcon_installed_package_information.package_discovery:Found 3 installed packages in /home/nikhil/Work/ROS/turtlebot3_ws/install
[0.184s] DEBUG:colcon.colcon_installed_package_information.package_discovery:Found 2 installed packages in /home/nikhil/Work/ROS/ros2_ws_1/install
[0.184s] DEBUG:colcon.colcon_installed_package_information.package_discovery:Found 5 installed packages in /home/nikhil/Work/ROS/ros2_ws/install
[0.185s] DEBUG:colcon.colcon_installed_package_information.package_discovery:Found 397 installed packages in /opt/ros/humble
[0.186s] Level 1:colcon.colcon_core.package_discovery:discover_packages(prefix_path) using defaults
[0.210s] Level 5:colcon.colcon_core.verb:set package 'diff_drive' build argument 'cmake_args' from command line to 'None'
[0.210s] Level 5:colcon.colcon_core.verb:set package 'diff_drive' build argument 'cmake_target' from command line to 'None'
[0.210s] Level 5:colcon.colcon_core.verb:set package 'diff_drive' build argument 'cmake_target_skip_unavailable' from command line to 'False'
[0.210s] Level 5:colcon.colcon_core.verb:set package 'diff_drive' build argument 'cmake_clean_cache' from command line to 'False'
[0.210s] Level 5:colcon.colcon_core.verb:set package 'diff_drive' build argument 'cmake_clean_first' from command line to 'False'
[0.210s] Level 5:colcon.colcon_core.verb:set package 'diff_drive' build argument 'cmake_force_configure' from command line to 'False'
[0.210s] Level 5:colcon.colcon_core.verb:set package 'diff_drive' build argument 'ament_cmake_args' from command line to 'None'
[0.210s] Level 5:colcon.colcon_core.verb:set package 'diff_drive' build argument 'catkin_cmake_args' from command line to 'None'
[0.210s] Level 5:colcon.colcon_core.verb:set package 'diff_drive' build argument 'catkin_skip_building_tests' from command line to 'False'
[0.211s] DEBUG:colcon.colcon_core.verb:Building package 'diff_drive' with the following arguments: {'ament_cmake_args': None, 'build_base': '/home/nikhil/Work/ROS/control_ws/build/diff_drive', 'catkin_cmake_args': None, 'catkin_skip_building_tests': False, 'cmake_args': None, 'cmake_clean_cache': False, 'cmake_clean_first': False, 'cmake_force_configure': False, 'cmake_target': None, 'cmake_target_skip_unavailable': False, 'install_base': '/home/nikhil/Work/ROS/control_ws/install/diff_drive', 'merge_install': False, 'path': '/home/nikhil/Work/ROS/control_ws/src/diff_drive', 'symlink_install': False, 'test_result_base': None}
[0.211s] Level 5:colcon.colcon_core.verb:set package 'diffdrive_arduino' build argument 'cmake_args' from command line to 'None'
[0.211s] Level 5:colcon.colcon_core.verb:set package 'diffdrive_arduino' build argument 'cmake_target' from command line to 'None'
[0.211s] Level 5:colcon.colcon_core.verb:set package 'diffdrive_arduino' build argument 'cmake_target_skip_unavailable' from command line to 'False'
[0.211s] Level 5:colcon.colcon_core.verb:set package 'diffdrive_arduino' build argument 'cmake_clean_cache' from command line to 'False'
[0.211s] Level 5:colcon.colcon_core.verb:set package 'diffdrive_arduino' build argument 'cmake_clean_first' from command line to 'False'
[0.211s] Level 5:colcon.colcon_core.verb:set package 'diffdrive_arduino' build argument 'cmake_force_configure' from command line to 'False'
[0.211s] Level 5:colcon.colcon_core.verb:set package 'diffdrive_arduino' build argument 'ament_cmake_args' from command line to 'None'
[0.211s] Level 5:colcon.colcon_core.verb:set package 'diffdrive_arduino' build argument 'catkin_cmake_args' from command line to 'None'
[0.211s] Level 5:colcon.colcon_core.verb:set package 'diffdrive_arduino' build argument 'catkin_skip_building_tests' from command line to 'False'
[0.211s] DEBUG:colcon.colcon_core.verb:Building package 'diffdrive_arduino' with the following arguments: {'ament_cmake_args': None, 'build_base': '/home/nikhil/Work/ROS/control_ws/build/diffdrive_arduino', 'catkin_cmake_args': None, 'catkin_skip_building_tests': False, 'cmake_args': None, 'cmake_clean_cache': False, 'cmake_clean_first': False, 'cmake_force_configure': False, 'cmake_target': None, 'cmake_target_skip_unavailable': False, 'install_base': '/home/nikhil/Work/ROS/control_ws/install/diffdrive_arduino', 'merge_install': False, 'path': '/home/nikhil/Work/ROS/control_ws/src/diffdrive_arduino', 'symlink_install': False, 'test_result_base': None}
[0.211s] INFO:colcon.colcon_core.executor:Executing jobs using 'parallel' executor
[0.212s] DEBUG:colcon.colcon_parallel_executor.executor.parallel:run_until_complete
[0.212s] INFO:colcon.colcon_ros.task.ament_cmake.build:Building ROS package in '/home/nikhil/Work/ROS/control_ws/src/diff_drive' with build type 'ament_cmake'
[0.212s] INFO:colcon.colcon_cmake.task.cmake.build:Building CMake package in '/home/nikhil/Work/ROS/control_ws/src/diff_drive'
[0.213s] INFO:colcon.colcon_core.plugin_system:Skipping extension 'colcon_core.shell.bat': Not used on non-Windows systems
[0.213s] INFO:colcon.colcon_core.shell:Skip shell extension 'powershell' for command environment: Not usable outside of PowerShell
[0.213s] DEBUG:colcon.colcon_core.shell:Skip shell extension 'dsv' for command environment
[0.216s] INFO:colcon.colcon_ros.task.ament_cmake.build:Building ROS package in '/home/nikhil/Work/ROS/control_ws/src/diffdrive_arduino' with build type 'ament_cmake'
[0.216s] INFO:colcon.colcon_cmake.task.cmake.build:Building CMake package in '/home/nikhil/Work/ROS/control_ws/src/diffdrive_arduino'
[0.216s] INFO:colcon.colcon_core.shell:Skip shell extension 'powershell' for command environment: Not usable outside of PowerShell
[0.216s] DEBUG:colcon.colcon_core.shell:Skip shell extension 'dsv' for command environment
[0.222s] DEBUG:colcon.colcon_core.event_handler.log_command:Invoking command in '/home/nikhil/Work/ROS/control_ws/build/diff_drive': CMAKE_PREFIX_PATH=${CMAKE_PREFIX_PATH}:/home/nikhil/Work/ROS/ros2_ws/install/py_pkg:/opt/ros/humble /usr/bin/cmake --build /home/nikhil/Work/ROS/control_ws/build/diff_drive -- -j20 -l20
[0.224s] DEBUG:colcon.colcon_core.event_handler.log_command:Invoking command in '/home/nikhil/Work/ROS/control_ws/build/diffdrive_arduino': CMAKE_PREFIX_PATH=${CMAKE_PREFIX_PATH}:/home/nikhil/Work/ROS/ros2_ws/install/py_pkg:/opt/ros/humble /usr/bin/cmake --build /home/nikhil/Work/ROS/control_ws/build/diffdrive_arduino -- -j20 -l20
[0.279s] DEBUG:colcon.colcon_core.event_handler.log_command:Invoked command in '/home/nikhil/Work/ROS/control_ws/build/diffdrive_arduino' returned '0': CMAKE_PREFIX_PATH=${CMAKE_PREFIX_PATH}:/home/nikhil/Work/ROS/ros2_ws/install/py_pkg:/opt/ros/humble /usr/bin/cmake --build /home/nikhil/Work/ROS/control_ws/build/diffdrive_arduino -- -j20 -l20
[0.288s] DEBUG:colcon.colcon_core.event_handler.log_command:Invoking command in '/home/nikhil/Work/ROS/control_ws/build/diffdrive_arduino': CMAKE_PREFIX_PATH=${CMAKE_PREFIX_PATH}:/home/nikhil/Work/ROS/ros2_ws/install/py_pkg:/opt/ros/humble /usr/bin/cmake --install /home/nikhil/Work/ROS/control_ws/build/diffdrive_arduino
[0.310s] Level 1:colcon.colcon_core.environment:create_environment_scripts_only(diffdrive_arduino)
[0.310s] DEBUG:colcon.colcon_core.event_handler.log_command:Invoked command in '/home/nikhil/Work/ROS/control_ws/build/diffdrive_arduino' returned '0': CMAKE_PREFIX_PATH=${CMAKE_PREFIX_PATH}:/home/nikhil/Work/ROS/ros2_ws/install/py_pkg:/opt/ros/humble /usr/bin/cmake --install /home/nikhil/Work/ROS/control_ws/build/diffdrive_arduino
[0.311s] Level 1:colcon.colcon_core.environment:checking '/home/nikhil/Work/ROS/control_ws/install/diffdrive_arduino' for CMake module files
[0.312s] Level 1:colcon.colcon_core.environment:checking '/home/nikhil/Work/ROS/control_ws/install/diffdrive_arduino' for CMake config files
[0.312s] Level 1:colcon.colcon_core.shell:create_environment_hook('diffdrive_arduino', 'cmake_prefix_path')
[0.312s] INFO:colcon.colcon_core.shell:Creating environment hook '/home/nikhil/Work/ROS/control_ws/install/diffdrive_arduino/share/diffdrive_arduino/hook/cmake_prefix_path.ps1'
[0.312s] INFO:colcon.colcon_core.shell:Creating environment descriptor '/home/nikhil/Work/ROS/control_ws/install/diffdrive_arduino/share/diffdrive_arduino/hook/cmake_prefix_path.dsv'
[0.313s] INFO:colcon.colcon_core.shell:Creating environment hook '/home/nikhil/Work/ROS/control_ws/install/diffdrive_arduino/share/diffdrive_arduino/hook/cmake_prefix_path.sh'
[0.313s] Level 1:colcon.colcon_core.environment:checking '/home/nikhil/Work/ROS/control_ws/install/diffdrive_arduino/lib'
[0.313s] Level 1:colcon.colcon_core.shell:create_environment_hook('diffdrive_arduino', 'ld_library_path_lib')
[0.313s] INFO:colcon.colcon_core.shell:Creating environment hook '/home/nikhil/Work/ROS/control_ws/install/diffdrive_arduino/share/diffdrive_arduino/hook/ld_library_path_lib.ps1'
[0.314s] INFO:colcon.colcon_core.shell:Creating environment descriptor '/home/nikhil/Work/ROS/control_ws/install/diffdrive_arduino/share/diffdrive_arduino/hook/ld_library_path_lib.dsv'
[0.314s] INFO:colcon.colcon_core.shell:Creating environment hook '/home/nikhil/Work/ROS/control_ws/install/diffdrive_arduino/share/diffdrive_arduino/hook/ld_library_path_lib.sh'
[0.314s] Level 1:colcon.colcon_core.environment:checking '/home/nikhil/Work/ROS/control_ws/install/diffdrive_arduino/bin'
[0.314s] Level 1:colcon.colcon_core.environment:checking '/home/nikhil/Work/ROS/control_ws/install/diffdrive_arduino/lib/pkgconfig/diffdrive_arduino.pc'
[0.314s] Level 1:colcon.colcon_core.environment:checking '/home/nikhil/Work/ROS/control_ws/install/diffdrive_arduino/lib/python3.10/site-packages'
[0.314s] Level 1:colcon.colcon_core.environment:checking '/home/nikhil/Work/ROS/control_ws/install/diffdrive_arduino/bin'
[0.314s] INFO:colcon.colcon_core.shell:Creating package script '/home/nikhil/Work/ROS/control_ws/install/diffdrive_arduino/share/diffdrive_arduino/package.ps1'
[0.315s] INFO:colcon.colcon_core.shell:Creating package descriptor '/home/nikhil/Work/ROS/control_ws/install/diffdrive_arduino/share/diffdrive_arduino/package.dsv'
[0.315s] INFO:colcon.colcon_core.shell:Creating package script '/home/nikhil/Work/ROS/control_ws/install/diffdrive_arduino/share/diffdrive_arduino/package.sh'
[0.316s] INFO:colcon.colcon_core.shell:Creating package script '/home/nikhil/Work/ROS/control_ws/install/diffdrive_arduino/share/diffdrive_arduino/package.bash'
[0.316s] INFO:colcon.colcon_core.shell:Creating package script '/home/nikhil/Work/ROS/control_ws/install/diffdrive_arduino/share/diffdrive_arduino/package.zsh'
[0.316s] Level 1:colcon.colcon_core.environment:create_file_with_runtime_dependencies(/home/nikhil/Work/ROS/control_ws/install/diffdrive_arduino/share/colcon-core/packages/diffdrive_arduino)
[0.317s] Level 1:colcon.colcon_core.environment:create_environment_scripts_only(diffdrive_arduino)
[0.317s] Level 1:colcon.colcon_core.environment:checking '/home/nikhil/Work/ROS/control_ws/install/diffdrive_arduino' for CMake module files
[0.317s] Level 1:colcon.colcon_core.environment:checking '/home/nikhil/Work/ROS/control_ws/install/diffdrive_arduino' for CMake config files
[0.317s] Level 1:colcon.colcon_core.shell:create_environment_hook('diffdrive_arduino', 'cmake_prefix_path')
[0.317s] INFO:colcon.colcon_core.shell:Creating environment hook '/home/nikhil/Work/ROS/control_ws/install/diffdrive_arduino/share/diffdrive_arduino/hook/cmake_prefix_path.ps1'
[0.317s] INFO:colcon.colcon_core.shell:Creating environment descriptor '/home/nikhil/Work/ROS/control_ws/install/diffdrive_arduino/share/diffdrive_arduino/hook/cmake_prefix_path.dsv'
[0.318s] INFO:colcon.colcon_core.shell:Creating environment hook '/home/nikhil/Work/ROS/control_ws/install/diffdrive_arduino/share/diffdrive_arduino/hook/cmake_prefix_path.sh'
[0.318s] Level 1:colcon.colcon_core.environment:checking '/home/nikhil/Work/ROS/control_ws/install/diffdrive_arduino/lib'
[0.318s] Level 1:colcon.colcon_core.shell:create_environment_hook('diffdrive_arduino', 'ld_library_path_lib')
[0.318s] INFO:colcon.colcon_core.shell:Creating environment hook '/home/nikhil/Work/ROS/control_ws/install/diffdrive_arduino/share/diffdrive_arduino/hook/ld_library_path_lib.ps1'
[0.318s] INFO:colcon.colcon_core.shell:Creating environment descriptor '/home/nikhil/Work/ROS/control_ws/install/diffdrive_arduino/share/diffdrive_arduino/hook/ld_library_path_lib.dsv'
[0.318s] INFO:colcon.colcon_core.shell:Creating environment hook '/home/nikhil/Work/ROS/control_ws/install/diffdrive_arduino/share/diffdrive_arduino/hook/ld_library_path_lib.sh'
[0.319s] Level 1:colcon.colcon_core.environment:checking '/home/nikhil/Work/ROS/control_ws/install/diffdrive_arduino/bin'
[0.319s] Level 1:colcon.colcon_core.environment:checking '/home/nikhil/Work/ROS/control_ws/install/diffdrive_arduino/lib/pkgconfig/diffdrive_arduino.pc'
[0.319s] Level 1:colcon.colcon_core.environment:checking '/home/nikhil/Work/ROS/control_ws/install/diffdrive_arduino/lib/python3.10/site-packages'
[0.319s] Level 1:colcon.colcon_core.environment:checking '/home/nikhil/Work/ROS/control_ws/install/diffdrive_arduino/bin'
[0.319s] INFO:colcon.colcon_core.shell:Creating package script '/home/nikhil/Work/ROS/control_ws/install/diffdrive_arduino/share/diffdrive_arduino/package.ps1'
[0.319s] INFO:colcon.colcon_core.shell:Creating package descriptor '/home/nikhil/Work/ROS/control_ws/install/diffdrive_arduino/share/diffdrive_arduino/package.dsv'
[0.320s] INFO:colcon.colcon_core.shell:Creating package script '/home/nikhil/Work/ROS/control_ws/install/diffdrive_arduino/share/diffdrive_arduino/package.sh'
[0.320s] INFO:colcon.colcon_core.shell:Creating package script '/home/nikhil/Work/ROS/control_ws/install/diffdrive_arduino/share/diffdrive_arduino/package.bash'
[0.320s] INFO:colcon.colcon_core.shell:Creating package script '/home/nikhil/Work/ROS/control_ws/install/diffdrive_arduino/share/diffdrive_arduino/package.zsh'
[0.320s] Level 1:colcon.colcon_core.environment:create_file_with_runtime_dependencies(/home/nikhil/Work/ROS/control_ws/install/diffdrive_arduino/share/colcon-core/packages/diffdrive_arduino)
[7.057s] DEBUG:colcon.colcon_core.event_handler.log_command:Invoked command in '/home/nikhil/Work/ROS/control_ws/build/diff_drive' returned '0': CMAKE_PREFIX_PATH=${CMAKE_PREFIX_PATH}:/home/nikhil/Work/ROS/ros2_ws/install/py_pkg:/opt/ros/humble /usr/bin/cmake --build /home/nikhil/Work/ROS/control_ws/build/diff_drive -- -j20 -l20
[7.059s] DEBUG:colcon.colcon_core.event_handler.log_command:Invoking command in '/home/nikhil/Work/ROS/control_ws/build/diff_drive': CMAKE_PREFIX_PATH=${CMAKE_PREFIX_PATH}:/home/nikhil/Work/ROS/ros2_ws/install/py_pkg:/opt/ros/humble /usr/bin/cmake --install /home/nikhil/Work/ROS/control_ws/build/diff_drive
[7.081s] Level 1:colcon.colcon_core.environment:create_environment_scripts_only(diff_drive)
[7.081s] Level 1:colcon.colcon_core.environment:checking '/home/nikhil/Work/ROS/control_ws/install/diff_drive' for CMake module files
[7.082s] DEBUG:colcon.colcon_core.event_handler.log_command:Invoked command in '/home/nikhil/Work/ROS/control_ws/build/diff_drive' returned '0': CMAKE_PREFIX_PATH=${CMAKE_PREFIX_PATH}:/home/nikhil/Work/ROS/ros2_ws/install/py_pkg:/opt/ros/humble /usr/bin/cmake --install /home/nikhil/Work/ROS/control_ws/build/diff_drive
[7.082s] Level 1:colcon.colcon_core.environment:checking '/home/nikhil/Work/ROS/control_ws/install/diff_drive' for CMake config files
[7.082s] Level 1:colcon.colcon_core.shell:create_environment_hook('diff_drive', 'cmake_prefix_path')
[7.082s] INFO:colcon.colcon_core.shell:Creating environment hook '/home/nikhil/Work/ROS/control_ws/install/diff_drive/share/diff_drive/hook/cmake_prefix_path.ps1'
[7.082s] INFO:colcon.colcon_core.shell:Creating environment descriptor '/home/nikhil/Work/ROS/control_ws/install/diff_drive/share/diff_drive/hook/cmake_prefix_path.dsv'
[7.083s] INFO:colcon.colcon_core.shell:Creating environment hook '/home/nikhil/Work/ROS/control_ws/install/diff_drive/share/diff_drive/hook/cmake_prefix_path.sh'
[7.083s] Level 1:colcon.colcon_core.environment:checking '/home/nikhil/Work/ROS/control_ws/install/diff_drive/lib'
[7.083s] Level 1:colcon.colcon_core.shell:create_environment_hook('diff_drive', 'ld_library_path_lib')
[7.083s] INFO:colcon.colcon_core.shell:Creating environment hook '/home/nikhil/Work/ROS/control_ws/install/diff_drive/share/diff_drive/hook/ld_library_path_lib.ps1'
[7.083s] INFO:colcon.colcon_core.shell:Creating environment descriptor '/home/nikhil/Work/ROS/control_ws/install/diff_drive/share/diff_drive/hook/ld_library_path_lib.dsv'
[7.083s] INFO:colcon.colcon_core.shell:Creating environment hook '/home/nikhil/Work/ROS/control_ws/install/diff_drive/share/diff_drive/hook/ld_library_path_lib.sh'
[7.084s] Level 1:colcon.colcon_core.environment:checking '/home/nikhil/Work/ROS/control_ws/install/diff_drive/bin'
[7.084s] Level 1:colcon.colcon_core.environment:checking '/home/nikhil/Work/ROS/control_ws/install/diff_drive/lib/pkgconfig/diff_drive.pc'
[7.084s] Level 1:colcon.colcon_core.environment:checking '/home/nikhil/Work/ROS/control_ws/install/diff_drive/lib/python3.10/site-packages'
[7.084s] Level 1:colcon.colcon_core.environment:checking '/home/nikhil/Work/ROS/control_ws/install/diff_drive/bin'
[7.084s] INFO:colcon.colcon_core.shell:Creating package script '/home/nikhil/Work/ROS/control_ws/install/diff_drive/share/diff_drive/package.ps1'
[7.084s] INFO:colcon.colcon_core.shell:Creating package descriptor '/home/nikhil/Work/ROS/control_ws/install/diff_drive/share/diff_drive/package.dsv'
[7.085s] INFO:colcon.colcon_core.shell:Creating package script '/home/nikhil/Work/ROS/control_ws/install/diff_drive/share/diff_drive/package.sh'
[7.085s] INFO:colcon.colcon_core.shell:Creating package script '/home/nikhil/Work/ROS/control_ws/install/diff_drive/share/diff_drive/package.bash'
[7.085s] INFO:colcon.colcon_core.shell:Creating package script '/home/nikhil/Work/ROS/control_ws/install/diff_drive/share/diff_drive/package.zsh'
[7.085s] Level 1:colcon.colcon_core.environment:create_file_with_runtime_dependencies(/home/nikhil/Work/ROS/control_ws/install/diff_drive/share/colcon-core/packages/diff_drive)
[7.085s] Level 1:colcon.colcon_core.environment:create_environment_scripts_only(diff_drive)
[7.086s] Level 1:colcon.colcon_core.environment:checking '/home/nikhil/Work/ROS/control_ws/install/diff_drive' for CMake module files
[7.086s] Level 1:colcon.colcon_core.environment:checking '/home/nikhil/Work/ROS/control_ws/install/diff_drive' for CMake config files
[7.086s] Level 1:colcon.colcon_core.shell:create_environment_hook('diff_drive', 'cmake_prefix_path')
[7.086s] INFO:colcon.colcon_core.shell:Creating environment hook '/home/nikhil/Work/ROS/control_ws/install/diff_drive/share/diff_drive/hook/cmake_prefix_path.ps1'
[7.086s] INFO:colcon.colcon_core.shell:Creating environment descriptor '/home/nikhil/Work/ROS/control_ws/install/diff_drive/share/diff_drive/hook/cmake_prefix_path.dsv'
[7.086s] INFO:colcon.colcon_core.shell:Creating environment hook '/home/nikhil/Work/ROS/control_ws/install/diff_drive/share/diff_drive/hook/cmake_prefix_path.sh'
[7.087s] Level 1:colcon.colcon_core.environment:checking '/home/nikhil/Work/ROS/control_ws/install/diff_drive/lib'
[7.087s] Level 1:colcon.colcon_core.shell:create_environment_hook('diff_drive', 'ld_library_path_lib')
[7.087s] INFO:colcon.colcon_core.shell:Creating environment hook '/home/nikhil/Work/ROS/control_ws/install/diff_drive/share/diff_drive/hook/ld_library_path_lib.ps1'
[7.087s] INFO:colcon.colcon_core.shell:Creating environment descriptor '/home/nikhil/Work/ROS/control_ws/install/diff_drive/share/diff_drive/hook/ld_library_path_lib.dsv'
[7.087s] INFO:colcon.colcon_core.shell:Creating environment hook '/home/nikhil/Work/ROS/control_ws/install/diff_drive/share/diff_drive/hook/ld_library_path_lib.sh'
[7.087s] Level 1:colcon.colcon_core.environment:checking '/home/nikhil/Work/ROS/control_ws/install/diff_drive/bin'
[7.087s] Level 1:colcon.colcon_core.environment:checking '/home/nikhil/Work/ROS/control_ws/install/diff_drive/lib/pkgconfig/diff_drive.pc'
[7.088s] Level 1:colcon.colcon_core.environment:checking '/home/nikhil/Work/ROS/control_ws/install/diff_drive/lib/python3.10/site-packages'
[7.088s] Level 1:colcon.colcon_core.environment:checking '/home/nikhil/Work/ROS/control_ws/install/diff_drive/bin'
[7.088s] INFO:colcon.colcon_core.shell:Creating package script '/home/nikhil/Work/ROS/control_ws/install/diff_drive/share/diff_drive/package.ps1'
[7.088s] INFO:colcon.colcon_core.shell:Creating package descriptor '/home/nikhil/Work/ROS/control_ws/install/diff_drive/share/diff_drive/package.dsv'
[7.088s] INFO:colcon.colcon_core.shell:Creating package script '/home/nikhil/Work/ROS/control_ws/install/diff_drive/share/diff_drive/package.sh'
[7.089s] INFO:colcon.colcon_core.shell:Creating package script '/home/nikhil/Work/ROS/control_ws/install/diff_drive/share/diff_drive/package.bash'
[7.089s] INFO:colcon.colcon_core.shell:Creating package script '/home/nikhil/Work/ROS/control_ws/install/diff_drive/share/diff_drive/package.zsh'
[7.089s] Level 1:colcon.colcon_core.environment:create_file_with_runtime_dependencies(/home/nikhil/Work/ROS/control_ws/install/diff_drive/share/colcon-core/packages/diff_drive)
[7.089s] DEBUG:colcon.colcon_parallel_executor.executor.parallel:closing loop
[7.089s] DEBUG:colcon.colcon_parallel_executor.executor.parallel:loop closed
[7.089s] DEBUG:colcon.colcon_parallel_executor.executor.parallel:run_until_complete finished with '0'
[7.089s] DEBUG:colcon.colcon_core.event_reactor:joining thread
[7.094s] INFO:colcon.colcon_core.plugin_system:Skipping extension 'colcon_notification.desktop_notification.terminal_notifier': Not used on non-Darwin systems
[7.095s] INFO:colcon.colcon_core.plugin_system:Skipping extension 'colcon_notification.desktop_notification.win32': Not used on non-Windows systems
[7.095s] INFO:colcon.colcon_notification.desktop_notification:Sending desktop notification using 'notify2'
[7.105s] DEBUG:colcon.colcon_core.event_reactor:joined thread
[7.106s] INFO:colcon.colcon_core.shell:Creating prefix script '/home/nikhil/Work/ROS/control_ws/install/local_setup.ps1'
[7.107s] INFO:colcon.colcon_core.shell:Creating prefix util module '/home/nikhil/Work/ROS/control_ws/install/_local_setup_util_ps1.py'
[7.108s] INFO:colcon.colcon_core.shell:Creating prefix chain script '/home/nikhil/Work/ROS/control_ws/install/setup.ps1'
[7.110s] INFO:colcon.colcon_core.shell:Creating prefix script '/home/nikhil/Work/ROS/control_ws/install/local_setup.sh'
[7.110s] INFO:colcon.colcon_core.shell:Creating prefix util module '/home/nikhil/Work/ROS/control_ws/install/_local_setup_util_sh.py'
[7.111s] INFO:colcon.colcon_core.shell:Creating prefix chain script '/home/nikhil/Work/ROS/control_ws/install/setup.sh'
[7.113s] INFO:colcon.colcon_core.shell:Creating prefix script '/home/nikhil/Work/ROS/control_ws/install/local_setup.bash'
[7.113s] INFO:colcon.colcon_core.shell:Creating prefix chain script '/home/nikhil/Work/ROS/control_ws/install/setup.bash'
[7.115s] INFO:colcon.colcon_core.shell:Creating prefix script '/home/nikhil/Work/ROS/control_ws/install/local_setup.zsh'
[7.115s] INFO:colcon.colcon_core.shell:Creating prefix chain script '/home/nikhil/Work/ROS/control_ws/install/setup.zsh'
