[0.059s] DEBUG:colcon:Command line arguments: ['/usr/bin/colcon', 'build']
[0.059s] DEBUG:colcon:Parsed command line arguments: Namespace(log_base=None, log_level=None, verb_name='build', build_base='build', install_base='install', merge_install=False, symlink_install=False, test_result_base=None, continue_on_error=False, executor='parallel', parallel_workers=20, event_handlers=None, ignore_user_meta=False, metas=['./colcon.meta'], base_paths=['.'], packages_ignore=None, packages_ignore_regex=None, paths=None, packages_up_to=None, packages_up_to_regex=None, packages_above=None, packages_above_and_dependencies=None, packages_above_depth=None, packages_select_by_dep=None, packages_skip_by_dep=None, packages_skip_up_to=None, packages_select_build_failed=False, packages_skip_build_finished=False, packages_select_test_failures=False, packages_skip_test_passed=False, packages_select=None, packages_skip=None, packages_select_regex=None, packages_skip_regex=None, packages_start=None, packages_end=None, allow_overriding=[], cmake_args=None, cmake_target=None, cmake_target_skip_unavailable=False, cmake_clean_cache=False, cmake_clean_first=False, cmake_force_configure=False, ament_cmake_args=None, catkin_cmake_args=None, catkin_skip_building_tests=False, mixin_files=None, mixin=None, verb_parser=<colcon_mixin.mixin.mixin_argument.MixinArgumentDecorator object at 0x75c50a25b2e0>, verb_extension=<colcon_core.verb.build.BuildVerb object at 0x75c50a25ae30>, main=<bound method BuildVerb.main of <colcon_core.verb.build.BuildVerb object at 0x75c50a25ae30>>, mixin_verb=('build',))
[0.156s] Level 1:colcon.colcon_core.package_discovery:discover_packages(colcon_meta) check parameters
[0.156s] Level 1:colcon.colcon_core.package_discovery:discover_packages(recursive) check parameters
[0.156s] Level 1:colcon.colcon_core.package_discovery:discover_packages(ignore) check parameters
[0.156s] Level 1:colcon.colcon_core.package_discovery:discover_packages(path) check parameters
[0.156s] Level 1:colcon.colcon_core.package_discovery:discover_packages(colcon_meta) discover
[0.156s] Level 1:colcon.colcon_core.package_discovery:discover_packages(recursive) discover
[0.156s] INFO:colcon.colcon_core.package_discovery:Crawling recursively for packages in '/home/nikhil/Work/ROS/turtlebot3_ws'
[0.156s] Level 1:colcon.colcon_core.package_identification:_identify(.) by extensions ['ignore', 'ignore_ament_install']
[0.156s] Level 1:colcon.colcon_core.package_identification:_identify(.) by extension 'ignore'
[0.156s] Level 1:colcon.colcon_core.package_identification:_identify(.) by extension 'ignore_ament_install'
[0.156s] Level 1:colcon.colcon_core.package_identification:_identify(.) by extensions ['colcon_pkg']
[0.156s] Level 1:colcon.colcon_core.package_identification:_identify(.) by extension 'colcon_pkg'
[0.156s] Level 1:colcon.colcon_core.package_identification:_identify(.) by extensions ['colcon_meta']
[0.156s] Level 1:colcon.colcon_core.package_identification:_identify(.) by extension 'colcon_meta'
[0.156s] Level 1:colcon.colcon_core.package_identification:_identify(.) by extensions ['ros']
[0.156s] Level 1:colcon.colcon_core.package_identification:_identify(.) by extension 'ros'
[0.169s] Level 1:colcon.colcon_core.package_identification:_identify(.) by extensions ['cmake', 'python']
[0.169s] Level 1:colcon.colcon_core.package_identification:_identify(.) by extension 'cmake'
[0.169s] Level 1:colcon.colcon_core.package_identification:_identify(.) by extension 'python'
[0.169s] Level 1:colcon.colcon_core.package_identification:_identify(.) by extensions ['python_setup_py']
[0.169s] Level 1:colcon.colcon_core.package_identification:_identify(.) by extension 'python_setup_py'
[0.169s] Level 1:colcon.colcon_core.package_identification:_identify(build) by extensions ['ignore', 'ignore_ament_install']
[0.169s] Level 1:colcon.colcon_core.package_identification:_identify(build) by extension 'ignore'
[0.169s] Level 1:colcon.colcon_core.package_identification:_identify(build) ignored
[0.169s] Level 1:colcon.colcon_core.package_identification:_identify(install) by extensions ['ignore', 'ignore_ament_install']
[0.169s] Level 1:colcon.colcon_core.package_identification:_identify(install) by extension 'ignore'
[0.169s] Level 1:colcon.colcon_core.package_identification:_identify(install) ignored
[0.169s] Level 1:colcon.colcon_core.package_identification:_identify(log) by extensions ['ignore', 'ignore_ament_install']
[0.169s] Level 1:colcon.colcon_core.package_identification:_identify(log) by extension 'ignore'
[0.169s] Level 1:colcon.colcon_core.package_identification:_identify(log) ignored
[0.169s] Level 1:colcon.colcon_core.package_identification:_identify(src) by extensions ['ignore', 'ignore_ament_install']
[0.169s] Level 1:colcon.colcon_core.package_identification:_identify(src) by extension 'ignore'
[0.169s] Level 1:colcon.colcon_core.package_identification:_identify(src) by extension 'ignore_ament_install'
[0.169s] Level 1:colcon.colcon_core.package_identification:_identify(src) by extensions ['colcon_pkg']
[0.169s] Level 1:colcon.colcon_core.package_identification:_identify(src) by extension 'colcon_pkg'
[0.169s] Level 1:colcon.colcon_core.package_identification:_identify(src) by extensions ['colcon_meta']
[0.169s] Level 1:colcon.colcon_core.package_identification:_identify(src) by extension 'colcon_meta'
[0.169s] Level 1:colcon.colcon_core.package_identification:_identify(src) by extensions ['ros']
[0.169s] Level 1:colcon.colcon_core.package_identification:_identify(src) by extension 'ros'
[0.169s] Level 1:colcon.colcon_core.package_identification:_identify(src) by extensions ['cmake', 'python']
[0.169s] Level 1:colcon.colcon_core.package_identification:_identify(src) by extension 'cmake'
[0.169s] Level 1:colcon.colcon_core.package_identification:_identify(src) by extension 'python'
[0.169s] Level 1:colcon.colcon_core.package_identification:_identify(src) by extensions ['python_setup_py']
[0.169s] Level 1:colcon.colcon_core.package_identification:_identify(src) by extension 'python_setup_py'
[0.169s] Level 1:colcon.colcon_core.package_identification:_identify(src/turtlebot3_fake_node) by extensions ['ignore', 'ignore_ament_install']
[0.169s] Level 1:colcon.colcon_core.package_identification:_identify(src/turtlebot3_fake_node) by extension 'ignore'
[0.169s] Level 1:colcon.colcon_core.package_identification:_identify(src/turtlebot3_fake_node) by extension 'ignore_ament_install'
[0.170s] Level 1:colcon.colcon_core.package_identification:_identify(src/turtlebot3_fake_node) by extensions ['colcon_pkg']
[0.170s] Level 1:colcon.colcon_core.package_identification:_identify(src/turtlebot3_fake_node) by extension 'colcon_pkg'
[0.170s] Level 1:colcon.colcon_core.package_identification:_identify(src/turtlebot3_fake_node) by extensions ['colcon_meta']
[0.170s] Level 1:colcon.colcon_core.package_identification:_identify(src/turtlebot3_fake_node) by extension 'colcon_meta'
[0.170s] Level 1:colcon.colcon_core.package_identification:_identify(src/turtlebot3_fake_node) by extensions ['ros']
[0.170s] Level 1:colcon.colcon_core.package_identification:_identify(src/turtlebot3_fake_node) by extension 'ros'
[0.171s] DEBUG:colcon.colcon_core.package_identification:Package 'src/turtlebot3_fake_node' with type 'ros.ament_cmake' and name 'turtlebot3_fake_node'
[0.171s] Level 1:colcon.colcon_core.package_identification:_identify(src/turtlebot3_gazebo) by extensions ['ignore', 'ignore_ament_install']
[0.171s] Level 1:colcon.colcon_core.package_identification:_identify(src/turtlebot3_gazebo) by extension 'ignore'
[0.172s] Level 1:colcon.colcon_core.package_identification:_identify(src/turtlebot3_gazebo) by extension 'ignore_ament_install'
[0.172s] Level 1:colcon.colcon_core.package_identification:_identify(src/turtlebot3_gazebo) by extensions ['colcon_pkg']
[0.172s] Level 1:colcon.colcon_core.package_identification:_identify(src/turtlebot3_gazebo) by extension 'colcon_pkg'
[0.172s] Level 1:colcon.colcon_core.package_identification:_identify(src/turtlebot3_gazebo) by extensions ['colcon_meta']
[0.172s] Level 1:colcon.colcon_core.package_identification:_identify(src/turtlebot3_gazebo) by extension 'colcon_meta'
[0.172s] Level 1:colcon.colcon_core.package_identification:_identify(src/turtlebot3_gazebo) by extensions ['ros']
[0.172s] Level 1:colcon.colcon_core.package_identification:_identify(src/turtlebot3_gazebo) by extension 'ros'
[0.172s] DEBUG:colcon.colcon_core.package_identification:Package 'src/turtlebot3_gazebo' with type 'ros.ament_cmake' and name 'turtlebot3_gazebo'
[0.172s] Level 1:colcon.colcon_core.package_identification:_identify(src/turtlebot3_simulations) by extensions ['ignore', 'ignore_ament_install']
[0.172s] Level 1:colcon.colcon_core.package_identification:_identify(src/turtlebot3_simulations) by extension 'ignore'
[0.172s] Level 1:colcon.colcon_core.package_identification:_identify(src/turtlebot3_simulations) by extension 'ignore_ament_install'
[0.172s] Level 1:colcon.colcon_core.package_identification:_identify(src/turtlebot3_simulations) by extensions ['colcon_pkg']
[0.172s] Level 1:colcon.colcon_core.package_identification:_identify(src/turtlebot3_simulations) by extension 'colcon_pkg'
[0.172s] Level 1:colcon.colcon_core.package_identification:_identify(src/turtlebot3_simulations) by extensions ['colcon_meta']
[0.172s] Level 1:colcon.colcon_core.package_identification:_identify(src/turtlebot3_simulations) by extension 'colcon_meta'
[0.172s] Level 1:colcon.colcon_core.package_identification:_identify(src/turtlebot3_simulations) by extensions ['ros']
[0.172s] Level 1:colcon.colcon_core.package_identification:_identify(src/turtlebot3_simulations) by extension 'ros'
[0.173s] DEBUG:colcon.colcon_core.package_identification:Package 'src/turtlebot3_simulations' with type 'ros.ament_cmake' and name 'turtlebot3_simulations'
[0.173s] Level 1:colcon.colcon_core.package_discovery:discover_packages(recursive) using defaults
[0.173s] Level 1:colcon.colcon_core.package_discovery:discover_packages(ignore) discover
[0.173s] Level 1:colcon.colcon_core.package_discovery:discover_packages(ignore) using defaults
[0.173s] Level 1:colcon.colcon_core.package_discovery:discover_packages(path) discover
[0.173s] Level 1:colcon.colcon_core.package_discovery:discover_packages(path) using defaults
[0.184s] Level 1:colcon.colcon_core.package_discovery:discover_packages(prefix_path) check parameters
[0.184s] Level 1:colcon.colcon_core.package_discovery:discover_packages(prefix_path) discover
[0.185s] DEBUG:colcon.colcon_installed_package_information.package_discovery:Found 3 installed packages in /home/nikhil/Work/ROS/turtlebot3_ws/install
[0.185s] DEBUG:colcon.colcon_installed_package_information.package_discovery:Found 2 installed packages in /home/nikhil/Work/ROS/ros2_ws_1/install
[0.186s] DEBUG:colcon.colcon_installed_package_information.package_discovery:Found 5 installed packages in /home/nikhil/Work/ROS/ros2_ws/install
[0.186s] DEBUG:colcon.colcon_installed_package_information.package_discovery:Found 388 installed packages in /opt/ros/humble
[0.188s] Level 1:colcon.colcon_core.package_discovery:discover_packages(prefix_path) using defaults
[0.211s] Level 5:colcon.colcon_core.verb:set package 'turtlebot3_fake_node' build argument 'cmake_args' from command line to 'None'
[0.211s] Level 5:colcon.colcon_core.verb:set package 'turtlebot3_fake_node' build argument 'cmake_target' from command line to 'None'
[0.211s] Level 5:colcon.colcon_core.verb:set package 'turtlebot3_fake_node' build argument 'cmake_target_skip_unavailable' from command line to 'False'
[0.211s] Level 5:colcon.colcon_core.verb:set package 'turtlebot3_fake_node' build argument 'cmake_clean_cache' from command line to 'False'
[0.211s] Level 5:colcon.colcon_core.verb:set package 'turtlebot3_fake_node' build argument 'cmake_clean_first' from command line to 'False'
[0.211s] Level 5:colcon.colcon_core.verb:set package 'turtlebot3_fake_node' build argument 'cmake_force_configure' from command line to 'False'
[0.211s] Level 5:colcon.colcon_core.verb:set package 'turtlebot3_fake_node' build argument 'ament_cmake_args' from command line to 'None'
[0.211s] Level 5:colcon.colcon_core.verb:set package 'turtlebot3_fake_node' build argument 'catkin_cmake_args' from command line to 'None'
[0.212s] Level 5:colcon.colcon_core.verb:set package 'turtlebot3_fake_node' build argument 'catkin_skip_building_tests' from command line to 'False'
[0.212s] DEBUG:colcon.colcon_core.verb:Building package 'turtlebot3_fake_node' with the following arguments: {'ament_cmake_args': None, 'build_base': '/home/nikhil/Work/ROS/turtlebot3_ws/build/turtlebot3_fake_node', 'catkin_cmake_args': None, 'catkin_skip_building_tests': False, 'cmake_args': None, 'cmake_clean_cache': False, 'cmake_clean_first': False, 'cmake_force_configure': False, 'cmake_target': None, 'cmake_target_skip_unavailable': False, 'install_base': '/home/nikhil/Work/ROS/turtlebot3_ws/install/turtlebot3_fake_node', 'merge_install': False, 'path': '/home/nikhil/Work/ROS/turtlebot3_ws/src/turtlebot3_fake_node', 'symlink_install': False, 'test_result_base': None}
[0.212s] Level 5:colcon.colcon_core.verb:set package 'turtlebot3_gazebo' build argument 'cmake_args' from command line to 'None'
[0.212s] Level 5:colcon.colcon_core.verb:set package 'turtlebot3_gazebo' build argument 'cmake_target' from command line to 'None'
[0.212s] Level 5:colcon.colcon_core.verb:set package 'turtlebot3_gazebo' build argument 'cmake_target_skip_unavailable' from command line to 'False'
[0.212s] Level 5:colcon.colcon_core.verb:set package 'turtlebot3_gazebo' build argument 'cmake_clean_cache' from command line to 'False'
[0.212s] Level 5:colcon.colcon_core.verb:set package 'turtlebot3_gazebo' build argument 'cmake_clean_first' from command line to 'False'
[0.212s] Level 5:colcon.colcon_core.verb:set package 'turtlebot3_gazebo' build argument 'cmake_force_configure' from command line to 'False'
[0.212s] Level 5:colcon.colcon_core.verb:set package 'turtlebot3_gazebo' build argument 'ament_cmake_args' from command line to 'None'
[0.212s] Level 5:colcon.colcon_core.verb:set package 'turtlebot3_gazebo' build argument 'catkin_cmake_args' from command line to 'None'
[0.212s] Level 5:colcon.colcon_core.verb:set package 'turtlebot3_gazebo' build argument 'catkin_skip_building_tests' from command line to 'False'
[0.212s] DEBUG:colcon.colcon_core.verb:Building package 'turtlebot3_gazebo' with the following arguments: {'ament_cmake_args': None, 'build_base': '/home/nikhil/Work/ROS/turtlebot3_ws/build/turtlebot3_gazebo', 'catkin_cmake_args': None, 'catkin_skip_building_tests': False, 'cmake_args': None, 'cmake_clean_cache': False, 'cmake_clean_first': False, 'cmake_force_configure': False, 'cmake_target': None, 'cmake_target_skip_unavailable': False, 'install_base': '/home/nikhil/Work/ROS/turtlebot3_ws/install/turtlebot3_gazebo', 'merge_install': False, 'path': '/home/nikhil/Work/ROS/turtlebot3_ws/src/turtlebot3_gazebo', 'symlink_install': False, 'test_result_base': None}
[0.212s] Level 5:colcon.colcon_core.verb:set package 'turtlebot3_simulations' build argument 'cmake_args' from command line to 'None'
[0.212s] Level 5:colcon.colcon_core.verb:set package 'turtlebot3_simulations' build argument 'cmake_target' from command line to 'None'
[0.212s] Level 5:colcon.colcon_core.verb:set package 'turtlebot3_simulations' build argument 'cmake_target_skip_unavailable' from command line to 'False'
[0.212s] Level 5:colcon.colcon_core.verb:set package 'turtlebot3_simulations' build argument 'cmake_clean_cache' from command line to 'False'
[0.212s] Level 5:colcon.colcon_core.verb:set package 'turtlebot3_simulations' build argument 'cmake_clean_first' from command line to 'False'
[0.212s] Level 5:colcon.colcon_core.verb:set package 'turtlebot3_simulations' build argument 'cmake_force_configure' from command line to 'False'
[0.212s] Level 5:colcon.colcon_core.verb:set package 'turtlebot3_simulations' build argument 'ament_cmake_args' from command line to 'None'
[0.212s] Level 5:colcon.colcon_core.verb:set package 'turtlebot3_simulations' build argument 'catkin_cmake_args' from command line to 'None'
[0.212s] Level 5:colcon.colcon_core.verb:set package 'turtlebot3_simulations' build argument 'catkin_skip_building_tests' from command line to 'False'
[0.212s] DEBUG:colcon.colcon_core.verb:Building package 'turtlebot3_simulations' with the following arguments: {'ament_cmake_args': None, 'build_base': '/home/nikhil/Work/ROS/turtlebot3_ws/build/turtlebot3_simulations', 'catkin_cmake_args': None, 'catkin_skip_building_tests': False, 'cmake_args': None, 'cmake_clean_cache': False, 'cmake_clean_first': False, 'cmake_force_configure': False, 'cmake_target': None, 'cmake_target_skip_unavailable': False, 'install_base': '/home/nikhil/Work/ROS/turtlebot3_ws/install/turtlebot3_simulations', 'merge_install': False, 'path': '/home/nikhil/Work/ROS/turtlebot3_ws/src/turtlebot3_simulations', 'symlink_install': False, 'test_result_base': None}
[0.212s] INFO:colcon.colcon_core.executor:Executing jobs using 'parallel' executor
[0.213s] DEBUG:colcon.colcon_parallel_executor.executor.parallel:run_until_complete
[0.213s] INFO:colcon.colcon_ros.task.ament_cmake.build:Building ROS package in '/home/nikhil/Work/ROS/turtlebot3_ws/src/turtlebot3_fake_node' with build type 'ament_cmake'
[0.213s] INFO:colcon.colcon_cmake.task.cmake.build:Building CMake package in '/home/nikhil/Work/ROS/turtlebot3_ws/src/turtlebot3_fake_node'
[0.214s] INFO:colcon.colcon_core.plugin_system:Skipping extension 'colcon_core.shell.bat': Not used on non-Windows systems
[0.215s] INFO:colcon.colcon_core.shell:Skip shell extension 'powershell' for command environment: Not usable outside of PowerShell
[0.215s] DEBUG:colcon.colcon_core.shell:Skip shell extension 'dsv' for command environment
[0.217s] INFO:colcon.colcon_ros.task.ament_cmake.build:Building ROS package in '/home/nikhil/Work/ROS/turtlebot3_ws/src/turtlebot3_gazebo' with build type 'ament_cmake'
[0.217s] INFO:colcon.colcon_cmake.task.cmake.build:Building CMake package in '/home/nikhil/Work/ROS/turtlebot3_ws/src/turtlebot3_gazebo'
[0.217s] INFO:colcon.colcon_core.shell:Skip shell extension 'powershell' for command environment: Not usable outside of PowerShell
[0.217s] DEBUG:colcon.colcon_core.shell:Skip shell extension 'dsv' for command environment
[0.222s] DEBUG:colcon.colcon_core.event_handler.log_command:Invoking command in '/home/nikhil/Work/ROS/turtlebot3_ws/build/turtlebot3_fake_node': CMAKE_PREFIX_PATH=${CMAKE_PREFIX_PATH}:/home/nikhil/Work/ROS/ros2_ws/install/py_pkg:/opt/ros/humble /usr/bin/cmake --build /home/nikhil/Work/ROS/turtlebot3_ws/build/turtlebot3_fake_node -- -j20 -l20
[0.225s] DEBUG:colcon.colcon_core.event_handler.log_command:Invoking command in '/home/nikhil/Work/ROS/turtlebot3_ws/build/turtlebot3_gazebo': CMAKE_PREFIX_PATH=${CMAKE_PREFIX_PATH}:/home/nikhil/Work/ROS/ros2_ws/install/py_pkg:/opt/ros/humble /usr/bin/cmake --build /home/nikhil/Work/ROS/turtlebot3_ws/build/turtlebot3_gazebo -- -j20 -l20
[0.268s] DEBUG:colcon.colcon_core.event_handler.log_command:Invoked command in '/home/nikhil/Work/ROS/turtlebot3_ws/build/turtlebot3_fake_node' returned '0': CMAKE_PREFIX_PATH=${CMAKE_PREFIX_PATH}:/home/nikhil/Work/ROS/ros2_ws/install/py_pkg:/opt/ros/humble /usr/bin/cmake --build /home/nikhil/Work/ROS/turtlebot3_ws/build/turtlebot3_fake_node -- -j20 -l20
[0.275s] DEBUG:colcon.colcon_core.event_handler.log_command:Invoking command in '/home/nikhil/Work/ROS/turtlebot3_ws/build/turtlebot3_fake_node': CMAKE_PREFIX_PATH=${CMAKE_PREFIX_PATH}:/home/nikhil/Work/ROS/ros2_ws/install/py_pkg:/opt/ros/humble /usr/bin/cmake --install /home/nikhil/Work/ROS/turtlebot3_ws/build/turtlebot3_fake_node
[0.282s] Level 1:colcon.colcon_core.environment:create_environment_scripts_only(turtlebot3_fake_node)
[0.282s] DEBUG:colcon.colcon_core.event_handler.log_command:Invoked command in '/home/nikhil/Work/ROS/turtlebot3_ws/build/turtlebot3_fake_node' returned '0': CMAKE_PREFIX_PATH=${CMAKE_PREFIX_PATH}:/home/nikhil/Work/ROS/ros2_ws/install/py_pkg:/opt/ros/humble /usr/bin/cmake --install /home/nikhil/Work/ROS/turtlebot3_ws/build/turtlebot3_fake_node
[0.285s] Level 1:colcon.colcon_core.environment:checking '/home/nikhil/Work/ROS/turtlebot3_ws/install/turtlebot3_fake_node' for CMake module files
[0.285s] Level 1:colcon.colcon_core.environment:checking '/home/nikhil/Work/ROS/turtlebot3_ws/install/turtlebot3_fake_node' for CMake config files
[0.285s] Level 1:colcon.colcon_core.shell:create_environment_hook('turtlebot3_fake_node', 'cmake_prefix_path')
[0.286s] INFO:colcon.colcon_core.shell:Creating environment hook '/home/nikhil/Work/ROS/turtlebot3_ws/install/turtlebot3_fake_node/share/turtlebot3_fake_node/hook/cmake_prefix_path.ps1'
[0.286s] INFO:colcon.colcon_core.shell:Creating environment descriptor '/home/nikhil/Work/ROS/turtlebot3_ws/install/turtlebot3_fake_node/share/turtlebot3_fake_node/hook/cmake_prefix_path.dsv'
[0.286s] INFO:colcon.colcon_core.shell:Creating environment hook '/home/nikhil/Work/ROS/turtlebot3_ws/install/turtlebot3_fake_node/share/turtlebot3_fake_node/hook/cmake_prefix_path.sh'
[0.287s] Level 1:colcon.colcon_core.environment:checking '/home/nikhil/Work/ROS/turtlebot3_ws/install/turtlebot3_fake_node/lib'
[0.287s] Level 1:colcon.colcon_core.environment:checking '/home/nikhil/Work/ROS/turtlebot3_ws/install/turtlebot3_fake_node/bin'
[0.287s] Level 1:colcon.colcon_core.environment:checking '/home/nikhil/Work/ROS/turtlebot3_ws/install/turtlebot3_fake_node/lib/pkgconfig/turtlebot3_fake_node.pc'
[0.287s] Level 1:colcon.colcon_core.environment:checking '/home/nikhil/Work/ROS/turtlebot3_ws/install/turtlebot3_fake_node/lib/python3.10/site-packages'
[0.287s] Level 1:colcon.colcon_core.environment:checking '/home/nikhil/Work/ROS/turtlebot3_ws/install/turtlebot3_fake_node/bin'
[0.287s] INFO:colcon.colcon_core.shell:Creating package script '/home/nikhil/Work/ROS/turtlebot3_ws/install/turtlebot3_fake_node/share/turtlebot3_fake_node/package.ps1'
[0.288s] INFO:colcon.colcon_core.shell:Creating package descriptor '/home/nikhil/Work/ROS/turtlebot3_ws/install/turtlebot3_fake_node/share/turtlebot3_fake_node/package.dsv'
[0.288s] INFO:colcon.colcon_core.shell:Creating package script '/home/nikhil/Work/ROS/turtlebot3_ws/install/turtlebot3_fake_node/share/turtlebot3_fake_node/package.sh'
[0.288s] INFO:colcon.colcon_core.shell:Creating package script '/home/nikhil/Work/ROS/turtlebot3_ws/install/turtlebot3_fake_node/share/turtlebot3_fake_node/package.bash'
[0.289s] INFO:colcon.colcon_core.shell:Creating package script '/home/nikhil/Work/ROS/turtlebot3_ws/install/turtlebot3_fake_node/share/turtlebot3_fake_node/package.zsh'
[0.289s] Level 1:colcon.colcon_core.environment:create_file_with_runtime_dependencies(/home/nikhil/Work/ROS/turtlebot3_ws/install/turtlebot3_fake_node/share/colcon-core/packages/turtlebot3_fake_node)
[0.290s] Level 1:colcon.colcon_core.environment:create_environment_scripts_only(turtlebot3_fake_node)
[0.290s] Level 1:colcon.colcon_core.environment:checking '/home/nikhil/Work/ROS/turtlebot3_ws/install/turtlebot3_fake_node' for CMake module files
[0.290s] Level 1:colcon.colcon_core.environment:checking '/home/nikhil/Work/ROS/turtlebot3_ws/install/turtlebot3_fake_node' for CMake config files
[0.290s] Level 1:colcon.colcon_core.shell:create_environment_hook('turtlebot3_fake_node', 'cmake_prefix_path')
[0.290s] INFO:colcon.colcon_core.shell:Creating environment hook '/home/nikhil/Work/ROS/turtlebot3_ws/install/turtlebot3_fake_node/share/turtlebot3_fake_node/hook/cmake_prefix_path.ps1'
[0.290s] INFO:colcon.colcon_core.shell:Creating environment descriptor '/home/nikhil/Work/ROS/turtlebot3_ws/install/turtlebot3_fake_node/share/turtlebot3_fake_node/hook/cmake_prefix_path.dsv'
[0.290s] INFO:colcon.colcon_core.shell:Creating environment hook '/home/nikhil/Work/ROS/turtlebot3_ws/install/turtlebot3_fake_node/share/turtlebot3_fake_node/hook/cmake_prefix_path.sh'
[0.291s] Level 1:colcon.colcon_core.environment:checking '/home/nikhil/Work/ROS/turtlebot3_ws/install/turtlebot3_fake_node/lib'
[0.291s] Level 1:colcon.colcon_core.environment:checking '/home/nikhil/Work/ROS/turtlebot3_ws/install/turtlebot3_fake_node/bin'
[0.291s] Level 1:colcon.colcon_core.environment:checking '/home/nikhil/Work/ROS/turtlebot3_ws/install/turtlebot3_fake_node/lib/pkgconfig/turtlebot3_fake_node.pc'
[0.291s] Level 1:colcon.colcon_core.environment:checking '/home/nikhil/Work/ROS/turtlebot3_ws/install/turtlebot3_fake_node/lib/python3.10/site-packages'
[0.291s] Level 1:colcon.colcon_core.environment:checking '/home/nikhil/Work/ROS/turtlebot3_ws/install/turtlebot3_fake_node/bin'
[0.291s] INFO:colcon.colcon_core.shell:Creating package script '/home/nikhil/Work/ROS/turtlebot3_ws/install/turtlebot3_fake_node/share/turtlebot3_fake_node/package.ps1'
[0.292s] INFO:colcon.colcon_core.shell:Creating package descriptor '/home/nikhil/Work/ROS/turtlebot3_ws/install/turtlebot3_fake_node/share/turtlebot3_fake_node/package.dsv'
[0.292s] INFO:colcon.colcon_core.shell:Creating package script '/home/nikhil/Work/ROS/turtlebot3_ws/install/turtlebot3_fake_node/share/turtlebot3_fake_node/package.sh'
[0.292s] INFO:colcon.colcon_core.shell:Creating package script '/home/nikhil/Work/ROS/turtlebot3_ws/install/turtlebot3_fake_node/share/turtlebot3_fake_node/package.bash'
[0.292s] INFO:colcon.colcon_core.shell:Creating package script '/home/nikhil/Work/ROS/turtlebot3_ws/install/turtlebot3_fake_node/share/turtlebot3_fake_node/package.zsh'
[0.292s] Level 1:colcon.colcon_core.environment:create_file_with_runtime_dependencies(/home/nikhil/Work/ROS/turtlebot3_ws/install/turtlebot3_fake_node/share/colcon-core/packages/turtlebot3_fake_node)
[0.293s] DEBUG:colcon.colcon_core.event_handler.log_command:Invoked command in '/home/nikhil/Work/ROS/turtlebot3_ws/build/turtlebot3_gazebo' returned '0': CMAKE_PREFIX_PATH=${CMAKE_PREFIX_PATH}:/home/nikhil/Work/ROS/ros2_ws/install/py_pkg:/opt/ros/humble /usr/bin/cmake --build /home/nikhil/Work/ROS/turtlebot3_ws/build/turtlebot3_gazebo -- -j20 -l20
[0.294s] DEBUG:colcon.colcon_core.event_handler.log_command:Invoking command in '/home/nikhil/Work/ROS/turtlebot3_ws/build/turtlebot3_gazebo': CMAKE_PREFIX_PATH=${CMAKE_PREFIX_PATH}:/home/nikhil/Work/ROS/ros2_ws/install/py_pkg:/opt/ros/humble /usr/bin/cmake --install /home/nikhil/Work/ROS/turtlebot3_ws/build/turtlebot3_gazebo
[0.304s] Level 1:colcon.colcon_core.environment:create_environment_scripts_only(turtlebot3_gazebo)
[0.304s] Level 1:colcon.colcon_core.environment:checking '/home/nikhil/Work/ROS/turtlebot3_ws/install/turtlebot3_gazebo' for CMake module files
[0.305s] DEBUG:colcon.colcon_core.event_handler.log_command:Invoked command in '/home/nikhil/Work/ROS/turtlebot3_ws/build/turtlebot3_gazebo' returned '0': CMAKE_PREFIX_PATH=${CMAKE_PREFIX_PATH}:/home/nikhil/Work/ROS/ros2_ws/install/py_pkg:/opt/ros/humble /usr/bin/cmake --install /home/nikhil/Work/ROS/turtlebot3_ws/build/turtlebot3_gazebo
[0.306s] Level 1:colcon.colcon_core.environment:checking '/home/nikhil/Work/ROS/turtlebot3_ws/install/turtlebot3_gazebo' for CMake config files
[0.306s] Level 1:colcon.colcon_core.shell:create_environment_hook('turtlebot3_gazebo', 'cmake_prefix_path')
[0.306s] INFO:colcon.colcon_core.shell:Creating environment hook '/home/nikhil/Work/ROS/turtlebot3_ws/install/turtlebot3_gazebo/share/turtlebot3_gazebo/hook/cmake_prefix_path.ps1'
[0.307s] INFO:colcon.colcon_core.shell:Creating environment descriptor '/home/nikhil/Work/ROS/turtlebot3_ws/install/turtlebot3_gazebo/share/turtlebot3_gazebo/hook/cmake_prefix_path.dsv'
[0.307s] INFO:colcon.colcon_core.shell:Creating environment hook '/home/nikhil/Work/ROS/turtlebot3_ws/install/turtlebot3_gazebo/share/turtlebot3_gazebo/hook/cmake_prefix_path.sh'
[0.307s] Level 1:colcon.colcon_core.environment:checking '/home/nikhil/Work/ROS/turtlebot3_ws/install/turtlebot3_gazebo/lib'
[0.307s] Level 1:colcon.colcon_core.environment:checking '/home/nikhil/Work/ROS/turtlebot3_ws/install/turtlebot3_gazebo/bin'
[0.307s] Level 1:colcon.colcon_core.environment:checking '/home/nikhil/Work/ROS/turtlebot3_ws/install/turtlebot3_gazebo/lib/pkgconfig/turtlebot3_gazebo.pc'
[0.308s] Level 1:colcon.colcon_core.environment:checking '/home/nikhil/Work/ROS/turtlebot3_ws/install/turtlebot3_gazebo/lib/python3.10/site-packages'
[0.308s] Level 1:colcon.colcon_core.environment:checking '/home/nikhil/Work/ROS/turtlebot3_ws/install/turtlebot3_gazebo/bin'
[0.308s] INFO:colcon.colcon_core.shell:Creating package script '/home/nikhil/Work/ROS/turtlebot3_ws/install/turtlebot3_gazebo/share/turtlebot3_gazebo/package.ps1'
[0.308s] INFO:colcon.colcon_core.shell:Creating package descriptor '/home/nikhil/Work/ROS/turtlebot3_ws/install/turtlebot3_gazebo/share/turtlebot3_gazebo/package.dsv'
[0.308s] INFO:colcon.colcon_core.shell:Creating package script '/home/nikhil/Work/ROS/turtlebot3_ws/install/turtlebot3_gazebo/share/turtlebot3_gazebo/package.sh'
[0.309s] INFO:colcon.colcon_core.shell:Creating package script '/home/nikhil/Work/ROS/turtlebot3_ws/install/turtlebot3_gazebo/share/turtlebot3_gazebo/package.bash'
[0.309s] INFO:colcon.colcon_core.shell:Creating package script '/home/nikhil/Work/ROS/turtlebot3_ws/install/turtlebot3_gazebo/share/turtlebot3_gazebo/package.zsh'
[0.309s] Level 1:colcon.colcon_core.environment:create_file_with_runtime_dependencies(/home/nikhil/Work/ROS/turtlebot3_ws/install/turtlebot3_gazebo/share/colcon-core/packages/turtlebot3_gazebo)
[0.309s] Level 1:colcon.colcon_core.environment:create_environment_scripts_only(turtlebot3_gazebo)
[0.309s] Level 1:colcon.colcon_core.environment:checking '/home/nikhil/Work/ROS/turtlebot3_ws/install/turtlebot3_gazebo' for CMake module files
[0.309s] Level 1:colcon.colcon_core.environment:checking '/home/nikhil/Work/ROS/turtlebot3_ws/install/turtlebot3_gazebo' for CMake config files
[0.310s] Level 1:colcon.colcon_core.shell:create_environment_hook('turtlebot3_gazebo', 'cmake_prefix_path')
[0.310s] INFO:colcon.colcon_core.shell:Creating environment hook '/home/nikhil/Work/ROS/turtlebot3_ws/install/turtlebot3_gazebo/share/turtlebot3_gazebo/hook/cmake_prefix_path.ps1'
[0.310s] INFO:colcon.colcon_core.shell:Creating environment descriptor '/home/nikhil/Work/ROS/turtlebot3_ws/install/turtlebot3_gazebo/share/turtlebot3_gazebo/hook/cmake_prefix_path.dsv'
[0.310s] INFO:colcon.colcon_core.shell:Creating environment hook '/home/nikhil/Work/ROS/turtlebot3_ws/install/turtlebot3_gazebo/share/turtlebot3_gazebo/hook/cmake_prefix_path.sh'
[0.310s] Level 1:colcon.colcon_core.environment:checking '/home/nikhil/Work/ROS/turtlebot3_ws/install/turtlebot3_gazebo/lib'
[0.310s] Level 1:colcon.colcon_core.environment:checking '/home/nikhil/Work/ROS/turtlebot3_ws/install/turtlebot3_gazebo/bin'
[0.310s] Level 1:colcon.colcon_core.environment:checking '/home/nikhil/Work/ROS/turtlebot3_ws/install/turtlebot3_gazebo/lib/pkgconfig/turtlebot3_gazebo.pc'
[0.310s] Level 1:colcon.colcon_core.environment:checking '/home/nikhil/Work/ROS/turtlebot3_ws/install/turtlebot3_gazebo/lib/python3.10/site-packages'
[0.311s] Level 1:colcon.colcon_core.environment:checking '/home/nikhil/Work/ROS/turtlebot3_ws/install/turtlebot3_gazebo/bin'
[0.311s] INFO:colcon.colcon_core.shell:Creating package script '/home/nikhil/Work/ROS/turtlebot3_ws/install/turtlebot3_gazebo/share/turtlebot3_gazebo/package.ps1'
[0.311s] INFO:colcon.colcon_core.shell:Creating package descriptor '/home/nikhil/Work/ROS/turtlebot3_ws/install/turtlebot3_gazebo/share/turtlebot3_gazebo/package.dsv'
[0.311s] INFO:colcon.colcon_core.shell:Creating package script '/home/nikhil/Work/ROS/turtlebot3_ws/install/turtlebot3_gazebo/share/turtlebot3_gazebo/package.sh'
[0.311s] INFO:colcon.colcon_core.shell:Creating package script '/home/nikhil/Work/ROS/turtlebot3_ws/install/turtlebot3_gazebo/share/turtlebot3_gazebo/package.bash'
[0.312s] INFO:colcon.colcon_core.shell:Creating package script '/home/nikhil/Work/ROS/turtlebot3_ws/install/turtlebot3_gazebo/share/turtlebot3_gazebo/package.zsh'
[0.312s] Level 1:colcon.colcon_core.environment:create_file_with_runtime_dependencies(/home/nikhil/Work/ROS/turtlebot3_ws/install/turtlebot3_gazebo/share/colcon-core/packages/turtlebot3_gazebo)
[0.312s] INFO:colcon.colcon_ros.task.ament_cmake.build:Building ROS package in '/home/nikhil/Work/ROS/turtlebot3_ws/src/turtlebot3_simulations' with build type 'ament_cmake'
[0.312s] INFO:colcon.colcon_cmake.task.cmake.build:Building CMake package in '/home/nikhil/Work/ROS/turtlebot3_ws/src/turtlebot3_simulations'
[0.312s] INFO:colcon.colcon_core.shell:Skip shell extension 'powershell' for command environment: Not usable outside of PowerShell
[0.312s] DEBUG:colcon.colcon_core.shell:Skip shell extension 'dsv' for command environment
[0.318s] DEBUG:colcon.colcon_core.event_handler.log_command:Invoking command in '/home/nikhil/Work/ROS/turtlebot3_ws/build/turtlebot3_simulations': CMAKE_PREFIX_PATH=/home/nikhil/Work/ROS/turtlebot3_ws/install/turtlebot3_gazebo:/home/nikhil/Work/ROS/turtlebot3_ws/install/turtlebot3_fake_node:/home/nikhil/Work/ROS/turtlebot3_ws/install/turtlebot3_simulations:/home/nikhil/Work/ROS/ros2_ws_1/install/mera_robot_bringup:/home/nikhil/Work/ROS/ros2_ws_1/install/my_robot_description:/home/nikhil/Work/ROS/ros2_ws/install/my_robot_bringup:/home/nikhil/Work/ROS/ros2_ws/install/cpp_pkg:/home/nikhil/Work/ROS/ros2_ws/install/course_activities:/home/nikhil/Work/ROS/ros2_ws/install/my_robot_interfaces:/home/nikhil/Work/ROS/ros2_ws/install/py_pkg:/opt/ros/humble /usr/bin/cmake --build /home/nikhil/Work/ROS/turtlebot3_ws/build/turtlebot3_simulations -- -j20 -l20
[0.352s] DEBUG:colcon.colcon_core.event_handler.log_command:Invoked command in '/home/nikhil/Work/ROS/turtlebot3_ws/build/turtlebot3_simulations' returned '0': CMAKE_PREFIX_PATH=/home/nikhil/Work/ROS/turtlebot3_ws/install/turtlebot3_gazebo:/home/nikhil/Work/ROS/turtlebot3_ws/install/turtlebot3_fake_node:/home/nikhil/Work/ROS/turtlebot3_ws/install/turtlebot3_simulations:/home/nikhil/Work/ROS/ros2_ws_1/install/mera_robot_bringup:/home/nikhil/Work/ROS/ros2_ws_1/install/my_robot_description:/home/nikhil/Work/ROS/ros2_ws/install/my_robot_bringup:/home/nikhil/Work/ROS/ros2_ws/install/cpp_pkg:/home/nikhil/Work/ROS/ros2_ws/install/course_activities:/home/nikhil/Work/ROS/ros2_ws/install/my_robot_interfaces:/home/nikhil/Work/ROS/ros2_ws/install/py_pkg:/opt/ros/humble /usr/bin/cmake --build /home/nikhil/Work/ROS/turtlebot3_ws/build/turtlebot3_simulations -- -j20 -l20
[0.354s] DEBUG:colcon.colcon_core.event_handler.log_command:Invoking command in '/home/nikhil/Work/ROS/turtlebot3_ws/build/turtlebot3_simulations': CMAKE_PREFIX_PATH=/home/nikhil/Work/ROS/turtlebot3_ws/install/turtlebot3_gazebo:/home/nikhil/Work/ROS/turtlebot3_ws/install/turtlebot3_fake_node:/home/nikhil/Work/ROS/turtlebot3_ws/install/turtlebot3_simulations:/home/nikhil/Work/ROS/ros2_ws_1/install/mera_robot_bringup:/home/nikhil/Work/ROS/ros2_ws_1/install/my_robot_description:/home/nikhil/Work/ROS/ros2_ws/install/my_robot_bringup:/home/nikhil/Work/ROS/ros2_ws/install/cpp_pkg:/home/nikhil/Work/ROS/ros2_ws/install/course_activities:/home/nikhil/Work/ROS/ros2_ws/install/my_robot_interfaces:/home/nikhil/Work/ROS/ros2_ws/install/py_pkg:/opt/ros/humble /usr/bin/cmake --install /home/nikhil/Work/ROS/turtlebot3_ws/build/turtlebot3_simulations
[0.360s] Level 1:colcon.colcon_core.environment:create_environment_scripts_only(turtlebot3_simulations)
[0.360s] DEBUG:colcon.colcon_core.event_handler.log_command:Invoked command in '/home/nikhil/Work/ROS/turtlebot3_ws/build/turtlebot3_simulations' returned '0': CMAKE_PREFIX_PATH=/home/nikhil/Work/ROS/turtlebot3_ws/install/turtlebot3_gazebo:/home/nikhil/Work/ROS/turtlebot3_ws/install/turtlebot3_fake_node:/home/nikhil/Work/ROS/turtlebot3_ws/install/turtlebot3_simulations:/home/nikhil/Work/ROS/ros2_ws_1/install/mera_robot_bringup:/home/nikhil/Work/ROS/ros2_ws_1/install/my_robot_description:/home/nikhil/Work/ROS/ros2_ws/install/my_robot_bringup:/home/nikhil/Work/ROS/ros2_ws/install/cpp_pkg:/home/nikhil/Work/ROS/ros2_ws/install/course_activities:/home/nikhil/Work/ROS/ros2_ws/install/my_robot_interfaces:/home/nikhil/Work/ROS/ros2_ws/install/py_pkg:/opt/ros/humble /usr/bin/cmake --install /home/nikhil/Work/ROS/turtlebot3_ws/build/turtlebot3_simulations
[0.360s] Level 1:colcon.colcon_core.environment:checking '/home/nikhil/Work/ROS/turtlebot3_ws/install/turtlebot3_simulations' for CMake module files
[0.361s] Level 1:colcon.colcon_core.environment:checking '/home/nikhil/Work/ROS/turtlebot3_ws/install/turtlebot3_simulations' for CMake config files
[0.361s] Level 1:colcon.colcon_core.shell:create_environment_hook('turtlebot3_simulations', 'cmake_prefix_path')
[0.361s] INFO:colcon.colcon_core.shell:Creating environment hook '/home/nikhil/Work/ROS/turtlebot3_ws/install/turtlebot3_simulations/share/turtlebot3_simulations/hook/cmake_prefix_path.ps1'
[0.361s] INFO:colcon.colcon_core.shell:Creating environment descriptor '/home/nikhil/Work/ROS/turtlebot3_ws/install/turtlebot3_simulations/share/turtlebot3_simulations/hook/cmake_prefix_path.dsv'
[0.361s] INFO:colcon.colcon_core.shell:Creating environment hook '/home/nikhil/Work/ROS/turtlebot3_ws/install/turtlebot3_simulations/share/turtlebot3_simulations/hook/cmake_prefix_path.sh'
[0.362s] Level 1:colcon.colcon_core.environment:checking '/home/nikhil/Work/ROS/turtlebot3_ws/install/turtlebot3_simulations/bin'
[0.362s] Level 1:colcon.colcon_core.environment:checking '/home/nikhil/Work/ROS/turtlebot3_ws/install/turtlebot3_simulations/lib/pkgconfig/turtlebot3_simulations.pc'
[0.362s] Level 1:colcon.colcon_core.environment:checking '/home/nikhil/Work/ROS/turtlebot3_ws/install/turtlebot3_simulations/lib/python3.10/site-packages'
[0.362s] Level 1:colcon.colcon_core.environment:checking '/home/nikhil/Work/ROS/turtlebot3_ws/install/turtlebot3_simulations/bin'
[0.362s] INFO:colcon.colcon_core.shell:Creating package script '/home/nikhil/Work/ROS/turtlebot3_ws/install/turtlebot3_simulations/share/turtlebot3_simulations/package.ps1'
[0.362s] INFO:colcon.colcon_core.shell:Creating package descriptor '/home/nikhil/Work/ROS/turtlebot3_ws/install/turtlebot3_simulations/share/turtlebot3_simulations/package.dsv'
[0.362s] INFO:colcon.colcon_core.shell:Creating package script '/home/nikhil/Work/ROS/turtlebot3_ws/install/turtlebot3_simulations/share/turtlebot3_simulations/package.sh'
[0.363s] INFO:colcon.colcon_core.shell:Creating package script '/home/nikhil/Work/ROS/turtlebot3_ws/install/turtlebot3_simulations/share/turtlebot3_simulations/package.bash'
[0.363s] INFO:colcon.colcon_core.shell:Creating package script '/home/nikhil/Work/ROS/turtlebot3_ws/install/turtlebot3_simulations/share/turtlebot3_simulations/package.zsh'
[0.363s] Level 1:colcon.colcon_core.environment:create_file_with_runtime_dependencies(/home/nikhil/Work/ROS/turtlebot3_ws/install/turtlebot3_simulations/share/colcon-core/packages/turtlebot3_simulations)
[0.363s] Level 1:colcon.colcon_core.environment:create_environment_scripts_only(turtlebot3_simulations)
[0.363s] Level 1:colcon.colcon_core.environment:checking '/home/nikhil/Work/ROS/turtlebot3_ws/install/turtlebot3_simulations' for CMake module files
[0.363s] Level 1:colcon.colcon_core.environment:checking '/home/nikhil/Work/ROS/turtlebot3_ws/install/turtlebot3_simulations' for CMake config files
[0.364s] Level 1:colcon.colcon_core.shell:create_environment_hook('turtlebot3_simulations', 'cmake_prefix_path')
[0.364s] INFO:colcon.colcon_core.shell:Creating environment hook '/home/nikhil/Work/ROS/turtlebot3_ws/install/turtlebot3_simulations/share/turtlebot3_simulations/hook/cmake_prefix_path.ps1'
[0.364s] INFO:colcon.colcon_core.shell:Creating environment descriptor '/home/nikhil/Work/ROS/turtlebot3_ws/install/turtlebot3_simulations/share/turtlebot3_simulations/hook/cmake_prefix_path.dsv'
[0.364s] INFO:colcon.colcon_core.shell:Creating environment hook '/home/nikhil/Work/ROS/turtlebot3_ws/install/turtlebot3_simulations/share/turtlebot3_simulations/hook/cmake_prefix_path.sh'
[0.364s] Level 1:colcon.colcon_core.environment:checking '/home/nikhil/Work/ROS/turtlebot3_ws/install/turtlebot3_simulations/bin'
[0.364s] Level 1:colcon.colcon_core.environment:checking '/home/nikhil/Work/ROS/turtlebot3_ws/install/turtlebot3_simulations/lib/pkgconfig/turtlebot3_simulations.pc'
[0.364s] Level 1:colcon.colcon_core.environment:checking '/home/nikhil/Work/ROS/turtlebot3_ws/install/turtlebot3_simulations/lib/python3.10/site-packages'
[0.365s] Level 1:colcon.colcon_core.environment:checking '/home/nikhil/Work/ROS/turtlebot3_ws/install/turtlebot3_simulations/bin'
[0.365s] INFO:colcon.colcon_core.shell:Creating package script '/home/nikhil/Work/ROS/turtlebot3_ws/install/turtlebot3_simulations/share/turtlebot3_simulations/package.ps1'
[0.365s] INFO:colcon.colcon_core.shell:Creating package descriptor '/home/nikhil/Work/ROS/turtlebot3_ws/install/turtlebot3_simulations/share/turtlebot3_simulations/package.dsv'
[0.365s] INFO:colcon.colcon_core.shell:Creating package script '/home/nikhil/Work/ROS/turtlebot3_ws/install/turtlebot3_simulations/share/turtlebot3_simulations/package.sh'
[0.365s] INFO:colcon.colcon_core.shell:Creating package script '/home/nikhil/Work/ROS/turtlebot3_ws/install/turtlebot3_simulations/share/turtlebot3_simulations/package.bash'
[0.366s] INFO:colcon.colcon_core.shell:Creating package script '/home/nikhil/Work/ROS/turtlebot3_ws/install/turtlebot3_simulations/share/turtlebot3_simulations/package.zsh'
[0.366s] Level 1:colcon.colcon_core.environment:create_file_with_runtime_dependencies(/home/nikhil/Work/ROS/turtlebot3_ws/install/turtlebot3_simulations/share/colcon-core/packages/turtlebot3_simulations)
[0.366s] DEBUG:colcon.colcon_parallel_executor.executor.parallel:closing loop
[0.366s] DEBUG:colcon.colcon_parallel_executor.executor.parallel:loop closed
[0.366s] DEBUG:colcon.colcon_parallel_executor.executor.parallel:run_until_complete finished with '0'
[0.366s] DEBUG:colcon.colcon_core.event_reactor:joining thread
[0.369s] INFO:colcon.colcon_core.plugin_system:Skipping extension 'colcon_notification.desktop_notification.terminal_notifier': Not used on non-Darwin systems
[0.369s] INFO:colcon.colcon_core.plugin_system:Skipping extension 'colcon_notification.desktop_notification.win32': Not used on non-Windows systems
[0.369s] INFO:colcon.colcon_notification.desktop_notification:Sending desktop notification using 'notify2'
[0.380s] DEBUG:colcon.colcon_core.event_reactor:joined thread
[0.380s] INFO:colcon.colcon_core.shell:Creating prefix script '/home/nikhil/Work/ROS/turtlebot3_ws/install/local_setup.ps1'
[0.381s] INFO:colcon.colcon_core.shell:Creating prefix util module '/home/nikhil/Work/ROS/turtlebot3_ws/install/_local_setup_util_ps1.py'
[0.381s] INFO:colcon.colcon_core.shell:Creating prefix chain script '/home/nikhil/Work/ROS/turtlebot3_ws/install/setup.ps1'
[0.382s] INFO:colcon.colcon_core.shell:Creating prefix script '/home/nikhil/Work/ROS/turtlebot3_ws/install/local_setup.sh'
[0.383s] INFO:colcon.colcon_core.shell:Creating prefix util module '/home/nikhil/Work/ROS/turtlebot3_ws/install/_local_setup_util_sh.py'
[0.383s] INFO:colcon.colcon_core.shell:Creating prefix chain script '/home/nikhil/Work/ROS/turtlebot3_ws/install/setup.sh'
[0.384s] INFO:colcon.colcon_core.shell:Creating prefix script '/home/nikhil/Work/ROS/turtlebot3_ws/install/local_setup.bash'
[0.384s] INFO:colcon.colcon_core.shell:Creating prefix chain script '/home/nikhil/Work/ROS/turtlebot3_ws/install/setup.bash'
[0.385s] INFO:colcon.colcon_core.shell:Creating prefix script '/home/nikhil/Work/ROS/turtlebot3_ws/install/local_setup.zsh'
[0.385s] INFO:colcon.colcon_core.shell:Creating prefix chain script '/home/nikhil/Work/ROS/turtlebot3_ws/install/setup.zsh'
