[0.005s] Invoking command in '/home/nikhil/ROS/ros2_ws/build/course_activities': CMAKE_PREFIX_PATH=/home/nikhil/ROS/ros2_ws/install/my_robot_interfaces:/home/nikhil/ROS/ros2_ws/install/my_robot_bringup:/home/nikhil/ROS/ros2_ws/install/cpp_pkg:/home/nikhil/ROS/ros2_ws/install/course_activities:/home/nikhil/ROS/ros2_ws/install/py_pkg:/opt/ros/humble /usr/bin/cmake --build /home/nikhil/ROS/ros2_ws/build/course_activities -- -j20 -l20
[0.046s] [ 16%] Built target led_panel
[0.047s] [ 33%] Built target reset_counter_client
[0.049s] [ 50%] Built target new_turtle
[0.050s] [ 75%] Built target number_publisher
[0.050s] [ 83%] Built target battery_status
[0.051s] [100%] Built target number_counter
[0.059s] Invoked command in '/home/nikhil/ROS/ros2_ws/build/course_activities' returned '0': CMAKE_PREFIX_PATH=/home/nikhil/ROS/ros2_ws/install/my_robot_interfaces:/home/nikhil/ROS/ros2_ws/install/my_robot_bringup:/home/nikhil/ROS/ros2_ws/install/cpp_pkg:/home/nikhil/ROS/ros2_ws/install/course_activities:/home/nikhil/ROS/ros2_ws/install/py_pkg:/opt/ros/humble /usr/bin/cmake --build /home/nikhil/ROS/ros2_ws/build/course_activities -- -j20 -l20
[0.090s] Invoking command in '/home/nikhil/ROS/ros2_ws/build/course_activities': CMAKE_PREFIX_PATH=/home/nikhil/ROS/ros2_ws/install/my_robot_interfaces:/home/nikhil/ROS/ros2_ws/install/my_robot_bringup:/home/nikhil/ROS/ros2_ws/install/cpp_pkg:/home/nikhil/ROS/ros2_ws/install/course_activities:/home/nikhil/ROS/ros2_ws/install/py_pkg:/opt/ros/humble /usr/bin/cmake --install /home/nikhil/ROS/ros2_ws/build/course_activities
[0.095s] -- Install configuration: ""
[0.095s] -- Up-to-date: /home/nikhil/ROS/ros2_ws/install/course_activities/lib/course_activities/number_publisher
[0.095s] -- Up-to-date: /home/nikhil/ROS/ros2_ws/install/course_activities/lib/course_activities/number_counter
[0.095s] -- Up-to-date: /home/nikhil/ROS/ros2_ws/install/course_activities/lib/course_activities/reset_counter_client
[0.095s] -- Up-to-date: /home/nikhil/ROS/ros2_ws/install/course_activities/lib/course_activities/battery_status
[0.095s] -- Up-to-date: /home/nikhil/ROS/ros2_ws/install/course_activities/lib/course_activities/led_panel
[0.095s] -- Up-to-date: /home/nikhil/ROS/ros2_ws/install/course_activities/lib/course_activities/new_turtle
[0.095s] -- Up-to-date: /home/nikhil/ROS/ros2_ws/install/course_activities/share/ament_index/resource_index/package_run_dependencies/course_activities
[0.096s] -- Up-to-date: /home/nikhil/ROS/ros2_ws/install/course_activities/share/ament_index/resource_index/parent_prefix_path/course_activities
[0.096s] -- Up-to-date: /home/nikhil/ROS/ros2_ws/install/course_activities/share/course_activities/environment/ament_prefix_path.sh
[0.096s] -- Up-to-date: /home/nikhil/ROS/ros2_ws/install/course_activities/share/course_activities/environment/ament_prefix_path.dsv
[0.096s] -- Up-to-date: /home/nikhil/ROS/ros2_ws/install/course_activities/share/course_activities/environment/path.sh
[0.096s] -- Up-to-date: /home/nikhil/ROS/ros2_ws/install/course_activities/share/course_activities/environment/path.dsv
[0.096s] -- Up-to-date: /home/nikhil/ROS/ros2_ws/install/course_activities/share/course_activities/local_setup.bash
[0.096s] -- Up-to-date: /home/nikhil/ROS/ros2_ws/install/course_activities/share/course_activities/local_setup.sh
[0.096s] -- Up-to-date: /home/nikhil/ROS/ros2_ws/install/course_activities/share/course_activities/local_setup.zsh
[0.096s] -- Up-to-date: /home/nikhil/ROS/ros2_ws/install/course_activities/share/course_activities/local_setup.dsv
[0.096s] -- Installing: /home/nikhil/ROS/ros2_ws/install/course_activities/share/course_activities/package.dsv
[0.097s] -- Up-to-date: /home/nikhil/ROS/ros2_ws/install/course_activities/share/ament_index/resource_index/packages/course_activities
[0.097s] -- Up-to-date: /home/nikhil/ROS/ros2_ws/install/course_activities/share/course_activities/cmake/course_activitiesConfig.cmake
[0.097s] -- Up-to-date: /home/nikhil/ROS/ros2_ws/install/course_activities/share/course_activities/cmake/course_activitiesConfig-version.cmake
[0.097s] -- Up-to-date: /home/nikhil/ROS/ros2_ws/install/course_activities/share/course_activities/package.xml
[0.098s] Invoked command in '/home/nikhil/ROS/ros2_ws/build/course_activities' returned '0': CMAKE_PREFIX_PATH=/home/nikhil/ROS/ros2_ws/install/my_robot_interfaces:/home/nikhil/ROS/ros2_ws/install/my_robot_bringup:/home/nikhil/ROS/ros2_ws/install/cpp_pkg:/home/nikhil/ROS/ros2_ws/install/course_activities:/home/nikhil/ROS/ros2_ws/install/py_pkg:/opt/ros/humble /usr/bin/cmake --install /home/nikhil/ROS/ros2_ws/build/course_activities
