[0.007s] Invoking command in '/home/nikhil/Work/ROS/control_ws/build/diffdrive_arduino': CMAKE_PREFIX_PATH=${CMAKE_PREFIX_PATH}:/home/nikhil/Work/ROS/ros2_ws/install/py_pkg:/opt/ros/humble /usr/bin/cmake /home/nikhil/Work/ROS/control_ws/src/diffdrive_arduino -DCMAKE_INSTALL_PREFIX=/home/nikhil/Work/ROS/control_ws/install/diffdrive_arduino
[0.018s] -- Found ament_cmake: 1.3.11 (/opt/ros/humble/share/ament_cmake/cmake)
[0.109s] -- Override CMake install command with custom implementation using symlinks instead of copying resources
[0.121s] -- Found hardware_interface: 2.48.0 (/opt/ros/humble/share/hardware_interface/cmake)
[0.145s] -- Found rosidl_generator_c: 3.1.6 (/opt/ros/humble/share/rosidl_generator_c/cmake)
[0.147s] -- Found rosidl_adapter: 3.1.6 (/opt/ros/humble/share/rosidl_adapter/cmake)
[0.152s] -- Found rosidl_generator_cpp: 3.1.6 (/opt/ros/humble/share/rosidl_generator_cpp/cmake)
[0.160s] -- Using all available rosidl_typesupport_c: rosidl_typesupport_fastrtps_c;rosidl_typesupport_introspection_c
[0.169s] -- Using all available rosidl_typesupport_cpp: rosidl_typesupport_fastrtps_cpp;rosidl_typesupport_introspection_cpp
[0.310s] -- Found rmw_implementation_cmake: 6.1.2 (/opt/ros/humble/share/rmw_implementation_cmake/cmake)
[0.312s] -- Found rmw_cyclonedds_cpp: 1.3.4 (/opt/ros/humble/share/rmw_cyclonedds_cpp/cmake)
[0.329s] -- Using RMW implementation 'rmw_cyclonedds_cpp' as default
[0.368s] -- Found ament_cmake_gtest: 1.3.11 (/opt/ros/humble/share/ament_cmake_gtest/cmake)
[0.414s] -- Configuring done
[0.440s] -- Generating done
[0.443s] -- Build files have been written to: /home/nikhil/Work/ROS/control_ws/build/diffdrive_arduino
[0.449s] Invoked command in '/home/nikhil/Work/ROS/control_ws/build/diffdrive_arduino' returned '0': CMAKE_PREFIX_PATH=${CMAKE_PREFIX_PATH}:/home/nikhil/Work/ROS/ros2_ws/install/py_pkg:/opt/ros/humble /usr/bin/cmake /home/nikhil/Work/ROS/control_ws/src/diffdrive_arduino -DCMAKE_INSTALL_PREFIX=/home/nikhil/Work/ROS/control_ws/install/diffdrive_arduino
[0.449s] Invoking command in '/home/nikhil/Work/ROS/control_ws/build/diffdrive_arduino': CMAKE_PREFIX_PATH=${CMAKE_PREFIX_PATH}:/home/nikhil/Work/ROS/ros2_ws/install/py_pkg:/opt/ros/humble /usr/bin/cmake --build /home/nikhil/Work/ROS/control_ws/build/diffdrive_arduino -- -j20 -l20
[0.482s] [35m[1mConsolidate compiler generated dependencies of target diffdrive_arduino[0m
[0.497s] [100%] Built target diffdrive_arduino
[0.504s] Invoked command in '/home/nikhil/Work/ROS/control_ws/build/diffdrive_arduino' returned '0': CMAKE_PREFIX_PATH=${CMAKE_PREFIX_PATH}:/home/nikhil/Work/ROS/ros2_ws/install/py_pkg:/opt/ros/humble /usr/bin/cmake --build /home/nikhil/Work/ROS/control_ws/build/diffdrive_arduino -- -j20 -l20
[0.512s] Invoking command in '/home/nikhil/Work/ROS/control_ws/build/diffdrive_arduino': CMAKE_PREFIX_PATH=${CMAKE_PREFIX_PATH}:/home/nikhil/Work/ROS/ros2_ws/install/py_pkg:/opt/ros/humble /usr/bin/cmake --install /home/nikhil/Work/ROS/control_ws/build/diffdrive_arduino
[0.518s] -- Install configuration: ""
[0.518s] -- Execute custom install script
[0.519s] -- Up-to-date symlink: /home/nikhil/Work/ROS/control_ws/install/diffdrive_arduino/share/diffdrive_arduino//diffdrive_arduino.xml
[0.519s] -- Up-to-date symlink: /home/nikhil/Work/ROS/control_ws/install/diffdrive_arduino/include/diffdrive_arduino/diffdrive_arduino/arduino_comms.hpp
[0.519s] -- Up-to-date symlink: /home/nikhil/Work/ROS/control_ws/install/diffdrive_arduino/include/diffdrive_arduino/diffdrive_arduino/diffbot_system.hpp
[0.519s] -- Up-to-date symlink: /home/nikhil/Work/ROS/control_ws/install/diffdrive_arduino/include/diffdrive_arduino/diffdrive_arduino/visibility_control.h
[0.519s] -- Up-to-date symlink: /home/nikhil/Work/ROS/control_ws/install/diffdrive_arduino/include/diffdrive_arduino/diffdrive_arduino/wheel.hpp
[0.520s] -- Up-to-date symlink: /home/nikhil/Work/ROS/control_ws/install/diffdrive_arduino/share/diffdrive_arduino/launch/view_robot.launch.py
[0.520s] -- Up-to-date symlink: /home/nikhil/Work/ROS/control_ws/install/diffdrive_arduino/share/diffdrive_arduino/ros2_control/diffbot.ros2_control.xacro
[0.520s] -- Up-to-date symlink: /home/nikhil/Work/ROS/control_ws/install/diffdrive_arduino/share/diffdrive_arduino/urdf/diffbot.materials.xacro
[0.520s] -- Up-to-date symlink: /home/nikhil/Work/ROS/control_ws/install/diffdrive_arduino/share/diffdrive_arduino/urdf/diffbot.urdf.xacro
[0.521s] -- Up-to-date symlink: /home/nikhil/Work/ROS/control_ws/install/diffdrive_arduino/share/diffdrive_arduino/urdf/diffbot_description.urdf.xacro
[0.521s] -- Up-to-date symlink: /home/nikhil/Work/ROS/control_ws/install/diffdrive_arduino/share/diffdrive_arduino/rviz/diffbot.rviz
[0.521s] -- Up-to-date symlink: /home/nikhil/Work/ROS/control_ws/install/diffdrive_arduino/share/diffdrive_arduino/rviz/diffbot_view.rviz
[0.521s] -- Up-to-date symlink: /home/nikhil/Work/ROS/control_ws/install/diffdrive_arduino/share/diffdrive_arduino/launch/diffbot.launch.py
[0.521s] -- Up-to-date symlink: /home/nikhil/Work/ROS/control_ws/install/diffdrive_arduino/share/diffdrive_arduino/config/diffbot_controllers.yaml
[0.522s] -- Up-to-date symlink: /home/nikhil/Work/ROS/control_ws/install/diffdrive_arduino/share/diffdrive_arduino/environment/library_path.sh
[0.522s] -- Up-to-date symlink: /home/nikhil/Work/ROS/control_ws/install/diffdrive_arduino/share/diffdrive_arduino/environment/library_path.dsv
[0.522s] -- Up-to-date symlink: /home/nikhil/Work/ROS/control_ws/install/diffdrive_arduino/share/ament_index/resource_index/package_run_dependencies/diffdrive_arduino
[0.522s] -- Up-to-date symlink: /home/nikhil/Work/ROS/control_ws/install/diffdrive_arduino/share/ament_index/resource_index/parent_prefix_path/diffdrive_arduino
[0.522s] -- Up-to-date symlink: /home/nikhil/Work/ROS/control_ws/install/diffdrive_arduino/share/diffdrive_arduino/environment/ament_prefix_path.sh
[0.522s] -- Up-to-date symlink: /home/nikhil/Work/ROS/control_ws/install/diffdrive_arduino/share/diffdrive_arduino/environment/ament_prefix_path.dsv
[0.522s] -- Up-to-date symlink: /home/nikhil/Work/ROS/control_ws/install/diffdrive_arduino/share/diffdrive_arduino/environment/path.sh
[0.522s] -- Up-to-date symlink: /home/nikhil/Work/ROS/control_ws/install/diffdrive_arduino/share/diffdrive_arduino/environment/path.dsv
[0.523s] -- Up-to-date symlink: /home/nikhil/Work/ROS/control_ws/install/diffdrive_arduino/share/diffdrive_arduino/local_setup.bash
[0.523s] -- Up-to-date symlink: /home/nikhil/Work/ROS/control_ws/install/diffdrive_arduino/share/diffdrive_arduino/local_setup.sh
[0.523s] -- Up-to-date symlink: /home/nikhil/Work/ROS/control_ws/install/diffdrive_arduino/share/diffdrive_arduino/local_setup.zsh
[0.523s] -- Up-to-date symlink: /home/nikhil/Work/ROS/control_ws/install/diffdrive_arduino/share/diffdrive_arduino/local_setup.dsv
[0.523s] -- Symlinking: /home/nikhil/Work/ROS/control_ws/install/diffdrive_arduino/share/diffdrive_arduino/package.dsv
[0.530s] -- Up-to-date symlink: /home/nikhil/Work/ROS/control_ws/install/diffdrive_arduino/share/ament_index/resource_index/packages/diffdrive_arduino
[0.531s] -- Up-to-date symlink: /home/nikhil/Work/ROS/control_ws/install/diffdrive_arduino/share/ament_index/resource_index/hardware_interface__pluginlib__plugin/diffdrive_arduino
[0.531s] -- Up-to-date symlink: /home/nikhil/Work/ROS/control_ws/install/diffdrive_arduino/share/diffdrive_arduino/cmake/ament_cmake_export_targets-extras.cmake
[0.531s] -- Up-to-date symlink: /home/nikhil/Work/ROS/control_ws/install/diffdrive_arduino/share/diffdrive_arduino/cmake/ament_cmake_export_dependencies-extras.cmake
[0.531s] -- Up-to-date symlink: /home/nikhil/Work/ROS/control_ws/install/diffdrive_arduino/share/diffdrive_arduino/cmake/diffdrive_arduinoConfig.cmake
[0.531s] -- Up-to-date symlink: /home/nikhil/Work/ROS/control_ws/install/diffdrive_arduino/share/diffdrive_arduino/cmake/diffdrive_arduinoConfig-version.cmake
[0.531s] -- Up-to-date symlink: /home/nikhil/Work/ROS/control_ws/install/diffdrive_arduino/share/diffdrive_arduino/package.xml
[0.532s] -- Up-to-date: /home/nikhil/Work/ROS/control_ws/install/diffdrive_arduino/lib/libdiffdrive_arduino.so
[0.532s] -- Up-to-date: /home/nikhil/Work/ROS/control_ws/install/diffdrive_arduino/share/diffdrive_arduino/cmake/export_diffdrive_arduinoExport.cmake
[0.532s] -- Up-to-date: /home/nikhil/Work/ROS/control_ws/install/diffdrive_arduino/share/diffdrive_arduino/cmake/export_diffdrive_arduinoExport-noconfig.cmake
[0.534s] Invoked command in '/home/nikhil/Work/ROS/control_ws/build/diffdrive_arduino' returned '0': CMAKE_PREFIX_PATH=${CMAKE_PREFIX_PATH}:/home/nikhil/Work/ROS/ros2_ws/install/py_pkg:/opt/ros/humble /usr/bin/cmake --install /home/nikhil/Work/ROS/control_ws/build/diffdrive_arduino
