[35m[1mConsolidate compiler generated dependencies of target diff_drive[0m
[ 50%] [32mBuilding CXX object CMakeFiles/diff_drive.dir/hardware/diffdrive_system.cpp.o[0m
In file included from [01m[K/home/nikhil/Work/ROS/control_ws/src/diff_drive/hardware/diffdrive_system.cpp:1[m[K:
[01m[K/home/nikhil/Work/ROS/control_ws/src/diff_drive/hardware/include/diff_drive/diffdrive_system.hpp:40:61:[m[K [01;35m[Kwarning: [m[Kextra ‘[01m[K;[m[K’ [[01;35m[K]8;;https://gcc.gnu.org/onlinedocs/gcc/Warning-Options.html#index-Wpedantic-Wpedantic]8;;[m[K]
   40 |             RCLCPP_SHARED_PTR_DEFINITIONS(DiffDriveHardware)[01;35m[K;[m[K
      |                                                             [01;35m[K^[m[K
      |                                                             [31m[K-[m[K
[100%] [32m[1mLinking CXX shared library libdiff_drive.so[0m
[100%] Built target diff_drive
-- Install configuration: ""
-- Up-to-date: /home/nikhil/Work/ROS/control_ws/install/diff_drive/share/diff_drive/diff_drive.xml
-- Up-to-date: /home/nikhil/Work/ROS/control_ws/install/diff_drive/include/diff_drive
-- Up-to-date: /home/nikhil/Work/ROS/control_ws/install/diff_drive/include/diff_drive/diff_drive
-- Up-to-date: /home/nikhil/Work/ROS/control_ws/install/diff_drive/include/diff_drive/diff_drive/wheel.hpp
-- Up-to-date: /home/nikhil/Work/ROS/control_ws/install/diff_drive/include/diff_drive/diff_drive/visibility_control.h
-- Installing: /home/nikhil/Work/ROS/control_ws/install/diff_drive/include/diff_drive/diff_drive/diffdrive_system.hpp
-- Up-to-date: /home/nikhil/Work/ROS/control_ws/install/diff_drive/share/diff_drive/launch
-- Up-to-date: /home/nikhil/Work/ROS/control_ws/install/diff_drive/share/diff_drive/ros2_control
-- Up-to-date: /home/nikhil/Work/ROS/control_ws/install/diff_drive/share/diff_drive/ros2_control/diffbot.ros2_control.xacro
-- Up-to-date: /home/nikhil/Work/ROS/control_ws/install/diff_drive/share/diff_drive/urdf
-- Up-to-date: /home/nikhil/Work/ROS/control_ws/install/diff_drive/share/diff_drive/urdf/diffbot.urdf.xacro
-- Up-to-date: /home/nikhil/Work/ROS/control_ws/install/diff_drive/share/diff_drive/urdf/diffbot_description.urdf.xacro
-- Up-to-date: /home/nikhil/Work/ROS/control_ws/install/diff_drive/share/diff_drive/urdf/diffbot.materials.xacro
-- Up-to-date: /home/nikhil/Work/ROS/control_ws/install/diff_drive/share/diff_drive/rviz
-- Up-to-date: /home/nikhil/Work/ROS/control_ws/install/diff_drive/share/diff_drive/launch
-- Up-to-date: /home/nikhil/Work/ROS/control_ws/install/diff_drive/share/diff_drive/config
-- Installing: /home/nikhil/Work/ROS/control_ws/install/diff_drive/lib/libdiff_drive.so
-- Set runtime path of "/home/nikhil/Work/ROS/control_ws/install/diff_drive/lib/libdiff_drive.so" to ""
-- Up-to-date: /home/nikhil/Work/ROS/control_ws/install/diff_drive/share/diff_drive/environment/library_path.sh
-- Up-to-date: /home/nikhil/Work/ROS/control_ws/install/diff_drive/share/diff_drive/environment/library_path.dsv
-- Up-to-date: /home/nikhil/Work/ROS/control_ws/install/diff_drive/share/ament_index/resource_index/package_run_dependencies/diff_drive
-- Up-to-date: /home/nikhil/Work/ROS/control_ws/install/diff_drive/share/ament_index/resource_index/parent_prefix_path/diff_drive
-- Up-to-date: /home/nikhil/Work/ROS/control_ws/install/diff_drive/share/diff_drive/environment/ament_prefix_path.sh
-- Up-to-date: /home/nikhil/Work/ROS/control_ws/install/diff_drive/share/diff_drive/environment/ament_prefix_path.dsv
-- Up-to-date: /home/nikhil/Work/ROS/control_ws/install/diff_drive/share/diff_drive/environment/path.sh
-- Up-to-date: /home/nikhil/Work/ROS/control_ws/install/diff_drive/share/diff_drive/environment/path.dsv
-- Up-to-date: /home/nikhil/Work/ROS/control_ws/install/diff_drive/share/diff_drive/local_setup.bash
-- Up-to-date: /home/nikhil/Work/ROS/control_ws/install/diff_drive/share/diff_drive/local_setup.sh
-- Up-to-date: /home/nikhil/Work/ROS/control_ws/install/diff_drive/share/diff_drive/local_setup.zsh
-- Up-to-date: /home/nikhil/Work/ROS/control_ws/install/diff_drive/share/diff_drive/local_setup.dsv
-- Installing: /home/nikhil/Work/ROS/control_ws/install/diff_drive/share/diff_drive/package.dsv
-- Up-to-date: /home/nikhil/Work/ROS/control_ws/install/diff_drive/share/ament_index/resource_index/packages/diff_drive
-- Up-to-date: /home/nikhil/Work/ROS/control_ws/install/diff_drive/share/ament_index/resource_index/hardware_interface__pluginlib__plugin/diff_drive
-- Up-to-date: /home/nikhil/Work/ROS/control_ws/install/diff_drive/share/diff_drive/cmake/export_diff_driveExport.cmake
-- Up-to-date: /home/nikhil/Work/ROS/control_ws/install/diff_drive/share/diff_drive/cmake/export_diff_driveExport-noconfig.cmake
-- Up-to-date: /home/nikhil/Work/ROS/control_ws/install/diff_drive/share/diff_drive/cmake/ament_cmake_export_targets-extras.cmake
-- Up-to-date: /home/nikhil/Work/ROS/control_ws/install/diff_drive/share/diff_drive/cmake/ament_cmake_export_dependencies-extras.cmake
-- Up-to-date: /home/nikhil/Work/ROS/control_ws/install/diff_drive/share/diff_drive/cmake/diff_driveConfig.cmake
-- Up-to-date: /home/nikhil/Work/ROS/control_ws/install/diff_drive/share/diff_drive/cmake/diff_driveConfig-version.cmake
-- Up-to-date: /home/nikhil/Work/ROS/control_ws/install/diff_drive/share/diff_drive/package.xml
