[0.061s] DEBUG:colcon:Command line arguments: ['/usr/bin/colcon', 'build']
[0.062s] DEBUG:colcon:Parsed command line arguments: Namespace(log_base=None, log_level=None, verb_name='build', build_base='build', install_base='install', merge_install=False, symlink_install=False, test_result_base=None, continue_on_error=False, executor='parallel', parallel_workers=20, event_handlers=None, ignore_user_meta=False, metas=['./colcon.meta'], base_paths=['.'], packages_ignore=None, packages_ignore_regex=None, paths=None, packages_up_to=None, packages_up_to_regex=None, packages_above=None, packages_above_and_dependencies=None, packages_above_depth=None, packages_select_by_dep=None, packages_skip_by_dep=None, packages_skip_up_to=None, packages_select_build_failed=False, packages_skip_build_finished=False, packages_select_test_failures=False, packages_skip_test_passed=False, packages_select=None, packages_skip=None, packages_select_regex=None, packages_skip_regex=None, packages_start=None, packages_end=None, allow_overriding=[], cmake_args=None, cmake_target=None, cmake_target_skip_unavailable=False, cmake_clean_cache=False, cmake_clean_first=False, cmake_force_configure=False, ament_cmake_args=None, catkin_cmake_args=None, catkin_skip_building_tests=False, mixin_files=None, mixin=None, verb_parser=<colcon_mixin.mixin.mixin_argument.MixinArgumentDecorator object at 0x7df249ca8340>, verb_extension=<colcon_core.verb.build.BuildVerb object at 0x7df249c7b6a0>, main=<bound method BuildVerb.main of <colcon_core.verb.build.BuildVerb object at 0x7df249c7b6a0>>, mixin_verb=('build',))
[0.167s] Level 1:colcon.colcon_core.package_discovery:discover_packages(colcon_meta) check parameters
[0.167s] Level 1:colcon.colcon_core.package_discovery:discover_packages(recursive) check parameters
[0.167s] Level 1:colcon.colcon_core.package_discovery:discover_packages(ignore) check parameters
[0.167s] Level 1:colcon.colcon_core.package_discovery:discover_packages(path) check parameters
[0.167s] Level 1:colcon.colcon_core.package_discovery:discover_packages(colcon_meta) discover
[0.167s] Level 1:colcon.colcon_core.package_discovery:discover_packages(recursive) discover
[0.167s] INFO:colcon.colcon_core.package_discovery:Crawling recursively for packages in '/home/nikhil/Work/ROS/control_ws'
[0.167s] Level 1:colcon.colcon_core.package_identification:_identify(.) by extensions ['ignore', 'ignore_ament_install']
[0.167s] Level 1:colcon.colcon_core.package_identification:_identify(.) by extension 'ignore'
[0.167s] Level 1:colcon.colcon_core.package_identification:_identify(.) by extension 'ignore_ament_install'
[0.167s] Level 1:colcon.colcon_core.package_identification:_identify(.) by extensions ['colcon_pkg']
[0.167s] Level 1:colcon.colcon_core.package_identification:_identify(.) by extension 'colcon_pkg'
[0.167s] Level 1:colcon.colcon_core.package_identification:_identify(.) by extensions ['colcon_meta']
[0.167s] Level 1:colcon.colcon_core.package_identification:_identify(.) by extension 'colcon_meta'
[0.167s] Level 1:colcon.colcon_core.package_identification:_identify(.) by extensions ['ros']
[0.167s] Level 1:colcon.colcon_core.package_identification:_identify(.) by extension 'ros'
[0.178s] Level 1:colcon.colcon_core.package_identification:_identify(.) by extensions ['cmake', 'python']
[0.178s] Level 1:colcon.colcon_core.package_identification:_identify(.) by extension 'cmake'
[0.178s] Level 1:colcon.colcon_core.package_identification:_identify(.) by extension 'python'
[0.178s] Level 1:colcon.colcon_core.package_identification:_identify(.) by extensions ['python_setup_py']
[0.178s] Level 1:colcon.colcon_core.package_identification:_identify(.) by extension 'python_setup_py'
[0.178s] Level 1:colcon.colcon_core.package_identification:_identify(build) by extensions ['ignore', 'ignore_ament_install']
[0.178s] Level 1:colcon.colcon_core.package_identification:_identify(build) by extension 'ignore'
[0.178s] Level 1:colcon.colcon_core.package_identification:_identify(build) ignored
[0.179s] Level 1:colcon.colcon_core.package_identification:_identify(install) by extensions ['ignore', 'ignore_ament_install']
[0.179s] Level 1:colcon.colcon_core.package_identification:_identify(install) by extension 'ignore'
[0.179s] Level 1:colcon.colcon_core.package_identification:_identify(install) ignored
[0.179s] Level 1:colcon.colcon_core.package_identification:_identify(log) by extensions ['ignore', 'ignore_ament_install']
[0.179s] Level 1:colcon.colcon_core.package_identification:_identify(log) by extension 'ignore'
[0.179s] Level 1:colcon.colcon_core.package_identification:_identify(log) ignored
[0.179s] Level 1:colcon.colcon_core.package_identification:_identify(src) by extensions ['ignore', 'ignore_ament_install']
[0.179s] Level 1:colcon.colcon_core.package_identification:_identify(src) by extension 'ignore'
[0.179s] Level 1:colcon.colcon_core.package_identification:_identify(src) by extension 'ignore_ament_install'
[0.179s] Level 1:colcon.colcon_core.package_identification:_identify(src) by extensions ['colcon_pkg']
[0.179s] Level 1:colcon.colcon_core.package_identification:_identify(src) by extension 'colcon_pkg'
[0.179s] Level 1:colcon.colcon_core.package_identification:_identify(src) by extensions ['colcon_meta']
[0.179s] Level 1:colcon.colcon_core.package_identification:_identify(src) by extension 'colcon_meta'
[0.179s] Level 1:colcon.colcon_core.package_identification:_identify(src) by extensions ['ros']
[0.179s] Level 1:colcon.colcon_core.package_identification:_identify(src) by extension 'ros'
[0.179s] Level 1:colcon.colcon_core.package_identification:_identify(src) by extensions ['cmake', 'python']
[0.179s] Level 1:colcon.colcon_core.package_identification:_identify(src) by extension 'cmake'
[0.179s] Level 1:colcon.colcon_core.package_identification:_identify(src) by extension 'python'
[0.179s] Level 1:colcon.colcon_core.package_identification:_identify(src) by extensions ['python_setup_py']
[0.179s] Level 1:colcon.colcon_core.package_identification:_identify(src) by extension 'python_setup_py'
[0.179s] Level 1:colcon.colcon_core.package_identification:_identify(src/diff_drive) by extensions ['ignore', 'ignore_ament_install']
[0.179s] Level 1:colcon.colcon_core.package_identification:_identify(src/diff_drive) by extension 'ignore'
[0.179s] Level 1:colcon.colcon_core.package_identification:_identify(src/diff_drive) by extension 'ignore_ament_install'
[0.179s] Level 1:colcon.colcon_core.package_identification:_identify(src/diff_drive) by extensions ['colcon_pkg']
[0.179s] Level 1:colcon.colcon_core.package_identification:_identify(src/diff_drive) by extension 'colcon_pkg'
[0.179s] Level 1:colcon.colcon_core.package_identification:_identify(src/diff_drive) by extensions ['colcon_meta']
[0.179s] Level 1:colcon.colcon_core.package_identification:_identify(src/diff_drive) by extension 'colcon_meta'
[0.179s] Level 1:colcon.colcon_core.package_identification:_identify(src/diff_drive) by extensions ['ros']
[0.179s] Level 1:colcon.colcon_core.package_identification:_identify(src/diff_drive) by extension 'ros'
[0.181s] DEBUG:colcon.colcon_core.package_identification:Package 'src/diff_drive' with type 'ros.ament_cmake' and name 'diff_drive'
[0.181s] Level 1:colcon.colcon_core.package_identification:_identify(src/diffdrive_arduino) by extensions ['ignore', 'ignore_ament_install']
[0.181s] Level 1:colcon.colcon_core.package_identification:_identify(src/diffdrive_arduino) by extension 'ignore'
[0.181s] Level 1:colcon.colcon_core.package_identification:_identify(src/diffdrive_arduino) by extension 'ignore_ament_install'
[0.181s] Level 1:colcon.colcon_core.package_identification:_identify(src/diffdrive_arduino) by extensions ['colcon_pkg']
[0.181s] Level 1:colcon.colcon_core.package_identification:_identify(src/diffdrive_arduino) by extension 'colcon_pkg'
[0.181s] Level 1:colcon.colcon_core.package_identification:_identify(src/diffdrive_arduino) by extensions ['colcon_meta']
[0.181s] Level 1:colcon.colcon_core.package_identification:_identify(src/diffdrive_arduino) by extension 'colcon_meta'
[0.181s] Level 1:colcon.colcon_core.package_identification:_identify(src/diffdrive_arduino) by extensions ['ros']
[0.181s] Level 1:colcon.colcon_core.package_identification:_identify(src/diffdrive_arduino) by extension 'ros'
[0.182s] DEBUG:colcon.colcon_core.package_identification:Package 'src/diffdrive_arduino' with type 'ros.ament_cmake' and name 'diffdrive_arduino'
[0.182s] Level 1:colcon.colcon_core.package_identification:_identify(src/three_wheel) by extensions ['ignore', 'ignore_ament_install']
[0.182s] Level 1:colcon.colcon_core.package_identification:_identify(src/three_wheel) by extension 'ignore'
[0.182s] Level 1:colcon.colcon_core.package_identification:_identify(src/three_wheel) by extension 'ignore_ament_install'
[0.182s] Level 1:colcon.colcon_core.package_identification:_identify(src/three_wheel) by extensions ['colcon_pkg']
[0.182s] Level 1:colcon.colcon_core.package_identification:_identify(src/three_wheel) by extension 'colcon_pkg'
[0.182s] Level 1:colcon.colcon_core.package_identification:_identify(src/three_wheel) by extensions ['colcon_meta']
[0.182s] Level 1:colcon.colcon_core.package_identification:_identify(src/three_wheel) by extension 'colcon_meta'
[0.182s] Level 1:colcon.colcon_core.package_identification:_identify(src/three_wheel) by extensions ['ros']
[0.182s] Level 1:colcon.colcon_core.package_identification:_identify(src/three_wheel) by extension 'ros'
[0.182s] DEBUG:colcon.colcon_core.package_identification:Package 'src/three_wheel' with type 'ros.ament_cmake' and name 'three_wheel'
[0.182s] Level 1:colcon.colcon_core.package_discovery:discover_packages(recursive) using defaults
[0.182s] Level 1:colcon.colcon_core.package_discovery:discover_packages(ignore) discover
[0.182s] Level 1:colcon.colcon_core.package_discovery:discover_packages(ignore) using defaults
[0.182s] Level 1:colcon.colcon_core.package_discovery:discover_packages(path) discover
[0.182s] Level 1:colcon.colcon_core.package_discovery:discover_packages(path) using defaults
[0.194s] Level 1:colcon.colcon_core.package_discovery:discover_packages(prefix_path) check parameters
[0.194s] Level 1:colcon.colcon_core.package_discovery:discover_packages(prefix_path) discover
[0.195s] DEBUG:colcon.colcon_installed_package_information.package_discovery:Found 3 installed packages in /home/nikhil/Work/ROS/microRos_ws/install
[0.195s] DEBUG:colcon.colcon_installed_package_information.package_discovery:Found 3 installed packages in /home/nikhil/Work/ROS/control_ws/install
[0.196s] DEBUG:colcon.colcon_installed_package_information.package_discovery:Found 2 installed packages in /home/nikhil/Work/ROS/controller_ws/install
[0.196s] DEBUG:colcon.colcon_installed_package_information.package_discovery:Found 3 installed packages in /home/nikhil/Work/ROS/turtlebot3_ws/install
[0.196s] DEBUG:colcon.colcon_installed_package_information.package_discovery:Found 2 installed packages in /home/nikhil/Work/ROS/ros2_ws_1/install
[0.196s] DEBUG:colcon.colcon_installed_package_information.package_discovery:Found 5 installed packages in /home/nikhil/Work/ROS/ros2_ws/install
[0.197s] DEBUG:colcon.colcon_installed_package_information.package_discovery:Found 397 installed packages in /opt/ros/humble
[0.198s] Level 1:colcon.colcon_core.package_discovery:discover_packages(prefix_path) using defaults
[0.222s] Level 5:colcon.colcon_core.verb:set package 'diff_drive' build argument 'cmake_args' from command line to 'None'
[0.222s] Level 5:colcon.colcon_core.verb:set package 'diff_drive' build argument 'cmake_target' from command line to 'None'
[0.222s] Level 5:colcon.colcon_core.verb:set package 'diff_drive' build argument 'cmake_target_skip_unavailable' from command line to 'False'
[0.222s] Level 5:colcon.colcon_core.verb:set package 'diff_drive' build argument 'cmake_clean_cache' from command line to 'False'
[0.222s] Level 5:colcon.colcon_core.verb:set package 'diff_drive' build argument 'cmake_clean_first' from command line to 'False'
[0.222s] Level 5:colcon.colcon_core.verb:set package 'diff_drive' build argument 'cmake_force_configure' from command line to 'False'
[0.222s] Level 5:colcon.colcon_core.verb:set package 'diff_drive' build argument 'ament_cmake_args' from command line to 'None'
[0.222s] Level 5:colcon.colcon_core.verb:set package 'diff_drive' build argument 'catkin_cmake_args' from command line to 'None'
[0.222s] Level 5:colcon.colcon_core.verb:set package 'diff_drive' build argument 'catkin_skip_building_tests' from command line to 'False'
[0.222s] DEBUG:colcon.colcon_core.verb:Building package 'diff_drive' with the following arguments: {'ament_cmake_args': None, 'build_base': '/home/nikhil/Work/ROS/control_ws/build/diff_drive', 'catkin_cmake_args': None, 'catkin_skip_building_tests': False, 'cmake_args': None, 'cmake_clean_cache': False, 'cmake_clean_first': False, 'cmake_force_configure': False, 'cmake_target': None, 'cmake_target_skip_unavailable': False, 'install_base': '/home/nikhil/Work/ROS/control_ws/install/diff_drive', 'merge_install': False, 'path': '/home/nikhil/Work/ROS/control_ws/src/diff_drive', 'symlink_install': False, 'test_result_base': None}
[0.222s] Level 5:colcon.colcon_core.verb:set package 'diffdrive_arduino' build argument 'cmake_args' from command line to 'None'
[0.222s] Level 5:colcon.colcon_core.verb:set package 'diffdrive_arduino' build argument 'cmake_target' from command line to 'None'
[0.222s] Level 5:colcon.colcon_core.verb:set package 'diffdrive_arduino' build argument 'cmake_target_skip_unavailable' from command line to 'False'
[0.222s] Level 5:colcon.colcon_core.verb:set package 'diffdrive_arduino' build argument 'cmake_clean_cache' from command line to 'False'
[0.222s] Level 5:colcon.colcon_core.verb:set package 'diffdrive_arduino' build argument 'cmake_clean_first' from command line to 'False'
[0.222s] Level 5:colcon.colcon_core.verb:set package 'diffdrive_arduino' build argument 'cmake_force_configure' from command line to 'False'
[0.223s] Level 5:colcon.colcon_core.verb:set package 'diffdrive_arduino' build argument 'ament_cmake_args' from command line to 'None'
[0.223s] Level 5:colcon.colcon_core.verb:set package 'diffdrive_arduino' build argument 'catkin_cmake_args' from command line to 'None'
[0.223s] Level 5:colcon.colcon_core.verb:set package 'diffdrive_arduino' build argument 'catkin_skip_building_tests' from command line to 'False'
[0.223s] DEBUG:colcon.colcon_core.verb:Building package 'diffdrive_arduino' with the following arguments: {'ament_cmake_args': None, 'build_base': '/home/nikhil/Work/ROS/control_ws/build/diffdrive_arduino', 'catkin_cmake_args': None, 'catkin_skip_building_tests': False, 'cmake_args': None, 'cmake_clean_cache': False, 'cmake_clean_first': False, 'cmake_force_configure': False, 'cmake_target': None, 'cmake_target_skip_unavailable': False, 'install_base': '/home/nikhil/Work/ROS/control_ws/install/diffdrive_arduino', 'merge_install': False, 'path': '/home/nikhil/Work/ROS/control_ws/src/diffdrive_arduino', 'symlink_install': False, 'test_result_base': None}
[0.223s] Level 5:colcon.colcon_core.verb:set package 'three_wheel' build argument 'cmake_args' from command line to 'None'
[0.223s] Level 5:colcon.colcon_core.verb:set package 'three_wheel' build argument 'cmake_target' from command line to 'None'
[0.223s] Level 5:colcon.colcon_core.verb:set package 'three_wheel' build argument 'cmake_target_skip_unavailable' from command line to 'False'
[0.223s] Level 5:colcon.colcon_core.verb:set package 'three_wheel' build argument 'cmake_clean_cache' from command line to 'False'
[0.223s] Level 5:colcon.colcon_core.verb:set package 'three_wheel' build argument 'cmake_clean_first' from command line to 'False'
[0.223s] Level 5:colcon.colcon_core.verb:set package 'three_wheel' build argument 'cmake_force_configure' from command line to 'False'
[0.223s] Level 5:colcon.colcon_core.verb:set package 'three_wheel' build argument 'ament_cmake_args' from command line to 'None'
[0.223s] Level 5:colcon.colcon_core.verb:set package 'three_wheel' build argument 'catkin_cmake_args' from command line to 'None'
[0.223s] Level 5:colcon.colcon_core.verb:set package 'three_wheel' build argument 'catkin_skip_building_tests' from command line to 'False'
[0.223s] DEBUG:colcon.colcon_core.verb:Building package 'three_wheel' with the following arguments: {'ament_cmake_args': None, 'build_base': '/home/nikhil/Work/ROS/control_ws/build/three_wheel', 'catkin_cmake_args': None, 'catkin_skip_building_tests': False, 'cmake_args': None, 'cmake_clean_cache': False, 'cmake_clean_first': False, 'cmake_force_configure': False, 'cmake_target': None, 'cmake_target_skip_unavailable': False, 'install_base': '/home/nikhil/Work/ROS/control_ws/install/three_wheel', 'merge_install': False, 'path': '/home/nikhil/Work/ROS/control_ws/src/three_wheel', 'symlink_install': False, 'test_result_base': None}
[0.223s] INFO:colcon.colcon_core.executor:Executing jobs using 'parallel' executor
[0.224s] DEBUG:colcon.colcon_parallel_executor.executor.parallel:run_until_complete
[0.224s] INFO:colcon.colcon_ros.task.ament_cmake.build:Building ROS package in '/home/nikhil/Work/ROS/control_ws/src/diff_drive' with build type 'ament_cmake'
[0.224s] INFO:colcon.colcon_cmake.task.cmake.build:Building CMake package in '/home/nikhil/Work/ROS/control_ws/src/diff_drive'
[0.225s] INFO:colcon.colcon_core.plugin_system:Skipping extension 'colcon_core.shell.bat': Not used on non-Windows systems
[0.225s] INFO:colcon.colcon_core.shell:Skip shell extension 'powershell' for command environment: Not usable outside of PowerShell
[0.225s] DEBUG:colcon.colcon_core.shell:Skip shell extension 'dsv' for command environment
[0.228s] INFO:colcon.colcon_ros.task.ament_cmake.build:Building ROS package in '/home/nikhil/Work/ROS/control_ws/src/diffdrive_arduino' with build type 'ament_cmake'
[0.229s] INFO:colcon.colcon_cmake.task.cmake.build:Building CMake package in '/home/nikhil/Work/ROS/control_ws/src/diffdrive_arduino'
[0.229s] INFO:colcon.colcon_core.shell:Skip shell extension 'powershell' for command environment: Not usable outside of PowerShell
[0.229s] DEBUG:colcon.colcon_core.shell:Skip shell extension 'dsv' for command environment
[0.232s] INFO:colcon.colcon_ros.task.ament_cmake.build:Building ROS package in '/home/nikhil/Work/ROS/control_ws/src/three_wheel' with build type 'ament_cmake'
[0.232s] INFO:colcon.colcon_cmake.task.cmake.build:Building CMake package in '/home/nikhil/Work/ROS/control_ws/src/three_wheel'
[0.232s] INFO:colcon.colcon_core.shell:Skip shell extension 'powershell' for command environment: Not usable outside of PowerShell
[0.232s] DEBUG:colcon.colcon_core.shell:Skip shell extension 'dsv' for command environment
[0.237s] DEBUG:colcon.colcon_core.event_handler.log_command:Invoking command in '/home/nikhil/Work/ROS/control_ws/build/diff_drive': CMAKE_PREFIX_PATH=${CMAKE_PREFIX_PATH}:/home/nikhil/Work/ROS/ros2_ws/install/py_pkg:/opt/ros/humble /usr/bin/cmake --build /home/nikhil/Work/ROS/control_ws/build/diff_drive -- -j20 -l20
[0.240s] DEBUG:colcon.colcon_core.event_handler.log_command:Invoking command in '/home/nikhil/Work/ROS/control_ws/build/diffdrive_arduino': CMAKE_PREFIX_PATH=${CMAKE_PREFIX_PATH}:/home/nikhil/Work/ROS/ros2_ws/install/py_pkg:/opt/ros/humble /usr/bin/cmake --build /home/nikhil/Work/ROS/control_ws/build/diffdrive_arduino -- -j20 -l20
[0.242s] DEBUG:colcon.colcon_core.event_handler.log_command:Invoking command in '/home/nikhil/Work/ROS/control_ws/build/three_wheel': CMAKE_PREFIX_PATH=${CMAKE_PREFIX_PATH}:/home/nikhil/Work/ROS/ros2_ws/install/py_pkg:/opt/ros/humble /usr/bin/cmake --build /home/nikhil/Work/ROS/control_ws/build/three_wheel -- -j20 -l20
[0.291s] DEBUG:colcon.colcon_core.event_handler.log_command:Invoked command in '/home/nikhil/Work/ROS/control_ws/build/diffdrive_arduino' returned '0': CMAKE_PREFIX_PATH=${CMAKE_PREFIX_PATH}:/home/nikhil/Work/ROS/ros2_ws/install/py_pkg:/opt/ros/humble /usr/bin/cmake --build /home/nikhil/Work/ROS/control_ws/build/diffdrive_arduino -- -j20 -l20
[0.299s] DEBUG:colcon.colcon_core.event_handler.log_command:Invoking command in '/home/nikhil/Work/ROS/control_ws/build/diffdrive_arduino': CMAKE_PREFIX_PATH=${CMAKE_PREFIX_PATH}:/home/nikhil/Work/ROS/ros2_ws/install/py_pkg:/opt/ros/humble /usr/bin/cmake --install /home/nikhil/Work/ROS/control_ws/build/diffdrive_arduino
[0.299s] DEBUG:colcon.colcon_core.event_handler.log_command:Invoked command in '/home/nikhil/Work/ROS/control_ws/build/three_wheel' returned '0': CMAKE_PREFIX_PATH=${CMAKE_PREFIX_PATH}:/home/nikhil/Work/ROS/ros2_ws/install/py_pkg:/opt/ros/humble /usr/bin/cmake --build /home/nikhil/Work/ROS/control_ws/build/three_wheel -- -j20 -l20
[0.300s] DEBUG:colcon.colcon_core.event_handler.log_command:Invoking command in '/home/nikhil/Work/ROS/control_ws/build/three_wheel': CMAKE_PREFIX_PATH=${CMAKE_PREFIX_PATH}:/home/nikhil/Work/ROS/ros2_ws/install/py_pkg:/opt/ros/humble /usr/bin/cmake --install /home/nikhil/Work/ROS/control_ws/build/three_wheel
[0.301s] DEBUG:colcon.colcon_core.event_handler.log_command:Invoked command in '/home/nikhil/Work/ROS/control_ws/build/diff_drive' returned '0': CMAKE_PREFIX_PATH=${CMAKE_PREFIX_PATH}:/home/nikhil/Work/ROS/ros2_ws/install/py_pkg:/opt/ros/humble /usr/bin/cmake --build /home/nikhil/Work/ROS/control_ws/build/diff_drive -- -j20 -l20
[0.302s] DEBUG:colcon.colcon_core.event_handler.log_command:Invoking command in '/home/nikhil/Work/ROS/control_ws/build/diff_drive': CMAKE_PREFIX_PATH=${CMAKE_PREFIX_PATH}:/home/nikhil/Work/ROS/ros2_ws/install/py_pkg:/opt/ros/humble /usr/bin/cmake --install /home/nikhil/Work/ROS/control_ws/build/diff_drive
[0.307s] Level 1:colcon.colcon_core.environment:create_environment_scripts_only(diffdrive_arduino)
[0.311s] DEBUG:colcon.colcon_core.event_handler.log_command:Invoked command in '/home/nikhil/Work/ROS/control_ws/build/diffdrive_arduino' returned '0': CMAKE_PREFIX_PATH=${CMAKE_PREFIX_PATH}:/home/nikhil/Work/ROS/ros2_ws/install/py_pkg:/opt/ros/humble /usr/bin/cmake --install /home/nikhil/Work/ROS/control_ws/build/diffdrive_arduino
[0.313s] Level 1:colcon.colcon_core.environment:checking '/home/nikhil/Work/ROS/control_ws/install/diffdrive_arduino' for CMake module files
[0.313s] Level 1:colcon.colcon_core.environment:checking '/home/nikhil/Work/ROS/control_ws/install/diffdrive_arduino' for CMake config files
[0.314s] Level 1:colcon.colcon_core.shell:create_environment_hook('diffdrive_arduino', 'cmake_prefix_path')
[0.314s] INFO:colcon.colcon_core.shell:Creating environment hook '/home/nikhil/Work/ROS/control_ws/install/diffdrive_arduino/share/diffdrive_arduino/hook/cmake_prefix_path.ps1'
[0.314s] INFO:colcon.colcon_core.shell:Creating environment descriptor '/home/nikhil/Work/ROS/control_ws/install/diffdrive_arduino/share/diffdrive_arduino/hook/cmake_prefix_path.dsv'
[0.314s] INFO:colcon.colcon_core.shell:Creating environment hook '/home/nikhil/Work/ROS/control_ws/install/diffdrive_arduino/share/diffdrive_arduino/hook/cmake_prefix_path.sh'
[0.315s] Level 1:colcon.colcon_core.environment:checking '/home/nikhil/Work/ROS/control_ws/install/diffdrive_arduino/lib'
[0.315s] Level 1:colcon.colcon_core.shell:create_environment_hook('diffdrive_arduino', 'ld_library_path_lib')
[0.315s] INFO:colcon.colcon_core.shell:Creating environment hook '/home/nikhil/Work/ROS/control_ws/install/diffdrive_arduino/share/diffdrive_arduino/hook/ld_library_path_lib.ps1'
[0.315s] INFO:colcon.colcon_core.shell:Creating environment descriptor '/home/nikhil/Work/ROS/control_ws/install/diffdrive_arduino/share/diffdrive_arduino/hook/ld_library_path_lib.dsv'
[0.316s] INFO:colcon.colcon_core.shell:Creating environment hook '/home/nikhil/Work/ROS/control_ws/install/diffdrive_arduino/share/diffdrive_arduino/hook/ld_library_path_lib.sh'
[0.316s] Level 1:colcon.colcon_core.environment:checking '/home/nikhil/Work/ROS/control_ws/install/diffdrive_arduino/bin'
[0.316s] Level 1:colcon.colcon_core.environment:checking '/home/nikhil/Work/ROS/control_ws/install/diffdrive_arduino/lib/pkgconfig/diffdrive_arduino.pc'
[0.316s] Level 1:colcon.colcon_core.environment:checking '/home/nikhil/Work/ROS/control_ws/install/diffdrive_arduino/lib/python3.10/site-packages'
[0.316s] Level 1:colcon.colcon_core.environment:checking '/home/nikhil/Work/ROS/control_ws/install/diffdrive_arduino/bin'
[0.316s] INFO:colcon.colcon_core.shell:Creating package script '/home/nikhil/Work/ROS/control_ws/install/diffdrive_arduino/share/diffdrive_arduino/package.ps1'
[0.317s] INFO:colcon.colcon_core.shell:Creating package descriptor '/home/nikhil/Work/ROS/control_ws/install/diffdrive_arduino/share/diffdrive_arduino/package.dsv'
[0.317s] INFO:colcon.colcon_core.shell:Creating package script '/home/nikhil/Work/ROS/control_ws/install/diffdrive_arduino/share/diffdrive_arduino/package.sh'
[0.317s] INFO:colcon.colcon_core.shell:Creating package script '/home/nikhil/Work/ROS/control_ws/install/diffdrive_arduino/share/diffdrive_arduino/package.bash'
[0.318s] INFO:colcon.colcon_core.shell:Creating package script '/home/nikhil/Work/ROS/control_ws/install/diffdrive_arduino/share/diffdrive_arduino/package.zsh'
[0.318s] Level 1:colcon.colcon_core.environment:create_file_with_runtime_dependencies(/home/nikhil/Work/ROS/control_ws/install/diffdrive_arduino/share/colcon-core/packages/diffdrive_arduino)
[0.319s] Level 1:colcon.colcon_core.environment:create_environment_scripts_only(diffdrive_arduino)
[0.319s] Level 1:colcon.colcon_core.environment:checking '/home/nikhil/Work/ROS/control_ws/install/diffdrive_arduino' for CMake module files
[0.319s] Level 1:colcon.colcon_core.environment:checking '/home/nikhil/Work/ROS/control_ws/install/diffdrive_arduino' for CMake config files
[0.319s] Level 1:colcon.colcon_core.shell:create_environment_hook('diffdrive_arduino', 'cmake_prefix_path')
[0.319s] INFO:colcon.colcon_core.shell:Creating environment hook '/home/nikhil/Work/ROS/control_ws/install/diffdrive_arduino/share/diffdrive_arduino/hook/cmake_prefix_path.ps1'
[0.319s] INFO:colcon.colcon_core.shell:Creating environment descriptor '/home/nikhil/Work/ROS/control_ws/install/diffdrive_arduino/share/diffdrive_arduino/hook/cmake_prefix_path.dsv'
[0.319s] INFO:colcon.colcon_core.shell:Creating environment hook '/home/nikhil/Work/ROS/control_ws/install/diffdrive_arduino/share/diffdrive_arduino/hook/cmake_prefix_path.sh'
[0.320s] Level 1:colcon.colcon_core.environment:checking '/home/nikhil/Work/ROS/control_ws/install/diffdrive_arduino/lib'
[0.320s] Level 1:colcon.colcon_core.shell:create_environment_hook('diffdrive_arduino', 'ld_library_path_lib')
[0.320s] INFO:colcon.colcon_core.shell:Creating environment hook '/home/nikhil/Work/ROS/control_ws/install/diffdrive_arduino/share/diffdrive_arduino/hook/ld_library_path_lib.ps1'
[0.320s] INFO:colcon.colcon_core.shell:Creating environment descriptor '/home/nikhil/Work/ROS/control_ws/install/diffdrive_arduino/share/diffdrive_arduino/hook/ld_library_path_lib.dsv'
[0.320s] INFO:colcon.colcon_core.shell:Creating environment hook '/home/nikhil/Work/ROS/control_ws/install/diffdrive_arduino/share/diffdrive_arduino/hook/ld_library_path_lib.sh'
[0.321s] Level 1:colcon.colcon_core.environment:checking '/home/nikhil/Work/ROS/control_ws/install/diffdrive_arduino/bin'
[0.321s] Level 1:colcon.colcon_core.environment:checking '/home/nikhil/Work/ROS/control_ws/install/diffdrive_arduino/lib/pkgconfig/diffdrive_arduino.pc'
[0.321s] Level 1:colcon.colcon_core.environment:checking '/home/nikhil/Work/ROS/control_ws/install/diffdrive_arduino/lib/python3.10/site-packages'
[0.321s] Level 1:colcon.colcon_core.environment:checking '/home/nikhil/Work/ROS/control_ws/install/diffdrive_arduino/bin'
[0.321s] INFO:colcon.colcon_core.shell:Creating package script '/home/nikhil/Work/ROS/control_ws/install/diffdrive_arduino/share/diffdrive_arduino/package.ps1'
[0.321s] INFO:colcon.colcon_core.shell:Creating package descriptor '/home/nikhil/Work/ROS/control_ws/install/diffdrive_arduino/share/diffdrive_arduino/package.dsv'
[0.322s] INFO:colcon.colcon_core.shell:Creating package script '/home/nikhil/Work/ROS/control_ws/install/diffdrive_arduino/share/diffdrive_arduino/package.sh'
[0.322s] INFO:colcon.colcon_core.shell:Creating package script '/home/nikhil/Work/ROS/control_ws/install/diffdrive_arduino/share/diffdrive_arduino/package.bash'
[0.322s] INFO:colcon.colcon_core.shell:Creating package script '/home/nikhil/Work/ROS/control_ws/install/diffdrive_arduino/share/diffdrive_arduino/package.zsh'
[0.322s] Level 1:colcon.colcon_core.environment:create_file_with_runtime_dependencies(/home/nikhil/Work/ROS/control_ws/install/diffdrive_arduino/share/colcon-core/packages/diffdrive_arduino)
[0.323s] Level 1:colcon.colcon_core.environment:create_environment_scripts_only(diff_drive)
[0.323s] Level 1:colcon.colcon_core.environment:checking '/home/nikhil/Work/ROS/control_ws/install/diff_drive' for CMake module files
[0.324s] DEBUG:colcon.colcon_core.event_handler.log_command:Invoked command in '/home/nikhil/Work/ROS/control_ws/build/diff_drive' returned '0': CMAKE_PREFIX_PATH=${CMAKE_PREFIX_PATH}:/home/nikhil/Work/ROS/ros2_ws/install/py_pkg:/opt/ros/humble /usr/bin/cmake --install /home/nikhil/Work/ROS/control_ws/build/diff_drive
[0.324s] Level 1:colcon.colcon_core.environment:checking '/home/nikhil/Work/ROS/control_ws/install/diff_drive' for CMake config files
[0.324s] Level 1:colcon.colcon_core.shell:create_environment_hook('diff_drive', 'cmake_prefix_path')
[0.324s] INFO:colcon.colcon_core.shell:Creating environment hook '/home/nikhil/Work/ROS/control_ws/install/diff_drive/share/diff_drive/hook/cmake_prefix_path.ps1'
[0.324s] INFO:colcon.colcon_core.shell:Creating environment descriptor '/home/nikhil/Work/ROS/control_ws/install/diff_drive/share/diff_drive/hook/cmake_prefix_path.dsv'
[0.325s] INFO:colcon.colcon_core.shell:Creating environment hook '/home/nikhil/Work/ROS/control_ws/install/diff_drive/share/diff_drive/hook/cmake_prefix_path.sh'
[0.325s] Level 1:colcon.colcon_core.environment:checking '/home/nikhil/Work/ROS/control_ws/install/diff_drive/lib'
[0.325s] Level 1:colcon.colcon_core.shell:create_environment_hook('diff_drive', 'ld_library_path_lib')
[0.325s] INFO:colcon.colcon_core.shell:Creating environment hook '/home/nikhil/Work/ROS/control_ws/install/diff_drive/share/diff_drive/hook/ld_library_path_lib.ps1'
[0.325s] INFO:colcon.colcon_core.shell:Creating environment descriptor '/home/nikhil/Work/ROS/control_ws/install/diff_drive/share/diff_drive/hook/ld_library_path_lib.dsv'
[0.325s] INFO:colcon.colcon_core.shell:Creating environment hook '/home/nikhil/Work/ROS/control_ws/install/diff_drive/share/diff_drive/hook/ld_library_path_lib.sh'
[0.326s] Level 1:colcon.colcon_core.environment:checking '/home/nikhil/Work/ROS/control_ws/install/diff_drive/bin'
[0.326s] Level 1:colcon.colcon_core.environment:checking '/home/nikhil/Work/ROS/control_ws/install/diff_drive/lib/pkgconfig/diff_drive.pc'
[0.326s] Level 1:colcon.colcon_core.environment:checking '/home/nikhil/Work/ROS/control_ws/install/diff_drive/lib/python3.10/site-packages'
[0.326s] Level 1:colcon.colcon_core.environment:checking '/home/nikhil/Work/ROS/control_ws/install/diff_drive/bin'
[0.326s] INFO:colcon.colcon_core.shell:Creating package script '/home/nikhil/Work/ROS/control_ws/install/diff_drive/share/diff_drive/package.ps1'
[0.326s] INFO:colcon.colcon_core.shell:Creating package descriptor '/home/nikhil/Work/ROS/control_ws/install/diff_drive/share/diff_drive/package.dsv'
[0.327s] INFO:colcon.colcon_core.shell:Creating package script '/home/nikhil/Work/ROS/control_ws/install/diff_drive/share/diff_drive/package.sh'
[0.327s] INFO:colcon.colcon_core.shell:Creating package script '/home/nikhil/Work/ROS/control_ws/install/diff_drive/share/diff_drive/package.bash'
[0.327s] INFO:colcon.colcon_core.shell:Creating package script '/home/nikhil/Work/ROS/control_ws/install/diff_drive/share/diff_drive/package.zsh'
[0.327s] Level 1:colcon.colcon_core.environment:create_file_with_runtime_dependencies(/home/nikhil/Work/ROS/control_ws/install/diff_drive/share/colcon-core/packages/diff_drive)
[0.327s] Level 1:colcon.colcon_core.environment:create_environment_scripts_only(diff_drive)
[0.328s] Level 1:colcon.colcon_core.environment:checking '/home/nikhil/Work/ROS/control_ws/install/diff_drive' for CMake module files
[0.328s] Level 1:colcon.colcon_core.environment:checking '/home/nikhil/Work/ROS/control_ws/install/diff_drive' for CMake config files
[0.328s] Level 1:colcon.colcon_core.shell:create_environment_hook('diff_drive', 'cmake_prefix_path')
[0.328s] INFO:colcon.colcon_core.shell:Creating environment hook '/home/nikhil/Work/ROS/control_ws/install/diff_drive/share/diff_drive/hook/cmake_prefix_path.ps1'
[0.328s] INFO:colcon.colcon_core.shell:Creating environment descriptor '/home/nikhil/Work/ROS/control_ws/install/diff_drive/share/diff_drive/hook/cmake_prefix_path.dsv'
[0.328s] INFO:colcon.colcon_core.shell:Creating environment hook '/home/nikhil/Work/ROS/control_ws/install/diff_drive/share/diff_drive/hook/cmake_prefix_path.sh'
[0.329s] Level 1:colcon.colcon_core.environment:checking '/home/nikhil/Work/ROS/control_ws/install/diff_drive/lib'
[0.329s] Level 1:colcon.colcon_core.shell:create_environment_hook('diff_drive', 'ld_library_path_lib')
[0.329s] INFO:colcon.colcon_core.shell:Creating environment hook '/home/nikhil/Work/ROS/control_ws/install/diff_drive/share/diff_drive/hook/ld_library_path_lib.ps1'
[0.329s] INFO:colcon.colcon_core.shell:Creating environment descriptor '/home/nikhil/Work/ROS/control_ws/install/diff_drive/share/diff_drive/hook/ld_library_path_lib.dsv'
[0.329s] INFO:colcon.colcon_core.shell:Creating environment hook '/home/nikhil/Work/ROS/control_ws/install/diff_drive/share/diff_drive/hook/ld_library_path_lib.sh'
[0.329s] Level 1:colcon.colcon_core.environment:checking '/home/nikhil/Work/ROS/control_ws/install/diff_drive/bin'
[0.329s] Level 1:colcon.colcon_core.environment:checking '/home/nikhil/Work/ROS/control_ws/install/diff_drive/lib/pkgconfig/diff_drive.pc'
[0.329s] Level 1:colcon.colcon_core.environment:checking '/home/nikhil/Work/ROS/control_ws/install/diff_drive/lib/python3.10/site-packages'
[0.330s] Level 1:colcon.colcon_core.environment:checking '/home/nikhil/Work/ROS/control_ws/install/diff_drive/bin'
[0.330s] INFO:colcon.colcon_core.shell:Creating package script '/home/nikhil/Work/ROS/control_ws/install/diff_drive/share/diff_drive/package.ps1'
[0.330s] INFO:colcon.colcon_core.shell:Creating package descriptor '/home/nikhil/Work/ROS/control_ws/install/diff_drive/share/diff_drive/package.dsv'
[0.330s] INFO:colcon.colcon_core.shell:Creating package script '/home/nikhil/Work/ROS/control_ws/install/diff_drive/share/diff_drive/package.sh'
[0.331s] INFO:colcon.colcon_core.shell:Creating package script '/home/nikhil/Work/ROS/control_ws/install/diff_drive/share/diff_drive/package.bash'
[0.331s] INFO:colcon.colcon_core.shell:Creating package script '/home/nikhil/Work/ROS/control_ws/install/diff_drive/share/diff_drive/package.zsh'
[0.331s] Level 1:colcon.colcon_core.environment:create_file_with_runtime_dependencies(/home/nikhil/Work/ROS/control_ws/install/diff_drive/share/colcon-core/packages/diff_drive)
[0.331s] Level 1:colcon.colcon_core.environment:create_environment_scripts_only(three_wheel)
[0.331s] Level 1:colcon.colcon_core.environment:checking '/home/nikhil/Work/ROS/control_ws/install/three_wheel' for CMake module files
[0.332s] DEBUG:colcon.colcon_core.event_handler.log_command:Invoked command in '/home/nikhil/Work/ROS/control_ws/build/three_wheel' returned '0': CMAKE_PREFIX_PATH=${CMAKE_PREFIX_PATH}:/home/nikhil/Work/ROS/ros2_ws/install/py_pkg:/opt/ros/humble /usr/bin/cmake --install /home/nikhil/Work/ROS/control_ws/build/three_wheel
[0.332s] Level 1:colcon.colcon_core.environment:checking '/home/nikhil/Work/ROS/control_ws/install/three_wheel' for CMake config files
[0.332s] Level 1:colcon.colcon_core.shell:create_environment_hook('three_wheel', 'cmake_prefix_path')
[0.332s] INFO:colcon.colcon_core.shell:Creating environment hook '/home/nikhil/Work/ROS/control_ws/install/three_wheel/share/three_wheel/hook/cmake_prefix_path.ps1'
[0.332s] INFO:colcon.colcon_core.shell:Creating environment descriptor '/home/nikhil/Work/ROS/control_ws/install/three_wheel/share/three_wheel/hook/cmake_prefix_path.dsv'
[0.333s] INFO:colcon.colcon_core.shell:Creating environment hook '/home/nikhil/Work/ROS/control_ws/install/three_wheel/share/three_wheel/hook/cmake_prefix_path.sh'
[0.333s] Level 1:colcon.colcon_core.environment:checking '/home/nikhil/Work/ROS/control_ws/install/three_wheel/lib'
[0.333s] Level 1:colcon.colcon_core.shell:create_environment_hook('three_wheel', 'ld_library_path_lib')
[0.333s] INFO:colcon.colcon_core.shell:Creating environment hook '/home/nikhil/Work/ROS/control_ws/install/three_wheel/share/three_wheel/hook/ld_library_path_lib.ps1'
[0.333s] INFO:colcon.colcon_core.shell:Creating environment descriptor '/home/nikhil/Work/ROS/control_ws/install/three_wheel/share/three_wheel/hook/ld_library_path_lib.dsv'
[0.333s] INFO:colcon.colcon_core.shell:Creating environment hook '/home/nikhil/Work/ROS/control_ws/install/three_wheel/share/three_wheel/hook/ld_library_path_lib.sh'
[0.334s] Level 1:colcon.colcon_core.environment:checking '/home/nikhil/Work/ROS/control_ws/install/three_wheel/bin'
[0.334s] Level 1:colcon.colcon_core.environment:checking '/home/nikhil/Work/ROS/control_ws/install/three_wheel/lib/pkgconfig/three_wheel.pc'
[0.334s] Level 1:colcon.colcon_core.environment:checking '/home/nikhil/Work/ROS/control_ws/install/three_wheel/lib/python3.10/site-packages'
[0.334s] Level 1:colcon.colcon_core.environment:checking '/home/nikhil/Work/ROS/control_ws/install/three_wheel/bin'
[0.334s] INFO:colcon.colcon_core.shell:Creating package script '/home/nikhil/Work/ROS/control_ws/install/three_wheel/share/three_wheel/package.ps1'
[0.334s] INFO:colcon.colcon_core.shell:Creating package descriptor '/home/nikhil/Work/ROS/control_ws/install/three_wheel/share/three_wheel/package.dsv'
[0.334s] INFO:colcon.colcon_core.shell:Creating package script '/home/nikhil/Work/ROS/control_ws/install/three_wheel/share/three_wheel/package.sh'
[0.335s] INFO:colcon.colcon_core.shell:Creating package script '/home/nikhil/Work/ROS/control_ws/install/three_wheel/share/three_wheel/package.bash'
[0.335s] INFO:colcon.colcon_core.shell:Creating package script '/home/nikhil/Work/ROS/control_ws/install/three_wheel/share/three_wheel/package.zsh'
[0.335s] Level 1:colcon.colcon_core.environment:create_file_with_runtime_dependencies(/home/nikhil/Work/ROS/control_ws/install/three_wheel/share/colcon-core/packages/three_wheel)
[0.335s] Level 1:colcon.colcon_core.environment:create_environment_scripts_only(three_wheel)
[0.335s] Level 1:colcon.colcon_core.environment:checking '/home/nikhil/Work/ROS/control_ws/install/three_wheel' for CMake module files
[0.336s] Level 1:colcon.colcon_core.environment:checking '/home/nikhil/Work/ROS/control_ws/install/three_wheel' for CMake config files
[0.336s] Level 1:colcon.colcon_core.shell:create_environment_hook('three_wheel', 'cmake_prefix_path')
[0.336s] INFO:colcon.colcon_core.shell:Creating environment hook '/home/nikhil/Work/ROS/control_ws/install/three_wheel/share/three_wheel/hook/cmake_prefix_path.ps1'
[0.336s] INFO:colcon.colcon_core.shell:Creating environment descriptor '/home/nikhil/Work/ROS/control_ws/install/three_wheel/share/three_wheel/hook/cmake_prefix_path.dsv'
[0.336s] INFO:colcon.colcon_core.shell:Creating environment hook '/home/nikhil/Work/ROS/control_ws/install/three_wheel/share/three_wheel/hook/cmake_prefix_path.sh'
[0.336s] Level 1:colcon.colcon_core.environment:checking '/home/nikhil/Work/ROS/control_ws/install/three_wheel/lib'
[0.336s] Level 1:colcon.colcon_core.shell:create_environment_hook('three_wheel', 'ld_library_path_lib')
[0.337s] INFO:colcon.colcon_core.shell:Creating environment hook '/home/nikhil/Work/ROS/control_ws/install/three_wheel/share/three_wheel/hook/ld_library_path_lib.ps1'
[0.337s] INFO:colcon.colcon_core.shell:Creating environment descriptor '/home/nikhil/Work/ROS/control_ws/install/three_wheel/share/three_wheel/hook/ld_library_path_lib.dsv'
[0.337s] INFO:colcon.colcon_core.shell:Creating environment hook '/home/nikhil/Work/ROS/control_ws/install/three_wheel/share/three_wheel/hook/ld_library_path_lib.sh'
[0.337s] Level 1:colcon.colcon_core.environment:checking '/home/nikhil/Work/ROS/control_ws/install/three_wheel/bin'
[0.337s] Level 1:colcon.colcon_core.environment:checking '/home/nikhil/Work/ROS/control_ws/install/three_wheel/lib/pkgconfig/three_wheel.pc'
[0.337s] Level 1:colcon.colcon_core.environment:checking '/home/nikhil/Work/ROS/control_ws/install/three_wheel/lib/python3.10/site-packages'
[0.337s] Level 1:colcon.colcon_core.environment:checking '/home/nikhil/Work/ROS/control_ws/install/three_wheel/bin'
[0.338s] INFO:colcon.colcon_core.shell:Creating package script '/home/nikhil/Work/ROS/control_ws/install/three_wheel/share/three_wheel/package.ps1'
[0.338s] INFO:colcon.colcon_core.shell:Creating package descriptor '/home/nikhil/Work/ROS/control_ws/install/three_wheel/share/three_wheel/package.dsv'
[0.338s] INFO:colcon.colcon_core.shell:Creating package script '/home/nikhil/Work/ROS/control_ws/install/three_wheel/share/three_wheel/package.sh'
[0.338s] INFO:colcon.colcon_core.shell:Creating package script '/home/nikhil/Work/ROS/control_ws/install/three_wheel/share/three_wheel/package.bash'
[0.339s] INFO:colcon.colcon_core.shell:Creating package script '/home/nikhil/Work/ROS/control_ws/install/three_wheel/share/three_wheel/package.zsh'
[0.339s] Level 1:colcon.colcon_core.environment:create_file_with_runtime_dependencies(/home/nikhil/Work/ROS/control_ws/install/three_wheel/share/colcon-core/packages/three_wheel)
[0.339s] DEBUG:colcon.colcon_parallel_executor.executor.parallel:closing loop
[0.339s] DEBUG:colcon.colcon_parallel_executor.executor.parallel:loop closed
[0.339s] DEBUG:colcon.colcon_parallel_executor.executor.parallel:run_until_complete finished with '0'
[0.339s] DEBUG:colcon.colcon_core.event_reactor:joining thread
[0.342s] INFO:colcon.colcon_core.plugin_system:Skipping extension 'colcon_notification.desktop_notification.terminal_notifier': Not used on non-Darwin systems
[0.343s] INFO:colcon.colcon_core.plugin_system:Skipping extension 'colcon_notification.desktop_notification.win32': Not used on non-Windows systems
[0.343s] INFO:colcon.colcon_notification.desktop_notification:Sending desktop notification using 'notify2'
[0.347s] DEBUG:colcon.colcon_core.event_reactor:joined thread
[0.347s] INFO:colcon.colcon_core.shell:Creating prefix script '/home/nikhil/Work/ROS/control_ws/install/local_setup.ps1'
[0.348s] INFO:colcon.colcon_core.shell:Creating prefix util module '/home/nikhil/Work/ROS/control_ws/install/_local_setup_util_ps1.py'
[0.349s] INFO:colcon.colcon_core.shell:Creating prefix chain script '/home/nikhil/Work/ROS/control_ws/install/setup.ps1'
[0.349s] INFO:colcon.colcon_core.shell:Creating prefix script '/home/nikhil/Work/ROS/control_ws/install/local_setup.sh'
[0.350s] INFO:colcon.colcon_core.shell:Creating prefix util module '/home/nikhil/Work/ROS/control_ws/install/_local_setup_util_sh.py'
[0.350s] INFO:colcon.colcon_core.shell:Creating prefix chain script '/home/nikhil/Work/ROS/control_ws/install/setup.sh'
[0.351s] INFO:colcon.colcon_core.shell:Creating prefix script '/home/nikhil/Work/ROS/control_ws/install/local_setup.bash'
[0.351s] INFO:colcon.colcon_core.shell:Creating prefix chain script '/home/nikhil/Work/ROS/control_ws/install/setup.bash'
[0.352s] INFO:colcon.colcon_core.shell:Creating prefix script '/home/nikhil/Work/ROS/control_ws/install/local_setup.zsh'
[0.352s] INFO:colcon.colcon_core.shell:Creating prefix chain script '/home/nikhil/Work/ROS/control_ws/install/setup.zsh'
