[0.006s] Invoking command in '/home/nikhil/ROS/ros2_ws/build/cpp_pkg': CMAKE_PREFIX_PATH=/home/nikhil/ROS/ros2_ws/install/my_robot_interfaces:/home/nikhil/ROS/ros2_ws/install/cpp_pkg:/home/nikhil/ROS/ros2_ws/install/course_activities:/home/nikhil/ROS/ros2_ws/install/py_pkg:/opt/ros/humble /usr/bin/cmake --build /home/nikhil/ROS/ros2_ws/build/cpp_pkg -- -j20 -l20
[0.036s] [35m[1mConsolidate compiler generated dependencies of target hw_status_publisher[0m
[0.046s] [ 14%] Built target add_two_ints_client
[0.046s] [ 28%] Built target add_two_ints_client_no_oops
[0.047s] [ 42%] Built target add_two_ints_server
[0.049s] [ 57%] Built target cpp_node
[0.049s] [ 71%] Built target smartphone
[0.049s] [ 85%] Built target robot_news_station
[0.050s] [100%] Built target hw_status_publisher
[0.057s] Invoked command in '/home/nikhil/ROS/ros2_ws/build/cpp_pkg' returned '0': CMAKE_PREFIX_PATH=/home/nikhil/ROS/ros2_ws/install/my_robot_interfaces:/home/nikhil/ROS/ros2_ws/install/cpp_pkg:/home/nikhil/ROS/ros2_ws/install/course_activities:/home/nikhil/ROS/ros2_ws/install/py_pkg:/opt/ros/humble /usr/bin/cmake --build /home/nikhil/ROS/ros2_ws/build/cpp_pkg -- -j20 -l20
[0.097s] Invoking command in '/home/nikhil/ROS/ros2_ws/build/cpp_pkg': CMAKE_PREFIX_PATH=/home/nikhil/ROS/ros2_ws/install/my_robot_interfaces:/home/nikhil/ROS/ros2_ws/install/cpp_pkg:/home/nikhil/ROS/ros2_ws/install/course_activities:/home/nikhil/ROS/ros2_ws/install/py_pkg:/opt/ros/humble /usr/bin/cmake --install /home/nikhil/ROS/ros2_ws/build/cpp_pkg
[0.102s] -- Install configuration: ""
[0.102s] -- Up-to-date: /home/nikhil/ROS/ros2_ws/install/cpp_pkg/lib/cpp_pkg/cpp_node
[0.102s] -- Up-to-date: /home/nikhil/ROS/ros2_ws/install/cpp_pkg/lib/cpp_pkg/robot_news_station
[0.102s] -- Up-to-date: /home/nikhil/ROS/ros2_ws/install/cpp_pkg/lib/cpp_pkg/smartphone
[0.102s] -- Up-to-date: /home/nikhil/ROS/ros2_ws/install/cpp_pkg/lib/cpp_pkg/add_two_ints_server
[0.102s] -- Up-to-date: /home/nikhil/ROS/ros2_ws/install/cpp_pkg/lib/cpp_pkg/add_two_ints_client_no_oops
[0.102s] -- Up-to-date: /home/nikhil/ROS/ros2_ws/install/cpp_pkg/lib/cpp_pkg/add_two_ints_client
[0.102s] -- Up-to-date: /home/nikhil/ROS/ros2_ws/install/cpp_pkg/share/ament_index/resource_index/package_run_dependencies/cpp_pkg
[0.102s] -- Up-to-date: /home/nikhil/ROS/ros2_ws/install/cpp_pkg/share/ament_index/resource_index/parent_prefix_path/cpp_pkg
[0.102s] -- Up-to-date: /home/nikhil/ROS/ros2_ws/install/cpp_pkg/share/cpp_pkg/environment/ament_prefix_path.sh
[0.102s] -- Up-to-date: /home/nikhil/ROS/ros2_ws/install/cpp_pkg/share/cpp_pkg/environment/ament_prefix_path.dsv
[0.102s] -- Up-to-date: /home/nikhil/ROS/ros2_ws/install/cpp_pkg/share/cpp_pkg/environment/path.sh
[0.102s] -- Up-to-date: /home/nikhil/ROS/ros2_ws/install/cpp_pkg/share/cpp_pkg/environment/path.dsv
[0.102s] -- Up-to-date: /home/nikhil/ROS/ros2_ws/install/cpp_pkg/share/cpp_pkg/local_setup.bash
[0.102s] -- Up-to-date: /home/nikhil/ROS/ros2_ws/install/cpp_pkg/share/cpp_pkg/local_setup.sh
[0.102s] -- Up-to-date: /home/nikhil/ROS/ros2_ws/install/cpp_pkg/share/cpp_pkg/local_setup.zsh
[0.102s] -- Up-to-date: /home/nikhil/ROS/ros2_ws/install/cpp_pkg/share/cpp_pkg/local_setup.dsv
[0.102s] -- Installing: /home/nikhil/ROS/ros2_ws/install/cpp_pkg/share/cpp_pkg/package.dsv
[0.102s] -- Up-to-date: /home/nikhil/ROS/ros2_ws/install/cpp_pkg/share/ament_index/resource_index/packages/cpp_pkg
[0.102s] -- Up-to-date: /home/nikhil/ROS/ros2_ws/install/cpp_pkg/share/cpp_pkg/cmake/cpp_pkgConfig.cmake
[0.102s] -- Up-to-date: /home/nikhil/ROS/ros2_ws/install/cpp_pkg/share/cpp_pkg/cmake/cpp_pkgConfig-version.cmake
[0.102s] -- Up-to-date: /home/nikhil/ROS/ros2_ws/install/cpp_pkg/share/cpp_pkg/package.xml
[0.103s] Invoked command in '/home/nikhil/ROS/ros2_ws/build/cpp_pkg' returned '0': CMAKE_PREFIX_PATH=/home/nikhil/ROS/ros2_ws/install/my_robot_interfaces:/home/nikhil/ROS/ros2_ws/install/cpp_pkg:/home/nikhil/ROS/ros2_ws/install/course_activities:/home/nikhil/ROS/ros2_ws/install/py_pkg:/opt/ros/humble /usr/bin/cmake --install /home/nikhil/ROS/ros2_ws/build/cpp_pkg
