[0.015s] Invoking command in '/home/nikhil/ROS/ros2_ws_1/build/my_robot_description': CMAKE_PREFIX_PATH=${CMAKE_PREFIX_PATH}:/home/nikhil/ROS/ros2_ws/install/py_pkg:/opt/ros/humble /usr/bin/cmake /home/nikhil/ROS/ros2_ws_1/src/my_robot_description -DCMAKE_INSTALL_PREFIX=/home/nikhil/ROS/ros2_ws_1/install/my_robot_description
[0.083s] -- The C compiler identification is GNU 11.4.0
[0.152s] -- The CXX compiler identification is GNU 11.4.0
[0.161s] -- Detecting C compiler ABI info
[0.220s] -- Detecting C compiler ABI info - done
[0.225s] -- Check for working C compiler: /usr/bin/cc - skipped
[0.225s] -- Detecting C compile features
[0.226s] -- Detecting C compile features - done
[0.228s] -- Detecting CXX compiler ABI info
[0.288s] -- Detecting CXX compiler ABI info - done
[0.294s] -- Check for working CXX compiler: /usr/bin/c++ - skipped
[0.294s] -- Detecting CXX compile features
[0.294s] -- Detecting CXX compile features - done
[0.296s] -- Found ament_cmake: 1.3.9 (/opt/ros/humble/share/ament_cmake/cmake)
[0.403s] -- Found Python3: /usr/bin/python3 (found version "3.10.12") found components: Interpreter 
[0.505s] -- Configuring done
[0.506s] -- Generating done
[0.506s] -- Build files have been written to: /home/nikhil/ROS/ros2_ws_1/build/my_robot_description
[0.509s] Invoked command in '/home/nikhil/ROS/ros2_ws_1/build/my_robot_description' returned '0': CMAKE_PREFIX_PATH=${CMAKE_PREFIX_PATH}:/home/nikhil/ROS/ros2_ws/install/py_pkg:/opt/ros/humble /usr/bin/cmake /home/nikhil/ROS/ros2_ws_1/src/my_robot_description -DCMAKE_INSTALL_PREFIX=/home/nikhil/ROS/ros2_ws_1/install/my_robot_description
[0.510s] Invoking command in '/home/nikhil/ROS/ros2_ws_1/build/my_robot_description': CMAKE_PREFIX_PATH=${CMAKE_PREFIX_PATH}:/home/nikhil/ROS/ros2_ws/install/py_pkg:/opt/ros/humble /usr/bin/cmake --build /home/nikhil/ROS/ros2_ws_1/build/my_robot_description -- -j20 -l20
[0.542s] Invoked command in '/home/nikhil/ROS/ros2_ws_1/build/my_robot_description' returned '0': CMAKE_PREFIX_PATH=${CMAKE_PREFIX_PATH}:/home/nikhil/ROS/ros2_ws/install/py_pkg:/opt/ros/humble /usr/bin/cmake --build /home/nikhil/ROS/ros2_ws_1/build/my_robot_description -- -j20 -l20
[0.568s] Invoking command in '/home/nikhil/ROS/ros2_ws_1/build/my_robot_description': CMAKE_PREFIX_PATH=${CMAKE_PREFIX_PATH}:/home/nikhil/ROS/ros2_ws/install/py_pkg:/opt/ros/humble /usr/bin/cmake --install /home/nikhil/ROS/ros2_ws_1/build/my_robot_description
[0.573s] -- Install configuration: ""
[0.573s] -- Installing: /home/nikhil/ROS/ros2_ws_1/install/my_robot_description/share/my_robot_description//urdf
[0.573s] -- Installing: /home/nikhil/ROS/ros2_ws_1/install/my_robot_description/share/my_robot_description//urdf/activity_robot.urdf
[0.573s] -- Installing: /home/nikhil/ROS/ros2_ws_1/install/my_robot_description/share/ament_index/resource_index/package_run_dependencies/my_robot_description
[0.573s] -- Installing: /home/nikhil/ROS/ros2_ws_1/install/my_robot_description/share/ament_index/resource_index/parent_prefix_path/my_robot_description
[0.573s] -- Installing: /home/nikhil/ROS/ros2_ws_1/install/my_robot_description/share/my_robot_description/environment/ament_prefix_path.sh
[0.573s] -- Installing: /home/nikhil/ROS/ros2_ws_1/install/my_robot_description/share/my_robot_description/environment/ament_prefix_path.dsv
[0.573s] -- Installing: /home/nikhil/ROS/ros2_ws_1/install/my_robot_description/share/my_robot_description/environment/path.sh
[0.573s] -- Installing: /home/nikhil/ROS/ros2_ws_1/install/my_robot_description/share/my_robot_description/environment/path.dsv
[0.573s] -- Installing: /home/nikhil/ROS/ros2_ws_1/install/my_robot_description/share/my_robot_description/local_setup.bash
[0.573s] -- Installing: /home/nikhil/ROS/ros2_ws_1/install/my_robot_description/share/my_robot_description/local_setup.sh
[0.573s] -- Installing: /home/nikhil/ROS/ros2_ws_1/install/my_robot_description/share/my_robot_description/local_setup.zsh
[0.573s] -- Installing: /home/nikhil/ROS/ros2_ws_1/install/my_robot_description/share/my_robot_description/local_setup.dsv
[0.574s] -- Installing: /home/nikhil/ROS/ros2_ws_1/install/my_robot_description/share/my_robot_description/package.dsv
[0.574s] -- Installing: /home/nikhil/ROS/ros2_ws_1/install/my_robot_description/share/ament_index/resource_index/packages/my_robot_description
[0.574s] -- Installing: /home/nikhil/ROS/ros2_ws_1/install/my_robot_description/share/my_robot_description/cmake/my_robot_descriptionConfig.cmake
[0.574s] -- Installing: /home/nikhil/ROS/ros2_ws_1/install/my_robot_description/share/my_robot_description/cmake/my_robot_descriptionConfig-version.cmake
[0.574s] -- Installing: /home/nikhil/ROS/ros2_ws_1/install/my_robot_description/share/my_robot_description/package.xml
[0.575s] Invoked command in '/home/nikhil/ROS/ros2_ws_1/build/my_robot_description' returned '0': CMAKE_PREFIX_PATH=${CMAKE_PREFIX_PATH}:/home/nikhil/ROS/ros2_ws/install/py_pkg:/opt/ros/humble /usr/bin/cmake --install /home/nikhil/ROS/ros2_ws_1/build/my_robot_description
