[0.007s] Invoking command in '/home/nikhil/ROS/ros2_ws/build/cpp_pkg': CMAKE_PREFIX_PATH=${CMAKE_PREFIX_PATH}:/home/nikhil/ROS/ros2_ws/install/py_pkg /usr/bin/cmake --build /home/nikhil/ROS/ros2_ws/build/cpp_pkg -- -j20 -l20
[0.025s] -- Found ament_cmake: 1.3.9 (/opt/ros/humble/share/ament_cmake/cmake)
[0.115s] -- Found rclcpp: 16.0.9 (/opt/ros/humble/share/rclcpp/cmake)
[0.135s] -- Found rosidl_generator_c: 3.1.5 (/opt/ros/humble/share/rosidl_generator_c/cmake)
[0.136s] -- Found rosidl_adapter: 3.1.5 (/opt/ros/humble/share/rosidl_adapter/cmake)
[0.139s] -- Found rosidl_generator_cpp: 3.1.5 (/opt/ros/humble/share/rosidl_generator_cpp/cmake)
[0.147s] -- Using all available rosidl_typesupport_c: rosidl_typesupport_fastrtps_c;rosidl_typesupport_introspection_c
[0.155s] -- Using all available rosidl_typesupport_cpp: rosidl_typesupport_fastrtps_cpp;rosidl_typesupport_introspection_cpp
[0.188s] -- Found rmw_implementation_cmake: 6.1.2 (/opt/ros/humble/share/rmw_implementation_cmake/cmake)
[0.188s] -- Found rmw_fastrtps_cpp: 6.2.6 (/opt/ros/humble/share/rmw_fastrtps_cpp/cmake)
[0.261s] -- Using RMW implementation 'rmw_fastrtps_cpp' as default
[0.352s] -- Found example_interfaces: 0.9.3 (/opt/ros/humble/share/example_interfaces/cmake)
[0.484s] -- Configuring done
[0.500s] -- Generating done
[0.501s] -- Build files have been written to: /home/nikhil/ROS/ros2_ws/build/cpp_pkg
[0.523s] [35m[1mConsolidate compiler generated dependencies of target cpp_node[0m
[0.524s] [35m[1mConsolidate compiler generated dependencies of target add_two_ints_client_no_oops[0m
[0.524s] [35m[1mConsolidate compiler generated dependencies of target smartphone[0m
[0.526s] [35m[1mConsolidate compiler generated dependencies of target add_two_ints_client[0m
[0.527s] [35m[1mConsolidate compiler generated dependencies of target robot_news_station[0m
[0.528s] [35m[1mConsolidate compiler generated dependencies of target add_two_ints_server[0m
[0.539s] [ 33%] Built target cpp_node
[0.540s] [ 33%] Built target smartphone
[0.540s] [ 50%] Built target add_two_ints_client_no_oops
[0.542s] [ 66%] Built target add_two_ints_client
[0.546s] [100%] Built target add_two_ints_server
[0.546s] [100%] Built target robot_news_station
[0.555s] Invoked command in '/home/nikhil/ROS/ros2_ws/build/cpp_pkg' returned '0': CMAKE_PREFIX_PATH=${CMAKE_PREFIX_PATH}:/home/nikhil/ROS/ros2_ws/install/py_pkg /usr/bin/cmake --build /home/nikhil/ROS/ros2_ws/build/cpp_pkg -- -j20 -l20
[0.597s] Invoking command in '/home/nikhil/ROS/ros2_ws/build/cpp_pkg': CMAKE_PREFIX_PATH=${CMAKE_PREFIX_PATH}:/home/nikhil/ROS/ros2_ws/install/py_pkg /usr/bin/cmake --install /home/nikhil/ROS/ros2_ws/build/cpp_pkg
[0.603s] -- Install configuration: ""
[0.603s] -- Up-to-date: /home/nikhil/ROS/ros2_ws/install/cpp_pkg/lib/cpp_pkg/cpp_node
[0.603s] -- Up-to-date: /home/nikhil/ROS/ros2_ws/install/cpp_pkg/lib/cpp_pkg/robot_news_station
[0.603s] -- Up-to-date: /home/nikhil/ROS/ros2_ws/install/cpp_pkg/lib/cpp_pkg/smartphone
[0.603s] -- Up-to-date: /home/nikhil/ROS/ros2_ws/install/cpp_pkg/lib/cpp_pkg/add_two_ints_server
[0.604s] -- Up-to-date: /home/nikhil/ROS/ros2_ws/install/cpp_pkg/lib/cpp_pkg/add_two_ints_client_no_oops
[0.604s] -- Up-to-date: /home/nikhil/ROS/ros2_ws/install/cpp_pkg/lib/cpp_pkg/add_two_ints_client
[0.604s] -- Installing: /home/nikhil/ROS/ros2_ws/install/cpp_pkg/share/ament_index/resource_index/package_run_dependencies/cpp_pkg
[0.604s] -- Installing: /home/nikhil/ROS/ros2_ws/install/cpp_pkg/share/ament_index/resource_index/parent_prefix_path/cpp_pkg
[0.604s] -- Up-to-date: /home/nikhil/ROS/ros2_ws/install/cpp_pkg/share/cpp_pkg/environment/ament_prefix_path.sh
[0.604s] -- Installing: /home/nikhil/ROS/ros2_ws/install/cpp_pkg/share/cpp_pkg/environment/ament_prefix_path.dsv
[0.604s] -- Up-to-date: /home/nikhil/ROS/ros2_ws/install/cpp_pkg/share/cpp_pkg/environment/path.sh
[0.604s] -- Installing: /home/nikhil/ROS/ros2_ws/install/cpp_pkg/share/cpp_pkg/environment/path.dsv
[0.604s] -- Up-to-date: /home/nikhil/ROS/ros2_ws/install/cpp_pkg/share/cpp_pkg/local_setup.bash
[0.604s] -- Up-to-date: /home/nikhil/ROS/ros2_ws/install/cpp_pkg/share/cpp_pkg/local_setup.sh
[0.604s] -- Up-to-date: /home/nikhil/ROS/ros2_ws/install/cpp_pkg/share/cpp_pkg/local_setup.zsh
[0.604s] -- Installing: /home/nikhil/ROS/ros2_ws/install/cpp_pkg/share/cpp_pkg/local_setup.dsv
[0.604s] -- Installing: /home/nikhil/ROS/ros2_ws/install/cpp_pkg/share/cpp_pkg/package.dsv
[0.604s] -- Up-to-date: /home/nikhil/ROS/ros2_ws/install/cpp_pkg/share/ament_index/resource_index/packages/cpp_pkg
[0.604s] -- Up-to-date: /home/nikhil/ROS/ros2_ws/install/cpp_pkg/share/cpp_pkg/cmake/cpp_pkgConfig.cmake
[0.604s] -- Up-to-date: /home/nikhil/ROS/ros2_ws/install/cpp_pkg/share/cpp_pkg/cmake/cpp_pkgConfig-version.cmake
[0.604s] -- Installing: /home/nikhil/ROS/ros2_ws/install/cpp_pkg/share/cpp_pkg/package.xml
[0.606s] Invoked command in '/home/nikhil/ROS/ros2_ws/build/cpp_pkg' returned '0': CMAKE_PREFIX_PATH=${CMAKE_PREFIX_PATH}:/home/nikhil/ROS/ros2_ws/install/py_pkg /usr/bin/cmake --install /home/nikhil/ROS/ros2_ws/build/cpp_pkg
