[ 50%] [32mBuilding CXX object CMakeFiles/diff_drive.dir/hardware/diffdrive_system.cpp.o[0m
In file included from [01m[K/home/nikhil/Work/ROS/control_ws/src/diff_drive/hardware/diffdrive_system.cpp:1[m[K:
[01m[K/home/nikhil/Work/ROS/control_ws/src/diff_drive/hardware/include/diff_drive/diffdrive_system.hpp:40:61:[m[K [01;35m[Kwarning: [m[Kextra ‘[01m[K;[m[K’ [[01;35m[K]8;;https://gcc.gnu.org/onlinedocs/gcc/Warning-Options.html#index-Wpedantic-Wpedantic]8;;[m[K]
   40 |             RCLCPP_SHARED_PTR_DEFINITIONS(DiffDriveHardware)[01;35m[K;[m[K
      |                                                             [01;35m[K^[m[K
      |                                                             [31m[K-[m[K
[01m[K/home/nikhil/Work/ROS/control_ws/src/diff_drive/hardware/include/diff_drive/diffdrive_system.hpp:83:88:[m[K [01;35m[Kwarning: [m[Kextra ‘[01m[K;[m[K’ [[01;35m[K]8;;https://gcc.gnu.org/onlinedocs/gcc/Warning-Options.html#index-Wpedantic-Wpedantic]8;;[m[K]
   83 | p::Publisher<geometry_msgs::msg::Twist>::SharedPtr cmd_vel_publisher_;[01;35m[K;[m[K
      |                                                                       [01;35m[K^[m[K
      |                                                                       [31m[K-[m[K
[100%] [32m[1mLinking CXX shared library libdiff_drive.so[0m
[100%] Built target diff_drive
-- Install configuration: ""
-- Installing: /home/nikhil/Work/ROS/control_ws/install/diff_drive/share/diff_drive/diff_drive.xml
-- Installing: /home/nikhil/Work/ROS/control_ws/install/diff_drive/include/diff_drive
-- Installing: /home/nikhil/Work/ROS/control_ws/install/diff_drive/include/diff_drive/diff_drive
-- Installing: /home/nikhil/Work/ROS/control_ws/install/diff_drive/include/diff_drive/diff_drive/wheel.hpp
-- Installing: /home/nikhil/Work/ROS/control_ws/install/diff_drive/include/diff_drive/diff_drive/visibility_control.h
-- Installing: /home/nikhil/Work/ROS/control_ws/install/diff_drive/include/diff_drive/diff_drive/diffdrive_system.hpp
[31mCMake Error at cmake_install.cmake:54 (file):
  file INSTALL cannot find
  "/home/nikhil/Work/ROS/control_ws/src/diff_drive/description/launch": No
  such file or directory.

[0m
