[0.008s] Invoking command in '/home/nikhil/ROS/ros2_ws/build/my_robot_interfaces': CMAKE_PREFIX_PATH=${CMAKE_PREFIX_PATH}:/home/nikhil/ROS/ros2_ws/install/py_pkg:/opt/ros/humble /usr/bin/cmake --build /home/nikhil/ROS/ros2_ws/build/my_robot_interfaces -- -j20 -l20
[0.049s] -- Found ament_cmake: 1.3.9 (/opt/ros/humble/share/ament_cmake/cmake)
[0.154s] -- Found rosidl_default_generators: 1.2.0 (/opt/ros/humble/share/rosidl_default_generators/cmake)
[0.156s] -- Using all available rosidl_typesupport_c: rosidl_typesupport_fastrtps_c;rosidl_typesupport_introspection_c
[0.159s] -- Found rosidl_adapter: 3.1.5 (/opt/ros/humble/share/rosidl_adapter/cmake)
[0.186s] -- Using all available rosidl_typesupport_cpp: rosidl_typesupport_fastrtps_cpp;rosidl_typesupport_introspection_cpp
[0.392s] -- Found ament_cmake_ros: 0.10.0 (/opt/ros/humble/share/ament_cmake_ros/cmake)
[0.529s] -- Using all available rosidl_typesupport_c: rosidl_typesupport_fastrtps_c;rosidl_typesupport_introspection_c
[0.713s] -- Using all available rosidl_typesupport_cpp: rosidl_typesupport_fastrtps_cpp;rosidl_typesupport_introspection_cpp
[0.732s] -- Found python_cmake_module: 0.10.0 (/opt/ros/humble/share/python_cmake_module/cmake)
[0.749s] -- Using PYTHON_EXECUTABLE: /usr/bin/python3
[0.749s] -- Using PYTHON_INCLUDE_DIRS: /usr/include/python3.10
[0.749s] -- Using PYTHON_LIBRARIES: /usr/lib/x86_64-linux-gnu/libpython3.10.so
[0.769s] -- Configuring done
[0.805s] -- Generating done
[0.807s] -- Build files have been written to: /home/nikhil/ROS/ros2_ws/build/my_robot_interfaces
[0.826s] [  1%] [34m[1mGenerating C code for ROS interfaces[0m
[0.836s] [  3%] [34m[1mGenerating C++ code for ROS interfaces[0m
[0.849s] [  3%] Built target ament_cmake_python_copy_my_robot_interfaces
[1.059s] running egg_info
[1.059s] writing my_robot_interfaces.egg-info/PKG-INFO
[1.060s] writing dependency_links to my_robot_interfaces.egg-info/dependency_links.txt
[1.060s] writing top-level names to my_robot_interfaces.egg-info/top_level.txt
[1.063s] reading manifest file 'my_robot_interfaces.egg-info/SOURCES.txt'
[1.064s] writing manifest file 'my_robot_interfaces.egg-info/SOURCES.txt'
[1.087s] [  3%] Built target ament_cmake_python_build_my_robot_interfaces_egg
[1.222s] [  3%] Built target my_robot_interfaces__cpp
[1.235s] [  4%] [34m[1mGenerating C++ type support dispatch for ROS interfaces[0m
[1.236s] [  6%] [34m[1mGenerating C++ introspection for ROS interfaces[0m
[1.236s] [  7%] [34m[1mGenerating C++ type support for eProsima Fast-RTPS[0m
[1.236s] [35m[1mConsolidate compiler generated dependencies of target my_robot_interfaces__rosidl_generator_c[0m
[1.252s] [  9%] [32mBuilding C object CMakeFiles/my_robot_interfaces__rosidl_generator_c.dir/rosidl_generator_c/my_robot_interfaces/msg/detail/led_status__functions.c.o[0m
[1.255s] [ 11%] [32mBuilding C object CMakeFiles/my_robot_interfaces__rosidl_generator_c.dir/rosidl_generator_c/my_robot_interfaces/srv/detail/set_led__functions.c.o[0m
[1.255s] [ 12%] [32mBuilding C object CMakeFiles/my_robot_interfaces__rosidl_generator_c.dir/rosidl_generator_c/my_robot_interfaces/msg/detail/hardware_status__functions.c.o[0m
[1.256s] [ 14%] [32mBuilding C object CMakeFiles/my_robot_interfaces__rosidl_generator_c.dir/rosidl_generator_c/my_robot_interfaces/srv/detail/compute_rectangle__functions.c.o[0m
[1.257s] [ 15%] [32mBuilding C object CMakeFiles/my_robot_interfaces__rosidl_generator_c.dir/rosidl_generator_c/my_robot_interfaces/msg/detail/robot_location__functions.c.o[0m
[1.339s] [ 17%] [32m[1mLinking C shared library libmy_robot_interfaces__rosidl_generator_c.so[0m
[1.397s] [ 17%] Built target my_robot_interfaces__rosidl_generator_c
[1.417s] [ 19%] [34m[1mGenerating C type support for eProsima Fast-RTPS[0m
[1.419s] [ 22%] [34m[1mGenerating C introspection for ROS interfaces[0m
[1.419s] [ 22%] [34m[1mGenerating C type support dispatch for ROS interfaces[0m
[1.664s] [35m[1mConsolidate compiler generated dependencies of target my_robot_interfaces__rosidl_typesupport_cpp[0m
[1.683s] [35m[1mConsolidate compiler generated dependencies of target my_robot_interfaces__rosidl_typesupport_introspection_cpp[0m
[1.689s] [ 23%] [32mBuilding CXX object CMakeFiles/my_robot_interfaces__rosidl_typesupport_cpp.dir/rosidl_typesupport_cpp/my_robot_interfaces/msg/robot_location__type_support.cpp.o[0m
[1.690s] [ 25%] [32mBuilding CXX object CMakeFiles/my_robot_interfaces__rosidl_typesupport_cpp.dir/rosidl_typesupport_cpp/my_robot_interfaces/msg/hardware_status__type_support.cpp.o[0m
[1.693s] [ 26%] [32mBuilding CXX object CMakeFiles/my_robot_interfaces__rosidl_typesupport_cpp.dir/rosidl_typesupport_cpp/my_robot_interfaces/srv/set_led__type_support.cpp.o[0m
[1.699s] [ 28%] [32mBuilding CXX object CMakeFiles/my_robot_interfaces__rosidl_typesupport_introspection_cpp.dir/rosidl_typesupport_introspection_cpp/my_robot_interfaces/msg/detail/robot_location__type_support.cpp.o[0m
[1.699s] [ 30%] [32mBuilding CXX object CMakeFiles/my_robot_interfaces__rosidl_typesupport_introspection_cpp.dir/rosidl_typesupport_introspection_cpp/my_robot_interfaces/msg/detail/hardware_status__type_support.cpp.o[0m
[1.701s] [ 31%] [32mBuilding CXX object CMakeFiles/my_robot_interfaces__rosidl_typesupport_introspection_cpp.dir/rosidl_typesupport_introspection_cpp/my_robot_interfaces/msg/detail/led_status__type_support.cpp.o[0m
[1.701s] [ 33%] [32mBuilding CXX object CMakeFiles/my_robot_interfaces__rosidl_typesupport_introspection_cpp.dir/rosidl_typesupport_introspection_cpp/my_robot_interfaces/srv/detail/set_led__type_support.cpp.o[0m
[1.702s] [ 34%] [32mBuilding CXX object CMakeFiles/my_robot_interfaces__rosidl_typesupport_introspection_cpp.dir/rosidl_typesupport_introspection_cpp/my_robot_interfaces/srv/detail/compute_rectangle__type_support.cpp.o[0m
[1.708s] [ 36%] [32mBuilding CXX object CMakeFiles/my_robot_interfaces__rosidl_typesupport_cpp.dir/rosidl_typesupport_cpp/my_robot_interfaces/srv/compute_rectangle__type_support.cpp.o[0m
[1.728s] [ 38%] [32mBuilding CXX object CMakeFiles/my_robot_interfaces__rosidl_typesupport_cpp.dir/rosidl_typesupport_cpp/my_robot_interfaces/msg/led_status__type_support.cpp.o[0m
[1.736s] [35m[1mConsolidate compiler generated dependencies of target my_robot_interfaces__rosidl_typesupport_fastrtps_cpp[0m
[1.756s] [ 39%] [32mBuilding CXX object CMakeFiles/my_robot_interfaces__rosidl_typesupport_fastrtps_cpp.dir/rosidl_typesupport_fastrtps_cpp/my_robot_interfaces/srv/detail/dds_fastrtps/compute_rectangle__type_support.cpp.o[0m
[1.756s] [ 41%] [32mBuilding CXX object CMakeFiles/my_robot_interfaces__rosidl_typesupport_fastrtps_cpp.dir/rosidl_typesupport_fastrtps_cpp/my_robot_interfaces/msg/detail/dds_fastrtps/hardware_status__type_support.cpp.o[0m
[1.757s] [ 42%] [32mBuilding CXX object CMakeFiles/my_robot_interfaces__rosidl_typesupport_fastrtps_cpp.dir/rosidl_typesupport_fastrtps_cpp/my_robot_interfaces/srv/detail/dds_fastrtps/set_led__type_support.cpp.o[0m
[1.757s] [ 44%] [32mBuilding CXX object CMakeFiles/my_robot_interfaces__rosidl_typesupport_fastrtps_cpp.dir/rosidl_typesupport_fastrtps_cpp/my_robot_interfaces/msg/detail/dds_fastrtps/led_status__type_support.cpp.o[0m
[1.770s] [ 46%] [32mBuilding CXX object CMakeFiles/my_robot_interfaces__rosidl_typesupport_fastrtps_cpp.dir/rosidl_typesupport_fastrtps_cpp/my_robot_interfaces/msg/detail/dds_fastrtps/robot_location__type_support.cpp.o[0m
[1.836s] [35m[1mConsolidate compiler generated dependencies of target my_robot_interfaces__rosidl_typesupport_c[0m
[1.856s] [ 49%] [32mBuilding CXX object CMakeFiles/my_robot_interfaces__rosidl_typesupport_c.dir/rosidl_typesupport_c/my_robot_interfaces/msg/hardware_status__type_support.cpp.o[0m
[1.856s] [ 49%] [32mBuilding CXX object CMakeFiles/my_robot_interfaces__rosidl_typesupport_c.dir/rosidl_typesupport_c/my_robot_interfaces/msg/led_status__type_support.cpp.o[0m
[1.856s] [ 50%] [32mBuilding CXX object CMakeFiles/my_robot_interfaces__rosidl_typesupport_c.dir/rosidl_typesupport_c/my_robot_interfaces/msg/robot_location__type_support.cpp.o[0m
[1.907s] [ 53%] [32mBuilding CXX object CMakeFiles/my_robot_interfaces__rosidl_typesupport_c.dir/rosidl_typesupport_c/my_robot_interfaces/srv/compute_rectangle__type_support.cpp.o[0m
[1.907s] [ 53%] [32mBuilding CXX object CMakeFiles/my_robot_interfaces__rosidl_typesupport_c.dir/rosidl_typesupport_c/my_robot_interfaces/srv/set_led__type_support.cpp.o[0m
[1.963s] [ 55%] [32m[1mLinking CXX shared library libmy_robot_interfaces__rosidl_typesupport_c.so[0m
[2.037s] [ 55%] Built target my_robot_interfaces__rosidl_typesupport_c
[2.395s] [ 57%] [32m[1mLinking CXX shared library libmy_robot_interfaces__rosidl_typesupport_fastrtps_cpp.so[0m
[2.422s] [35m[1mConsolidate compiler generated dependencies of target my_robot_interfaces__rosidl_typesupport_fastrtps_c[0m
[2.449s] [ 58%] [32mBuilding CXX object CMakeFiles/my_robot_interfaces__rosidl_typesupport_fastrtps_c.dir/rosidl_typesupport_fastrtps_c/my_robot_interfaces/srv/detail/compute_rectangle__type_support_c.cpp.o[0m
[2.449s] [ 60%] [32mBuilding CXX object CMakeFiles/my_robot_interfaces__rosidl_typesupport_fastrtps_c.dir/rosidl_typesupport_fastrtps_c/my_robot_interfaces/msg/detail/led_status__type_support_c.cpp.o[0m
[2.462s] [ 61%] [32mBuilding CXX object CMakeFiles/my_robot_interfaces__rosidl_typesupport_fastrtps_c.dir/rosidl_typesupport_fastrtps_c/my_robot_interfaces/msg/detail/hardware_status__type_support_c.cpp.o[0m
[2.472s] [ 63%] [32mBuilding CXX object CMakeFiles/my_robot_interfaces__rosidl_typesupport_fastrtps_c.dir/rosidl_typesupport_fastrtps_c/my_robot_interfaces/srv/detail/set_led__type_support_c.cpp.o[0m
[2.490s] [ 65%] [32mBuilding CXX object CMakeFiles/my_robot_interfaces__rosidl_typesupport_fastrtps_c.dir/rosidl_typesupport_fastrtps_c/my_robot_interfaces/msg/detail/robot_location__type_support_c.cpp.o[0m
[2.553s] [ 65%] Built target my_robot_interfaces__rosidl_typesupport_fastrtps_cpp
[2.837s] [ 66%] [32m[1mLinking CXX shared library libmy_robot_interfaces__rosidl_typesupport_cpp.so[0m
[2.868s] [ 68%] [32m[1mLinking CXX shared library libmy_robot_interfaces__rosidl_typesupport_fastrtps_c.so[0m
[2.920s] [ 68%] Built target my_robot_interfaces__rosidl_typesupport_cpp
[2.946s] [35m[1mConsolidate compiler generated dependencies of target my_robot_interfaces__rosidl_typesupport_introspection_c[0m
[2.955s] [ 69%] [32m[1mLinking CXX shared library libmy_robot_interfaces__rosidl_typesupport_introspection_cpp.so[0m
[2.966s] [ 73%] [32mBuilding C object CMakeFiles/my_robot_interfaces__rosidl_typesupport_introspection_c.dir/rosidl_typesupport_introspection_c/my_robot_interfaces/srv/detail/compute_rectangle__type_support.c.o[0m
[2.967s] [ 73%] [32mBuilding C object CMakeFiles/my_robot_interfaces__rosidl_typesupport_introspection_c.dir/rosidl_typesupport_introspection_c/my_robot_interfaces/srv/detail/set_led__type_support.c.o[0m
[2.974s] [ 76%] [32mBuilding C object CMakeFiles/my_robot_interfaces__rosidl_typesupport_introspection_c.dir/rosidl_typesupport_introspection_c/my_robot_interfaces/msg/detail/led_status__type_support.c.o[0m
[2.974s] [ 76%] [32mBuilding C object CMakeFiles/my_robot_interfaces__rosidl_typesupport_introspection_c.dir/rosidl_typesupport_introspection_c/my_robot_interfaces/msg/detail/robot_location__type_support.c.o[0m
[2.992s] [ 76%] Built target my_robot_interfaces__rosidl_typesupport_fastrtps_c
[3.003s] [ 77%] [32mBuilding C object CMakeFiles/my_robot_interfaces__rosidl_typesupport_introspection_c.dir/rosidl_typesupport_introspection_c/my_robot_interfaces/msg/detail/hardware_status__type_support.c.o[0m
[3.051s] [ 77%] Built target my_robot_interfaces__rosidl_typesupport_introspection_cpp
[3.056s] [ 79%] [32m[1mLinking C shared library libmy_robot_interfaces__rosidl_typesupport_introspection_c.so[0m
[3.102s] [ 79%] Built target my_robot_interfaces__rosidl_typesupport_introspection_c
[3.152s] [ 79%] Built target my_robot_interfaces
[3.191s] [ 80%] [34m[1mGenerating Python code for ROS interfaces[0m
[3.690s] [ 80%] Built target my_robot_interfaces__py
[3.700s] [35m[1mConsolidate compiler generated dependencies of target my_robot_interfaces__rosidl_generator_py[0m
[3.712s] [ 82%] [32mBuilding C object CMakeFiles/my_robot_interfaces__rosidl_generator_py.dir/rosidl_generator_py/my_robot_interfaces/msg/_hardware_status_s.c.o[0m
[3.715s] [ 84%] [32mBuilding C object CMakeFiles/my_robot_interfaces__rosidl_generator_py.dir/rosidl_generator_py/my_robot_interfaces/msg/_robot_location_s.c.o[0m
[3.715s] [ 85%] [32mBuilding C object CMakeFiles/my_robot_interfaces__rosidl_generator_py.dir/rosidl_generator_py/my_robot_interfaces/msg/_led_status_s.c.o[0m
[3.716s] [ 87%] [32mBuilding C object CMakeFiles/my_robot_interfaces__rosidl_generator_py.dir/rosidl_generator_py/my_robot_interfaces/srv/_compute_rectangle_s.c.o[0m
[3.717s] [ 88%] [32mBuilding C object CMakeFiles/my_robot_interfaces__rosidl_generator_py.dir/rosidl_generator_py/my_robot_interfaces/srv/_set_led_s.c.o[0m
[3.838s] [ 90%] [32m[1mLinking C shared library rosidl_generator_py/my_robot_interfaces/libmy_robot_interfaces__rosidl_generator_py.so[0m
[3.871s] [ 90%] Built target my_robot_interfaces__rosidl_generator_py
[3.881s] [35m[1mConsolidate compiler generated dependencies of target my_robot_interfaces__rosidl_typesupport_introspection_c__pyext[0m
[3.882s] [35m[1mConsolidate compiler generated dependencies of target my_robot_interfaces__rosidl_typesupport_c__pyext[0m
[3.882s] [35m[1mConsolidate compiler generated dependencies of target my_robot_interfaces__rosidl_typesupport_fastrtps_c__pyext[0m
[3.892s] [ 92%] [32mBuilding C object CMakeFiles/my_robot_interfaces__rosidl_typesupport_introspection_c__pyext.dir/rosidl_generator_py/my_robot_interfaces/_my_robot_interfaces_s.ep.rosidl_typesupport_introspection_c.c.o[0m
[3.894s] [ 93%] [32mBuilding C object CMakeFiles/my_robot_interfaces__rosidl_typesupport_c__pyext.dir/rosidl_generator_py/my_robot_interfaces/_my_robot_interfaces_s.ep.rosidl_typesupport_c.c.o[0m
[3.895s] [ 95%] [32mBuilding C object CMakeFiles/my_robot_interfaces__rosidl_typesupport_fastrtps_c__pyext.dir/rosidl_generator_py/my_robot_interfaces/_my_robot_interfaces_s.ep.rosidl_typesupport_fastrtps_c.c.o[0m
[3.987s] [ 98%] [32m[1mLinking C shared library rosidl_generator_py/my_robot_interfaces/my_robot_interfaces_s__rosidl_typesupport_introspection_c.cpython-310-x86_64-linux-gnu.so[0m
[3.988s] [ 98%] [32m[1mLinking C shared library rosidl_generator_py/my_robot_interfaces/my_robot_interfaces_s__rosidl_typesupport_c.cpython-310-x86_64-linux-gnu.so[0m
[3.988s] [100%] [32m[1mLinking C shared library rosidl_generator_py/my_robot_interfaces/my_robot_interfaces_s__rosidl_typesupport_fastrtps_c.cpython-310-x86_64-linux-gnu.so[0m
[4.019s] [100%] Built target my_robot_interfaces__rosidl_typesupport_c__pyext
[4.019s] [100%] Built target my_robot_interfaces__rosidl_typesupport_introspection_c__pyext
[4.023s] [100%] Built target my_robot_interfaces__rosidl_typesupport_fastrtps_c__pyext
[4.035s] Invoked command in '/home/nikhil/ROS/ros2_ws/build/my_robot_interfaces' returned '0': CMAKE_PREFIX_PATH=${CMAKE_PREFIX_PATH}:/home/nikhil/ROS/ros2_ws/install/py_pkg:/opt/ros/humble /usr/bin/cmake --build /home/nikhil/ROS/ros2_ws/build/my_robot_interfaces -- -j20 -l20
[4.178s] Invoking command in '/home/nikhil/ROS/ros2_ws/build/my_robot_interfaces': CMAKE_PREFIX_PATH=${CMAKE_PREFIX_PATH}:/home/nikhil/ROS/ros2_ws/install/py_pkg:/opt/ros/humble /usr/bin/cmake --install /home/nikhil/ROS/ros2_ws/build/my_robot_interfaces
[4.183s] -- Install configuration: ""
[4.192s] -- Up-to-date: /home/nikhil/ROS/ros2_ws/install/my_robot_interfaces/share/ament_index/resource_index/rosidl_interfaces/my_robot_interfaces
[4.192s] -- Up-to-date: /home/nikhil/ROS/ros2_ws/install/my_robot_interfaces/include/my_robot_interfaces/my_robot_interfaces
[4.192s] -- Up-to-date: /home/nikhil/ROS/ros2_ws/install/my_robot_interfaces/include/my_robot_interfaces/my_robot_interfaces/msg
[4.192s] -- Installing: /home/nikhil/ROS/ros2_ws/install/my_robot_interfaces/include/my_robot_interfaces/my_robot_interfaces/msg/robot_location.h
[4.192s] -- Up-to-date: /home/nikhil/ROS/ros2_ws/install/my_robot_interfaces/include/my_robot_interfaces/my_robot_interfaces/msg/rosidl_generator_c__visibility_control.h
[4.192s] -- Installing: /home/nikhil/ROS/ros2_ws/install/my_robot_interfaces/include/my_robot_interfaces/my_robot_interfaces/msg/led_status.h
[4.192s] -- Installing: /home/nikhil/ROS/ros2_ws/install/my_robot_interfaces/include/my_robot_interfaces/my_robot_interfaces/msg/hardware_status.h
[4.192s] -- Up-to-date: /home/nikhil/ROS/ros2_ws/install/my_robot_interfaces/include/my_robot_interfaces/my_robot_interfaces/msg/detail
[4.192s] -- Installing: /home/nikhil/ROS/ros2_ws/install/my_robot_interfaces/include/my_robot_interfaces/my_robot_interfaces/msg/detail/hardware_status__type_support.h
[4.192s] -- Installing: /home/nikhil/ROS/ros2_ws/install/my_robot_interfaces/include/my_robot_interfaces/my_robot_interfaces/msg/detail/robot_location__functions.c
[4.192s] -- Installing: /home/nikhil/ROS/ros2_ws/install/my_robot_interfaces/include/my_robot_interfaces/my_robot_interfaces/msg/detail/led_status__functions.c
[4.193s] -- Installing: /home/nikhil/ROS/ros2_ws/install/my_robot_interfaces/include/my_robot_interfaces/my_robot_interfaces/msg/detail/led_status__struct.h
[4.193s] -- Installing: /home/nikhil/ROS/ros2_ws/install/my_robot_interfaces/include/my_robot_interfaces/my_robot_interfaces/msg/detail/hardware_status__functions.h
[4.193s] -- Installing: /home/nikhil/ROS/ros2_ws/install/my_robot_interfaces/include/my_robot_interfaces/my_robot_interfaces/msg/detail/led_status__type_support.h
[4.193s] -- Installing: /home/nikhil/ROS/ros2_ws/install/my_robot_interfaces/include/my_robot_interfaces/my_robot_interfaces/msg/detail/robot_location__type_support.h
[4.193s] -- Installing: /home/nikhil/ROS/ros2_ws/install/my_robot_interfaces/include/my_robot_interfaces/my_robot_interfaces/msg/detail/led_status__functions.h
[4.193s] -- Installing: /home/nikhil/ROS/ros2_ws/install/my_robot_interfaces/include/my_robot_interfaces/my_robot_interfaces/msg/detail/hardware_status__struct.h
[4.193s] -- Installing: /home/nikhil/ROS/ros2_ws/install/my_robot_interfaces/include/my_robot_interfaces/my_robot_interfaces/msg/detail/robot_location__struct.h
[4.193s] -- Installing: /home/nikhil/ROS/ros2_ws/install/my_robot_interfaces/include/my_robot_interfaces/my_robot_interfaces/msg/detail/hardware_status__functions.c
[4.193s] -- Installing: /home/nikhil/ROS/ros2_ws/install/my_robot_interfaces/include/my_robot_interfaces/my_robot_interfaces/msg/detail/robot_location__functions.h
[4.193s] -- Up-to-date: /home/nikhil/ROS/ros2_ws/install/my_robot_interfaces/include/my_robot_interfaces/my_robot_interfaces/srv
[4.193s] -- Installing: /home/nikhil/ROS/ros2_ws/install/my_robot_interfaces/include/my_robot_interfaces/my_robot_interfaces/srv/compute_rectangle.h
[4.193s] -- Installing: /home/nikhil/ROS/ros2_ws/install/my_robot_interfaces/include/my_robot_interfaces/my_robot_interfaces/srv/set_led.h
[4.193s] -- Up-to-date: /home/nikhil/ROS/ros2_ws/install/my_robot_interfaces/include/my_robot_interfaces/my_robot_interfaces/srv/detail
[4.193s] -- Installing: /home/nikhil/ROS/ros2_ws/install/my_robot_interfaces/include/my_robot_interfaces/my_robot_interfaces/srv/detail/compute_rectangle__functions.h
[4.193s] -- Installing: /home/nikhil/ROS/ros2_ws/install/my_robot_interfaces/include/my_robot_interfaces/my_robot_interfaces/srv/detail/compute_rectangle__struct.h
[4.193s] -- Installing: /home/nikhil/ROS/ros2_ws/install/my_robot_interfaces/include/my_robot_interfaces/my_robot_interfaces/srv/detail/set_led__functions.h
[4.194s] -- Installing: /home/nikhil/ROS/ros2_ws/install/my_robot_interfaces/include/my_robot_interfaces/my_robot_interfaces/srv/detail/set_led__functions.c
[4.194s] -- Installing: /home/nikhil/ROS/ros2_ws/install/my_robot_interfaces/include/my_robot_interfaces/my_robot_interfaces/srv/detail/set_led__type_support.h
[4.194s] -- Installing: /home/nikhil/ROS/ros2_ws/install/my_robot_interfaces/include/my_robot_interfaces/my_robot_interfaces/srv/detail/compute_rectangle__type_support.h
[4.194s] -- Installing: /home/nikhil/ROS/ros2_ws/install/my_robot_interfaces/include/my_robot_interfaces/my_robot_interfaces/srv/detail/compute_rectangle__functions.c
[4.194s] -- Installing: /home/nikhil/ROS/ros2_ws/install/my_robot_interfaces/include/my_robot_interfaces/my_robot_interfaces/srv/detail/set_led__struct.h
[4.194s] -- Up-to-date: /home/nikhil/ROS/ros2_ws/install/my_robot_interfaces/share/my_robot_interfaces/environment/library_path.sh
[4.194s] -- Installing: /home/nikhil/ROS/ros2_ws/install/my_robot_interfaces/share/my_robot_interfaces/environment/library_path.dsv
[4.194s] -- Installing: /home/nikhil/ROS/ros2_ws/install/my_robot_interfaces/lib/libmy_robot_interfaces__rosidl_generator_c.so
[4.195s] -- Set runtime path of "/home/nikhil/ROS/ros2_ws/install/my_robot_interfaces/lib/libmy_robot_interfaces__rosidl_generator_c.so" to ""
[4.195s] -- Up-to-date: /home/nikhil/ROS/ros2_ws/install/my_robot_interfaces/include/my_robot_interfaces/my_robot_interfaces
[4.195s] -- Up-to-date: /home/nikhil/ROS/ros2_ws/install/my_robot_interfaces/include/my_robot_interfaces/my_robot_interfaces/msg
[4.195s] -- Up-to-date: /home/nikhil/ROS/ros2_ws/install/my_robot_interfaces/include/my_robot_interfaces/my_robot_interfaces/msg/rosidl_typesupport_fastrtps_c__visibility_control.h
[4.195s] -- Up-to-date: /home/nikhil/ROS/ros2_ws/install/my_robot_interfaces/include/my_robot_interfaces/my_robot_interfaces/msg/detail
[4.195s] -- Installing: /home/nikhil/ROS/ros2_ws/install/my_robot_interfaces/include/my_robot_interfaces/my_robot_interfaces/msg/detail/led_status__rosidl_typesupport_fastrtps_c.h
[4.195s] -- Installing: /home/nikhil/ROS/ros2_ws/install/my_robot_interfaces/include/my_robot_interfaces/my_robot_interfaces/msg/detail/robot_location__rosidl_typesupport_fastrtps_c.h
[4.195s] -- Installing: /home/nikhil/ROS/ros2_ws/install/my_robot_interfaces/include/my_robot_interfaces/my_robot_interfaces/msg/detail/hardware_status__rosidl_typesupport_fastrtps_c.h
[4.195s] -- Up-to-date: /home/nikhil/ROS/ros2_ws/install/my_robot_interfaces/include/my_robot_interfaces/my_robot_interfaces/srv
[4.195s] -- Up-to-date: /home/nikhil/ROS/ros2_ws/install/my_robot_interfaces/include/my_robot_interfaces/my_robot_interfaces/srv/detail
[4.195s] -- Installing: /home/nikhil/ROS/ros2_ws/install/my_robot_interfaces/include/my_robot_interfaces/my_robot_interfaces/srv/detail/compute_rectangle__rosidl_typesupport_fastrtps_c.h
[4.195s] -- Installing: /home/nikhil/ROS/ros2_ws/install/my_robot_interfaces/include/my_robot_interfaces/my_robot_interfaces/srv/detail/set_led__rosidl_typesupport_fastrtps_c.h
[4.196s] -- Installing: /home/nikhil/ROS/ros2_ws/install/my_robot_interfaces/lib/libmy_robot_interfaces__rosidl_typesupport_fastrtps_c.so
[4.196s] -- Set runtime path of "/home/nikhil/ROS/ros2_ws/install/my_robot_interfaces/lib/libmy_robot_interfaces__rosidl_typesupport_fastrtps_c.so" to ""
[4.196s] -- Up-to-date: /home/nikhil/ROS/ros2_ws/install/my_robot_interfaces/include/my_robot_interfaces/my_robot_interfaces
[4.196s] -- Up-to-date: /home/nikhil/ROS/ros2_ws/install/my_robot_interfaces/include/my_robot_interfaces/my_robot_interfaces/msg
[4.196s] -- Up-to-date: /home/nikhil/ROS/ros2_ws/install/my_robot_interfaces/include/my_robot_interfaces/my_robot_interfaces/msg/rosidl_typesupport_introspection_c__visibility_control.h
[4.196s] -- Up-to-date: /home/nikhil/ROS/ros2_ws/install/my_robot_interfaces/include/my_robot_interfaces/my_robot_interfaces/msg/detail
[4.196s] -- Installing: /home/nikhil/ROS/ros2_ws/install/my_robot_interfaces/include/my_robot_interfaces/my_robot_interfaces/msg/detail/robot_location__rosidl_typesupport_introspection_c.h
[4.196s] -- Installing: /home/nikhil/ROS/ros2_ws/install/my_robot_interfaces/include/my_robot_interfaces/my_robot_interfaces/msg/detail/led_status__type_support.c
[4.197s] -- Installing: /home/nikhil/ROS/ros2_ws/install/my_robot_interfaces/include/my_robot_interfaces/my_robot_interfaces/msg/detail/hardware_status__rosidl_typesupport_introspection_c.h
[4.197s] -- Installing: /home/nikhil/ROS/ros2_ws/install/my_robot_interfaces/include/my_robot_interfaces/my_robot_interfaces/msg/detail/hardware_status__type_support.c
[4.197s] -- Installing: /home/nikhil/ROS/ros2_ws/install/my_robot_interfaces/include/my_robot_interfaces/my_robot_interfaces/msg/detail/led_status__rosidl_typesupport_introspection_c.h
[4.197s] -- Installing: /home/nikhil/ROS/ros2_ws/install/my_robot_interfaces/include/my_robot_interfaces/my_robot_interfaces/msg/detail/robot_location__type_support.c
[4.197s] -- Up-to-date: /home/nikhil/ROS/ros2_ws/install/my_robot_interfaces/include/my_robot_interfaces/my_robot_interfaces/srv
[4.197s] -- Up-to-date: /home/nikhil/ROS/ros2_ws/install/my_robot_interfaces/include/my_robot_interfaces/my_robot_interfaces/srv/detail
[4.197s] -- Installing: /home/nikhil/ROS/ros2_ws/install/my_robot_interfaces/include/my_robot_interfaces/my_robot_interfaces/srv/detail/set_led__rosidl_typesupport_introspection_c.h
[4.197s] -- Installing: /home/nikhil/ROS/ros2_ws/install/my_robot_interfaces/include/my_robot_interfaces/my_robot_interfaces/srv/detail/set_led__type_support.c
[4.197s] -- Installing: /home/nikhil/ROS/ros2_ws/install/my_robot_interfaces/include/my_robot_interfaces/my_robot_interfaces/srv/detail/compute_rectangle__rosidl_typesupport_introspection_c.h
[4.197s] -- Installing: /home/nikhil/ROS/ros2_ws/install/my_robot_interfaces/include/my_robot_interfaces/my_robot_interfaces/srv/detail/compute_rectangle__type_support.c
[4.198s] -- Installing: /home/nikhil/ROS/ros2_ws/install/my_robot_interfaces/lib/libmy_robot_interfaces__rosidl_typesupport_introspection_c.so
[4.198s] -- Set runtime path of "/home/nikhil/ROS/ros2_ws/install/my_robot_interfaces/lib/libmy_robot_interfaces__rosidl_typesupport_introspection_c.so" to ""
[4.198s] -- Installing: /home/nikhil/ROS/ros2_ws/install/my_robot_interfaces/lib/libmy_robot_interfaces__rosidl_typesupport_c.so
[4.198s] -- Set runtime path of "/home/nikhil/ROS/ros2_ws/install/my_robot_interfaces/lib/libmy_robot_interfaces__rosidl_typesupport_c.so" to ""
[4.198s] -- Up-to-date: /home/nikhil/ROS/ros2_ws/install/my_robot_interfaces/include/my_robot_interfaces/my_robot_interfaces
[4.199s] -- Up-to-date: /home/nikhil/ROS/ros2_ws/install/my_robot_interfaces/include/my_robot_interfaces/my_robot_interfaces/msg
[4.199s] -- Installing: /home/nikhil/ROS/ros2_ws/install/my_robot_interfaces/include/my_robot_interfaces/my_robot_interfaces/msg/led_status.hpp
[4.199s] -- Installing: /home/nikhil/ROS/ros2_ws/install/my_robot_interfaces/include/my_robot_interfaces/my_robot_interfaces/msg/hardware_status.hpp
[4.199s] -- Installing: /home/nikhil/ROS/ros2_ws/install/my_robot_interfaces/include/my_robot_interfaces/my_robot_interfaces/msg/robot_location.hpp
[4.199s] -- Up-to-date: /home/nikhil/ROS/ros2_ws/install/my_robot_interfaces/include/my_robot_interfaces/my_robot_interfaces/msg/detail
[4.199s] -- Installing: /home/nikhil/ROS/ros2_ws/install/my_robot_interfaces/include/my_robot_interfaces/my_robot_interfaces/msg/detail/led_status__builder.hpp
[4.199s] -- Installing: /home/nikhil/ROS/ros2_ws/install/my_robot_interfaces/include/my_robot_interfaces/my_robot_interfaces/msg/detail/hardware_status__builder.hpp
[4.199s] -- Installing: /home/nikhil/ROS/ros2_ws/install/my_robot_interfaces/include/my_robot_interfaces/my_robot_interfaces/msg/detail/led_status__traits.hpp
[4.199s] -- Installing: /home/nikhil/ROS/ros2_ws/install/my_robot_interfaces/include/my_robot_interfaces/my_robot_interfaces/msg/detail/robot_location__traits.hpp
[4.199s] -- Installing: /home/nikhil/ROS/ros2_ws/install/my_robot_interfaces/include/my_robot_interfaces/my_robot_interfaces/msg/detail/hardware_status__traits.hpp
[4.199s] -- Installing: /home/nikhil/ROS/ros2_ws/install/my_robot_interfaces/include/my_robot_interfaces/my_robot_interfaces/msg/detail/robot_location__builder.hpp
[4.199s] -- Installing: /home/nikhil/ROS/ros2_ws/install/my_robot_interfaces/include/my_robot_interfaces/my_robot_interfaces/msg/detail/hardware_status__struct.hpp
[4.199s] -- Installing: /home/nikhil/ROS/ros2_ws/install/my_robot_interfaces/include/my_robot_interfaces/my_robot_interfaces/msg/detail/robot_location__struct.hpp
[4.199s] -- Installing: /home/nikhil/ROS/ros2_ws/install/my_robot_interfaces/include/my_robot_interfaces/my_robot_interfaces/msg/detail/led_status__struct.hpp
[4.199s] -- Up-to-date: /home/nikhil/ROS/ros2_ws/install/my_robot_interfaces/include/my_robot_interfaces/my_robot_interfaces/srv
[4.199s] -- Installing: /home/nikhil/ROS/ros2_ws/install/my_robot_interfaces/include/my_robot_interfaces/my_robot_interfaces/srv/compute_rectangle.hpp
[4.200s] -- Installing: /home/nikhil/ROS/ros2_ws/install/my_robot_interfaces/include/my_robot_interfaces/my_robot_interfaces/srv/set_led.hpp
[4.200s] -- Up-to-date: /home/nikhil/ROS/ros2_ws/install/my_robot_interfaces/include/my_robot_interfaces/my_robot_interfaces/srv/detail
[4.200s] -- Installing: /home/nikhil/ROS/ros2_ws/install/my_robot_interfaces/include/my_robot_interfaces/my_robot_interfaces/srv/detail/set_led__traits.hpp
[4.200s] -- Installing: /home/nikhil/ROS/ros2_ws/install/my_robot_interfaces/include/my_robot_interfaces/my_robot_interfaces/srv/detail/compute_rectangle__traits.hpp
[4.200s] -- Installing: /home/nikhil/ROS/ros2_ws/install/my_robot_interfaces/include/my_robot_interfaces/my_robot_interfaces/srv/detail/set_led__builder.hpp
[4.200s] -- Installing: /home/nikhil/ROS/ros2_ws/install/my_robot_interfaces/include/my_robot_interfaces/my_robot_interfaces/srv/detail/set_led__struct.hpp
[4.200s] -- Installing: /home/nikhil/ROS/ros2_ws/install/my_robot_interfaces/include/my_robot_interfaces/my_robot_interfaces/srv/detail/compute_rectangle__struct.hpp
[4.200s] -- Installing: /home/nikhil/ROS/ros2_ws/install/my_robot_interfaces/include/my_robot_interfaces/my_robot_interfaces/srv/detail/compute_rectangle__builder.hpp
[4.200s] -- Up-to-date: /home/nikhil/ROS/ros2_ws/install/my_robot_interfaces/include/my_robot_interfaces/my_robot_interfaces
[4.200s] -- Up-to-date: /home/nikhil/ROS/ros2_ws/install/my_robot_interfaces/include/my_robot_interfaces/my_robot_interfaces/msg
[4.200s] -- Up-to-date: /home/nikhil/ROS/ros2_ws/install/my_robot_interfaces/include/my_robot_interfaces/my_robot_interfaces/msg/rosidl_typesupport_fastrtps_cpp__visibility_control.h
[4.200s] -- Up-to-date: /home/nikhil/ROS/ros2_ws/install/my_robot_interfaces/include/my_robot_interfaces/my_robot_interfaces/msg/detail
[4.200s] -- Installing: /home/nikhil/ROS/ros2_ws/install/my_robot_interfaces/include/my_robot_interfaces/my_robot_interfaces/msg/detail/robot_location__rosidl_typesupport_fastrtps_cpp.hpp
[4.200s] -- Installing: /home/nikhil/ROS/ros2_ws/install/my_robot_interfaces/include/my_robot_interfaces/my_robot_interfaces/msg/detail/led_status__rosidl_typesupport_fastrtps_cpp.hpp
[4.200s] -- Installing: /home/nikhil/ROS/ros2_ws/install/my_robot_interfaces/include/my_robot_interfaces/my_robot_interfaces/msg/detail/hardware_status__rosidl_typesupport_fastrtps_cpp.hpp
[4.200s] -- Up-to-date: /home/nikhil/ROS/ros2_ws/install/my_robot_interfaces/include/my_robot_interfaces/my_robot_interfaces/msg/detail/dds_fastrtps
[4.200s] -- Up-to-date: /home/nikhil/ROS/ros2_ws/install/my_robot_interfaces/include/my_robot_interfaces/my_robot_interfaces/srv
[4.200s] -- Up-to-date: /home/nikhil/ROS/ros2_ws/install/my_robot_interfaces/include/my_robot_interfaces/my_robot_interfaces/srv/detail
[4.200s] -- Installing: /home/nikhil/ROS/ros2_ws/install/my_robot_interfaces/include/my_robot_interfaces/my_robot_interfaces/srv/detail/compute_rectangle__rosidl_typesupport_fastrtps_cpp.hpp
[4.200s] -- Up-to-date: /home/nikhil/ROS/ros2_ws/install/my_robot_interfaces/include/my_robot_interfaces/my_robot_interfaces/srv/detail/dds_fastrtps
[4.200s] -- Installing: /home/nikhil/ROS/ros2_ws/install/my_robot_interfaces/include/my_robot_interfaces/my_robot_interfaces/srv/detail/set_led__rosidl_typesupport_fastrtps_cpp.hpp
[4.201s] -- Installing: /home/nikhil/ROS/ros2_ws/install/my_robot_interfaces/lib/libmy_robot_interfaces__rosidl_typesupport_fastrtps_cpp.so
[4.201s] -- Set runtime path of "/home/nikhil/ROS/ros2_ws/install/my_robot_interfaces/lib/libmy_robot_interfaces__rosidl_typesupport_fastrtps_cpp.so" to ""
[4.201s] -- Up-to-date: /home/nikhil/ROS/ros2_ws/install/my_robot_interfaces/include/my_robot_interfaces/my_robot_interfaces
[4.201s] -- Up-to-date: /home/nikhil/ROS/ros2_ws/install/my_robot_interfaces/include/my_robot_interfaces/my_robot_interfaces/msg
[4.201s] -- Up-to-date: /home/nikhil/ROS/ros2_ws/install/my_robot_interfaces/include/my_robot_interfaces/my_robot_interfaces/msg/detail
[4.201s] -- Installing: /home/nikhil/ROS/ros2_ws/install/my_robot_interfaces/include/my_robot_interfaces/my_robot_interfaces/msg/detail/hardware_status__type_support.cpp
[4.201s] -- Installing: /home/nikhil/ROS/ros2_ws/install/my_robot_interfaces/include/my_robot_interfaces/my_robot_interfaces/msg/detail/robot_location__rosidl_typesupport_introspection_cpp.hpp
[4.201s] -- Installing: /home/nikhil/ROS/ros2_ws/install/my_robot_interfaces/include/my_robot_interfaces/my_robot_interfaces/msg/detail/led_status__rosidl_typesupport_introspection_cpp.hpp
[4.201s] -- Installing: /home/nikhil/ROS/ros2_ws/install/my_robot_interfaces/include/my_robot_interfaces/my_robot_interfaces/msg/detail/hardware_status__rosidl_typesupport_introspection_cpp.hpp
[4.201s] -- Installing: /home/nikhil/ROS/ros2_ws/install/my_robot_interfaces/include/my_robot_interfaces/my_robot_interfaces/msg/detail/robot_location__type_support.cpp
[4.201s] -- Installing: /home/nikhil/ROS/ros2_ws/install/my_robot_interfaces/include/my_robot_interfaces/my_robot_interfaces/msg/detail/led_status__type_support.cpp
[4.202s] -- Up-to-date: /home/nikhil/ROS/ros2_ws/install/my_robot_interfaces/include/my_robot_interfaces/my_robot_interfaces/srv
[4.202s] -- Up-to-date: /home/nikhil/ROS/ros2_ws/install/my_robot_interfaces/include/my_robot_interfaces/my_robot_interfaces/srv/detail
[4.202s] -- Installing: /home/nikhil/ROS/ros2_ws/install/my_robot_interfaces/include/my_robot_interfaces/my_robot_interfaces/srv/detail/set_led__type_support.cpp
[4.202s] -- Installing: /home/nikhil/ROS/ros2_ws/install/my_robot_interfaces/include/my_robot_interfaces/my_robot_interfaces/srv/detail/compute_rectangle__type_support.cpp
[4.202s] -- Installing: /home/nikhil/ROS/ros2_ws/install/my_robot_interfaces/include/my_robot_interfaces/my_robot_interfaces/srv/detail/set_led__rosidl_typesupport_introspection_cpp.hpp
[4.202s] -- Installing: /home/nikhil/ROS/ros2_ws/install/my_robot_interfaces/include/my_robot_interfaces/my_robot_interfaces/srv/detail/compute_rectangle__rosidl_typesupport_introspection_cpp.hpp
[4.202s] -- Installing: /home/nikhil/ROS/ros2_ws/install/my_robot_interfaces/lib/libmy_robot_interfaces__rosidl_typesupport_introspection_cpp.so
[4.203s] -- Set runtime path of "/home/nikhil/ROS/ros2_ws/install/my_robot_interfaces/lib/libmy_robot_interfaces__rosidl_typesupport_introspection_cpp.so" to ""
[4.203s] -- Installing: /home/nikhil/ROS/ros2_ws/install/my_robot_interfaces/lib/libmy_robot_interfaces__rosidl_typesupport_cpp.so
[4.203s] -- Set runtime path of "/home/nikhil/ROS/ros2_ws/install/my_robot_interfaces/lib/libmy_robot_interfaces__rosidl_typesupport_cpp.so" to ""
[4.203s] -- Up-to-date: /home/nikhil/ROS/ros2_ws/install/my_robot_interfaces/share/my_robot_interfaces/environment/pythonpath.sh
[4.203s] -- Installing: /home/nikhil/ROS/ros2_ws/install/my_robot_interfaces/share/my_robot_interfaces/environment/pythonpath.dsv
[4.203s] -- Up-to-date: /home/nikhil/ROS/ros2_ws/install/my_robot_interfaces/local/lib/python3.10/dist-packages/my_robot_interfaces-0.0.0-py3.10.egg-info
[4.204s] -- Installing: /home/nikhil/ROS/ros2_ws/install/my_robot_interfaces/local/lib/python3.10/dist-packages/my_robot_interfaces-0.0.0-py3.10.egg-info/top_level.txt
[4.204s] -- Installing: /home/nikhil/ROS/ros2_ws/install/my_robot_interfaces/local/lib/python3.10/dist-packages/my_robot_interfaces-0.0.0-py3.10.egg-info/PKG-INFO
[4.204s] -- Installing: /home/nikhil/ROS/ros2_ws/install/my_robot_interfaces/local/lib/python3.10/dist-packages/my_robot_interfaces-0.0.0-py3.10.egg-info/SOURCES.txt
[4.204s] -- Installing: /home/nikhil/ROS/ros2_ws/install/my_robot_interfaces/local/lib/python3.10/dist-packages/my_robot_interfaces-0.0.0-py3.10.egg-info/dependency_links.txt
[4.204s] -- Up-to-date: /home/nikhil/ROS/ros2_ws/install/my_robot_interfaces/local/lib/python3.10/dist-packages/my_robot_interfaces
[4.204s] -- Installing: /home/nikhil/ROS/ros2_ws/install/my_robot_interfaces/local/lib/python3.10/dist-packages/my_robot_interfaces/my_robot_interfaces_s__rosidl_typesupport_introspection_c.cpython-310-x86_64-linux-gnu.so
[4.204s] -- Installing: /home/nikhil/ROS/ros2_ws/install/my_robot_interfaces/local/lib/python3.10/dist-packages/my_robot_interfaces/__init__.py
[4.204s] -- Installing: /home/nikhil/ROS/ros2_ws/install/my_robot_interfaces/local/lib/python3.10/dist-packages/my_robot_interfaces/libmy_robot_interfaces__rosidl_generator_py.so
[4.204s] -- Installing: /home/nikhil/ROS/ros2_ws/install/my_robot_interfaces/local/lib/python3.10/dist-packages/my_robot_interfaces/_my_robot_interfaces_s.ep.rosidl_typesupport_fastrtps_c.c
[4.204s] -- Installing: /home/nikhil/ROS/ros2_ws/install/my_robot_interfaces/local/lib/python3.10/dist-packages/my_robot_interfaces/my_robot_interfaces_s__rosidl_typesupport_fastrtps_c.cpython-310-x86_64-linux-gnu.so
[4.204s] -- Installing: /home/nikhil/ROS/ros2_ws/install/my_robot_interfaces/local/lib/python3.10/dist-packages/my_robot_interfaces/_my_robot_interfaces_s.ep.rosidl_typesupport_introspection_c.c
[4.204s] -- Installing: /home/nikhil/ROS/ros2_ws/install/my_robot_interfaces/local/lib/python3.10/dist-packages/my_robot_interfaces/my_robot_interfaces_s__rosidl_typesupport_c.cpython-310-x86_64-linux-gnu.so
[4.204s] -- Installing: /home/nikhil/ROS/ros2_ws/install/my_robot_interfaces/local/lib/python3.10/dist-packages/my_robot_interfaces/_my_robot_interfaces_s.ep.rosidl_typesupport_c.c
[4.205s] -- Up-to-date: /home/nikhil/ROS/ros2_ws/install/my_robot_interfaces/local/lib/python3.10/dist-packages/my_robot_interfaces/msg
[4.205s] -- Installing: /home/nikhil/ROS/ros2_ws/install/my_robot_interfaces/local/lib/python3.10/dist-packages/my_robot_interfaces/msg/_robot_location_s.c
[4.205s] -- Installing: /home/nikhil/ROS/ros2_ws/install/my_robot_interfaces/local/lib/python3.10/dist-packages/my_robot_interfaces/msg/_robot_location.py
[4.205s] -- Installing: /home/nikhil/ROS/ros2_ws/install/my_robot_interfaces/local/lib/python3.10/dist-packages/my_robot_interfaces/msg/__init__.py
[4.205s] -- Installing: /home/nikhil/ROS/ros2_ws/install/my_robot_interfaces/local/lib/python3.10/dist-packages/my_robot_interfaces/msg/_led_status_s.c
[4.205s] -- Installing: /home/nikhil/ROS/ros2_ws/install/my_robot_interfaces/local/lib/python3.10/dist-packages/my_robot_interfaces/msg/_led_status.py
[4.205s] -- Installing: /home/nikhil/ROS/ros2_ws/install/my_robot_interfaces/local/lib/python3.10/dist-packages/my_robot_interfaces/msg/_hardware_status.py
[4.205s] -- Installing: /home/nikhil/ROS/ros2_ws/install/my_robot_interfaces/local/lib/python3.10/dist-packages/my_robot_interfaces/msg/_hardware_status_s.c
[4.205s] -- Up-to-date: /home/nikhil/ROS/ros2_ws/install/my_robot_interfaces/local/lib/python3.10/dist-packages/my_robot_interfaces/srv
[4.205s] -- Installing: /home/nikhil/ROS/ros2_ws/install/my_robot_interfaces/local/lib/python3.10/dist-packages/my_robot_interfaces/srv/__init__.py
[4.205s] -- Installing: /home/nikhil/ROS/ros2_ws/install/my_robot_interfaces/local/lib/python3.10/dist-packages/my_robot_interfaces/srv/_set_led.py
[4.206s] -- Installing: /home/nikhil/ROS/ros2_ws/install/my_robot_interfaces/local/lib/python3.10/dist-packages/my_robot_interfaces/srv/_compute_rectangle.py
[4.206s] -- Installing: /home/nikhil/ROS/ros2_ws/install/my_robot_interfaces/local/lib/python3.10/dist-packages/my_robot_interfaces/srv/_set_led_s.c
[4.206s] -- Installing: /home/nikhil/ROS/ros2_ws/install/my_robot_interfaces/local/lib/python3.10/dist-packages/my_robot_interfaces/srv/_compute_rectangle_s.c
[4.238s] Listing '/home/nikhil/ROS/ros2_ws/install/my_robot_interfaces/local/lib/python3.10/dist-packages/my_robot_interfaces'...
[4.238s] Compiling '/home/nikhil/ROS/ros2_ws/install/my_robot_interfaces/local/lib/python3.10/dist-packages/my_robot_interfaces/__init__.py'...
[4.238s] Listing '/home/nikhil/ROS/ros2_ws/install/my_robot_interfaces/local/lib/python3.10/dist-packages/my_robot_interfaces/msg'...
[4.238s] Compiling '/home/nikhil/ROS/ros2_ws/install/my_robot_interfaces/local/lib/python3.10/dist-packages/my_robot_interfaces/msg/__init__.py'...
[4.238s] Compiling '/home/nikhil/ROS/ros2_ws/install/my_robot_interfaces/local/lib/python3.10/dist-packages/my_robot_interfaces/msg/_hardware_status.py'...
[4.238s] Compiling '/home/nikhil/ROS/ros2_ws/install/my_robot_interfaces/local/lib/python3.10/dist-packages/my_robot_interfaces/msg/_led_status.py'...
[4.239s] Compiling '/home/nikhil/ROS/ros2_ws/install/my_robot_interfaces/local/lib/python3.10/dist-packages/my_robot_interfaces/msg/_robot_location.py'...
[4.239s] Listing '/home/nikhil/ROS/ros2_ws/install/my_robot_interfaces/local/lib/python3.10/dist-packages/my_robot_interfaces/srv'...
[4.239s] Compiling '/home/nikhil/ROS/ros2_ws/install/my_robot_interfaces/local/lib/python3.10/dist-packages/my_robot_interfaces/srv/__init__.py'...
[4.239s] Compiling '/home/nikhil/ROS/ros2_ws/install/my_robot_interfaces/local/lib/python3.10/dist-packages/my_robot_interfaces/srv/_compute_rectangle.py'...
[4.239s] Compiling '/home/nikhil/ROS/ros2_ws/install/my_robot_interfaces/local/lib/python3.10/dist-packages/my_robot_interfaces/srv/_set_led.py'...
[4.243s] -- Installing: /home/nikhil/ROS/ros2_ws/install/my_robot_interfaces/local/lib/python3.10/dist-packages/my_robot_interfaces/my_robot_interfaces_s__rosidl_typesupport_fastrtps_c.cpython-310-x86_64-linux-gnu.so
[4.243s] -- Set runtime path of "/home/nikhil/ROS/ros2_ws/install/my_robot_interfaces/local/lib/python3.10/dist-packages/my_robot_interfaces/my_robot_interfaces_s__rosidl_typesupport_fastrtps_c.cpython-310-x86_64-linux-gnu.so" to ""
[4.243s] -- Installing: /home/nikhil/ROS/ros2_ws/install/my_robot_interfaces/local/lib/python3.10/dist-packages/my_robot_interfaces/my_robot_interfaces_s__rosidl_typesupport_introspection_c.cpython-310-x86_64-linux-gnu.so
[4.243s] -- Set runtime path of "/home/nikhil/ROS/ros2_ws/install/my_robot_interfaces/local/lib/python3.10/dist-packages/my_robot_interfaces/my_robot_interfaces_s__rosidl_typesupport_introspection_c.cpython-310-x86_64-linux-gnu.so" to ""
[4.244s] -- Installing: /home/nikhil/ROS/ros2_ws/install/my_robot_interfaces/local/lib/python3.10/dist-packages/my_robot_interfaces/my_robot_interfaces_s__rosidl_typesupport_c.cpython-310-x86_64-linux-gnu.so
[4.244s] -- Set runtime path of "/home/nikhil/ROS/ros2_ws/install/my_robot_interfaces/local/lib/python3.10/dist-packages/my_robot_interfaces/my_robot_interfaces_s__rosidl_typesupport_c.cpython-310-x86_64-linux-gnu.so" to ""
[4.244s] -- Installing: /home/nikhil/ROS/ros2_ws/install/my_robot_interfaces/lib/libmy_robot_interfaces__rosidl_generator_py.so
[4.244s] -- Set runtime path of "/home/nikhil/ROS/ros2_ws/install/my_robot_interfaces/lib/libmy_robot_interfaces__rosidl_generator_py.so" to ""
[4.245s] -- Up-to-date: /home/nikhil/ROS/ros2_ws/install/my_robot_interfaces/share/my_robot_interfaces/msg/HardwareStatus.idl
[4.245s] -- Up-to-date: /home/nikhil/ROS/ros2_ws/install/my_robot_interfaces/share/my_robot_interfaces/msg/LedStatus.idl
[4.245s] -- Installing: /home/nikhil/ROS/ros2_ws/install/my_robot_interfaces/share/my_robot_interfaces/msg/RobotLocation.idl
[4.245s] -- Up-to-date: /home/nikhil/ROS/ros2_ws/install/my_robot_interfaces/share/my_robot_interfaces/srv/ComputeRectangle.idl
[4.245s] -- Up-to-date: /home/nikhil/ROS/ros2_ws/install/my_robot_interfaces/share/my_robot_interfaces/srv/SetLed.idl
[4.245s] -- Up-to-date: /home/nikhil/ROS/ros2_ws/install/my_robot_interfaces/share/my_robot_interfaces/msg/HardwareStatus.msg
[4.246s] -- Up-to-date: /home/nikhil/ROS/ros2_ws/install/my_robot_interfaces/share/my_robot_interfaces/msg/LedStatus.msg
[4.246s] -- Installing: /home/nikhil/ROS/ros2_ws/install/my_robot_interfaces/share/my_robot_interfaces/msg/RobotLocation.msg
[4.246s] -- Up-to-date: /home/nikhil/ROS/ros2_ws/install/my_robot_interfaces/share/my_robot_interfaces/srv/ComputeRectangle.srv
[4.246s] -- Up-to-date: /home/nikhil/ROS/ros2_ws/install/my_robot_interfaces/share/my_robot_interfaces/srv/ComputeRectangle_Request.msg
[4.246s] -- Up-to-date: /home/nikhil/ROS/ros2_ws/install/my_robot_interfaces/share/my_robot_interfaces/srv/ComputeRectangle_Response.msg
[4.246s] -- Up-to-date: /home/nikhil/ROS/ros2_ws/install/my_robot_interfaces/share/my_robot_interfaces/srv/SetLed.srv
[4.246s] -- Up-to-date: /home/nikhil/ROS/ros2_ws/install/my_robot_interfaces/share/my_robot_interfaces/srv/SetLed_Request.msg
[4.246s] -- Up-to-date: /home/nikhil/ROS/ros2_ws/install/my_robot_interfaces/share/my_robot_interfaces/srv/SetLed_Response.msg
[4.246s] -- Up-to-date: /home/nikhil/ROS/ros2_ws/install/my_robot_interfaces/share/ament_index/resource_index/package_run_dependencies/my_robot_interfaces
[4.247s] -- Up-to-date: /home/nikhil/ROS/ros2_ws/install/my_robot_interfaces/share/ament_index/resource_index/parent_prefix_path/my_robot_interfaces
[4.247s] -- Up-to-date: /home/nikhil/ROS/ros2_ws/install/my_robot_interfaces/share/my_robot_interfaces/environment/ament_prefix_path.sh
[4.247s] -- Installing: /home/nikhil/ROS/ros2_ws/install/my_robot_interfaces/share/my_robot_interfaces/environment/ament_prefix_path.dsv
[4.247s] -- Up-to-date: /home/nikhil/ROS/ros2_ws/install/my_robot_interfaces/share/my_robot_interfaces/environment/path.sh
[4.247s] -- Installing: /home/nikhil/ROS/ros2_ws/install/my_robot_interfaces/share/my_robot_interfaces/environment/path.dsv
[4.247s] -- Up-to-date: /home/nikhil/ROS/ros2_ws/install/my_robot_interfaces/share/my_robot_interfaces/local_setup.bash
[4.247s] -- Up-to-date: /home/nikhil/ROS/ros2_ws/install/my_robot_interfaces/share/my_robot_interfaces/local_setup.sh
[4.247s] -- Up-to-date: /home/nikhil/ROS/ros2_ws/install/my_robot_interfaces/share/my_robot_interfaces/local_setup.zsh
[4.247s] -- Installing: /home/nikhil/ROS/ros2_ws/install/my_robot_interfaces/share/my_robot_interfaces/local_setup.dsv
[4.248s] -- Installing: /home/nikhil/ROS/ros2_ws/install/my_robot_interfaces/share/my_robot_interfaces/package.dsv
[4.248s] -- Up-to-date: /home/nikhil/ROS/ros2_ws/install/my_robot_interfaces/share/ament_index/resource_index/packages/my_robot_interfaces
[4.248s] -- Up-to-date: /home/nikhil/ROS/ros2_ws/install/my_robot_interfaces/share/my_robot_interfaces/cmake/export_my_robot_interfaces__rosidl_generator_cExport.cmake
[4.248s] -- Up-to-date: /home/nikhil/ROS/ros2_ws/install/my_robot_interfaces/share/my_robot_interfaces/cmake/export_my_robot_interfaces__rosidl_generator_cExport-noconfig.cmake
[4.248s] -- Up-to-date: /home/nikhil/ROS/ros2_ws/install/my_robot_interfaces/share/my_robot_interfaces/cmake/export_my_robot_interfaces__rosidl_typesupport_fastrtps_cExport.cmake
[4.248s] -- Up-to-date: /home/nikhil/ROS/ros2_ws/install/my_robot_interfaces/share/my_robot_interfaces/cmake/export_my_robot_interfaces__rosidl_typesupport_fastrtps_cExport-noconfig.cmake
[4.248s] -- Up-to-date: /home/nikhil/ROS/ros2_ws/install/my_robot_interfaces/share/my_robot_interfaces/cmake/my_robot_interfaces__rosidl_typesupport_introspection_cExport.cmake
[4.248s] -- Up-to-date: /home/nikhil/ROS/ros2_ws/install/my_robot_interfaces/share/my_robot_interfaces/cmake/my_robot_interfaces__rosidl_typesupport_introspection_cExport-noconfig.cmake
[4.248s] -- Up-to-date: /home/nikhil/ROS/ros2_ws/install/my_robot_interfaces/share/my_robot_interfaces/cmake/my_robot_interfaces__rosidl_typesupport_cExport.cmake
[4.249s] -- Up-to-date: /home/nikhil/ROS/ros2_ws/install/my_robot_interfaces/share/my_robot_interfaces/cmake/my_robot_interfaces__rosidl_typesupport_cExport-noconfig.cmake
[4.249s] -- Up-to-date: /home/nikhil/ROS/ros2_ws/install/my_robot_interfaces/share/my_robot_interfaces/cmake/export_my_robot_interfaces__rosidl_generator_cppExport.cmake
[4.249s] -- Up-to-date: /home/nikhil/ROS/ros2_ws/install/my_robot_interfaces/share/my_robot_interfaces/cmake/export_my_robot_interfaces__rosidl_typesupport_fastrtps_cppExport.cmake
[4.249s] -- Up-to-date: /home/nikhil/ROS/ros2_ws/install/my_robot_interfaces/share/my_robot_interfaces/cmake/export_my_robot_interfaces__rosidl_typesupport_fastrtps_cppExport-noconfig.cmake
[4.249s] -- Up-to-date: /home/nikhil/ROS/ros2_ws/install/my_robot_interfaces/share/my_robot_interfaces/cmake/my_robot_interfaces__rosidl_typesupport_introspection_cppExport.cmake
[4.249s] -- Up-to-date: /home/nikhil/ROS/ros2_ws/install/my_robot_interfaces/share/my_robot_interfaces/cmake/my_robot_interfaces__rosidl_typesupport_introspection_cppExport-noconfig.cmake
[4.249s] -- Up-to-date: /home/nikhil/ROS/ros2_ws/install/my_robot_interfaces/share/my_robot_interfaces/cmake/my_robot_interfaces__rosidl_typesupport_cppExport.cmake
[4.249s] -- Up-to-date: /home/nikhil/ROS/ros2_ws/install/my_robot_interfaces/share/my_robot_interfaces/cmake/my_robot_interfaces__rosidl_typesupport_cppExport-noconfig.cmake
[4.249s] -- Up-to-date: /home/nikhil/ROS/ros2_ws/install/my_robot_interfaces/share/my_robot_interfaces/cmake/export_my_robot_interfaces__rosidl_generator_pyExport.cmake
[4.249s] -- Up-to-date: /home/nikhil/ROS/ros2_ws/install/my_robot_interfaces/share/my_robot_interfaces/cmake/export_my_robot_interfaces__rosidl_generator_pyExport-noconfig.cmake
[4.249s] -- Up-to-date: /home/nikhil/ROS/ros2_ws/install/my_robot_interfaces/share/my_robot_interfaces/cmake/rosidl_cmake-extras.cmake
[4.249s] -- Up-to-date: /home/nikhil/ROS/ros2_ws/install/my_robot_interfaces/share/my_robot_interfaces/cmake/ament_cmake_export_include_directories-extras.cmake
[4.249s] -- Up-to-date: /home/nikhil/ROS/ros2_ws/install/my_robot_interfaces/share/my_robot_interfaces/cmake/ament_cmake_export_libraries-extras.cmake
[4.249s] -- Up-to-date: /home/nikhil/ROS/ros2_ws/install/my_robot_interfaces/share/my_robot_interfaces/cmake/ament_cmake_export_targets-extras.cmake
[4.250s] -- Up-to-date: /home/nikhil/ROS/ros2_ws/install/my_robot_interfaces/share/my_robot_interfaces/cmake/rosidl_cmake_export_typesupport_targets-extras.cmake
[4.250s] -- Up-to-date: /home/nikhil/ROS/ros2_ws/install/my_robot_interfaces/share/my_robot_interfaces/cmake/ament_cmake_export_dependencies-extras.cmake
[4.250s] -- Up-to-date: /home/nikhil/ROS/ros2_ws/install/my_robot_interfaces/share/my_robot_interfaces/cmake/rosidl_cmake_export_typesupport_libraries-extras.cmake
[4.250s] -- Up-to-date: /home/nikhil/ROS/ros2_ws/install/my_robot_interfaces/share/my_robot_interfaces/cmake/my_robot_interfacesConfig.cmake
[4.251s] -- Up-to-date: /home/nikhil/ROS/ros2_ws/install/my_robot_interfaces/share/my_robot_interfaces/cmake/my_robot_interfacesConfig-version.cmake
[4.251s] -- Up-to-date: /home/nikhil/ROS/ros2_ws/install/my_robot_interfaces/share/my_robot_interfaces/package.xml
[4.251s] Invoked command in '/home/nikhil/ROS/ros2_ws/build/my_robot_interfaces' returned '0': CMAKE_PREFIX_PATH=${CMAKE_PREFIX_PATH}:/home/nikhil/ROS/ros2_ws/install/py_pkg:/opt/ros/humble /usr/bin/cmake --install /home/nikhil/ROS/ros2_ws/build/my_robot_interfaces
