[0.015s] Invoking command in '/home/nikhil/ROS/ros2_ws/build/course_activities': CMAKE_PREFIX_PATH=/home/nikhil/ROS/ros2_ws/install/my_robot_interfaces:/home/nikhil/ROS/ros2_ws/install/my_robot_bringup:/home/nikhil/ROS/ros2_ws/install/cpp_pkg:/home/nikhil/ROS/ros2_ws/install/course_activities:/home/nikhil/ROS/ros2_ws/install/py_pkg:/opt/ros/humble /usr/bin/cmake --build /home/nikhil/ROS/ros2_ws/build/course_activities -- -j20 -l20
[0.058s] [35m[1mConsolidate compiler generated dependencies of target controller[0m
[0.066s] [ 14%] Built target number_publisher
[0.066s] [ 28%] Built target reset_counter_client
[0.067s] [ 57%] Built target battery_status
[0.067s] [ 57%] Built target number_counter
[0.068s] [ 71%] Built target new_turtle
[0.069s] [ 85%] Built target led_panel
[0.071s] [100%] Built target controller
[0.079s] Invoked command in '/home/nikhil/ROS/ros2_ws/build/course_activities' returned '0': CMAKE_PREFIX_PATH=/home/nikhil/ROS/ros2_ws/install/my_robot_interfaces:/home/nikhil/ROS/ros2_ws/install/my_robot_bringup:/home/nikhil/ROS/ros2_ws/install/cpp_pkg:/home/nikhil/ROS/ros2_ws/install/course_activities:/home/nikhil/ROS/ros2_ws/install/py_pkg:/opt/ros/humble /usr/bin/cmake --build /home/nikhil/ROS/ros2_ws/build/course_activities -- -j20 -l20
[0.122s] Invoking command in '/home/nikhil/ROS/ros2_ws/build/course_activities': CMAKE_PREFIX_PATH=/home/nikhil/ROS/ros2_ws/install/my_robot_interfaces:/home/nikhil/ROS/ros2_ws/install/my_robot_bringup:/home/nikhil/ROS/ros2_ws/install/cpp_pkg:/home/nikhil/ROS/ros2_ws/install/course_activities:/home/nikhil/ROS/ros2_ws/install/py_pkg:/opt/ros/humble /usr/bin/cmake --install /home/nikhil/ROS/ros2_ws/build/course_activities
[0.127s] -- Install configuration: ""
[0.128s] -- Up-to-date: /home/nikhil/ROS/ros2_ws/install/course_activities/lib/course_activities/number_publisher
[0.129s] -- Up-to-date: /home/nikhil/ROS/ros2_ws/install/course_activities/lib/course_activities/number_counter
[0.129s] -- Up-to-date: /home/nikhil/ROS/ros2_ws/install/course_activities/lib/course_activities/reset_counter_client
[0.130s] -- Up-to-date: /home/nikhil/ROS/ros2_ws/install/course_activities/lib/course_activities/battery_status
[0.130s] -- Up-to-date: /home/nikhil/ROS/ros2_ws/install/course_activities/lib/course_activities/led_panel
[0.130s] -- Up-to-date: /home/nikhil/ROS/ros2_ws/install/course_activities/lib/course_activities/new_turtle
[0.130s] -- Up-to-date: /home/nikhil/ROS/ros2_ws/install/course_activities/lib/course_activities/controller
[0.130s] -- Up-to-date: /home/nikhil/ROS/ros2_ws/install/course_activities/share/ament_index/resource_index/package_run_dependencies/course_activities
[0.130s] -- Up-to-date: /home/nikhil/ROS/ros2_ws/install/course_activities/share/ament_index/resource_index/parent_prefix_path/course_activities
[0.130s] -- Up-to-date: /home/nikhil/ROS/ros2_ws/install/course_activities/share/course_activities/environment/ament_prefix_path.sh
[0.130s] -- Up-to-date: /home/nikhil/ROS/ros2_ws/install/course_activities/share/course_activities/environment/ament_prefix_path.dsv
[0.131s] -- Up-to-date: /home/nikhil/ROS/ros2_ws/install/course_activities/share/course_activities/environment/path.sh
[0.131s] -- Up-to-date: /home/nikhil/ROS/ros2_ws/install/course_activities/share/course_activities/environment/path.dsv
[0.131s] -- Up-to-date: /home/nikhil/ROS/ros2_ws/install/course_activities/share/course_activities/local_setup.bash
[0.131s] -- Up-to-date: /home/nikhil/ROS/ros2_ws/install/course_activities/share/course_activities/local_setup.sh
[0.131s] -- Up-to-date: /home/nikhil/ROS/ros2_ws/install/course_activities/share/course_activities/local_setup.zsh
[0.131s] -- Up-to-date: /home/nikhil/ROS/ros2_ws/install/course_activities/share/course_activities/local_setup.dsv
[0.131s] -- Installing: /home/nikhil/ROS/ros2_ws/install/course_activities/share/course_activities/package.dsv
[0.131s] -- Up-to-date: /home/nikhil/ROS/ros2_ws/install/course_activities/share/ament_index/resource_index/packages/course_activities
[0.131s] -- Up-to-date: /home/nikhil/ROS/ros2_ws/install/course_activities/share/course_activities/cmake/course_activitiesConfig.cmake
[0.131s] -- Up-to-date: /home/nikhil/ROS/ros2_ws/install/course_activities/share/course_activities/cmake/course_activitiesConfig-version.cmake
[0.131s] -- Up-to-date: /home/nikhil/ROS/ros2_ws/install/course_activities/share/course_activities/package.xml
[0.133s] Invoked command in '/home/nikhil/ROS/ros2_ws/build/course_activities' returned '0': CMAKE_PREFIX_PATH=/home/nikhil/ROS/ros2_ws/install/my_robot_interfaces:/home/nikhil/ROS/ros2_ws/install/my_robot_bringup:/home/nikhil/ROS/ros2_ws/install/cpp_pkg:/home/nikhil/ROS/ros2_ws/install/course_activities:/home/nikhil/ROS/ros2_ws/install/py_pkg:/opt/ros/humble /usr/bin/cmake --install /home/nikhil/ROS/ros2_ws/build/course_activities
