[0.345s] Invoking command in '/home/nikhil/ROS/ros2_ws/src/py_pkg': PYTHONPATH=/home/nikhil/ROS/ros2_ws/build/py_pkg/prefix_override:/usr/lib/python3/dist-packages/colcon_core/task/python/colcon_distutils_commands:/home/nikhil/ROS/ros2_ws/install/py_pkg/lib/python3.10/site-packages:${PYTHONPATH} /usr/bin/python3 -W ignore:setup.py install is deprecated setup.py egg_info --egg-base ../../build/py_pkg build --build-base /home/nikhil/ROS/ros2_ws/build/py_pkg/build install --record /home/nikhil/ROS/ros2_ws/build/py_pkg/install.log --single-version-externally-managed install_data
[0.484s] running egg_info
[0.484s] creating ../../build/py_pkg/py_pkg.egg-info
[0.485s] writing ../../build/py_pkg/py_pkg.egg-info/PKG-INFO
[0.485s] writing dependency_links to ../../build/py_pkg/py_pkg.egg-info/dependency_links.txt
[0.485s] writing entry points to ../../build/py_pkg/py_pkg.egg-info/entry_points.txt
[0.485s] writing requirements to ../../build/py_pkg/py_pkg.egg-info/requires.txt
[0.485s] writing top-level names to ../../build/py_pkg/py_pkg.egg-info/top_level.txt
[0.485s] writing manifest file '../../build/py_pkg/py_pkg.egg-info/SOURCES.txt'
[0.486s] reading manifest file '../../build/py_pkg/py_pkg.egg-info/SOURCES.txt'
[0.486s] adding license file 'LICENSE'
[0.486s] writing manifest file '../../build/py_pkg/py_pkg.egg-info/SOURCES.txt'
[0.486s] running build
[0.486s] running build_py
[0.486s] creating /home/nikhil/ROS/ros2_ws/build/py_pkg/build
[0.486s] creating /home/nikhil/ROS/ros2_ws/build/py_pkg/build/lib
[0.486s] creating /home/nikhil/ROS/ros2_ws/build/py_pkg/build/lib/py_pkg
[0.486s] copying py_pkg/__init__.py -> /home/nikhil/ROS/ros2_ws/build/py_pkg/build/lib/py_pkg
[0.486s] copying py_pkg/first_node.py -> /home/nikhil/ROS/ros2_ws/build/py_pkg/build/lib/py_pkg
[0.486s] running install
[0.486s] running install_lib
[0.487s] creating /home/nikhil/ROS/ros2_ws/install/py_pkg/lib/python3.10/site-packages/py_pkg
[0.487s] copying /home/nikhil/ROS/ros2_ws/build/py_pkg/build/lib/py_pkg/__init__.py -> /home/nikhil/ROS/ros2_ws/install/py_pkg/lib/python3.10/site-packages/py_pkg
[0.487s] copying /home/nikhil/ROS/ros2_ws/build/py_pkg/build/lib/py_pkg/first_node.py -> /home/nikhil/ROS/ros2_ws/install/py_pkg/lib/python3.10/site-packages/py_pkg
[0.487s] byte-compiling /home/nikhil/ROS/ros2_ws/install/py_pkg/lib/python3.10/site-packages/py_pkg/__init__.py to __init__.cpython-310.pyc
[0.487s] byte-compiling /home/nikhil/ROS/ros2_ws/install/py_pkg/lib/python3.10/site-packages/py_pkg/first_node.py to first_node.cpython-310.pyc
[0.487s] running install_data
[0.487s] creating /home/nikhil/ROS/ros2_ws/install/py_pkg/share/ament_index
[0.487s] creating /home/nikhil/ROS/ros2_ws/install/py_pkg/share/ament_index/resource_index
[0.487s] creating /home/nikhil/ROS/ros2_ws/install/py_pkg/share/ament_index/resource_index/packages
[0.487s] copying resource/py_pkg -> /home/nikhil/ROS/ros2_ws/install/py_pkg/share/ament_index/resource_index/packages
[0.487s] copying package.xml -> /home/nikhil/ROS/ros2_ws/install/py_pkg/share/py_pkg
[0.487s] running install_egg_info
[0.489s] Copying ../../build/py_pkg/py_pkg.egg-info to /home/nikhil/ROS/ros2_ws/install/py_pkg/lib/python3.10/site-packages/py_pkg-0.0.0-py3.10.egg-info
[0.489s] running install_scripts
[0.501s] Installing my_node script to /home/nikhil/ROS/ros2_ws/install/py_pkg/lib/py_pkg
[0.501s] writing list of installed files to '/home/nikhil/ROS/ros2_ws/build/py_pkg/install.log'
[0.516s] Invoked command in '/home/nikhil/ROS/ros2_ws/src/py_pkg' returned '0': PYTHONPATH=/home/nikhil/ROS/ros2_ws/build/py_pkg/prefix_override:/usr/lib/python3/dist-packages/colcon_core/task/python/colcon_distutils_commands:/home/nikhil/ROS/ros2_ws/install/py_pkg/lib/python3.10/site-packages:${PYTHONPATH} /usr/bin/python3 -W ignore:setup.py install is deprecated setup.py egg_info --egg-base ../../build/py_pkg build --build-base /home/nikhil/ROS/ros2_ws/build/py_pkg/build install --record /home/nikhil/ROS/ros2_ws/build/py_pkg/install.log --single-version-externally-managed install_data
