[0.007s] Invoking command in '/home/nikhil/Work/ROS/control_ws/build/motor_control': CMAKE_PREFIX_PATH=${CMAKE_PREFIX_PATH}:/home/nikhil/Work/ROS/ros2_ws/install/py_pkg:/opt/ros/humble /usr/bin/cmake --build /home/nikhil/Work/ROS/control_ws/build/motor_control -- -j20 -l20
[0.021s] -- Found ament_cmake: 1.3.11 (/opt/ros/humble/share/ament_cmake/cmake)
[0.097s] -- Override CMake install command with custom implementation using symlinks instead of copying resources
[0.102s] -- Found pluginlib: 5.1.0 (/opt/ros/humble/share/pluginlib/cmake)
[0.133s] -- Found hardware_interface: 2.48.0 (/opt/ros/humble/share/hardware_interface/cmake)
[0.157s] -- Found rosidl_generator_c: 3.1.6 (/opt/ros/humble/share/rosidl_generator_c/cmake)
[0.160s] -- Found rosidl_adapter: 3.1.6 (/opt/ros/humble/share/rosidl_adapter/cmake)
[0.166s] -- Found rosidl_generator_cpp: 3.1.6 (/opt/ros/humble/share/rosidl_generator_cpp/cmake)
[0.173s] -- Using all available rosidl_typesupport_c: rosidl_typesupport_fastrtps_c;rosidl_typesupport_introspection_c
[0.180s] -- Using all available rosidl_typesupport_cpp: rosidl_typesupport_fastrtps_cpp;rosidl_typesupport_introspection_cpp
[0.318s] -- Found rmw_implementation_cmake: 6.1.2 (/opt/ros/humble/share/rmw_implementation_cmake/cmake)
[0.320s] -- Found rmw_cyclonedds_cpp: 1.3.4 (/opt/ros/humble/share/rmw_cyclonedds_cpp/cmake)
[0.337s] -- Using RMW implementation 'rmw_cyclonedds_cpp' as default
[0.345s] -- Looking for pthread.h
[0.417s] -- Looking for pthread.h - found
[0.417s] -- Performing Test CMAKE_HAVE_LIBC_PTHREAD
[0.473s] -- Performing Test CMAKE_HAVE_LIBC_PTHREAD - Success
[0.474s] -- Found Threads: TRUE  
[0.550s] -- Configuring done
[0.552s] -- Generating done
[0.553s] -- Build files have been written to: /home/nikhil/Work/ROS/control_ws/build/motor_control
[0.573s] Invoked command in '/home/nikhil/Work/ROS/control_ws/build/motor_control' returned '0': CMAKE_PREFIX_PATH=${CMAKE_PREFIX_PATH}:/home/nikhil/Work/ROS/ros2_ws/install/py_pkg:/opt/ros/humble /usr/bin/cmake --build /home/nikhil/Work/ROS/control_ws/build/motor_control -- -j20 -l20
[0.574s] Invoking command in '/home/nikhil/Work/ROS/control_ws/build/motor_control': CMAKE_PREFIX_PATH=${CMAKE_PREFIX_PATH}:/home/nikhil/Work/ROS/ros2_ws/install/py_pkg:/opt/ros/humble /usr/bin/cmake --install /home/nikhil/Work/ROS/control_ws/build/motor_control
[0.578s] -- Install configuration: ""
[0.578s] -- Execute custom install script
[0.578s] -- Symlinking: /home/nikhil/Work/ROS/control_ws/install/motor_control/share/motor_control//motor_control.xml
[0.586s] -- Up-to-date symlink: /home/nikhil/Work/ROS/control_ws/install/motor_control/share/ament_index/resource_index/package_run_dependencies/motor_control
[0.586s] -- Up-to-date symlink: /home/nikhil/Work/ROS/control_ws/install/motor_control/share/ament_index/resource_index/parent_prefix_path/motor_control
[0.586s] -- Up-to-date symlink: /home/nikhil/Work/ROS/control_ws/install/motor_control/share/motor_control/environment/ament_prefix_path.sh
[0.586s] -- Up-to-date symlink: /home/nikhil/Work/ROS/control_ws/install/motor_control/share/motor_control/environment/ament_prefix_path.dsv
[0.586s] -- Up-to-date symlink: /home/nikhil/Work/ROS/control_ws/install/motor_control/share/motor_control/environment/path.sh
[0.586s] -- Up-to-date symlink: /home/nikhil/Work/ROS/control_ws/install/motor_control/share/motor_control/environment/path.dsv
[0.586s] -- Up-to-date symlink: /home/nikhil/Work/ROS/control_ws/install/motor_control/share/motor_control/local_setup.bash
[0.586s] -- Up-to-date symlink: /home/nikhil/Work/ROS/control_ws/install/motor_control/share/motor_control/local_setup.sh
[0.586s] -- Up-to-date symlink: /home/nikhil/Work/ROS/control_ws/install/motor_control/share/motor_control/local_setup.zsh
[0.586s] -- Up-to-date symlink: /home/nikhil/Work/ROS/control_ws/install/motor_control/share/motor_control/local_setup.dsv
[0.586s] -- Symlinking: /home/nikhil/Work/ROS/control_ws/install/motor_control/share/motor_control/package.dsv
[0.595s] -- Up-to-date symlink: /home/nikhil/Work/ROS/control_ws/install/motor_control/share/ament_index/resource_index/packages/motor_control
[0.595s] -- Symlinking: /home/nikhil/Work/ROS/control_ws/install/motor_control/share/ament_index/resource_index/hardware_interface__pluginlib__plugin/motor_control
[0.603s] -- Up-to-date symlink: /home/nikhil/Work/ROS/control_ws/install/motor_control/share/motor_control/cmake/motor_controlConfig.cmake
[0.603s] -- Up-to-date symlink: /home/nikhil/Work/ROS/control_ws/install/motor_control/share/motor_control/cmake/motor_controlConfig-version.cmake
[0.603s] -- Up-to-date symlink: /home/nikhil/Work/ROS/control_ws/install/motor_control/share/motor_control/package.xml
[0.605s] Invoked command in '/home/nikhil/Work/ROS/control_ws/build/motor_control' returned '0': CMAKE_PREFIX_PATH=${CMAKE_PREFIX_PATH}:/home/nikhil/Work/ROS/ros2_ws/install/py_pkg:/opt/ros/humble /usr/bin/cmake --install /home/nikhil/Work/ROS/control_ws/build/motor_control
