[0.058s] DEBUG:colcon:Command line arguments: ['/usr/bin/colcon', 'build']
[0.058s] DEBUG:colcon:Parsed command line arguments: Namespace(log_base=None, log_level=None, verb_name='build', build_base='build', install_base='install', merge_install=False, symlink_install=False, test_result_base=None, continue_on_error=False, executor='parallel', parallel_workers=20, event_handlers=None, ignore_user_meta=False, metas=['./colcon.meta'], base_paths=['.'], packages_ignore=None, packages_ignore_regex=None, paths=None, packages_up_to=None, packages_up_to_regex=None, packages_above=None, packages_above_and_dependencies=None, packages_above_depth=None, packages_select_by_dep=None, packages_skip_by_dep=None, packages_skip_up_to=None, packages_select_build_failed=False, packages_skip_build_finished=False, packages_select_test_failures=False, packages_skip_test_passed=False, packages_select=None, packages_skip=None, packages_select_regex=None, packages_skip_regex=None, packages_start=None, packages_end=None, allow_overriding=[], cmake_args=None, cmake_target=None, cmake_target_skip_unavailable=False, cmake_clean_cache=False, cmake_clean_first=False, cmake_force_configure=False, ament_cmake_args=None, catkin_cmake_args=None, catkin_skip_building_tests=False, mixin_files=None, mixin=None, verb_parser=<colcon_mixin.mixin.mixin_argument.MixinArgumentDecorator object at 0x76c492017250>, verb_extension=<colcon_core.verb.build.BuildVerb object at 0x76c492016da0>, main=<bound method BuildVerb.main of <colcon_core.verb.build.BuildVerb object at 0x76c492016da0>>, mixin_verb=('build',))
[0.149s] Level 1:colcon.colcon_core.package_discovery:discover_packages(colcon_meta) check parameters
[0.149s] Level 1:colcon.colcon_core.package_discovery:discover_packages(recursive) check parameters
[0.149s] Level 1:colcon.colcon_core.package_discovery:discover_packages(ignore) check parameters
[0.149s] Level 1:colcon.colcon_core.package_discovery:discover_packages(path) check parameters
[0.149s] Level 1:colcon.colcon_core.package_discovery:discover_packages(colcon_meta) discover
[0.149s] Level 1:colcon.colcon_core.package_discovery:discover_packages(recursive) discover
[0.149s] INFO:colcon.colcon_core.package_discovery:Crawling recursively for packages in '/home/nikhil/Work/ROS/ros2_ws'
[0.149s] Level 1:colcon.colcon_core.package_identification:_identify(.) by extensions ['ignore', 'ignore_ament_install']
[0.149s] Level 1:colcon.colcon_core.package_identification:_identify(.) by extension 'ignore'
[0.149s] Level 1:colcon.colcon_core.package_identification:_identify(.) by extension 'ignore_ament_install'
[0.149s] Level 1:colcon.colcon_core.package_identification:_identify(.) by extensions ['colcon_pkg']
[0.149s] Level 1:colcon.colcon_core.package_identification:_identify(.) by extension 'colcon_pkg'
[0.149s] Level 1:colcon.colcon_core.package_identification:_identify(.) by extensions ['colcon_meta']
[0.149s] Level 1:colcon.colcon_core.package_identification:_identify(.) by extension 'colcon_meta'
[0.149s] Level 1:colcon.colcon_core.package_identification:_identify(.) by extensions ['ros']
[0.149s] Level 1:colcon.colcon_core.package_identification:_identify(.) by extension 'ros'
[0.161s] Level 1:colcon.colcon_core.package_identification:_identify(.) by extensions ['cmake', 'python']
[0.161s] Level 1:colcon.colcon_core.package_identification:_identify(.) by extension 'cmake'
[0.161s] Level 1:colcon.colcon_core.package_identification:_identify(.) by extension 'python'
[0.161s] Level 1:colcon.colcon_core.package_identification:_identify(.) by extensions ['python_setup_py']
[0.161s] Level 1:colcon.colcon_core.package_identification:_identify(.) by extension 'python_setup_py'
[0.161s] Level 1:colcon.colcon_core.package_identification:_identify(build) by extensions ['ignore', 'ignore_ament_install']
[0.161s] Level 1:colcon.colcon_core.package_identification:_identify(build) by extension 'ignore'
[0.161s] Level 1:colcon.colcon_core.package_identification:_identify(build) ignored
[0.161s] Level 1:colcon.colcon_core.package_identification:_identify(install) by extensions ['ignore', 'ignore_ament_install']
[0.161s] Level 1:colcon.colcon_core.package_identification:_identify(install) by extension 'ignore'
[0.161s] Level 1:colcon.colcon_core.package_identification:_identify(install) ignored
[0.161s] Level 1:colcon.colcon_core.package_identification:_identify(log) by extensions ['ignore', 'ignore_ament_install']
[0.161s] Level 1:colcon.colcon_core.package_identification:_identify(log) by extension 'ignore'
[0.161s] Level 1:colcon.colcon_core.package_identification:_identify(log) ignored
[0.161s] Level 1:colcon.colcon_core.package_identification:_identify(src) by extensions ['ignore', 'ignore_ament_install']
[0.161s] Level 1:colcon.colcon_core.package_identification:_identify(src) by extension 'ignore'
[0.161s] Level 1:colcon.colcon_core.package_identification:_identify(src) by extension 'ignore_ament_install'
[0.161s] Level 1:colcon.colcon_core.package_identification:_identify(src) by extensions ['colcon_pkg']
[0.161s] Level 1:colcon.colcon_core.package_identification:_identify(src) by extension 'colcon_pkg'
[0.161s] Level 1:colcon.colcon_core.package_identification:_identify(src) by extensions ['colcon_meta']
[0.161s] Level 1:colcon.colcon_core.package_identification:_identify(src) by extension 'colcon_meta'
[0.161s] Level 1:colcon.colcon_core.package_identification:_identify(src) by extensions ['ros']
[0.161s] Level 1:colcon.colcon_core.package_identification:_identify(src) by extension 'ros'
[0.161s] Level 1:colcon.colcon_core.package_identification:_identify(src) by extensions ['cmake', 'python']
[0.161s] Level 1:colcon.colcon_core.package_identification:_identify(src) by extension 'cmake'
[0.161s] Level 1:colcon.colcon_core.package_identification:_identify(src) by extension 'python'
[0.161s] Level 1:colcon.colcon_core.package_identification:_identify(src) by extensions ['python_setup_py']
[0.161s] Level 1:colcon.colcon_core.package_identification:_identify(src) by extension 'python_setup_py'
[0.162s] Level 1:colcon.colcon_core.package_identification:_identify(src/course_activities) by extensions ['ignore', 'ignore_ament_install']
[0.162s] Level 1:colcon.colcon_core.package_identification:_identify(src/course_activities) by extension 'ignore'
[0.162s] Level 1:colcon.colcon_core.package_identification:_identify(src/course_activities) by extension 'ignore_ament_install'
[0.162s] Level 1:colcon.colcon_core.package_identification:_identify(src/course_activities) by extensions ['colcon_pkg']
[0.162s] Level 1:colcon.colcon_core.package_identification:_identify(src/course_activities) by extension 'colcon_pkg'
[0.162s] Level 1:colcon.colcon_core.package_identification:_identify(src/course_activities) by extensions ['colcon_meta']
[0.162s] Level 1:colcon.colcon_core.package_identification:_identify(src/course_activities) by extension 'colcon_meta'
[0.162s] Level 1:colcon.colcon_core.package_identification:_identify(src/course_activities) by extensions ['ros']
[0.162s] Level 1:colcon.colcon_core.package_identification:_identify(src/course_activities) by extension 'ros'
[0.163s] DEBUG:colcon.colcon_core.package_identification:Package 'src/course_activities' with type 'ros.ament_cmake' and name 'course_activities'
[0.163s] Level 1:colcon.colcon_core.package_identification:_identify(src/cpp_pkg) by extensions ['ignore', 'ignore_ament_install']
[0.164s] Level 1:colcon.colcon_core.package_identification:_identify(src/cpp_pkg) by extension 'ignore'
[0.164s] Level 1:colcon.colcon_core.package_identification:_identify(src/cpp_pkg) by extension 'ignore_ament_install'
[0.164s] Level 1:colcon.colcon_core.package_identification:_identify(src/cpp_pkg) by extensions ['colcon_pkg']
[0.164s] Level 1:colcon.colcon_core.package_identification:_identify(src/cpp_pkg) by extension 'colcon_pkg'
[0.164s] Level 1:colcon.colcon_core.package_identification:_identify(src/cpp_pkg) by extensions ['colcon_meta']
[0.164s] Level 1:colcon.colcon_core.package_identification:_identify(src/cpp_pkg) by extension 'colcon_meta'
[0.164s] Level 1:colcon.colcon_core.package_identification:_identify(src/cpp_pkg) by extensions ['ros']
[0.164s] Level 1:colcon.colcon_core.package_identification:_identify(src/cpp_pkg) by extension 'ros'
[0.164s] DEBUG:colcon.colcon_core.package_identification:Package 'src/cpp_pkg' with type 'ros.ament_cmake' and name 'cpp_pkg'
[0.164s] Level 1:colcon.colcon_core.package_identification:_identify(src/my_robot_bringup) by extensions ['ignore', 'ignore_ament_install']
[0.164s] Level 1:colcon.colcon_core.package_identification:_identify(src/my_robot_bringup) by extension 'ignore'
[0.164s] Level 1:colcon.colcon_core.package_identification:_identify(src/my_robot_bringup) by extension 'ignore_ament_install'
[0.164s] Level 1:colcon.colcon_core.package_identification:_identify(src/my_robot_bringup) by extensions ['colcon_pkg']
[0.164s] Level 1:colcon.colcon_core.package_identification:_identify(src/my_robot_bringup) by extension 'colcon_pkg'
[0.164s] Level 1:colcon.colcon_core.package_identification:_identify(src/my_robot_bringup) by extensions ['colcon_meta']
[0.164s] Level 1:colcon.colcon_core.package_identification:_identify(src/my_robot_bringup) by extension 'colcon_meta'
[0.164s] Level 1:colcon.colcon_core.package_identification:_identify(src/my_robot_bringup) by extensions ['ros']
[0.164s] Level 1:colcon.colcon_core.package_identification:_identify(src/my_robot_bringup) by extension 'ros'
[0.165s] DEBUG:colcon.colcon_core.package_identification:Package 'src/my_robot_bringup' with type 'ros.ament_cmake' and name 'my_robot_bringup'
[0.165s] Level 1:colcon.colcon_core.package_identification:_identify(src/my_robot_interfaces) by extensions ['ignore', 'ignore_ament_install']
[0.165s] Level 1:colcon.colcon_core.package_identification:_identify(src/my_robot_interfaces) by extension 'ignore'
[0.165s] Level 1:colcon.colcon_core.package_identification:_identify(src/my_robot_interfaces) by extension 'ignore_ament_install'
[0.165s] Level 1:colcon.colcon_core.package_identification:_identify(src/my_robot_interfaces) by extensions ['colcon_pkg']
[0.165s] Level 1:colcon.colcon_core.package_identification:_identify(src/my_robot_interfaces) by extension 'colcon_pkg'
[0.165s] Level 1:colcon.colcon_core.package_identification:_identify(src/my_robot_interfaces) by extensions ['colcon_meta']
[0.165s] Level 1:colcon.colcon_core.package_identification:_identify(src/my_robot_interfaces) by extension 'colcon_meta'
[0.165s] Level 1:colcon.colcon_core.package_identification:_identify(src/my_robot_interfaces) by extensions ['ros']
[0.165s] Level 1:colcon.colcon_core.package_identification:_identify(src/my_robot_interfaces) by extension 'ros'
[0.165s] DEBUG:colcon.colcon_core.package_identification:Package 'src/my_robot_interfaces' with type 'ros.ament_cmake' and name 'my_robot_interfaces'
[0.165s] Level 1:colcon.colcon_core.package_identification:_identify(src/py_pkg) by extensions ['ignore', 'ignore_ament_install']
[0.165s] Level 1:colcon.colcon_core.package_identification:_identify(src/py_pkg) by extension 'ignore'
[0.165s] Level 1:colcon.colcon_core.package_identification:_identify(src/py_pkg) by extension 'ignore_ament_install'
[0.165s] Level 1:colcon.colcon_core.package_identification:_identify(src/py_pkg) by extensions ['colcon_pkg']
[0.165s] Level 1:colcon.colcon_core.package_identification:_identify(src/py_pkg) by extension 'colcon_pkg'
[0.165s] Level 1:colcon.colcon_core.package_identification:_identify(src/py_pkg) by extensions ['colcon_meta']
[0.165s] Level 1:colcon.colcon_core.package_identification:_identify(src/py_pkg) by extension 'colcon_meta'
[0.165s] Level 1:colcon.colcon_core.package_identification:_identify(src/py_pkg) by extensions ['ros']
[0.165s] Level 1:colcon.colcon_core.package_identification:_identify(src/py_pkg) by extension 'ros'
[0.166s] DEBUG:colcon.colcon_core.package_identification:Package 'src/py_pkg' with type 'ros.ament_python' and name 'py_pkg'
[0.166s] Level 1:colcon.colcon_core.package_discovery:discover_packages(recursive) using defaults
[0.166s] Level 1:colcon.colcon_core.package_discovery:discover_packages(ignore) discover
[0.166s] Level 1:colcon.colcon_core.package_discovery:discover_packages(ignore) using defaults
[0.166s] Level 1:colcon.colcon_core.package_discovery:discover_packages(path) discover
[0.166s] Level 1:colcon.colcon_core.package_discovery:discover_packages(path) using defaults
[0.177s] Level 1:colcon.colcon_core.package_discovery:discover_packages(prefix_path) check parameters
[0.177s] Level 1:colcon.colcon_core.package_discovery:discover_packages(prefix_path) discover
[0.178s] WARNING:colcon.colcon_ros.prefix_path.ament:The path '/home/nikhil/Work/ROS/ros2_ws/install/py_pkg' in the environment variable AMENT_PREFIX_PATH doesn't exist
[0.178s] WARNING:colcon.colcon_ros.prefix_path.ament:The path '/home/nikhil/Work/ROS/ros2_ws/install/cpp_pkg' in the environment variable AMENT_PREFIX_PATH doesn't exist
[0.178s] WARNING:colcon.colcon_ros.prefix_path.ament:The path '/home/nikhil/Work/ROS/ros2_ws/install/course_activities' in the environment variable AMENT_PREFIX_PATH doesn't exist
[0.178s] WARNING:colcon.colcon_ros.prefix_path.ament:The path '/home/nikhil/Work/ROS/ros2_ws/install/my_robot_interfaces' in the environment variable AMENT_PREFIX_PATH doesn't exist
[0.178s] WARNING:colcon.colcon_ros.prefix_path.catkin:The path '/home/nikhil/Work/ROS/ros2_ws/install/my_robot_bringup' in the environment variable CMAKE_PREFIX_PATH doesn't exist
[0.178s] WARNING:colcon.colcon_ros.prefix_path.catkin:The path '/home/nikhil/Work/ROS/ros2_ws/install/cpp_pkg' in the environment variable CMAKE_PREFIX_PATH doesn't exist
[0.178s] WARNING:colcon.colcon_ros.prefix_path.catkin:The path '/home/nikhil/Work/ROS/ros2_ws/install/course_activities' in the environment variable CMAKE_PREFIX_PATH doesn't exist
[0.178s] WARNING:colcon.colcon_ros.prefix_path.catkin:The path '/home/nikhil/Work/ROS/ros2_ws/install/my_robot_interfaces' in the environment variable CMAKE_PREFIX_PATH doesn't exist
[0.178s] DEBUG:colcon.colcon_installed_package_information.package_discovery:Found 3 installed packages in /home/nikhil/Work/ROS/turtlebot3_ws/install
[0.179s] DEBUG:colcon.colcon_installed_package_information.package_discovery:Found 2 installed packages in /home/nikhil/Work/ROS/ros2_ws_1/install
[0.179s] DEBUG:colcon.colcon_installed_package_information.package_discovery:Found 0 installed packages in /home/nikhil/Work/ROS/ros2_ws/install
[0.179s] DEBUG:colcon.colcon_installed_package_information.package_discovery:Found 388 installed packages in /opt/ros/humble
[0.181s] Level 1:colcon.colcon_core.package_discovery:discover_packages(prefix_path) using defaults
[0.204s] Level 5:colcon.colcon_core.verb:set package 'my_robot_interfaces' build argument 'cmake_args' from command line to 'None'
[0.204s] Level 5:colcon.colcon_core.verb:set package 'my_robot_interfaces' build argument 'cmake_target' from command line to 'None'
[0.204s] Level 5:colcon.colcon_core.verb:set package 'my_robot_interfaces' build argument 'cmake_target_skip_unavailable' from command line to 'False'
[0.204s] Level 5:colcon.colcon_core.verb:set package 'my_robot_interfaces' build argument 'cmake_clean_cache' from command line to 'False'
[0.204s] Level 5:colcon.colcon_core.verb:set package 'my_robot_interfaces' build argument 'cmake_clean_first' from command line to 'False'
[0.204s] Level 5:colcon.colcon_core.verb:set package 'my_robot_interfaces' build argument 'cmake_force_configure' from command line to 'False'
[0.204s] Level 5:colcon.colcon_core.verb:set package 'my_robot_interfaces' build argument 'ament_cmake_args' from command line to 'None'
[0.204s] Level 5:colcon.colcon_core.verb:set package 'my_robot_interfaces' build argument 'catkin_cmake_args' from command line to 'None'
[0.204s] Level 5:colcon.colcon_core.verb:set package 'my_robot_interfaces' build argument 'catkin_skip_building_tests' from command line to 'False'
[0.204s] DEBUG:colcon.colcon_core.verb:Building package 'my_robot_interfaces' with the following arguments: {'ament_cmake_args': None, 'build_base': '/home/nikhil/Work/ROS/ros2_ws/build/my_robot_interfaces', 'catkin_cmake_args': None, 'catkin_skip_building_tests': False, 'cmake_args': None, 'cmake_clean_cache': False, 'cmake_clean_first': False, 'cmake_force_configure': False, 'cmake_target': None, 'cmake_target_skip_unavailable': False, 'install_base': '/home/nikhil/Work/ROS/ros2_ws/install/my_robot_interfaces', 'merge_install': False, 'path': '/home/nikhil/Work/ROS/ros2_ws/src/my_robot_interfaces', 'symlink_install': False, 'test_result_base': None}
[0.204s] Level 5:colcon.colcon_core.verb:set package 'py_pkg' build argument 'cmake_args' from command line to 'None'
[0.204s] Level 5:colcon.colcon_core.verb:set package 'py_pkg' build argument 'cmake_target' from command line to 'None'
[0.204s] Level 5:colcon.colcon_core.verb:set package 'py_pkg' build argument 'cmake_target_skip_unavailable' from command line to 'False'
[0.204s] Level 5:colcon.colcon_core.verb:set package 'py_pkg' build argument 'cmake_clean_cache' from command line to 'False'
[0.204s] Level 5:colcon.colcon_core.verb:set package 'py_pkg' build argument 'cmake_clean_first' from command line to 'False'
[0.204s] Level 5:colcon.colcon_core.verb:set package 'py_pkg' build argument 'cmake_force_configure' from command line to 'False'
[0.204s] Level 5:colcon.colcon_core.verb:set package 'py_pkg' build argument 'ament_cmake_args' from command line to 'None'
[0.204s] Level 5:colcon.colcon_core.verb:set package 'py_pkg' build argument 'catkin_cmake_args' from command line to 'None'
[0.204s] Level 5:colcon.colcon_core.verb:set package 'py_pkg' build argument 'catkin_skip_building_tests' from command line to 'False'
[0.204s] DEBUG:colcon.colcon_core.verb:Building package 'py_pkg' with the following arguments: {'ament_cmake_args': None, 'build_base': '/home/nikhil/Work/ROS/ros2_ws/build/py_pkg', 'catkin_cmake_args': None, 'catkin_skip_building_tests': False, 'cmake_args': None, 'cmake_clean_cache': False, 'cmake_clean_first': False, 'cmake_force_configure': False, 'cmake_target': None, 'cmake_target_skip_unavailable': False, 'install_base': '/home/nikhil/Work/ROS/ros2_ws/install/py_pkg', 'merge_install': False, 'path': '/home/nikhil/Work/ROS/ros2_ws/src/py_pkg', 'symlink_install': False, 'test_result_base': None}
[0.204s] Level 5:colcon.colcon_core.verb:set package 'course_activities' build argument 'cmake_args' from command line to 'None'
[0.204s] Level 5:colcon.colcon_core.verb:set package 'course_activities' build argument 'cmake_target' from command line to 'None'
[0.204s] Level 5:colcon.colcon_core.verb:set package 'course_activities' build argument 'cmake_target_skip_unavailable' from command line to 'False'
[0.204s] Level 5:colcon.colcon_core.verb:set package 'course_activities' build argument 'cmake_clean_cache' from command line to 'False'
[0.204s] Level 5:colcon.colcon_core.verb:set package 'course_activities' build argument 'cmake_clean_first' from command line to 'False'
[0.204s] Level 5:colcon.colcon_core.verb:set package 'course_activities' build argument 'cmake_force_configure' from command line to 'False'
[0.204s] Level 5:colcon.colcon_core.verb:set package 'course_activities' build argument 'ament_cmake_args' from command line to 'None'
[0.204s] Level 5:colcon.colcon_core.verb:set package 'course_activities' build argument 'catkin_cmake_args' from command line to 'None'
[0.204s] Level 5:colcon.colcon_core.verb:set package 'course_activities' build argument 'catkin_skip_building_tests' from command line to 'False'
[0.204s] DEBUG:colcon.colcon_core.verb:Building package 'course_activities' with the following arguments: {'ament_cmake_args': None, 'build_base': '/home/nikhil/Work/ROS/ros2_ws/build/course_activities', 'catkin_cmake_args': None, 'catkin_skip_building_tests': False, 'cmake_args': None, 'cmake_clean_cache': False, 'cmake_clean_first': False, 'cmake_force_configure': False, 'cmake_target': None, 'cmake_target_skip_unavailable': False, 'install_base': '/home/nikhil/Work/ROS/ros2_ws/install/course_activities', 'merge_install': False, 'path': '/home/nikhil/Work/ROS/ros2_ws/src/course_activities', 'symlink_install': False, 'test_result_base': None}
[0.205s] Level 5:colcon.colcon_core.verb:set package 'cpp_pkg' build argument 'cmake_args' from command line to 'None'
[0.205s] Level 5:colcon.colcon_core.verb:set package 'cpp_pkg' build argument 'cmake_target' from command line to 'None'
[0.205s] Level 5:colcon.colcon_core.verb:set package 'cpp_pkg' build argument 'cmake_target_skip_unavailable' from command line to 'False'
[0.205s] Level 5:colcon.colcon_core.verb:set package 'cpp_pkg' build argument 'cmake_clean_cache' from command line to 'False'
[0.205s] Level 5:colcon.colcon_core.verb:set package 'cpp_pkg' build argument 'cmake_clean_first' from command line to 'False'
[0.205s] Level 5:colcon.colcon_core.verb:set package 'cpp_pkg' build argument 'cmake_force_configure' from command line to 'False'
[0.205s] Level 5:colcon.colcon_core.verb:set package 'cpp_pkg' build argument 'ament_cmake_args' from command line to 'None'
[0.205s] Level 5:colcon.colcon_core.verb:set package 'cpp_pkg' build argument 'catkin_cmake_args' from command line to 'None'
[0.205s] Level 5:colcon.colcon_core.verb:set package 'cpp_pkg' build argument 'catkin_skip_building_tests' from command line to 'False'
[0.205s] DEBUG:colcon.colcon_core.verb:Building package 'cpp_pkg' with the following arguments: {'ament_cmake_args': None, 'build_base': '/home/nikhil/Work/ROS/ros2_ws/build/cpp_pkg', 'catkin_cmake_args': None, 'catkin_skip_building_tests': False, 'cmake_args': None, 'cmake_clean_cache': False, 'cmake_clean_first': False, 'cmake_force_configure': False, 'cmake_target': None, 'cmake_target_skip_unavailable': False, 'install_base': '/home/nikhil/Work/ROS/ros2_ws/install/cpp_pkg', 'merge_install': False, 'path': '/home/nikhil/Work/ROS/ros2_ws/src/cpp_pkg', 'symlink_install': False, 'test_result_base': None}
[0.205s] Level 5:colcon.colcon_core.verb:set package 'my_robot_bringup' build argument 'cmake_args' from command line to 'None'
[0.205s] Level 5:colcon.colcon_core.verb:set package 'my_robot_bringup' build argument 'cmake_target' from command line to 'None'
[0.205s] Level 5:colcon.colcon_core.verb:set package 'my_robot_bringup' build argument 'cmake_target_skip_unavailable' from command line to 'False'
[0.205s] Level 5:colcon.colcon_core.verb:set package 'my_robot_bringup' build argument 'cmake_clean_cache' from command line to 'False'
[0.205s] Level 5:colcon.colcon_core.verb:set package 'my_robot_bringup' build argument 'cmake_clean_first' from command line to 'False'
[0.205s] Level 5:colcon.colcon_core.verb:set package 'my_robot_bringup' build argument 'cmake_force_configure' from command line to 'False'
[0.205s] Level 5:colcon.colcon_core.verb:set package 'my_robot_bringup' build argument 'ament_cmake_args' from command line to 'None'
[0.205s] Level 5:colcon.colcon_core.verb:set package 'my_robot_bringup' build argument 'catkin_cmake_args' from command line to 'None'
[0.205s] Level 5:colcon.colcon_core.verb:set package 'my_robot_bringup' build argument 'catkin_skip_building_tests' from command line to 'False'
[0.205s] DEBUG:colcon.colcon_core.verb:Building package 'my_robot_bringup' with the following arguments: {'ament_cmake_args': None, 'build_base': '/home/nikhil/Work/ROS/ros2_ws/build/my_robot_bringup', 'catkin_cmake_args': None, 'catkin_skip_building_tests': False, 'cmake_args': None, 'cmake_clean_cache': False, 'cmake_clean_first': False, 'cmake_force_configure': False, 'cmake_target': None, 'cmake_target_skip_unavailable': False, 'install_base': '/home/nikhil/Work/ROS/ros2_ws/install/my_robot_bringup', 'merge_install': False, 'path': '/home/nikhil/Work/ROS/ros2_ws/src/my_robot_bringup', 'symlink_install': False, 'test_result_base': None}
[0.205s] INFO:colcon.colcon_core.executor:Executing jobs using 'parallel' executor
[0.206s] DEBUG:colcon.colcon_parallel_executor.executor.parallel:run_until_complete
[0.206s] INFO:colcon.colcon_ros.task.ament_cmake.build:Building ROS package in '/home/nikhil/Work/ROS/ros2_ws/src/my_robot_interfaces' with build type 'ament_cmake'
[0.206s] INFO:colcon.colcon_cmake.task.cmake.build:Building CMake package in '/home/nikhil/Work/ROS/ros2_ws/src/my_robot_interfaces'
[0.207s] INFO:colcon.colcon_core.plugin_system:Skipping extension 'colcon_core.shell.bat': Not used on non-Windows systems
[0.207s] INFO:colcon.colcon_core.shell:Skip shell extension 'powershell' for command environment: Not usable outside of PowerShell
[0.207s] DEBUG:colcon.colcon_core.shell:Skip shell extension 'dsv' for command environment
[0.210s] INFO:colcon.colcon_ros.task.ament_python.build:Building ROS package in '/home/nikhil/Work/ROS/ros2_ws/src/py_pkg' with build type 'ament_python'
[0.210s] Level 1:colcon.colcon_core.shell:create_environment_hook('py_pkg', 'ament_prefix_path')
[0.210s] INFO:colcon.colcon_core.shell:Creating environment hook '/home/nikhil/Work/ROS/ros2_ws/install/py_pkg/share/py_pkg/hook/ament_prefix_path.ps1'
[0.210s] INFO:colcon.colcon_core.shell:Creating environment descriptor '/home/nikhil/Work/ROS/ros2_ws/install/py_pkg/share/py_pkg/hook/ament_prefix_path.dsv'
[0.210s] INFO:colcon.colcon_core.shell:Creating environment hook '/home/nikhil/Work/ROS/ros2_ws/install/py_pkg/share/py_pkg/hook/ament_prefix_path.sh'
[0.211s] INFO:colcon.colcon_core.shell:Skip shell extension 'powershell' for command environment: Not usable outside of PowerShell
[0.211s] DEBUG:colcon.colcon_core.shell:Skip shell extension 'dsv' for command environment
[0.215s] DEBUG:colcon.colcon_core.event_handler.log_command:Invoking command in '/home/nikhil/Work/ROS/ros2_ws/build/my_robot_interfaces': CMAKE_PREFIX_PATH=${CMAKE_PREFIX_PATH}:/home/nikhil/Work/ROS/ros2_ws/install/py_pkg:/opt/ros/humble /usr/bin/cmake /home/nikhil/Work/ROS/ros2_ws/src/my_robot_interfaces -DCMAKE_INSTALL_PREFIX=/home/nikhil/Work/ROS/ros2_ws/install/my_robot_interfaces
[0.359s] INFO:colcon.colcon_core.task.python.build:Building Python package in '/home/nikhil/Work/ROS/ros2_ws/src/py_pkg'
[0.360s] INFO:colcon.colcon_core.shell:Skip shell extension 'powershell' for command environment: Not usable outside of PowerShell
[0.360s] DEBUG:colcon.colcon_core.shell:Skip shell extension 'dsv' for command environment
[0.558s] DEBUG:colcon.colcon_core.event_handler.log_command:Invoking command in '/home/nikhil/Work/ROS/ros2_ws/src/py_pkg': PYTHONPATH=/home/nikhil/Work/ROS/ros2_ws/build/py_pkg/prefix_override:/usr/lib/python3/dist-packages/colcon_core/task/python/colcon_distutils_commands:/home/nikhil/Work/ROS/ros2_ws/install/py_pkg/lib/python3.10/site-packages:${PYTHONPATH} /usr/bin/python3 -W ignore:setup.py install is deprecated -W ignore:easy_install command is deprecated setup.py egg_info --egg-base ../../build/py_pkg build --build-base /home/nikhil/Work/ROS/ros2_ws/build/py_pkg/build install --record /home/nikhil/Work/ROS/ros2_ws/build/py_pkg/install.log --single-version-externally-managed install_data
[0.717s] DEBUG:colcon.colcon_core.event_handler.log_command:Invoked command in '/home/nikhil/Work/ROS/ros2_ws/src/py_pkg' returned '0': PYTHONPATH=/home/nikhil/Work/ROS/ros2_ws/build/py_pkg/prefix_override:/usr/lib/python3/dist-packages/colcon_core/task/python/colcon_distutils_commands:/home/nikhil/Work/ROS/ros2_ws/install/py_pkg/lib/python3.10/site-packages:${PYTHONPATH} /usr/bin/python3 -W ignore:setup.py install is deprecated -W ignore:easy_install command is deprecated setup.py egg_info --egg-base ../../build/py_pkg build --build-base /home/nikhil/Work/ROS/ros2_ws/build/py_pkg/build install --record /home/nikhil/Work/ROS/ros2_ws/build/py_pkg/install.log --single-version-externally-managed install_data
[0.718s] Level 1:colcon.colcon_core.environment:checking '/home/nikhil/Work/ROS/ros2_ws/install/py_pkg' for CMake module files
[0.718s] Level 1:colcon.colcon_core.environment:checking '/home/nikhil/Work/ROS/ros2_ws/install/py_pkg' for CMake config files
[0.718s] Level 1:colcon.colcon_core.environment:checking '/home/nikhil/Work/ROS/ros2_ws/install/py_pkg/lib'
[0.719s] Level 1:colcon.colcon_core.environment:checking '/home/nikhil/Work/ROS/ros2_ws/install/py_pkg/bin'
[0.719s] Level 1:colcon.colcon_core.environment:checking '/home/nikhil/Work/ROS/ros2_ws/install/py_pkg/lib/pkgconfig/py_pkg.pc'
[0.719s] Level 1:colcon.colcon_core.environment:checking '/home/nikhil/Work/ROS/ros2_ws/install/py_pkg/lib/python3.10/site-packages'
[0.719s] Level 1:colcon.colcon_core.shell:create_environment_hook('py_pkg', 'pythonpath')
[0.719s] INFO:colcon.colcon_core.shell:Creating environment hook '/home/nikhil/Work/ROS/ros2_ws/install/py_pkg/share/py_pkg/hook/pythonpath.ps1'
[0.719s] INFO:colcon.colcon_core.shell:Creating environment descriptor '/home/nikhil/Work/ROS/ros2_ws/install/py_pkg/share/py_pkg/hook/pythonpath.dsv'
[0.719s] INFO:colcon.colcon_core.shell:Creating environment hook '/home/nikhil/Work/ROS/ros2_ws/install/py_pkg/share/py_pkg/hook/pythonpath.sh'
[0.720s] Level 1:colcon.colcon_core.environment:checking '/home/nikhil/Work/ROS/ros2_ws/install/py_pkg/bin'
[0.720s] Level 1:colcon.colcon_core.environment:create_environment_scripts_only(py_pkg)
[0.720s] INFO:colcon.colcon_core.shell:Creating package script '/home/nikhil/Work/ROS/ros2_ws/install/py_pkg/share/py_pkg/package.ps1'
[0.720s] INFO:colcon.colcon_core.shell:Creating package descriptor '/home/nikhil/Work/ROS/ros2_ws/install/py_pkg/share/py_pkg/package.dsv'
[0.721s] INFO:colcon.colcon_core.shell:Creating package script '/home/nikhil/Work/ROS/ros2_ws/install/py_pkg/share/py_pkg/package.sh'
[0.721s] INFO:colcon.colcon_core.shell:Creating package script '/home/nikhil/Work/ROS/ros2_ws/install/py_pkg/share/py_pkg/package.bash'
[0.721s] INFO:colcon.colcon_core.shell:Creating package script '/home/nikhil/Work/ROS/ros2_ws/install/py_pkg/share/py_pkg/package.zsh'
[0.721s] Level 1:colcon.colcon_core.environment:create_file_with_runtime_dependencies(/home/nikhil/Work/ROS/ros2_ws/install/py_pkg/share/colcon-core/packages/py_pkg)
[1.236s] DEBUG:colcon.colcon_core.event_handler.log_command:Invoked command in '/home/nikhil/Work/ROS/ros2_ws/build/my_robot_interfaces' returned '0': CMAKE_PREFIX_PATH=${CMAKE_PREFIX_PATH}:/home/nikhil/Work/ROS/ros2_ws/install/py_pkg:/opt/ros/humble /usr/bin/cmake /home/nikhil/Work/ROS/ros2_ws/src/my_robot_interfaces -DCMAKE_INSTALL_PREFIX=/home/nikhil/Work/ROS/ros2_ws/install/my_robot_interfaces
[1.238s] DEBUG:colcon.colcon_core.event_handler.log_command:Invoking command in '/home/nikhil/Work/ROS/ros2_ws/build/my_robot_interfaces': CMAKE_PREFIX_PATH=${CMAKE_PREFIX_PATH}:/home/nikhil/Work/ROS/ros2_ws/install/py_pkg:/opt/ros/humble /usr/bin/cmake --build /home/nikhil/Work/ROS/ros2_ws/build/my_robot_interfaces -- -j20 -l20
[2.978s] DEBUG:colcon.colcon_core.event_handler.log_command:Invoked command in '/home/nikhil/Work/ROS/ros2_ws/build/my_robot_interfaces' returned '0': CMAKE_PREFIX_PATH=${CMAKE_PREFIX_PATH}:/home/nikhil/Work/ROS/ros2_ws/install/py_pkg:/opt/ros/humble /usr/bin/cmake --build /home/nikhil/Work/ROS/ros2_ws/build/my_robot_interfaces -- -j20 -l20
[2.984s] DEBUG:colcon.colcon_core.event_handler.log_command:Invoking command in '/home/nikhil/Work/ROS/ros2_ws/build/my_robot_interfaces': CMAKE_PREFIX_PATH=${CMAKE_PREFIX_PATH}:/home/nikhil/Work/ROS/ros2_ws/install/py_pkg:/opt/ros/humble /usr/bin/cmake --install /home/nikhil/Work/ROS/ros2_ws/build/my_robot_interfaces
[3.025s] Level 1:colcon.colcon_core.environment:create_environment_scripts_only(my_robot_interfaces)
[3.025s] Level 1:colcon.colcon_core.environment:checking '/home/nikhil/Work/ROS/ros2_ws/install/my_robot_interfaces' for CMake module files
[3.025s] DEBUG:colcon.colcon_core.event_handler.log_command:Invoked command in '/home/nikhil/Work/ROS/ros2_ws/build/my_robot_interfaces' returned '0': CMAKE_PREFIX_PATH=${CMAKE_PREFIX_PATH}:/home/nikhil/Work/ROS/ros2_ws/install/py_pkg:/opt/ros/humble /usr/bin/cmake --install /home/nikhil/Work/ROS/ros2_ws/build/my_robot_interfaces
[3.025s] Level 1:colcon.colcon_core.environment:checking '/home/nikhil/Work/ROS/ros2_ws/install/my_robot_interfaces' for CMake config files
[3.026s] Level 1:colcon.colcon_core.shell:create_environment_hook('my_robot_interfaces', 'cmake_prefix_path')
[3.026s] INFO:colcon.colcon_core.shell:Creating environment hook '/home/nikhil/Work/ROS/ros2_ws/install/my_robot_interfaces/share/my_robot_interfaces/hook/cmake_prefix_path.ps1'
[3.026s] INFO:colcon.colcon_core.shell:Creating environment descriptor '/home/nikhil/Work/ROS/ros2_ws/install/my_robot_interfaces/share/my_robot_interfaces/hook/cmake_prefix_path.dsv'
[3.026s] INFO:colcon.colcon_core.shell:Creating environment hook '/home/nikhil/Work/ROS/ros2_ws/install/my_robot_interfaces/share/my_robot_interfaces/hook/cmake_prefix_path.sh'
[3.026s] Level 1:colcon.colcon_core.environment:checking '/home/nikhil/Work/ROS/ros2_ws/install/my_robot_interfaces/lib'
[3.026s] Level 1:colcon.colcon_core.shell:create_environment_hook('my_robot_interfaces', 'ld_library_path_lib')
[3.027s] INFO:colcon.colcon_core.shell:Creating environment hook '/home/nikhil/Work/ROS/ros2_ws/install/my_robot_interfaces/share/my_robot_interfaces/hook/ld_library_path_lib.ps1'
[3.027s] INFO:colcon.colcon_core.shell:Creating environment descriptor '/home/nikhil/Work/ROS/ros2_ws/install/my_robot_interfaces/share/my_robot_interfaces/hook/ld_library_path_lib.dsv'
[3.027s] INFO:colcon.colcon_core.shell:Creating environment hook '/home/nikhil/Work/ROS/ros2_ws/install/my_robot_interfaces/share/my_robot_interfaces/hook/ld_library_path_lib.sh'
[3.027s] Level 1:colcon.colcon_core.environment:checking '/home/nikhil/Work/ROS/ros2_ws/install/my_robot_interfaces/bin'
[3.027s] Level 1:colcon.colcon_core.environment:checking '/home/nikhil/Work/ROS/ros2_ws/install/my_robot_interfaces/lib/pkgconfig/my_robot_interfaces.pc'
[3.027s] Level 1:colcon.colcon_core.environment:checking '/home/nikhil/Work/ROS/ros2_ws/install/my_robot_interfaces/lib/python3.10/site-packages'
[3.027s] Level 1:colcon.colcon_core.environment:checking '/home/nikhil/Work/ROS/ros2_ws/install/my_robot_interfaces/bin'
[3.027s] INFO:colcon.colcon_core.shell:Creating package script '/home/nikhil/Work/ROS/ros2_ws/install/my_robot_interfaces/share/my_robot_interfaces/package.ps1'
[3.028s] INFO:colcon.colcon_core.shell:Creating package descriptor '/home/nikhil/Work/ROS/ros2_ws/install/my_robot_interfaces/share/my_robot_interfaces/package.dsv'
[3.028s] INFO:colcon.colcon_core.shell:Creating package script '/home/nikhil/Work/ROS/ros2_ws/install/my_robot_interfaces/share/my_robot_interfaces/package.sh'
[3.028s] INFO:colcon.colcon_core.shell:Creating package script '/home/nikhil/Work/ROS/ros2_ws/install/my_robot_interfaces/share/my_robot_interfaces/package.bash'
[3.028s] INFO:colcon.colcon_core.shell:Creating package script '/home/nikhil/Work/ROS/ros2_ws/install/my_robot_interfaces/share/my_robot_interfaces/package.zsh'
[3.028s] Level 1:colcon.colcon_core.environment:create_file_with_runtime_dependencies(/home/nikhil/Work/ROS/ros2_ws/install/my_robot_interfaces/share/colcon-core/packages/my_robot_interfaces)
[3.029s] Level 1:colcon.colcon_core.environment:create_environment_scripts_only(my_robot_interfaces)
[3.029s] Level 1:colcon.colcon_core.environment:checking '/home/nikhil/Work/ROS/ros2_ws/install/my_robot_interfaces' for CMake module files
[3.029s] Level 1:colcon.colcon_core.environment:checking '/home/nikhil/Work/ROS/ros2_ws/install/my_robot_interfaces' for CMake config files
[3.029s] Level 1:colcon.colcon_core.shell:create_environment_hook('my_robot_interfaces', 'cmake_prefix_path')
[3.029s] INFO:colcon.colcon_core.shell:Creating environment hook '/home/nikhil/Work/ROS/ros2_ws/install/my_robot_interfaces/share/my_robot_interfaces/hook/cmake_prefix_path.ps1'
[3.030s] INFO:colcon.colcon_core.shell:Creating environment descriptor '/home/nikhil/Work/ROS/ros2_ws/install/my_robot_interfaces/share/my_robot_interfaces/hook/cmake_prefix_path.dsv'
[3.030s] INFO:colcon.colcon_core.shell:Creating environment hook '/home/nikhil/Work/ROS/ros2_ws/install/my_robot_interfaces/share/my_robot_interfaces/hook/cmake_prefix_path.sh'
[3.030s] Level 1:colcon.colcon_core.environment:checking '/home/nikhil/Work/ROS/ros2_ws/install/my_robot_interfaces/lib'
[3.030s] Level 1:colcon.colcon_core.shell:create_environment_hook('my_robot_interfaces', 'ld_library_path_lib')
[3.030s] INFO:colcon.colcon_core.shell:Creating environment hook '/home/nikhil/Work/ROS/ros2_ws/install/my_robot_interfaces/share/my_robot_interfaces/hook/ld_library_path_lib.ps1'
[3.030s] INFO:colcon.colcon_core.shell:Creating environment descriptor '/home/nikhil/Work/ROS/ros2_ws/install/my_robot_interfaces/share/my_robot_interfaces/hook/ld_library_path_lib.dsv'
[3.031s] INFO:colcon.colcon_core.shell:Creating environment hook '/home/nikhil/Work/ROS/ros2_ws/install/my_robot_interfaces/share/my_robot_interfaces/hook/ld_library_path_lib.sh'
[3.031s] Level 1:colcon.colcon_core.environment:checking '/home/nikhil/Work/ROS/ros2_ws/install/my_robot_interfaces/bin'
[3.031s] Level 1:colcon.colcon_core.environment:checking '/home/nikhil/Work/ROS/ros2_ws/install/my_robot_interfaces/lib/pkgconfig/my_robot_interfaces.pc'
[3.031s] Level 1:colcon.colcon_core.environment:checking '/home/nikhil/Work/ROS/ros2_ws/install/my_robot_interfaces/lib/python3.10/site-packages'
[3.031s] Level 1:colcon.colcon_core.environment:checking '/home/nikhil/Work/ROS/ros2_ws/install/my_robot_interfaces/bin'
[3.031s] INFO:colcon.colcon_core.shell:Creating package script '/home/nikhil/Work/ROS/ros2_ws/install/my_robot_interfaces/share/my_robot_interfaces/package.ps1'
[3.031s] INFO:colcon.colcon_core.shell:Creating package descriptor '/home/nikhil/Work/ROS/ros2_ws/install/my_robot_interfaces/share/my_robot_interfaces/package.dsv'
[3.032s] INFO:colcon.colcon_core.shell:Creating package script '/home/nikhil/Work/ROS/ros2_ws/install/my_robot_interfaces/share/my_robot_interfaces/package.sh'
[3.032s] INFO:colcon.colcon_core.shell:Creating package script '/home/nikhil/Work/ROS/ros2_ws/install/my_robot_interfaces/share/my_robot_interfaces/package.bash'
[3.032s] INFO:colcon.colcon_core.shell:Creating package script '/home/nikhil/Work/ROS/ros2_ws/install/my_robot_interfaces/share/my_robot_interfaces/package.zsh'
[3.032s] Level 1:colcon.colcon_core.environment:create_file_with_runtime_dependencies(/home/nikhil/Work/ROS/ros2_ws/install/my_robot_interfaces/share/colcon-core/packages/my_robot_interfaces)
[3.032s] INFO:colcon.colcon_ros.task.ament_cmake.build:Building ROS package in '/home/nikhil/Work/ROS/ros2_ws/src/course_activities' with build type 'ament_cmake'
[3.032s] INFO:colcon.colcon_cmake.task.cmake.build:Building CMake package in '/home/nikhil/Work/ROS/ros2_ws/src/course_activities'
[3.033s] INFO:colcon.colcon_core.shell:Skip shell extension 'powershell' for command environment: Not usable outside of PowerShell
[3.033s] DEBUG:colcon.colcon_core.shell:Skip shell extension 'dsv' for command environment
[3.035s] INFO:colcon.colcon_ros.task.ament_cmake.build:Building ROS package in '/home/nikhil/Work/ROS/ros2_ws/src/cpp_pkg' with build type 'ament_cmake'
[3.035s] INFO:colcon.colcon_cmake.task.cmake.build:Building CMake package in '/home/nikhil/Work/ROS/ros2_ws/src/cpp_pkg'
[3.035s] INFO:colcon.colcon_core.shell:Skip shell extension 'powershell' for command environment: Not usable outside of PowerShell
[3.035s] DEBUG:colcon.colcon_core.shell:Skip shell extension 'dsv' for command environment
[3.040s] DEBUG:colcon.colcon_core.event_handler.log_command:Invoking command in '/home/nikhil/Work/ROS/ros2_ws/build/course_activities': CMAKE_PREFIX_PATH=/home/nikhil/Work/ROS/ros2_ws/install/my_robot_interfaces:/home/nikhil/Work/ROS/turtlebot3_ws/install/turtlebot3_simulations:/home/nikhil/Work/ROS/turtlebot3_ws/install/turtlebot3_gazebo:/home/nikhil/Work/ROS/turtlebot3_ws/install/turtlebot3_fake_node:/home/nikhil/Work/ROS/ros2_ws_1/install/mera_robot_bringup:/home/nikhil/Work/ROS/ros2_ws_1/install/my_robot_description:/home/nikhil/Work/ROS/ros2_ws/install/my_robot_bringup:/home/nikhil/Work/ROS/ros2_ws/install/cpp_pkg:/home/nikhil/Work/ROS/ros2_ws/install/course_activities:/home/nikhil/Work/ROS/ros2_ws/install/py_pkg:/opt/ros/humble /usr/bin/cmake /home/nikhil/Work/ROS/ros2_ws/src/course_activities -DCMAKE_INSTALL_PREFIX=/home/nikhil/Work/ROS/ros2_ws/install/course_activities
[3.042s] DEBUG:colcon.colcon_core.event_handler.log_command:Invoking command in '/home/nikhil/Work/ROS/ros2_ws/build/cpp_pkg': CMAKE_PREFIX_PATH=/home/nikhil/Work/ROS/ros2_ws/install/my_robot_interfaces:/home/nikhil/Work/ROS/turtlebot3_ws/install/turtlebot3_simulations:/home/nikhil/Work/ROS/turtlebot3_ws/install/turtlebot3_gazebo:/home/nikhil/Work/ROS/turtlebot3_ws/install/turtlebot3_fake_node:/home/nikhil/Work/ROS/ros2_ws_1/install/mera_robot_bringup:/home/nikhil/Work/ROS/ros2_ws_1/install/my_robot_description:/home/nikhil/Work/ROS/ros2_ws/install/my_robot_bringup:/home/nikhil/Work/ROS/ros2_ws/install/cpp_pkg:/home/nikhil/Work/ROS/ros2_ws/install/course_activities:/home/nikhil/Work/ROS/ros2_ws/install/py_pkg:/opt/ros/humble /usr/bin/cmake /home/nikhil/Work/ROS/ros2_ws/src/cpp_pkg -DCMAKE_INSTALL_PREFIX=/home/nikhil/Work/ROS/ros2_ws/install/cpp_pkg
[3.772s] DEBUG:colcon.colcon_core.event_handler.log_command:Invoked command in '/home/nikhil/Work/ROS/ros2_ws/build/cpp_pkg' returned '0': CMAKE_PREFIX_PATH=/home/nikhil/Work/ROS/ros2_ws/install/my_robot_interfaces:/home/nikhil/Work/ROS/turtlebot3_ws/install/turtlebot3_simulations:/home/nikhil/Work/ROS/turtlebot3_ws/install/turtlebot3_gazebo:/home/nikhil/Work/ROS/turtlebot3_ws/install/turtlebot3_fake_node:/home/nikhil/Work/ROS/ros2_ws_1/install/mera_robot_bringup:/home/nikhil/Work/ROS/ros2_ws_1/install/my_robot_description:/home/nikhil/Work/ROS/ros2_ws/install/my_robot_bringup:/home/nikhil/Work/ROS/ros2_ws/install/cpp_pkg:/home/nikhil/Work/ROS/ros2_ws/install/course_activities:/home/nikhil/Work/ROS/ros2_ws/install/py_pkg:/opt/ros/humble /usr/bin/cmake /home/nikhil/Work/ROS/ros2_ws/src/cpp_pkg -DCMAKE_INSTALL_PREFIX=/home/nikhil/Work/ROS/ros2_ws/install/cpp_pkg
[3.773s] DEBUG:colcon.colcon_core.event_handler.log_command:Invoking command in '/home/nikhil/Work/ROS/ros2_ws/build/cpp_pkg': CMAKE_PREFIX_PATH=/home/nikhil/Work/ROS/ros2_ws/install/my_robot_interfaces:/home/nikhil/Work/ROS/turtlebot3_ws/install/turtlebot3_simulations:/home/nikhil/Work/ROS/turtlebot3_ws/install/turtlebot3_gazebo:/home/nikhil/Work/ROS/turtlebot3_ws/install/turtlebot3_fake_node:/home/nikhil/Work/ROS/ros2_ws_1/install/mera_robot_bringup:/home/nikhil/Work/ROS/ros2_ws_1/install/my_robot_description:/home/nikhil/Work/ROS/ros2_ws/install/my_robot_bringup:/home/nikhil/Work/ROS/ros2_ws/install/cpp_pkg:/home/nikhil/Work/ROS/ros2_ws/install/course_activities:/home/nikhil/Work/ROS/ros2_ws/install/py_pkg:/opt/ros/humble /usr/bin/cmake --build /home/nikhil/Work/ROS/ros2_ws/build/cpp_pkg -- -j20 -l20
[3.788s] DEBUG:colcon.colcon_core.event_handler.log_command:Invoked command in '/home/nikhil/Work/ROS/ros2_ws/build/course_activities' returned '0': CMAKE_PREFIX_PATH=/home/nikhil/Work/ROS/ros2_ws/install/my_robot_interfaces:/home/nikhil/Work/ROS/turtlebot3_ws/install/turtlebot3_simulations:/home/nikhil/Work/ROS/turtlebot3_ws/install/turtlebot3_gazebo:/home/nikhil/Work/ROS/turtlebot3_ws/install/turtlebot3_fake_node:/home/nikhil/Work/ROS/ros2_ws_1/install/mera_robot_bringup:/home/nikhil/Work/ROS/ros2_ws_1/install/my_robot_description:/home/nikhil/Work/ROS/ros2_ws/install/my_robot_bringup:/home/nikhil/Work/ROS/ros2_ws/install/cpp_pkg:/home/nikhil/Work/ROS/ros2_ws/install/course_activities:/home/nikhil/Work/ROS/ros2_ws/install/py_pkg:/opt/ros/humble /usr/bin/cmake /home/nikhil/Work/ROS/ros2_ws/src/course_activities -DCMAKE_INSTALL_PREFIX=/home/nikhil/Work/ROS/ros2_ws/install/course_activities
[3.788s] DEBUG:colcon.colcon_core.event_handler.log_command:Invoking command in '/home/nikhil/Work/ROS/ros2_ws/build/course_activities': CMAKE_PREFIX_PATH=/home/nikhil/Work/ROS/ros2_ws/install/my_robot_interfaces:/home/nikhil/Work/ROS/turtlebot3_ws/install/turtlebot3_simulations:/home/nikhil/Work/ROS/turtlebot3_ws/install/turtlebot3_gazebo:/home/nikhil/Work/ROS/turtlebot3_ws/install/turtlebot3_fake_node:/home/nikhil/Work/ROS/ros2_ws_1/install/mera_robot_bringup:/home/nikhil/Work/ROS/ros2_ws_1/install/my_robot_description:/home/nikhil/Work/ROS/ros2_ws/install/my_robot_bringup:/home/nikhil/Work/ROS/ros2_ws/install/cpp_pkg:/home/nikhil/Work/ROS/ros2_ws/install/course_activities:/home/nikhil/Work/ROS/ros2_ws/install/py_pkg:/opt/ros/humble /usr/bin/cmake --build /home/nikhil/Work/ROS/ros2_ws/build/course_activities -- -j20 -l20
[9.433s] DEBUG:colcon.colcon_core.event_handler.log_command:Invoked command in '/home/nikhil/Work/ROS/ros2_ws/build/cpp_pkg' returned '0': CMAKE_PREFIX_PATH=/home/nikhil/Work/ROS/ros2_ws/install/my_robot_interfaces:/home/nikhil/Work/ROS/turtlebot3_ws/install/turtlebot3_simulations:/home/nikhil/Work/ROS/turtlebot3_ws/install/turtlebot3_gazebo:/home/nikhil/Work/ROS/turtlebot3_ws/install/turtlebot3_fake_node:/home/nikhil/Work/ROS/ros2_ws_1/install/mera_robot_bringup:/home/nikhil/Work/ROS/ros2_ws_1/install/my_robot_description:/home/nikhil/Work/ROS/ros2_ws/install/my_robot_bringup:/home/nikhil/Work/ROS/ros2_ws/install/cpp_pkg:/home/nikhil/Work/ROS/ros2_ws/install/course_activities:/home/nikhil/Work/ROS/ros2_ws/install/py_pkg:/opt/ros/humble /usr/bin/cmake --build /home/nikhil/Work/ROS/ros2_ws/build/cpp_pkg -- -j20 -l20
[9.434s] DEBUG:colcon.colcon_core.event_handler.log_command:Invoking command in '/home/nikhil/Work/ROS/ros2_ws/build/cpp_pkg': CMAKE_PREFIX_PATH=/home/nikhil/Work/ROS/ros2_ws/install/my_robot_interfaces:/home/nikhil/Work/ROS/turtlebot3_ws/install/turtlebot3_simulations:/home/nikhil/Work/ROS/turtlebot3_ws/install/turtlebot3_gazebo:/home/nikhil/Work/ROS/turtlebot3_ws/install/turtlebot3_fake_node:/home/nikhil/Work/ROS/ros2_ws_1/install/mera_robot_bringup:/home/nikhil/Work/ROS/ros2_ws_1/install/my_robot_description:/home/nikhil/Work/ROS/ros2_ws/install/my_robot_bringup:/home/nikhil/Work/ROS/ros2_ws/install/cpp_pkg:/home/nikhil/Work/ROS/ros2_ws/install/course_activities:/home/nikhil/Work/ROS/ros2_ws/install/py_pkg:/opt/ros/humble /usr/bin/cmake --install /home/nikhil/Work/ROS/ros2_ws/build/cpp_pkg
[9.446s] Level 1:colcon.colcon_core.environment:create_environment_scripts_only(cpp_pkg)
[9.446s] DEBUG:colcon.colcon_core.event_handler.log_command:Invoked command in '/home/nikhil/Work/ROS/ros2_ws/build/cpp_pkg' returned '0': CMAKE_PREFIX_PATH=/home/nikhil/Work/ROS/ros2_ws/install/my_robot_interfaces:/home/nikhil/Work/ROS/turtlebot3_ws/install/turtlebot3_simulations:/home/nikhil/Work/ROS/turtlebot3_ws/install/turtlebot3_gazebo:/home/nikhil/Work/ROS/turtlebot3_ws/install/turtlebot3_fake_node:/home/nikhil/Work/ROS/ros2_ws_1/install/mera_robot_bringup:/home/nikhil/Work/ROS/ros2_ws_1/install/my_robot_description:/home/nikhil/Work/ROS/ros2_ws/install/my_robot_bringup:/home/nikhil/Work/ROS/ros2_ws/install/cpp_pkg:/home/nikhil/Work/ROS/ros2_ws/install/course_activities:/home/nikhil/Work/ROS/ros2_ws/install/py_pkg:/opt/ros/humble /usr/bin/cmake --install /home/nikhil/Work/ROS/ros2_ws/build/cpp_pkg
[9.446s] Level 1:colcon.colcon_core.environment:checking '/home/nikhil/Work/ROS/ros2_ws/install/cpp_pkg' for CMake module files
[9.447s] Level 1:colcon.colcon_core.environment:checking '/home/nikhil/Work/ROS/ros2_ws/install/cpp_pkg' for CMake config files
[9.447s] Level 1:colcon.colcon_core.shell:create_environment_hook('cpp_pkg', 'cmake_prefix_path')
[9.447s] INFO:colcon.colcon_core.shell:Creating environment hook '/home/nikhil/Work/ROS/ros2_ws/install/cpp_pkg/share/cpp_pkg/hook/cmake_prefix_path.ps1'
[9.447s] INFO:colcon.colcon_core.shell:Creating environment descriptor '/home/nikhil/Work/ROS/ros2_ws/install/cpp_pkg/share/cpp_pkg/hook/cmake_prefix_path.dsv'
[9.448s] INFO:colcon.colcon_core.shell:Creating environment hook '/home/nikhil/Work/ROS/ros2_ws/install/cpp_pkg/share/cpp_pkg/hook/cmake_prefix_path.sh'
[9.448s] Level 1:colcon.colcon_core.environment:checking '/home/nikhil/Work/ROS/ros2_ws/install/cpp_pkg/lib'
[9.448s] Level 1:colcon.colcon_core.environment:checking '/home/nikhil/Work/ROS/ros2_ws/install/cpp_pkg/bin'
[9.448s] Level 1:colcon.colcon_core.environment:checking '/home/nikhil/Work/ROS/ros2_ws/install/cpp_pkg/lib/pkgconfig/cpp_pkg.pc'
[9.448s] Level 1:colcon.colcon_core.environment:checking '/home/nikhil/Work/ROS/ros2_ws/install/cpp_pkg/lib/python3.10/site-packages'
[9.448s] Level 1:colcon.colcon_core.environment:checking '/home/nikhil/Work/ROS/ros2_ws/install/cpp_pkg/bin'
[9.448s] INFO:colcon.colcon_core.shell:Creating package script '/home/nikhil/Work/ROS/ros2_ws/install/cpp_pkg/share/cpp_pkg/package.ps1'
[9.449s] INFO:colcon.colcon_core.shell:Creating package descriptor '/home/nikhil/Work/ROS/ros2_ws/install/cpp_pkg/share/cpp_pkg/package.dsv'
[9.449s] INFO:colcon.colcon_core.shell:Creating package script '/home/nikhil/Work/ROS/ros2_ws/install/cpp_pkg/share/cpp_pkg/package.sh'
[9.449s] INFO:colcon.colcon_core.shell:Creating package script '/home/nikhil/Work/ROS/ros2_ws/install/cpp_pkg/share/cpp_pkg/package.bash'
[9.449s] INFO:colcon.colcon_core.shell:Creating package script '/home/nikhil/Work/ROS/ros2_ws/install/cpp_pkg/share/cpp_pkg/package.zsh'
[9.449s] Level 1:colcon.colcon_core.environment:create_file_with_runtime_dependencies(/home/nikhil/Work/ROS/ros2_ws/install/cpp_pkg/share/colcon-core/packages/cpp_pkg)
[9.450s] Level 1:colcon.colcon_core.environment:create_environment_scripts_only(cpp_pkg)
[9.450s] Level 1:colcon.colcon_core.environment:checking '/home/nikhil/Work/ROS/ros2_ws/install/cpp_pkg' for CMake module files
[9.450s] Level 1:colcon.colcon_core.environment:checking '/home/nikhil/Work/ROS/ros2_ws/install/cpp_pkg' for CMake config files
[9.450s] Level 1:colcon.colcon_core.shell:create_environment_hook('cpp_pkg', 'cmake_prefix_path')
[9.450s] INFO:colcon.colcon_core.shell:Creating environment hook '/home/nikhil/Work/ROS/ros2_ws/install/cpp_pkg/share/cpp_pkg/hook/cmake_prefix_path.ps1'
[9.450s] INFO:colcon.colcon_core.shell:Creating environment descriptor '/home/nikhil/Work/ROS/ros2_ws/install/cpp_pkg/share/cpp_pkg/hook/cmake_prefix_path.dsv'
[9.451s] INFO:colcon.colcon_core.shell:Creating environment hook '/home/nikhil/Work/ROS/ros2_ws/install/cpp_pkg/share/cpp_pkg/hook/cmake_prefix_path.sh'
[9.451s] Level 1:colcon.colcon_core.environment:checking '/home/nikhil/Work/ROS/ros2_ws/install/cpp_pkg/lib'
[9.451s] Level 1:colcon.colcon_core.environment:checking '/home/nikhil/Work/ROS/ros2_ws/install/cpp_pkg/bin'
[9.451s] Level 1:colcon.colcon_core.environment:checking '/home/nikhil/Work/ROS/ros2_ws/install/cpp_pkg/lib/pkgconfig/cpp_pkg.pc'
[9.451s] Level 1:colcon.colcon_core.environment:checking '/home/nikhil/Work/ROS/ros2_ws/install/cpp_pkg/lib/python3.10/site-packages'
[9.451s] Level 1:colcon.colcon_core.environment:checking '/home/nikhil/Work/ROS/ros2_ws/install/cpp_pkg/bin'
[9.451s] INFO:colcon.colcon_core.shell:Creating package script '/home/nikhil/Work/ROS/ros2_ws/install/cpp_pkg/share/cpp_pkg/package.ps1'
[9.452s] INFO:colcon.colcon_core.shell:Creating package descriptor '/home/nikhil/Work/ROS/ros2_ws/install/cpp_pkg/share/cpp_pkg/package.dsv'
[9.452s] INFO:colcon.colcon_core.shell:Creating package script '/home/nikhil/Work/ROS/ros2_ws/install/cpp_pkg/share/cpp_pkg/package.sh'
[9.452s] INFO:colcon.colcon_core.shell:Creating package script '/home/nikhil/Work/ROS/ros2_ws/install/cpp_pkg/share/cpp_pkg/package.bash'
[9.452s] INFO:colcon.colcon_core.shell:Creating package script '/home/nikhil/Work/ROS/ros2_ws/install/cpp_pkg/share/cpp_pkg/package.zsh'
[9.452s] Level 1:colcon.colcon_core.environment:create_file_with_runtime_dependencies(/home/nikhil/Work/ROS/ros2_ws/install/cpp_pkg/share/colcon-core/packages/cpp_pkg)
[12.973s] DEBUG:colcon.colcon_core.event_handler.log_command:Invoked command in '/home/nikhil/Work/ROS/ros2_ws/build/course_activities' returned '0': CMAKE_PREFIX_PATH=/home/nikhil/Work/ROS/ros2_ws/install/my_robot_interfaces:/home/nikhil/Work/ROS/turtlebot3_ws/install/turtlebot3_simulations:/home/nikhil/Work/ROS/turtlebot3_ws/install/turtlebot3_gazebo:/home/nikhil/Work/ROS/turtlebot3_ws/install/turtlebot3_fake_node:/home/nikhil/Work/ROS/ros2_ws_1/install/mera_robot_bringup:/home/nikhil/Work/ROS/ros2_ws_1/install/my_robot_description:/home/nikhil/Work/ROS/ros2_ws/install/my_robot_bringup:/home/nikhil/Work/ROS/ros2_ws/install/cpp_pkg:/home/nikhil/Work/ROS/ros2_ws/install/course_activities:/home/nikhil/Work/ROS/ros2_ws/install/py_pkg:/opt/ros/humble /usr/bin/cmake --build /home/nikhil/Work/ROS/ros2_ws/build/course_activities -- -j20 -l20
[12.973s] DEBUG:colcon.colcon_core.event_handler.log_command:Invoking command in '/home/nikhil/Work/ROS/ros2_ws/build/course_activities': CMAKE_PREFIX_PATH=/home/nikhil/Work/ROS/ros2_ws/install/my_robot_interfaces:/home/nikhil/Work/ROS/turtlebot3_ws/install/turtlebot3_simulations:/home/nikhil/Work/ROS/turtlebot3_ws/install/turtlebot3_gazebo:/home/nikhil/Work/ROS/turtlebot3_ws/install/turtlebot3_fake_node:/home/nikhil/Work/ROS/ros2_ws_1/install/mera_robot_bringup:/home/nikhil/Work/ROS/ros2_ws_1/install/my_robot_description:/home/nikhil/Work/ROS/ros2_ws/install/my_robot_bringup:/home/nikhil/Work/ROS/ros2_ws/install/cpp_pkg:/home/nikhil/Work/ROS/ros2_ws/install/course_activities:/home/nikhil/Work/ROS/ros2_ws/install/py_pkg:/opt/ros/humble /usr/bin/cmake --install /home/nikhil/Work/ROS/ros2_ws/build/course_activities
[12.990s] Level 1:colcon.colcon_core.environment:create_environment_scripts_only(course_activities)
[12.990s] Level 1:colcon.colcon_core.environment:checking '/home/nikhil/Work/ROS/ros2_ws/install/course_activities' for CMake module files
[12.991s] DEBUG:colcon.colcon_core.event_handler.log_command:Invoked command in '/home/nikhil/Work/ROS/ros2_ws/build/course_activities' returned '0': CMAKE_PREFIX_PATH=/home/nikhil/Work/ROS/ros2_ws/install/my_robot_interfaces:/home/nikhil/Work/ROS/turtlebot3_ws/install/turtlebot3_simulations:/home/nikhil/Work/ROS/turtlebot3_ws/install/turtlebot3_gazebo:/home/nikhil/Work/ROS/turtlebot3_ws/install/turtlebot3_fake_node:/home/nikhil/Work/ROS/ros2_ws_1/install/mera_robot_bringup:/home/nikhil/Work/ROS/ros2_ws_1/install/my_robot_description:/home/nikhil/Work/ROS/ros2_ws/install/my_robot_bringup:/home/nikhil/Work/ROS/ros2_ws/install/cpp_pkg:/home/nikhil/Work/ROS/ros2_ws/install/course_activities:/home/nikhil/Work/ROS/ros2_ws/install/py_pkg:/opt/ros/humble /usr/bin/cmake --install /home/nikhil/Work/ROS/ros2_ws/build/course_activities
[12.991s] Level 1:colcon.colcon_core.environment:checking '/home/nikhil/Work/ROS/ros2_ws/install/course_activities' for CMake config files
[12.991s] Level 1:colcon.colcon_core.shell:create_environment_hook('course_activities', 'cmake_prefix_path')
[12.991s] INFO:colcon.colcon_core.shell:Creating environment hook '/home/nikhil/Work/ROS/ros2_ws/install/course_activities/share/course_activities/hook/cmake_prefix_path.ps1'
[12.992s] INFO:colcon.colcon_core.shell:Creating environment descriptor '/home/nikhil/Work/ROS/ros2_ws/install/course_activities/share/course_activities/hook/cmake_prefix_path.dsv'
[12.992s] INFO:colcon.colcon_core.shell:Creating environment hook '/home/nikhil/Work/ROS/ros2_ws/install/course_activities/share/course_activities/hook/cmake_prefix_path.sh'
[12.992s] Level 1:colcon.colcon_core.environment:checking '/home/nikhil/Work/ROS/ros2_ws/install/course_activities/lib'
[12.992s] Level 1:colcon.colcon_core.environment:checking '/home/nikhil/Work/ROS/ros2_ws/install/course_activities/bin'
[12.992s] Level 1:colcon.colcon_core.environment:checking '/home/nikhil/Work/ROS/ros2_ws/install/course_activities/lib/pkgconfig/course_activities.pc'
[12.993s] Level 1:colcon.colcon_core.environment:checking '/home/nikhil/Work/ROS/ros2_ws/install/course_activities/lib/python3.10/site-packages'
[12.993s] Level 1:colcon.colcon_core.environment:checking '/home/nikhil/Work/ROS/ros2_ws/install/course_activities/bin'
[12.993s] INFO:colcon.colcon_core.shell:Creating package script '/home/nikhil/Work/ROS/ros2_ws/install/course_activities/share/course_activities/package.ps1'
[12.993s] INFO:colcon.colcon_core.shell:Creating package descriptor '/home/nikhil/Work/ROS/ros2_ws/install/course_activities/share/course_activities/package.dsv'
[12.994s] INFO:colcon.colcon_core.shell:Creating package script '/home/nikhil/Work/ROS/ros2_ws/install/course_activities/share/course_activities/package.sh'
[12.994s] INFO:colcon.colcon_core.shell:Creating package script '/home/nikhil/Work/ROS/ros2_ws/install/course_activities/share/course_activities/package.bash'
[12.995s] INFO:colcon.colcon_core.shell:Creating package script '/home/nikhil/Work/ROS/ros2_ws/install/course_activities/share/course_activities/package.zsh'
[12.995s] Level 1:colcon.colcon_core.environment:create_file_with_runtime_dependencies(/home/nikhil/Work/ROS/ros2_ws/install/course_activities/share/colcon-core/packages/course_activities)
[12.996s] Level 1:colcon.colcon_core.environment:create_environment_scripts_only(course_activities)
[12.996s] Level 1:colcon.colcon_core.environment:checking '/home/nikhil/Work/ROS/ros2_ws/install/course_activities' for CMake module files
[12.996s] Level 1:colcon.colcon_core.environment:checking '/home/nikhil/Work/ROS/ros2_ws/install/course_activities' for CMake config files
[12.996s] Level 1:colcon.colcon_core.shell:create_environment_hook('course_activities', 'cmake_prefix_path')
[12.997s] INFO:colcon.colcon_core.shell:Creating environment hook '/home/nikhil/Work/ROS/ros2_ws/install/course_activities/share/course_activities/hook/cmake_prefix_path.ps1'
[12.997s] INFO:colcon.colcon_core.shell:Creating environment descriptor '/home/nikhil/Work/ROS/ros2_ws/install/course_activities/share/course_activities/hook/cmake_prefix_path.dsv'
[12.997s] INFO:colcon.colcon_core.shell:Creating environment hook '/home/nikhil/Work/ROS/ros2_ws/install/course_activities/share/course_activities/hook/cmake_prefix_path.sh'
[12.998s] Level 1:colcon.colcon_core.environment:checking '/home/nikhil/Work/ROS/ros2_ws/install/course_activities/lib'
[12.998s] Level 1:colcon.colcon_core.environment:checking '/home/nikhil/Work/ROS/ros2_ws/install/course_activities/bin'
[12.998s] Level 1:colcon.colcon_core.environment:checking '/home/nikhil/Work/ROS/ros2_ws/install/course_activities/lib/pkgconfig/course_activities.pc'
[12.998s] Level 1:colcon.colcon_core.environment:checking '/home/nikhil/Work/ROS/ros2_ws/install/course_activities/lib/python3.10/site-packages'
[12.999s] Level 1:colcon.colcon_core.environment:checking '/home/nikhil/Work/ROS/ros2_ws/install/course_activities/bin'
[12.999s] INFO:colcon.colcon_core.shell:Creating package script '/home/nikhil/Work/ROS/ros2_ws/install/course_activities/share/course_activities/package.ps1'
[12.999s] INFO:colcon.colcon_core.shell:Creating package descriptor '/home/nikhil/Work/ROS/ros2_ws/install/course_activities/share/course_activities/package.dsv'
[13.000s] INFO:colcon.colcon_core.shell:Creating package script '/home/nikhil/Work/ROS/ros2_ws/install/course_activities/share/course_activities/package.sh'
[13.000s] INFO:colcon.colcon_core.shell:Creating package script '/home/nikhil/Work/ROS/ros2_ws/install/course_activities/share/course_activities/package.bash'
[13.000s] INFO:colcon.colcon_core.shell:Creating package script '/home/nikhil/Work/ROS/ros2_ws/install/course_activities/share/course_activities/package.zsh'
[13.001s] Level 1:colcon.colcon_core.environment:create_file_with_runtime_dependencies(/home/nikhil/Work/ROS/ros2_ws/install/course_activities/share/colcon-core/packages/course_activities)
[13.001s] INFO:colcon.colcon_ros.task.ament_cmake.build:Building ROS package in '/home/nikhil/Work/ROS/ros2_ws/src/my_robot_bringup' with build type 'ament_cmake'
[13.001s] INFO:colcon.colcon_cmake.task.cmake.build:Building CMake package in '/home/nikhil/Work/ROS/ros2_ws/src/my_robot_bringup'
[13.001s] INFO:colcon.colcon_core.shell:Skip shell extension 'powershell' for command environment: Not usable outside of PowerShell
[13.001s] DEBUG:colcon.colcon_core.shell:Skip shell extension 'dsv' for command environment
[13.011s] DEBUG:colcon.colcon_core.event_handler.log_command:Invoking command in '/home/nikhil/Work/ROS/ros2_ws/build/my_robot_bringup': AMENT_PREFIX_PATH=/home/nikhil/Work/ROS/ros2_ws/install/py_pkg:/home/nikhil/Work/ROS/turtlebot3_ws/install/turtlebot3_simulations:/home/nikhil/Work/ROS/turtlebot3_ws/install/turtlebot3_gazebo:/home/nikhil/Work/ROS/turtlebot3_ws/install/turtlebot3_fake_node:/home/nikhil/Work/ROS/ros2_ws/install/cpp_pkg:/home/nikhil/Work/ROS/ros2_ws/install/course_activities:/home/nikhil/Work/ROS/ros2_ws/install/my_robot_interfaces:/opt/ros/humble CMAKE_PREFIX_PATH=/home/nikhil/Work/ROS/ros2_ws/install/cpp_pkg:/home/nikhil/Work/ROS/ros2_ws/install/course_activities:/home/nikhil/Work/ROS/ros2_ws/install/my_robot_interfaces:/home/nikhil/Work/ROS/turtlebot3_ws/install/turtlebot3_simulations:/home/nikhil/Work/ROS/turtlebot3_ws/install/turtlebot3_gazebo:/home/nikhil/Work/ROS/turtlebot3_ws/install/turtlebot3_fake_node:/home/nikhil/Work/ROS/ros2_ws_1/install/mera_robot_bringup:/home/nikhil/Work/ROS/ros2_ws_1/install/my_robot_description:/home/nikhil/Work/ROS/ros2_ws/install/my_robot_bringup:/home/nikhil/Work/ROS/ros2_ws/install/py_pkg:/opt/ros/humble /usr/bin/cmake /home/nikhil/Work/ROS/ros2_ws/src/my_robot_bringup -DCMAKE_INSTALL_PREFIX=/home/nikhil/Work/ROS/ros2_ws/install/my_robot_bringup
[13.457s] DEBUG:colcon.colcon_core.event_handler.log_command:Invoked command in '/home/nikhil/Work/ROS/ros2_ws/build/my_robot_bringup' returned '0': AMENT_PREFIX_PATH=/home/nikhil/Work/ROS/ros2_ws/install/py_pkg:/home/nikhil/Work/ROS/turtlebot3_ws/install/turtlebot3_simulations:/home/nikhil/Work/ROS/turtlebot3_ws/install/turtlebot3_gazebo:/home/nikhil/Work/ROS/turtlebot3_ws/install/turtlebot3_fake_node:/home/nikhil/Work/ROS/ros2_ws/install/cpp_pkg:/home/nikhil/Work/ROS/ros2_ws/install/course_activities:/home/nikhil/Work/ROS/ros2_ws/install/my_robot_interfaces:/opt/ros/humble CMAKE_PREFIX_PATH=/home/nikhil/Work/ROS/ros2_ws/install/cpp_pkg:/home/nikhil/Work/ROS/ros2_ws/install/course_activities:/home/nikhil/Work/ROS/ros2_ws/install/my_robot_interfaces:/home/nikhil/Work/ROS/turtlebot3_ws/install/turtlebot3_simulations:/home/nikhil/Work/ROS/turtlebot3_ws/install/turtlebot3_gazebo:/home/nikhil/Work/ROS/turtlebot3_ws/install/turtlebot3_fake_node:/home/nikhil/Work/ROS/ros2_ws_1/install/mera_robot_bringup:/home/nikhil/Work/ROS/ros2_ws_1/install/my_robot_description:/home/nikhil/Work/ROS/ros2_ws/install/my_robot_bringup:/home/nikhil/Work/ROS/ros2_ws/install/py_pkg:/opt/ros/humble /usr/bin/cmake /home/nikhil/Work/ROS/ros2_ws/src/my_robot_bringup -DCMAKE_INSTALL_PREFIX=/home/nikhil/Work/ROS/ros2_ws/install/my_robot_bringup
[13.458s] DEBUG:colcon.colcon_core.event_handler.log_command:Invoking command in '/home/nikhil/Work/ROS/ros2_ws/build/my_robot_bringup': AMENT_PREFIX_PATH=/home/nikhil/Work/ROS/ros2_ws/install/py_pkg:/home/nikhil/Work/ROS/turtlebot3_ws/install/turtlebot3_simulations:/home/nikhil/Work/ROS/turtlebot3_ws/install/turtlebot3_gazebo:/home/nikhil/Work/ROS/turtlebot3_ws/install/turtlebot3_fake_node:/home/nikhil/Work/ROS/ros2_ws/install/cpp_pkg:/home/nikhil/Work/ROS/ros2_ws/install/course_activities:/home/nikhil/Work/ROS/ros2_ws/install/my_robot_interfaces:/opt/ros/humble CMAKE_PREFIX_PATH=/home/nikhil/Work/ROS/ros2_ws/install/cpp_pkg:/home/nikhil/Work/ROS/ros2_ws/install/course_activities:/home/nikhil/Work/ROS/ros2_ws/install/my_robot_interfaces:/home/nikhil/Work/ROS/turtlebot3_ws/install/turtlebot3_simulations:/home/nikhil/Work/ROS/turtlebot3_ws/install/turtlebot3_gazebo:/home/nikhil/Work/ROS/turtlebot3_ws/install/turtlebot3_fake_node:/home/nikhil/Work/ROS/ros2_ws_1/install/mera_robot_bringup:/home/nikhil/Work/ROS/ros2_ws_1/install/my_robot_description:/home/nikhil/Work/ROS/ros2_ws/install/my_robot_bringup:/home/nikhil/Work/ROS/ros2_ws/install/py_pkg:/opt/ros/humble /usr/bin/cmake --build /home/nikhil/Work/ROS/ros2_ws/build/my_robot_bringup -- -j20 -l20
[13.485s] DEBUG:colcon.colcon_core.event_handler.log_command:Invoked command in '/home/nikhil/Work/ROS/ros2_ws/build/my_robot_bringup' returned '0': AMENT_PREFIX_PATH=/home/nikhil/Work/ROS/ros2_ws/install/py_pkg:/home/nikhil/Work/ROS/turtlebot3_ws/install/turtlebot3_simulations:/home/nikhil/Work/ROS/turtlebot3_ws/install/turtlebot3_gazebo:/home/nikhil/Work/ROS/turtlebot3_ws/install/turtlebot3_fake_node:/home/nikhil/Work/ROS/ros2_ws/install/cpp_pkg:/home/nikhil/Work/ROS/ros2_ws/install/course_activities:/home/nikhil/Work/ROS/ros2_ws/install/my_robot_interfaces:/opt/ros/humble CMAKE_PREFIX_PATH=/home/nikhil/Work/ROS/ros2_ws/install/cpp_pkg:/home/nikhil/Work/ROS/ros2_ws/install/course_activities:/home/nikhil/Work/ROS/ros2_ws/install/my_robot_interfaces:/home/nikhil/Work/ROS/turtlebot3_ws/install/turtlebot3_simulations:/home/nikhil/Work/ROS/turtlebot3_ws/install/turtlebot3_gazebo:/home/nikhil/Work/ROS/turtlebot3_ws/install/turtlebot3_fake_node:/home/nikhil/Work/ROS/ros2_ws_1/install/mera_robot_bringup:/home/nikhil/Work/ROS/ros2_ws_1/install/my_robot_description:/home/nikhil/Work/ROS/ros2_ws/install/my_robot_bringup:/home/nikhil/Work/ROS/ros2_ws/install/py_pkg:/opt/ros/humble /usr/bin/cmake --build /home/nikhil/Work/ROS/ros2_ws/build/my_robot_bringup -- -j20 -l20
[13.486s] DEBUG:colcon.colcon_core.event_handler.log_command:Invoking command in '/home/nikhil/Work/ROS/ros2_ws/build/my_robot_bringup': AMENT_PREFIX_PATH=/home/nikhil/Work/ROS/ros2_ws/install/py_pkg:/home/nikhil/Work/ROS/turtlebot3_ws/install/turtlebot3_simulations:/home/nikhil/Work/ROS/turtlebot3_ws/install/turtlebot3_gazebo:/home/nikhil/Work/ROS/turtlebot3_ws/install/turtlebot3_fake_node:/home/nikhil/Work/ROS/ros2_ws/install/cpp_pkg:/home/nikhil/Work/ROS/ros2_ws/install/course_activities:/home/nikhil/Work/ROS/ros2_ws/install/my_robot_interfaces:/opt/ros/humble CMAKE_PREFIX_PATH=/home/nikhil/Work/ROS/ros2_ws/install/cpp_pkg:/home/nikhil/Work/ROS/ros2_ws/install/course_activities:/home/nikhil/Work/ROS/ros2_ws/install/my_robot_interfaces:/home/nikhil/Work/ROS/turtlebot3_ws/install/turtlebot3_simulations:/home/nikhil/Work/ROS/turtlebot3_ws/install/turtlebot3_gazebo:/home/nikhil/Work/ROS/turtlebot3_ws/install/turtlebot3_fake_node:/home/nikhil/Work/ROS/ros2_ws_1/install/mera_robot_bringup:/home/nikhil/Work/ROS/ros2_ws_1/install/my_robot_description:/home/nikhil/Work/ROS/ros2_ws/install/my_robot_bringup:/home/nikhil/Work/ROS/ros2_ws/install/py_pkg:/opt/ros/humble /usr/bin/cmake --install /home/nikhil/Work/ROS/ros2_ws/build/my_robot_bringup
[13.495s] Level 1:colcon.colcon_core.environment:create_environment_scripts_only(my_robot_bringup)
[13.496s] DEBUG:colcon.colcon_core.event_handler.log_command:Invoked command in '/home/nikhil/Work/ROS/ros2_ws/build/my_robot_bringup' returned '0': AMENT_PREFIX_PATH=/home/nikhil/Work/ROS/ros2_ws/install/py_pkg:/home/nikhil/Work/ROS/turtlebot3_ws/install/turtlebot3_simulations:/home/nikhil/Work/ROS/turtlebot3_ws/install/turtlebot3_gazebo:/home/nikhil/Work/ROS/turtlebot3_ws/install/turtlebot3_fake_node:/home/nikhil/Work/ROS/ros2_ws/install/cpp_pkg:/home/nikhil/Work/ROS/ros2_ws/install/course_activities:/home/nikhil/Work/ROS/ros2_ws/install/my_robot_interfaces:/opt/ros/humble CMAKE_PREFIX_PATH=/home/nikhil/Work/ROS/ros2_ws/install/cpp_pkg:/home/nikhil/Work/ROS/ros2_ws/install/course_activities:/home/nikhil/Work/ROS/ros2_ws/install/my_robot_interfaces:/home/nikhil/Work/ROS/turtlebot3_ws/install/turtlebot3_simulations:/home/nikhil/Work/ROS/turtlebot3_ws/install/turtlebot3_gazebo:/home/nikhil/Work/ROS/turtlebot3_ws/install/turtlebot3_fake_node:/home/nikhil/Work/ROS/ros2_ws_1/install/mera_robot_bringup:/home/nikhil/Work/ROS/ros2_ws_1/install/my_robot_description:/home/nikhil/Work/ROS/ros2_ws/install/my_robot_bringup:/home/nikhil/Work/ROS/ros2_ws/install/py_pkg:/opt/ros/humble /usr/bin/cmake --install /home/nikhil/Work/ROS/ros2_ws/build/my_robot_bringup
[13.496s] Level 1:colcon.colcon_core.environment:checking '/home/nikhil/Work/ROS/ros2_ws/install/my_robot_bringup' for CMake module files
[13.496s] Level 1:colcon.colcon_core.environment:checking '/home/nikhil/Work/ROS/ros2_ws/install/my_robot_bringup' for CMake config files
[13.496s] Level 1:colcon.colcon_core.shell:create_environment_hook('my_robot_bringup', 'cmake_prefix_path')
[13.496s] INFO:colcon.colcon_core.shell:Creating environment hook '/home/nikhil/Work/ROS/ros2_ws/install/my_robot_bringup/share/my_robot_bringup/hook/cmake_prefix_path.ps1'
[13.497s] INFO:colcon.colcon_core.shell:Creating environment descriptor '/home/nikhil/Work/ROS/ros2_ws/install/my_robot_bringup/share/my_robot_bringup/hook/cmake_prefix_path.dsv'
[13.497s] INFO:colcon.colcon_core.shell:Creating environment hook '/home/nikhil/Work/ROS/ros2_ws/install/my_robot_bringup/share/my_robot_bringup/hook/cmake_prefix_path.sh'
[13.497s] Level 1:colcon.colcon_core.environment:checking '/home/nikhil/Work/ROS/ros2_ws/install/my_robot_bringup/bin'
[13.497s] Level 1:colcon.colcon_core.environment:checking '/home/nikhil/Work/ROS/ros2_ws/install/my_robot_bringup/lib/pkgconfig/my_robot_bringup.pc'
[13.498s] Level 1:colcon.colcon_core.environment:checking '/home/nikhil/Work/ROS/ros2_ws/install/my_robot_bringup/lib/python3.10/site-packages'
[13.498s] Level 1:colcon.colcon_core.environment:checking '/home/nikhil/Work/ROS/ros2_ws/install/my_robot_bringup/bin'
[13.498s] INFO:colcon.colcon_core.shell:Creating package script '/home/nikhil/Work/ROS/ros2_ws/install/my_robot_bringup/share/my_robot_bringup/package.ps1'
[13.498s] INFO:colcon.colcon_core.shell:Creating package descriptor '/home/nikhil/Work/ROS/ros2_ws/install/my_robot_bringup/share/my_robot_bringup/package.dsv'
[13.499s] INFO:colcon.colcon_core.shell:Creating package script '/home/nikhil/Work/ROS/ros2_ws/install/my_robot_bringup/share/my_robot_bringup/package.sh'
[13.499s] INFO:colcon.colcon_core.shell:Creating package script '/home/nikhil/Work/ROS/ros2_ws/install/my_robot_bringup/share/my_robot_bringup/package.bash'
[13.499s] INFO:colcon.colcon_core.shell:Creating package script '/home/nikhil/Work/ROS/ros2_ws/install/my_robot_bringup/share/my_robot_bringup/package.zsh'
[13.500s] Level 1:colcon.colcon_core.environment:create_file_with_runtime_dependencies(/home/nikhil/Work/ROS/ros2_ws/install/my_robot_bringup/share/colcon-core/packages/my_robot_bringup)
[13.500s] Level 1:colcon.colcon_core.environment:create_environment_scripts_only(my_robot_bringup)
[13.500s] Level 1:colcon.colcon_core.environment:checking '/home/nikhil/Work/ROS/ros2_ws/install/my_robot_bringup' for CMake module files
[13.501s] Level 1:colcon.colcon_core.environment:checking '/home/nikhil/Work/ROS/ros2_ws/install/my_robot_bringup' for CMake config files
[13.501s] Level 1:colcon.colcon_core.shell:create_environment_hook('my_robot_bringup', 'cmake_prefix_path')
[13.501s] INFO:colcon.colcon_core.shell:Creating environment hook '/home/nikhil/Work/ROS/ros2_ws/install/my_robot_bringup/share/my_robot_bringup/hook/cmake_prefix_path.ps1'
[13.501s] INFO:colcon.colcon_core.shell:Creating environment descriptor '/home/nikhil/Work/ROS/ros2_ws/install/my_robot_bringup/share/my_robot_bringup/hook/cmake_prefix_path.dsv'
[13.502s] INFO:colcon.colcon_core.shell:Creating environment hook '/home/nikhil/Work/ROS/ros2_ws/install/my_robot_bringup/share/my_robot_bringup/hook/cmake_prefix_path.sh'
[13.502s] Level 1:colcon.colcon_core.environment:checking '/home/nikhil/Work/ROS/ros2_ws/install/my_robot_bringup/bin'
[13.502s] Level 1:colcon.colcon_core.environment:checking '/home/nikhil/Work/ROS/ros2_ws/install/my_robot_bringup/lib/pkgconfig/my_robot_bringup.pc'
[13.502s] Level 1:colcon.colcon_core.environment:checking '/home/nikhil/Work/ROS/ros2_ws/install/my_robot_bringup/lib/python3.10/site-packages'
[13.502s] Level 1:colcon.colcon_core.environment:checking '/home/nikhil/Work/ROS/ros2_ws/install/my_robot_bringup/bin'
[13.503s] INFO:colcon.colcon_core.shell:Creating package script '/home/nikhil/Work/ROS/ros2_ws/install/my_robot_bringup/share/my_robot_bringup/package.ps1'
[13.503s] INFO:colcon.colcon_core.shell:Creating package descriptor '/home/nikhil/Work/ROS/ros2_ws/install/my_robot_bringup/share/my_robot_bringup/package.dsv'
[13.504s] INFO:colcon.colcon_core.shell:Creating package script '/home/nikhil/Work/ROS/ros2_ws/install/my_robot_bringup/share/my_robot_bringup/package.sh'
[13.504s] INFO:colcon.colcon_core.shell:Creating package script '/home/nikhil/Work/ROS/ros2_ws/install/my_robot_bringup/share/my_robot_bringup/package.bash'
[13.504s] INFO:colcon.colcon_core.shell:Creating package script '/home/nikhil/Work/ROS/ros2_ws/install/my_robot_bringup/share/my_robot_bringup/package.zsh'
[13.505s] Level 1:colcon.colcon_core.environment:create_file_with_runtime_dependencies(/home/nikhil/Work/ROS/ros2_ws/install/my_robot_bringup/share/colcon-core/packages/my_robot_bringup)
[13.505s] DEBUG:colcon.colcon_parallel_executor.executor.parallel:closing loop
[13.505s] DEBUG:colcon.colcon_parallel_executor.executor.parallel:loop closed
[13.505s] DEBUG:colcon.colcon_parallel_executor.executor.parallel:run_until_complete finished with '0'
[13.505s] DEBUG:colcon.colcon_core.event_reactor:joining thread
[13.509s] INFO:colcon.colcon_core.plugin_system:Skipping extension 'colcon_notification.desktop_notification.terminal_notifier': Not used on non-Darwin systems
[13.509s] INFO:colcon.colcon_core.plugin_system:Skipping extension 'colcon_notification.desktop_notification.win32': Not used on non-Windows systems
[13.509s] INFO:colcon.colcon_notification.desktop_notification:Sending desktop notification using 'notify2'
[13.520s] DEBUG:colcon.colcon_core.event_reactor:joined thread
[13.521s] INFO:colcon.colcon_core.shell:Creating prefix script '/home/nikhil/Work/ROS/ros2_ws/install/local_setup.ps1'
[13.521s] INFO:colcon.colcon_core.shell:Creating prefix util module '/home/nikhil/Work/ROS/ros2_ws/install/_local_setup_util_ps1.py'
[13.522s] INFO:colcon.colcon_core.shell:Creating prefix chain script '/home/nikhil/Work/ROS/ros2_ws/install/setup.ps1'
[13.523s] INFO:colcon.colcon_core.shell:Creating prefix script '/home/nikhil/Work/ROS/ros2_ws/install/local_setup.sh'
[13.523s] INFO:colcon.colcon_core.shell:Creating prefix util module '/home/nikhil/Work/ROS/ros2_ws/install/_local_setup_util_sh.py'
[13.524s] INFO:colcon.colcon_core.shell:Creating prefix chain script '/home/nikhil/Work/ROS/ros2_ws/install/setup.sh'
[13.524s] INFO:colcon.colcon_core.shell:Creating prefix script '/home/nikhil/Work/ROS/ros2_ws/install/local_setup.bash'
[13.525s] INFO:colcon.colcon_core.shell:Creating prefix chain script '/home/nikhil/Work/ROS/ros2_ws/install/setup.bash'
[13.525s] INFO:colcon.colcon_core.shell:Creating prefix script '/home/nikhil/Work/ROS/ros2_ws/install/local_setup.zsh'
[13.525s] INFO:colcon.colcon_core.shell:Creating prefix chain script '/home/nikhil/Work/ROS/ros2_ws/install/setup.zsh'
