[0.013s] Invoking command in '/home/nikhil/Work/ROS/control_ws/build/diffdrive_arduino': CMAKE_PREFIX_PATH=${CMAKE_PREFIX_PATH}:/home/nikhil/Work/ROS/ros2_ws/install/py_pkg:/opt/ros/humble /usr/bin/cmake --build /home/nikhil/Work/ROS/control_ws/build/diffdrive_arduino -- -j20 -l20
[0.072s] [ 50%] [32mBuilding CXX object CMakeFiles/diffdrive_arduino.dir/hardware/diffbot_system.cpp.o[0m
[2.222s] [100%] [32m[1mLinking CXX shared library libdiffdrive_arduino.so[0m
[2.375s] [100%] Built target diffdrive_arduino
[2.384s] Invoked command in '/home/nikhil/Work/ROS/control_ws/build/diffdrive_arduino' returned '0': CMAKE_PREFIX_PATH=${CMAKE_PREFIX_PATH}:/home/nikhil/Work/ROS/ros2_ws/install/py_pkg:/opt/ros/humble /usr/bin/cmake --build /home/nikhil/Work/ROS/control_ws/build/diffdrive_arduino -- -j20 -l20
[2.385s] Invoking command in '/home/nikhil/Work/ROS/control_ws/build/diffdrive_arduino': CMAKE_PREFIX_PATH=${CMAKE_PREFIX_PATH}:/home/nikhil/Work/ROS/ros2_ws/install/py_pkg:/opt/ros/humble /usr/bin/cmake --install /home/nikhil/Work/ROS/control_ws/build/diffdrive_arduino
[2.393s] -- Install configuration: ""
[2.393s] -- Installing: /home/nikhil/Work/ROS/control_ws/install/diffdrive_arduino/share/diffdrive_arduino/diffdrive_arduino.xml
[2.393s] -- Installing: /home/nikhil/Work/ROS/control_ws/install/diffdrive_arduino/include/diffdrive_arduino
[2.393s] -- Installing: /home/nikhil/Work/ROS/control_ws/install/diffdrive_arduino/include/diffdrive_arduino/diffdrive_arduino
[2.393s] -- Installing: /home/nikhil/Work/ROS/control_ws/install/diffdrive_arduino/include/diffdrive_arduino/diffdrive_arduino/diffbot_system.hpp
[2.394s] -- Installing: /home/nikhil/Work/ROS/control_ws/install/diffdrive_arduino/include/diffdrive_arduino/diffdrive_arduino/wheel.hpp
[2.394s] -- Installing: /home/nikhil/Work/ROS/control_ws/install/diffdrive_arduino/include/diffdrive_arduino/diffdrive_arduino/visibility_control.h
[2.394s] -- Installing: /home/nikhil/Work/ROS/control_ws/install/diffdrive_arduino/include/diffdrive_arduino/diffdrive_arduino/arduino_comms.hpp
[2.394s] -- Installing: /home/nikhil/Work/ROS/control_ws/install/diffdrive_arduino/share/diffdrive_arduino/launch
[2.394s] -- Installing: /home/nikhil/Work/ROS/control_ws/install/diffdrive_arduino/share/diffdrive_arduino/launch/view_robot.launch.py
[2.394s] -- Installing: /home/nikhil/Work/ROS/control_ws/install/diffdrive_arduino/share/diffdrive_arduino/ros2_control
[2.394s] -- Installing: /home/nikhil/Work/ROS/control_ws/install/diffdrive_arduino/share/diffdrive_arduino/ros2_control/diffbot.ros2_control.xacro
[2.394s] -- Installing: /home/nikhil/Work/ROS/control_ws/install/diffdrive_arduino/share/diffdrive_arduino/urdf
[2.394s] -- Installing: /home/nikhil/Work/ROS/control_ws/install/diffdrive_arduino/share/diffdrive_arduino/urdf/diffbot.urdf.xacro
[2.394s] -- Installing: /home/nikhil/Work/ROS/control_ws/install/diffdrive_arduino/share/diffdrive_arduino/urdf/diffbot_description.urdf.xacro
[2.394s] -- Installing: /home/nikhil/Work/ROS/control_ws/install/diffdrive_arduino/share/diffdrive_arduino/urdf/diffbot.materials.xacro
[2.394s] -- Installing: /home/nikhil/Work/ROS/control_ws/install/diffdrive_arduino/share/diffdrive_arduino/rviz
[2.394s] -- Installing: /home/nikhil/Work/ROS/control_ws/install/diffdrive_arduino/share/diffdrive_arduino/rviz/diffbot.rviz
[2.394s] -- Installing: /home/nikhil/Work/ROS/control_ws/install/diffdrive_arduino/share/diffdrive_arduino/rviz/diffbot_view.rviz
[2.395s] -- Up-to-date: /home/nikhil/Work/ROS/control_ws/install/diffdrive_arduino/share/diffdrive_arduino/launch
[2.395s] -- Installing: /home/nikhil/Work/ROS/control_ws/install/diffdrive_arduino/share/diffdrive_arduino/launch/diffbot.launch.py
[2.395s] -- Installing: /home/nikhil/Work/ROS/control_ws/install/diffdrive_arduino/share/diffdrive_arduino/config
[2.395s] -- Installing: /home/nikhil/Work/ROS/control_ws/install/diffdrive_arduino/share/diffdrive_arduino/config/diffbot_controllers.yaml
[2.395s] -- Installing: /home/nikhil/Work/ROS/control_ws/install/diffdrive_arduino/lib/libdiffdrive_arduino.so
[2.395s] -- Set runtime path of "/home/nikhil/Work/ROS/control_ws/install/diffdrive_arduino/lib/libdiffdrive_arduino.so" to ""
[2.395s] -- Installing: /home/nikhil/Work/ROS/control_ws/install/diffdrive_arduino/share/diffdrive_arduino/environment/library_path.sh
[2.395s] -- Installing: /home/nikhil/Work/ROS/control_ws/install/diffdrive_arduino/share/diffdrive_arduino/environment/library_path.dsv
[2.395s] -- Installing: /home/nikhil/Work/ROS/control_ws/install/diffdrive_arduino/share/ament_index/resource_index/package_run_dependencies/diffdrive_arduino
[2.396s] -- Installing: /home/nikhil/Work/ROS/control_ws/install/diffdrive_arduino/share/ament_index/resource_index/parent_prefix_path/diffdrive_arduino
[2.396s] -- Installing: /home/nikhil/Work/ROS/control_ws/install/diffdrive_arduino/share/diffdrive_arduino/environment/ament_prefix_path.sh
[2.396s] -- Installing: /home/nikhil/Work/ROS/control_ws/install/diffdrive_arduino/share/diffdrive_arduino/environment/ament_prefix_path.dsv
[2.396s] -- Installing: /home/nikhil/Work/ROS/control_ws/install/diffdrive_arduino/share/diffdrive_arduino/environment/path.sh
[2.396s] -- Installing: /home/nikhil/Work/ROS/control_ws/install/diffdrive_arduino/share/diffdrive_arduino/environment/path.dsv
[2.397s] -- Installing: /home/nikhil/Work/ROS/control_ws/install/diffdrive_arduino/share/diffdrive_arduino/local_setup.bash
[2.397s] -- Installing: /home/nikhil/Work/ROS/control_ws/install/diffdrive_arduino/share/diffdrive_arduino/local_setup.sh
[2.398s] -- Installing: /home/nikhil/Work/ROS/control_ws/install/diffdrive_arduino/share/diffdrive_arduino/local_setup.zsh
[2.398s] -- Installing: /home/nikhil/Work/ROS/control_ws/install/diffdrive_arduino/share/diffdrive_arduino/local_setup.dsv
[2.398s] -- Installing: /home/nikhil/Work/ROS/control_ws/install/diffdrive_arduino/share/diffdrive_arduino/package.dsv
[2.398s] -- Installing: /home/nikhil/Work/ROS/control_ws/install/diffdrive_arduino/share/ament_index/resource_index/packages/diffdrive_arduino
[2.398s] -- Installing: /home/nikhil/Work/ROS/control_ws/install/diffdrive_arduino/share/ament_index/resource_index/hardware_interface__pluginlib__plugin/diffdrive_arduino
[2.399s] -- Installing: /home/nikhil/Work/ROS/control_ws/install/diffdrive_arduino/share/diffdrive_arduino/cmake/export_diffdrive_arduinoExport.cmake
[2.399s] -- Installing: /home/nikhil/Work/ROS/control_ws/install/diffdrive_arduino/share/diffdrive_arduino/cmake/export_diffdrive_arduinoExport-noconfig.cmake
[2.399s] -- Installing: /home/nikhil/Work/ROS/control_ws/install/diffdrive_arduino/share/diffdrive_arduino/cmake/ament_cmake_export_targets-extras.cmake
[2.399s] -- Installing: /home/nikhil/Work/ROS/control_ws/install/diffdrive_arduino/share/diffdrive_arduino/cmake/ament_cmake_export_dependencies-extras.cmake
[2.399s] -- Installing: /home/nikhil/Work/ROS/control_ws/install/diffdrive_arduino/share/diffdrive_arduino/cmake/diffdrive_arduinoConfig.cmake
[2.400s] -- Installing: /home/nikhil/Work/ROS/control_ws/install/diffdrive_arduino/share/diffdrive_arduino/cmake/diffdrive_arduinoConfig-version.cmake
[2.400s] -- Installing: /home/nikhil/Work/ROS/control_ws/install/diffdrive_arduino/share/diffdrive_arduino/package.xml
[2.403s] Invoked command in '/home/nikhil/Work/ROS/control_ws/build/diffdrive_arduino' returned '0': CMAKE_PREFIX_PATH=${CMAKE_PREFIX_PATH}:/home/nikhil/Work/ROS/ros2_ws/install/py_pkg:/opt/ros/humble /usr/bin/cmake --install /home/nikhil/Work/ROS/control_ws/build/diffdrive_arduino
