[0.006s] Invoking command in '/home/nikhil/ROS/ros2_ws_1/build/mera_robot_bringup': CMAKE_PREFIX_PATH=${CMAKE_PREFIX_PATH}:/home/nikhil/ROS/ros2_ws/install/py_pkg:/opt/ros/humble /usr/bin/cmake /home/nikhil/ROS/ros2_ws_1/src/mera_robot_bringup -DAMENT_CMAKE_SYMLINK_INSTALL=1 -DCMAKE_INSTALL_PREFIX=/home/nikhil/ROS/ros2_ws_1/install/mera_robot_bringup
[0.083s] -- The C compiler identification is GNU 11.4.0
[0.140s] -- The CXX compiler identification is GNU 11.4.0
[0.147s] -- Detecting C compiler ABI info
[0.209s] -- Detecting C compiler ABI info - done
[0.217s] -- Check for working C compiler: /usr/bin/cc - skipped
[0.217s] -- Detecting C compile features
[0.218s] -- Detecting C compile features - done
[0.220s] -- Detecting CXX compiler ABI info
[0.281s] -- Detecting CXX compiler ABI info - done
[0.286s] -- Check for working CXX compiler: /usr/bin/c++ - skipped
[0.286s] -- Detecting CXX compile features
[0.286s] -- Detecting CXX compile features - done
[0.288s] -- Found ament_cmake: 1.3.11 (/opt/ros/humble/share/ament_cmake/cmake)
[0.386s] -- Found Python3: /usr/bin/python3 (found version "3.10.12") found components: Interpreter 
[0.424s] -- Override CMake install command with custom implementation using symlinks instead of copying resources
[0.476s] -- Configuring done
[0.477s] -- Generating done
[0.478s] -- Build files have been written to: /home/nikhil/ROS/ros2_ws_1/build/mera_robot_bringup
[0.481s] Invoked command in '/home/nikhil/ROS/ros2_ws_1/build/mera_robot_bringup' returned '0': CMAKE_PREFIX_PATH=${CMAKE_PREFIX_PATH}:/home/nikhil/ROS/ros2_ws/install/py_pkg:/opt/ros/humble /usr/bin/cmake /home/nikhil/ROS/ros2_ws_1/src/mera_robot_bringup -DAMENT_CMAKE_SYMLINK_INSTALL=1 -DCMAKE_INSTALL_PREFIX=/home/nikhil/ROS/ros2_ws_1/install/mera_robot_bringup
[0.481s] Invoking command in '/home/nikhil/ROS/ros2_ws_1/build/mera_robot_bringup': CMAKE_PREFIX_PATH=${CMAKE_PREFIX_PATH}:/home/nikhil/ROS/ros2_ws/install/py_pkg:/opt/ros/humble /usr/bin/cmake --build /home/nikhil/ROS/ros2_ws_1/build/mera_robot_bringup -- -j20 -l20
[0.505s] Invoked command in '/home/nikhil/ROS/ros2_ws_1/build/mera_robot_bringup' returned '0': CMAKE_PREFIX_PATH=${CMAKE_PREFIX_PATH}:/home/nikhil/ROS/ros2_ws/install/py_pkg:/opt/ros/humble /usr/bin/cmake --build /home/nikhil/ROS/ros2_ws_1/build/mera_robot_bringup -- -j20 -l20
[0.505s] Invoking command in '/home/nikhil/ROS/ros2_ws_1/build/mera_robot_bringup': CMAKE_PREFIX_PATH=${CMAKE_PREFIX_PATH}:/home/nikhil/ROS/ros2_ws/install/py_pkg:/opt/ros/humble /usr/bin/cmake --install /home/nikhil/ROS/ros2_ws_1/build/mera_robot_bringup
[0.509s] -- Install configuration: ""
[0.509s] -- Execute custom install script
[0.509s] -- Symlinking: /home/nikhil/ROS/ros2_ws_1/install/mera_robot_bringup/share/mera_robot_bringup//launch/mera_robot_gazebo.launch.xml
[0.516s] -- Symlinking: /home/nikhil/ROS/ros2_ws_1/install/mera_robot_bringup/share/ament_index/resource_index/package_run_dependencies/mera_robot_bringup
[0.522s] -- Symlinking: /home/nikhil/ROS/ros2_ws_1/install/mera_robot_bringup/share/ament_index/resource_index/parent_prefix_path/mera_robot_bringup
[0.527s] -- Symlinking: /home/nikhil/ROS/ros2_ws_1/install/mera_robot_bringup/share/mera_robot_bringup/environment/ament_prefix_path.sh
[0.532s] -- Symlinking: /home/nikhil/ROS/ros2_ws_1/install/mera_robot_bringup/share/mera_robot_bringup/environment/ament_prefix_path.dsv
[0.537s] -- Symlinking: /home/nikhil/ROS/ros2_ws_1/install/mera_robot_bringup/share/mera_robot_bringup/environment/path.sh
[0.543s] -- Symlinking: /home/nikhil/ROS/ros2_ws_1/install/mera_robot_bringup/share/mera_robot_bringup/environment/path.dsv
[0.547s] -- Symlinking: /home/nikhil/ROS/ros2_ws_1/install/mera_robot_bringup/share/mera_robot_bringup/local_setup.bash
[0.553s] -- Symlinking: /home/nikhil/ROS/ros2_ws_1/install/mera_robot_bringup/share/mera_robot_bringup/local_setup.sh
[0.560s] -- Symlinking: /home/nikhil/ROS/ros2_ws_1/install/mera_robot_bringup/share/mera_robot_bringup/local_setup.zsh
[0.566s] -- Symlinking: /home/nikhil/ROS/ros2_ws_1/install/mera_robot_bringup/share/mera_robot_bringup/local_setup.dsv
[0.573s] -- Symlinking: /home/nikhil/ROS/ros2_ws_1/install/mera_robot_bringup/share/mera_robot_bringup/package.dsv
[0.581s] -- Symlinking: /home/nikhil/ROS/ros2_ws_1/install/mera_robot_bringup/share/ament_index/resource_index/packages/mera_robot_bringup
[0.588s] -- Symlinking: /home/nikhil/ROS/ros2_ws_1/install/mera_robot_bringup/share/mera_robot_bringup/cmake/mera_robot_bringupConfig.cmake
[0.593s] -- Symlinking: /home/nikhil/ROS/ros2_ws_1/install/mera_robot_bringup/share/mera_robot_bringup/cmake/mera_robot_bringupConfig-version.cmake
[0.600s] -- Symlinking: /home/nikhil/ROS/ros2_ws_1/install/mera_robot_bringup/share/mera_robot_bringup/package.xml
[0.607s] Invoked command in '/home/nikhil/ROS/ros2_ws_1/build/mera_robot_bringup' returned '0': CMAKE_PREFIX_PATH=${CMAKE_PREFIX_PATH}:/home/nikhil/ROS/ros2_ws/install/py_pkg:/opt/ros/humble /usr/bin/cmake --install /home/nikhil/ROS/ros2_ws_1/build/mera_robot_bringup
