[0.037s] Invoking command in '/home/nikhil/ROS/ros2_ws/build/my_robot_bringup': CMAKE_PREFIX_PATH=${CMAKE_PREFIX_PATH}:/home/nikhil/ROS/ros2_ws/install/py_pkg:/opt/ros/humble /usr/bin/cmake --build /home/nikhil/ROS/ros2_ws/build/my_robot_bringup -- -j20 -l20
[0.070s] -- Found ament_cmake: 1.3.9 (/opt/ros/humble/share/ament_cmake/cmake)
[0.240s] -- Override CMake install command with custom implementation using symlinks instead of copying resources
[0.339s] -- Configuring done
[0.341s] -- Generating done
[0.342s] -- Build files have been written to: /home/nikhil/ROS/ros2_ws/build/my_robot_bringup
[0.375s] Invoked command in '/home/nikhil/ROS/ros2_ws/build/my_robot_bringup' returned '0': CMAKE_PREFIX_PATH=${CMAKE_PREFIX_PATH}:/home/nikhil/ROS/ros2_ws/install/py_pkg:/opt/ros/humble /usr/bin/cmake --build /home/nikhil/ROS/ros2_ws/build/my_robot_bringup -- -j20 -l20
[0.418s] Invoking command in '/home/nikhil/ROS/ros2_ws/build/my_robot_bringup': CMAKE_PREFIX_PATH=${CMAKE_PREFIX_PATH}:/home/nikhil/ROS/ros2_ws/install/py_pkg:/opt/ros/humble /usr/bin/cmake --install /home/nikhil/ROS/ros2_ws/build/my_robot_bringup
[0.428s] -- Install configuration: ""
[0.429s] -- Execute custom install script
[0.429s] [33mCMake Warning (dev) at ament_cmake_symlink_install/ament_cmake_symlink_install.cmake:62 (file):
[0.429s]   Policy CMP0009 is not set: FILE GLOB_RECURSE calls should not follow
[0.429s]   symlinks by default.  Run "cmake --help-policy CMP0009" for policy details.
[0.429s]   Use the cmake_policy command to set the policy and suppress this warning.
[0.430s] Call Stack (most recent call first):
[0.430s]   ament_cmake_symlink_install/ament_cmake_symlink_install.cmake:314 (ament_cmake_symlink_install_directory)
[0.430s]   cmake_install.cmake:46 (include)
[0.430s] This warning is for project developers.  Use -Wno-dev to suppress it.
[0.430s] [0m
[0.430s] -- Symlinking: /home/nikhil/ROS/ros2_ws/install/my_robot_bringup/share/my_robot_bringup/launch/build/.built_by
[0.442s] -- Symlinking: /home/nikhil/ROS/ros2_ws/install/my_robot_bringup/share/my_robot_bringup/launch/build/COLCON_IGNORE
[0.454s] -- Symlinking: /home/nikhil/ROS/ros2_ws/install/my_robot_bringup/share/my_robot_bringup/launch/install/.colcon_install_layout
[0.465s] -- Symlinking: /home/nikhil/ROS/ros2_ws/install/my_robot_bringup/share/my_robot_bringup/launch/install/COLCON_IGNORE
[0.476s] -- Symlinking: /home/nikhil/ROS/ros2_ws/install/my_robot_bringup/share/my_robot_bringup/launch/install/_local_setup_util_ps1.py
[0.488s] -- Symlinking: /home/nikhil/ROS/ros2_ws/install/my_robot_bringup/share/my_robot_bringup/launch/install/_local_setup_util_sh.py
[0.499s] -- Symlinking: /home/nikhil/ROS/ros2_ws/install/my_robot_bringup/share/my_robot_bringup/launch/install/local_setup.bash
[0.509s] -- Symlinking: /home/nikhil/ROS/ros2_ws/install/my_robot_bringup/share/my_robot_bringup/launch/install/local_setup.ps1
[0.520s] -- Symlinking: /home/nikhil/ROS/ros2_ws/install/my_robot_bringup/share/my_robot_bringup/launch/install/local_setup.sh
[0.531s] -- Symlinking: /home/nikhil/ROS/ros2_ws/install/my_robot_bringup/share/my_robot_bringup/launch/install/local_setup.zsh
[0.543s] -- Symlinking: /home/nikhil/ROS/ros2_ws/install/my_robot_bringup/share/my_robot_bringup/launch/install/setup.bash
[0.555s] -- Symlinking: /home/nikhil/ROS/ros2_ws/install/my_robot_bringup/share/my_robot_bringup/launch/install/setup.ps1
[0.566s] -- Symlinking: /home/nikhil/ROS/ros2_ws/install/my_robot_bringup/share/my_robot_bringup/launch/install/setup.sh
[0.578s] -- Symlinking: /home/nikhil/ROS/ros2_ws/install/my_robot_bringup/share/my_robot_bringup/launch/install/setup.zsh
[0.589s] -- Symlinking: /home/nikhil/ROS/ros2_ws/install/my_robot_bringup/share/my_robot_bringup/launch/log/COLCON_IGNORE
[0.599s] -- Symlinking: /home/nikhil/ROS/ros2_ws/install/my_robot_bringup/share/my_robot_bringup/launch/log/build_2024-12-31_12-02-47/events.log
[0.609s] -- Symlinking: /home/nikhil/ROS/ros2_ws/install/my_robot_bringup/share/my_robot_bringup/launch/log/build_2024-12-31_12-02-47/logger_all.log
[0.622s] -- Symlinking: /home/nikhil/ROS/ros2_ws/install/my_robot_bringup/share/my_robot_bringup/launch/log/build_2024-12-31_12-05-41/events.log
[0.633s] -- Symlinking: /home/nikhil/ROS/ros2_ws/install/my_robot_bringup/share/my_robot_bringup/launch/log/build_2024-12-31_12-05-41/logger_all.log
[0.648s] -- Symlinking: /home/nikhil/ROS/ros2_ws/install/my_robot_bringup/share/my_robot_bringup/launch/log/build_2024-12-31_12-05-53/events.log
[0.664s] -- Symlinking: /home/nikhil/ROS/ros2_ws/install/my_robot_bringup/share/my_robot_bringup/launch/log/build_2024-12-31_12-05-53/logger_all.log
[0.679s] -- Symlinking: /home/nikhil/ROS/ros2_ws/install/my_robot_bringup/share/my_robot_bringup/launch/log/latest/events.log
[0.692s] -- Symlinking: /home/nikhil/ROS/ros2_ws/install/my_robot_bringup/share/my_robot_bringup/launch/log/latest/logger_all.log
[0.706s] -- Symlinking: /home/nikhil/ROS/ros2_ws/install/my_robot_bringup/share/my_robot_bringup/launch/log/latest_build/events.log
[0.720s] -- Symlinking: /home/nikhil/ROS/ros2_ws/install/my_robot_bringup/share/my_robot_bringup/launch/log/latest_build/logger_all.log
[0.732s] -- Up-to-date symlink: /home/nikhil/ROS/ros2_ws/install/my_robot_bringup/share/my_robot_bringup/launch/number_app.launch.py
[0.732s] -- Symlinking: /home/nikhil/ROS/ros2_ws/install/my_robot_bringup/share/my_robot_bringup/launch/robot_station.launch.py
[0.747s] -- Up-to-date symlink: /home/nikhil/ROS/ros2_ws/install/my_robot_bringup/share/ament_index/resource_index/package_run_dependencies/my_robot_bringup
[0.747s] -- Up-to-date symlink: /home/nikhil/ROS/ros2_ws/install/my_robot_bringup/share/ament_index/resource_index/parent_prefix_path/my_robot_bringup
[0.747s] -- Up-to-date symlink: /home/nikhil/ROS/ros2_ws/install/my_robot_bringup/share/my_robot_bringup/environment/ament_prefix_path.sh
[0.747s] -- Up-to-date symlink: /home/nikhil/ROS/ros2_ws/install/my_robot_bringup/share/my_robot_bringup/environment/ament_prefix_path.dsv
[0.748s] -- Up-to-date symlink: /home/nikhil/ROS/ros2_ws/install/my_robot_bringup/share/my_robot_bringup/environment/path.sh
[0.748s] -- Up-to-date symlink: /home/nikhil/ROS/ros2_ws/install/my_robot_bringup/share/my_robot_bringup/environment/path.dsv
[0.748s] -- Up-to-date symlink: /home/nikhil/ROS/ros2_ws/install/my_robot_bringup/share/my_robot_bringup/local_setup.bash
[0.748s] -- Up-to-date symlink: /home/nikhil/ROS/ros2_ws/install/my_robot_bringup/share/my_robot_bringup/local_setup.sh
[0.748s] -- Up-to-date symlink: /home/nikhil/ROS/ros2_ws/install/my_robot_bringup/share/my_robot_bringup/local_setup.zsh
[0.748s] -- Up-to-date symlink: /home/nikhil/ROS/ros2_ws/install/my_robot_bringup/share/my_robot_bringup/local_setup.dsv
[0.748s] -- Symlinking: /home/nikhil/ROS/ros2_ws/install/my_robot_bringup/share/my_robot_bringup/package.dsv
[0.762s] -- Up-to-date symlink: /home/nikhil/ROS/ros2_ws/install/my_robot_bringup/share/ament_index/resource_index/packages/my_robot_bringup
[0.762s] -- Up-to-date symlink: /home/nikhil/ROS/ros2_ws/install/my_robot_bringup/share/my_robot_bringup/cmake/my_robot_bringupConfig.cmake
[0.762s] -- Up-to-date symlink: /home/nikhil/ROS/ros2_ws/install/my_robot_bringup/share/my_robot_bringup/cmake/my_robot_bringupConfig-version.cmake
[0.762s] -- Up-to-date symlink: /home/nikhil/ROS/ros2_ws/install/my_robot_bringup/share/my_robot_bringup/package.xml
[0.766s] Invoked command in '/home/nikhil/ROS/ros2_ws/build/my_robot_bringup' returned '0': CMAKE_PREFIX_PATH=${CMAKE_PREFIX_PATH}:/home/nikhil/ROS/ros2_ws/install/py_pkg:/opt/ros/humble /usr/bin/cmake --install /home/nikhil/ROS/ros2_ws/build/my_robot_bringup
