[0.008s] Invoking command in '/home/nikhil/Work/ROS/controller_ws/build/three_omniwheel_controller': CMAKE_PREFIX_PATH=${CMAKE_PREFIX_PATH}:/home/nikhil/Work/ROS/ros2_ws/install/py_pkg:/opt/ros/humble /usr/bin/cmake --build /home/nikhil/Work/ROS/controller_ws/build/three_omniwheel_controller -- -j20 -l20
[0.046s] [ 33%] Built target three_omniwheel_controller_parameters
[0.059s] [35m[1mConsolidate compiler generated dependencies of target three_omniwheel_controller[0m
[0.072s] [ 50%] [32mBuilding CXX object CMakeFiles/three_omniwheel_controller.dir/src/three_omniwheel_controller.cpp.o[0m
[1.534s] [01m[K/home/nikhil/Work/ROS/controller_ws/src/three_omniwheel_controller/src/three_omniwheel_controller.cpp:[m[K In lambda function:
[1.534s] [01m[K/home/nikhil/Work/ROS/controller_ws/src/three_omniwheel_controller/src/three_omniwheel_controller.cpp:695:73:[m[K [01;31m[Kerror: [m[Kno matching function for call to ‘[01m[Kto_string(const std::__cxx11::basic_string<char>&)[m[K’
[1.534s]   695 |         return interface.get_prefix_name() == [01;31m[Kstd::to_string(wheel_name)[m[K &&
[1.534s]       |                                               [01;31m[K~~~~~~~~~~~~~~^~~~~~~~~~~~[m[K
[1.534s] 
[1.534s] In file included from [01m[K/opt/ros/humble/include/rclcpp/rclcpp/node_interfaces/node_parameters_interface.hpp:28[m[K,
[1.534s]                  from [01m[K/opt/ros/humble/include/rclcpp/rclcpp/node.hpp:54[m[K,
[1.534s]                  from [01m[K/opt/ros/humble/include/rclcpp/rclcpp/executors/single_threaded_executor.hpp:28[m[K,
[1.534s]                  from [01m[K/opt/ros/humble/include/rclcpp/rclcpp/executors.hpp:22[m[K,
[1.534s]                  from [01m[K/opt/ros/humble/include/rclcpp/rclcpp/rclcpp.hpp:155[m[K,
[1.535s]                  from [01m[K/opt/ros/humble/include/controller_interface/controller_interface_base.hpp:28[m[K,
[1.535s]                  from [01m[K/opt/ros/humble/include/controller_interface/controller_interface.hpp:22[m[K,
[1.535s]                  from [01m[K/home/nikhil/Work/ROS/controller_ws/src/three_omniwheel_controller/include/three_omniwheel_controller/three_omniwheel_controller.hpp:11[m[K,
[1.535s]                  from [01m[K/home/nikhil/Work/ROS/controller_ws/src/three_omniwheel_controller/src/three_omniwheel_controller.cpp:5[m[K:
[1.535s] [01m[K/opt/ros/humble/include/rclcpp/rclcpp/parameter.hpp:289:1:[m[K [01;36m[Knote: [m[Kcandidate: ‘[01m[Kstd::string std::to_string(const rclcpp::Parameter&)[m[K’
[1.535s]   289 | [01;36m[Kto_string[m[K(const rclcpp::Parameter & param);
[1.535s]       | [01;36m[K^~~~~~~~~[m[K
[1.535s] [01m[K/opt/ros/humble/include/rclcpp/rclcpp/parameter.hpp:289:37:[m[K [01;36m[Knote: [m[K  no known conversion for argument 1 from ‘[01m[Kconst std::__cxx11::basic_string<char>[m[K’ to ‘[01m[Kconst rclcpp::Parameter&[m[K’
[1.535s]   289 | to_string([01;36m[Kconst rclcpp::Parameter & param[m[K);
[1.535s]       |           [01;36m[K~~~~~~~~~~~~~~~~~~~~~~~~~~^~~~~[m[K
[1.535s] [01m[K/opt/ros/humble/include/rclcpp/rclcpp/parameter.hpp:294:1:[m[K [01;36m[Knote: [m[Kcandidate: ‘[01m[Kstd::string std::to_string(const std::vector<rclcpp::Parameter>&)[m[K’
[1.535s]   294 | [01;36m[Kto_string[m[K(const std::vector<rclcpp::Parameter> & parameters);
[1.535s]       | [01;36m[K^~~~~~~~~[m[K
[1.535s] [01m[K/opt/ros/humble/include/rclcpp/rclcpp/parameter.hpp:294:50:[m[K [01;36m[Knote: [m[K  no known conversion for argument 1 from ‘[01m[Kconst std::__cxx11::basic_string<char>[m[K’ to ‘[01m[Kconst std::vector<rclcpp::Parameter>&[m[K’
[1.535s]   294 | to_string([01;36m[Kconst std::vector<rclcpp::Parameter> & parameters[m[K);
[1.535s]       |           [01;36m[K~~~~~~~~~~~~~~~~~~~~~~~~~~~~~~~~~~~~~~~^~~~~~~~~~[m[K
[1.535s] In file included from [01m[K/usr/include/c++/11/string:55[m[K,
[1.535s]                  from [01m[K/home/nikhil/Work/ROS/controller_ws/src/three_omniwheel_controller/include/three_omniwheel_controller/three_omniwheel_controller.hpp:8[m[K,
[1.536s]                  from [01m[K/home/nikhil/Work/ROS/controller_ws/src/three_omniwheel_controller/src/three_omniwheel_controller.cpp:5[m[K:
[1.536s] [01m[K/usr/include/c++/11/bits/basic_string.h:6660:3:[m[K [01;36m[Knote: [m[Kcandidate: ‘[01m[Kstd::string std::__cxx11::to_string(int)[m[K’
[1.536s]  6660 |   [01;36m[Kto_string[m[K(int __val)
[1.536s]       |   [01;36m[K^~~~~~~~~[m[K
[1.536s] [01m[K/usr/include/c++/11/bits/basic_string.h:6660:17:[m[K [01;36m[Knote: [m[K  no known conversion for argument 1 from ‘[01m[Kconst std::__cxx11::basic_string<char>[m[K’ to ‘[01m[Kint[m[K’
[1.536s]  6660 |   to_string([01;36m[Kint __val[m[K)
[1.536s]       |             [01;36m[K~~~~^~~~~[m[K
[1.536s] [01m[K/usr/include/c++/11/bits/basic_string.h:6671:3:[m[K [01;36m[Knote: [m[Kcandidate: ‘[01m[Kstd::string std::__cxx11::to_string(unsigned int)[m[K’
[1.536s]  6671 |   [01;36m[Kto_string[m[K(unsigned __val)
[1.536s]       |   [01;36m[K^~~~~~~~~[m[K
[1.536s] [01m[K/usr/include/c++/11/bits/basic_string.h:6671:22:[m[K [01;36m[Knote: [m[K  no known conversion for argument 1 from ‘[01m[Kconst std::__cxx11::basic_string<char>[m[K’ to ‘[01m[Kunsigned int[m[K’
[1.536s]  6671 |   to_string([01;36m[Kunsigned __val[m[K)
[1.536s]       |             [01;36m[K~~~~~~~~~^~~~~[m[K
[1.536s] [01m[K/usr/include/c++/11/bits/basic_string.h:6679:3:[m[K [01;36m[Knote: [m[Kcandidate: ‘[01m[Kstd::string std::__cxx11::to_string(long int)[m[K’
[1.536s]  6679 |   [01;36m[Kto_string[m[K(long __val)
[1.536s]       |   [01;36m[K^~~~~~~~~[m[K
[1.536s] [01m[K/usr/include/c++/11/bits/basic_string.h:6679:18:[m[K [01;36m[Knote: [m[K  no known conversion for argument 1 from ‘[01m[Kconst std::__cxx11::basic_string<char>[m[K’ to ‘[01m[Klong int[m[K’
[1.536s]  6679 |   to_string([01;36m[Klong __val[m[K)
[1.537s]       |             [01;36m[K~~~~~^~~~~[m[K
[1.537s] [01m[K/usr/include/c++/11/bits/basic_string.h:6690:3:[m[K [01;36m[Knote: [m[Kcandidate: ‘[01m[Kstd::string std::__cxx11::to_string(long unsigned int)[m[K’
[1.537s]  6690 |   [01;36m[Kto_string[m[K(unsigned long __val)
[1.537s]       |   [01;36m[K^~~~~~~~~[m[K
[1.537s] [01m[K/usr/include/c++/11/bits/basic_string.h:6690:27:[m[K [01;36m[Knote: [m[K  no known conversion for argument 1 from ‘[01m[Kconst std::__cxx11::basic_string<char>[m[K’ to ‘[01m[Klong unsigned int[m[K’
[1.537s]  6690 |   to_string([01;36m[Kunsigned long __val[m[K)
[1.537s]       |             [01;36m[K~~~~~~~~~~~~~~^~~~~[m[K
[1.537s] [01m[K/usr/include/c++/11/bits/basic_string.h:6698:3:[m[K [01;36m[Knote: [m[Kcandidate: ‘[01m[Kstd::string std::__cxx11::to_string(long long int)[m[K’
[1.537s]  6698 |   [01;36m[Kto_string[m[K(long long __val)
[1.537s]       |   [01;36m[K^~~~~~~~~[m[K
[1.537s] [01m[K/usr/include/c++/11/bits/basic_string.h:6698:23:[m[K [01;36m[Knote: [m[K  no known conversion for argument 1 from ‘[01m[Kconst std::__cxx11::basic_string<char>[m[K’ to ‘[01m[Klong long int[m[K’
[1.537s]  6698 |   to_string([01;36m[Klong long __val[m[K)
[1.537s]       |             [01;36m[K~~~~~~~~~~^~~~~[m[K
[1.537s] [01m[K/usr/include/c++/11/bits/basic_string.h:6710:3:[m[K [01;36m[Knote: [m[Kcandidate: ‘[01m[Kstd::string std::__cxx11::to_string(long long unsigned int)[m[K’
[1.537s]  6710 |   [01;36m[Kto_string[m[K(unsigned long long __val)
[1.537s]       |   [01;36m[K^~~~~~~~~[m[K
[1.537s] [01m[K/usr/include/c++/11/bits/basic_string.h:6710:32:[m[K [01;36m[Knote: [m[K  no known conversion for argument 1 from ‘[01m[Kconst std::__cxx11::basic_string<char>[m[K’ to ‘[01m[Klong long unsigned int[m[K’
[1.537s]  6710 |   to_string([01;36m[Kunsigned long long __val[m[K)
[1.538s]       |             [01;36m[K~~~~~~~~~~~~~~~~~~~^~~~~[m[K
[1.538s] [01m[K/usr/include/c++/11/bits/basic_string.h:6721:3:[m[K [01;36m[Knote: [m[Kcandidate: ‘[01m[Kstd::string std::__cxx11::to_string(float)[m[K’
[1.538s]  6721 |   [01;36m[Kto_string[m[K(float __val)
[1.538s]       |   [01;36m[K^~~~~~~~~[m[K
[1.538s] [01m[K/usr/include/c++/11/bits/basic_string.h:6721:19:[m[K [01;36m[Knote: [m[K  no known conversion for argument 1 from ‘[01m[Kconst std::__cxx11::basic_string<char>[m[K’ to ‘[01m[Kfloat[m[K’
[1.538s]  6721 |   to_string([01;36m[Kfloat __val[m[K)
[1.538s]       |             [01;36m[K~~~~~~^~~~~[m[K
[1.538s] [01m[K/usr/include/c++/11/bits/basic_string.h:6730:3:[m[K [01;36m[Knote: [m[Kcandidate: ‘[01m[Kstd::string std::__cxx11::to_string(double)[m[K’
[1.538s]  6730 |   [01;36m[Kto_string[m[K(double __val)
[1.538s]       |   [01;36m[K^~~~~~~~~[m[K
[1.538s] [01m[K/usr/include/c++/11/bits/basic_string.h:6730:20:[m[K [01;36m[Knote: [m[K  no known conversion for argument 1 from ‘[01m[Kconst std::__cxx11::basic_string<char>[m[K’ to ‘[01m[Kdouble[m[K’
[1.538s]  6730 |   to_string([01;36m[Kdouble __val[m[K)
[1.538s]       |             [01;36m[K~~~~~~~^~~~~[m[K
[1.538s] [01m[K/usr/include/c++/11/bits/basic_string.h:6739:3:[m[K [01;36m[Knote: [m[Kcandidate: ‘[01m[Kstd::string std::__cxx11::to_string(long double)[m[K’
[1.538s]  6739 |   [01;36m[Kto_string[m[K(long double __val)
[1.538s]       |   [01;36m[K^~~~~~~~~[m[K
[1.538s] [01m[K/usr/include/c++/11/bits/basic_string.h:6739:25:[m[K [01;36m[Knote: [m[K  no known conversion for argument 1 from ‘[01m[Kconst std::__cxx11::basic_string<char>[m[K’ to ‘[01m[Klong double[m[K’
[1.538s]  6739 |   to_string([01;36m[Klong double __val[m[K)
[1.539s]       |             [01;36m[K~~~~~~~~~~~~^~~~~[m[K
[3.516s] gmake[2]: *** [CMakeFiles/three_omniwheel_controller.dir/build.make:76: CMakeFiles/three_omniwheel_controller.dir/src/three_omniwheel_controller.cpp.o] Error 1
[3.517s] gmake[1]: *** [CMakeFiles/Makefile2:165: CMakeFiles/three_omniwheel_controller.dir/all] Error 2
[3.517s] gmake: *** [Makefile:146: all] Error 2
[3.519s] Invoked command in '/home/nikhil/Work/ROS/controller_ws/build/three_omniwheel_controller' returned '2': CMAKE_PREFIX_PATH=${CMAKE_PREFIX_PATH}:/home/nikhil/Work/ROS/ros2_ws/install/py_pkg:/opt/ros/humble /usr/bin/cmake --build /home/nikhil/Work/ROS/controller_ws/build/three_omniwheel_controller -- -j20 -l20
