[0.010s] Invoking command in '/home/nikhil/Work/ROS/control_ws/build/diffdrive_arduino': CMAKE_PREFIX_PATH=${CMAKE_PREFIX_PATH}:/home/nikhil/Work/ROS/ros2_ws/install/py_pkg:/opt/ros/humble /usr/bin/cmake /home/nikhil/Work/ROS/control_ws/src/diffdrive_arduino -DCMAKE_INSTALL_PREFIX=/home/nikhil/Work/ROS/control_ws/install/diffdrive_arduino
[0.077s] -- The CXX compiler identification is GNU 11.4.0
[0.083s] -- Detecting CXX compiler ABI info
[0.141s] -- Detecting CXX compiler ABI info - done
[0.148s] -- Check for working CXX compiler: /usr/bin/c++ - skipped
[0.149s] -- Detecting CXX compile features
[0.149s] -- Detecting CXX compile features - done
[0.152s] -- Found ament_cmake: 1.3.11 (/opt/ros/humble/share/ament_cmake/cmake)
[0.262s] -- Found Python3: /usr/bin/python3 (found version "3.10.12") found components: Interpreter 
[0.329s] -- Found hardware_interface: 2.48.0 (/opt/ros/humble/share/hardware_interface/cmake)
[0.358s] -- Found rosidl_generator_c: 3.1.6 (/opt/ros/humble/share/rosidl_generator_c/cmake)
[0.362s] -- Found rosidl_adapter: 3.1.6 (/opt/ros/humble/share/rosidl_adapter/cmake)
[0.368s] -- Found rosidl_generator_cpp: 3.1.6 (/opt/ros/humble/share/rosidl_generator_cpp/cmake)
[0.377s] -- Using all available rosidl_typesupport_c: rosidl_typesupport_fastrtps_c;rosidl_typesupport_introspection_c
[0.388s] -- Using all available rosidl_typesupport_cpp: rosidl_typesupport_fastrtps_cpp;rosidl_typesupport_introspection_cpp
[0.527s] -- Found rmw_implementation_cmake: 6.1.2 (/opt/ros/humble/share/rmw_implementation_cmake/cmake)
[0.529s] -- Found rmw_cyclonedds_cpp: 1.3.4 (/opt/ros/humble/share/rmw_cyclonedds_cpp/cmake)
[0.546s] -- Using RMW implementation 'rmw_cyclonedds_cpp' as default
[0.553s] -- Looking for C++ include pthread.h
[0.620s] -- Looking for C++ include pthread.h - found
[0.621s] -- Performing Test CMAKE_HAVE_LIBC_PTHREAD
[0.678s] -- Performing Test CMAKE_HAVE_LIBC_PTHREAD - Success
[0.678s] -- Found Threads: TRUE  
[0.713s] -- Found ament_cmake_gtest: 1.3.11 (/opt/ros/humble/share/ament_cmake_gtest/cmake)
[0.754s] -- Configuring done
[0.766s] -- Generating done
[0.768s] -- Build files have been written to: /home/nikhil/Work/ROS/control_ws/build/diffdrive_arduino
[0.775s] Invoked command in '/home/nikhil/Work/ROS/control_ws/build/diffdrive_arduino' returned '0': CMAKE_PREFIX_PATH=${CMAKE_PREFIX_PATH}:/home/nikhil/Work/ROS/ros2_ws/install/py_pkg:/opt/ros/humble /usr/bin/cmake /home/nikhil/Work/ROS/control_ws/src/diffdrive_arduino -DCMAKE_INSTALL_PREFIX=/home/nikhil/Work/ROS/control_ws/install/diffdrive_arduino
[0.775s] Invoking command in '/home/nikhil/Work/ROS/control_ws/build/diffdrive_arduino': CMAKE_PREFIX_PATH=${CMAKE_PREFIX_PATH}:/home/nikhil/Work/ROS/ros2_ws/install/py_pkg:/opt/ros/humble /usr/bin/cmake --build /home/nikhil/Work/ROS/control_ws/build/diffdrive_arduino -- -j20 -l20
[0.815s] [ 50%] [32mBuilding CXX object CMakeFiles/diffdrive_arduino.dir/hardware/diffbot_system.cpp.o[0m
[2.746s] [100%] [32m[1mLinking CXX shared library libdiffdrive_arduino.so[0m
[2.849s] [100%] Built target diffdrive_arduino
[2.858s] Invoked command in '/home/nikhil/Work/ROS/control_ws/build/diffdrive_arduino' returned '0': CMAKE_PREFIX_PATH=${CMAKE_PREFIX_PATH}:/home/nikhil/Work/ROS/ros2_ws/install/py_pkg:/opt/ros/humble /usr/bin/cmake --build /home/nikhil/Work/ROS/control_ws/build/diffdrive_arduino -- -j20 -l20
[2.866s] Invoking command in '/home/nikhil/Work/ROS/control_ws/build/diffdrive_arduino': CMAKE_PREFIX_PATH=${CMAKE_PREFIX_PATH}:/home/nikhil/Work/ROS/ros2_ws/install/py_pkg:/opt/ros/humble /usr/bin/cmake --install /home/nikhil/Work/ROS/control_ws/build/diffdrive_arduino
[2.872s] -- Install configuration: ""
[2.872s] -- Installing: /home/nikhil/Work/ROS/control_ws/install/diffdrive_arduino/share/diffdrive_arduino/diffdrive_arduino.xml
[2.872s] -- Installing: /home/nikhil/Work/ROS/control_ws/install/diffdrive_arduino/include/diffdrive_arduino
[2.873s] -- Installing: /home/nikhil/Work/ROS/control_ws/install/diffdrive_arduino/include/diffdrive_arduino/diffdrive_arduino
[2.873s] -- Installing: /home/nikhil/Work/ROS/control_ws/install/diffdrive_arduino/include/diffdrive_arduino/diffdrive_arduino/diffbot_system.hpp
[2.873s] -- Installing: /home/nikhil/Work/ROS/control_ws/install/diffdrive_arduino/include/diffdrive_arduino/diffdrive_arduino/wheel.hpp
[2.873s] -- Installing: /home/nikhil/Work/ROS/control_ws/install/diffdrive_arduino/include/diffdrive_arduino/diffdrive_arduino/visibility_control.h
[2.873s] -- Installing: /home/nikhil/Work/ROS/control_ws/install/diffdrive_arduino/include/diffdrive_arduino/diffdrive_arduino/arduino_comms.hpp
[2.873s] -- Installing: /home/nikhil/Work/ROS/control_ws/install/diffdrive_arduino/share/diffdrive_arduino/launch
[2.873s] -- Installing: /home/nikhil/Work/ROS/control_ws/install/diffdrive_arduino/share/diffdrive_arduino/launch/view_robot.launch.py
[2.873s] -- Installing: /home/nikhil/Work/ROS/control_ws/install/diffdrive_arduino/share/diffdrive_arduino/ros2_control
[2.873s] -- Installing: /home/nikhil/Work/ROS/control_ws/install/diffdrive_arduino/share/diffdrive_arduino/ros2_control/diffbot.ros2_control.xacro
[2.873s] -- Installing: /home/nikhil/Work/ROS/control_ws/install/diffdrive_arduino/share/diffdrive_arduino/urdf
[2.873s] -- Installing: /home/nikhil/Work/ROS/control_ws/install/diffdrive_arduino/share/diffdrive_arduino/urdf/diffbot.urdf.xacro
[2.874s] -- Installing: /home/nikhil/Work/ROS/control_ws/install/diffdrive_arduino/share/diffdrive_arduino/urdf/diffbot_description.urdf.xacro
[2.874s] -- Installing: /home/nikhil/Work/ROS/control_ws/install/diffdrive_arduino/share/diffdrive_arduino/urdf/diffbot.materials.xacro
[2.874s] -- Installing: /home/nikhil/Work/ROS/control_ws/install/diffdrive_arduino/share/diffdrive_arduino/rviz
[2.874s] -- Installing: /home/nikhil/Work/ROS/control_ws/install/diffdrive_arduino/share/diffdrive_arduino/rviz/diffbot.rviz
[2.874s] -- Installing: /home/nikhil/Work/ROS/control_ws/install/diffdrive_arduino/share/diffdrive_arduino/rviz/diffbot_view.rviz
[2.874s] -- Up-to-date: /home/nikhil/Work/ROS/control_ws/install/diffdrive_arduino/share/diffdrive_arduino/launch
[2.874s] -- Installing: /home/nikhil/Work/ROS/control_ws/install/diffdrive_arduino/share/diffdrive_arduino/launch/diffbot.launch.py
[2.874s] -- Installing: /home/nikhil/Work/ROS/control_ws/install/diffdrive_arduino/share/diffdrive_arduino/config
[2.874s] -- Installing: /home/nikhil/Work/ROS/control_ws/install/diffdrive_arduino/share/diffdrive_arduino/config/diffbot_controllers.yaml
[2.874s] -- Installing: /home/nikhil/Work/ROS/control_ws/install/diffdrive_arduino/lib/libdiffdrive_arduino.so
[2.875s] -- Set runtime path of "/home/nikhil/Work/ROS/control_ws/install/diffdrive_arduino/lib/libdiffdrive_arduino.so" to ""
[2.875s] -- Installing: /home/nikhil/Work/ROS/control_ws/install/diffdrive_arduino/share/diffdrive_arduino/environment/library_path.sh
[2.875s] -- Installing: /home/nikhil/Work/ROS/control_ws/install/diffdrive_arduino/share/diffdrive_arduino/environment/library_path.dsv
[2.875s] -- Installing: /home/nikhil/Work/ROS/control_ws/install/diffdrive_arduino/share/ament_index/resource_index/package_run_dependencies/diffdrive_arduino
[2.875s] -- Installing: /home/nikhil/Work/ROS/control_ws/install/diffdrive_arduino/share/ament_index/resource_index/parent_prefix_path/diffdrive_arduino
[2.875s] -- Installing: /home/nikhil/Work/ROS/control_ws/install/diffdrive_arduino/share/diffdrive_arduino/environment/ament_prefix_path.sh
[2.875s] -- Installing: /home/nikhil/Work/ROS/control_ws/install/diffdrive_arduino/share/diffdrive_arduino/environment/ament_prefix_path.dsv
[2.875s] -- Installing: /home/nikhil/Work/ROS/control_ws/install/diffdrive_arduino/share/diffdrive_arduino/environment/path.sh
[2.875s] -- Installing: /home/nikhil/Work/ROS/control_ws/install/diffdrive_arduino/share/diffdrive_arduino/environment/path.dsv
[2.876s] -- Installing: /home/nikhil/Work/ROS/control_ws/install/diffdrive_arduino/share/diffdrive_arduino/local_setup.bash
[2.876s] -- Installing: /home/nikhil/Work/ROS/control_ws/install/diffdrive_arduino/share/diffdrive_arduino/local_setup.sh
[2.876s] -- Installing: /home/nikhil/Work/ROS/control_ws/install/diffdrive_arduino/share/diffdrive_arduino/local_setup.zsh
[2.876s] -- Installing: /home/nikhil/Work/ROS/control_ws/install/diffdrive_arduino/share/diffdrive_arduino/local_setup.dsv
[2.876s] -- Installing: /home/nikhil/Work/ROS/control_ws/install/diffdrive_arduino/share/diffdrive_arduino/package.dsv
[2.876s] -- Installing: /home/nikhil/Work/ROS/control_ws/install/diffdrive_arduino/share/ament_index/resource_index/packages/diffdrive_arduino
[2.876s] -- Installing: /home/nikhil/Work/ROS/control_ws/install/diffdrive_arduino/share/ament_index/resource_index/hardware_interface__pluginlib__plugin/diffdrive_arduino
[2.876s] -- Installing: /home/nikhil/Work/ROS/control_ws/install/diffdrive_arduino/share/diffdrive_arduino/cmake/export_diffdrive_arduinoExport.cmake
[2.876s] -- Installing: /home/nikhil/Work/ROS/control_ws/install/diffdrive_arduino/share/diffdrive_arduino/cmake/export_diffdrive_arduinoExport-noconfig.cmake
[2.876s] -- Installing: /home/nikhil/Work/ROS/control_ws/install/diffdrive_arduino/share/diffdrive_arduino/cmake/ament_cmake_export_targets-extras.cmake
[2.876s] -- Installing: /home/nikhil/Work/ROS/control_ws/install/diffdrive_arduino/share/diffdrive_arduino/cmake/ament_cmake_export_dependencies-extras.cmake
[2.877s] -- Installing: /home/nikhil/Work/ROS/control_ws/install/diffdrive_arduino/share/diffdrive_arduino/cmake/diffdrive_arduinoConfig.cmake
[2.877s] -- Installing: /home/nikhil/Work/ROS/control_ws/install/diffdrive_arduino/share/diffdrive_arduino/cmake/diffdrive_arduinoConfig-version.cmake
[2.877s] -- Installing: /home/nikhil/Work/ROS/control_ws/install/diffdrive_arduino/share/diffdrive_arduino/package.xml
[2.878s] Invoked command in '/home/nikhil/Work/ROS/control_ws/build/diffdrive_arduino' returned '0': CMAKE_PREFIX_PATH=${CMAKE_PREFIX_PATH}:/home/nikhil/Work/ROS/ros2_ws/install/py_pkg:/opt/ros/humble /usr/bin/cmake --install /home/nikhil/Work/ROS/control_ws/build/diffdrive_arduino
