[0.170s] Invoking command in '/home/nikhil/Work/ROS/build/turtlebot3_gazebo': CMAKE_PREFIX_PATH=${CMAKE_PREFIX_PATH}:/home/nikhil/Work/ROS/ros2_ws/install/py_pkg:/opt/ros/humble /usr/bin/cmake /home/nikhil/Work/ROS/turtlebot3_ws/src/turtlebot3_gazebo -DCMAKE_INSTALL_PREFIX=/home/nikhil/Work/ROS/install/turtlebot3_gazebo
[0.215s] -- The C compiler identification is GNU 11.4.0
[0.258s] -- The CXX compiler identification is GNU 11.4.0
[0.263s] -- Detecting C compiler ABI info
[0.310s] -- Detecting C compiler ABI info - done
[0.318s] -- Check for working C compiler: /usr/bin/cc - skipped
[0.318s] -- Detecting C compile features
[0.318s] -- Detecting C compile features - done
[0.321s] -- Detecting CXX compiler ABI info
[0.394s] -- Detecting CXX compiler ABI info - done
[0.402s] -- Check for working CXX compiler: /usr/bin/c++ - skipped
[0.403s] -- Detecting CXX compile features
[0.403s] -- Detecting CXX compile features - done
[0.407s] -- Found ament_cmake: 1.3.11 (/opt/ros/humble/share/ament_cmake/cmake)
[0.533s] -- Found Python3: /usr/bin/python3 (found version "3.10.12") found components: Interpreter 
[0.602s] [33mCMake Warning (dev) at /usr/share/cmake-3.22/Modules/FindPackageHandleStandardArgs.cmake:438 (message):
[0.602s]   The package name passed to `find_package_handle_standard_args` (PkgConfig)
[0.602s]   does not match the name of the calling package (gazebo).  This can lead to
[0.602s]   problems in calling code that expects `find_package` result variables
[0.602s]   (e.g., `_FOUND`) to follow a certain pattern.
[0.603s] Call Stack (most recent call first):
[0.603s]   /usr/share/cmake-3.22/Modules/FindPkgConfig.cmake:99 (find_package_handle_standard_args)
[0.603s]   /usr/lib/x86_64-linux-gnu/cmake/gazebo/gazebo-config.cmake:72 (include)
[0.603s]   CMakeLists.txt:23 (find_package)
[0.603s] This warning is for project developers.  Use -Wno-dev to suppress it.
[0.603s] [0m
[0.603s] -- Found PkgConfig: /usr/bin/pkg-config (found version "0.29.2") 
[0.607s] -- Checking for module 'bullet>=2.82'
[0.618s] --   Found bullet, version 3.05
[0.697s] -- Found fcl: /usr/include (found suitable version "0.7.0", minimum required is "0.5.0") 
[0.737s] -- Found assimp: /usr/include (found version "5.2.0") 
[0.750s] -- Found DART: /usr/include (Required is at least version "6.6") found components: dart 
[0.876s] -- Found Boost: /usr/lib/x86_64-linux-gnu/cmake/Boost-1.74.0/BoostConfig.cmake (found suitable version "1.74.0", minimum required is "1.40.0") found components: thread system filesystem program_options regex iostreams date_time 
[0.888s] -- Found Protobuf: /usr/lib/x86_64-linux-gnu/libprotobuf.so (found version "3.12.4") 
[0.893s] -- Looking for ignition-math6 -- found version 6.15.1
[0.897s] -- Searching for dependencies of ignition-math6
[0.897s] -- Looking for OGRE...
[0.898s] -- OGRE_PREFIX_WATCH changed.
[0.902s] -- Checking for module 'OGRE'
[0.912s] --   Found OGRE, version 1.9.0
[0.935s] -- Found Ogre Ghadamon (1.9.0)
[0.945s] -- Found OGRE: optimized;/usr/lib/x86_64-linux-gnu/libOgreMain.so;debug;/usr/lib/x86_64-linux-gnu/libOgreMain.so
[0.951s] -- Looking for OGRE_Paging...
[0.955s] -- Found OGRE_Paging: optimized;/usr/lib/x86_64-linux-gnu/libOgrePaging.so;debug;/usr/lib/x86_64-linux-gnu/libOgrePaging.so
[0.955s] -- Looking for OGRE_Terrain...
[0.959s] -- Found OGRE_Terrain: optimized;/usr/lib/x86_64-linux-gnu/libOgreTerrain.so;debug;/usr/lib/x86_64-linux-gnu/libOgreTerrain.so
[0.959s] -- Looking for OGRE_Property...
[0.962s] -- Found OGRE_Property: optimized;/usr/lib/x86_64-linux-gnu/libOgreProperty.so;debug;/usr/lib/x86_64-linux-gnu/libOgreProperty.so
[0.962s] -- Looking for OGRE_RTShaderSystem...
[0.965s] -- Found OGRE_RTShaderSystem: optimized;/usr/lib/x86_64-linux-gnu/libOgreRTShaderSystem.so;debug;/usr/lib/x86_64-linux-gnu/libOgreRTShaderSystem.so
[0.965s] -- Looking for OGRE_Volume...
[0.969s] -- Found OGRE_Volume: optimized;/usr/lib/x86_64-linux-gnu/libOgreVolume.so;debug;/usr/lib/x86_64-linux-gnu/libOgreVolume.so
[0.969s] -- Looking for OGRE_Overlay...
[0.973s] -- Found OGRE_Overlay: optimized;/usr/lib/x86_64-linux-gnu/libOgreOverlay.so;debug;/usr/lib/x86_64-linux-gnu/libOgreOverlay.so
[1.049s] -- Looking for ignition-math6 -- found version 6.15.1
[1.051s] -- Looking for ignition-transport8 -- found version 8.2.1
[1.051s] -- Searching for dependencies of ignition-transport8
[1.063s] -- Found Protobuf: /usr/lib/x86_64-linux-gnu/libprotobuf.so (found suitable version "3.12.4", minimum required is "3") 
[1.075s] -- Config-file not installed for ZeroMQ -- checking for pkg-config
[1.079s] -- Checking for module 'libzmq >= 4'
[1.089s] --   Found libzmq , version 4.3.4
[1.119s] -- Found ZeroMQ: TRUE (Required is at least version "4") 
[1.125s] -- Checking for module 'uuid'
[1.136s] --   Found uuid, version 2.37.2
[1.164s] -- Found UUID: TRUE  
[1.167s] -- Looking for ignition-msgs5 -- found version 5.8.1
[1.167s] -- Searching for dependencies of ignition-msgs5
[1.187s] -- Looking for ignition-math6 -- found version 6.15.1
[1.192s] -- Checking for module 'tinyxml2'
[1.204s] --   Found tinyxml2, version 9.0.0
[1.233s] -- Looking for ignition-msgs5 -- found version 5.8.1
[1.236s] -- Looking for ignition-common3 -- found version 3.14.0
[1.236s] -- Searching for dependencies of ignition-common3
[1.237s] -- Looking for dlfcn.h - found
[1.238s] -- Looking for libdl - found
[1.239s] -- Found DL: TRUE  
[1.250s] -- Found tinyobjloader: /usr/lib/x86_64-linux-gnu/cmake/tinyobjloader/tinyobjloader-config.cmake (found version "2.0.0") 
[1.250s] -- Searching for <ignition-common3> component [graphics]
[1.253s] -- Looking for ignition-common3-graphics -- found version 3.14.0
[1.254s] -- Searching for dependencies of ignition-common3-graphics
[1.254s] -- Looking for ignition-math6 -- found version 6.15.1
[1.258s] -- Looking for ignition-fuel_tools4 -- found version 4.4.0
[1.258s] -- Searching for dependencies of ignition-fuel_tools4
[1.324s] -- Found CURL: /usr/lib/x86_64-linux-gnu/libcurl.so (found version "7.81.0")  
[1.331s] -- Checking for module 'jsoncpp'
[1.342s] --   Found jsoncpp, version 1.9.5
[1.374s] -- Found JSONCPP: TRUE  
[1.381s] -- Checking for module 'libzip'
[1.395s] --   Found libzip, version 1.7.3
[1.424s] -- Found ZIP: TRUE  
[1.424s] -- Looking for ignition-common3 -- found version 3.14.0
[1.424s] -- Looking for ignition-math6 -- found version 6.15.1
[1.425s] -- Looking for ignition-msgs5 -- found version 5.8.1
[1.430s] -- Found gazebo_ros_pkgs: 3.7.0 (/opt/ros/humble/share/gazebo_ros_pkgs/cmake)
[1.431s] -- Found geometry_msgs: 4.2.4 (/opt/ros/humble/share/geometry_msgs/cmake)
[1.454s] -- Found rosidl_generator_c: 3.1.6 (/opt/ros/humble/share/rosidl_generator_c/cmake)
[1.457s] -- Found rosidl_adapter: 3.1.6 (/opt/ros/humble/share/rosidl_adapter/cmake)
[1.463s] -- Found rosidl_generator_cpp: 3.1.6 (/opt/ros/humble/share/rosidl_generator_cpp/cmake)
[1.472s] -- Using all available rosidl_typesupport_c: rosidl_typesupport_fastrtps_c;rosidl_typesupport_introspection_c
[1.484s] -- Using all available rosidl_typesupport_cpp: rosidl_typesupport_fastrtps_cpp;rosidl_typesupport_introspection_cpp
[1.512s] -- Found nav_msgs: 4.2.4 (/opt/ros/humble/share/nav_msgs/cmake)
[1.525s] -- Found rclcpp: 16.0.11 (/opt/ros/humble/share/rclcpp/cmake)
[1.553s] -- Found rmw_implementation_cmake: 6.1.2 (/opt/ros/humble/share/rmw_implementation_cmake/cmake)
[1.556s] -- Found rmw_cyclonedds_cpp: 1.3.4 (/opt/ros/humble/share/rmw_cyclonedds_cpp/cmake)
[1.573s] -- Using RMW implementation 'rmw_cyclonedds_cpp' as default
[1.580s] -- Found Threads: TRUE  
[1.607s] -- Found sensor_msgs: 4.2.4 (/opt/ros/humble/share/sensor_msgs/cmake)
[1.621s] -- Found tf2: 0.25.11 (/opt/ros/humble/share/tf2/cmake)
[1.689s] -- Configuring done
[1.727s] -- Generating done
[1.737s] -- Build files have been written to: /home/nikhil/Work/ROS/build/turtlebot3_gazebo
[1.754s] Invoked command in '/home/nikhil/Work/ROS/build/turtlebot3_gazebo' returned '0': CMAKE_PREFIX_PATH=${CMAKE_PREFIX_PATH}:/home/nikhil/Work/ROS/ros2_ws/install/py_pkg:/opt/ros/humble /usr/bin/cmake /home/nikhil/Work/ROS/turtlebot3_ws/src/turtlebot3_gazebo -DCMAKE_INSTALL_PREFIX=/home/nikhil/Work/ROS/install/turtlebot3_gazebo
[1.759s] Invoking command in '/home/nikhil/Work/ROS/build/turtlebot3_gazebo': CMAKE_PREFIX_PATH=${CMAKE_PREFIX_PATH}:/home/nikhil/Work/ROS/ros2_ws/install/py_pkg:/opt/ros/humble /usr/bin/cmake --build /home/nikhil/Work/ROS/build/turtlebot3_gazebo -- -j20 -l20
[1.844s] [ 12%] [32mBuilding CXX object CMakeFiles/obstacle1.dir/models/turtlebot3_dqn_world/obstacle_plugin/obstacle1.cc.o[0m
[1.844s] [ 25%] [32mBuilding CXX object CMakeFiles/turtlebot3_drive.dir/src/turtlebot3_drive.cpp.o[0m
[1.862s] [ 37%] [32mBuilding CXX object CMakeFiles/obstacle2.dir/models/turtlebot3_dqn_world/obstacle_plugin/obstacle2.cc.o[0m
[1.863s] [ 50%] [32mBuilding CXX object CMakeFiles/obstacles.dir/models/turtlebot3_dqn_world/obstacle_plugin/obstacles.cc.o[0m
[12.363s] [ 62%] [32m[1mLinking CXX shared library libobstacle1.so[0m
[12.467s] [ 75%] [32m[1mLinking CXX executable turtlebot3_drive[0m
[12.606s] [ 75%] Built target obstacle1
[12.835s] [ 87%] [32m[1mLinking CXX shared library libobstacle2.so[0m
[12.890s] [100%] [32m[1mLinking CXX shared library libobstacles.so[0m
[12.900s] [100%] Built target turtlebot3_drive
[13.000s] [100%] Built target obstacle2
[13.039s] [100%] Built target obstacles
[13.049s] Invoked command in '/home/nikhil/Work/ROS/build/turtlebot3_gazebo' returned '0': CMAKE_PREFIX_PATH=${CMAKE_PREFIX_PATH}:/home/nikhil/Work/ROS/ros2_ws/install/py_pkg:/opt/ros/humble /usr/bin/cmake --build /home/nikhil/Work/ROS/build/turtlebot3_gazebo -- -j20 -l20
[13.050s] Invoking command in '/home/nikhil/Work/ROS/build/turtlebot3_gazebo': CMAKE_PREFIX_PATH=${CMAKE_PREFIX_PATH}:/home/nikhil/Work/ROS/ros2_ws/install/py_pkg:/opt/ros/humble /usr/bin/cmake --install /home/nikhil/Work/ROS/build/turtlebot3_gazebo
[13.055s] -- Install configuration: ""
[13.055s] -- Installing: /home/nikhil/Work/ROS/install/turtlebot3_gazebo/lib/turtlebot3_gazebo/turtlebot3_drive
[13.058s] -- Set runtime path of "/home/nikhil/Work/ROS/install/turtlebot3_gazebo/lib/turtlebot3_gazebo/turtlebot3_drive" to ""
[13.058s] -- Installing: /home/nikhil/Work/ROS/install/turtlebot3_gazebo/share/turtlebot3_gazebo//launch
[13.058s] -- Installing: /home/nikhil/Work/ROS/install/turtlebot3_gazebo/share/turtlebot3_gazebo//launch/empty_world.launch.py
[13.058s] -- Installing: /home/nikhil/Work/ROS/install/turtlebot3_gazebo/share/turtlebot3_gazebo//launch/turtlebot3_world.launch.py
[13.058s] -- Installing: /home/nikhil/Work/ROS/install/turtlebot3_gazebo/share/turtlebot3_gazebo//launch/turtlebot3_dqn_stage1.launch.py
[13.058s] -- Installing: /home/nikhil/Work/ROS/install/turtlebot3_gazebo/share/turtlebot3_gazebo//launch/turtlebot3_dqn_stage4.launch.py
[13.058s] -- Installing: /home/nikhil/Work/ROS/install/turtlebot3_gazebo/share/turtlebot3_gazebo//launch/turtlebot3_dqn_stage3.launch.py
[13.058s] -- Installing: /home/nikhil/Work/ROS/install/turtlebot3_gazebo/share/turtlebot3_gazebo//launch/turtlebot3_dqn_stage2.launch.py
[13.058s] -- Installing: /home/nikhil/Work/ROS/install/turtlebot3_gazebo/share/turtlebot3_gazebo//launch/spawn_turtlebot3.launch.py
[13.058s] -- Installing: /home/nikhil/Work/ROS/install/turtlebot3_gazebo/share/turtlebot3_gazebo//launch/turtlebot3_house.launch.py
[13.059s] -- Installing: /home/nikhil/Work/ROS/install/turtlebot3_gazebo/share/turtlebot3_gazebo//launch/turtlebot3_maze.launch.py
[13.059s] -- Installing: /home/nikhil/Work/ROS/install/turtlebot3_gazebo/share/turtlebot3_gazebo//launch/robot_state_publisher.launch.py
[13.059s] -- Installing: /home/nikhil/Work/ROS/install/turtlebot3_gazebo/share/turtlebot3_gazebo//launch/turtlebot3_my_world.launch.py
[13.059s] -- Installing: /home/nikhil/Work/ROS/install/turtlebot3_gazebo/share/turtlebot3_gazebo//models
[13.059s] -- Installing: /home/nikhil/Work/ROS/install/turtlebot3_gazebo/share/turtlebot3_gazebo//models/turtlebot3_dqn_world
[13.059s] -- Installing: /home/nikhil/Work/ROS/install/turtlebot3_gazebo/share/turtlebot3_gazebo//models/turtlebot3_dqn_world/obstacle2
[13.059s] -- Installing: /home/nikhil/Work/ROS/install/turtlebot3_gazebo/share/turtlebot3_gazebo//models/turtlebot3_dqn_world/obstacle2/model.config
[13.059s] -- Installing: /home/nikhil/Work/ROS/install/turtlebot3_gazebo/share/turtlebot3_gazebo//models/turtlebot3_dqn_world/obstacle2/model.sdf
[13.059s] -- Installing: /home/nikhil/Work/ROS/install/turtlebot3_gazebo/share/turtlebot3_gazebo//models/turtlebot3_dqn_world/model.config
[13.059s] -- Installing: /home/nikhil/Work/ROS/install/turtlebot3_gazebo/share/turtlebot3_gazebo//models/turtlebot3_dqn_world/model.sdf
[13.059s] -- Installing: /home/nikhil/Work/ROS/install/turtlebot3_gazebo/share/turtlebot3_gazebo//models/turtlebot3_dqn_world/obstacle_plugin
[13.059s] -- Installing: /home/nikhil/Work/ROS/install/turtlebot3_gazebo/share/turtlebot3_gazebo//models/turtlebot3_dqn_world/obstacle_plugin/obstacle1.cc
[13.059s] -- Installing: /home/nikhil/Work/ROS/install/turtlebot3_gazebo/share/turtlebot3_gazebo//models/turtlebot3_dqn_world/obstacle_plugin/obstacles.cc
[13.060s] -- Installing: /home/nikhil/Work/ROS/install/turtlebot3_gazebo/share/turtlebot3_gazebo//models/turtlebot3_dqn_world/obstacle_plugin/obstacle2.cc
[13.060s] -- Installing: /home/nikhil/Work/ROS/install/turtlebot3_gazebo/share/turtlebot3_gazebo//models/turtlebot3_dqn_world/obstacle_plugin/CMakeLists.txt
[13.060s] -- Installing: /home/nikhil/Work/ROS/install/turtlebot3_gazebo/share/turtlebot3_gazebo//models/turtlebot3_dqn_world/obstacle1
[13.060s] -- Installing: /home/nikhil/Work/ROS/install/turtlebot3_gazebo/share/turtlebot3_gazebo//models/turtlebot3_dqn_world/obstacle1/model.config
[13.060s] -- Installing: /home/nikhil/Work/ROS/install/turtlebot3_gazebo/share/turtlebot3_gazebo//models/turtlebot3_dqn_world/obstacle1/model.sdf
[13.060s] -- Installing: /home/nikhil/Work/ROS/install/turtlebot3_gazebo/share/turtlebot3_gazebo//models/turtlebot3_dqn_world/obstacles
[13.060s] -- Installing: /home/nikhil/Work/ROS/install/turtlebot3_gazebo/share/turtlebot3_gazebo//models/turtlebot3_dqn_world/obstacles/model.config
[13.060s] -- Installing: /home/nikhil/Work/ROS/install/turtlebot3_gazebo/share/turtlebot3_gazebo//models/turtlebot3_dqn_world/obstacles/model.sdf
[13.060s] -- Installing: /home/nikhil/Work/ROS/install/turtlebot3_gazebo/share/turtlebot3_gazebo//models/turtlebot3_dqn_world/inner_walls
[13.060s] -- Installing: /home/nikhil/Work/ROS/install/turtlebot3_gazebo/share/turtlebot3_gazebo//models/turtlebot3_dqn_world/inner_walls/model.config
[13.060s] -- Installing: /home/nikhil/Work/ROS/install/turtlebot3_gazebo/share/turtlebot3_gazebo//models/turtlebot3_dqn_world/inner_walls/model.sdf
[13.060s] -- Installing: /home/nikhil/Work/ROS/install/turtlebot3_gazebo/share/turtlebot3_gazebo//models/turtlebot3_dqn_world/goal_box
[13.060s] -- Installing: /home/nikhil/Work/ROS/install/turtlebot3_gazebo/share/turtlebot3_gazebo//models/turtlebot3_dqn_world/goal_box/model.config
[13.060s] -- Installing: /home/nikhil/Work/ROS/install/turtlebot3_gazebo/share/turtlebot3_gazebo//models/turtlebot3_dqn_world/goal_box/model.sdf
[13.061s] -- Installing: /home/nikhil/Work/ROS/install/turtlebot3_gazebo/share/turtlebot3_gazebo//models/turtlebot3_world
[13.061s] -- Installing: /home/nikhil/Work/ROS/install/turtlebot3_gazebo/share/turtlebot3_gazebo//models/turtlebot3_world/model-1_4.sdf
[13.061s] -- Installing: /home/nikhil/Work/ROS/install/turtlebot3_gazebo/share/turtlebot3_gazebo//models/turtlebot3_world/model.config
[13.061s] -- Installing: /home/nikhil/Work/ROS/install/turtlebot3_gazebo/share/turtlebot3_gazebo//models/turtlebot3_world/model.sdf
[13.061s] -- Installing: /home/nikhil/Work/ROS/install/turtlebot3_gazebo/share/turtlebot3_gazebo//models/turtlebot3_world/meshes
[13.061s] -- Installing: /home/nikhil/Work/ROS/install/turtlebot3_gazebo/share/turtlebot3_gazebo//models/turtlebot3_world/meshes/hexagon.dae
[13.061s] -- Installing: /home/nikhil/Work/ROS/install/turtlebot3_gazebo/share/turtlebot3_gazebo//models/turtlebot3_world/meshes/wall.dae
[13.061s] -- Installing: /home/nikhil/Work/ROS/install/turtlebot3_gazebo/share/turtlebot3_gazebo//models/turtlebot3_waffle
[13.061s] -- Installing: /home/nikhil/Work/ROS/install/turtlebot3_gazebo/share/turtlebot3_gazebo//models/turtlebot3_waffle/model-1_4.sdf
[13.061s] -- Installing: /home/nikhil/Work/ROS/install/turtlebot3_gazebo/share/turtlebot3_gazebo//models/turtlebot3_waffle/model.config
[13.061s] -- Installing: /home/nikhil/Work/ROS/install/turtlebot3_gazebo/share/turtlebot3_gazebo//models/turtlebot3_waffle/model.sdf
[13.061s] -- Installing: /home/nikhil/Work/ROS/install/turtlebot3_gazebo/share/turtlebot3_gazebo//models/turtlebot3_house
[13.061s] -- Installing: /home/nikhil/Work/ROS/install/turtlebot3_gazebo/share/turtlebot3_gazebo//models/turtlebot3_house/model.config
[13.062s] -- Installing: /home/nikhil/Work/ROS/install/turtlebot3_gazebo/share/turtlebot3_gazebo//models/turtlebot3_house/model.sdf
[13.062s] -- Installing: /home/nikhil/Work/ROS/install/turtlebot3_gazebo/share/turtlebot3_gazebo//models/turtlebot3_burger
[13.062s] -- Installing: /home/nikhil/Work/ROS/install/turtlebot3_gazebo/share/turtlebot3_gazebo//models/turtlebot3_burger/model-1_4.sdf
[13.062s] -- Installing: /home/nikhil/Work/ROS/install/turtlebot3_gazebo/share/turtlebot3_gazebo//models/turtlebot3_burger/model.config
[13.062s] -- Installing: /home/nikhil/Work/ROS/install/turtlebot3_gazebo/share/turtlebot3_gazebo//models/turtlebot3_burger/model.sdf
[13.062s] -- Installing: /home/nikhil/Work/ROS/install/turtlebot3_gazebo/share/turtlebot3_gazebo//models/turtlebot3_waffle_pi
[13.062s] -- Installing: /home/nikhil/Work/ROS/install/turtlebot3_gazebo/share/turtlebot3_gazebo//models/turtlebot3_waffle_pi/model.config
[13.062s] -- Installing: /home/nikhil/Work/ROS/install/turtlebot3_gazebo/share/turtlebot3_gazebo//models/turtlebot3_waffle_pi/model.sdf
[13.063s] -- Installing: /home/nikhil/Work/ROS/install/turtlebot3_gazebo/share/turtlebot3_gazebo//models/turtlebot3_waffle_pi/model-1_4_.sdf
[13.063s] -- Installing: /home/nikhil/Work/ROS/install/turtlebot3_gazebo/share/turtlebot3_gazebo//models/turtlebot3_common
[13.063s] -- Installing: /home/nikhil/Work/ROS/install/turtlebot3_gazebo/share/turtlebot3_gazebo//models/turtlebot3_common/model.config
[13.063s] -- Installing: /home/nikhil/Work/ROS/install/turtlebot3_gazebo/share/turtlebot3_gazebo//models/turtlebot3_common/meshes
[13.063s] -- Installing: /home/nikhil/Work/ROS/install/turtlebot3_gazebo/share/turtlebot3_gazebo//models/turtlebot3_common/meshes/r200.dae
[13.063s] -- Installing: /home/nikhil/Work/ROS/install/turtlebot3_gazebo/share/turtlebot3_gazebo//models/turtlebot3_common/meshes/lds.dae
[13.064s] -- Installing: /home/nikhil/Work/ROS/install/turtlebot3_gazebo/share/turtlebot3_gazebo//models/turtlebot3_common/meshes/waffle_base.dae
[13.064s] -- Installing: /home/nikhil/Work/ROS/install/turtlebot3_gazebo/share/turtlebot3_gazebo//models/turtlebot3_common/meshes/burger_base.dae
[13.064s] -- Installing: /home/nikhil/Work/ROS/install/turtlebot3_gazebo/share/turtlebot3_gazebo//models/turtlebot3_common/meshes/waffle_pi_base.dae
[13.064s] -- Installing: /home/nikhil/Work/ROS/install/turtlebot3_gazebo/share/turtlebot3_gazebo//models/turtlebot3_common/meshes/tire.dae
[13.064s] -- Installing: /home/nikhil/Work/ROS/install/turtlebot3_gazebo/share/turtlebot3_gazebo//rviz
[13.064s] -- Installing: /home/nikhil/Work/ROS/install/turtlebot3_gazebo/share/turtlebot3_gazebo//rviz/tb3_gazebo.rviz
[13.065s] -- Installing: /home/nikhil/Work/ROS/install/turtlebot3_gazebo/share/turtlebot3_gazebo//urdf
[13.065s] -- Installing: /home/nikhil/Work/ROS/install/turtlebot3_gazebo/share/turtlebot3_gazebo//urdf/turtlebot3_waffle.urdf
[13.065s] -- Installing: /home/nikhil/Work/ROS/install/turtlebot3_gazebo/share/turtlebot3_gazebo//urdf/common_properties.urdf
[13.065s] -- Installing: /home/nikhil/Work/ROS/install/turtlebot3_gazebo/share/turtlebot3_gazebo//urdf/turtlebot3_burger.urdf
[13.065s] -- Installing: /home/nikhil/Work/ROS/install/turtlebot3_gazebo/share/turtlebot3_gazebo//urdf/turtlebot3_waffle_pi.urdf
[13.065s] -- Installing: /home/nikhil/Work/ROS/install/turtlebot3_gazebo/share/turtlebot3_gazebo//worlds
[13.065s] -- Installing: /home/nikhil/Work/ROS/install/turtlebot3_gazebo/share/turtlebot3_gazebo//worlds/turtlebot3_dqn_stage2.world
[13.065s] -- Installing: /home/nikhil/Work/ROS/install/turtlebot3_gazebo/share/turtlebot3_gazebo//worlds/turtlebot3_dqn_stage4.world
[13.065s] -- Installing: /home/nikhil/Work/ROS/install/turtlebot3_gazebo/share/turtlebot3_gazebo//worlds/myWorld2.world
[13.066s] -- Installing: /home/nikhil/Work/ROS/install/turtlebot3_gazebo/share/turtlebot3_gazebo//worlds/turtlebot3_dqn_stage3.world
[13.066s] -- Installing: /home/nikhil/Work/ROS/install/turtlebot3_gazebo/share/turtlebot3_gazebo//worlds/empty_world.world
[13.066s] -- Installing: /home/nikhil/Work/ROS/install/turtlebot3_gazebo/share/turtlebot3_gazebo//worlds/turtlebot3_world.world
[13.066s] -- Installing: /home/nikhil/Work/ROS/install/turtlebot3_gazebo/share/turtlebot3_gazebo//worlds/turtlebot3_house.world
[13.066s] -- Installing: /home/nikhil/Work/ROS/install/turtlebot3_gazebo/share/turtlebot3_gazebo//worlds/turtlebot3_dqn_stage1.world
[13.066s] -- Installing: /home/nikhil/Work/ROS/install/turtlebot3_gazebo/share/turtlebot3_gazebo//worlds/myWorld.world
[13.066s] -- Installing: /home/nikhil/Work/ROS/install/turtlebot3_gazebo/share/turtlebot3_gazebo//worlds/maze.world
[13.067s] -- Installing: /home/nikhil/Work/ROS/install/turtlebot3_gazebo/include/
[13.067s] -- Installing: /home/nikhil/Work/ROS/install/turtlebot3_gazebo/include//turtlebot3_gazebo
[13.067s] -- Installing: /home/nikhil/Work/ROS/install/turtlebot3_gazebo/include//turtlebot3_gazebo/turtlebot3_drive.hpp
[13.067s] -- Installing: /home/nikhil/Work/ROS/install/turtlebot3_gazebo/share/ament_index/resource_index/package_run_dependencies/turtlebot3_gazebo
[13.067s] -- Installing: /home/nikhil/Work/ROS/install/turtlebot3_gazebo/share/ament_index/resource_index/parent_prefix_path/turtlebot3_gazebo
[13.067s] -- Installing: /home/nikhil/Work/ROS/install/turtlebot3_gazebo/share/turtlebot3_gazebo/environment/ament_prefix_path.sh
[13.067s] -- Installing: /home/nikhil/Work/ROS/install/turtlebot3_gazebo/share/turtlebot3_gazebo/environment/ament_prefix_path.dsv
[13.067s] -- Installing: /home/nikhil/Work/ROS/install/turtlebot3_gazebo/share/turtlebot3_gazebo/environment/path.sh
[13.067s] -- Installing: /home/nikhil/Work/ROS/install/turtlebot3_gazebo/share/turtlebot3_gazebo/environment/path.dsv
[13.067s] -- Installing: /home/nikhil/Work/ROS/install/turtlebot3_gazebo/share/turtlebot3_gazebo/local_setup.bash
[13.068s] -- Installing: /home/nikhil/Work/ROS/install/turtlebot3_gazebo/share/turtlebot3_gazebo/local_setup.sh
[13.068s] -- Installing: /home/nikhil/Work/ROS/install/turtlebot3_gazebo/share/turtlebot3_gazebo/local_setup.zsh
[13.068s] -- Installing: /home/nikhil/Work/ROS/install/turtlebot3_gazebo/share/turtlebot3_gazebo/local_setup.dsv
[13.068s] -- Installing: /home/nikhil/Work/ROS/install/turtlebot3_gazebo/share/turtlebot3_gazebo/package.dsv
[13.068s] -- Installing: /home/nikhil/Work/ROS/install/turtlebot3_gazebo/share/ament_index/resource_index/packages/turtlebot3_gazebo
[13.068s] -- Installing: /home/nikhil/Work/ROS/install/turtlebot3_gazebo/share/turtlebot3_gazebo/cmake/ament_cmake_export_include_directories-extras.cmake
[13.068s] -- Installing: /home/nikhil/Work/ROS/install/turtlebot3_gazebo/share/turtlebot3_gazebo/cmake/ament_cmake_export_dependencies-extras.cmake
[13.068s] -- Installing: /home/nikhil/Work/ROS/install/turtlebot3_gazebo/share/turtlebot3_gazebo/cmake/turtlebot3_gazeboConfig.cmake
[13.068s] -- Installing: /home/nikhil/Work/ROS/install/turtlebot3_gazebo/share/turtlebot3_gazebo/cmake/turtlebot3_gazeboConfig-version.cmake
[13.068s] -- Installing: /home/nikhil/Work/ROS/install/turtlebot3_gazebo/share/turtlebot3_gazebo/package.xml
[13.070s] Invoked command in '/home/nikhil/Work/ROS/build/turtlebot3_gazebo' returned '0': CMAKE_PREFIX_PATH=${CMAKE_PREFIX_PATH}:/home/nikhil/Work/ROS/ros2_ws/install/py_pkg:/opt/ros/humble /usr/bin/cmake --install /home/nikhil/Work/ROS/build/turtlebot3_gazebo
