[35m[1mConsolidate compiler generated dependencies of target battery_status[0m
[ 10%] [32mBuilding CXX object CMakeFiles/led_panel.dir/src/led_panel.cpp.o[0m
[ 30%] Built target number_publisher
[ 70%] Built target reset_counter_client
[ 70%] Built target number_counter
[ 80%] [32mBuilding CXX object CMakeFiles/battery_status.dir/src/battery_status.cpp.o[0m
[01m[K/home/nikhil/ROS/ros2_ws/src/course_activities/src/led_panel.cpp:[m[K In member function ‘[01m[Kvoid ledPanelNode::callbackSetLed(my_robot_interfaces::srv::SetLed_Request_<std::allocator<void> >::SharedPtr, my_robot_interfaces::srv::SetLed_Response_<std::allocator<void> >::SharedPtr)[m[K’:
[01m[K/home/nikhil/ROS/ros2_ws/src/course_activities/src/led_panel.cpp:26:59:[m[K [01;35m[Kwarning: [m[Ksuggest parentheses around ‘[01m[K-[m[K’ inside ‘[01m[K<<[m[K’ [[01;35m[K]8;;https://gcc.gnu.org/onlinedocs/gcc/Warning-Options.html#index-Wparentheses-Wparentheses]8;;[m[K]
   26 |                 status.led_state |= 1<<[01;35m[Krequest->led_number-1[m[K;
      |                                        [01;35m[K~~~~~~~~~~~~~~~~~~~^~[m[K
[01m[K/home/nikhil/ROS/ros2_ws/src/course_activities/src/led_panel.cpp:26:34:[m[K [01;31m[Kerror: [m[Kno match for ‘[01m[Koperator|=[m[K’ (operand types are ‘[01m[Kmy_robot_interfaces::msg::LedStatus_<std::allocator<void> >::_led_state_type[m[K’ {aka ‘[01m[Kstd::vector<signed char, std::allocator<signed char> >[m[K’} and ‘[01m[Kint[m[K’)
   26 |                 [01;31m[Kstatus.led_state |= 1<<request->led_number-1[m[K;
      |                 [01;31m[K~~~~~~~~~~~~~~~~~^~~~~~~~~~~~~~~~~~~~~~~~~~~[m[K
In file included from [01m[K/opt/ros/humble/include/rclcpp/rclcpp/executors.hpp:18[m[K,
                 from [01m[K/opt/ros/humble/include/rclcpp/rclcpp/rclcpp.hpp:155[m[K,
                 from [01m[K/home/nikhil/ROS/ros2_ws/src/course_activities/src/led_panel.cpp:1[m[K:
[01m[K/usr/include/c++/11/future:166:18:[m[K [01;36m[Knote: [m[Kcandidate: ‘[01m[Kstd::launch& std::operator|=(std::launch&, std::launch)[m[K’
  166 |   inline launch& [01;36m[Koperator[m[K|=(launch& __x, launch __y) noexcept
      |                  [01;36m[K^~~~~~~~[m[K
[01m[K/usr/include/c++/11/future:166:37:[m[K [01;36m[Knote: [m[K  no known conversion for argument 1 from ‘[01m[Kmy_robot_interfaces::msg::LedStatus_<std::allocator<void> >::_led_state_type[m[K’ {aka ‘[01m[Kstd::vector<signed char, std::allocator<signed char> >[m[K’} to ‘[01m[Kstd::launch&[m[K’
  166 |   inline launch& operator|=([01;36m[Klaunch& __x[m[K, launch __y) noexcept
      |                             [01;36m[K~~~~~~~~^~~[m[K
In file included from [01m[K/usr/include/c++/11/ios:42[m[K,
                 from [01m[K/usr/include/c++/11/ostream:38[m[K,
                 from [01m[K/usr/include/c++/11/iostream:39[m[K,
                 from [01m[K/opt/ros/humble/include/rclcpp/rclcpp/executor.hpp:22[m[K,
                 from [01m[K/opt/ros/humble/include/rclcpp/rclcpp/executors/multi_threaded_executor.hpp:25[m[K,
                 from [01m[K/opt/ros/humble/include/rclcpp/rclcpp/executors.hpp:21[m[K,
                 from [01m[K/opt/ros/humble/include/rclcpp/rclcpp/rclcpp.hpp:155[m[K,
                 from [01m[K/home/nikhil/ROS/ros2_ws/src/course_activities/src/led_panel.cpp:1[m[K:
[01m[K/usr/include/c++/11/bits/ios_base.h:99:3:[m[K [01;36m[Knote: [m[Kcandidate: ‘[01m[Kconst std::_Ios_Fmtflags& std::operator|=(std::_Ios_Fmtflags&, std::_Ios_Fmtflags)[m[K’
   99 |   [01;36m[Koperator[m[K|=(_Ios_Fmtflags& __a, _Ios_Fmtflags __b)
      |   [01;36m[K^~~~~~~~[m[K
[01m[K/usr/include/c++/11/bits/ios_base.h:99:29:[m[K [01;36m[Knote: [m[K  no known conversion for argument 1 from ‘[01m[Kmy_robot_interfaces::msg::LedStatus_<std::allocator<void> >::_led_state_type[m[K’ {aka ‘[01m[Kstd::vector<signed char, std::allocator<signed char> >[m[K’} to ‘[01m[Kstd::_Ios_Fmtflags&[m[K’
   99 |   operator|=([01;36m[K_Ios_Fmtflags& __a[m[K, _Ios_Fmtflags __b)
      |              [01;36m[K~~~~~~~~~~~~~~~^~~[m[K
[01m[K/usr/include/c++/11/bits/ios_base.h:141:3:[m[K [01;36m[Knote: [m[Kcandidate: ‘[01m[Kconst std::_Ios_Openmode& std::operator|=(std::_Ios_Openmode&, std::_Ios_Openmode)[m[K’
  141 |   [01;36m[Koperator[m[K|=(_Ios_Openmode& __a, _Ios_Openmode __b)
      |   [01;36m[K^~~~~~~~[m[K
[01m[K/usr/include/c++/11/bits/ios_base.h:141:29:[m[K [01;36m[Knote: [m[K  no known conversion for argument 1 from ‘[01m[Kmy_robot_interfaces::msg::LedStatus_<std::allocator<void> >::_led_state_type[m[K’ {aka ‘[01m[Kstd::vector<signed char, std::allocator<signed char> >[m[K’} to ‘[01m[Kstd::_Ios_Openmode&[m[K’
  141 |   operator|=([01;36m[K_Ios_Openmode& __a[m[K, _Ios_Openmode __b)
      |              [01;36m[K~~~~~~~~~~~~~~~^~~[m[K
[01m[K/usr/include/c++/11/bits/ios_base.h:181:3:[m[K [01;36m[Knote: [m[Kcandidate: ‘[01m[Kconst std::_Ios_Iostate& std::operator|=(std::_Ios_Iostate&, std::_Ios_Iostate)[m[K’
  181 |   [01;36m[Koperator[m[K|=(_Ios_Iostate& __a, _Ios_Iostate __b)
      |   [01;36m[K^~~~~~~~[m[K
[01m[K/usr/include/c++/11/bits/ios_base.h:181:28:[m[K [01;36m[Knote: [m[K  no known conversion for argument 1 from ‘[01m[Kmy_robot_interfaces::msg::LedStatus_<std::allocator<void> >::_led_state_type[m[K’ {aka ‘[01m[Kstd::vector<signed char, std::allocator<signed char> >[m[K’} to ‘[01m[Kstd::_Ios_Iostate&[m[K’
  181 |   operator|=([01;36m[K_Ios_Iostate& __a[m[K, _Ios_Iostate __b)
      |              [01;36m[K~~~~~~~~~~~~~~^~~[m[K
[01m[K/home/nikhil/ROS/ros2_ws/src/course_activities/src/led_panel.cpp:32:59:[m[K [01;35m[Kwarning: [m[Ksuggest parentheses around ‘[01m[K-[m[K’ inside ‘[01m[K<<[m[K’ [[01;35m[K]8;;https://gcc.gnu.org/onlinedocs/gcc/Warning-Options.html#index-Wparentheses-Wparentheses]8;;[m[K]
   32 |                 status.led_state |= 0<<[01;35m[Krequest->led_number-1[m[K;
      |                                        [01;35m[K~~~~~~~~~~~~~~~~~~~^~[m[K
[01m[K/home/nikhil/ROS/ros2_ws/src/course_activities/src/led_panel.cpp:32:34:[m[K [01;31m[Kerror: [m[Kno match for ‘[01m[Koperator|=[m[K’ (operand types are ‘[01m[Kmy_robot_interfaces::msg::LedStatus_<std::allocator<void> >::_led_state_type[m[K’ {aka ‘[01m[Kstd::vector<signed char, std::allocator<signed char> >[m[K’} and ‘[01m[Kint[m[K’)
   32 |                 [01;31m[Kstatus.led_state |= 0<<request->led_number-1[m[K;
      |                 [01;31m[K~~~~~~~~~~~~~~~~~^~~~~~~~~~~~~~~~~~~~~~~~~~~[m[K
In file included from [01m[K/opt/ros/humble/include/rclcpp/rclcpp/executors.hpp:18[m[K,
                 from [01m[K/opt/ros/humble/include/rclcpp/rclcpp/rclcpp.hpp:155[m[K,
                 from [01m[K/home/nikhil/ROS/ros2_ws/src/course_activities/src/led_panel.cpp:1[m[K:
[01m[K/usr/include/c++/11/future:166:18:[m[K [01;36m[Knote: [m[Kcandidate: ‘[01m[Kstd::launch& std::operator|=(std::launch&, std::launch)[m[K’
  166 |   inline launch& [01;36m[Koperator[m[K|=(launch& __x, launch __y) noexcept
      |                  [01;36m[K^~~~~~~~[m[K
[01m[K/usr/include/c++/11/future:166:37:[m[K [01;36m[Knote: [m[K  no known conversion for argument 1 from ‘[01m[Kmy_robot_interfaces::msg::LedStatus_<std::allocator<void> >::_led_state_type[m[K’ {aka ‘[01m[Kstd::vector<signed char, std::allocator<signed char> >[m[K’} to ‘[01m[Kstd::launch&[m[K’
  166 |   inline launch& operator|=([01;36m[Klaunch& __x[m[K, launch __y) noexcept
      |                             [01;36m[K~~~~~~~~^~~[m[K
In file included from [01m[K/usr/include/c++/11/ios:42[m[K,
                 from [01m[K/usr/include/c++/11/ostream:38[m[K,
                 from [01m[K/usr/include/c++/11/iostream:39[m[K,
                 from [01m[K/opt/ros/humble/include/rclcpp/rclcpp/executor.hpp:22[m[K,
                 from [01m[K/opt/ros/humble/include/rclcpp/rclcpp/executors/multi_threaded_executor.hpp:25[m[K,
                 from [01m[K/opt/ros/humble/include/rclcpp/rclcpp/executors.hpp:21[m[K,
                 from [01m[K/opt/ros/humble/include/rclcpp/rclcpp/rclcpp.hpp:155[m[K,
                 from [01m[K/home/nikhil/ROS/ros2_ws/src/course_activities/src/led_panel.cpp:1[m[K:
[01m[K/usr/include/c++/11/bits/ios_base.h:99:3:[m[K [01;36m[Knote: [m[Kcandidate: ‘[01m[Kconst std::_Ios_Fmtflags& std::operator|=(std::_Ios_Fmtflags&, std::_Ios_Fmtflags)[m[K’
   99 |   [01;36m[Koperator[m[K|=(_Ios_Fmtflags& __a, _Ios_Fmtflags __b)
      |   [01;36m[K^~~~~~~~[m[K
[01m[K/usr/include/c++/11/bits/ios_base.h:99:29:[m[K [01;36m[Knote: [m[K  no known conversion for argument 1 from ‘[01m[Kmy_robot_interfaces::msg::LedStatus_<std::allocator<void> >::_led_state_type[m[K’ {aka ‘[01m[Kstd::vector<signed char, std::allocator<signed char> >[m[K’} to ‘[01m[Kstd::_Ios_Fmtflags&[m[K’
   99 |   operator|=([01;36m[K_Ios_Fmtflags& __a[m[K, _Ios_Fmtflags __b)
      |              [01;36m[K~~~~~~~~~~~~~~~^~~[m[K
[01m[K/usr/include/c++/11/bits/ios_base.h:141:3:[m[K [01;36m[Knote: [m[Kcandidate: ‘[01m[Kconst std::_Ios_Openmode& std::operator|=(std::_Ios_Openmode&, std::_Ios_Openmode)[m[K’
  141 |   [01;36m[Koperator[m[K|=(_Ios_Openmode& __a, _Ios_Openmode __b)
      |   [01;36m[K^~~~~~~~[m[K
[01m[K/usr/include/c++/11/bits/ios_base.h:141:29:[m[K [01;36m[Knote: [m[K  no known conversion for argument 1 from ‘[01m[Kmy_robot_interfaces::msg::LedStatus_<std::allocator<void> >::_led_state_type[m[K’ {aka ‘[01m[Kstd::vector<signed char, std::allocator<signed char> >[m[K’} to ‘[01m[Kstd::_Ios_Openmode&[m[K’
  141 |   operator|=([01;36m[K_Ios_Openmode& __a[m[K, _Ios_Openmode __b)
      |              [01;36m[K~~~~~~~~~~~~~~~^~~[m[K
[01m[K/usr/include/c++/11/bits/ios_base.h:181:3:[m[K [01;36m[Knote: [m[Kcandidate: ‘[01m[Kconst std::_Ios_Iostate& std::operator|=(std::_Ios_Iostate&, std::_Ios_Iostate)[m[K’
  181 |   [01;36m[Koperator[m[K|=(_Ios_Iostate& __a, _Ios_Iostate __b)
      |   [01;36m[K^~~~~~~~[m[K
[01m[K/usr/include/c++/11/bits/ios_base.h:181:28:[m[K [01;36m[Knote: [m[K  no known conversion for argument 1 from ‘[01m[Kmy_robot_interfaces::msg::LedStatus_<std::allocator<void> >::_led_state_type[m[K’ {aka ‘[01m[Kstd::vector<signed char, std::allocator<signed char> >[m[K’} to ‘[01m[Kstd::_Ios_Iostate&[m[K’
  181 |   operator|=([01;36m[K_Ios_Iostate& __a[m[K, _Ios_Iostate __b)
      |              [01;36m[K~~~~~~~~~~~~~~^~~[m[K
gmake[2]: *** [CMakeFiles/led_panel.dir/build.make:76: CMakeFiles/led_panel.dir/src/led_panel.cpp.o] Error 1
gmake[1]: *** [CMakeFiles/Makefile2:249: CMakeFiles/led_panel.dir/all] Error 2
gmake[1]: *** Waiting for unfinished jobs....
[ 90%] [32m[1mLinking CXX executable battery_status[0m
[ 90%] Built target battery_status
gmake: *** [Makefile:146: all] Error 2
