[0.058s] DEBUG:colcon:Command line arguments: ['/usr/bin/colcon', 'build']
[0.058s] DEBUG:colcon:Parsed command line arguments: Namespace(log_base=None, log_level=None, verb_name='build', build_base='build', install_base='install', merge_install=False, symlink_install=False, test_result_base=None, continue_on_error=False, executor='parallel', parallel_workers=20, event_handlers=None, ignore_user_meta=False, metas=['./colcon.meta'], base_paths=['.'], packages_ignore=None, packages_ignore_regex=None, paths=None, packages_up_to=None, packages_up_to_regex=None, packages_above=None, packages_above_and_dependencies=None, packages_above_depth=None, packages_select_by_dep=None, packages_skip_by_dep=None, packages_skip_up_to=None, packages_select_build_failed=False, packages_skip_build_finished=False, packages_select_test_failures=False, packages_skip_test_passed=False, packages_select=None, packages_skip=None, packages_select_regex=None, packages_skip_regex=None, packages_start=None, packages_end=None, allow_overriding=[], cmake_args=None, cmake_target=None, cmake_target_skip_unavailable=False, cmake_clean_cache=False, cmake_clean_first=False, cmake_force_configure=False, ament_cmake_args=None, catkin_cmake_args=None, catkin_skip_building_tests=False, mixin_files=None, mixin=None, verb_parser=<colcon_mixin.mixin.mixin_argument.MixinArgumentDecorator object at 0x7e4f7d825630>, verb_extension=<colcon_core.verb.build.BuildVerb object at 0x7e4f7d8249d0>, main=<bound method BuildVerb.main of <colcon_core.verb.build.BuildVerb object at 0x7e4f7d8249d0>>, mixin_verb=('build',))
[0.145s] Level 1:colcon.colcon_core.package_discovery:discover_packages(colcon_meta) check parameters
[0.145s] Level 1:colcon.colcon_core.package_discovery:discover_packages(recursive) check parameters
[0.145s] Level 1:colcon.colcon_core.package_discovery:discover_packages(ignore) check parameters
[0.145s] Level 1:colcon.colcon_core.package_discovery:discover_packages(path) check parameters
[0.145s] Level 1:colcon.colcon_core.package_discovery:discover_packages(colcon_meta) discover
[0.145s] Level 1:colcon.colcon_core.package_discovery:discover_packages(recursive) discover
[0.145s] INFO:colcon.colcon_core.package_discovery:Crawling recursively for packages in '/home/nikhil/ROS/ros2_ws'
[0.145s] Level 1:colcon.colcon_core.package_identification:_identify(.) by extensions ['ignore', 'ignore_ament_install']
[0.145s] Level 1:colcon.colcon_core.package_identification:_identify(.) by extension 'ignore'
[0.145s] Level 1:colcon.colcon_core.package_identification:_identify(.) by extension 'ignore_ament_install'
[0.145s] Level 1:colcon.colcon_core.package_identification:_identify(.) by extensions ['colcon_pkg']
[0.145s] Level 1:colcon.colcon_core.package_identification:_identify(.) by extension 'colcon_pkg'
[0.145s] Level 1:colcon.colcon_core.package_identification:_identify(.) by extensions ['colcon_meta']
[0.145s] Level 1:colcon.colcon_core.package_identification:_identify(.) by extension 'colcon_meta'
[0.145s] Level 1:colcon.colcon_core.package_identification:_identify(.) by extensions ['ros']
[0.145s] Level 1:colcon.colcon_core.package_identification:_identify(.) by extension 'ros'
[0.151s] Level 1:colcon.colcon_core.package_identification:_identify(.) by extensions ['cmake', 'python']
[0.151s] Level 1:colcon.colcon_core.package_identification:_identify(.) by extension 'cmake'
[0.151s] Level 1:colcon.colcon_core.package_identification:_identify(.) by extension 'python'
[0.151s] Level 1:colcon.colcon_core.package_identification:_identify(.) by extensions ['python_setup_py']
[0.151s] Level 1:colcon.colcon_core.package_identification:_identify(.) by extension 'python_setup_py'
[0.152s] Level 1:colcon.colcon_core.package_identification:_identify(build) by extensions ['ignore', 'ignore_ament_install']
[0.152s] Level 1:colcon.colcon_core.package_identification:_identify(build) by extension 'ignore'
[0.152s] Level 1:colcon.colcon_core.package_identification:_identify(build) ignored
[0.152s] Level 1:colcon.colcon_core.package_identification:_identify(install) by extensions ['ignore', 'ignore_ament_install']
[0.152s] Level 1:colcon.colcon_core.package_identification:_identify(install) by extension 'ignore'
[0.152s] Level 1:colcon.colcon_core.package_identification:_identify(install) ignored
[0.152s] Level 1:colcon.colcon_core.package_identification:_identify(log) by extensions ['ignore', 'ignore_ament_install']
[0.152s] Level 1:colcon.colcon_core.package_identification:_identify(log) by extension 'ignore'
[0.152s] Level 1:colcon.colcon_core.package_identification:_identify(log) ignored
[0.152s] Level 1:colcon.colcon_core.package_identification:_identify(src) by extensions ['ignore', 'ignore_ament_install']
[0.152s] Level 1:colcon.colcon_core.package_identification:_identify(src) by extension 'ignore'
[0.152s] Level 1:colcon.colcon_core.package_identification:_identify(src) by extension 'ignore_ament_install'
[0.152s] Level 1:colcon.colcon_core.package_identification:_identify(src) by extensions ['colcon_pkg']
[0.152s] Level 1:colcon.colcon_core.package_identification:_identify(src) by extension 'colcon_pkg'
[0.152s] Level 1:colcon.colcon_core.package_identification:_identify(src) by extensions ['colcon_meta']
[0.152s] Level 1:colcon.colcon_core.package_identification:_identify(src) by extension 'colcon_meta'
[0.152s] Level 1:colcon.colcon_core.package_identification:_identify(src) by extensions ['ros']
[0.152s] Level 1:colcon.colcon_core.package_identification:_identify(src) by extension 'ros'
[0.152s] Level 1:colcon.colcon_core.package_identification:_identify(src) by extensions ['cmake', 'python']
[0.152s] Level 1:colcon.colcon_core.package_identification:_identify(src) by extension 'cmake'
[0.152s] Level 1:colcon.colcon_core.package_identification:_identify(src) by extension 'python'
[0.152s] Level 1:colcon.colcon_core.package_identification:_identify(src) by extensions ['python_setup_py']
[0.152s] Level 1:colcon.colcon_core.package_identification:_identify(src) by extension 'python_setup_py'
[0.152s] Level 1:colcon.colcon_core.package_identification:_identify(src/course_activities) by extensions ['ignore', 'ignore_ament_install']
[0.152s] Level 1:colcon.colcon_core.package_identification:_identify(src/course_activities) by extension 'ignore'
[0.152s] Level 1:colcon.colcon_core.package_identification:_identify(src/course_activities) by extension 'ignore_ament_install'
[0.152s] Level 1:colcon.colcon_core.package_identification:_identify(src/course_activities) by extensions ['colcon_pkg']
[0.152s] Level 1:colcon.colcon_core.package_identification:_identify(src/course_activities) by extension 'colcon_pkg'
[0.152s] Level 1:colcon.colcon_core.package_identification:_identify(src/course_activities) by extensions ['colcon_meta']
[0.152s] Level 1:colcon.colcon_core.package_identification:_identify(src/course_activities) by extension 'colcon_meta'
[0.152s] Level 1:colcon.colcon_core.package_identification:_identify(src/course_activities) by extensions ['ros']
[0.152s] Level 1:colcon.colcon_core.package_identification:_identify(src/course_activities) by extension 'ros'
[0.154s] DEBUG:colcon.colcon_core.package_identification:Package 'src/course_activities' with type 'ros.ament_cmake' and name 'course_activities'
[0.154s] Level 1:colcon.colcon_core.package_identification:_identify(src/cpp_pkg) by extensions ['ignore', 'ignore_ament_install']
[0.154s] Level 1:colcon.colcon_core.package_identification:_identify(src/cpp_pkg) by extension 'ignore'
[0.154s] Level 1:colcon.colcon_core.package_identification:_identify(src/cpp_pkg) by extension 'ignore_ament_install'
[0.154s] Level 1:colcon.colcon_core.package_identification:_identify(src/cpp_pkg) by extensions ['colcon_pkg']
[0.154s] Level 1:colcon.colcon_core.package_identification:_identify(src/cpp_pkg) by extension 'colcon_pkg'
[0.154s] Level 1:colcon.colcon_core.package_identification:_identify(src/cpp_pkg) by extensions ['colcon_meta']
[0.154s] Level 1:colcon.colcon_core.package_identification:_identify(src/cpp_pkg) by extension 'colcon_meta'
[0.154s] Level 1:colcon.colcon_core.package_identification:_identify(src/cpp_pkg) by extensions ['ros']
[0.154s] Level 1:colcon.colcon_core.package_identification:_identify(src/cpp_pkg) by extension 'ros'
[0.154s] DEBUG:colcon.colcon_core.package_identification:Package 'src/cpp_pkg' with type 'ros.ament_cmake' and name 'cpp_pkg'
[0.154s] Level 1:colcon.colcon_core.package_identification:_identify(src/my_robot_interfaces) by extensions ['ignore', 'ignore_ament_install']
[0.154s] Level 1:colcon.colcon_core.package_identification:_identify(src/my_robot_interfaces) by extension 'ignore'
[0.154s] Level 1:colcon.colcon_core.package_identification:_identify(src/my_robot_interfaces) by extension 'ignore_ament_install'
[0.154s] Level 1:colcon.colcon_core.package_identification:_identify(src/my_robot_interfaces) by extensions ['colcon_pkg']
[0.154s] Level 1:colcon.colcon_core.package_identification:_identify(src/my_robot_interfaces) by extension 'colcon_pkg'
[0.154s] Level 1:colcon.colcon_core.package_identification:_identify(src/my_robot_interfaces) by extensions ['colcon_meta']
[0.154s] Level 1:colcon.colcon_core.package_identification:_identify(src/my_robot_interfaces) by extension 'colcon_meta'
[0.154s] Level 1:colcon.colcon_core.package_identification:_identify(src/my_robot_interfaces) by extensions ['ros']
[0.154s] Level 1:colcon.colcon_core.package_identification:_identify(src/my_robot_interfaces) by extension 'ros'
[0.155s] DEBUG:colcon.colcon_core.package_identification:Package 'src/my_robot_interfaces' with type 'ros.ament_cmake' and name 'my_robot_interfaces'
[0.155s] Level 1:colcon.colcon_core.package_identification:_identify(src/py_pkg) by extensions ['ignore', 'ignore_ament_install']
[0.155s] Level 1:colcon.colcon_core.package_identification:_identify(src/py_pkg) by extension 'ignore'
[0.155s] Level 1:colcon.colcon_core.package_identification:_identify(src/py_pkg) by extension 'ignore_ament_install'
[0.155s] Level 1:colcon.colcon_core.package_identification:_identify(src/py_pkg) by extensions ['colcon_pkg']
[0.155s] Level 1:colcon.colcon_core.package_identification:_identify(src/py_pkg) by extension 'colcon_pkg'
[0.155s] Level 1:colcon.colcon_core.package_identification:_identify(src/py_pkg) by extensions ['colcon_meta']
[0.155s] Level 1:colcon.colcon_core.package_identification:_identify(src/py_pkg) by extension 'colcon_meta'
[0.155s] Level 1:colcon.colcon_core.package_identification:_identify(src/py_pkg) by extensions ['ros']
[0.155s] Level 1:colcon.colcon_core.package_identification:_identify(src/py_pkg) by extension 'ros'
[0.155s] DEBUG:colcon.colcon_core.package_identification:Package 'src/py_pkg' with type 'ros.ament_python' and name 'py_pkg'
[0.155s] Level 1:colcon.colcon_core.package_discovery:discover_packages(recursive) using defaults
[0.155s] Level 1:colcon.colcon_core.package_discovery:discover_packages(ignore) discover
[0.155s] Level 1:colcon.colcon_core.package_discovery:discover_packages(ignore) using defaults
[0.155s] Level 1:colcon.colcon_core.package_discovery:discover_packages(path) discover
[0.155s] Level 1:colcon.colcon_core.package_discovery:discover_packages(path) using defaults
[0.172s] Level 1:colcon.colcon_core.package_discovery:discover_packages(prefix_path) check parameters
[0.172s] Level 1:colcon.colcon_core.package_discovery:discover_packages(prefix_path) discover
[0.173s] DEBUG:colcon.colcon_installed_package_information.package_discovery:Found 4 installed packages in /home/nikhil/ROS/ros2_ws/install
[0.174s] DEBUG:colcon.colcon_installed_package_information.package_discovery:Found 294 installed packages in /opt/ros/humble
[0.174s] Level 1:colcon.colcon_core.package_discovery:discover_packages(prefix_path) using defaults
[0.193s] Level 5:colcon.colcon_core.verb:set package 'course_activities' build argument 'cmake_args' from command line to 'None'
[0.193s] Level 5:colcon.colcon_core.verb:set package 'course_activities' build argument 'cmake_target' from command line to 'None'
[0.193s] Level 5:colcon.colcon_core.verb:set package 'course_activities' build argument 'cmake_target_skip_unavailable' from command line to 'False'
[0.193s] Level 5:colcon.colcon_core.verb:set package 'course_activities' build argument 'cmake_clean_cache' from command line to 'False'
[0.193s] Level 5:colcon.colcon_core.verb:set package 'course_activities' build argument 'cmake_clean_first' from command line to 'False'
[0.193s] Level 5:colcon.colcon_core.verb:set package 'course_activities' build argument 'cmake_force_configure' from command line to 'False'
[0.193s] Level 5:colcon.colcon_core.verb:set package 'course_activities' build argument 'ament_cmake_args' from command line to 'None'
[0.193s] Level 5:colcon.colcon_core.verb:set package 'course_activities' build argument 'catkin_cmake_args' from command line to 'None'
[0.193s] Level 5:colcon.colcon_core.verb:set package 'course_activities' build argument 'catkin_skip_building_tests' from command line to 'False'
[0.193s] DEBUG:colcon.colcon_core.verb:Building package 'course_activities' with the following arguments: {'ament_cmake_args': None, 'build_base': '/home/nikhil/ROS/ros2_ws/build/course_activities', 'catkin_cmake_args': None, 'catkin_skip_building_tests': False, 'cmake_args': None, 'cmake_clean_cache': False, 'cmake_clean_first': False, 'cmake_force_configure': False, 'cmake_target': None, 'cmake_target_skip_unavailable': False, 'install_base': '/home/nikhil/ROS/ros2_ws/install/course_activities', 'merge_install': False, 'path': '/home/nikhil/ROS/ros2_ws/src/course_activities', 'symlink_install': False, 'test_result_base': None}
[0.193s] Level 5:colcon.colcon_core.verb:set package 'my_robot_interfaces' build argument 'cmake_args' from command line to 'None'
[0.193s] Level 5:colcon.colcon_core.verb:set package 'my_robot_interfaces' build argument 'cmake_target' from command line to 'None'
[0.193s] Level 5:colcon.colcon_core.verb:set package 'my_robot_interfaces' build argument 'cmake_target_skip_unavailable' from command line to 'False'
[0.193s] Level 5:colcon.colcon_core.verb:set package 'my_robot_interfaces' build argument 'cmake_clean_cache' from command line to 'False'
[0.193s] Level 5:colcon.colcon_core.verb:set package 'my_robot_interfaces' build argument 'cmake_clean_first' from command line to 'False'
[0.193s] Level 5:colcon.colcon_core.verb:set package 'my_robot_interfaces' build argument 'cmake_force_configure' from command line to 'False'
[0.193s] Level 5:colcon.colcon_core.verb:set package 'my_robot_interfaces' build argument 'ament_cmake_args' from command line to 'None'
[0.193s] Level 5:colcon.colcon_core.verb:set package 'my_robot_interfaces' build argument 'catkin_cmake_args' from command line to 'None'
[0.193s] Level 5:colcon.colcon_core.verb:set package 'my_robot_interfaces' build argument 'catkin_skip_building_tests' from command line to 'False'
[0.193s] DEBUG:colcon.colcon_core.verb:Building package 'my_robot_interfaces' with the following arguments: {'ament_cmake_args': None, 'build_base': '/home/nikhil/ROS/ros2_ws/build/my_robot_interfaces', 'catkin_cmake_args': None, 'catkin_skip_building_tests': False, 'cmake_args': None, 'cmake_clean_cache': False, 'cmake_clean_first': False, 'cmake_force_configure': False, 'cmake_target': None, 'cmake_target_skip_unavailable': False, 'install_base': '/home/nikhil/ROS/ros2_ws/install/my_robot_interfaces', 'merge_install': False, 'path': '/home/nikhil/ROS/ros2_ws/src/my_robot_interfaces', 'symlink_install': False, 'test_result_base': None}
[0.194s] Level 5:colcon.colcon_core.verb:set package 'py_pkg' build argument 'cmake_args' from command line to 'None'
[0.194s] Level 5:colcon.colcon_core.verb:set package 'py_pkg' build argument 'cmake_target' from command line to 'None'
[0.194s] Level 5:colcon.colcon_core.verb:set package 'py_pkg' build argument 'cmake_target_skip_unavailable' from command line to 'False'
[0.194s] Level 5:colcon.colcon_core.verb:set package 'py_pkg' build argument 'cmake_clean_cache' from command line to 'False'
[0.194s] Level 5:colcon.colcon_core.verb:set package 'py_pkg' build argument 'cmake_clean_first' from command line to 'False'
[0.194s] Level 5:colcon.colcon_core.verb:set package 'py_pkg' build argument 'cmake_force_configure' from command line to 'False'
[0.194s] Level 5:colcon.colcon_core.verb:set package 'py_pkg' build argument 'ament_cmake_args' from command line to 'None'
[0.194s] Level 5:colcon.colcon_core.verb:set package 'py_pkg' build argument 'catkin_cmake_args' from command line to 'None'
[0.194s] Level 5:colcon.colcon_core.verb:set package 'py_pkg' build argument 'catkin_skip_building_tests' from command line to 'False'
[0.194s] DEBUG:colcon.colcon_core.verb:Building package 'py_pkg' with the following arguments: {'ament_cmake_args': None, 'build_base': '/home/nikhil/ROS/ros2_ws/build/py_pkg', 'catkin_cmake_args': None, 'catkin_skip_building_tests': False, 'cmake_args': None, 'cmake_clean_cache': False, 'cmake_clean_first': False, 'cmake_force_configure': False, 'cmake_target': None, 'cmake_target_skip_unavailable': False, 'install_base': '/home/nikhil/ROS/ros2_ws/install/py_pkg', 'merge_install': False, 'path': '/home/nikhil/ROS/ros2_ws/src/py_pkg', 'symlink_install': False, 'test_result_base': None}
[0.194s] Level 5:colcon.colcon_core.verb:set package 'cpp_pkg' build argument 'cmake_args' from command line to 'None'
[0.194s] Level 5:colcon.colcon_core.verb:set package 'cpp_pkg' build argument 'cmake_target' from command line to 'None'
[0.194s] Level 5:colcon.colcon_core.verb:set package 'cpp_pkg' build argument 'cmake_target_skip_unavailable' from command line to 'False'
[0.194s] Level 5:colcon.colcon_core.verb:set package 'cpp_pkg' build argument 'cmake_clean_cache' from command line to 'False'
[0.194s] Level 5:colcon.colcon_core.verb:set package 'cpp_pkg' build argument 'cmake_clean_first' from command line to 'False'
[0.194s] Level 5:colcon.colcon_core.verb:set package 'cpp_pkg' build argument 'cmake_force_configure' from command line to 'False'
[0.194s] Level 5:colcon.colcon_core.verb:set package 'cpp_pkg' build argument 'ament_cmake_args' from command line to 'None'
[0.194s] Level 5:colcon.colcon_core.verb:set package 'cpp_pkg' build argument 'catkin_cmake_args' from command line to 'None'
[0.194s] Level 5:colcon.colcon_core.verb:set package 'cpp_pkg' build argument 'catkin_skip_building_tests' from command line to 'False'
[0.194s] DEBUG:colcon.colcon_core.verb:Building package 'cpp_pkg' with the following arguments: {'ament_cmake_args': None, 'build_base': '/home/nikhil/ROS/ros2_ws/build/cpp_pkg', 'catkin_cmake_args': None, 'catkin_skip_building_tests': False, 'cmake_args': None, 'cmake_clean_cache': False, 'cmake_clean_first': False, 'cmake_force_configure': False, 'cmake_target': None, 'cmake_target_skip_unavailable': False, 'install_base': '/home/nikhil/ROS/ros2_ws/install/cpp_pkg', 'merge_install': False, 'path': '/home/nikhil/ROS/ros2_ws/src/cpp_pkg', 'symlink_install': False, 'test_result_base': None}
[0.194s] INFO:colcon.colcon_core.executor:Executing jobs using 'parallel' executor
[0.195s] DEBUG:colcon.colcon_parallel_executor.executor.parallel:run_until_complete
[0.195s] INFO:colcon.colcon_ros.task.ament_cmake.build:Building ROS package in '/home/nikhil/ROS/ros2_ws/src/my_robot_interfaces' with build type 'ament_cmake'
[0.195s] INFO:colcon.colcon_cmake.task.cmake.build:Building CMake package in '/home/nikhil/ROS/ros2_ws/src/my_robot_interfaces'
[0.196s] INFO:colcon.colcon_core.plugin_system:Skipping extension 'colcon_core.shell.bat': Not used on non-Windows systems
[0.196s] INFO:colcon.colcon_core.shell:Skip shell extension 'powershell' for command environment: Not usable outside of PowerShell
[0.196s] DEBUG:colcon.colcon_core.shell:Skip shell extension 'dsv' for command environment
[0.198s] INFO:colcon.colcon_ros.task.ament_cmake.build:Building ROS package in '/home/nikhil/ROS/ros2_ws/src/course_activities' with build type 'ament_cmake'
[0.198s] INFO:colcon.colcon_cmake.task.cmake.build:Building CMake package in '/home/nikhil/ROS/ros2_ws/src/course_activities'
[0.198s] INFO:colcon.colcon_core.shell:Skip shell extension 'powershell' for command environment: Not usable outside of PowerShell
[0.198s] DEBUG:colcon.colcon_core.shell:Skip shell extension 'dsv' for command environment
[0.199s] INFO:colcon.colcon_ros.task.ament_python.build:Building ROS package in '/home/nikhil/ROS/ros2_ws/src/py_pkg' with build type 'ament_python'
[0.199s] Level 1:colcon.colcon_core.shell:create_environment_hook('py_pkg', 'ament_prefix_path')
[0.200s] INFO:colcon.colcon_core.shell:Creating environment hook '/home/nikhil/ROS/ros2_ws/install/py_pkg/share/py_pkg/hook/ament_prefix_path.ps1'
[0.200s] INFO:colcon.colcon_core.shell:Creating environment descriptor '/home/nikhil/ROS/ros2_ws/install/py_pkg/share/py_pkg/hook/ament_prefix_path.dsv'
[0.200s] INFO:colcon.colcon_core.shell:Creating environment hook '/home/nikhil/ROS/ros2_ws/install/py_pkg/share/py_pkg/hook/ament_prefix_path.sh'
[0.200s] INFO:colcon.colcon_core.shell:Skip shell extension 'powershell' for command environment: Not usable outside of PowerShell
[0.200s] DEBUG:colcon.colcon_core.shell:Skip shell extension 'dsv' for command environment
[0.205s] DEBUG:colcon.colcon_core.event_handler.log_command:Invoking command in '/home/nikhil/ROS/ros2_ws/build/my_robot_interfaces': CMAKE_PREFIX_PATH=${CMAKE_PREFIX_PATH}:/home/nikhil/ROS/ros2_ws/install/py_pkg /usr/bin/cmake --build /home/nikhil/ROS/ros2_ws/build/my_robot_interfaces -- -j20 -l20
[0.206s] DEBUG:colcon.colcon_core.event_handler.log_command:Invoking command in '/home/nikhil/ROS/ros2_ws/build/course_activities': CMAKE_PREFIX_PATH=${CMAKE_PREFIX_PATH}:/home/nikhil/ROS/ros2_ws/install/py_pkg /usr/bin/cmake --build /home/nikhil/ROS/ros2_ws/build/course_activities -- -j20 -l20
[0.356s] INFO:colcon.colcon_core.task.python.build:Building Python package in '/home/nikhil/ROS/ros2_ws/src/py_pkg'
[0.356s] INFO:colcon.colcon_core.shell:Skip shell extension 'powershell' for command environment: Not usable outside of PowerShell
[0.357s] DEBUG:colcon.colcon_core.shell:Skip shell extension 'dsv' for command environment
[0.359s] DEBUG:colcon.colcon_core.event_handler.log_command:Invoked command in '/home/nikhil/ROS/ros2_ws/build/course_activities' returned '0': CMAKE_PREFIX_PATH=${CMAKE_PREFIX_PATH}:/home/nikhil/ROS/ros2_ws/install/py_pkg /usr/bin/cmake --build /home/nikhil/ROS/ros2_ws/build/course_activities -- -j20 -l20
[0.391s] DEBUG:colcon.colcon_core.event_handler.log_command:Invoking command in '/home/nikhil/ROS/ros2_ws/build/course_activities': CMAKE_PREFIX_PATH=${CMAKE_PREFIX_PATH}:/home/nikhil/ROS/ros2_ws/install/py_pkg /usr/bin/cmake --install /home/nikhil/ROS/ros2_ws/build/course_activities
[0.397s] Level 1:colcon.colcon_core.environment:create_environment_scripts_only(course_activities)
[0.398s] DEBUG:colcon.colcon_core.event_handler.log_command:Invoked command in '/home/nikhil/ROS/ros2_ws/build/course_activities' returned '0': CMAKE_PREFIX_PATH=${CMAKE_PREFIX_PATH}:/home/nikhil/ROS/ros2_ws/install/py_pkg /usr/bin/cmake --install /home/nikhil/ROS/ros2_ws/build/course_activities
[0.400s] Level 1:colcon.colcon_core.environment:checking '/home/nikhil/ROS/ros2_ws/install/course_activities' for CMake module files
[0.400s] Level 1:colcon.colcon_core.environment:checking '/home/nikhil/ROS/ros2_ws/install/course_activities' for CMake config files
[0.400s] Level 1:colcon.colcon_core.shell:create_environment_hook('course_activities', 'cmake_prefix_path')
[0.400s] INFO:colcon.colcon_core.shell:Creating environment hook '/home/nikhil/ROS/ros2_ws/install/course_activities/share/course_activities/hook/cmake_prefix_path.ps1'
[0.401s] INFO:colcon.colcon_core.shell:Creating environment descriptor '/home/nikhil/ROS/ros2_ws/install/course_activities/share/course_activities/hook/cmake_prefix_path.dsv'
[0.401s] INFO:colcon.colcon_core.shell:Creating environment hook '/home/nikhil/ROS/ros2_ws/install/course_activities/share/course_activities/hook/cmake_prefix_path.sh'
[0.401s] Level 1:colcon.colcon_core.environment:checking '/home/nikhil/ROS/ros2_ws/install/course_activities/lib'
[0.401s] Level 1:colcon.colcon_core.environment:checking '/home/nikhil/ROS/ros2_ws/install/course_activities/bin'
[0.401s] Level 1:colcon.colcon_core.environment:checking '/home/nikhil/ROS/ros2_ws/install/course_activities/lib/pkgconfig/course_activities.pc'
[0.402s] Level 1:colcon.colcon_core.environment:checking '/home/nikhil/ROS/ros2_ws/install/course_activities/lib/python3.10/site-packages'
[0.402s] Level 1:colcon.colcon_core.environment:checking '/home/nikhil/ROS/ros2_ws/install/course_activities/bin'
[0.402s] INFO:colcon.colcon_core.shell:Creating package script '/home/nikhil/ROS/ros2_ws/install/course_activities/share/course_activities/package.ps1'
[0.402s] INFO:colcon.colcon_core.shell:Creating package descriptor '/home/nikhil/ROS/ros2_ws/install/course_activities/share/course_activities/package.dsv'
[0.402s] INFO:colcon.colcon_core.shell:Creating package script '/home/nikhil/ROS/ros2_ws/install/course_activities/share/course_activities/package.sh'
[0.403s] INFO:colcon.colcon_core.shell:Creating package script '/home/nikhil/ROS/ros2_ws/install/course_activities/share/course_activities/package.bash'
[0.403s] INFO:colcon.colcon_core.shell:Creating package script '/home/nikhil/ROS/ros2_ws/install/course_activities/share/course_activities/package.zsh'
[0.403s] Level 1:colcon.colcon_core.environment:create_file_with_runtime_dependencies(/home/nikhil/ROS/ros2_ws/install/course_activities/share/colcon-core/packages/course_activities)
[0.407s] DEBUG:colcon.colcon_core.event_handler.log_command:Invoked command in '/home/nikhil/ROS/ros2_ws/build/my_robot_interfaces' returned '0': CMAKE_PREFIX_PATH=${CMAKE_PREFIX_PATH}:/home/nikhil/ROS/ros2_ws/install/py_pkg /usr/bin/cmake --build /home/nikhil/ROS/ros2_ws/build/my_robot_interfaces -- -j20 -l20
[0.425s] Level 1:colcon.colcon_core.environment:create_environment_scripts_only(course_activities)
[0.425s] Level 1:colcon.colcon_core.environment:checking '/home/nikhil/ROS/ros2_ws/install/course_activities' for CMake module files
[0.425s] Level 1:colcon.colcon_core.environment:checking '/home/nikhil/ROS/ros2_ws/install/course_activities' for CMake config files
[0.425s] Level 1:colcon.colcon_core.shell:create_environment_hook('course_activities', 'cmake_prefix_path')
[0.425s] INFO:colcon.colcon_core.shell:Creating environment hook '/home/nikhil/ROS/ros2_ws/install/course_activities/share/course_activities/hook/cmake_prefix_path.ps1'
[0.426s] INFO:colcon.colcon_core.shell:Creating environment descriptor '/home/nikhil/ROS/ros2_ws/install/course_activities/share/course_activities/hook/cmake_prefix_path.dsv'
[0.426s] INFO:colcon.colcon_core.shell:Creating environment hook '/home/nikhil/ROS/ros2_ws/install/course_activities/share/course_activities/hook/cmake_prefix_path.sh'
[0.426s] Level 1:colcon.colcon_core.environment:checking '/home/nikhil/ROS/ros2_ws/install/course_activities/lib'
[0.426s] Level 1:colcon.colcon_core.environment:checking '/home/nikhil/ROS/ros2_ws/install/course_activities/bin'
[0.426s] Level 1:colcon.colcon_core.environment:checking '/home/nikhil/ROS/ros2_ws/install/course_activities/lib/pkgconfig/course_activities.pc'
[0.426s] Level 1:colcon.colcon_core.environment:checking '/home/nikhil/ROS/ros2_ws/install/course_activities/lib/python3.10/site-packages'
[0.426s] Level 1:colcon.colcon_core.environment:checking '/home/nikhil/ROS/ros2_ws/install/course_activities/bin'
[0.427s] INFO:colcon.colcon_core.shell:Creating package script '/home/nikhil/ROS/ros2_ws/install/course_activities/share/course_activities/package.ps1'
[0.427s] INFO:colcon.colcon_core.shell:Creating package descriptor '/home/nikhil/ROS/ros2_ws/install/course_activities/share/course_activities/package.dsv'
[0.427s] INFO:colcon.colcon_core.shell:Creating package script '/home/nikhil/ROS/ros2_ws/install/course_activities/share/course_activities/package.sh'
[0.427s] INFO:colcon.colcon_core.shell:Creating package script '/home/nikhil/ROS/ros2_ws/install/course_activities/share/course_activities/package.bash'
[0.427s] INFO:colcon.colcon_core.shell:Creating package script '/home/nikhil/ROS/ros2_ws/install/course_activities/share/course_activities/package.zsh'
[0.428s] Level 1:colcon.colcon_core.environment:create_file_with_runtime_dependencies(/home/nikhil/ROS/ros2_ws/install/course_activities/share/colcon-core/packages/course_activities)
[0.468s] DEBUG:colcon.colcon_core.event_handler.log_command:Invoking command in '/home/nikhil/ROS/ros2_ws/build/my_robot_interfaces': CMAKE_PREFIX_PATH=${CMAKE_PREFIX_PATH}:/home/nikhil/ROS/ros2_ws/install/py_pkg /usr/bin/cmake --install /home/nikhil/ROS/ros2_ws/build/my_robot_interfaces
[0.498s] Level 1:colcon.colcon_core.environment:create_environment_scripts_only(my_robot_interfaces)
[0.498s] Level 1:colcon.colcon_core.environment:checking '/home/nikhil/ROS/ros2_ws/install/my_robot_interfaces' for CMake module files
[0.499s] DEBUG:colcon.colcon_core.event_handler.log_command:Invoked command in '/home/nikhil/ROS/ros2_ws/build/my_robot_interfaces' returned '0': CMAKE_PREFIX_PATH=${CMAKE_PREFIX_PATH}:/home/nikhil/ROS/ros2_ws/install/py_pkg /usr/bin/cmake --install /home/nikhil/ROS/ros2_ws/build/my_robot_interfaces
[0.499s] Level 1:colcon.colcon_core.environment:checking '/home/nikhil/ROS/ros2_ws/install/my_robot_interfaces' for CMake config files
[0.499s] Level 1:colcon.colcon_core.shell:create_environment_hook('my_robot_interfaces', 'cmake_prefix_path')
[0.499s] INFO:colcon.colcon_core.shell:Creating environment hook '/home/nikhil/ROS/ros2_ws/install/my_robot_interfaces/share/my_robot_interfaces/hook/cmake_prefix_path.ps1'
[0.499s] INFO:colcon.colcon_core.shell:Creating environment descriptor '/home/nikhil/ROS/ros2_ws/install/my_robot_interfaces/share/my_robot_interfaces/hook/cmake_prefix_path.dsv'
[0.500s] INFO:colcon.colcon_core.shell:Creating environment hook '/home/nikhil/ROS/ros2_ws/install/my_robot_interfaces/share/my_robot_interfaces/hook/cmake_prefix_path.sh'
[0.500s] Level 1:colcon.colcon_core.environment:checking '/home/nikhil/ROS/ros2_ws/install/my_robot_interfaces/lib'
[0.500s] Level 1:colcon.colcon_core.shell:create_environment_hook('my_robot_interfaces', 'ld_library_path_lib')
[0.500s] INFO:colcon.colcon_core.shell:Creating environment hook '/home/nikhil/ROS/ros2_ws/install/my_robot_interfaces/share/my_robot_interfaces/hook/ld_library_path_lib.ps1'
[0.500s] INFO:colcon.colcon_core.shell:Creating environment descriptor '/home/nikhil/ROS/ros2_ws/install/my_robot_interfaces/share/my_robot_interfaces/hook/ld_library_path_lib.dsv'
[0.500s] INFO:colcon.colcon_core.shell:Creating environment hook '/home/nikhil/ROS/ros2_ws/install/my_robot_interfaces/share/my_robot_interfaces/hook/ld_library_path_lib.sh'
[0.500s] Level 1:colcon.colcon_core.environment:checking '/home/nikhil/ROS/ros2_ws/install/my_robot_interfaces/bin'
[0.500s] Level 1:colcon.colcon_core.environment:checking '/home/nikhil/ROS/ros2_ws/install/my_robot_interfaces/lib/pkgconfig/my_robot_interfaces.pc'
[0.501s] Level 1:colcon.colcon_core.environment:checking '/home/nikhil/ROS/ros2_ws/install/my_robot_interfaces/lib/python3.10/site-packages'
[0.501s] Level 1:colcon.colcon_core.environment:checking '/home/nikhil/ROS/ros2_ws/install/my_robot_interfaces/bin'
[0.501s] INFO:colcon.colcon_core.shell:Creating package script '/home/nikhil/ROS/ros2_ws/install/my_robot_interfaces/share/my_robot_interfaces/package.ps1'
[0.501s] INFO:colcon.colcon_core.shell:Creating package descriptor '/home/nikhil/ROS/ros2_ws/install/my_robot_interfaces/share/my_robot_interfaces/package.dsv'
[0.501s] INFO:colcon.colcon_core.shell:Creating package script '/home/nikhil/ROS/ros2_ws/install/my_robot_interfaces/share/my_robot_interfaces/package.sh'
[0.501s] INFO:colcon.colcon_core.shell:Creating package script '/home/nikhil/ROS/ros2_ws/install/my_robot_interfaces/share/my_robot_interfaces/package.bash'
[0.502s] INFO:colcon.colcon_core.shell:Creating package script '/home/nikhil/ROS/ros2_ws/install/my_robot_interfaces/share/my_robot_interfaces/package.zsh'
[0.502s] Level 1:colcon.colcon_core.environment:create_file_with_runtime_dependencies(/home/nikhil/ROS/ros2_ws/install/my_robot_interfaces/share/colcon-core/packages/my_robot_interfaces)
[0.544s] DEBUG:colcon.colcon_core.event_handler.log_command:Invoking command in '/home/nikhil/ROS/ros2_ws/src/py_pkg': PYTHONPATH=/home/nikhil/ROS/ros2_ws/build/py_pkg/prefix_override:/usr/lib/python3/dist-packages/colcon_core/task/python/colcon_distutils_commands:/home/nikhil/ROS/ros2_ws/install/py_pkg/lib/python3.10/site-packages:${PYTHONPATH} /usr/bin/python3 -W ignore:setup.py install is deprecated setup.py egg_info --egg-base ../../build/py_pkg build --build-base /home/nikhil/ROS/ros2_ws/build/py_pkg/build install --record /home/nikhil/ROS/ros2_ws/build/py_pkg/install.log --single-version-externally-managed install_data
[0.562s] Level 1:colcon.colcon_core.environment:create_environment_scripts_only(my_robot_interfaces)
[0.563s] Level 1:colcon.colcon_core.environment:checking '/home/nikhil/ROS/ros2_ws/install/my_robot_interfaces' for CMake module files
[0.563s] Level 1:colcon.colcon_core.environment:checking '/home/nikhil/ROS/ros2_ws/install/my_robot_interfaces' for CMake config files
[0.563s] Level 1:colcon.colcon_core.shell:create_environment_hook('my_robot_interfaces', 'cmake_prefix_path')
[0.563s] INFO:colcon.colcon_core.shell:Creating environment hook '/home/nikhil/ROS/ros2_ws/install/my_robot_interfaces/share/my_robot_interfaces/hook/cmake_prefix_path.ps1'
[0.563s] INFO:colcon.colcon_core.shell:Creating environment descriptor '/home/nikhil/ROS/ros2_ws/install/my_robot_interfaces/share/my_robot_interfaces/hook/cmake_prefix_path.dsv'
[0.564s] INFO:colcon.colcon_core.shell:Creating environment hook '/home/nikhil/ROS/ros2_ws/install/my_robot_interfaces/share/my_robot_interfaces/hook/cmake_prefix_path.sh'
[0.564s] Level 1:colcon.colcon_core.environment:checking '/home/nikhil/ROS/ros2_ws/install/my_robot_interfaces/lib'
[0.564s] Level 1:colcon.colcon_core.shell:create_environment_hook('my_robot_interfaces', 'ld_library_path_lib')
[0.564s] INFO:colcon.colcon_core.shell:Creating environment hook '/home/nikhil/ROS/ros2_ws/install/my_robot_interfaces/share/my_robot_interfaces/hook/ld_library_path_lib.ps1'
[0.564s] INFO:colcon.colcon_core.shell:Creating environment descriptor '/home/nikhil/ROS/ros2_ws/install/my_robot_interfaces/share/my_robot_interfaces/hook/ld_library_path_lib.dsv'
[0.564s] INFO:colcon.colcon_core.shell:Creating environment hook '/home/nikhil/ROS/ros2_ws/install/my_robot_interfaces/share/my_robot_interfaces/hook/ld_library_path_lib.sh'
[0.564s] Level 1:colcon.colcon_core.environment:checking '/home/nikhil/ROS/ros2_ws/install/my_robot_interfaces/bin'
[0.564s] Level 1:colcon.colcon_core.environment:checking '/home/nikhil/ROS/ros2_ws/install/my_robot_interfaces/lib/pkgconfig/my_robot_interfaces.pc'
[0.565s] Level 1:colcon.colcon_core.environment:checking '/home/nikhil/ROS/ros2_ws/install/my_robot_interfaces/lib/python3.10/site-packages'
[0.565s] Level 1:colcon.colcon_core.environment:checking '/home/nikhil/ROS/ros2_ws/install/my_robot_interfaces/bin'
[0.565s] INFO:colcon.colcon_core.shell:Creating package script '/home/nikhil/ROS/ros2_ws/install/my_robot_interfaces/share/my_robot_interfaces/package.ps1'
[0.565s] INFO:colcon.colcon_core.shell:Creating package descriptor '/home/nikhil/ROS/ros2_ws/install/my_robot_interfaces/share/my_robot_interfaces/package.dsv'
[0.565s] INFO:colcon.colcon_core.shell:Creating package script '/home/nikhil/ROS/ros2_ws/install/my_robot_interfaces/share/my_robot_interfaces/package.sh'
[0.566s] INFO:colcon.colcon_core.shell:Creating package script '/home/nikhil/ROS/ros2_ws/install/my_robot_interfaces/share/my_robot_interfaces/package.bash'
[0.566s] INFO:colcon.colcon_core.shell:Creating package script '/home/nikhil/ROS/ros2_ws/install/my_robot_interfaces/share/my_robot_interfaces/package.zsh'
[0.566s] Level 1:colcon.colcon_core.environment:create_file_with_runtime_dependencies(/home/nikhil/ROS/ros2_ws/install/my_robot_interfaces/share/colcon-core/packages/my_robot_interfaces)
[0.566s] INFO:colcon.colcon_ros.task.ament_cmake.build:Building ROS package in '/home/nikhil/ROS/ros2_ws/src/cpp_pkg' with build type 'ament_cmake'
[0.566s] INFO:colcon.colcon_cmake.task.cmake.build:Building CMake package in '/home/nikhil/ROS/ros2_ws/src/cpp_pkg'
[0.566s] INFO:colcon.colcon_core.shell:Skip shell extension 'powershell' for command environment: Not usable outside of PowerShell
[0.566s] DEBUG:colcon.colcon_core.shell:Skip shell extension 'dsv' for command environment
[0.573s] DEBUG:colcon.colcon_core.event_handler.log_command:Invoking command in '/home/nikhil/ROS/ros2_ws/build/cpp_pkg': CMAKE_PREFIX_PATH=/home/nikhil/ROS/ros2_ws/install/my_robot_interfaces:/home/nikhil/ROS/ros2_ws/install/cpp_pkg:/home/nikhil/ROS/ros2_ws/install/course_activities:/opt/ros/humble:/home/nikhil/ROS/ros2_ws/install/py_pkg /usr/bin/cmake --build /home/nikhil/ROS/ros2_ws/build/cpp_pkg -- -j20 -l20
[0.619s] DEBUG:colcon.colcon_core.event_handler.log_command:Invoked command in '/home/nikhil/ROS/ros2_ws/build/cpp_pkg' returned '0': CMAKE_PREFIX_PATH=/home/nikhil/ROS/ros2_ws/install/my_robot_interfaces:/home/nikhil/ROS/ros2_ws/install/cpp_pkg:/home/nikhil/ROS/ros2_ws/install/course_activities:/opt/ros/humble:/home/nikhil/ROS/ros2_ws/install/py_pkg /usr/bin/cmake --build /home/nikhil/ROS/ros2_ws/build/cpp_pkg -- -j20 -l20
[0.652s] DEBUG:colcon.colcon_core.event_handler.log_command:Invoking command in '/home/nikhil/ROS/ros2_ws/build/cpp_pkg': CMAKE_PREFIX_PATH=/home/nikhil/ROS/ros2_ws/install/my_robot_interfaces:/home/nikhil/ROS/ros2_ws/install/cpp_pkg:/home/nikhil/ROS/ros2_ws/install/course_activities:/opt/ros/humble:/home/nikhil/ROS/ros2_ws/install/py_pkg /usr/bin/cmake --install /home/nikhil/ROS/ros2_ws/build/cpp_pkg
[0.658s] Level 1:colcon.colcon_core.environment:create_environment_scripts_only(cpp_pkg)
[0.658s] Level 1:colcon.colcon_core.environment:checking '/home/nikhil/ROS/ros2_ws/install/cpp_pkg' for CMake module files
[0.658s] DEBUG:colcon.colcon_core.event_handler.log_command:Invoked command in '/home/nikhil/ROS/ros2_ws/build/cpp_pkg' returned '0': CMAKE_PREFIX_PATH=/home/nikhil/ROS/ros2_ws/install/my_robot_interfaces:/home/nikhil/ROS/ros2_ws/install/cpp_pkg:/home/nikhil/ROS/ros2_ws/install/course_activities:/opt/ros/humble:/home/nikhil/ROS/ros2_ws/install/py_pkg /usr/bin/cmake --install /home/nikhil/ROS/ros2_ws/build/cpp_pkg
[0.659s] Level 1:colcon.colcon_core.environment:checking '/home/nikhil/ROS/ros2_ws/install/cpp_pkg' for CMake config files
[0.659s] Level 1:colcon.colcon_core.shell:create_environment_hook('cpp_pkg', 'cmake_prefix_path')
[0.659s] INFO:colcon.colcon_core.shell:Creating environment hook '/home/nikhil/ROS/ros2_ws/install/cpp_pkg/share/cpp_pkg/hook/cmake_prefix_path.ps1'
[0.659s] INFO:colcon.colcon_core.shell:Creating environment descriptor '/home/nikhil/ROS/ros2_ws/install/cpp_pkg/share/cpp_pkg/hook/cmake_prefix_path.dsv'
[0.659s] INFO:colcon.colcon_core.shell:Creating environment hook '/home/nikhil/ROS/ros2_ws/install/cpp_pkg/share/cpp_pkg/hook/cmake_prefix_path.sh'
[0.659s] Level 1:colcon.colcon_core.environment:checking '/home/nikhil/ROS/ros2_ws/install/cpp_pkg/lib'
[0.660s] Level 1:colcon.colcon_core.environment:checking '/home/nikhil/ROS/ros2_ws/install/cpp_pkg/bin'
[0.660s] Level 1:colcon.colcon_core.environment:checking '/home/nikhil/ROS/ros2_ws/install/cpp_pkg/lib/pkgconfig/cpp_pkg.pc'
[0.660s] Level 1:colcon.colcon_core.environment:checking '/home/nikhil/ROS/ros2_ws/install/cpp_pkg/lib/python3.10/site-packages'
[0.660s] Level 1:colcon.colcon_core.environment:checking '/home/nikhil/ROS/ros2_ws/install/cpp_pkg/bin'
[0.660s] INFO:colcon.colcon_core.shell:Creating package script '/home/nikhil/ROS/ros2_ws/install/cpp_pkg/share/cpp_pkg/package.ps1'
[0.660s] INFO:colcon.colcon_core.shell:Creating package descriptor '/home/nikhil/ROS/ros2_ws/install/cpp_pkg/share/cpp_pkg/package.dsv'
[0.660s] INFO:colcon.colcon_core.shell:Creating package script '/home/nikhil/ROS/ros2_ws/install/cpp_pkg/share/cpp_pkg/package.sh'
[0.660s] INFO:colcon.colcon_core.shell:Creating package script '/home/nikhil/ROS/ros2_ws/install/cpp_pkg/share/cpp_pkg/package.bash'
[0.661s] INFO:colcon.colcon_core.shell:Creating package script '/home/nikhil/ROS/ros2_ws/install/cpp_pkg/share/cpp_pkg/package.zsh'
[0.661s] Level 1:colcon.colcon_core.environment:create_file_with_runtime_dependencies(/home/nikhil/ROS/ros2_ws/install/cpp_pkg/share/colcon-core/packages/cpp_pkg)
[0.692s] Level 1:colcon.colcon_core.environment:create_environment_scripts_only(cpp_pkg)
[0.692s] Level 1:colcon.colcon_core.environment:checking '/home/nikhil/ROS/ros2_ws/install/cpp_pkg' for CMake module files
[0.693s] Level 1:colcon.colcon_core.environment:checking '/home/nikhil/ROS/ros2_ws/install/cpp_pkg' for CMake config files
[0.693s] Level 1:colcon.colcon_core.shell:create_environment_hook('cpp_pkg', 'cmake_prefix_path')
[0.693s] INFO:colcon.colcon_core.shell:Creating environment hook '/home/nikhil/ROS/ros2_ws/install/cpp_pkg/share/cpp_pkg/hook/cmake_prefix_path.ps1'
[0.693s] INFO:colcon.colcon_core.shell:Creating environment descriptor '/home/nikhil/ROS/ros2_ws/install/cpp_pkg/share/cpp_pkg/hook/cmake_prefix_path.dsv'
[0.693s] INFO:colcon.colcon_core.shell:Creating environment hook '/home/nikhil/ROS/ros2_ws/install/cpp_pkg/share/cpp_pkg/hook/cmake_prefix_path.sh'
[0.693s] Level 1:colcon.colcon_core.environment:checking '/home/nikhil/ROS/ros2_ws/install/cpp_pkg/lib'
[0.693s] Level 1:colcon.colcon_core.environment:checking '/home/nikhil/ROS/ros2_ws/install/cpp_pkg/bin'
[0.693s] Level 1:colcon.colcon_core.environment:checking '/home/nikhil/ROS/ros2_ws/install/cpp_pkg/lib/pkgconfig/cpp_pkg.pc'
[0.693s] Level 1:colcon.colcon_core.environment:checking '/home/nikhil/ROS/ros2_ws/install/cpp_pkg/lib/python3.10/site-packages'
[0.694s] Level 1:colcon.colcon_core.environment:checking '/home/nikhil/ROS/ros2_ws/install/cpp_pkg/bin'
[0.694s] INFO:colcon.colcon_core.shell:Creating package script '/home/nikhil/ROS/ros2_ws/install/cpp_pkg/share/cpp_pkg/package.ps1'
[0.694s] INFO:colcon.colcon_core.shell:Creating package descriptor '/home/nikhil/ROS/ros2_ws/install/cpp_pkg/share/cpp_pkg/package.dsv'
[0.694s] INFO:colcon.colcon_core.shell:Creating package script '/home/nikhil/ROS/ros2_ws/install/cpp_pkg/share/cpp_pkg/package.sh'
[0.694s] INFO:colcon.colcon_core.shell:Creating package script '/home/nikhil/ROS/ros2_ws/install/cpp_pkg/share/cpp_pkg/package.bash'
[0.695s] INFO:colcon.colcon_core.shell:Creating package script '/home/nikhil/ROS/ros2_ws/install/cpp_pkg/share/cpp_pkg/package.zsh'
[0.695s] Level 1:colcon.colcon_core.environment:create_file_with_runtime_dependencies(/home/nikhil/ROS/ros2_ws/install/cpp_pkg/share/colcon-core/packages/cpp_pkg)
[0.707s] Level 1:colcon.colcon_core.environment:checking '/home/nikhil/ROS/ros2_ws/install/py_pkg' for CMake module files
[0.708s] DEBUG:colcon.colcon_core.event_handler.log_command:Invoked command in '/home/nikhil/ROS/ros2_ws/src/py_pkg' returned '0': PYTHONPATH=/home/nikhil/ROS/ros2_ws/build/py_pkg/prefix_override:/usr/lib/python3/dist-packages/colcon_core/task/python/colcon_distutils_commands:/home/nikhil/ROS/ros2_ws/install/py_pkg/lib/python3.10/site-packages:${PYTHONPATH} /usr/bin/python3 -W ignore:setup.py install is deprecated setup.py egg_info --egg-base ../../build/py_pkg build --build-base /home/nikhil/ROS/ros2_ws/build/py_pkg/build install --record /home/nikhil/ROS/ros2_ws/build/py_pkg/install.log --single-version-externally-managed install_data
[0.708s] Level 1:colcon.colcon_core.environment:checking '/home/nikhil/ROS/ros2_ws/install/py_pkg' for CMake config files
[0.708s] Level 1:colcon.colcon_core.environment:checking '/home/nikhil/ROS/ros2_ws/install/py_pkg/lib'
[0.708s] Level 1:colcon.colcon_core.environment:checking '/home/nikhil/ROS/ros2_ws/install/py_pkg/bin'
[0.708s] Level 1:colcon.colcon_core.environment:checking '/home/nikhil/ROS/ros2_ws/install/py_pkg/lib/pkgconfig/py_pkg.pc'
[0.709s] Level 1:colcon.colcon_core.environment:checking '/home/nikhil/ROS/ros2_ws/install/py_pkg/lib/python3.10/site-packages'
[0.709s] Level 1:colcon.colcon_core.shell:create_environment_hook('py_pkg', 'pythonpath')
[0.709s] INFO:colcon.colcon_core.shell:Creating environment hook '/home/nikhil/ROS/ros2_ws/install/py_pkg/share/py_pkg/hook/pythonpath.ps1'
[0.709s] INFO:colcon.colcon_core.shell:Creating environment descriptor '/home/nikhil/ROS/ros2_ws/install/py_pkg/share/py_pkg/hook/pythonpath.dsv'
[0.709s] INFO:colcon.colcon_core.shell:Creating environment hook '/home/nikhil/ROS/ros2_ws/install/py_pkg/share/py_pkg/hook/pythonpath.sh'
[0.709s] Level 1:colcon.colcon_core.environment:checking '/home/nikhil/ROS/ros2_ws/install/py_pkg/bin'
[0.710s] Level 1:colcon.colcon_core.environment:create_environment_scripts_only(py_pkg)
[0.710s] INFO:colcon.colcon_core.shell:Creating package script '/home/nikhil/ROS/ros2_ws/install/py_pkg/share/py_pkg/package.ps1'
[0.710s] INFO:colcon.colcon_core.shell:Creating package descriptor '/home/nikhil/ROS/ros2_ws/install/py_pkg/share/py_pkg/package.dsv'
[0.710s] INFO:colcon.colcon_core.shell:Creating package script '/home/nikhil/ROS/ros2_ws/install/py_pkg/share/py_pkg/package.sh'
[0.710s] INFO:colcon.colcon_core.shell:Creating package script '/home/nikhil/ROS/ros2_ws/install/py_pkg/share/py_pkg/package.bash'
[0.710s] INFO:colcon.colcon_core.shell:Creating package script '/home/nikhil/ROS/ros2_ws/install/py_pkg/share/py_pkg/package.zsh'
[0.710s] Level 1:colcon.colcon_core.environment:create_file_with_runtime_dependencies(/home/nikhil/ROS/ros2_ws/install/py_pkg/share/colcon-core/packages/py_pkg)
[0.711s] DEBUG:colcon.colcon_parallel_executor.executor.parallel:closing loop
[0.711s] DEBUG:colcon.colcon_parallel_executor.executor.parallel:loop closed
[0.711s] DEBUG:colcon.colcon_parallel_executor.executor.parallel:run_until_complete finished with '0'
[0.711s] DEBUG:colcon.colcon_core.event_reactor:joining thread
[0.714s] INFO:colcon.colcon_core.plugin_system:Skipping extension 'colcon_notification.desktop_notification.terminal_notifier': Not used on non-Darwin systems
[0.714s] INFO:colcon.colcon_core.plugin_system:Skipping extension 'colcon_notification.desktop_notification.win32': Not used on non-Windows systems
[0.714s] INFO:colcon.colcon_notification.desktop_notification:Sending desktop notification using 'notify2'
[0.721s] DEBUG:colcon.colcon_core.event_reactor:joined thread
[0.721s] INFO:colcon.colcon_core.shell:Creating prefix script '/home/nikhil/ROS/ros2_ws/install/local_setup.ps1'
[0.722s] INFO:colcon.colcon_core.shell:Creating prefix util module '/home/nikhil/ROS/ros2_ws/install/_local_setup_util_ps1.py'
[0.722s] INFO:colcon.colcon_core.shell:Creating prefix chain script '/home/nikhil/ROS/ros2_ws/install/setup.ps1'
[0.723s] INFO:colcon.colcon_core.shell:Creating prefix script '/home/nikhil/ROS/ros2_ws/install/local_setup.sh'
[0.723s] INFO:colcon.colcon_core.shell:Creating prefix util module '/home/nikhil/ROS/ros2_ws/install/_local_setup_util_sh.py'
[0.723s] INFO:colcon.colcon_core.shell:Creating prefix chain script '/home/nikhil/ROS/ros2_ws/install/setup.sh'
[0.724s] INFO:colcon.colcon_core.shell:Creating prefix script '/home/nikhil/ROS/ros2_ws/install/local_setup.bash'
[0.724s] INFO:colcon.colcon_core.shell:Creating prefix chain script '/home/nikhil/ROS/ros2_ws/install/setup.bash'
[0.725s] INFO:colcon.colcon_core.shell:Creating prefix script '/home/nikhil/ROS/ros2_ws/install/local_setup.zsh'
[0.725s] INFO:colcon.colcon_core.shell:Creating prefix chain script '/home/nikhil/ROS/ros2_ws/install/setup.zsh'
