[35m[1mConsolidate compiler generated dependencies of target diff_drive[0m
[ 50%] [32mBuilding CXX object CMakeFiles/diff_drive.dir/hardware/diffdrive_system.cpp.o[0m
In file included from [01m[K/opt/ros/humble/include/rclcpp/rclcpp/logging.hpp:24[m[K,
                 from [01m[K/opt/ros/humble/include/rclcpp/rclcpp/client.hpp:40[m[K,
                 from [01m[K/opt/ros/humble/include/rclcpp/rclcpp/callback_group.hpp:24[m[K,
                 from [01m[K/opt/ros/humble/include/rclcpp/rclcpp/any_executable.hpp:20[m[K,
                 from [01m[K/opt/ros/humble/include/rclcpp/rclcpp/memory_strategy.hpp:25[m[K,
                 from [01m[K/opt/ros/humble/include/rclcpp/rclcpp/memory_strategies.hpp:18[m[K,
                 from [01m[K/opt/ros/humble/include/rclcpp/rclcpp/executor_options.hpp:20[m[K,
                 from [01m[K/opt/ros/humble/include/rclcpp/rclcpp/executor.hpp:37[m[K,
                 from [01m[K/opt/ros/humble/include/rclcpp/rclcpp/executors/multi_threaded_executor.hpp:25[m[K,
                 from [01m[K/opt/ros/humble/include/rclcpp/rclcpp/executors.hpp:21[m[K,
                 from [01m[K/opt/ros/humble/include/rclcpp/rclcpp/rclcpp.hpp:155[m[K,
                 from [01m[K/home/nikhil/Work/ROS/control_ws/src/diff_drive/hardware/include/diff_drive/diffdrive_system.hpp:10[m[K,
                 from [01m[K/home/nikhil/Work/ROS/control_ws/src/diff_drive/hardware/diffdrive_system.cpp:1[m[K:
[01m[K/home/nikhil/Work/ROS/control_ws/src/diff_drive/hardware/diffdrive_system.cpp:[m[K In member function ‘[01m[Kvirtual hardware_interface::return_type diff_drive::DiffDriveHardware::write(const rclcpp::Time&, const rclcpp::Duration&)[m[K’:
[01m[K/home/nikhil/Work/ROS/control_ws/src/diff_drive/hardware/diffdrive_system.cpp:296:74:[m[K [01;35m[Kwarning: [m[Kformat ‘[01m[K%d[m[K’ expects argument of type ‘[01m[Kint[m[K’, but argument 5 has type ‘[01m[Kdouble[m[K’ [[01;35m[K]8;;https://gcc.gnu.org/onlinedocs/gcc/Warning-Options.html#index-Wformat=-Wformat=]8;;[m[K]
  296 | P_INFO(rclcpp::get_logger("DiffDriveHardware"), [01;35m[K"%d"[m[K, [32m[Kleft_wheel_vel[m[K);
      |                                                 [01;35m[K^~~~[m[K  [32m[K~~~~~~~~~~~~~~[m[K
      |                                                       [32m[K|[m[K
      |                                                       [32m[Kdouble[m[K

[01m[K/home/nikhil/Work/ROS/control_ws/src/diff_drive/hardware/diffdrive_system.cpp:296:76:[m[K [01;36m[Knote: [m[Kformat string is defined here
  296 | INFO(rclcpp::get_logger("DiffDriveHardware"), "[01;36m[K%d[m[K", left_wheel_vel);
      |                                                [01;36m[K~^[m[K
      |                                                 [01;36m[K|[m[K
      |                                                 [01;36m[Kint[m[K
      |                                                [32m[K%f[m[K
[100%] [32m[1mLinking CXX shared library libdiff_drive.so[0m
[100%] Built target diff_drive
-- Install configuration: ""
-- Execute custom install script
-- Up-to-date symlink: /home/nikhil/Work/ROS/control_ws/install/diff_drive/share/diff_drive//diff_drive.xml
-- Up-to-date symlink: /home/nikhil/Work/ROS/control_ws/install/diff_drive/include/diff_drive/diff_drive/diffdrive_system.hpp
-- Up-to-date symlink: /home/nikhil/Work/ROS/control_ws/install/diff_drive/include/diff_drive/diff_drive/visibility_control.h
-- Up-to-date symlink: /home/nikhil/Work/ROS/control_ws/install/diff_drive/include/diff_drive/diff_drive/wheel.hpp
-- Up-to-date symlink: /home/nikhil/Work/ROS/control_ws/install/diff_drive/share/diff_drive/ros2_control/diff_drive.ros2_control.xacro
-- Up-to-date symlink: /home/nikhil/Work/ROS/control_ws/install/diff_drive/share/diff_drive/urdf/diff_drive.materials.xacro
-- Up-to-date symlink: /home/nikhil/Work/ROS/control_ws/install/diff_drive/share/diff_drive/urdf/diff_drive.urdf.xacro
-- Up-to-date symlink: /home/nikhil/Work/ROS/control_ws/install/diff_drive/share/diff_drive/urdf/diff_drive_description.urdf.xacro
-- Up-to-date symlink: /home/nikhil/Work/ROS/control_ws/install/diff_drive/share/diff_drive/rviz/diff_drive.rviz
-- Up-to-date symlink: /home/nikhil/Work/ROS/control_ws/install/diff_drive/share/diff_drive/rviz/diff_drive_view.rviz
-- Up-to-date symlink: /home/nikhil/Work/ROS/control_ws/install/diff_drive/share/diff_drive/launch/diff_drive.launch.py
-- Up-to-date symlink: /home/nikhil/Work/ROS/control_ws/install/diff_drive/share/diff_drive/config/diff_drive_controllers.yaml
-- Up-to-date symlink: /home/nikhil/Work/ROS/control_ws/install/diff_drive/share/diff_drive/environment/library_path.sh
-- Up-to-date symlink: /home/nikhil/Work/ROS/control_ws/install/diff_drive/share/diff_drive/environment/library_path.dsv
-- Up-to-date symlink: /home/nikhil/Work/ROS/control_ws/install/diff_drive/share/ament_index/resource_index/package_run_dependencies/diff_drive
-- Up-to-date symlink: /home/nikhil/Work/ROS/control_ws/install/diff_drive/share/ament_index/resource_index/parent_prefix_path/diff_drive
-- Up-to-date symlink: /home/nikhil/Work/ROS/control_ws/install/diff_drive/share/diff_drive/environment/ament_prefix_path.sh
-- Up-to-date symlink: /home/nikhil/Work/ROS/control_ws/install/diff_drive/share/diff_drive/environment/ament_prefix_path.dsv
-- Up-to-date symlink: /home/nikhil/Work/ROS/control_ws/install/diff_drive/share/diff_drive/environment/path.sh
-- Up-to-date symlink: /home/nikhil/Work/ROS/control_ws/install/diff_drive/share/diff_drive/environment/path.dsv
-- Up-to-date symlink: /home/nikhil/Work/ROS/control_ws/install/diff_drive/share/diff_drive/local_setup.bash
-- Up-to-date symlink: /home/nikhil/Work/ROS/control_ws/install/diff_drive/share/diff_drive/local_setup.sh
-- Up-to-date symlink: /home/nikhil/Work/ROS/control_ws/install/diff_drive/share/diff_drive/local_setup.zsh
-- Up-to-date symlink: /home/nikhil/Work/ROS/control_ws/install/diff_drive/share/diff_drive/local_setup.dsv
-- Symlinking: /home/nikhil/Work/ROS/control_ws/install/diff_drive/share/diff_drive/package.dsv
-- Up-to-date symlink: /home/nikhil/Work/ROS/control_ws/install/diff_drive/share/ament_index/resource_index/packages/diff_drive
-- Up-to-date symlink: /home/nikhil/Work/ROS/control_ws/install/diff_drive/share/ament_index/resource_index/hardware_interface__pluginlib__plugin/diff_drive
-- Up-to-date symlink: /home/nikhil/Work/ROS/control_ws/install/diff_drive/share/diff_drive/cmake/ament_cmake_export_targets-extras.cmake
-- Up-to-date symlink: /home/nikhil/Work/ROS/control_ws/install/diff_drive/share/diff_drive/cmake/ament_cmake_export_dependencies-extras.cmake
-- Up-to-date symlink: /home/nikhil/Work/ROS/control_ws/install/diff_drive/share/diff_drive/cmake/diff_driveConfig.cmake
-- Up-to-date symlink: /home/nikhil/Work/ROS/control_ws/install/diff_drive/share/diff_drive/cmake/diff_driveConfig-version.cmake
-- Up-to-date symlink: /home/nikhil/Work/ROS/control_ws/install/diff_drive/share/diff_drive/package.xml
-- Installing: /home/nikhil/Work/ROS/control_ws/install/diff_drive/lib/libdiff_drive.so
-- Set runtime path of "/home/nikhil/Work/ROS/control_ws/install/diff_drive/lib/libdiff_drive.so" to ""
-- Up-to-date: /home/nikhil/Work/ROS/control_ws/install/diff_drive/share/diff_drive/cmake/export_diff_driveExport.cmake
-- Up-to-date: /home/nikhil/Work/ROS/control_ws/install/diff_drive/share/diff_drive/cmake/export_diff_driveExport-noconfig.cmake
