[0.012s] Invoking command in '/home/nikhil/Work/ROS/control_ws/build/diff_drive': CMAKE_PREFIX_PATH=${CMAKE_PREFIX_PATH}:/home/nikhil/Work/ROS/ros2_ws/install/py_pkg:/opt/ros/humble /usr/bin/cmake --build /home/nikhil/Work/ROS/control_ws/build/diff_drive -- -j20 -l20
[0.043s] [35m[1mConsolidate compiler generated dependencies of target diff_drive[0m
[0.059s] [ 50%] [32mBuilding CXX object CMakeFiles/diff_drive.dir/hardware/diffdrive_system.cpp.o[0m
[1.347s] In file included from [01m[K/opt/ros/humble/include/rclcpp/rclcpp/logging.hpp:24[m[K,
[1.347s]                  from [01m[K/opt/ros/humble/include/rclcpp/rclcpp/client.hpp:40[m[K,
[1.347s]                  from [01m[K/opt/ros/humble/include/rclcpp/rclcpp/callback_group.hpp:24[m[K,
[1.347s]                  from [01m[K/opt/ros/humble/include/rclcpp/rclcpp/any_executable.hpp:20[m[K,
[1.347s]                  from [01m[K/opt/ros/humble/include/rclcpp/rclcpp/memory_strategy.hpp:25[m[K,
[1.347s]                  from [01m[K/opt/ros/humble/include/rclcpp/rclcpp/memory_strategies.hpp:18[m[K,
[1.347s]                  from [01m[K/opt/ros/humble/include/rclcpp/rclcpp/executor_options.hpp:20[m[K,
[1.348s]                  from [01m[K/opt/ros/humble/include/rclcpp/rclcpp/executor.hpp:37[m[K,
[1.348s]                  from [01m[K/opt/ros/humble/include/rclcpp/rclcpp/executors/multi_threaded_executor.hpp:25[m[K,
[1.348s]                  from [01m[K/opt/ros/humble/include/rclcpp/rclcpp/executors.hpp:21[m[K,
[1.348s]                  from [01m[K/opt/ros/humble/include/rclcpp/rclcpp/rclcpp.hpp:155[m[K,
[1.348s]                  from [01m[K/home/nikhil/Work/ROS/control_ws/src/diff_drive/hardware/include/diff_drive/diffdrive_system.hpp:10[m[K,
[1.348s]                  from [01m[K/home/nikhil/Work/ROS/control_ws/src/diff_drive/hardware/diffdrive_system.cpp:1[m[K:
[1.348s] [01m[K/home/nikhil/Work/ROS/control_ws/src/diff_drive/hardware/diffdrive_system.cpp:[m[K In member function ‘[01m[Kvirtual hardware_interface::return_type diff_drive::DiffDriveHardware::write(const rclcpp::Time&, const rclcpp::Duration&)[m[K’:
[1.348s] [01m[K/home/nikhil/Work/ROS/control_ws/src/diff_drive/hardware/diffdrive_system.cpp:296:74:[m[K [01;35m[Kwarning: [m[Kformat ‘[01m[K%d[m[K’ expects argument of type ‘[01m[Kint[m[K’, but argument 5 has type ‘[01m[Kdouble[m[K’ [[01;35m[K]8;;https://gcc.gnu.org/onlinedocs/gcc/Warning-Options.html#index-Wformat=-Wformat=]8;;[m[K]
[1.348s]   296 | P_INFO(rclcpp::get_logger("DiffDriveHardware"), [01;35m[K"%d"[m[K, [32m[Kleft_wheel_vel[m[K);
[1.348s]       |                                                 [01;35m[K^~~~[m[K  [32m[K~~~~~~~~~~~~~~[m[K
[1.348s]       |                                                       [32m[K|[m[K
[1.348s]       |                                                       [32m[Kdouble[m[K
[1.348s] 
[1.348s] [01m[K/home/nikhil/Work/ROS/control_ws/src/diff_drive/hardware/diffdrive_system.cpp:296:76:[m[K [01;36m[Knote: [m[Kformat string is defined here
[1.348s]   296 | INFO(rclcpp::get_logger("DiffDriveHardware"), "[01;36m[K%d[m[K", left_wheel_vel);
[1.348s]       |                                                [01;36m[K~^[m[K
[1.348s]       |                                                 [01;36m[K|[m[K
[1.348s]       |                                                 [01;36m[Kint[m[K
[1.348s]       |                                                [32m[K%f[m[K
[6.681s] [100%] [32m[1mLinking CXX shared library libdiff_drive.so[0m
[7.093s] [100%] Built target diff_drive
[7.104s] Invoked command in '/home/nikhil/Work/ROS/control_ws/build/diff_drive' returned '0': CMAKE_PREFIX_PATH=${CMAKE_PREFIX_PATH}:/home/nikhil/Work/ROS/ros2_ws/install/py_pkg:/opt/ros/humble /usr/bin/cmake --build /home/nikhil/Work/ROS/control_ws/build/diff_drive -- -j20 -l20
[7.106s] Invoking command in '/home/nikhil/Work/ROS/control_ws/build/diff_drive': CMAKE_PREFIX_PATH=${CMAKE_PREFIX_PATH}:/home/nikhil/Work/ROS/ros2_ws/install/py_pkg:/opt/ros/humble /usr/bin/cmake --install /home/nikhil/Work/ROS/control_ws/build/diff_drive
[7.110s] -- Install configuration: ""
[7.110s] -- Execute custom install script
[7.110s] -- Up-to-date symlink: /home/nikhil/Work/ROS/control_ws/install/diff_drive/share/diff_drive//diff_drive.xml
[7.110s] -- Up-to-date symlink: /home/nikhil/Work/ROS/control_ws/install/diff_drive/include/diff_drive/diff_drive/diffdrive_system.hpp
[7.110s] -- Up-to-date symlink: /home/nikhil/Work/ROS/control_ws/install/diff_drive/include/diff_drive/diff_drive/visibility_control.h
[7.110s] -- Up-to-date symlink: /home/nikhil/Work/ROS/control_ws/install/diff_drive/include/diff_drive/diff_drive/wheel.hpp
[7.111s] -- Up-to-date symlink: /home/nikhil/Work/ROS/control_ws/install/diff_drive/share/diff_drive/ros2_control/diff_drive.ros2_control.xacro
[7.111s] -- Up-to-date symlink: /home/nikhil/Work/ROS/control_ws/install/diff_drive/share/diff_drive/urdf/diff_drive.materials.xacro
[7.111s] -- Up-to-date symlink: /home/nikhil/Work/ROS/control_ws/install/diff_drive/share/diff_drive/urdf/diff_drive.urdf.xacro
[7.111s] -- Up-to-date symlink: /home/nikhil/Work/ROS/control_ws/install/diff_drive/share/diff_drive/urdf/diff_drive_description.urdf.xacro
[7.111s] -- Up-to-date symlink: /home/nikhil/Work/ROS/control_ws/install/diff_drive/share/diff_drive/rviz/diff_drive.rviz
[7.111s] -- Up-to-date symlink: /home/nikhil/Work/ROS/control_ws/install/diff_drive/share/diff_drive/rviz/diff_drive_view.rviz
[7.111s] -- Up-to-date symlink: /home/nikhil/Work/ROS/control_ws/install/diff_drive/share/diff_drive/launch/diff_drive.launch.py
[7.112s] -- Up-to-date symlink: /home/nikhil/Work/ROS/control_ws/install/diff_drive/share/diff_drive/config/diff_drive_controllers.yaml
[7.112s] -- Up-to-date symlink: /home/nikhil/Work/ROS/control_ws/install/diff_drive/share/diff_drive/environment/library_path.sh
[7.112s] -- Up-to-date symlink: /home/nikhil/Work/ROS/control_ws/install/diff_drive/share/diff_drive/environment/library_path.dsv
[7.112s] -- Up-to-date symlink: /home/nikhil/Work/ROS/control_ws/install/diff_drive/share/ament_index/resource_index/package_run_dependencies/diff_drive
[7.112s] -- Up-to-date symlink: /home/nikhil/Work/ROS/control_ws/install/diff_drive/share/ament_index/resource_index/parent_prefix_path/diff_drive
[7.112s] -- Up-to-date symlink: /home/nikhil/Work/ROS/control_ws/install/diff_drive/share/diff_drive/environment/ament_prefix_path.sh
[7.112s] -- Up-to-date symlink: /home/nikhil/Work/ROS/control_ws/install/diff_drive/share/diff_drive/environment/ament_prefix_path.dsv
[7.112s] -- Up-to-date symlink: /home/nikhil/Work/ROS/control_ws/install/diff_drive/share/diff_drive/environment/path.sh
[7.112s] -- Up-to-date symlink: /home/nikhil/Work/ROS/control_ws/install/diff_drive/share/diff_drive/environment/path.dsv
[7.112s] -- Up-to-date symlink: /home/nikhil/Work/ROS/control_ws/install/diff_drive/share/diff_drive/local_setup.bash
[7.113s] -- Up-to-date symlink: /home/nikhil/Work/ROS/control_ws/install/diff_drive/share/diff_drive/local_setup.sh
[7.113s] -- Up-to-date symlink: /home/nikhil/Work/ROS/control_ws/install/diff_drive/share/diff_drive/local_setup.zsh
[7.113s] -- Up-to-date symlink: /home/nikhil/Work/ROS/control_ws/install/diff_drive/share/diff_drive/local_setup.dsv
[7.113s] -- Symlinking: /home/nikhil/Work/ROS/control_ws/install/diff_drive/share/diff_drive/package.dsv
[7.121s] -- Up-to-date symlink: /home/nikhil/Work/ROS/control_ws/install/diff_drive/share/ament_index/resource_index/packages/diff_drive
[7.121s] -- Up-to-date symlink: /home/nikhil/Work/ROS/control_ws/install/diff_drive/share/ament_index/resource_index/hardware_interface__pluginlib__plugin/diff_drive
[7.121s] -- Up-to-date symlink: /home/nikhil/Work/ROS/control_ws/install/diff_drive/share/diff_drive/cmake/ament_cmake_export_targets-extras.cmake
[7.121s] -- Up-to-date symlink: /home/nikhil/Work/ROS/control_ws/install/diff_drive/share/diff_drive/cmake/ament_cmake_export_dependencies-extras.cmake
[7.121s] -- Up-to-date symlink: /home/nikhil/Work/ROS/control_ws/install/diff_drive/share/diff_drive/cmake/diff_driveConfig.cmake
[7.121s] -- Up-to-date symlink: /home/nikhil/Work/ROS/control_ws/install/diff_drive/share/diff_drive/cmake/diff_driveConfig-version.cmake
[7.121s] -- Up-to-date symlink: /home/nikhil/Work/ROS/control_ws/install/diff_drive/share/diff_drive/package.xml
[7.121s] -- Installing: /home/nikhil/Work/ROS/control_ws/install/diff_drive/lib/libdiff_drive.so
[7.129s] -- Set runtime path of "/home/nikhil/Work/ROS/control_ws/install/diff_drive/lib/libdiff_drive.so" to ""
[7.129s] -- Up-to-date: /home/nikhil/Work/ROS/control_ws/install/diff_drive/share/diff_drive/cmake/export_diff_driveExport.cmake
[7.129s] -- Up-to-date: /home/nikhil/Work/ROS/control_ws/install/diff_drive/share/diff_drive/cmake/export_diff_driveExport-noconfig.cmake
[7.131s] Invoked command in '/home/nikhil/Work/ROS/control_ws/build/diff_drive' returned '0': CMAKE_PREFIX_PATH=${CMAKE_PREFIX_PATH}:/home/nikhil/Work/ROS/ros2_ws/install/py_pkg:/opt/ros/humble /usr/bin/cmake --install /home/nikhil/Work/ROS/control_ws/build/diff_drive
