[0.005s] Invoking command in '/home/nikhil/Work/ROS/ros2_ws_1/build/mera_robot_bringup': AMENT_PREFIX_PATH=/home/nikhil/Work/ROS/ros2_ws_1/install/my_robot_description:${AMENT_PREFIX_PATH} CMAKE_PREFIX_PATH=/home/nikhil/Work/ROS/ros2_ws_1/install/my_robot_description:/home/nikhil/Work/ROS/turtlebot3_ws/install/turtlebot3_simulations:/home/nikhil/Work/ROS/turtlebot3_ws/install/turtlebot3_gazebo:/home/nikhil/Work/ROS/turtlebot3_ws/install/turtlebot3_fake_node:/home/nikhil/Work/ROS/ros2_ws_1/install/mera_robot_bringup:/home/nikhil/Work/ROS/ros2_ws/install/my_robot_bringup:/home/nikhil/Work/ROS/ros2_ws/install/cpp_pkg:/home/nikhil/Work/ROS/ros2_ws/install/course_activities:/home/nikhil/Work/ROS/ros2_ws/install/my_robot_interfaces:/home/nikhil/Work/ROS/ros2_ws/install/py_pkg:/opt/ros/humble /usr/bin/cmake --build /home/nikhil/Work/ROS/ros2_ws_1/build/mera_robot_bringup -- -j20 -l20
[0.035s] Invoked command in '/home/nikhil/Work/ROS/ros2_ws_1/build/mera_robot_bringup' returned '0': AMENT_PREFIX_PATH=/home/nikhil/Work/ROS/ros2_ws_1/install/my_robot_description:${AMENT_PREFIX_PATH} CMAKE_PREFIX_PATH=/home/nikhil/Work/ROS/ros2_ws_1/install/my_robot_description:/home/nikhil/Work/ROS/turtlebot3_ws/install/turtlebot3_simulations:/home/nikhil/Work/ROS/turtlebot3_ws/install/turtlebot3_gazebo:/home/nikhil/Work/ROS/turtlebot3_ws/install/turtlebot3_fake_node:/home/nikhil/Work/ROS/ros2_ws_1/install/mera_robot_bringup:/home/nikhil/Work/ROS/ros2_ws/install/my_robot_bringup:/home/nikhil/Work/ROS/ros2_ws/install/cpp_pkg:/home/nikhil/Work/ROS/ros2_ws/install/course_activities:/home/nikhil/Work/ROS/ros2_ws/install/my_robot_interfaces:/home/nikhil/Work/ROS/ros2_ws/install/py_pkg:/opt/ros/humble /usr/bin/cmake --build /home/nikhil/Work/ROS/ros2_ws_1/build/mera_robot_bringup -- -j20 -l20
[0.036s] Invoking command in '/home/nikhil/Work/ROS/ros2_ws_1/build/mera_robot_bringup': AMENT_PREFIX_PATH=/home/nikhil/Work/ROS/ros2_ws_1/install/my_robot_description:${AMENT_PREFIX_PATH} CMAKE_PREFIX_PATH=/home/nikhil/Work/ROS/ros2_ws_1/install/my_robot_description:/home/nikhil/Work/ROS/turtlebot3_ws/install/turtlebot3_simulations:/home/nikhil/Work/ROS/turtlebot3_ws/install/turtlebot3_gazebo:/home/nikhil/Work/ROS/turtlebot3_ws/install/turtlebot3_fake_node:/home/nikhil/Work/ROS/ros2_ws_1/install/mera_robot_bringup:/home/nikhil/Work/ROS/ros2_ws/install/my_robot_bringup:/home/nikhil/Work/ROS/ros2_ws/install/cpp_pkg:/home/nikhil/Work/ROS/ros2_ws/install/course_activities:/home/nikhil/Work/ROS/ros2_ws/install/my_robot_interfaces:/home/nikhil/Work/ROS/ros2_ws/install/py_pkg:/opt/ros/humble /usr/bin/cmake --install /home/nikhil/Work/ROS/ros2_ws_1/build/mera_robot_bringup
[0.043s] -- Install configuration: ""
[0.044s] -- Up-to-date: /home/nikhil/Work/ROS/ros2_ws_1/install/mera_robot_bringup/share/mera_robot_bringup//launch
[0.044s] -- Up-to-date: /home/nikhil/Work/ROS/ros2_ws_1/install/mera_robot_bringup/share/mera_robot_bringup//launch/mera_robot_gazebo.launch.xml
[0.044s] -- Up-to-date: /home/nikhil/Work/ROS/ros2_ws_1/install/mera_robot_bringup/share/mera_robot_bringup//rviz
[0.044s] -- Up-to-date: /home/nikhil/Work/ROS/ros2_ws_1/install/mera_robot_bringup/share/mera_robot_bringup//rviz/urdf_config.rviz
[0.044s] -- Up-to-date: /home/nikhil/Work/ROS/ros2_ws_1/install/mera_robot_bringup/share/ament_index/resource_index/package_run_dependencies/mera_robot_bringup
[0.044s] -- Up-to-date: /home/nikhil/Work/ROS/ros2_ws_1/install/mera_robot_bringup/share/ament_index/resource_index/parent_prefix_path/mera_robot_bringup
[0.044s] -- Up-to-date: /home/nikhil/Work/ROS/ros2_ws_1/install/mera_robot_bringup/share/mera_robot_bringup/environment/ament_prefix_path.sh
[0.044s] -- Up-to-date: /home/nikhil/Work/ROS/ros2_ws_1/install/mera_robot_bringup/share/mera_robot_bringup/environment/ament_prefix_path.dsv
[0.044s] -- Up-to-date: /home/nikhil/Work/ROS/ros2_ws_1/install/mera_robot_bringup/share/mera_robot_bringup/environment/path.sh
[0.044s] -- Up-to-date: /home/nikhil/Work/ROS/ros2_ws_1/install/mera_robot_bringup/share/mera_robot_bringup/environment/path.dsv
[0.044s] -- Up-to-date: /home/nikhil/Work/ROS/ros2_ws_1/install/mera_robot_bringup/share/mera_robot_bringup/local_setup.bash
[0.044s] -- Up-to-date: /home/nikhil/Work/ROS/ros2_ws_1/install/mera_robot_bringup/share/mera_robot_bringup/local_setup.sh
[0.044s] -- Up-to-date: /home/nikhil/Work/ROS/ros2_ws_1/install/mera_robot_bringup/share/mera_robot_bringup/local_setup.zsh
[0.044s] -- Up-to-date: /home/nikhil/Work/ROS/ros2_ws_1/install/mera_robot_bringup/share/mera_robot_bringup/local_setup.dsv
[0.045s] -- Up-to-date: /home/nikhil/Work/ROS/ros2_ws_1/install/mera_robot_bringup/share/mera_robot_bringup/package.dsv
[0.045s] -- Up-to-date: /home/nikhil/Work/ROS/ros2_ws_1/install/mera_robot_bringup/share/ament_index/resource_index/packages/mera_robot_bringup
[0.045s] -- Up-to-date: /home/nikhil/Work/ROS/ros2_ws_1/install/mera_robot_bringup/share/mera_robot_bringup/cmake/mera_robot_bringupConfig.cmake
[0.045s] -- Up-to-date: /home/nikhil/Work/ROS/ros2_ws_1/install/mera_robot_bringup/share/mera_robot_bringup/cmake/mera_robot_bringupConfig-version.cmake
[0.045s] -- Up-to-date: /home/nikhil/Work/ROS/ros2_ws_1/install/mera_robot_bringup/share/mera_robot_bringup/package.xml
[0.046s] Invoked command in '/home/nikhil/Work/ROS/ros2_ws_1/build/mera_robot_bringup' returned '0': AMENT_PREFIX_PATH=/home/nikhil/Work/ROS/ros2_ws_1/install/my_robot_description:${AMENT_PREFIX_PATH} CMAKE_PREFIX_PATH=/home/nikhil/Work/ROS/ros2_ws_1/install/my_robot_description:/home/nikhil/Work/ROS/turtlebot3_ws/install/turtlebot3_simulations:/home/nikhil/Work/ROS/turtlebot3_ws/install/turtlebot3_gazebo:/home/nikhil/Work/ROS/turtlebot3_ws/install/turtlebot3_fake_node:/home/nikhil/Work/ROS/ros2_ws_1/install/mera_robot_bringup:/home/nikhil/Work/ROS/ros2_ws/install/my_robot_bringup:/home/nikhil/Work/ROS/ros2_ws/install/cpp_pkg:/home/nikhil/Work/ROS/ros2_ws/install/course_activities:/home/nikhil/Work/ROS/ros2_ws/install/my_robot_interfaces:/home/nikhil/Work/ROS/ros2_ws/install/py_pkg:/opt/ros/humble /usr/bin/cmake --install /home/nikhil/Work/ROS/ros2_ws_1/build/mera_robot_bringup
