[0.007s] Invoking command in '/home/nikhil/ROS/ros2_ws_1/build/my_robot_description': CMAKE_PREFIX_PATH=${CMAKE_PREFIX_PATH}:/home/nikhil/ROS/ros2_ws/install/py_pkg:/opt/ros/humble /usr/bin/cmake --build /home/nikhil/ROS/ros2_ws_1/build/my_robot_description -- -j20 -l20
[0.044s] Invoked command in '/home/nikhil/ROS/ros2_ws_1/build/my_robot_description' returned '0': CMAKE_PREFIX_PATH=${CMAKE_PREFIX_PATH}:/home/nikhil/ROS/ros2_ws/install/py_pkg:/opt/ros/humble /usr/bin/cmake --build /home/nikhil/ROS/ros2_ws_1/build/my_robot_description -- -j20 -l20
[0.071s] Invoking command in '/home/nikhil/ROS/ros2_ws_1/build/my_robot_description': CMAKE_PREFIX_PATH=${CMAKE_PREFIX_PATH}:/home/nikhil/ROS/ros2_ws/install/py_pkg:/opt/ros/humble /usr/bin/cmake --install /home/nikhil/ROS/ros2_ws_1/build/my_robot_description
[0.076s] -- Install configuration: ""
[0.077s] -- Execute custom install script
[0.078s] -- Up-to-date symlink: /home/nikhil/ROS/ros2_ws_1/install/my_robot_description/share/my_robot_description//urdf/common_properties.xacro
[0.078s] -- Symlinking: /home/nikhil/ROS/ros2_ws_1/install/my_robot_description/share/my_robot_description//urdf/common_properties2.xacro
[0.084s] -- Up-to-date symlink: /home/nikhil/ROS/ros2_ws_1/install/my_robot_description/share/my_robot_description//urdf/mera_robot.xacro
[0.084s] -- Symlinking: /home/nikhil/ROS/ros2_ws_1/install/my_robot_description/share/my_robot_description//urdf/mera_robot2.xacro
[0.091s] -- Up-to-date symlink: /home/nikhil/ROS/ros2_ws_1/install/my_robot_description/share/my_robot_description//urdf/mobile_base.xacro
[0.091s] -- Symlinking: /home/nikhil/ROS/ros2_ws_1/install/my_robot_description/share/my_robot_description//urdf/mobile_base2.xacro
[0.097s] -- Up-to-date symlink: /home/nikhil/ROS/ros2_ws_1/install/my_robot_description/share/my_robot_description//urdf/my_robot.urdf.xacro
[0.097s] -- Up-to-date symlink: /home/nikhil/ROS/ros2_ws_1/install/my_robot_description/share/my_robot_description//launch/display.launch.xml
[0.097s] -- Up-to-date symlink: /home/nikhil/ROS/ros2_ws_1/install/my_robot_description/share/my_robot_description//launch/display2.launch.xml
[0.097s] -- Up-to-date symlink: /home/nikhil/ROS/ros2_ws_1/install/my_robot_description/share/my_robot_description//rviz/urdf_config.rviz
[0.097s] -- Up-to-date symlink: /home/nikhil/ROS/ros2_ws_1/install/my_robot_description/share/ament_index/resource_index/package_run_dependencies/my_robot_description
[0.098s] -- Up-to-date symlink: /home/nikhil/ROS/ros2_ws_1/install/my_robot_description/share/ament_index/resource_index/parent_prefix_path/my_robot_description
[0.098s] -- Up-to-date symlink: /home/nikhil/ROS/ros2_ws_1/install/my_robot_description/share/my_robot_description/environment/ament_prefix_path.sh
[0.098s] -- Up-to-date symlink: /home/nikhil/ROS/ros2_ws_1/install/my_robot_description/share/my_robot_description/environment/ament_prefix_path.dsv
[0.098s] -- Up-to-date symlink: /home/nikhil/ROS/ros2_ws_1/install/my_robot_description/share/my_robot_description/environment/path.sh
[0.098s] -- Up-to-date symlink: /home/nikhil/ROS/ros2_ws_1/install/my_robot_description/share/my_robot_description/environment/path.dsv
[0.098s] -- Up-to-date symlink: /home/nikhil/ROS/ros2_ws_1/install/my_robot_description/share/my_robot_description/local_setup.bash
[0.099s] -- Up-to-date symlink: /home/nikhil/ROS/ros2_ws_1/install/my_robot_description/share/my_robot_description/local_setup.sh
[0.099s] -- Up-to-date symlink: /home/nikhil/ROS/ros2_ws_1/install/my_robot_description/share/my_robot_description/local_setup.zsh
[0.099s] -- Up-to-date symlink: /home/nikhil/ROS/ros2_ws_1/install/my_robot_description/share/my_robot_description/local_setup.dsv
[0.099s] -- Symlinking: /home/nikhil/ROS/ros2_ws_1/install/my_robot_description/share/my_robot_description/package.dsv
[0.104s] -- Up-to-date symlink: /home/nikhil/ROS/ros2_ws_1/install/my_robot_description/share/ament_index/resource_index/packages/my_robot_description
[0.105s] -- Up-to-date symlink: /home/nikhil/ROS/ros2_ws_1/install/my_robot_description/share/my_robot_description/cmake/my_robot_descriptionConfig.cmake
[0.105s] -- Up-to-date symlink: /home/nikhil/ROS/ros2_ws_1/install/my_robot_description/share/my_robot_description/cmake/my_robot_descriptionConfig-version.cmake
[0.105s] -- Up-to-date symlink: /home/nikhil/ROS/ros2_ws_1/install/my_robot_description/share/my_robot_description/package.xml
[0.106s] Invoked command in '/home/nikhil/ROS/ros2_ws_1/build/my_robot_description' returned '0': CMAKE_PREFIX_PATH=${CMAKE_PREFIX_PATH}:/home/nikhil/ROS/ros2_ws/install/py_pkg:/opt/ros/humble /usr/bin/cmake --install /home/nikhil/ROS/ros2_ws_1/build/my_robot_description
