[0.008s] Invoking command in '/home/nikhil/Work/ROS/ros2_ws/build/my_robot_interfaces': CMAKE_PREFIX_PATH=${CMAKE_PREFIX_PATH}:/home/nikhil/Work/ROS/ros2_ws/install/py_pkg:/opt/ros/humble /usr/bin/cmake /home/nikhil/Work/ROS/ros2_ws/src/my_robot_interfaces -DCMAKE_INSTALL_PREFIX=/home/nikhil/Work/ROS/ros2_ws/install/my_robot_interfaces
[0.076s] -- The C compiler identification is GNU 11.4.0
[0.124s] -- The CXX compiler identification is GNU 11.4.0
[0.131s] -- Detecting C compiler ABI info
[0.178s] -- Detecting C compiler ABI info - done
[0.183s] -- Check for working C compiler: /usr/bin/cc - skipped
[0.183s] -- Detecting C compile features
[0.184s] -- Detecting C compile features - done
[0.186s] -- Detecting CXX compiler ABI info
[0.243s] -- Detecting CXX compiler ABI info - done
[0.250s] -- Check for working CXX compiler: /usr/bin/c++ - skipped
[0.250s] -- Detecting CXX compile features
[0.250s] -- Detecting CXX compile features - done
[0.255s] -- Found ament_cmake: 1.3.11 (/opt/ros/humble/share/ament_cmake/cmake)
[0.363s] -- Found Python3: /usr/bin/python3 (found version "3.10.12") found components: Interpreter 
[0.434s] -- Found rosidl_default_generators: 1.2.0 (/opt/ros/humble/share/rosidl_default_generators/cmake)
[0.437s] -- Using all available rosidl_typesupport_c: rosidl_typesupport_fastrtps_c;rosidl_typesupport_introspection_c
[0.442s] -- Found rosidl_adapter: 3.1.6 (/opt/ros/humble/share/rosidl_adapter/cmake)
[0.476s] -- Using all available rosidl_typesupport_cpp: rosidl_typesupport_fastrtps_cpp;rosidl_typesupport_introspection_cpp
[0.664s] -- Found ament_cmake_ros: 0.10.0 (/opt/ros/humble/share/ament_cmake_ros/cmake)
[0.778s] -- Using all available rosidl_typesupport_c: rosidl_typesupport_fastrtps_c;rosidl_typesupport_introspection_c
[0.927s] -- Using all available rosidl_typesupport_cpp: rosidl_typesupport_fastrtps_cpp;rosidl_typesupport_introspection_cpp
[0.942s] -- Found PythonInterp: /usr/bin/python3 (found suitable version "3.10.12", minimum required is "3.6") 
[0.944s] -- Found python_cmake_module: 0.10.0 (/opt/ros/humble/share/python_cmake_module/cmake)
[0.964s] -- Found PythonLibs: /usr/lib/x86_64-linux-gnu/libpython3.10.so (found suitable version "3.10.12", minimum required is "3.5") 
[0.965s] -- Using PYTHON_EXECUTABLE: /usr/bin/python3
[0.965s] -- Using PYTHON_INCLUDE_DIRS: /usr/include/python3.10
[0.965s] -- Using PYTHON_LIBRARIES: /usr/lib/x86_64-linux-gnu/libpython3.10.so
[0.977s] -- Found PythonExtra: .so  
[1.001s] -- Configuring done
[1.018s] -- Generating done
[1.024s] -- Build files have been written to: /home/nikhil/Work/ROS/ros2_ws/build/my_robot_interfaces
[1.030s] Invoked command in '/home/nikhil/Work/ROS/ros2_ws/build/my_robot_interfaces' returned '0': CMAKE_PREFIX_PATH=${CMAKE_PREFIX_PATH}:/home/nikhil/Work/ROS/ros2_ws/install/py_pkg:/opt/ros/humble /usr/bin/cmake /home/nikhil/Work/ROS/ros2_ws/src/my_robot_interfaces -DCMAKE_INSTALL_PREFIX=/home/nikhil/Work/ROS/ros2_ws/install/my_robot_interfaces
[1.031s] Invoking command in '/home/nikhil/Work/ROS/ros2_ws/build/my_robot_interfaces': CMAKE_PREFIX_PATH=${CMAKE_PREFIX_PATH}:/home/nikhil/Work/ROS/ros2_ws/install/py_pkg:/opt/ros/humble /usr/bin/cmake --build /home/nikhil/Work/ROS/ros2_ws/build/my_robot_interfaces -- -j20 -l20
[1.061s] [  1%] [34m[1mGenerating C code for ROS interfaces[0m
[1.069s] [  3%] [34m[1mGenerating C++ code for ROS interfaces[0m
[1.073s] [  3%] Built target ament_cmake_python_copy_my_robot_interfaces
[1.215s] running egg_info
[1.215s] creating my_robot_interfaces.egg-info
[1.215s] writing my_robot_interfaces.egg-info/PKG-INFO
[1.215s] writing dependency_links to my_robot_interfaces.egg-info/dependency_links.txt
[1.215s] writing top-level names to my_robot_interfaces.egg-info/top_level.txt
[1.215s] writing manifest file 'my_robot_interfaces.egg-info/SOURCES.txt'
[1.216s] reading manifest file 'my_robot_interfaces.egg-info/SOURCES.txt'
[1.217s] writing manifest file 'my_robot_interfaces.egg-info/SOURCES.txt'
[1.233s] [  3%] Built target ament_cmake_python_build_my_robot_interfaces_egg
[1.340s] [  3%] Built target my_robot_interfaces__cpp
[1.340s] [  4%] [32mBuilding C object CMakeFiles/my_robot_interfaces__rosidl_generator_c.dir/rosidl_generator_c/my_robot_interfaces/msg/detail/led_status__functions.c.o[0m
[1.341s] [  6%] [32mBuilding C object CMakeFiles/my_robot_interfaces__rosidl_generator_c.dir/rosidl_generator_c/my_robot_interfaces/srv/detail/set_led__functions.c.o[0m
[1.341s] [  7%] [32mBuilding C object CMakeFiles/my_robot_interfaces__rosidl_generator_c.dir/rosidl_generator_c/my_robot_interfaces/msg/detail/robot_location__functions.c.o[0m
[1.341s] [  9%] [32mBuilding C object CMakeFiles/my_robot_interfaces__rosidl_generator_c.dir/rosidl_generator_c/my_robot_interfaces/msg/detail/hardware_status__functions.c.o[0m
[1.341s] [ 11%] [32mBuilding C object CMakeFiles/my_robot_interfaces__rosidl_generator_c.dir/rosidl_generator_c/my_robot_interfaces/srv/detail/compute_rectangle__functions.c.o[0m
[1.346s] [ 12%] [34m[1mGenerating C++ type support for eProsima Fast-RTPS[0m
[1.347s] [ 14%] [34m[1mGenerating C++ type support dispatch for ROS interfaces[0m
[1.349s] [ 15%] [34m[1mGenerating C++ introspection for ROS interfaces[0m
[1.378s] [ 17%] [32m[1mLinking C shared library libmy_robot_interfaces__rosidl_generator_c.so[0m
[1.403s] [ 17%] Built target my_robot_interfaces__rosidl_generator_c
[1.411s] [ 19%] [34m[1mGenerating C type support for eProsima Fast-RTPS[0m
[1.411s] [ 22%] [34m[1mGenerating C type support dispatch for ROS interfaces[0m
[1.411s] [ 22%] [34m[1mGenerating C introspection for ROS interfaces[0m
[1.565s] [ 25%] [32mBuilding CXX object CMakeFiles/my_robot_interfaces__rosidl_typesupport_cpp.dir/rosidl_typesupport_cpp/my_robot_interfaces/msg/robot_location__type_support.cpp.o[0m
[1.565s] [ 25%] [32mBuilding CXX object CMakeFiles/my_robot_interfaces__rosidl_typesupport_cpp.dir/rosidl_typesupport_cpp/my_robot_interfaces/srv/compute_rectangle__type_support.cpp.o[0m
[1.566s] [ 26%] [32mBuilding CXX object CMakeFiles/my_robot_interfaces__rosidl_typesupport_cpp.dir/rosidl_typesupport_cpp/my_robot_interfaces/msg/hardware_status__type_support.cpp.o[0m
[1.566s] [ 28%] [32mBuilding CXX object CMakeFiles/my_robot_interfaces__rosidl_typesupport_cpp.dir/rosidl_typesupport_cpp/my_robot_interfaces/msg/led_status__type_support.cpp.o[0m
[1.567s] [ 30%] [32mBuilding CXX object CMakeFiles/my_robot_interfaces__rosidl_typesupport_cpp.dir/rosidl_typesupport_cpp/my_robot_interfaces/srv/set_led__type_support.cpp.o[0m
[1.591s] [ 33%] [32mBuilding CXX object CMakeFiles/my_robot_interfaces__rosidl_typesupport_introspection_cpp.dir/rosidl_typesupport_introspection_cpp/my_robot_interfaces/msg/detail/robot_location__type_support.cpp.o[0m
[1.591s] [ 33%] [32mBuilding CXX object CMakeFiles/my_robot_interfaces__rosidl_typesupport_introspection_cpp.dir/rosidl_typesupport_introspection_cpp/my_robot_interfaces/srv/detail/compute_rectangle__type_support.cpp.o[0m
[1.592s] [ 34%] [32mBuilding CXX object CMakeFiles/my_robot_interfaces__rosidl_typesupport_introspection_cpp.dir/rosidl_typesupport_introspection_cpp/my_robot_interfaces/srv/detail/set_led__type_support.cpp.o[0m
[1.593s] [ 38%] [32mBuilding CXX object CMakeFiles/my_robot_interfaces__rosidl_typesupport_introspection_cpp.dir/rosidl_typesupport_introspection_cpp/my_robot_interfaces/msg/detail/hardware_status__type_support.cpp.o[0m
[1.593s] [ 38%] [32mBuilding CXX object CMakeFiles/my_robot_interfaces__rosidl_typesupport_introspection_cpp.dir/rosidl_typesupport_introspection_cpp/my_robot_interfaces/msg/detail/led_status__type_support.cpp.o[0m
[1.633s] [ 39%] [32mBuilding CXX object CMakeFiles/my_robot_interfaces__rosidl_typesupport_c.dir/rosidl_typesupport_c/my_robot_interfaces/msg/hardware_status__type_support.cpp.o[0m
[1.633s] [ 41%] [32mBuilding CXX object CMakeFiles/my_robot_interfaces__rosidl_typesupport_c.dir/rosidl_typesupport_c/my_robot_interfaces/msg/robot_location__type_support.cpp.o[0m
[1.633s] [ 42%] [32mBuilding CXX object CMakeFiles/my_robot_interfaces__rosidl_typesupport_c.dir/rosidl_typesupport_c/my_robot_interfaces/srv/compute_rectangle__type_support.cpp.o[0m
[1.633s] [ 44%] [32mBuilding CXX object CMakeFiles/my_robot_interfaces__rosidl_typesupport_c.dir/rosidl_typesupport_c/my_robot_interfaces/srv/set_led__type_support.cpp.o[0m
[1.633s] [ 46%] [32mBuilding CXX object CMakeFiles/my_robot_interfaces__rosidl_typesupport_c.dir/rosidl_typesupport_c/my_robot_interfaces/msg/led_status__type_support.cpp.o[0m
[1.652s] [ 47%] [32mBuilding CXX object CMakeFiles/my_robot_interfaces__rosidl_typesupport_fastrtps_cpp.dir/rosidl_typesupport_fastrtps_cpp/my_robot_interfaces/msg/detail/dds_fastrtps/hardware_status__type_support.cpp.o[0m
[1.652s] [ 49%] [32mBuilding CXX object CMakeFiles/my_robot_interfaces__rosidl_typesupport_fastrtps_cpp.dir/rosidl_typesupport_fastrtps_cpp/my_robot_interfaces/msg/detail/dds_fastrtps/led_status__type_support.cpp.o[0m
[1.655s] [ 50%] [32mBuilding CXX object CMakeFiles/my_robot_interfaces__rosidl_typesupport_fastrtps_cpp.dir/rosidl_typesupport_fastrtps_cpp/my_robot_interfaces/msg/detail/dds_fastrtps/robot_location__type_support.cpp.o[0m
[1.661s] [ 52%] [32mBuilding CXX object CMakeFiles/my_robot_interfaces__rosidl_typesupport_fastrtps_cpp.dir/rosidl_typesupport_fastrtps_cpp/my_robot_interfaces/srv/detail/dds_fastrtps/compute_rectangle__type_support.cpp.o[0m
[1.661s] [ 53%] [32mBuilding CXX object CMakeFiles/my_robot_interfaces__rosidl_typesupport_fastrtps_cpp.dir/rosidl_typesupport_fastrtps_cpp/my_robot_interfaces/srv/detail/dds_fastrtps/set_led__type_support.cpp.o[0m
[1.663s] [ 55%] [32m[1mLinking CXX shared library libmy_robot_interfaces__rosidl_typesupport_c.so[0m
[1.707s] [ 55%] Built target my_robot_interfaces__rosidl_typesupport_c
[1.729s] [ 58%] [32mBuilding CXX object CMakeFiles/my_robot_interfaces__rosidl_typesupport_fastrtps_c.dir/rosidl_typesupport_fastrtps_c/my_robot_interfaces/msg/detail/led_status__type_support_c.cpp.o[0m
[1.729s] [ 58%] [32mBuilding CXX object CMakeFiles/my_robot_interfaces__rosidl_typesupport_fastrtps_c.dir/rosidl_typesupport_fastrtps_c/my_robot_interfaces/msg/detail/robot_location__type_support_c.cpp.o[0m
[1.729s] [ 60%] [32mBuilding CXX object CMakeFiles/my_robot_interfaces__rosidl_typesupport_fastrtps_c.dir/rosidl_typesupport_fastrtps_c/my_robot_interfaces/msg/detail/hardware_status__type_support_c.cpp.o[0m
[1.730s] [ 61%] [32mBuilding CXX object CMakeFiles/my_robot_interfaces__rosidl_typesupport_fastrtps_c.dir/rosidl_typesupport_fastrtps_c/my_robot_interfaces/srv/detail/compute_rectangle__type_support_c.cpp.o[0m
[1.787s] [ 63%] [32mBuilding CXX object CMakeFiles/my_robot_interfaces__rosidl_typesupport_fastrtps_c.dir/rosidl_typesupport_fastrtps_c/my_robot_interfaces/srv/detail/set_led__type_support_c.cpp.o[0m
[1.813s] [ 66%] [32mBuilding C object CMakeFiles/my_robot_interfaces__rosidl_typesupport_introspection_c.dir/rosidl_typesupport_introspection_c/my_robot_interfaces/msg/detail/hardware_status__type_support.c.o[0m
[1.813s] [ 66%] [32mBuilding C object CMakeFiles/my_robot_interfaces__rosidl_typesupport_introspection_c.dir/rosidl_typesupport_introspection_c/my_robot_interfaces/msg/detail/led_status__type_support.c.o[0m
[1.849s] [ 68%] [32mBuilding C object CMakeFiles/my_robot_interfaces__rosidl_typesupport_introspection_c.dir/rosidl_typesupport_introspection_c/my_robot_interfaces/msg/detail/robot_location__type_support.c.o[0m
[1.852s] [ 69%] [32mBuilding C object CMakeFiles/my_robot_interfaces__rosidl_typesupport_introspection_c.dir/rosidl_typesupport_introspection_c/my_robot_interfaces/srv/detail/compute_rectangle__type_support.c.o[0m
[1.870s] [ 71%] [32mBuilding C object CMakeFiles/my_robot_interfaces__rosidl_typesupport_introspection_c.dir/rosidl_typesupport_introspection_c/my_robot_interfaces/srv/detail/set_led__type_support.c.o[0m
[1.871s] [ 73%] [32m[1mLinking CXX shared library libmy_robot_interfaces__rosidl_typesupport_cpp.so[0m
[1.907s] [ 74%] [32m[1mLinking C shared library libmy_robot_interfaces__rosidl_typesupport_introspection_c.so[0m
[1.916s] [ 74%] Built target my_robot_interfaces__rosidl_typesupport_cpp
[1.939s] [ 74%] Built target my_robot_interfaces__rosidl_typesupport_introspection_c
[2.021s] [ 76%] [32m[1mLinking CXX shared library libmy_robot_interfaces__rosidl_typesupport_introspection_cpp.so[0m
[2.041s] [ 77%] [32m[1mLinking CXX shared library libmy_robot_interfaces__rosidl_typesupport_fastrtps_cpp.so[0m
[2.075s] [ 77%] Built target my_robot_interfaces__rosidl_typesupport_introspection_cpp
[2.090s] [ 77%] Built target my_robot_interfaces__rosidl_typesupport_fastrtps_cpp
[2.091s] [ 79%] [32m[1mLinking CXX shared library libmy_robot_interfaces__rosidl_typesupport_fastrtps_c.so[0m
[2.135s] [ 79%] Built target my_robot_interfaces__rosidl_typesupport_fastrtps_c
[2.149s] [ 79%] Built target my_robot_interfaces
[2.162s] [ 80%] [34m[1mGenerating Python code for ROS interfaces[0m
[2.550s] [ 80%] Built target my_robot_interfaces__py
[2.564s] [ 82%] [32mBuilding C object CMakeFiles/my_robot_interfaces__rosidl_generator_py.dir/rosidl_generator_py/my_robot_interfaces/srv/_set_led_s.c.o[0m
[2.564s] [ 84%] [32mBuilding C object CMakeFiles/my_robot_interfaces__rosidl_generator_py.dir/rosidl_generator_py/my_robot_interfaces/msg/_hardware_status_s.c.o[0m
[2.565s] [ 85%] [32mBuilding C object CMakeFiles/my_robot_interfaces__rosidl_generator_py.dir/rosidl_generator_py/my_robot_interfaces/msg/_robot_location_s.c.o[0m
[2.565s] [ 87%] [32mBuilding C object CMakeFiles/my_robot_interfaces__rosidl_generator_py.dir/rosidl_generator_py/my_robot_interfaces/msg/_led_status_s.c.o[0m
[2.566s] [ 88%] [32mBuilding C object CMakeFiles/my_robot_interfaces__rosidl_generator_py.dir/rosidl_generator_py/my_robot_interfaces/srv/_compute_rectangle_s.c.o[0m
[2.632s] [ 90%] [32m[1mLinking C shared library rosidl_generator_py/my_robot_interfaces/libmy_robot_interfaces__rosidl_generator_py.so[0m
[2.659s] [ 90%] Built target my_robot_interfaces__rosidl_generator_py
[2.674s] [ 92%] [32mBuilding C object CMakeFiles/my_robot_interfaces__rosidl_typesupport_fastrtps_c__pyext.dir/rosidl_generator_py/my_robot_interfaces/_my_robot_interfaces_s.ep.rosidl_typesupport_fastrtps_c.c.o[0m
[2.674s] [ 93%] [32mBuilding C object CMakeFiles/my_robot_interfaces__rosidl_typesupport_c__pyext.dir/rosidl_generator_py/my_robot_interfaces/_my_robot_interfaces_s.ep.rosidl_typesupport_c.c.o[0m
[2.675s] [ 95%] [32mBuilding C object CMakeFiles/my_robot_interfaces__rosidl_typesupport_introspection_c__pyext.dir/rosidl_generator_py/my_robot_interfaces/_my_robot_interfaces_s.ep.rosidl_typesupport_introspection_c.c.o[0m
[2.737s] [ 96%] [32m[1mLinking C shared library rosidl_generator_py/my_robot_interfaces/my_robot_interfaces_s__rosidl_typesupport_c.cpython-310-x86_64-linux-gnu.so[0m
[2.738s] [ 98%] [32m[1mLinking C shared library rosidl_generator_py/my_robot_interfaces/my_robot_interfaces_s__rosidl_typesupport_introspection_c.cpython-310-x86_64-linux-gnu.so[0m
[2.741s] [100%] [32m[1mLinking C shared library rosidl_generator_py/my_robot_interfaces/my_robot_interfaces_s__rosidl_typesupport_fastrtps_c.cpython-310-x86_64-linux-gnu.so[0m
[2.759s] [100%] Built target my_robot_interfaces__rosidl_typesupport_introspection_c__pyext
[2.759s] [100%] Built target my_robot_interfaces__rosidl_typesupport_c__pyext
[2.763s] [100%] Built target my_robot_interfaces__rosidl_typesupport_fastrtps_c__pyext
[2.771s] Invoked command in '/home/nikhil/Work/ROS/ros2_ws/build/my_robot_interfaces' returned '0': CMAKE_PREFIX_PATH=${CMAKE_PREFIX_PATH}:/home/nikhil/Work/ROS/ros2_ws/install/py_pkg:/opt/ros/humble /usr/bin/cmake --build /home/nikhil/Work/ROS/ros2_ws/build/my_robot_interfaces -- -j20 -l20
[2.777s] Invoking command in '/home/nikhil/Work/ROS/ros2_ws/build/my_robot_interfaces': CMAKE_PREFIX_PATH=${CMAKE_PREFIX_PATH}:/home/nikhil/Work/ROS/ros2_ws/install/py_pkg:/opt/ros/humble /usr/bin/cmake --install /home/nikhil/Work/ROS/ros2_ws/build/my_robot_interfaces
[2.781s] -- Install configuration: ""
[2.781s] -- Installing: /home/nikhil/Work/ROS/ros2_ws/install/my_robot_interfaces/share/ament_index/resource_index/rosidl_interfaces/my_robot_interfaces
[2.781s] -- Installing: /home/nikhil/Work/ROS/ros2_ws/install/my_robot_interfaces/include/my_robot_interfaces/my_robot_interfaces
[2.782s] -- Installing: /home/nikhil/Work/ROS/ros2_ws/install/my_robot_interfaces/include/my_robot_interfaces/my_robot_interfaces/msg
[2.782s] -- Installing: /home/nikhil/Work/ROS/ros2_ws/install/my_robot_interfaces/include/my_robot_interfaces/my_robot_interfaces/msg/robot_location.h
[2.782s] -- Installing: /home/nikhil/Work/ROS/ros2_ws/install/my_robot_interfaces/include/my_robot_interfaces/my_robot_interfaces/msg/rosidl_generator_c__visibility_control.h
[2.782s] -- Installing: /home/nikhil/Work/ROS/ros2_ws/install/my_robot_interfaces/include/my_robot_interfaces/my_robot_interfaces/msg/led_status.h
[2.782s] -- Installing: /home/nikhil/Work/ROS/ros2_ws/install/my_robot_interfaces/include/my_robot_interfaces/my_robot_interfaces/msg/hardware_status.h
[2.782s] -- Installing: /home/nikhil/Work/ROS/ros2_ws/install/my_robot_interfaces/include/my_robot_interfaces/my_robot_interfaces/msg/detail
[2.782s] -- Installing: /home/nikhil/Work/ROS/ros2_ws/install/my_robot_interfaces/include/my_robot_interfaces/my_robot_interfaces/msg/detail/hardware_status__type_support.h
[2.782s] -- Installing: /home/nikhil/Work/ROS/ros2_ws/install/my_robot_interfaces/include/my_robot_interfaces/my_robot_interfaces/msg/detail/robot_location__functions.c
[2.782s] -- Installing: /home/nikhil/Work/ROS/ros2_ws/install/my_robot_interfaces/include/my_robot_interfaces/my_robot_interfaces/msg/detail/led_status__functions.c
[2.782s] -- Installing: /home/nikhil/Work/ROS/ros2_ws/install/my_robot_interfaces/include/my_robot_interfaces/my_robot_interfaces/msg/detail/led_status__struct.h
[2.783s] -- Installing: /home/nikhil/Work/ROS/ros2_ws/install/my_robot_interfaces/include/my_robot_interfaces/my_robot_interfaces/msg/detail/hardware_status__functions.h
[2.783s] -- Installing: /home/nikhil/Work/ROS/ros2_ws/install/my_robot_interfaces/include/my_robot_interfaces/my_robot_interfaces/msg/detail/led_status__type_support.h
[2.783s] -- Installing: /home/nikhil/Work/ROS/ros2_ws/install/my_robot_interfaces/include/my_robot_interfaces/my_robot_interfaces/msg/detail/robot_location__type_support.h
[2.783s] -- Installing: /home/nikhil/Work/ROS/ros2_ws/install/my_robot_interfaces/include/my_robot_interfaces/my_robot_interfaces/msg/detail/led_status__functions.h
[2.783s] -- Installing: /home/nikhil/Work/ROS/ros2_ws/install/my_robot_interfaces/include/my_robot_interfaces/my_robot_interfaces/msg/detail/hardware_status__struct.h
[2.783s] -- Installing: /home/nikhil/Work/ROS/ros2_ws/install/my_robot_interfaces/include/my_robot_interfaces/my_robot_interfaces/msg/detail/robot_location__struct.h
[2.783s] -- Installing: /home/nikhil/Work/ROS/ros2_ws/install/my_robot_interfaces/include/my_robot_interfaces/my_robot_interfaces/msg/detail/hardware_status__functions.c
[2.783s] -- Installing: /home/nikhil/Work/ROS/ros2_ws/install/my_robot_interfaces/include/my_robot_interfaces/my_robot_interfaces/msg/detail/robot_location__functions.h
[2.783s] -- Installing: /home/nikhil/Work/ROS/ros2_ws/install/my_robot_interfaces/include/my_robot_interfaces/my_robot_interfaces/srv
[2.783s] -- Installing: /home/nikhil/Work/ROS/ros2_ws/install/my_robot_interfaces/include/my_robot_interfaces/my_robot_interfaces/srv/compute_rectangle.h
[2.784s] -- Installing: /home/nikhil/Work/ROS/ros2_ws/install/my_robot_interfaces/include/my_robot_interfaces/my_robot_interfaces/srv/set_led.h
[2.784s] -- Installing: /home/nikhil/Work/ROS/ros2_ws/install/my_robot_interfaces/include/my_robot_interfaces/my_robot_interfaces/srv/detail
[2.784s] -- Installing: /home/nikhil/Work/ROS/ros2_ws/install/my_robot_interfaces/include/my_robot_interfaces/my_robot_interfaces/srv/detail/compute_rectangle__functions.h
[2.784s] -- Installing: /home/nikhil/Work/ROS/ros2_ws/install/my_robot_interfaces/include/my_robot_interfaces/my_robot_interfaces/srv/detail/compute_rectangle__struct.h
[2.784s] -- Installing: /home/nikhil/Work/ROS/ros2_ws/install/my_robot_interfaces/include/my_robot_interfaces/my_robot_interfaces/srv/detail/set_led__functions.h
[2.784s] -- Installing: /home/nikhil/Work/ROS/ros2_ws/install/my_robot_interfaces/include/my_robot_interfaces/my_robot_interfaces/srv/detail/set_led__functions.c
[2.784s] -- Installing: /home/nikhil/Work/ROS/ros2_ws/install/my_robot_interfaces/include/my_robot_interfaces/my_robot_interfaces/srv/detail/set_led__type_support.h
[2.784s] -- Installing: /home/nikhil/Work/ROS/ros2_ws/install/my_robot_interfaces/include/my_robot_interfaces/my_robot_interfaces/srv/detail/compute_rectangle__type_support.h
[2.784s] -- Installing: /home/nikhil/Work/ROS/ros2_ws/install/my_robot_interfaces/include/my_robot_interfaces/my_robot_interfaces/srv/detail/compute_rectangle__functions.c
[2.784s] -- Installing: /home/nikhil/Work/ROS/ros2_ws/install/my_robot_interfaces/include/my_robot_interfaces/my_robot_interfaces/srv/detail/set_led__struct.h
[2.784s] -- Installing: /home/nikhil/Work/ROS/ros2_ws/install/my_robot_interfaces/share/my_robot_interfaces/environment/library_path.sh
[2.785s] -- Installing: /home/nikhil/Work/ROS/ros2_ws/install/my_robot_interfaces/share/my_robot_interfaces/environment/library_path.dsv
[2.785s] -- Installing: /home/nikhil/Work/ROS/ros2_ws/install/my_robot_interfaces/lib/libmy_robot_interfaces__rosidl_generator_c.so
[2.785s] -- Set runtime path of "/home/nikhil/Work/ROS/ros2_ws/install/my_robot_interfaces/lib/libmy_robot_interfaces__rosidl_generator_c.so" to ""
[2.785s] -- Up-to-date: /home/nikhil/Work/ROS/ros2_ws/install/my_robot_interfaces/include/my_robot_interfaces/my_robot_interfaces
[2.785s] -- Up-to-date: /home/nikhil/Work/ROS/ros2_ws/install/my_robot_interfaces/include/my_robot_interfaces/my_robot_interfaces/msg
[2.785s] -- Installing: /home/nikhil/Work/ROS/ros2_ws/install/my_robot_interfaces/include/my_robot_interfaces/my_robot_interfaces/msg/rosidl_typesupport_fastrtps_c__visibility_control.h
[2.785s] -- Up-to-date: /home/nikhil/Work/ROS/ros2_ws/install/my_robot_interfaces/include/my_robot_interfaces/my_robot_interfaces/msg/detail
[2.785s] -- Installing: /home/nikhil/Work/ROS/ros2_ws/install/my_robot_interfaces/include/my_robot_interfaces/my_robot_interfaces/msg/detail/led_status__rosidl_typesupport_fastrtps_c.h
[2.785s] -- Installing: /home/nikhil/Work/ROS/ros2_ws/install/my_robot_interfaces/include/my_robot_interfaces/my_robot_interfaces/msg/detail/robot_location__rosidl_typesupport_fastrtps_c.h
[2.785s] -- Installing: /home/nikhil/Work/ROS/ros2_ws/install/my_robot_interfaces/include/my_robot_interfaces/my_robot_interfaces/msg/detail/hardware_status__rosidl_typesupport_fastrtps_c.h
[2.785s] -- Up-to-date: /home/nikhil/Work/ROS/ros2_ws/install/my_robot_interfaces/include/my_robot_interfaces/my_robot_interfaces/srv
[2.785s] -- Up-to-date: /home/nikhil/Work/ROS/ros2_ws/install/my_robot_interfaces/include/my_robot_interfaces/my_robot_interfaces/srv/detail
[2.785s] -- Installing: /home/nikhil/Work/ROS/ros2_ws/install/my_robot_interfaces/include/my_robot_interfaces/my_robot_interfaces/srv/detail/compute_rectangle__rosidl_typesupport_fastrtps_c.h
[2.785s] -- Installing: /home/nikhil/Work/ROS/ros2_ws/install/my_robot_interfaces/include/my_robot_interfaces/my_robot_interfaces/srv/detail/set_led__rosidl_typesupport_fastrtps_c.h
[2.785s] -- Installing: /home/nikhil/Work/ROS/ros2_ws/install/my_robot_interfaces/lib/libmy_robot_interfaces__rosidl_typesupport_fastrtps_c.so
[2.785s] -- Set runtime path of "/home/nikhil/Work/ROS/ros2_ws/install/my_robot_interfaces/lib/libmy_robot_interfaces__rosidl_typesupport_fastrtps_c.so" to ""
[2.785s] -- Up-to-date: /home/nikhil/Work/ROS/ros2_ws/install/my_robot_interfaces/include/my_robot_interfaces/my_robot_interfaces
[2.785s] -- Up-to-date: /home/nikhil/Work/ROS/ros2_ws/install/my_robot_interfaces/include/my_robot_interfaces/my_robot_interfaces/msg
[2.785s] -- Installing: /home/nikhil/Work/ROS/ros2_ws/install/my_robot_interfaces/include/my_robot_interfaces/my_robot_interfaces/msg/rosidl_typesupport_introspection_c__visibility_control.h
[2.785s] -- Up-to-date: /home/nikhil/Work/ROS/ros2_ws/install/my_robot_interfaces/include/my_robot_interfaces/my_robot_interfaces/msg/detail
[2.785s] -- Installing: /home/nikhil/Work/ROS/ros2_ws/install/my_robot_interfaces/include/my_robot_interfaces/my_robot_interfaces/msg/detail/robot_location__rosidl_typesupport_introspection_c.h
[2.785s] -- Installing: /home/nikhil/Work/ROS/ros2_ws/install/my_robot_interfaces/include/my_robot_interfaces/my_robot_interfaces/msg/detail/led_status__type_support.c
[2.786s] -- Installing: /home/nikhil/Work/ROS/ros2_ws/install/my_robot_interfaces/include/my_robot_interfaces/my_robot_interfaces/msg/detail/hardware_status__rosidl_typesupport_introspection_c.h
[2.786s] -- Installing: /home/nikhil/Work/ROS/ros2_ws/install/my_robot_interfaces/include/my_robot_interfaces/my_robot_interfaces/msg/detail/hardware_status__type_support.c
[2.786s] -- Installing: /home/nikhil/Work/ROS/ros2_ws/install/my_robot_interfaces/include/my_robot_interfaces/my_robot_interfaces/msg/detail/led_status__rosidl_typesupport_introspection_c.h
[2.786s] -- Installing: /home/nikhil/Work/ROS/ros2_ws/install/my_robot_interfaces/include/my_robot_interfaces/my_robot_interfaces/msg/detail/robot_location__type_support.c
[2.786s] -- Up-to-date: /home/nikhil/Work/ROS/ros2_ws/install/my_robot_interfaces/include/my_robot_interfaces/my_robot_interfaces/srv
[2.786s] -- Up-to-date: /home/nikhil/Work/ROS/ros2_ws/install/my_robot_interfaces/include/my_robot_interfaces/my_robot_interfaces/srv/detail
[2.786s] -- Installing: /home/nikhil/Work/ROS/ros2_ws/install/my_robot_interfaces/include/my_robot_interfaces/my_robot_interfaces/srv/detail/set_led__rosidl_typesupport_introspection_c.h
[2.786s] -- Installing: /home/nikhil/Work/ROS/ros2_ws/install/my_robot_interfaces/include/my_robot_interfaces/my_robot_interfaces/srv/detail/set_led__type_support.c
[2.786s] -- Installing: /home/nikhil/Work/ROS/ros2_ws/install/my_robot_interfaces/include/my_robot_interfaces/my_robot_interfaces/srv/detail/compute_rectangle__rosidl_typesupport_introspection_c.h
[2.786s] -- Installing: /home/nikhil/Work/ROS/ros2_ws/install/my_robot_interfaces/include/my_robot_interfaces/my_robot_interfaces/srv/detail/compute_rectangle__type_support.c
[2.786s] -- Installing: /home/nikhil/Work/ROS/ros2_ws/install/my_robot_interfaces/lib/libmy_robot_interfaces__rosidl_typesupport_introspection_c.so
[2.786s] -- Set runtime path of "/home/nikhil/Work/ROS/ros2_ws/install/my_robot_interfaces/lib/libmy_robot_interfaces__rosidl_typesupport_introspection_c.so" to ""
[2.786s] -- Installing: /home/nikhil/Work/ROS/ros2_ws/install/my_robot_interfaces/lib/libmy_robot_interfaces__rosidl_typesupport_c.so
[2.786s] -- Set runtime path of "/home/nikhil/Work/ROS/ros2_ws/install/my_robot_interfaces/lib/libmy_robot_interfaces__rosidl_typesupport_c.so" to ""
[2.786s] -- Up-to-date: /home/nikhil/Work/ROS/ros2_ws/install/my_robot_interfaces/include/my_robot_interfaces/my_robot_interfaces
[2.786s] -- Up-to-date: /home/nikhil/Work/ROS/ros2_ws/install/my_robot_interfaces/include/my_robot_interfaces/my_robot_interfaces/msg
[2.786s] -- Installing: /home/nikhil/Work/ROS/ros2_ws/install/my_robot_interfaces/include/my_robot_interfaces/my_robot_interfaces/msg/led_status.hpp
[2.786s] -- Installing: /home/nikhil/Work/ROS/ros2_ws/install/my_robot_interfaces/include/my_robot_interfaces/my_robot_interfaces/msg/hardware_status.hpp
[2.786s] -- Installing: /home/nikhil/Work/ROS/ros2_ws/install/my_robot_interfaces/include/my_robot_interfaces/my_robot_interfaces/msg/robot_location.hpp
[2.786s] -- Installing: /home/nikhil/Work/ROS/ros2_ws/install/my_robot_interfaces/include/my_robot_interfaces/my_robot_interfaces/msg/rosidl_generator_cpp__visibility_control.hpp
[2.786s] -- Up-to-date: /home/nikhil/Work/ROS/ros2_ws/install/my_robot_interfaces/include/my_robot_interfaces/my_robot_interfaces/msg/detail
[2.786s] -- Installing: /home/nikhil/Work/ROS/ros2_ws/install/my_robot_interfaces/include/my_robot_interfaces/my_robot_interfaces/msg/detail/led_status__builder.hpp
[2.786s] -- Installing: /home/nikhil/Work/ROS/ros2_ws/install/my_robot_interfaces/include/my_robot_interfaces/my_robot_interfaces/msg/detail/hardware_status__builder.hpp
[2.786s] -- Installing: /home/nikhil/Work/ROS/ros2_ws/install/my_robot_interfaces/include/my_robot_interfaces/my_robot_interfaces/msg/detail/led_status__type_support.hpp
[2.786s] -- Installing: /home/nikhil/Work/ROS/ros2_ws/install/my_robot_interfaces/include/my_robot_interfaces/my_robot_interfaces/msg/detail/led_status__traits.hpp
[2.786s] -- Installing: /home/nikhil/Work/ROS/ros2_ws/install/my_robot_interfaces/include/my_robot_interfaces/my_robot_interfaces/msg/detail/robot_location__traits.hpp
[2.786s] -- Installing: /home/nikhil/Work/ROS/ros2_ws/install/my_robot_interfaces/include/my_robot_interfaces/my_robot_interfaces/msg/detail/hardware_status__traits.hpp
[2.786s] -- Installing: /home/nikhil/Work/ROS/ros2_ws/install/my_robot_interfaces/include/my_robot_interfaces/my_robot_interfaces/msg/detail/robot_location__builder.hpp
[2.786s] -- Installing: /home/nikhil/Work/ROS/ros2_ws/install/my_robot_interfaces/include/my_robot_interfaces/my_robot_interfaces/msg/detail/hardware_status__struct.hpp
[2.786s] -- Installing: /home/nikhil/Work/ROS/ros2_ws/install/my_robot_interfaces/include/my_robot_interfaces/my_robot_interfaces/msg/detail/hardware_status__type_support.hpp
[2.786s] -- Installing: /home/nikhil/Work/ROS/ros2_ws/install/my_robot_interfaces/include/my_robot_interfaces/my_robot_interfaces/msg/detail/robot_location__struct.hpp
[2.786s] -- Installing: /home/nikhil/Work/ROS/ros2_ws/install/my_robot_interfaces/include/my_robot_interfaces/my_robot_interfaces/msg/detail/robot_location__type_support.hpp
[2.786s] -- Installing: /home/nikhil/Work/ROS/ros2_ws/install/my_robot_interfaces/include/my_robot_interfaces/my_robot_interfaces/msg/detail/led_status__struct.hpp
[2.786s] -- Up-to-date: /home/nikhil/Work/ROS/ros2_ws/install/my_robot_interfaces/include/my_robot_interfaces/my_robot_interfaces/srv
[2.786s] -- Installing: /home/nikhil/Work/ROS/ros2_ws/install/my_robot_interfaces/include/my_robot_interfaces/my_robot_interfaces/srv/compute_rectangle.hpp
[2.786s] -- Installing: /home/nikhil/Work/ROS/ros2_ws/install/my_robot_interfaces/include/my_robot_interfaces/my_robot_interfaces/srv/set_led.hpp
[2.786s] -- Up-to-date: /home/nikhil/Work/ROS/ros2_ws/install/my_robot_interfaces/include/my_robot_interfaces/my_robot_interfaces/srv/detail
[2.786s] -- Installing: /home/nikhil/Work/ROS/ros2_ws/install/my_robot_interfaces/include/my_robot_interfaces/my_robot_interfaces/srv/detail/set_led__traits.hpp
[2.786s] -- Installing: /home/nikhil/Work/ROS/ros2_ws/install/my_robot_interfaces/include/my_robot_interfaces/my_robot_interfaces/srv/detail/compute_rectangle__traits.hpp
[2.787s] -- Installing: /home/nikhil/Work/ROS/ros2_ws/install/my_robot_interfaces/include/my_robot_interfaces/my_robot_interfaces/srv/detail/set_led__builder.hpp
[2.787s] -- Installing: /home/nikhil/Work/ROS/ros2_ws/install/my_robot_interfaces/include/my_robot_interfaces/my_robot_interfaces/srv/detail/set_led__type_support.hpp
[2.787s] -- Installing: /home/nikhil/Work/ROS/ros2_ws/install/my_robot_interfaces/include/my_robot_interfaces/my_robot_interfaces/srv/detail/set_led__struct.hpp
[2.787s] -- Installing: /home/nikhil/Work/ROS/ros2_ws/install/my_robot_interfaces/include/my_robot_interfaces/my_robot_interfaces/srv/detail/compute_rectangle__type_support.hpp
[2.787s] -- Installing: /home/nikhil/Work/ROS/ros2_ws/install/my_robot_interfaces/include/my_robot_interfaces/my_robot_interfaces/srv/detail/compute_rectangle__struct.hpp
[2.787s] -- Installing: /home/nikhil/Work/ROS/ros2_ws/install/my_robot_interfaces/include/my_robot_interfaces/my_robot_interfaces/srv/detail/compute_rectangle__builder.hpp
[2.787s] -- Up-to-date: /home/nikhil/Work/ROS/ros2_ws/install/my_robot_interfaces/include/my_robot_interfaces/my_robot_interfaces
[2.787s] -- Up-to-date: /home/nikhil/Work/ROS/ros2_ws/install/my_robot_interfaces/include/my_robot_interfaces/my_robot_interfaces/msg
[2.787s] -- Installing: /home/nikhil/Work/ROS/ros2_ws/install/my_robot_interfaces/include/my_robot_interfaces/my_robot_interfaces/msg/rosidl_typesupport_fastrtps_cpp__visibility_control.h
[2.787s] -- Up-to-date: /home/nikhil/Work/ROS/ros2_ws/install/my_robot_interfaces/include/my_robot_interfaces/my_robot_interfaces/msg/detail
[2.787s] -- Installing: /home/nikhil/Work/ROS/ros2_ws/install/my_robot_interfaces/include/my_robot_interfaces/my_robot_interfaces/msg/detail/robot_location__rosidl_typesupport_fastrtps_cpp.hpp
[2.787s] -- Installing: /home/nikhil/Work/ROS/ros2_ws/install/my_robot_interfaces/include/my_robot_interfaces/my_robot_interfaces/msg/detail/led_status__rosidl_typesupport_fastrtps_cpp.hpp
[2.787s] -- Installing: /home/nikhil/Work/ROS/ros2_ws/install/my_robot_interfaces/include/my_robot_interfaces/my_robot_interfaces/msg/detail/hardware_status__rosidl_typesupport_fastrtps_cpp.hpp
[2.787s] -- Installing: /home/nikhil/Work/ROS/ros2_ws/install/my_robot_interfaces/include/my_robot_interfaces/my_robot_interfaces/msg/detail/dds_fastrtps
[2.787s] -- Up-to-date: /home/nikhil/Work/ROS/ros2_ws/install/my_robot_interfaces/include/my_robot_interfaces/my_robot_interfaces/srv
[2.787s] -- Up-to-date: /home/nikhil/Work/ROS/ros2_ws/install/my_robot_interfaces/include/my_robot_interfaces/my_robot_interfaces/srv/detail
[2.787s] -- Installing: /home/nikhil/Work/ROS/ros2_ws/install/my_robot_interfaces/include/my_robot_interfaces/my_robot_interfaces/srv/detail/compute_rectangle__rosidl_typesupport_fastrtps_cpp.hpp
[2.787s] -- Installing: /home/nikhil/Work/ROS/ros2_ws/install/my_robot_interfaces/include/my_robot_interfaces/my_robot_interfaces/srv/detail/dds_fastrtps
[2.787s] -- Installing: /home/nikhil/Work/ROS/ros2_ws/install/my_robot_interfaces/include/my_robot_interfaces/my_robot_interfaces/srv/detail/set_led__rosidl_typesupport_fastrtps_cpp.hpp
[2.787s] -- Installing: /home/nikhil/Work/ROS/ros2_ws/install/my_robot_interfaces/lib/libmy_robot_interfaces__rosidl_typesupport_fastrtps_cpp.so
[2.787s] -- Set runtime path of "/home/nikhil/Work/ROS/ros2_ws/install/my_robot_interfaces/lib/libmy_robot_interfaces__rosidl_typesupport_fastrtps_cpp.so" to ""
[2.787s] -- Up-to-date: /home/nikhil/Work/ROS/ros2_ws/install/my_robot_interfaces/include/my_robot_interfaces/my_robot_interfaces
[2.787s] -- Up-to-date: /home/nikhil/Work/ROS/ros2_ws/install/my_robot_interfaces/include/my_robot_interfaces/my_robot_interfaces/msg
[2.787s] -- Up-to-date: /home/nikhil/Work/ROS/ros2_ws/install/my_robot_interfaces/include/my_robot_interfaces/my_robot_interfaces/msg/detail
[2.787s] -- Installing: /home/nikhil/Work/ROS/ros2_ws/install/my_robot_interfaces/include/my_robot_interfaces/my_robot_interfaces/msg/detail/hardware_status__type_support.cpp
[2.787s] -- Installing: /home/nikhil/Work/ROS/ros2_ws/install/my_robot_interfaces/include/my_robot_interfaces/my_robot_interfaces/msg/detail/robot_location__rosidl_typesupport_introspection_cpp.hpp
[2.787s] -- Installing: /home/nikhil/Work/ROS/ros2_ws/install/my_robot_interfaces/include/my_robot_interfaces/my_robot_interfaces/msg/detail/led_status__rosidl_typesupport_introspection_cpp.hpp
[2.787s] -- Installing: /home/nikhil/Work/ROS/ros2_ws/install/my_robot_interfaces/include/my_robot_interfaces/my_robot_interfaces/msg/detail/hardware_status__rosidl_typesupport_introspection_cpp.hpp
[2.787s] -- Installing: /home/nikhil/Work/ROS/ros2_ws/install/my_robot_interfaces/include/my_robot_interfaces/my_robot_interfaces/msg/detail/robot_location__type_support.cpp
[2.787s] -- Installing: /home/nikhil/Work/ROS/ros2_ws/install/my_robot_interfaces/include/my_robot_interfaces/my_robot_interfaces/msg/detail/led_status__type_support.cpp
[2.787s] -- Up-to-date: /home/nikhil/Work/ROS/ros2_ws/install/my_robot_interfaces/include/my_robot_interfaces/my_robot_interfaces/srv
[2.787s] -- Up-to-date: /home/nikhil/Work/ROS/ros2_ws/install/my_robot_interfaces/include/my_robot_interfaces/my_robot_interfaces/srv/detail
[2.787s] -- Installing: /home/nikhil/Work/ROS/ros2_ws/install/my_robot_interfaces/include/my_robot_interfaces/my_robot_interfaces/srv/detail/set_led__type_support.cpp
[2.787s] -- Installing: /home/nikhil/Work/ROS/ros2_ws/install/my_robot_interfaces/include/my_robot_interfaces/my_robot_interfaces/srv/detail/compute_rectangle__type_support.cpp
[2.787s] -- Installing: /home/nikhil/Work/ROS/ros2_ws/install/my_robot_interfaces/include/my_robot_interfaces/my_robot_interfaces/srv/detail/set_led__rosidl_typesupport_introspection_cpp.hpp
[2.787s] -- Installing: /home/nikhil/Work/ROS/ros2_ws/install/my_robot_interfaces/include/my_robot_interfaces/my_robot_interfaces/srv/detail/compute_rectangle__rosidl_typesupport_introspection_cpp.hpp
[2.787s] -- Installing: /home/nikhil/Work/ROS/ros2_ws/install/my_robot_interfaces/lib/libmy_robot_interfaces__rosidl_typesupport_introspection_cpp.so
[2.788s] -- Set runtime path of "/home/nikhil/Work/ROS/ros2_ws/install/my_robot_interfaces/lib/libmy_robot_interfaces__rosidl_typesupport_introspection_cpp.so" to ""
[2.788s] -- Installing: /home/nikhil/Work/ROS/ros2_ws/install/my_robot_interfaces/lib/libmy_robot_interfaces__rosidl_typesupport_cpp.so
[2.788s] -- Set runtime path of "/home/nikhil/Work/ROS/ros2_ws/install/my_robot_interfaces/lib/libmy_robot_interfaces__rosidl_typesupport_cpp.so" to ""
[2.788s] -- Installing: /home/nikhil/Work/ROS/ros2_ws/install/my_robot_interfaces/share/my_robot_interfaces/environment/pythonpath.sh
[2.788s] -- Installing: /home/nikhil/Work/ROS/ros2_ws/install/my_robot_interfaces/share/my_robot_interfaces/environment/pythonpath.dsv
[2.788s] -- Installing: /home/nikhil/Work/ROS/ros2_ws/install/my_robot_interfaces/local/lib/python3.10/dist-packages/my_robot_interfaces-0.0.0-py3.10.egg-info
[2.788s] -- Installing: /home/nikhil/Work/ROS/ros2_ws/install/my_robot_interfaces/local/lib/python3.10/dist-packages/my_robot_interfaces-0.0.0-py3.10.egg-info/top_level.txt
[2.788s] -- Installing: /home/nikhil/Work/ROS/ros2_ws/install/my_robot_interfaces/local/lib/python3.10/dist-packages/my_robot_interfaces-0.0.0-py3.10.egg-info/PKG-INFO
[2.788s] -- Installing: /home/nikhil/Work/ROS/ros2_ws/install/my_robot_interfaces/local/lib/python3.10/dist-packages/my_robot_interfaces-0.0.0-py3.10.egg-info/SOURCES.txt
[2.788s] -- Installing: /home/nikhil/Work/ROS/ros2_ws/install/my_robot_interfaces/local/lib/python3.10/dist-packages/my_robot_interfaces-0.0.0-py3.10.egg-info/dependency_links.txt
[2.788s] -- Installing: /home/nikhil/Work/ROS/ros2_ws/install/my_robot_interfaces/local/lib/python3.10/dist-packages/my_robot_interfaces
[2.788s] -- Installing: /home/nikhil/Work/ROS/ros2_ws/install/my_robot_interfaces/local/lib/python3.10/dist-packages/my_robot_interfaces/my_robot_interfaces_s__rosidl_typesupport_introspection_c.cpython-310-x86_64-linux-gnu.so
[2.788s] -- Installing: /home/nikhil/Work/ROS/ros2_ws/install/my_robot_interfaces/local/lib/python3.10/dist-packages/my_robot_interfaces/__init__.py
[2.788s] -- Installing: /home/nikhil/Work/ROS/ros2_ws/install/my_robot_interfaces/local/lib/python3.10/dist-packages/my_robot_interfaces/libmy_robot_interfaces__rosidl_generator_py.so
[2.788s] -- Installing: /home/nikhil/Work/ROS/ros2_ws/install/my_robot_interfaces/local/lib/python3.10/dist-packages/my_robot_interfaces/_my_robot_interfaces_s.ep.rosidl_typesupport_fastrtps_c.c
[2.788s] -- Installing: /home/nikhil/Work/ROS/ros2_ws/install/my_robot_interfaces/local/lib/python3.10/dist-packages/my_robot_interfaces/my_robot_interfaces_s__rosidl_typesupport_fastrtps_c.cpython-310-x86_64-linux-gnu.so
[2.788s] -- Installing: /home/nikhil/Work/ROS/ros2_ws/install/my_robot_interfaces/local/lib/python3.10/dist-packages/my_robot_interfaces/_my_robot_interfaces_s.ep.rosidl_typesupport_introspection_c.c
[2.788s] -- Installing: /home/nikhil/Work/ROS/ros2_ws/install/my_robot_interfaces/local/lib/python3.10/dist-packages/my_robot_interfaces/my_robot_interfaces_s__rosidl_typesupport_c.cpython-310-x86_64-linux-gnu.so
[2.788s] -- Installing: /home/nikhil/Work/ROS/ros2_ws/install/my_robot_interfaces/local/lib/python3.10/dist-packages/my_robot_interfaces/_my_robot_interfaces_s.ep.rosidl_typesupport_c.c
[2.788s] -- Installing: /home/nikhil/Work/ROS/ros2_ws/install/my_robot_interfaces/local/lib/python3.10/dist-packages/my_robot_interfaces/msg
[2.788s] -- Installing: /home/nikhil/Work/ROS/ros2_ws/install/my_robot_interfaces/local/lib/python3.10/dist-packages/my_robot_interfaces/msg/_robot_location_s.c
[2.788s] -- Installing: /home/nikhil/Work/ROS/ros2_ws/install/my_robot_interfaces/local/lib/python3.10/dist-packages/my_robot_interfaces/msg/_robot_location.py
[2.788s] -- Installing: /home/nikhil/Work/ROS/ros2_ws/install/my_robot_interfaces/local/lib/python3.10/dist-packages/my_robot_interfaces/msg/__init__.py
[2.788s] -- Installing: /home/nikhil/Work/ROS/ros2_ws/install/my_robot_interfaces/local/lib/python3.10/dist-packages/my_robot_interfaces/msg/_led_status_s.c
[2.788s] -- Installing: /home/nikhil/Work/ROS/ros2_ws/install/my_robot_interfaces/local/lib/python3.10/dist-packages/my_robot_interfaces/msg/_led_status.py
[2.788s] -- Installing: /home/nikhil/Work/ROS/ros2_ws/install/my_robot_interfaces/local/lib/python3.10/dist-packages/my_robot_interfaces/msg/_hardware_status.py
[2.788s] -- Installing: /home/nikhil/Work/ROS/ros2_ws/install/my_robot_interfaces/local/lib/python3.10/dist-packages/my_robot_interfaces/msg/_hardware_status_s.c
[2.788s] -- Installing: /home/nikhil/Work/ROS/ros2_ws/install/my_robot_interfaces/local/lib/python3.10/dist-packages/my_robot_interfaces/srv
[2.788s] -- Installing: /home/nikhil/Work/ROS/ros2_ws/install/my_robot_interfaces/local/lib/python3.10/dist-packages/my_robot_interfaces/srv/__init__.py
[2.788s] -- Installing: /home/nikhil/Work/ROS/ros2_ws/install/my_robot_interfaces/local/lib/python3.10/dist-packages/my_robot_interfaces/srv/_set_led.py
[2.788s] -- Installing: /home/nikhil/Work/ROS/ros2_ws/install/my_robot_interfaces/local/lib/python3.10/dist-packages/my_robot_interfaces/srv/_compute_rectangle.py
[2.788s] -- Installing: /home/nikhil/Work/ROS/ros2_ws/install/my_robot_interfaces/local/lib/python3.10/dist-packages/my_robot_interfaces/srv/_set_led_s.c
[2.788s] -- Installing: /home/nikhil/Work/ROS/ros2_ws/install/my_robot_interfaces/local/lib/python3.10/dist-packages/my_robot_interfaces/srv/_compute_rectangle_s.c
[2.811s] Listing '/home/nikhil/Work/ROS/ros2_ws/install/my_robot_interfaces/local/lib/python3.10/dist-packages/my_robot_interfaces'...
[2.811s] Compiling '/home/nikhil/Work/ROS/ros2_ws/install/my_robot_interfaces/local/lib/python3.10/dist-packages/my_robot_interfaces/__init__.py'...
[2.811s] Listing '/home/nikhil/Work/ROS/ros2_ws/install/my_robot_interfaces/local/lib/python3.10/dist-packages/my_robot_interfaces/msg'...
[2.811s] Compiling '/home/nikhil/Work/ROS/ros2_ws/install/my_robot_interfaces/local/lib/python3.10/dist-packages/my_robot_interfaces/msg/__init__.py'...
[2.811s] Compiling '/home/nikhil/Work/ROS/ros2_ws/install/my_robot_interfaces/local/lib/python3.10/dist-packages/my_robot_interfaces/msg/_hardware_status.py'...
[2.811s] Compiling '/home/nikhil/Work/ROS/ros2_ws/install/my_robot_interfaces/local/lib/python3.10/dist-packages/my_robot_interfaces/msg/_led_status.py'...
[2.811s] Compiling '/home/nikhil/Work/ROS/ros2_ws/install/my_robot_interfaces/local/lib/python3.10/dist-packages/my_robot_interfaces/msg/_robot_location.py'...
[2.811s] Listing '/home/nikhil/Work/ROS/ros2_ws/install/my_robot_interfaces/local/lib/python3.10/dist-packages/my_robot_interfaces/srv'...
[2.811s] Compiling '/home/nikhil/Work/ROS/ros2_ws/install/my_robot_interfaces/local/lib/python3.10/dist-packages/my_robot_interfaces/srv/__init__.py'...
[2.811s] Compiling '/home/nikhil/Work/ROS/ros2_ws/install/my_robot_interfaces/local/lib/python3.10/dist-packages/my_robot_interfaces/srv/_compute_rectangle.py'...
[2.811s] Compiling '/home/nikhil/Work/ROS/ros2_ws/install/my_robot_interfaces/local/lib/python3.10/dist-packages/my_robot_interfaces/srv/_set_led.py'...
[2.814s] -- Installing: /home/nikhil/Work/ROS/ros2_ws/install/my_robot_interfaces/local/lib/python3.10/dist-packages/my_robot_interfaces/my_robot_interfaces_s__rosidl_typesupport_fastrtps_c.cpython-310-x86_64-linux-gnu.so
[2.814s] -- Set runtime path of "/home/nikhil/Work/ROS/ros2_ws/install/my_robot_interfaces/local/lib/python3.10/dist-packages/my_robot_interfaces/my_robot_interfaces_s__rosidl_typesupport_fastrtps_c.cpython-310-x86_64-linux-gnu.so" to ""
[2.814s] -- Installing: /home/nikhil/Work/ROS/ros2_ws/install/my_robot_interfaces/local/lib/python3.10/dist-packages/my_robot_interfaces/my_robot_interfaces_s__rosidl_typesupport_introspection_c.cpython-310-x86_64-linux-gnu.so
[2.814s] -- Set runtime path of "/home/nikhil/Work/ROS/ros2_ws/install/my_robot_interfaces/local/lib/python3.10/dist-packages/my_robot_interfaces/my_robot_interfaces_s__rosidl_typesupport_introspection_c.cpython-310-x86_64-linux-gnu.so" to ""
[2.814s] -- Installing: /home/nikhil/Work/ROS/ros2_ws/install/my_robot_interfaces/local/lib/python3.10/dist-packages/my_robot_interfaces/my_robot_interfaces_s__rosidl_typesupport_c.cpython-310-x86_64-linux-gnu.so
[2.814s] -- Set runtime path of "/home/nikhil/Work/ROS/ros2_ws/install/my_robot_interfaces/local/lib/python3.10/dist-packages/my_robot_interfaces/my_robot_interfaces_s__rosidl_typesupport_c.cpython-310-x86_64-linux-gnu.so" to ""
[2.814s] -- Installing: /home/nikhil/Work/ROS/ros2_ws/install/my_robot_interfaces/lib/libmy_robot_interfaces__rosidl_generator_py.so
[2.814s] -- Set runtime path of "/home/nikhil/Work/ROS/ros2_ws/install/my_robot_interfaces/lib/libmy_robot_interfaces__rosidl_generator_py.so" to ""
[2.814s] -- Installing: /home/nikhil/Work/ROS/ros2_ws/install/my_robot_interfaces/share/my_robot_interfaces/msg/HardwareStatus.idl
[2.814s] -- Installing: /home/nikhil/Work/ROS/ros2_ws/install/my_robot_interfaces/share/my_robot_interfaces/msg/LedStatus.idl
[2.814s] -- Installing: /home/nikhil/Work/ROS/ros2_ws/install/my_robot_interfaces/share/my_robot_interfaces/msg/RobotLocation.idl
[2.815s] -- Installing: /home/nikhil/Work/ROS/ros2_ws/install/my_robot_interfaces/share/my_robot_interfaces/srv/ComputeRectangle.idl
[2.815s] -- Installing: /home/nikhil/Work/ROS/ros2_ws/install/my_robot_interfaces/share/my_robot_interfaces/srv/SetLed.idl
[2.815s] -- Installing: /home/nikhil/Work/ROS/ros2_ws/install/my_robot_interfaces/share/my_robot_interfaces/msg/HardwareStatus.msg
[2.815s] -- Installing: /home/nikhil/Work/ROS/ros2_ws/install/my_robot_interfaces/share/my_robot_interfaces/msg/LedStatus.msg
[2.815s] -- Installing: /home/nikhil/Work/ROS/ros2_ws/install/my_robot_interfaces/share/my_robot_interfaces/msg/RobotLocation.msg
[2.815s] -- Installing: /home/nikhil/Work/ROS/ros2_ws/install/my_robot_interfaces/share/my_robot_interfaces/srv/ComputeRectangle.srv
[2.815s] -- Installing: /home/nikhil/Work/ROS/ros2_ws/install/my_robot_interfaces/share/my_robot_interfaces/srv/ComputeRectangle_Request.msg
[2.815s] -- Installing: /home/nikhil/Work/ROS/ros2_ws/install/my_robot_interfaces/share/my_robot_interfaces/srv/ComputeRectangle_Response.msg
[2.815s] -- Installing: /home/nikhil/Work/ROS/ros2_ws/install/my_robot_interfaces/share/my_robot_interfaces/srv/SetLed.srv
[2.815s] -- Installing: /home/nikhil/Work/ROS/ros2_ws/install/my_robot_interfaces/share/my_robot_interfaces/srv/SetLed_Request.msg
[2.815s] -- Installing: /home/nikhil/Work/ROS/ros2_ws/install/my_robot_interfaces/share/my_robot_interfaces/srv/SetLed_Response.msg
[2.815s] -- Installing: /home/nikhil/Work/ROS/ros2_ws/install/my_robot_interfaces/share/ament_index/resource_index/package_run_dependencies/my_robot_interfaces
[2.815s] -- Installing: /home/nikhil/Work/ROS/ros2_ws/install/my_robot_interfaces/share/ament_index/resource_index/parent_prefix_path/my_robot_interfaces
[2.815s] -- Installing: /home/nikhil/Work/ROS/ros2_ws/install/my_robot_interfaces/share/my_robot_interfaces/environment/ament_prefix_path.sh
[2.815s] -- Installing: /home/nikhil/Work/ROS/ros2_ws/install/my_robot_interfaces/share/my_robot_interfaces/environment/ament_prefix_path.dsv
[2.815s] -- Installing: /home/nikhil/Work/ROS/ros2_ws/install/my_robot_interfaces/share/my_robot_interfaces/environment/path.sh
[2.815s] -- Installing: /home/nikhil/Work/ROS/ros2_ws/install/my_robot_interfaces/share/my_robot_interfaces/environment/path.dsv
[2.815s] -- Installing: /home/nikhil/Work/ROS/ros2_ws/install/my_robot_interfaces/share/my_robot_interfaces/local_setup.bash
[2.815s] -- Installing: /home/nikhil/Work/ROS/ros2_ws/install/my_robot_interfaces/share/my_robot_interfaces/local_setup.sh
[2.815s] -- Installing: /home/nikhil/Work/ROS/ros2_ws/install/my_robot_interfaces/share/my_robot_interfaces/local_setup.zsh
[2.815s] -- Installing: /home/nikhil/Work/ROS/ros2_ws/install/my_robot_interfaces/share/my_robot_interfaces/local_setup.dsv
[2.816s] -- Installing: /home/nikhil/Work/ROS/ros2_ws/install/my_robot_interfaces/share/my_robot_interfaces/package.dsv
[2.816s] -- Installing: /home/nikhil/Work/ROS/ros2_ws/install/my_robot_interfaces/share/ament_index/resource_index/packages/my_robot_interfaces
[2.816s] -- Installing: /home/nikhil/Work/ROS/ros2_ws/install/my_robot_interfaces/share/my_robot_interfaces/cmake/export_my_robot_interfaces__rosidl_generator_cExport.cmake
[2.816s] -- Installing: /home/nikhil/Work/ROS/ros2_ws/install/my_robot_interfaces/share/my_robot_interfaces/cmake/export_my_robot_interfaces__rosidl_generator_cExport-noconfig.cmake
[2.816s] -- Installing: /home/nikhil/Work/ROS/ros2_ws/install/my_robot_interfaces/share/my_robot_interfaces/cmake/export_my_robot_interfaces__rosidl_typesupport_fastrtps_cExport.cmake
[2.816s] -- Installing: /home/nikhil/Work/ROS/ros2_ws/install/my_robot_interfaces/share/my_robot_interfaces/cmake/export_my_robot_interfaces__rosidl_typesupport_fastrtps_cExport-noconfig.cmake
[2.816s] -- Installing: /home/nikhil/Work/ROS/ros2_ws/install/my_robot_interfaces/share/my_robot_interfaces/cmake/my_robot_interfaces__rosidl_typesupport_introspection_cExport.cmake
[2.816s] -- Installing: /home/nikhil/Work/ROS/ros2_ws/install/my_robot_interfaces/share/my_robot_interfaces/cmake/my_robot_interfaces__rosidl_typesupport_introspection_cExport-noconfig.cmake
[2.816s] -- Installing: /home/nikhil/Work/ROS/ros2_ws/install/my_robot_interfaces/share/my_robot_interfaces/cmake/my_robot_interfaces__rosidl_typesupport_cExport.cmake
[2.816s] -- Installing: /home/nikhil/Work/ROS/ros2_ws/install/my_robot_interfaces/share/my_robot_interfaces/cmake/my_robot_interfaces__rosidl_typesupport_cExport-noconfig.cmake
[2.816s] -- Installing: /home/nikhil/Work/ROS/ros2_ws/install/my_robot_interfaces/share/my_robot_interfaces/cmake/export_my_robot_interfaces__rosidl_generator_cppExport.cmake
[2.816s] -- Installing: /home/nikhil/Work/ROS/ros2_ws/install/my_robot_interfaces/share/my_robot_interfaces/cmake/export_my_robot_interfaces__rosidl_typesupport_fastrtps_cppExport.cmake
[2.816s] -- Installing: /home/nikhil/Work/ROS/ros2_ws/install/my_robot_interfaces/share/my_robot_interfaces/cmake/export_my_robot_interfaces__rosidl_typesupport_fastrtps_cppExport-noconfig.cmake
[2.816s] -- Installing: /home/nikhil/Work/ROS/ros2_ws/install/my_robot_interfaces/share/my_robot_interfaces/cmake/my_robot_interfaces__rosidl_typesupport_introspection_cppExport.cmake
[2.816s] -- Installing: /home/nikhil/Work/ROS/ros2_ws/install/my_robot_interfaces/share/my_robot_interfaces/cmake/my_robot_interfaces__rosidl_typesupport_introspection_cppExport-noconfig.cmake
[2.816s] -- Installing: /home/nikhil/Work/ROS/ros2_ws/install/my_robot_interfaces/share/my_robot_interfaces/cmake/my_robot_interfaces__rosidl_typesupport_cppExport.cmake
[2.816s] -- Installing: /home/nikhil/Work/ROS/ros2_ws/install/my_robot_interfaces/share/my_robot_interfaces/cmake/my_robot_interfaces__rosidl_typesupport_cppExport-noconfig.cmake
[2.816s] -- Installing: /home/nikhil/Work/ROS/ros2_ws/install/my_robot_interfaces/share/my_robot_interfaces/cmake/export_my_robot_interfaces__rosidl_generator_pyExport.cmake
[2.816s] -- Installing: /home/nikhil/Work/ROS/ros2_ws/install/my_robot_interfaces/share/my_robot_interfaces/cmake/export_my_robot_interfaces__rosidl_generator_pyExport-noconfig.cmake
[2.816s] -- Installing: /home/nikhil/Work/ROS/ros2_ws/install/my_robot_interfaces/share/my_robot_interfaces/cmake/rosidl_cmake-extras.cmake
[2.816s] -- Installing: /home/nikhil/Work/ROS/ros2_ws/install/my_robot_interfaces/share/my_robot_interfaces/cmake/ament_cmake_export_include_directories-extras.cmake
[2.817s] -- Installing: /home/nikhil/Work/ROS/ros2_ws/install/my_robot_interfaces/share/my_robot_interfaces/cmake/ament_cmake_export_libraries-extras.cmake
[2.817s] -- Installing: /home/nikhil/Work/ROS/ros2_ws/install/my_robot_interfaces/share/my_robot_interfaces/cmake/ament_cmake_export_targets-extras.cmake
[2.817s] -- Installing: /home/nikhil/Work/ROS/ros2_ws/install/my_robot_interfaces/share/my_robot_interfaces/cmake/rosidl_cmake_export_typesupport_targets-extras.cmake
[2.817s] -- Installing: /home/nikhil/Work/ROS/ros2_ws/install/my_robot_interfaces/share/my_robot_interfaces/cmake/ament_cmake_export_dependencies-extras.cmake
[2.817s] -- Installing: /home/nikhil/Work/ROS/ros2_ws/install/my_robot_interfaces/share/my_robot_interfaces/cmake/rosidl_cmake_export_typesupport_libraries-extras.cmake
[2.817s] -- Installing: /home/nikhil/Work/ROS/ros2_ws/install/my_robot_interfaces/share/my_robot_interfaces/cmake/my_robot_interfacesConfig.cmake
[2.817s] -- Installing: /home/nikhil/Work/ROS/ros2_ws/install/my_robot_interfaces/share/my_robot_interfaces/cmake/my_robot_interfacesConfig-version.cmake
[2.817s] -- Installing: /home/nikhil/Work/ROS/ros2_ws/install/my_robot_interfaces/share/my_robot_interfaces/package.xml
[2.819s] Invoked command in '/home/nikhil/Work/ROS/ros2_ws/build/my_robot_interfaces' returned '0': CMAKE_PREFIX_PATH=${CMAKE_PREFIX_PATH}:/home/nikhil/Work/ROS/ros2_ws/install/py_pkg:/opt/ros/humble /usr/bin/cmake --install /home/nikhil/Work/ROS/ros2_ws/build/my_robot_interfaces
