[0.007s] Invoking command in '/home/nikhil/ROS/ros2_ws_1/build/my_robot_description': CMAKE_PREFIX_PATH=${CMAKE_PREFIX_PATH}:/home/nikhil/ROS/ros2_ws/install/py_pkg:/opt/ros/humble /usr/bin/cmake --build /home/nikhil/ROS/ros2_ws_1/build/my_robot_description -- -j20 -l20
[0.034s] Invoked command in '/home/nikhil/ROS/ros2_ws_1/build/my_robot_description' returned '0': CMAKE_PREFIX_PATH=${CMAKE_PREFIX_PATH}:/home/nikhil/ROS/ros2_ws/install/py_pkg:/opt/ros/humble /usr/bin/cmake --build /home/nikhil/ROS/ros2_ws_1/build/my_robot_description -- -j20 -l20
[0.057s] Invoking command in '/home/nikhil/ROS/ros2_ws_1/build/my_robot_description': CMAKE_PREFIX_PATH=${CMAKE_PREFIX_PATH}:/home/nikhil/ROS/ros2_ws/install/py_pkg:/opt/ros/humble /usr/bin/cmake --install /home/nikhil/ROS/ros2_ws_1/build/my_robot_description
[0.061s] -- Install configuration: ""
[0.061s] -- Execute custom install script
[0.061s] -- Symlinking: /home/nikhil/ROS/ros2_ws_1/install/my_robot_description/share/my_robot_description//urdf/common_properties.xacro
[0.068s] -- Symlinking: /home/nikhil/ROS/ros2_ws_1/install/my_robot_description/share/my_robot_description//urdf/function_example.xacro
[0.072s] -- Symlinking: /home/nikhil/ROS/ros2_ws_1/install/my_robot_description/share/my_robot_description//urdf/mobile_base.xacro
[0.077s] -- Up-to-date symlink: /home/nikhil/ROS/ros2_ws_1/install/my_robot_description/share/my_robot_description//urdf/my_robot.urdf.xacro
[0.077s] -- Up-to-date symlink: /home/nikhil/ROS/ros2_ws_1/install/my_robot_description/share/my_robot_description//launch/display.launch.xml
[0.077s] -- Up-to-date symlink: /home/nikhil/ROS/ros2_ws_1/install/my_robot_description/share/my_robot_description//rviz/urdf_config.rviz
[0.077s] -- Up-to-date symlink: /home/nikhil/ROS/ros2_ws_1/install/my_robot_description/share/ament_index/resource_index/package_run_dependencies/my_robot_description
[0.077s] -- Up-to-date symlink: /home/nikhil/ROS/ros2_ws_1/install/my_robot_description/share/ament_index/resource_index/parent_prefix_path/my_robot_description
[0.077s] -- Up-to-date symlink: /home/nikhil/ROS/ros2_ws_1/install/my_robot_description/share/my_robot_description/environment/ament_prefix_path.sh
[0.077s] -- Up-to-date symlink: /home/nikhil/ROS/ros2_ws_1/install/my_robot_description/share/my_robot_description/environment/ament_prefix_path.dsv
[0.077s] -- Up-to-date symlink: /home/nikhil/ROS/ros2_ws_1/install/my_robot_description/share/my_robot_description/environment/path.sh
[0.077s] -- Up-to-date symlink: /home/nikhil/ROS/ros2_ws_1/install/my_robot_description/share/my_robot_description/environment/path.dsv
[0.077s] -- Up-to-date symlink: /home/nikhil/ROS/ros2_ws_1/install/my_robot_description/share/my_robot_description/local_setup.bash
[0.077s] -- Up-to-date symlink: /home/nikhil/ROS/ros2_ws_1/install/my_robot_description/share/my_robot_description/local_setup.sh
[0.077s] -- Up-to-date symlink: /home/nikhil/ROS/ros2_ws_1/install/my_robot_description/share/my_robot_description/local_setup.zsh
[0.077s] -- Up-to-date symlink: /home/nikhil/ROS/ros2_ws_1/install/my_robot_description/share/my_robot_description/local_setup.dsv
[0.077s] -- Symlinking: /home/nikhil/ROS/ros2_ws_1/install/my_robot_description/share/my_robot_description/package.dsv
[0.084s] -- Up-to-date symlink: /home/nikhil/ROS/ros2_ws_1/install/my_robot_description/share/ament_index/resource_index/packages/my_robot_description
[0.084s] -- Up-to-date symlink: /home/nikhil/ROS/ros2_ws_1/install/my_robot_description/share/my_robot_description/cmake/my_robot_descriptionConfig.cmake
[0.084s] -- Up-to-date symlink: /home/nikhil/ROS/ros2_ws_1/install/my_robot_description/share/my_robot_description/cmake/my_robot_descriptionConfig-version.cmake
[0.085s] -- Up-to-date symlink: /home/nikhil/ROS/ros2_ws_1/install/my_robot_description/share/my_robot_description/package.xml
[0.086s] Invoked command in '/home/nikhil/ROS/ros2_ws_1/build/my_robot_description' returned '0': CMAKE_PREFIX_PATH=${CMAKE_PREFIX_PATH}:/home/nikhil/ROS/ros2_ws/install/py_pkg:/opt/ros/humble /usr/bin/cmake --install /home/nikhil/ROS/ros2_ws_1/build/my_robot_description
