[0.007s] Invoking command in '/home/nikhil/ROS/ros2_ws/build/my_robot_interfaces': CMAKE_PREFIX_PATH=${CMAKE_PREFIX_PATH}:/home/nikhil/ROS/ros2_ws/install/py_pkg:/opt/ros/humble /usr/bin/cmake --build /home/nikhil/ROS/ros2_ws/build/my_robot_interfaces -- -j20 -l20
[0.053s] [  1%] Built target my_robot_interfaces__cpp
[0.054s] [ 12%] Built target my_robot_interfaces__rosidl_generator_c
[0.064s] [ 12%] Built target ament_cmake_python_copy_my_robot_interfaces
[0.081s] [ 23%] Built target my_robot_interfaces__rosidl_typesupport_introspection_cpp
[0.082s] [ 34%] Built target my_robot_interfaces__rosidl_typesupport_cpp
[0.083s] [ 46%] Built target my_robot_interfaces__rosidl_typesupport_fastrtps_cpp
[0.095s] [ 57%] Built target my_robot_interfaces__rosidl_typesupport_fastrtps_c
[0.095s] [ 69%] Built target my_robot_interfaces__rosidl_typesupport_c
[0.095s] [ 79%] Built target my_robot_interfaces__rosidl_typesupport_introspection_c
[0.113s] [ 79%] Built target my_robot_interfaces
[0.134s] [ 80%] Built target my_robot_interfaces__py
[0.160s] [ 90%] Built target my_robot_interfaces__rosidl_generator_py
[0.182s] [ 96%] Built target my_robot_interfaces__rosidl_typesupport_c__pyext
[0.182s] [ 96%] Built target my_robot_interfaces__rosidl_typesupport_introspection_c__pyext
[0.184s] [100%] Built target my_robot_interfaces__rosidl_typesupport_fastrtps_c__pyext
[0.254s] running egg_info
[0.255s] writing my_robot_interfaces.egg-info/PKG-INFO
[0.255s] writing dependency_links to my_robot_interfaces.egg-info/dependency_links.txt
[0.255s] writing top-level names to my_robot_interfaces.egg-info/top_level.txt
[0.256s] reading manifest file 'my_robot_interfaces.egg-info/SOURCES.txt'
[0.256s] writing manifest file 'my_robot_interfaces.egg-info/SOURCES.txt'
[0.276s] [100%] Built target ament_cmake_python_build_my_robot_interfaces_egg
[0.287s] Invoked command in '/home/nikhil/ROS/ros2_ws/build/my_robot_interfaces' returned '0': CMAKE_PREFIX_PATH=${CMAKE_PREFIX_PATH}:/home/nikhil/ROS/ros2_ws/install/py_pkg:/opt/ros/humble /usr/bin/cmake --build /home/nikhil/ROS/ros2_ws/build/my_robot_interfaces -- -j20 -l20
[0.429s] Invoking command in '/home/nikhil/ROS/ros2_ws/build/my_robot_interfaces': CMAKE_PREFIX_PATH=${CMAKE_PREFIX_PATH}:/home/nikhil/ROS/ros2_ws/install/py_pkg:/opt/ros/humble /usr/bin/cmake --install /home/nikhil/ROS/ros2_ws/build/my_robot_interfaces
[0.436s] -- Install configuration: ""
[0.436s] -- Up-to-date: /home/nikhil/ROS/ros2_ws/install/my_robot_interfaces/share/ament_index/resource_index/rosidl_interfaces/my_robot_interfaces
[0.436s] -- Up-to-date: /home/nikhil/ROS/ros2_ws/install/my_robot_interfaces/include/my_robot_interfaces/my_robot_interfaces
[0.436s] -- Up-to-date: /home/nikhil/ROS/ros2_ws/install/my_robot_interfaces/include/my_robot_interfaces/my_robot_interfaces/msg
[0.436s] -- Up-to-date: /home/nikhil/ROS/ros2_ws/install/my_robot_interfaces/include/my_robot_interfaces/my_robot_interfaces/msg/robot_location.h
[0.437s] -- Up-to-date: /home/nikhil/ROS/ros2_ws/install/my_robot_interfaces/include/my_robot_interfaces/my_robot_interfaces/msg/rosidl_generator_c__visibility_control.h
[0.437s] -- Up-to-date: /home/nikhil/ROS/ros2_ws/install/my_robot_interfaces/include/my_robot_interfaces/my_robot_interfaces/msg/led_status.h
[0.437s] -- Up-to-date: /home/nikhil/ROS/ros2_ws/install/my_robot_interfaces/include/my_robot_interfaces/my_robot_interfaces/msg/hardware_status.h
[0.437s] -- Up-to-date: /home/nikhil/ROS/ros2_ws/install/my_robot_interfaces/include/my_robot_interfaces/my_robot_interfaces/msg/detail
[0.437s] -- Up-to-date: /home/nikhil/ROS/ros2_ws/install/my_robot_interfaces/include/my_robot_interfaces/my_robot_interfaces/msg/detail/hardware_status__type_support.h
[0.437s] -- Up-to-date: /home/nikhil/ROS/ros2_ws/install/my_robot_interfaces/include/my_robot_interfaces/my_robot_interfaces/msg/detail/robot_location__functions.c
[0.437s] -- Up-to-date: /home/nikhil/ROS/ros2_ws/install/my_robot_interfaces/include/my_robot_interfaces/my_robot_interfaces/msg/detail/led_status__functions.c
[0.437s] -- Up-to-date: /home/nikhil/ROS/ros2_ws/install/my_robot_interfaces/include/my_robot_interfaces/my_robot_interfaces/msg/detail/led_status__struct.h
[0.437s] -- Up-to-date: /home/nikhil/ROS/ros2_ws/install/my_robot_interfaces/include/my_robot_interfaces/my_robot_interfaces/msg/detail/hardware_status__functions.h
[0.437s] -- Up-to-date: /home/nikhil/ROS/ros2_ws/install/my_robot_interfaces/include/my_robot_interfaces/my_robot_interfaces/msg/detail/led_status__type_support.h
[0.437s] -- Up-to-date: /home/nikhil/ROS/ros2_ws/install/my_robot_interfaces/include/my_robot_interfaces/my_robot_interfaces/msg/detail/robot_location__type_support.h
[0.437s] -- Up-to-date: /home/nikhil/ROS/ros2_ws/install/my_robot_interfaces/include/my_robot_interfaces/my_robot_interfaces/msg/detail/led_status__functions.h
[0.438s] -- Up-to-date: /home/nikhil/ROS/ros2_ws/install/my_robot_interfaces/include/my_robot_interfaces/my_robot_interfaces/msg/detail/hardware_status__struct.h
[0.438s] -- Up-to-date: /home/nikhil/ROS/ros2_ws/install/my_robot_interfaces/include/my_robot_interfaces/my_robot_interfaces/msg/detail/robot_location__struct.h
[0.438s] -- Up-to-date: /home/nikhil/ROS/ros2_ws/install/my_robot_interfaces/include/my_robot_interfaces/my_robot_interfaces/msg/detail/hardware_status__functions.c
[0.438s] -- Up-to-date: /home/nikhil/ROS/ros2_ws/install/my_robot_interfaces/include/my_robot_interfaces/my_robot_interfaces/msg/detail/robot_location__functions.h
[0.438s] -- Up-to-date: /home/nikhil/ROS/ros2_ws/install/my_robot_interfaces/include/my_robot_interfaces/my_robot_interfaces/srv
[0.438s] -- Up-to-date: /home/nikhil/ROS/ros2_ws/install/my_robot_interfaces/include/my_robot_interfaces/my_robot_interfaces/srv/compute_rectangle.h
[0.438s] -- Up-to-date: /home/nikhil/ROS/ros2_ws/install/my_robot_interfaces/include/my_robot_interfaces/my_robot_interfaces/srv/set_led.h
[0.438s] -- Up-to-date: /home/nikhil/ROS/ros2_ws/install/my_robot_interfaces/include/my_robot_interfaces/my_robot_interfaces/srv/detail
[0.438s] -- Up-to-date: /home/nikhil/ROS/ros2_ws/install/my_robot_interfaces/include/my_robot_interfaces/my_robot_interfaces/srv/detail/compute_rectangle__functions.h
[0.439s] -- Up-to-date: /home/nikhil/ROS/ros2_ws/install/my_robot_interfaces/include/my_robot_interfaces/my_robot_interfaces/srv/detail/compute_rectangle__struct.h
[0.439s] -- Up-to-date: /home/nikhil/ROS/ros2_ws/install/my_robot_interfaces/include/my_robot_interfaces/my_robot_interfaces/srv/detail/set_led__functions.h
[0.439s] -- Up-to-date: /home/nikhil/ROS/ros2_ws/install/my_robot_interfaces/include/my_robot_interfaces/my_robot_interfaces/srv/detail/set_led__functions.c
[0.439s] -- Up-to-date: /home/nikhil/ROS/ros2_ws/install/my_robot_interfaces/include/my_robot_interfaces/my_robot_interfaces/srv/detail/set_led__type_support.h
[0.439s] -- Up-to-date: /home/nikhil/ROS/ros2_ws/install/my_robot_interfaces/include/my_robot_interfaces/my_robot_interfaces/srv/detail/compute_rectangle__type_support.h
[0.439s] -- Up-to-date: /home/nikhil/ROS/ros2_ws/install/my_robot_interfaces/include/my_robot_interfaces/my_robot_interfaces/srv/detail/compute_rectangle__functions.c
[0.439s] -- Up-to-date: /home/nikhil/ROS/ros2_ws/install/my_robot_interfaces/include/my_robot_interfaces/my_robot_interfaces/srv/detail/set_led__struct.h
[0.439s] -- Up-to-date: /home/nikhil/ROS/ros2_ws/install/my_robot_interfaces/share/my_robot_interfaces/environment/library_path.sh
[0.439s] -- Up-to-date: /home/nikhil/ROS/ros2_ws/install/my_robot_interfaces/share/my_robot_interfaces/environment/library_path.dsv
[0.439s] -- Up-to-date: /home/nikhil/ROS/ros2_ws/install/my_robot_interfaces/lib/libmy_robot_interfaces__rosidl_generator_c.so
[0.439s] -- Up-to-date: /home/nikhil/ROS/ros2_ws/install/my_robot_interfaces/include/my_robot_interfaces/my_robot_interfaces
[0.439s] -- Up-to-date: /home/nikhil/ROS/ros2_ws/install/my_robot_interfaces/include/my_robot_interfaces/my_robot_interfaces/msg
[0.439s] -- Up-to-date: /home/nikhil/ROS/ros2_ws/install/my_robot_interfaces/include/my_robot_interfaces/my_robot_interfaces/msg/rosidl_typesupport_fastrtps_c__visibility_control.h
[0.439s] -- Up-to-date: /home/nikhil/ROS/ros2_ws/install/my_robot_interfaces/include/my_robot_interfaces/my_robot_interfaces/msg/detail
[0.439s] -- Up-to-date: /home/nikhil/ROS/ros2_ws/install/my_robot_interfaces/include/my_robot_interfaces/my_robot_interfaces/msg/detail/led_status__rosidl_typesupport_fastrtps_c.h
[0.439s] -- Up-to-date: /home/nikhil/ROS/ros2_ws/install/my_robot_interfaces/include/my_robot_interfaces/my_robot_interfaces/msg/detail/robot_location__rosidl_typesupport_fastrtps_c.h
[0.439s] -- Up-to-date: /home/nikhil/ROS/ros2_ws/install/my_robot_interfaces/include/my_robot_interfaces/my_robot_interfaces/msg/detail/hardware_status__rosidl_typesupport_fastrtps_c.h
[0.440s] -- Up-to-date: /home/nikhil/ROS/ros2_ws/install/my_robot_interfaces/include/my_robot_interfaces/my_robot_interfaces/srv
[0.440s] -- Up-to-date: /home/nikhil/ROS/ros2_ws/install/my_robot_interfaces/include/my_robot_interfaces/my_robot_interfaces/srv/detail
[0.440s] -- Up-to-date: /home/nikhil/ROS/ros2_ws/install/my_robot_interfaces/include/my_robot_interfaces/my_robot_interfaces/srv/detail/compute_rectangle__rosidl_typesupport_fastrtps_c.h
[0.440s] -- Up-to-date: /home/nikhil/ROS/ros2_ws/install/my_robot_interfaces/include/my_robot_interfaces/my_robot_interfaces/srv/detail/set_led__rosidl_typesupport_fastrtps_c.h
[0.440s] -- Up-to-date: /home/nikhil/ROS/ros2_ws/install/my_robot_interfaces/lib/libmy_robot_interfaces__rosidl_typesupport_fastrtps_c.so
[0.440s] -- Up-to-date: /home/nikhil/ROS/ros2_ws/install/my_robot_interfaces/include/my_robot_interfaces/my_robot_interfaces
[0.440s] -- Up-to-date: /home/nikhil/ROS/ros2_ws/install/my_robot_interfaces/include/my_robot_interfaces/my_robot_interfaces/msg
[0.440s] -- Up-to-date: /home/nikhil/ROS/ros2_ws/install/my_robot_interfaces/include/my_robot_interfaces/my_robot_interfaces/msg/rosidl_typesupport_introspection_c__visibility_control.h
[0.440s] -- Up-to-date: /home/nikhil/ROS/ros2_ws/install/my_robot_interfaces/include/my_robot_interfaces/my_robot_interfaces/msg/detail
[0.440s] -- Up-to-date: /home/nikhil/ROS/ros2_ws/install/my_robot_interfaces/include/my_robot_interfaces/my_robot_interfaces/msg/detail/robot_location__rosidl_typesupport_introspection_c.h
[0.440s] -- Up-to-date: /home/nikhil/ROS/ros2_ws/install/my_robot_interfaces/include/my_robot_interfaces/my_robot_interfaces/msg/detail/led_status__type_support.c
[0.440s] -- Up-to-date: /home/nikhil/ROS/ros2_ws/install/my_robot_interfaces/include/my_robot_interfaces/my_robot_interfaces/msg/detail/hardware_status__rosidl_typesupport_introspection_c.h
[0.440s] -- Up-to-date: /home/nikhil/ROS/ros2_ws/install/my_robot_interfaces/include/my_robot_interfaces/my_robot_interfaces/msg/detail/hardware_status__type_support.c
[0.440s] -- Up-to-date: /home/nikhil/ROS/ros2_ws/install/my_robot_interfaces/include/my_robot_interfaces/my_robot_interfaces/msg/detail/led_status__rosidl_typesupport_introspection_c.h
[0.441s] -- Up-to-date: /home/nikhil/ROS/ros2_ws/install/my_robot_interfaces/include/my_robot_interfaces/my_robot_interfaces/msg/detail/robot_location__type_support.c
[0.441s] -- Up-to-date: /home/nikhil/ROS/ros2_ws/install/my_robot_interfaces/include/my_robot_interfaces/my_robot_interfaces/srv
[0.441s] -- Up-to-date: /home/nikhil/ROS/ros2_ws/install/my_robot_interfaces/include/my_robot_interfaces/my_robot_interfaces/srv/detail
[0.441s] -- Up-to-date: /home/nikhil/ROS/ros2_ws/install/my_robot_interfaces/include/my_robot_interfaces/my_robot_interfaces/srv/detail/set_led__rosidl_typesupport_introspection_c.h
[0.441s] -- Up-to-date: /home/nikhil/ROS/ros2_ws/install/my_robot_interfaces/include/my_robot_interfaces/my_robot_interfaces/srv/detail/set_led__type_support.c
[0.441s] -- Up-to-date: /home/nikhil/ROS/ros2_ws/install/my_robot_interfaces/include/my_robot_interfaces/my_robot_interfaces/srv/detail/compute_rectangle__rosidl_typesupport_introspection_c.h
[0.441s] -- Up-to-date: /home/nikhil/ROS/ros2_ws/install/my_robot_interfaces/include/my_robot_interfaces/my_robot_interfaces/srv/detail/compute_rectangle__type_support.c
[0.441s] -- Up-to-date: /home/nikhil/ROS/ros2_ws/install/my_robot_interfaces/lib/libmy_robot_interfaces__rosidl_typesupport_introspection_c.so
[0.441s] -- Up-to-date: /home/nikhil/ROS/ros2_ws/install/my_robot_interfaces/lib/libmy_robot_interfaces__rosidl_typesupport_c.so
[0.441s] -- Up-to-date: /home/nikhil/ROS/ros2_ws/install/my_robot_interfaces/include/my_robot_interfaces/my_robot_interfaces
[0.441s] -- Up-to-date: /home/nikhil/ROS/ros2_ws/install/my_robot_interfaces/include/my_robot_interfaces/my_robot_interfaces/msg
[0.441s] -- Up-to-date: /home/nikhil/ROS/ros2_ws/install/my_robot_interfaces/include/my_robot_interfaces/my_robot_interfaces/msg/led_status.hpp
[0.441s] -- Up-to-date: /home/nikhil/ROS/ros2_ws/install/my_robot_interfaces/include/my_robot_interfaces/my_robot_interfaces/msg/hardware_status.hpp
[0.441s] -- Up-to-date: /home/nikhil/ROS/ros2_ws/install/my_robot_interfaces/include/my_robot_interfaces/my_robot_interfaces/msg/robot_location.hpp
[0.441s] -- Up-to-date: /home/nikhil/ROS/ros2_ws/install/my_robot_interfaces/include/my_robot_interfaces/my_robot_interfaces/msg/detail
[0.441s] -- Up-to-date: /home/nikhil/ROS/ros2_ws/install/my_robot_interfaces/include/my_robot_interfaces/my_robot_interfaces/msg/detail/led_status__builder.hpp
[0.441s] -- Up-to-date: /home/nikhil/ROS/ros2_ws/install/my_robot_interfaces/include/my_robot_interfaces/my_robot_interfaces/msg/detail/hardware_status__builder.hpp
[0.441s] -- Up-to-date: /home/nikhil/ROS/ros2_ws/install/my_robot_interfaces/include/my_robot_interfaces/my_robot_interfaces/msg/detail/led_status__traits.hpp
[0.441s] -- Up-to-date: /home/nikhil/ROS/ros2_ws/install/my_robot_interfaces/include/my_robot_interfaces/my_robot_interfaces/msg/detail/robot_location__traits.hpp
[0.441s] -- Up-to-date: /home/nikhil/ROS/ros2_ws/install/my_robot_interfaces/include/my_robot_interfaces/my_robot_interfaces/msg/detail/hardware_status__traits.hpp
[0.441s] -- Up-to-date: /home/nikhil/ROS/ros2_ws/install/my_robot_interfaces/include/my_robot_interfaces/my_robot_interfaces/msg/detail/robot_location__builder.hpp
[0.441s] -- Up-to-date: /home/nikhil/ROS/ros2_ws/install/my_robot_interfaces/include/my_robot_interfaces/my_robot_interfaces/msg/detail/hardware_status__struct.hpp
[0.441s] -- Up-to-date: /home/nikhil/ROS/ros2_ws/install/my_robot_interfaces/include/my_robot_interfaces/my_robot_interfaces/msg/detail/robot_location__struct.hpp
[0.441s] -- Up-to-date: /home/nikhil/ROS/ros2_ws/install/my_robot_interfaces/include/my_robot_interfaces/my_robot_interfaces/msg/detail/led_status__struct.hpp
[0.442s] -- Up-to-date: /home/nikhil/ROS/ros2_ws/install/my_robot_interfaces/include/my_robot_interfaces/my_robot_interfaces/srv
[0.442s] -- Up-to-date: /home/nikhil/ROS/ros2_ws/install/my_robot_interfaces/include/my_robot_interfaces/my_robot_interfaces/srv/compute_rectangle.hpp
[0.442s] -- Up-to-date: /home/nikhil/ROS/ros2_ws/install/my_robot_interfaces/include/my_robot_interfaces/my_robot_interfaces/srv/set_led.hpp
[0.442s] -- Up-to-date: /home/nikhil/ROS/ros2_ws/install/my_robot_interfaces/include/my_robot_interfaces/my_robot_interfaces/srv/detail
[0.442s] -- Up-to-date: /home/nikhil/ROS/ros2_ws/install/my_robot_interfaces/include/my_robot_interfaces/my_robot_interfaces/srv/detail/set_led__traits.hpp
[0.442s] -- Up-to-date: /home/nikhil/ROS/ros2_ws/install/my_robot_interfaces/include/my_robot_interfaces/my_robot_interfaces/srv/detail/compute_rectangle__traits.hpp
[0.442s] -- Up-to-date: /home/nikhil/ROS/ros2_ws/install/my_robot_interfaces/include/my_robot_interfaces/my_robot_interfaces/srv/detail/set_led__builder.hpp
[0.442s] -- Up-to-date: /home/nikhil/ROS/ros2_ws/install/my_robot_interfaces/include/my_robot_interfaces/my_robot_interfaces/srv/detail/set_led__struct.hpp
[0.442s] -- Up-to-date: /home/nikhil/ROS/ros2_ws/install/my_robot_interfaces/include/my_robot_interfaces/my_robot_interfaces/srv/detail/compute_rectangle__struct.hpp
[0.442s] -- Up-to-date: /home/nikhil/ROS/ros2_ws/install/my_robot_interfaces/include/my_robot_interfaces/my_robot_interfaces/srv/detail/compute_rectangle__builder.hpp
[0.442s] -- Up-to-date: /home/nikhil/ROS/ros2_ws/install/my_robot_interfaces/include/my_robot_interfaces/my_robot_interfaces
[0.442s] -- Up-to-date: /home/nikhil/ROS/ros2_ws/install/my_robot_interfaces/include/my_robot_interfaces/my_robot_interfaces/msg
[0.442s] -- Up-to-date: /home/nikhil/ROS/ros2_ws/install/my_robot_interfaces/include/my_robot_interfaces/my_robot_interfaces/msg/rosidl_typesupport_fastrtps_cpp__visibility_control.h
[0.442s] -- Up-to-date: /home/nikhil/ROS/ros2_ws/install/my_robot_interfaces/include/my_robot_interfaces/my_robot_interfaces/msg/detail
[0.442s] -- Up-to-date: /home/nikhil/ROS/ros2_ws/install/my_robot_interfaces/include/my_robot_interfaces/my_robot_interfaces/msg/detail/robot_location__rosidl_typesupport_fastrtps_cpp.hpp
[0.442s] -- Up-to-date: /home/nikhil/ROS/ros2_ws/install/my_robot_interfaces/include/my_robot_interfaces/my_robot_interfaces/msg/detail/led_status__rosidl_typesupport_fastrtps_cpp.hpp
[0.442s] -- Up-to-date: /home/nikhil/ROS/ros2_ws/install/my_robot_interfaces/include/my_robot_interfaces/my_robot_interfaces/msg/detail/hardware_status__rosidl_typesupport_fastrtps_cpp.hpp
[0.442s] -- Up-to-date: /home/nikhil/ROS/ros2_ws/install/my_robot_interfaces/include/my_robot_interfaces/my_robot_interfaces/msg/detail/dds_fastrtps
[0.442s] -- Up-to-date: /home/nikhil/ROS/ros2_ws/install/my_robot_interfaces/include/my_robot_interfaces/my_robot_interfaces/srv
[0.442s] -- Up-to-date: /home/nikhil/ROS/ros2_ws/install/my_robot_interfaces/include/my_robot_interfaces/my_robot_interfaces/srv/detail
[0.442s] -- Up-to-date: /home/nikhil/ROS/ros2_ws/install/my_robot_interfaces/include/my_robot_interfaces/my_robot_interfaces/srv/detail/compute_rectangle__rosidl_typesupport_fastrtps_cpp.hpp
[0.442s] -- Up-to-date: /home/nikhil/ROS/ros2_ws/install/my_robot_interfaces/include/my_robot_interfaces/my_robot_interfaces/srv/detail/dds_fastrtps
[0.442s] -- Up-to-date: /home/nikhil/ROS/ros2_ws/install/my_robot_interfaces/include/my_robot_interfaces/my_robot_interfaces/srv/detail/set_led__rosidl_typesupport_fastrtps_cpp.hpp
[0.442s] -- Up-to-date: /home/nikhil/ROS/ros2_ws/install/my_robot_interfaces/lib/libmy_robot_interfaces__rosidl_typesupport_fastrtps_cpp.so
[0.442s] -- Up-to-date: /home/nikhil/ROS/ros2_ws/install/my_robot_interfaces/include/my_robot_interfaces/my_robot_interfaces
[0.442s] -- Up-to-date: /home/nikhil/ROS/ros2_ws/install/my_robot_interfaces/include/my_robot_interfaces/my_robot_interfaces/msg
[0.442s] -- Up-to-date: /home/nikhil/ROS/ros2_ws/install/my_robot_interfaces/include/my_robot_interfaces/my_robot_interfaces/msg/detail
[0.442s] -- Up-to-date: /home/nikhil/ROS/ros2_ws/install/my_robot_interfaces/include/my_robot_interfaces/my_robot_interfaces/msg/detail/hardware_status__type_support.cpp
[0.442s] -- Up-to-date: /home/nikhil/ROS/ros2_ws/install/my_robot_interfaces/include/my_robot_interfaces/my_robot_interfaces/msg/detail/robot_location__rosidl_typesupport_introspection_cpp.hpp
[0.443s] -- Up-to-date: /home/nikhil/ROS/ros2_ws/install/my_robot_interfaces/include/my_robot_interfaces/my_robot_interfaces/msg/detail/led_status__rosidl_typesupport_introspection_cpp.hpp
[0.443s] -- Up-to-date: /home/nikhil/ROS/ros2_ws/install/my_robot_interfaces/include/my_robot_interfaces/my_robot_interfaces/msg/detail/hardware_status__rosidl_typesupport_introspection_cpp.hpp
[0.443s] -- Up-to-date: /home/nikhil/ROS/ros2_ws/install/my_robot_interfaces/include/my_robot_interfaces/my_robot_interfaces/msg/detail/robot_location__type_support.cpp
[0.443s] -- Up-to-date: /home/nikhil/ROS/ros2_ws/install/my_robot_interfaces/include/my_robot_interfaces/my_robot_interfaces/msg/detail/led_status__type_support.cpp
[0.443s] -- Up-to-date: /home/nikhil/ROS/ros2_ws/install/my_robot_interfaces/include/my_robot_interfaces/my_robot_interfaces/srv
[0.443s] -- Up-to-date: /home/nikhil/ROS/ros2_ws/install/my_robot_interfaces/include/my_robot_interfaces/my_robot_interfaces/srv/detail
[0.443s] -- Up-to-date: /home/nikhil/ROS/ros2_ws/install/my_robot_interfaces/include/my_robot_interfaces/my_robot_interfaces/srv/detail/set_led__type_support.cpp
[0.443s] -- Up-to-date: /home/nikhil/ROS/ros2_ws/install/my_robot_interfaces/include/my_robot_interfaces/my_robot_interfaces/srv/detail/compute_rectangle__type_support.cpp
[0.443s] -- Up-to-date: /home/nikhil/ROS/ros2_ws/install/my_robot_interfaces/include/my_robot_interfaces/my_robot_interfaces/srv/detail/set_led__rosidl_typesupport_introspection_cpp.hpp
[0.443s] -- Up-to-date: /home/nikhil/ROS/ros2_ws/install/my_robot_interfaces/include/my_robot_interfaces/my_robot_interfaces/srv/detail/compute_rectangle__rosidl_typesupport_introspection_cpp.hpp
[0.443s] -- Up-to-date: /home/nikhil/ROS/ros2_ws/install/my_robot_interfaces/lib/libmy_robot_interfaces__rosidl_typesupport_introspection_cpp.so
[0.443s] -- Up-to-date: /home/nikhil/ROS/ros2_ws/install/my_robot_interfaces/lib/libmy_robot_interfaces__rosidl_typesupport_cpp.so
[0.443s] -- Up-to-date: /home/nikhil/ROS/ros2_ws/install/my_robot_interfaces/share/my_robot_interfaces/environment/pythonpath.sh
[0.443s] -- Up-to-date: /home/nikhil/ROS/ros2_ws/install/my_robot_interfaces/share/my_robot_interfaces/environment/pythonpath.dsv
[0.443s] -- Up-to-date: /home/nikhil/ROS/ros2_ws/install/my_robot_interfaces/local/lib/python3.10/dist-packages/my_robot_interfaces-0.0.0-py3.10.egg-info
[0.443s] -- Installing: /home/nikhil/ROS/ros2_ws/install/my_robot_interfaces/local/lib/python3.10/dist-packages/my_robot_interfaces-0.0.0-py3.10.egg-info/top_level.txt
[0.443s] -- Installing: /home/nikhil/ROS/ros2_ws/install/my_robot_interfaces/local/lib/python3.10/dist-packages/my_robot_interfaces-0.0.0-py3.10.egg-info/PKG-INFO
[0.443s] -- Installing: /home/nikhil/ROS/ros2_ws/install/my_robot_interfaces/local/lib/python3.10/dist-packages/my_robot_interfaces-0.0.0-py3.10.egg-info/SOURCES.txt
[0.443s] -- Installing: /home/nikhil/ROS/ros2_ws/install/my_robot_interfaces/local/lib/python3.10/dist-packages/my_robot_interfaces-0.0.0-py3.10.egg-info/dependency_links.txt
[0.443s] -- Up-to-date: /home/nikhil/ROS/ros2_ws/install/my_robot_interfaces/local/lib/python3.10/dist-packages/my_robot_interfaces
[0.443s] -- Up-to-date: /home/nikhil/ROS/ros2_ws/install/my_robot_interfaces/local/lib/python3.10/dist-packages/my_robot_interfaces/my_robot_interfaces_s__rosidl_typesupport_introspection_c.cpython-310-x86_64-linux-gnu.so
[0.443s] -- Up-to-date: /home/nikhil/ROS/ros2_ws/install/my_robot_interfaces/local/lib/python3.10/dist-packages/my_robot_interfaces/__init__.py
[0.443s] -- Up-to-date: /home/nikhil/ROS/ros2_ws/install/my_robot_interfaces/local/lib/python3.10/dist-packages/my_robot_interfaces/libmy_robot_interfaces__rosidl_generator_py.so
[0.443s] -- Up-to-date: /home/nikhil/ROS/ros2_ws/install/my_robot_interfaces/local/lib/python3.10/dist-packages/my_robot_interfaces/_my_robot_interfaces_s.ep.rosidl_typesupport_fastrtps_c.c
[0.443s] -- Up-to-date: /home/nikhil/ROS/ros2_ws/install/my_robot_interfaces/local/lib/python3.10/dist-packages/my_robot_interfaces/my_robot_interfaces_s__rosidl_typesupport_fastrtps_c.cpython-310-x86_64-linux-gnu.so
[0.444s] -- Up-to-date: /home/nikhil/ROS/ros2_ws/install/my_robot_interfaces/local/lib/python3.10/dist-packages/my_robot_interfaces/_my_robot_interfaces_s.ep.rosidl_typesupport_introspection_c.c
[0.444s] -- Up-to-date: /home/nikhil/ROS/ros2_ws/install/my_robot_interfaces/local/lib/python3.10/dist-packages/my_robot_interfaces/my_robot_interfaces_s__rosidl_typesupport_c.cpython-310-x86_64-linux-gnu.so
[0.444s] -- Up-to-date: /home/nikhil/ROS/ros2_ws/install/my_robot_interfaces/local/lib/python3.10/dist-packages/my_robot_interfaces/_my_robot_interfaces_s.ep.rosidl_typesupport_c.c
[0.444s] -- Up-to-date: /home/nikhil/ROS/ros2_ws/install/my_robot_interfaces/local/lib/python3.10/dist-packages/my_robot_interfaces/msg
[0.444s] -- Up-to-date: /home/nikhil/ROS/ros2_ws/install/my_robot_interfaces/local/lib/python3.10/dist-packages/my_robot_interfaces/msg/_robot_location_s.c
[0.444s] -- Up-to-date: /home/nikhil/ROS/ros2_ws/install/my_robot_interfaces/local/lib/python3.10/dist-packages/my_robot_interfaces/msg/_robot_location.py
[0.444s] -- Up-to-date: /home/nikhil/ROS/ros2_ws/install/my_robot_interfaces/local/lib/python3.10/dist-packages/my_robot_interfaces/msg/__init__.py
[0.444s] -- Up-to-date: /home/nikhil/ROS/ros2_ws/install/my_robot_interfaces/local/lib/python3.10/dist-packages/my_robot_interfaces/msg/_led_status_s.c
[0.444s] -- Up-to-date: /home/nikhil/ROS/ros2_ws/install/my_robot_interfaces/local/lib/python3.10/dist-packages/my_robot_interfaces/msg/_led_status.py
[0.444s] -- Up-to-date: /home/nikhil/ROS/ros2_ws/install/my_robot_interfaces/local/lib/python3.10/dist-packages/my_robot_interfaces/msg/_hardware_status.py
[0.444s] -- Up-to-date: /home/nikhil/ROS/ros2_ws/install/my_robot_interfaces/local/lib/python3.10/dist-packages/my_robot_interfaces/msg/_hardware_status_s.c
[0.444s] -- Up-to-date: /home/nikhil/ROS/ros2_ws/install/my_robot_interfaces/local/lib/python3.10/dist-packages/my_robot_interfaces/srv
[0.444s] -- Up-to-date: /home/nikhil/ROS/ros2_ws/install/my_robot_interfaces/local/lib/python3.10/dist-packages/my_robot_interfaces/srv/__init__.py
[0.444s] -- Up-to-date: /home/nikhil/ROS/ros2_ws/install/my_robot_interfaces/local/lib/python3.10/dist-packages/my_robot_interfaces/srv/_set_led.py
[0.444s] -- Up-to-date: /home/nikhil/ROS/ros2_ws/install/my_robot_interfaces/local/lib/python3.10/dist-packages/my_robot_interfaces/srv/_compute_rectangle.py
[0.444s] -- Up-to-date: /home/nikhil/ROS/ros2_ws/install/my_robot_interfaces/local/lib/python3.10/dist-packages/my_robot_interfaces/srv/_set_led_s.c
[0.444s] -- Up-to-date: /home/nikhil/ROS/ros2_ws/install/my_robot_interfaces/local/lib/python3.10/dist-packages/my_robot_interfaces/srv/_compute_rectangle_s.c
[0.467s] Listing '/home/nikhil/ROS/ros2_ws/install/my_robot_interfaces/local/lib/python3.10/dist-packages/my_robot_interfaces'...
[0.467s] Listing '/home/nikhil/ROS/ros2_ws/install/my_robot_interfaces/local/lib/python3.10/dist-packages/my_robot_interfaces/msg'...
[0.467s] Listing '/home/nikhil/ROS/ros2_ws/install/my_robot_interfaces/local/lib/python3.10/dist-packages/my_robot_interfaces/srv'...
[0.470s] -- Up-to-date: /home/nikhil/ROS/ros2_ws/install/my_robot_interfaces/local/lib/python3.10/dist-packages/my_robot_interfaces/my_robot_interfaces_s__rosidl_typesupport_fastrtps_c.cpython-310-x86_64-linux-gnu.so
[0.471s] -- Up-to-date: /home/nikhil/ROS/ros2_ws/install/my_robot_interfaces/local/lib/python3.10/dist-packages/my_robot_interfaces/my_robot_interfaces_s__rosidl_typesupport_introspection_c.cpython-310-x86_64-linux-gnu.so
[0.471s] -- Up-to-date: /home/nikhil/ROS/ros2_ws/install/my_robot_interfaces/local/lib/python3.10/dist-packages/my_robot_interfaces/my_robot_interfaces_s__rosidl_typesupport_c.cpython-310-x86_64-linux-gnu.so
[0.471s] -- Up-to-date: /home/nikhil/ROS/ros2_ws/install/my_robot_interfaces/lib/libmy_robot_interfaces__rosidl_generator_py.so
[0.471s] -- Up-to-date: /home/nikhil/ROS/ros2_ws/install/my_robot_interfaces/share/my_robot_interfaces/msg/HardwareStatus.idl
[0.471s] -- Up-to-date: /home/nikhil/ROS/ros2_ws/install/my_robot_interfaces/share/my_robot_interfaces/msg/LedStatus.idl
[0.471s] -- Up-to-date: /home/nikhil/ROS/ros2_ws/install/my_robot_interfaces/share/my_robot_interfaces/msg/RobotLocation.idl
[0.471s] -- Up-to-date: /home/nikhil/ROS/ros2_ws/install/my_robot_interfaces/share/my_robot_interfaces/srv/ComputeRectangle.idl
[0.471s] -- Up-to-date: /home/nikhil/ROS/ros2_ws/install/my_robot_interfaces/share/my_robot_interfaces/srv/SetLed.idl
[0.471s] -- Up-to-date: /home/nikhil/ROS/ros2_ws/install/my_robot_interfaces/share/my_robot_interfaces/msg/HardwareStatus.msg
[0.471s] -- Up-to-date: /home/nikhil/ROS/ros2_ws/install/my_robot_interfaces/share/my_robot_interfaces/msg/LedStatus.msg
[0.471s] -- Up-to-date: /home/nikhil/ROS/ros2_ws/install/my_robot_interfaces/share/my_robot_interfaces/msg/RobotLocation.msg
[0.471s] -- Up-to-date: /home/nikhil/ROS/ros2_ws/install/my_robot_interfaces/share/my_robot_interfaces/srv/ComputeRectangle.srv
[0.471s] -- Up-to-date: /home/nikhil/ROS/ros2_ws/install/my_robot_interfaces/share/my_robot_interfaces/srv/ComputeRectangle_Request.msg
[0.471s] -- Up-to-date: /home/nikhil/ROS/ros2_ws/install/my_robot_interfaces/share/my_robot_interfaces/srv/ComputeRectangle_Response.msg
[0.472s] -- Up-to-date: /home/nikhil/ROS/ros2_ws/install/my_robot_interfaces/share/my_robot_interfaces/srv/SetLed.srv
[0.472s] -- Up-to-date: /home/nikhil/ROS/ros2_ws/install/my_robot_interfaces/share/my_robot_interfaces/srv/SetLed_Request.msg
[0.472s] -- Up-to-date: /home/nikhil/ROS/ros2_ws/install/my_robot_interfaces/share/my_robot_interfaces/srv/SetLed_Response.msg
[0.472s] -- Up-to-date: /home/nikhil/ROS/ros2_ws/install/my_robot_interfaces/share/ament_index/resource_index/package_run_dependencies/my_robot_interfaces
[0.472s] -- Up-to-date: /home/nikhil/ROS/ros2_ws/install/my_robot_interfaces/share/ament_index/resource_index/parent_prefix_path/my_robot_interfaces
[0.472s] -- Up-to-date: /home/nikhil/ROS/ros2_ws/install/my_robot_interfaces/share/my_robot_interfaces/environment/ament_prefix_path.sh
[0.472s] -- Up-to-date: /home/nikhil/ROS/ros2_ws/install/my_robot_interfaces/share/my_robot_interfaces/environment/ament_prefix_path.dsv
[0.472s] -- Up-to-date: /home/nikhil/ROS/ros2_ws/install/my_robot_interfaces/share/my_robot_interfaces/environment/path.sh
[0.472s] -- Up-to-date: /home/nikhil/ROS/ros2_ws/install/my_robot_interfaces/share/my_robot_interfaces/environment/path.dsv
[0.472s] -- Up-to-date: /home/nikhil/ROS/ros2_ws/install/my_robot_interfaces/share/my_robot_interfaces/local_setup.bash
[0.472s] -- Up-to-date: /home/nikhil/ROS/ros2_ws/install/my_robot_interfaces/share/my_robot_interfaces/local_setup.sh
[0.472s] -- Up-to-date: /home/nikhil/ROS/ros2_ws/install/my_robot_interfaces/share/my_robot_interfaces/local_setup.zsh
[0.472s] -- Up-to-date: /home/nikhil/ROS/ros2_ws/install/my_robot_interfaces/share/my_robot_interfaces/local_setup.dsv
[0.472s] -- Installing: /home/nikhil/ROS/ros2_ws/install/my_robot_interfaces/share/my_robot_interfaces/package.dsv
[0.472s] -- Up-to-date: /home/nikhil/ROS/ros2_ws/install/my_robot_interfaces/share/ament_index/resource_index/packages/my_robot_interfaces
[0.472s] -- Up-to-date: /home/nikhil/ROS/ros2_ws/install/my_robot_interfaces/share/my_robot_interfaces/cmake/export_my_robot_interfaces__rosidl_generator_cExport.cmake
[0.472s] -- Up-to-date: /home/nikhil/ROS/ros2_ws/install/my_robot_interfaces/share/my_robot_interfaces/cmake/export_my_robot_interfaces__rosidl_generator_cExport-noconfig.cmake
[0.472s] -- Up-to-date: /home/nikhil/ROS/ros2_ws/install/my_robot_interfaces/share/my_robot_interfaces/cmake/export_my_robot_interfaces__rosidl_typesupport_fastrtps_cExport.cmake
[0.472s] -- Up-to-date: /home/nikhil/ROS/ros2_ws/install/my_robot_interfaces/share/my_robot_interfaces/cmake/export_my_robot_interfaces__rosidl_typesupport_fastrtps_cExport-noconfig.cmake
[0.472s] -- Up-to-date: /home/nikhil/ROS/ros2_ws/install/my_robot_interfaces/share/my_robot_interfaces/cmake/my_robot_interfaces__rosidl_typesupport_introspection_cExport.cmake
[0.472s] -- Up-to-date: /home/nikhil/ROS/ros2_ws/install/my_robot_interfaces/share/my_robot_interfaces/cmake/my_robot_interfaces__rosidl_typesupport_introspection_cExport-noconfig.cmake
[0.473s] -- Up-to-date: /home/nikhil/ROS/ros2_ws/install/my_robot_interfaces/share/my_robot_interfaces/cmake/my_robot_interfaces__rosidl_typesupport_cExport.cmake
[0.473s] -- Up-to-date: /home/nikhil/ROS/ros2_ws/install/my_robot_interfaces/share/my_robot_interfaces/cmake/my_robot_interfaces__rosidl_typesupport_cExport-noconfig.cmake
[0.473s] -- Up-to-date: /home/nikhil/ROS/ros2_ws/install/my_robot_interfaces/share/my_robot_interfaces/cmake/export_my_robot_interfaces__rosidl_generator_cppExport.cmake
[0.473s] -- Up-to-date: /home/nikhil/ROS/ros2_ws/install/my_robot_interfaces/share/my_robot_interfaces/cmake/export_my_robot_interfaces__rosidl_typesupport_fastrtps_cppExport.cmake
[0.473s] -- Up-to-date: /home/nikhil/ROS/ros2_ws/install/my_robot_interfaces/share/my_robot_interfaces/cmake/export_my_robot_interfaces__rosidl_typesupport_fastrtps_cppExport-noconfig.cmake
[0.473s] -- Up-to-date: /home/nikhil/ROS/ros2_ws/install/my_robot_interfaces/share/my_robot_interfaces/cmake/my_robot_interfaces__rosidl_typesupport_introspection_cppExport.cmake
[0.473s] -- Up-to-date: /home/nikhil/ROS/ros2_ws/install/my_robot_interfaces/share/my_robot_interfaces/cmake/my_robot_interfaces__rosidl_typesupport_introspection_cppExport-noconfig.cmake
[0.473s] -- Up-to-date: /home/nikhil/ROS/ros2_ws/install/my_robot_interfaces/share/my_robot_interfaces/cmake/my_robot_interfaces__rosidl_typesupport_cppExport.cmake
[0.473s] -- Up-to-date: /home/nikhil/ROS/ros2_ws/install/my_robot_interfaces/share/my_robot_interfaces/cmake/my_robot_interfaces__rosidl_typesupport_cppExport-noconfig.cmake
[0.473s] -- Up-to-date: /home/nikhil/ROS/ros2_ws/install/my_robot_interfaces/share/my_robot_interfaces/cmake/export_my_robot_interfaces__rosidl_generator_pyExport.cmake
[0.473s] -- Up-to-date: /home/nikhil/ROS/ros2_ws/install/my_robot_interfaces/share/my_robot_interfaces/cmake/export_my_robot_interfaces__rosidl_generator_pyExport-noconfig.cmake
[0.473s] -- Up-to-date: /home/nikhil/ROS/ros2_ws/install/my_robot_interfaces/share/my_robot_interfaces/cmake/rosidl_cmake-extras.cmake
[0.473s] -- Up-to-date: /home/nikhil/ROS/ros2_ws/install/my_robot_interfaces/share/my_robot_interfaces/cmake/ament_cmake_export_include_directories-extras.cmake
[0.473s] -- Up-to-date: /home/nikhil/ROS/ros2_ws/install/my_robot_interfaces/share/my_robot_interfaces/cmake/ament_cmake_export_libraries-extras.cmake
[0.473s] -- Up-to-date: /home/nikhil/ROS/ros2_ws/install/my_robot_interfaces/share/my_robot_interfaces/cmake/ament_cmake_export_targets-extras.cmake
[0.473s] -- Up-to-date: /home/nikhil/ROS/ros2_ws/install/my_robot_interfaces/share/my_robot_interfaces/cmake/rosidl_cmake_export_typesupport_targets-extras.cmake
[0.473s] -- Up-to-date: /home/nikhil/ROS/ros2_ws/install/my_robot_interfaces/share/my_robot_interfaces/cmake/ament_cmake_export_dependencies-extras.cmake
[0.473s] -- Up-to-date: /home/nikhil/ROS/ros2_ws/install/my_robot_interfaces/share/my_robot_interfaces/cmake/rosidl_cmake_export_typesupport_libraries-extras.cmake
[0.473s] -- Up-to-date: /home/nikhil/ROS/ros2_ws/install/my_robot_interfaces/share/my_robot_interfaces/cmake/my_robot_interfacesConfig.cmake
[0.473s] -- Up-to-date: /home/nikhil/ROS/ros2_ws/install/my_robot_interfaces/share/my_robot_interfaces/cmake/my_robot_interfacesConfig-version.cmake
[0.473s] -- Up-to-date: /home/nikhil/ROS/ros2_ws/install/my_robot_interfaces/share/my_robot_interfaces/package.xml
[0.476s] Invoked command in '/home/nikhil/ROS/ros2_ws/build/my_robot_interfaces' returned '0': CMAKE_PREFIX_PATH=${CMAKE_PREFIX_PATH}:/home/nikhil/ROS/ros2_ws/install/py_pkg:/opt/ros/humble /usr/bin/cmake --install /home/nikhil/ROS/ros2_ws/build/my_robot_interfaces
