[0.011s] Invoking command in '/home/nikhil/Work/ROS/control_ws/build/diff_drive': CMAKE_PREFIX_PATH=${CMAKE_PREFIX_PATH}:/home/nikhil/Work/ROS/ros2_ws/install/py_pkg:/opt/ros/humble /usr/bin/cmake /home/nikhil/Work/ROS/control_ws/src/diff_drive -DCMAKE_INSTALL_PREFIX=/home/nikhil/Work/ROS/control_ws/install/diff_drive
[0.024s] -- Found ament_cmake: 1.3.11 (/opt/ros/humble/share/ament_cmake/cmake)
[0.114s] -- Override CMake install command with custom implementation using symlinks instead of copying resources
[0.126s] -- Found hardware_interface: 2.48.0 (/opt/ros/humble/share/hardware_interface/cmake)
[0.150s] -- Found rosidl_generator_c: 3.1.6 (/opt/ros/humble/share/rosidl_generator_c/cmake)
[0.152s] -- Found rosidl_adapter: 3.1.6 (/opt/ros/humble/share/rosidl_adapter/cmake)
[0.157s] -- Found rosidl_generator_cpp: 3.1.6 (/opt/ros/humble/share/rosidl_generator_cpp/cmake)
[0.165s] -- Using all available rosidl_typesupport_c: rosidl_typesupport_fastrtps_c;rosidl_typesupport_introspection_c
[0.175s] -- Using all available rosidl_typesupport_cpp: rosidl_typesupport_fastrtps_cpp;rosidl_typesupport_introspection_cpp
[0.316s] -- Found rmw_implementation_cmake: 6.1.2 (/opt/ros/humble/share/rmw_implementation_cmake/cmake)
[0.317s] -- Found rmw_cyclonedds_cpp: 1.3.4 (/opt/ros/humble/share/rmw_cyclonedds_cpp/cmake)
[0.334s] -- Using RMW implementation 'rmw_cyclonedds_cpp' as default
[0.368s] -- Found micro_ros_agent: 3.0.6 (/home/nikhil/Work/ROS/microRos_ws/install/micro_ros_agent/share/micro_ros_agent/cmake)
[0.371s] -- Found TinyXML2 via Config file: TinyXML2_DIR-NOTFOUND
[0.385s] -- Found ament_cmake_gtest: 1.3.11 (/opt/ros/humble/share/ament_cmake_gtest/cmake)
[0.435s] -- Configuring done
[0.449s] -- Generating done
[0.451s] -- Build files have been written to: /home/nikhil/Work/ROS/control_ws/build/diff_drive
[0.456s] Invoked command in '/home/nikhil/Work/ROS/control_ws/build/diff_drive' returned '0': CMAKE_PREFIX_PATH=${CMAKE_PREFIX_PATH}:/home/nikhil/Work/ROS/ros2_ws/install/py_pkg:/opt/ros/humble /usr/bin/cmake /home/nikhil/Work/ROS/control_ws/src/diff_drive -DCMAKE_INSTALL_PREFIX=/home/nikhil/Work/ROS/control_ws/install/diff_drive
[0.457s] Invoking command in '/home/nikhil/Work/ROS/control_ws/build/diff_drive': CMAKE_PREFIX_PATH=${CMAKE_PREFIX_PATH}:/home/nikhil/Work/ROS/ros2_ws/install/py_pkg:/opt/ros/humble /usr/bin/cmake --build /home/nikhil/Work/ROS/control_ws/build/diff_drive -- -j20 -l20
[0.487s] [35m[1mConsolidate compiler generated dependencies of target diff_drive[0m
[0.502s] [ 50%] [32mBuilding CXX object CMakeFiles/diff_drive.dir/hardware/diffdrive_system.cpp.o[0m
[7.646s] [100%] [32m[1mLinking CXX shared library libdiff_drive.so[0m
[8.113s] [100%] Built target diff_drive
[8.122s] Invoked command in '/home/nikhil/Work/ROS/control_ws/build/diff_drive' returned '0': CMAKE_PREFIX_PATH=${CMAKE_PREFIX_PATH}:/home/nikhil/Work/ROS/ros2_ws/install/py_pkg:/opt/ros/humble /usr/bin/cmake --build /home/nikhil/Work/ROS/control_ws/build/diff_drive -- -j20 -l20
[8.123s] Invoking command in '/home/nikhil/Work/ROS/control_ws/build/diff_drive': CMAKE_PREFIX_PATH=${CMAKE_PREFIX_PATH}:/home/nikhil/Work/ROS/ros2_ws/install/py_pkg:/opt/ros/humble /usr/bin/cmake --install /home/nikhil/Work/ROS/control_ws/build/diff_drive
[8.131s] -- Install configuration: ""
[8.132s] -- Execute custom install script
[8.132s] -- Up-to-date symlink: /home/nikhil/Work/ROS/control_ws/install/diff_drive/share/diff_drive//diff_drive.xml
[8.132s] -- Up-to-date symlink: /home/nikhil/Work/ROS/control_ws/install/diff_drive/include/diff_drive/diff_drive/diffdrive_system.hpp
[8.132s] -- Up-to-date symlink: /home/nikhil/Work/ROS/control_ws/install/diff_drive/include/diff_drive/diff_drive/visibility_control.h
[8.133s] -- Up-to-date symlink: /home/nikhil/Work/ROS/control_ws/install/diff_drive/include/diff_drive/diff_drive/wheel.hpp
[8.133s] -- Up-to-date symlink: /home/nikhil/Work/ROS/control_ws/install/diff_drive/share/diff_drive/ros2_control/diff_drive.ros2_control.xacro
[8.133s] -- Up-to-date symlink: /home/nikhil/Work/ROS/control_ws/install/diff_drive/share/diff_drive/urdf/diff_drive.materials.xacro
[8.133s] -- Up-to-date symlink: /home/nikhil/Work/ROS/control_ws/install/diff_drive/share/diff_drive/urdf/diff_drive.urdf.xacro
[8.133s] -- Up-to-date symlink: /home/nikhil/Work/ROS/control_ws/install/diff_drive/share/diff_drive/urdf/diff_drive_description.urdf.xacro
[8.133s] -- Up-to-date symlink: /home/nikhil/Work/ROS/control_ws/install/diff_drive/share/diff_drive/rviz/diff_drive.rviz
[8.134s] -- Up-to-date symlink: /home/nikhil/Work/ROS/control_ws/install/diff_drive/share/diff_drive/rviz/diff_drive_view.rviz
[8.134s] -- Up-to-date symlink: /home/nikhil/Work/ROS/control_ws/install/diff_drive/share/diff_drive/launch/diff_drive.launch.py
[8.134s] -- Up-to-date symlink: /home/nikhil/Work/ROS/control_ws/install/diff_drive/share/diff_drive/config/diff_drive_controllers.yaml
[8.134s] -- Up-to-date symlink: /home/nikhil/Work/ROS/control_ws/install/diff_drive/share/diff_drive/environment/library_path.sh
[8.134s] -- Up-to-date symlink: /home/nikhil/Work/ROS/control_ws/install/diff_drive/share/diff_drive/environment/library_path.dsv
[8.134s] -- Up-to-date symlink: /home/nikhil/Work/ROS/control_ws/install/diff_drive/share/ament_index/resource_index/package_run_dependencies/diff_drive
[8.134s] -- Up-to-date symlink: /home/nikhil/Work/ROS/control_ws/install/diff_drive/share/ament_index/resource_index/parent_prefix_path/diff_drive
[8.134s] -- Up-to-date symlink: /home/nikhil/Work/ROS/control_ws/install/diff_drive/share/diff_drive/environment/ament_prefix_path.sh
[8.134s] -- Up-to-date symlink: /home/nikhil/Work/ROS/control_ws/install/diff_drive/share/diff_drive/environment/ament_prefix_path.dsv
[8.135s] -- Up-to-date symlink: /home/nikhil/Work/ROS/control_ws/install/diff_drive/share/diff_drive/environment/path.sh
[8.135s] -- Up-to-date symlink: /home/nikhil/Work/ROS/control_ws/install/diff_drive/share/diff_drive/environment/path.dsv
[8.135s] -- Up-to-date symlink: /home/nikhil/Work/ROS/control_ws/install/diff_drive/share/diff_drive/local_setup.bash
[8.135s] -- Up-to-date symlink: /home/nikhil/Work/ROS/control_ws/install/diff_drive/share/diff_drive/local_setup.sh
[8.135s] -- Up-to-date symlink: /home/nikhil/Work/ROS/control_ws/install/diff_drive/share/diff_drive/local_setup.zsh
[8.135s] -- Up-to-date symlink: /home/nikhil/Work/ROS/control_ws/install/diff_drive/share/diff_drive/local_setup.dsv
[8.135s] -- Symlinking: /home/nikhil/Work/ROS/control_ws/install/diff_drive/share/diff_drive/package.dsv
[8.143s] -- Up-to-date symlink: /home/nikhil/Work/ROS/control_ws/install/diff_drive/share/ament_index/resource_index/packages/diff_drive
[8.143s] -- Up-to-date symlink: /home/nikhil/Work/ROS/control_ws/install/diff_drive/share/ament_index/resource_index/hardware_interface__pluginlib__plugin/diff_drive
[8.144s] -- Up-to-date symlink: /home/nikhil/Work/ROS/control_ws/install/diff_drive/share/diff_drive/cmake/ament_cmake_export_targets-extras.cmake
[8.144s] -- Up-to-date symlink: /home/nikhil/Work/ROS/control_ws/install/diff_drive/share/diff_drive/cmake/ament_cmake_export_dependencies-extras.cmake
[8.144s] -- Up-to-date symlink: /home/nikhil/Work/ROS/control_ws/install/diff_drive/share/diff_drive/cmake/diff_driveConfig.cmake
[8.144s] -- Up-to-date symlink: /home/nikhil/Work/ROS/control_ws/install/diff_drive/share/diff_drive/cmake/diff_driveConfig-version.cmake
[8.144s] -- Up-to-date symlink: /home/nikhil/Work/ROS/control_ws/install/diff_drive/share/diff_drive/package.xml
[8.144s] -- Installing: /home/nikhil/Work/ROS/control_ws/install/diff_drive/lib/libdiff_drive.so
[8.151s] -- Set runtime path of "/home/nikhil/Work/ROS/control_ws/install/diff_drive/lib/libdiff_drive.so" to ""
[8.151s] -- Up-to-date: /home/nikhil/Work/ROS/control_ws/install/diff_drive/share/diff_drive/cmake/export_diff_driveExport.cmake
[8.151s] -- Up-to-date: /home/nikhil/Work/ROS/control_ws/install/diff_drive/share/diff_drive/cmake/export_diff_driveExport-noconfig.cmake
[8.153s] Invoked command in '/home/nikhil/Work/ROS/control_ws/build/diff_drive' returned '0': CMAKE_PREFIX_PATH=${CMAKE_PREFIX_PATH}:/home/nikhil/Work/ROS/ros2_ws/install/py_pkg:/opt/ros/humble /usr/bin/cmake --install /home/nikhil/Work/ROS/control_ws/build/diff_drive
