[0.009s] Invoking command in '/home/nikhil/Work/ROS/build/my_robot_bringup': AMENT_PREFIX_PATH=/home/nikhil/Work/ROS/install/cpp_pkg:/home/nikhil/Work/ROS/install/course_activities:/home/nikhil/Work/ROS/install/py_pkg:/home/nikhil/Work/ROS/install/my_robot_interfaces:${AMENT_PREFIX_PATH} CMAKE_PREFIX_PATH=/home/nikhil/Work/ROS/install/cpp_pkg:/home/nikhil/Work/ROS/install/course_activities:/home/nikhil/Work/ROS/install/my_robot_interfaces:/home/nikhil/Work/ROS/turtlebot3_ws/install/turtlebot3_simulations:/home/nikhil/Work/ROS/turtlebot3_ws/install/turtlebot3_gazebo:/home/nikhil/Work/ROS/turtlebot3_ws/install/turtlebot3_fake_node:/home/nikhil/Work/ROS/ros2_ws_1/install/mera_robot_bringup:/home/nikhil/Work/ROS/ros2_ws_1/install/my_robot_description:/home/nikhil/Work/ROS/ros2_ws/install/my_robot_bringup:/home/nikhil/Work/ROS/ros2_ws/install/cpp_pkg:/home/nikhil/Work/ROS/ros2_ws/install/course_activities:/home/nikhil/Work/ROS/ros2_ws/install/my_robot_interfaces:/home/nikhil/Work/ROS/ros2_ws/install/py_pkg:/opt/ros/humble LD_LIBRARY_PATH=/home/nikhil/Work/ROS/install/my_robot_interfaces/lib:${LD_LIBRARY_PATH} PYTHONPATH=/home/nikhil/Work/ROS/install/py_pkg/lib/python3.10/site-packages:/home/nikhil/Work/ROS/install/my_robot_interfaces/local/lib/python3.10/dist-packages:${PYTHONPATH} /usr/bin/cmake /home/nikhil/Work/ROS/ros2_ws/src/my_robot_bringup -DCMAKE_INSTALL_PREFIX=/home/nikhil/Work/ROS/install/my_robot_bringup
[0.063s] -- The C compiler identification is GNU 11.4.0
[0.100s] -- The CXX compiler identification is GNU 11.4.0
[0.104s] -- Detecting C compiler ABI info
[0.153s] -- Detecting C compiler ABI info - done
[0.159s] -- Check for working C compiler: /usr/bin/cc - skipped
[0.159s] -- Detecting C compile features
[0.159s] -- Detecting C compile features - done
[0.161s] -- Detecting CXX compiler ABI info
[0.222s] -- Detecting CXX compiler ABI info - done
[0.226s] -- Check for working CXX compiler: /usr/bin/c++ - skipped
[0.226s] -- Detecting CXX compile features
[0.226s] -- Detecting CXX compile features - done
[0.228s] -- Found ament_cmake: 1.3.11 (/opt/ros/humble/share/ament_cmake/cmake)
[0.332s] -- Found Python3: /usr/bin/python3 (found version "3.10.12") found components: Interpreter 
[0.437s] -- Configuring done
[0.438s] -- Generating done
[0.439s] -- Build files have been written to: /home/nikhil/Work/ROS/build/my_robot_bringup
[0.442s] Invoked command in '/home/nikhil/Work/ROS/build/my_robot_bringup' returned '0': AMENT_PREFIX_PATH=/home/nikhil/Work/ROS/install/cpp_pkg:/home/nikhil/Work/ROS/install/course_activities:/home/nikhil/Work/ROS/install/py_pkg:/home/nikhil/Work/ROS/install/my_robot_interfaces:${AMENT_PREFIX_PATH} CMAKE_PREFIX_PATH=/home/nikhil/Work/ROS/install/cpp_pkg:/home/nikhil/Work/ROS/install/course_activities:/home/nikhil/Work/ROS/install/my_robot_interfaces:/home/nikhil/Work/ROS/turtlebot3_ws/install/turtlebot3_simulations:/home/nikhil/Work/ROS/turtlebot3_ws/install/turtlebot3_gazebo:/home/nikhil/Work/ROS/turtlebot3_ws/install/turtlebot3_fake_node:/home/nikhil/Work/ROS/ros2_ws_1/install/mera_robot_bringup:/home/nikhil/Work/ROS/ros2_ws_1/install/my_robot_description:/home/nikhil/Work/ROS/ros2_ws/install/my_robot_bringup:/home/nikhil/Work/ROS/ros2_ws/install/cpp_pkg:/home/nikhil/Work/ROS/ros2_ws/install/course_activities:/home/nikhil/Work/ROS/ros2_ws/install/my_robot_interfaces:/home/nikhil/Work/ROS/ros2_ws/install/py_pkg:/opt/ros/humble LD_LIBRARY_PATH=/home/nikhil/Work/ROS/install/my_robot_interfaces/lib:${LD_LIBRARY_PATH} PYTHONPATH=/home/nikhil/Work/ROS/install/py_pkg/lib/python3.10/site-packages:/home/nikhil/Work/ROS/install/my_robot_interfaces/local/lib/python3.10/dist-packages:${PYTHONPATH} /usr/bin/cmake /home/nikhil/Work/ROS/ros2_ws/src/my_robot_bringup -DCMAKE_INSTALL_PREFIX=/home/nikhil/Work/ROS/install/my_robot_bringup
[0.443s] Invoking command in '/home/nikhil/Work/ROS/build/my_robot_bringup': AMENT_PREFIX_PATH=/home/nikhil/Work/ROS/install/cpp_pkg:/home/nikhil/Work/ROS/install/course_activities:/home/nikhil/Work/ROS/install/py_pkg:/home/nikhil/Work/ROS/install/my_robot_interfaces:${AMENT_PREFIX_PATH} CMAKE_PREFIX_PATH=/home/nikhil/Work/ROS/install/cpp_pkg:/home/nikhil/Work/ROS/install/course_activities:/home/nikhil/Work/ROS/install/my_robot_interfaces:/home/nikhil/Work/ROS/turtlebot3_ws/install/turtlebot3_simulations:/home/nikhil/Work/ROS/turtlebot3_ws/install/turtlebot3_gazebo:/home/nikhil/Work/ROS/turtlebot3_ws/install/turtlebot3_fake_node:/home/nikhil/Work/ROS/ros2_ws_1/install/mera_robot_bringup:/home/nikhil/Work/ROS/ros2_ws_1/install/my_robot_description:/home/nikhil/Work/ROS/ros2_ws/install/my_robot_bringup:/home/nikhil/Work/ROS/ros2_ws/install/cpp_pkg:/home/nikhil/Work/ROS/ros2_ws/install/course_activities:/home/nikhil/Work/ROS/ros2_ws/install/my_robot_interfaces:/home/nikhil/Work/ROS/ros2_ws/install/py_pkg:/opt/ros/humble LD_LIBRARY_PATH=/home/nikhil/Work/ROS/install/my_robot_interfaces/lib:${LD_LIBRARY_PATH} PYTHONPATH=/home/nikhil/Work/ROS/install/py_pkg/lib/python3.10/site-packages:/home/nikhil/Work/ROS/install/my_robot_interfaces/local/lib/python3.10/dist-packages:${PYTHONPATH} /usr/bin/cmake --build /home/nikhil/Work/ROS/build/my_robot_bringup -- -j20 -l20
[0.470s] Invoked command in '/home/nikhil/Work/ROS/build/my_robot_bringup' returned '0': AMENT_PREFIX_PATH=/home/nikhil/Work/ROS/install/cpp_pkg:/home/nikhil/Work/ROS/install/course_activities:/home/nikhil/Work/ROS/install/py_pkg:/home/nikhil/Work/ROS/install/my_robot_interfaces:${AMENT_PREFIX_PATH} CMAKE_PREFIX_PATH=/home/nikhil/Work/ROS/install/cpp_pkg:/home/nikhil/Work/ROS/install/course_activities:/home/nikhil/Work/ROS/install/my_robot_interfaces:/home/nikhil/Work/ROS/turtlebot3_ws/install/turtlebot3_simulations:/home/nikhil/Work/ROS/turtlebot3_ws/install/turtlebot3_gazebo:/home/nikhil/Work/ROS/turtlebot3_ws/install/turtlebot3_fake_node:/home/nikhil/Work/ROS/ros2_ws_1/install/mera_robot_bringup:/home/nikhil/Work/ROS/ros2_ws_1/install/my_robot_description:/home/nikhil/Work/ROS/ros2_ws/install/my_robot_bringup:/home/nikhil/Work/ROS/ros2_ws/install/cpp_pkg:/home/nikhil/Work/ROS/ros2_ws/install/course_activities:/home/nikhil/Work/ROS/ros2_ws/install/my_robot_interfaces:/home/nikhil/Work/ROS/ros2_ws/install/py_pkg:/opt/ros/humble LD_LIBRARY_PATH=/home/nikhil/Work/ROS/install/my_robot_interfaces/lib:${LD_LIBRARY_PATH} PYTHONPATH=/home/nikhil/Work/ROS/install/py_pkg/lib/python3.10/site-packages:/home/nikhil/Work/ROS/install/my_robot_interfaces/local/lib/python3.10/dist-packages:${PYTHONPATH} /usr/bin/cmake --build /home/nikhil/Work/ROS/build/my_robot_bringup -- -j20 -l20
[0.471s] Invoking command in '/home/nikhil/Work/ROS/build/my_robot_bringup': AMENT_PREFIX_PATH=/home/nikhil/Work/ROS/install/cpp_pkg:/home/nikhil/Work/ROS/install/course_activities:/home/nikhil/Work/ROS/install/py_pkg:/home/nikhil/Work/ROS/install/my_robot_interfaces:${AMENT_PREFIX_PATH} CMAKE_PREFIX_PATH=/home/nikhil/Work/ROS/install/cpp_pkg:/home/nikhil/Work/ROS/install/course_activities:/home/nikhil/Work/ROS/install/my_robot_interfaces:/home/nikhil/Work/ROS/turtlebot3_ws/install/turtlebot3_simulations:/home/nikhil/Work/ROS/turtlebot3_ws/install/turtlebot3_gazebo:/home/nikhil/Work/ROS/turtlebot3_ws/install/turtlebot3_fake_node:/home/nikhil/Work/ROS/ros2_ws_1/install/mera_robot_bringup:/home/nikhil/Work/ROS/ros2_ws_1/install/my_robot_description:/home/nikhil/Work/ROS/ros2_ws/install/my_robot_bringup:/home/nikhil/Work/ROS/ros2_ws/install/cpp_pkg:/home/nikhil/Work/ROS/ros2_ws/install/course_activities:/home/nikhil/Work/ROS/ros2_ws/install/my_robot_interfaces:/home/nikhil/Work/ROS/ros2_ws/install/py_pkg:/opt/ros/humble LD_LIBRARY_PATH=/home/nikhil/Work/ROS/install/my_robot_interfaces/lib:${LD_LIBRARY_PATH} PYTHONPATH=/home/nikhil/Work/ROS/install/py_pkg/lib/python3.10/site-packages:/home/nikhil/Work/ROS/install/my_robot_interfaces/local/lib/python3.10/dist-packages:${PYTHONPATH} /usr/bin/cmake --install /home/nikhil/Work/ROS/build/my_robot_bringup
[0.475s] -- Install configuration: ""
[0.475s] -- Installing: /home/nikhil/Work/ROS/install/my_robot_bringup/share/my_robot_bringup/launch
[0.475s] -- Installing: /home/nikhil/Work/ROS/install/my_robot_bringup/share/my_robot_bringup/launch/number_app.launch.py
[0.475s] -- Installing: /home/nikhil/Work/ROS/install/my_robot_bringup/share/my_robot_bringup/launch/log
[0.475s] -- Installing: /home/nikhil/Work/ROS/install/my_robot_bringup/share/my_robot_bringup/launch/log/latest_build
[0.475s] -- Installing: /home/nikhil/Work/ROS/install/my_robot_bringup/share/my_robot_bringup/launch/log/build_2024-12-31_12-02-47
[0.475s] -- Installing: /home/nikhil/Work/ROS/install/my_robot_bringup/share/my_robot_bringup/launch/log/build_2024-12-31_12-02-47/events.log
[0.475s] -- Installing: /home/nikhil/Work/ROS/install/my_robot_bringup/share/my_robot_bringup/launch/log/build_2024-12-31_12-02-47/logger_all.log
[0.476s] -- Installing: /home/nikhil/Work/ROS/install/my_robot_bringup/share/my_robot_bringup/launch/log/build_2024-12-31_12-05-53
[0.476s] -- Installing: /home/nikhil/Work/ROS/install/my_robot_bringup/share/my_robot_bringup/launch/log/build_2024-12-31_12-05-53/events.log
[0.476s] -- Installing: /home/nikhil/Work/ROS/install/my_robot_bringup/share/my_robot_bringup/launch/log/build_2024-12-31_12-05-53/logger_all.log
[0.476s] -- Installing: /home/nikhil/Work/ROS/install/my_robot_bringup/share/my_robot_bringup/launch/log/COLCON_IGNORE
[0.476s] -- Installing: /home/nikhil/Work/ROS/install/my_robot_bringup/share/my_robot_bringup/launch/log/latest
[0.476s] -- Installing: /home/nikhil/Work/ROS/install/my_robot_bringup/share/my_robot_bringup/launch/log/build_2024-12-31_12-05-41
[0.476s] -- Installing: /home/nikhil/Work/ROS/install/my_robot_bringup/share/my_robot_bringup/launch/log/build_2024-12-31_12-05-41/events.log
[0.476s] -- Installing: /home/nikhil/Work/ROS/install/my_robot_bringup/share/my_robot_bringup/launch/log/build_2024-12-31_12-05-41/logger_all.log
[0.476s] -- Installing: /home/nikhil/Work/ROS/install/my_robot_bringup/share/my_robot_bringup/launch/build
[0.476s] -- Installing: /home/nikhil/Work/ROS/install/my_robot_bringup/share/my_robot_bringup/launch/build/COLCON_IGNORE
[0.477s] -- Installing: /home/nikhil/Work/ROS/install/my_robot_bringup/share/my_robot_bringup/launch/build/.built_by
[0.477s] -- Installing: /home/nikhil/Work/ROS/install/my_robot_bringup/share/my_robot_bringup/launch/install
[0.477s] -- Installing: /home/nikhil/Work/ROS/install/my_robot_bringup/share/my_robot_bringup/launch/install/local_setup.bash
[0.477s] -- Installing: /home/nikhil/Work/ROS/install/my_robot_bringup/share/my_robot_bringup/launch/install/.colcon_install_layout
[0.477s] -- Installing: /home/nikhil/Work/ROS/install/my_robot_bringup/share/my_robot_bringup/launch/install/local_setup.ps1
[0.477s] -- Installing: /home/nikhil/Work/ROS/install/my_robot_bringup/share/my_robot_bringup/launch/install/local_setup.sh
[0.477s] -- Installing: /home/nikhil/Work/ROS/install/my_robot_bringup/share/my_robot_bringup/launch/install/local_setup.zsh
[0.477s] -- Installing: /home/nikhil/Work/ROS/install/my_robot_bringup/share/my_robot_bringup/launch/install/COLCON_IGNORE
[0.477s] -- Installing: /home/nikhil/Work/ROS/install/my_robot_bringup/share/my_robot_bringup/launch/install/setup.bash
[0.477s] -- Installing: /home/nikhil/Work/ROS/install/my_robot_bringup/share/my_robot_bringup/launch/install/setup.sh
[0.477s] -- Installing: /home/nikhil/Work/ROS/install/my_robot_bringup/share/my_robot_bringup/launch/install/_local_setup_util_ps1.py
[0.477s] -- Installing: /home/nikhil/Work/ROS/install/my_robot_bringup/share/my_robot_bringup/launch/install/_local_setup_util_sh.py
[0.478s] -- Installing: /home/nikhil/Work/ROS/install/my_robot_bringup/share/my_robot_bringup/launch/install/setup.ps1
[0.478s] -- Installing: /home/nikhil/Work/ROS/install/my_robot_bringup/share/my_robot_bringup/launch/install/setup.zsh
[0.478s] -- Installing: /home/nikhil/Work/ROS/install/my_robot_bringup/share/my_robot_bringup/launch/robot_station.launch.py
[0.478s] -- Installing: /home/nikhil/Work/ROS/install/my_robot_bringup/share/my_robot_bringup/launch/catch_all_turtle.launch.py
[0.478s] -- Installing: /home/nikhil/Work/ROS/install/my_robot_bringup/share/ament_index/resource_index/package_run_dependencies/my_robot_bringup
[0.478s] -- Installing: /home/nikhil/Work/ROS/install/my_robot_bringup/share/ament_index/resource_index/parent_prefix_path/my_robot_bringup
[0.478s] -- Installing: /home/nikhil/Work/ROS/install/my_robot_bringup/share/my_robot_bringup/environment/ament_prefix_path.sh
[0.478s] -- Installing: /home/nikhil/Work/ROS/install/my_robot_bringup/share/my_robot_bringup/environment/ament_prefix_path.dsv
[0.478s] -- Installing: /home/nikhil/Work/ROS/install/my_robot_bringup/share/my_robot_bringup/environment/path.sh
[0.478s] -- Installing: /home/nikhil/Work/ROS/install/my_robot_bringup/share/my_robot_bringup/environment/path.dsv
[0.478s] -- Installing: /home/nikhil/Work/ROS/install/my_robot_bringup/share/my_robot_bringup/local_setup.bash
[0.478s] -- Installing: /home/nikhil/Work/ROS/install/my_robot_bringup/share/my_robot_bringup/local_setup.sh
[0.478s] -- Installing: /home/nikhil/Work/ROS/install/my_robot_bringup/share/my_robot_bringup/local_setup.zsh
[0.478s] -- Installing: /home/nikhil/Work/ROS/install/my_robot_bringup/share/my_robot_bringup/local_setup.dsv
[0.478s] -- Installing: /home/nikhil/Work/ROS/install/my_robot_bringup/share/my_robot_bringup/package.dsv
[0.478s] -- Installing: /home/nikhil/Work/ROS/install/my_robot_bringup/share/ament_index/resource_index/packages/my_robot_bringup
[0.479s] -- Installing: /home/nikhil/Work/ROS/install/my_robot_bringup/share/my_robot_bringup/cmake/my_robot_bringupConfig.cmake
[0.479s] -- Installing: /home/nikhil/Work/ROS/install/my_robot_bringup/share/my_robot_bringup/cmake/my_robot_bringupConfig-version.cmake
[0.479s] -- Installing: /home/nikhil/Work/ROS/install/my_robot_bringup/share/my_robot_bringup/package.xml
[0.480s] Invoked command in '/home/nikhil/Work/ROS/build/my_robot_bringup' returned '0': AMENT_PREFIX_PATH=/home/nikhil/Work/ROS/install/cpp_pkg:/home/nikhil/Work/ROS/install/course_activities:/home/nikhil/Work/ROS/install/py_pkg:/home/nikhil/Work/ROS/install/my_robot_interfaces:${AMENT_PREFIX_PATH} CMAKE_PREFIX_PATH=/home/nikhil/Work/ROS/install/cpp_pkg:/home/nikhil/Work/ROS/install/course_activities:/home/nikhil/Work/ROS/install/my_robot_interfaces:/home/nikhil/Work/ROS/turtlebot3_ws/install/turtlebot3_simulations:/home/nikhil/Work/ROS/turtlebot3_ws/install/turtlebot3_gazebo:/home/nikhil/Work/ROS/turtlebot3_ws/install/turtlebot3_fake_node:/home/nikhil/Work/ROS/ros2_ws_1/install/mera_robot_bringup:/home/nikhil/Work/ROS/ros2_ws_1/install/my_robot_description:/home/nikhil/Work/ROS/ros2_ws/install/my_robot_bringup:/home/nikhil/Work/ROS/ros2_ws/install/cpp_pkg:/home/nikhil/Work/ROS/ros2_ws/install/course_activities:/home/nikhil/Work/ROS/ros2_ws/install/my_robot_interfaces:/home/nikhil/Work/ROS/ros2_ws/install/py_pkg:/opt/ros/humble LD_LIBRARY_PATH=/home/nikhil/Work/ROS/install/my_robot_interfaces/lib:${LD_LIBRARY_PATH} PYTHONPATH=/home/nikhil/Work/ROS/install/py_pkg/lib/python3.10/site-packages:/home/nikhil/Work/ROS/install/my_robot_interfaces/local/lib/python3.10/dist-packages:${PYTHONPATH} /usr/bin/cmake --install /home/nikhil/Work/ROS/build/my_robot_bringup
