[0.007s] Invoking command in '/home/nikhil/ROS/ros2_ws_1/build/mera_robot_bringup': CMAKE_PREFIX_PATH=/home/nikhil/ROS/ros2_ws_1/install/my_robot_description:/home/nikhil/ROS/ros2_ws_1/install/mera_robot_bringup:/home/nikhil/ROS/ros2_ws/install/my_robot_bringup:/home/nikhil/ROS/ros2_ws/install/cpp_pkg:/home/nikhil/ROS/ros2_ws/install/course_activities:/home/nikhil/ROS/ros2_ws/install/my_robot_interfaces:/home/nikhil/ROS/ros2_ws/install/py_pkg:/opt/ros/humble /usr/bin/cmake --build /home/nikhil/ROS/ros2_ws_1/build/mera_robot_bringup -- -j20 -l20
[0.038s] Invoked command in '/home/nikhil/ROS/ros2_ws_1/build/mera_robot_bringup' returned '0': CMAKE_PREFIX_PATH=/home/nikhil/ROS/ros2_ws_1/install/my_robot_description:/home/nikhil/ROS/ros2_ws_1/install/mera_robot_bringup:/home/nikhil/ROS/ros2_ws/install/my_robot_bringup:/home/nikhil/ROS/ros2_ws/install/cpp_pkg:/home/nikhil/ROS/ros2_ws/install/course_activities:/home/nikhil/ROS/ros2_ws/install/my_robot_interfaces:/home/nikhil/ROS/ros2_ws/install/py_pkg:/opt/ros/humble /usr/bin/cmake --build /home/nikhil/ROS/ros2_ws_1/build/mera_robot_bringup -- -j20 -l20
[0.040s] Invoking command in '/home/nikhil/ROS/ros2_ws_1/build/mera_robot_bringup': CMAKE_PREFIX_PATH=/home/nikhil/ROS/ros2_ws_1/install/my_robot_description:/home/nikhil/ROS/ros2_ws_1/install/mera_robot_bringup:/home/nikhil/ROS/ros2_ws/install/my_robot_bringup:/home/nikhil/ROS/ros2_ws/install/cpp_pkg:/home/nikhil/ROS/ros2_ws/install/course_activities:/home/nikhil/ROS/ros2_ws/install/my_robot_interfaces:/home/nikhil/ROS/ros2_ws/install/py_pkg:/opt/ros/humble /usr/bin/cmake --install /home/nikhil/ROS/ros2_ws_1/build/mera_robot_bringup
[0.045s] -- Install configuration: ""
[0.045s] -- Execute custom install script
[0.046s] -- Up-to-date symlink: /home/nikhil/ROS/ros2_ws_1/install/mera_robot_bringup/share/mera_robot_bringup//launch/mera_robot_gazebo.launch.xml
[0.046s] -- Up-to-date symlink: /home/nikhil/ROS/ros2_ws_1/install/mera_robot_bringup/share/mera_robot_bringup//rviz/urdf_config.rviz
[0.046s] -- Up-to-date symlink: /home/nikhil/ROS/ros2_ws_1/install/mera_robot_bringup/share/ament_index/resource_index/package_run_dependencies/mera_robot_bringup
[0.046s] -- Up-to-date symlink: /home/nikhil/ROS/ros2_ws_1/install/mera_robot_bringup/share/ament_index/resource_index/parent_prefix_path/mera_robot_bringup
[0.046s] -- Up-to-date symlink: /home/nikhil/ROS/ros2_ws_1/install/mera_robot_bringup/share/mera_robot_bringup/environment/ament_prefix_path.sh
[0.046s] -- Up-to-date symlink: /home/nikhil/ROS/ros2_ws_1/install/mera_robot_bringup/share/mera_robot_bringup/environment/ament_prefix_path.dsv
[0.046s] -- Up-to-date symlink: /home/nikhil/ROS/ros2_ws_1/install/mera_robot_bringup/share/mera_robot_bringup/environment/path.sh
[0.046s] -- Up-to-date symlink: /home/nikhil/ROS/ros2_ws_1/install/mera_robot_bringup/share/mera_robot_bringup/environment/path.dsv
[0.046s] -- Up-to-date symlink: /home/nikhil/ROS/ros2_ws_1/install/mera_robot_bringup/share/mera_robot_bringup/local_setup.bash
[0.046s] -- Up-to-date symlink: /home/nikhil/ROS/ros2_ws_1/install/mera_robot_bringup/share/mera_robot_bringup/local_setup.sh
[0.046s] -- Up-to-date symlink: /home/nikhil/ROS/ros2_ws_1/install/mera_robot_bringup/share/mera_robot_bringup/local_setup.zsh
[0.046s] -- Up-to-date symlink: /home/nikhil/ROS/ros2_ws_1/install/mera_robot_bringup/share/mera_robot_bringup/local_setup.dsv
[0.047s] -- Symlinking: /home/nikhil/ROS/ros2_ws_1/install/mera_robot_bringup/share/mera_robot_bringup/package.dsv
[0.054s] -- Up-to-date symlink: /home/nikhil/ROS/ros2_ws_1/install/mera_robot_bringup/share/ament_index/resource_index/packages/mera_robot_bringup
[0.054s] -- Up-to-date symlink: /home/nikhil/ROS/ros2_ws_1/install/mera_robot_bringup/share/mera_robot_bringup/cmake/mera_robot_bringupConfig.cmake
[0.054s] -- Up-to-date symlink: /home/nikhil/ROS/ros2_ws_1/install/mera_robot_bringup/share/mera_robot_bringup/cmake/mera_robot_bringupConfig-version.cmake
[0.054s] -- Up-to-date symlink: /home/nikhil/ROS/ros2_ws_1/install/mera_robot_bringup/share/mera_robot_bringup/package.xml
[0.056s] Invoked command in '/home/nikhil/ROS/ros2_ws_1/build/mera_robot_bringup' returned '0': CMAKE_PREFIX_PATH=/home/nikhil/ROS/ros2_ws_1/install/my_robot_description:/home/nikhil/ROS/ros2_ws_1/install/mera_robot_bringup:/home/nikhil/ROS/ros2_ws/install/my_robot_bringup:/home/nikhil/ROS/ros2_ws/install/cpp_pkg:/home/nikhil/ROS/ros2_ws/install/course_activities:/home/nikhil/ROS/ros2_ws/install/my_robot_interfaces:/home/nikhil/ROS/ros2_ws/install/py_pkg:/opt/ros/humble /usr/bin/cmake --install /home/nikhil/ROS/ros2_ws_1/build/mera_robot_bringup
