[0.006s] Invoking command in '/home/nikhil/Work/ROS/control_ws/build/diffdrive_arduino': CMAKE_PREFIX_PATH=${CMAKE_PREFIX_PATH}:/home/nikhil/Work/ROS/ros2_ws/install/py_pkg:/opt/ros/humble /usr/bin/cmake /home/nikhil/Work/ROS/control_ws/src/diffdrive_arduino -DAMENT_CMAKE_SYMLINK_INSTALL=1 -DCMAKE_INSTALL_PREFIX=/home/nikhil/Work/ROS/control_ws/install/diffdrive_arduino
[0.015s] -- Found ament_cmake: 1.3.11 (/opt/ros/humble/share/ament_cmake/cmake)
[0.089s] -- Override CMake install command with custom implementation using symlinks instead of copying resources
[0.094s] -- Found hardware_interface: 2.48.0 (/opt/ros/humble/share/hardware_interface/cmake)
[0.109s] -- Found rosidl_generator_c: 3.1.6 (/opt/ros/humble/share/rosidl_generator_c/cmake)
[0.110s] -- Found rosidl_adapter: 3.1.6 (/opt/ros/humble/share/rosidl_adapter/cmake)
[0.113s] -- Found rosidl_generator_cpp: 3.1.6 (/opt/ros/humble/share/rosidl_generator_cpp/cmake)
[0.119s] -- Using all available rosidl_typesupport_c: rosidl_typesupport_fastrtps_c;rosidl_typesupport_introspection_c
[0.127s] -- Using all available rosidl_typesupport_cpp: rosidl_typesupport_fastrtps_cpp;rosidl_typesupport_introspection_cpp
[0.218s] -- Found rmw_implementation_cmake: 6.1.2 (/opt/ros/humble/share/rmw_implementation_cmake/cmake)
[0.219s] -- Found rmw_cyclonedds_cpp: 1.3.4 (/opt/ros/humble/share/rmw_cyclonedds_cpp/cmake)
[0.229s] -- Using RMW implementation 'rmw_cyclonedds_cpp' as default
[0.267s] -- Found ament_cmake_gtest: 1.3.11 (/opt/ros/humble/share/ament_cmake_gtest/cmake)
[0.309s] -- Configuring done
[0.323s] -- Generating done
[0.326s] -- Build files have been written to: /home/nikhil/Work/ROS/control_ws/build/diffdrive_arduino
[0.331s] Invoked command in '/home/nikhil/Work/ROS/control_ws/build/diffdrive_arduino' returned '0': CMAKE_PREFIX_PATH=${CMAKE_PREFIX_PATH}:/home/nikhil/Work/ROS/ros2_ws/install/py_pkg:/opt/ros/humble /usr/bin/cmake /home/nikhil/Work/ROS/control_ws/src/diffdrive_arduino -DAMENT_CMAKE_SYMLINK_INSTALL=1 -DCMAKE_INSTALL_PREFIX=/home/nikhil/Work/ROS/control_ws/install/diffdrive_arduino
[0.331s] Invoking command in '/home/nikhil/Work/ROS/control_ws/build/diffdrive_arduino': CMAKE_PREFIX_PATH=${CMAKE_PREFIX_PATH}:/home/nikhil/Work/ROS/ros2_ws/install/py_pkg:/opt/ros/humble /usr/bin/cmake --build /home/nikhil/Work/ROS/control_ws/build/diffdrive_arduino -- -j20 -l20
[0.363s] [35m[1mConsolidate compiler generated dependencies of target diffdrive_arduino[0m
[0.376s] [100%] Built target diffdrive_arduino
[0.382s] Invoked command in '/home/nikhil/Work/ROS/control_ws/build/diffdrive_arduino' returned '0': CMAKE_PREFIX_PATH=${CMAKE_PREFIX_PATH}:/home/nikhil/Work/ROS/ros2_ws/install/py_pkg:/opt/ros/humble /usr/bin/cmake --build /home/nikhil/Work/ROS/control_ws/build/diffdrive_arduino -- -j20 -l20
[0.391s] Invoking command in '/home/nikhil/Work/ROS/control_ws/build/diffdrive_arduino': CMAKE_PREFIX_PATH=${CMAKE_PREFIX_PATH}:/home/nikhil/Work/ROS/ros2_ws/install/py_pkg:/opt/ros/humble /usr/bin/cmake --install /home/nikhil/Work/ROS/control_ws/build/diffdrive_arduino
[0.396s] -- Install configuration: ""
[0.396s] -- Execute custom install script
[0.397s] -- Symlinking: /home/nikhil/Work/ROS/control_ws/install/diffdrive_arduino/share/diffdrive_arduino//diffdrive_arduino.xml
[0.402s] -- Symlinking: /home/nikhil/Work/ROS/control_ws/install/diffdrive_arduino/include/diffdrive_arduino/diffdrive_arduino/arduino_comms.hpp
[0.408s] -- Symlinking: /home/nikhil/Work/ROS/control_ws/install/diffdrive_arduino/include/diffdrive_arduino/diffdrive_arduino/diffbot_system.hpp
[0.415s] -- Symlinking: /home/nikhil/Work/ROS/control_ws/install/diffdrive_arduino/include/diffdrive_arduino/diffdrive_arduino/visibility_control.h
[0.420s] -- Symlinking: /home/nikhil/Work/ROS/control_ws/install/diffdrive_arduino/include/diffdrive_arduino/diffdrive_arduino/wheel.hpp
[0.426s] -- Symlinking: /home/nikhil/Work/ROS/control_ws/install/diffdrive_arduino/share/diffdrive_arduino/launch/view_robot.launch.py
[0.432s] -- Symlinking: /home/nikhil/Work/ROS/control_ws/install/diffdrive_arduino/share/diffdrive_arduino/ros2_control/diffbot.ros2_control.xacro
[0.438s] -- Symlinking: /home/nikhil/Work/ROS/control_ws/install/diffdrive_arduino/share/diffdrive_arduino/urdf/diffbot.materials.xacro
[0.444s] -- Symlinking: /home/nikhil/Work/ROS/control_ws/install/diffdrive_arduino/share/diffdrive_arduino/urdf/diffbot.urdf.xacro
[0.450s] -- Symlinking: /home/nikhil/Work/ROS/control_ws/install/diffdrive_arduino/share/diffdrive_arduino/urdf/diffbot_description.urdf.xacro
[0.455s] -- Symlinking: /home/nikhil/Work/ROS/control_ws/install/diffdrive_arduino/share/diffdrive_arduino/rviz/diffbot.rviz
[0.461s] -- Symlinking: /home/nikhil/Work/ROS/control_ws/install/diffdrive_arduino/share/diffdrive_arduino/rviz/diffbot_view.rviz
[0.465s] -- Symlinking: /home/nikhil/Work/ROS/control_ws/install/diffdrive_arduino/share/diffdrive_arduino/launch/diffbot.launch.py
[0.472s] -- Symlinking: /home/nikhil/Work/ROS/control_ws/install/diffdrive_arduino/share/diffdrive_arduino/config/diffbot_controllers.yaml
[0.478s] -- Symlinking: /home/nikhil/Work/ROS/control_ws/install/diffdrive_arduino/share/diffdrive_arduino/environment/library_path.sh
[0.485s] -- Symlinking: /home/nikhil/Work/ROS/control_ws/install/diffdrive_arduino/share/diffdrive_arduino/environment/library_path.dsv
[0.492s] -- Symlinking: /home/nikhil/Work/ROS/control_ws/install/diffdrive_arduino/share/ament_index/resource_index/package_run_dependencies/diffdrive_arduino
[0.497s] -- Symlinking: /home/nikhil/Work/ROS/control_ws/install/diffdrive_arduino/share/ament_index/resource_index/parent_prefix_path/diffdrive_arduino
[0.502s] -- Symlinking: /home/nikhil/Work/ROS/control_ws/install/diffdrive_arduino/share/diffdrive_arduino/environment/ament_prefix_path.sh
[0.507s] -- Symlinking: /home/nikhil/Work/ROS/control_ws/install/diffdrive_arduino/share/diffdrive_arduino/environment/ament_prefix_path.dsv
[0.513s] -- Symlinking: /home/nikhil/Work/ROS/control_ws/install/diffdrive_arduino/share/diffdrive_arduino/environment/path.sh
[0.527s] -- Symlinking: /home/nikhil/Work/ROS/control_ws/install/diffdrive_arduino/share/diffdrive_arduino/environment/path.dsv
[0.533s] -- Symlinking: /home/nikhil/Work/ROS/control_ws/install/diffdrive_arduino/share/diffdrive_arduino/local_setup.bash
[0.539s] -- Symlinking: /home/nikhil/Work/ROS/control_ws/install/diffdrive_arduino/share/diffdrive_arduino/local_setup.sh
[0.544s] -- Symlinking: /home/nikhil/Work/ROS/control_ws/install/diffdrive_arduino/share/diffdrive_arduino/local_setup.zsh
[0.550s] -- Symlinking: /home/nikhil/Work/ROS/control_ws/install/diffdrive_arduino/share/diffdrive_arduino/local_setup.dsv
[0.556s] -- Symlinking: /home/nikhil/Work/ROS/control_ws/install/diffdrive_arduino/share/diffdrive_arduino/package.dsv
[0.562s] -- Symlinking: /home/nikhil/Work/ROS/control_ws/install/diffdrive_arduino/share/ament_index/resource_index/packages/diffdrive_arduino
[0.568s] -- Symlinking: /home/nikhil/Work/ROS/control_ws/install/diffdrive_arduino/share/ament_index/resource_index/hardware_interface__pluginlib__plugin/diffdrive_arduino
[0.575s] -- Symlinking: /home/nikhil/Work/ROS/control_ws/install/diffdrive_arduino/share/diffdrive_arduino/cmake/ament_cmake_export_targets-extras.cmake
[0.582s] -- Symlinking: /home/nikhil/Work/ROS/control_ws/install/diffdrive_arduino/share/diffdrive_arduino/cmake/ament_cmake_export_dependencies-extras.cmake
[0.588s] -- Symlinking: /home/nikhil/Work/ROS/control_ws/install/diffdrive_arduino/share/diffdrive_arduino/cmake/diffdrive_arduinoConfig.cmake
[0.592s] -- Symlinking: /home/nikhil/Work/ROS/control_ws/install/diffdrive_arduino/share/diffdrive_arduino/cmake/diffdrive_arduinoConfig-version.cmake
[0.598s] -- Symlinking: /home/nikhil/Work/ROS/control_ws/install/diffdrive_arduino/share/diffdrive_arduino/package.xml
[0.604s] -- Up-to-date: /home/nikhil/Work/ROS/control_ws/install/diffdrive_arduino/lib/libdiffdrive_arduino.so
[0.604s] -- Up-to-date: /home/nikhil/Work/ROS/control_ws/install/diffdrive_arduino/share/diffdrive_arduino/cmake/export_diffdrive_arduinoExport.cmake
[0.604s] -- Up-to-date: /home/nikhil/Work/ROS/control_ws/install/diffdrive_arduino/share/diffdrive_arduino/cmake/export_diffdrive_arduinoExport-noconfig.cmake
[0.606s] Invoked command in '/home/nikhil/Work/ROS/control_ws/build/diffdrive_arduino' returned '0': CMAKE_PREFIX_PATH=${CMAKE_PREFIX_PATH}:/home/nikhil/Work/ROS/ros2_ws/install/py_pkg:/opt/ros/humble /usr/bin/cmake --install /home/nikhil/Work/ROS/control_ws/build/diffdrive_arduino
