[0.020s] Invoking command in '/home/nikhil/ROS/ros2_ws/build/my_robot_interfaces': CMAKE_PREFIX_PATH=${CMAKE_PREFIX_PATH}:/home/nikhil/ROS/ros2_ws/install/py_pkg:/opt/ros/humble /usr/bin/cmake --build /home/nikhil/ROS/ros2_ws/build/my_robot_interfaces -- -j20 -l20
[0.046s] -- Found ament_cmake: 1.3.9 (/opt/ros/humble/share/ament_cmake/cmake)
[0.135s] -- Found rosidl_default_generators: 1.2.0 (/opt/ros/humble/share/rosidl_default_generators/cmake)
[0.137s] -- Using all available rosidl_typesupport_c: rosidl_typesupport_fastrtps_c;rosidl_typesupport_introspection_c
[0.139s] -- Found rosidl_adapter: 3.1.5 (/opt/ros/humble/share/rosidl_adapter/cmake)
[0.160s] -- Using all available rosidl_typesupport_cpp: rosidl_typesupport_fastrtps_cpp;rosidl_typesupport_introspection_cpp
[0.292s] [31mCMake Error at /opt/ros/humble/share/rosidl_adapter/cmake/rosidl_adapt_interfaces.cmake:59 (message):
[0.292s]   execute_process(/usr/bin/python3 -m rosidl_adapter --package-name
[0.292s]   my_robot_interfaces --arguments-file
[0.292s]   /home/nikhil/ROS/ros2_ws/build/my_robot_interfaces/rosidl_adapter__arguments__my_robot_interfaces.json
[0.292s]   --output-dir
[0.292s]   /home/nikhil/ROS/ros2_ws/build/my_robot_interfaces/rosidl_adapter/my_robot_interfaces
[0.292s]   --output-file
[0.292s]   /home/nikhil/ROS/ros2_ws/build/my_robot_interfaces/rosidl_adapter/my_robot_interfaces.idls)
[0.292s]   returned error code 1:
[0.292s] 
[0.292s]   Traceback (most recent call last):
[0.292s] 
[0.292s]     File "/usr/lib/python3.10/runpy.py", line 196, in _run_module_as_main
[0.292s]       return _run_code(code, main_globals, None,
[0.292s]     File "/usr/lib/python3.10/runpy.py", line 86, in _run_code
[0.292s]       exec(code, run_globals)
[0.292s]     File "/opt/ros/humble/local/lib/python3.10/dist-packages/rosidl_adapter/__main__.py", line 19, in <module>
[0.292s]       sys.exit(main())
[0.292s]     File "/opt/ros/humble/local/lib/python3.10/dist-packages/rosidl_adapter/main.py", line 53, in main
[0.292s]       abs_idl_file = convert_to_idl(
[0.292s]     File "/opt/ros/humble/local/lib/python3.10/dist-packages/rosidl_adapter/__init__.py", line 19, in convert_to_idl
[0.292s]       return convert_msg_to_idl(
[0.292s]     File "/opt/ros/humble/local/lib/python3.10/dist-packages/rosidl_adapter/msg/__init__.py", line 28, in convert_msg_to_idl
[0.292s]       msg = parse_message_string(package_name, input_file.stem, content)
[0.292s]     File "/opt/ros/humble/local/lib/python3.10/dist-packages/rosidl_adapter/parser.py", line 544, in parse_message_string
[0.292s]       msg = MessageSpecification(pkg_name, msg_name, fields, constants)
[0.292s]     File "/opt/ros/humble/local/lib/python3.10/dist-packages/rosidl_adapter/parser.py", line 388, in __init__
[0.292s]       self.base_type = BaseType(
[0.292s]     File "/opt/ros/humble/local/lib/python3.10/dist-packages/rosidl_adapter/parser.py", line 205, in __init__
[0.292s]       raise InvalidResourceName(
[0.292s] 
[0.292s]   rosidl_adapter.parser.InvalidResourceName: 'robot_location' is an invalid
[0.293s]   message name.  It should have the pattern '^[A-Z][A-Za-z0-9]*$'
[0.293s] 
[0.293s] Call Stack (most recent call first):
[0.293s]   /opt/ros/humble/share/rosidl_cmake/cmake/rosidl_generate_interfaces.cmake:130 (rosidl_adapt_interfaces)
[0.293s]   CMakeLists.txt:12 (rosidl_generate_interfaces)
[0.293s] 
[0.293s] [0m
[0.293s] -- Configuring incomplete, errors occurred!
[0.293s] See also "/home/nikhil/ROS/ros2_ws/build/my_robot_interfaces/CMakeFiles/CMakeOutput.log".
[0.295s] gmake: *** [Makefile:1395: cmake_check_build_system] Error 1
[0.298s] Invoked command in '/home/nikhil/ROS/ros2_ws/build/my_robot_interfaces' returned '2': CMAKE_PREFIX_PATH=${CMAKE_PREFIX_PATH}:/home/nikhil/ROS/ros2_ws/install/py_pkg:/opt/ros/humble /usr/bin/cmake --build /home/nikhil/ROS/ros2_ws/build/my_robot_interfaces -- -j20 -l20
