[0.017s] Invoking command in '/home/nikhil/Work/ROS/controller_ws/build/three_omniwheel_controller': CMAKE_PREFIX_PATH=${CMAKE_PREFIX_PATH}:/home/nikhil/Work/ROS/ros2_ws/install/py_pkg:/opt/ros/humble /usr/bin/cmake --build /home/nikhil/Work/ROS/controller_ws/build/three_omniwheel_controller -- -j20 -l20
[0.080s] [ 33%] Built target three_omniwheel_controller_parameters
[0.100s] [35m[1mConsolidate compiler generated dependencies of target three_omniwheel_controller[0m
[0.136s] [ 50%] [32mBuilding CXX object CMakeFiles/three_omniwheel_controller.dir/src/three_omniwheel_controller.cpp.o[0m
[1.848s] [01m[K/home/nikhil/Work/ROS/controller_ws/src/three_omniwheel_controller/src/three_omniwheel_controller.cpp:[m[K In lambda function:
[1.848s] [01m[K/home/nikhil/Work/ROS/controller_ws/src/three_omniwheel_controller/src/three_omniwheel_controller.cpp:607:108:[m[K [01;31m[Kerror: [m[Kno matching function for call to ‘[01m[Kto_string(const std::__cxx11::basic_string<char>&)[m[K’
[1.848s]   607 |                                                        return interface.get_prefix_name() == [01;31m[Kstd::to_string(wheel_name)[m[K &&
[1.848s]       |                                                                                              [01;31m[K~~~~~~~~~~~~~~^~~~~~~~~~~~[m[K
[1.848s] In file included from [01m[K/opt/ros/humble/include/rclcpp/rclcpp/node_interfaces/node_parameters_interface.hpp:28[m[K,
[1.848s]                  from [01m[K/opt/ros/humble/include/rclcpp/rclcpp/node.hpp:54[m[K,
[1.849s]                  from [01m[K/opt/ros/humble/include/rclcpp/rclcpp/executors/single_threaded_executor.hpp:28[m[K,
[1.849s]                  from [01m[K/opt/ros/humble/include/rclcpp/rclcpp/executors.hpp:22[m[K,
[1.849s]                  from [01m[K/opt/ros/humble/include/rclcpp/rclcpp/rclcpp.hpp:155[m[K,
[1.849s]                  from [01m[K/opt/ros/humble/include/controller_interface/controller_interface_base.hpp:28[m[K,
[1.849s]                  from [01m[K/opt/ros/humble/include/controller_interface/controller_interface.hpp:22[m[K,
[1.849s]                  from [01m[K/home/nikhil/Work/ROS/controller_ws/src/three_omniwheel_controller/include/three_omniwheel_controller/three_omniwheel_controller.hpp:11[m[K,
[1.849s]                  from [01m[K/home/nikhil/Work/ROS/controller_ws/src/three_omniwheel_controller/src/three_omniwheel_controller.cpp:5[m[K:
[1.849s] [01m[K/opt/ros/humble/include/rclcpp/rclcpp/parameter.hpp:289:1:[m[K [01;36m[Knote: [m[Kcandidate: ‘[01m[Kstd::string std::to_string(const rclcpp::Parameter&)[m[K’
[1.849s]   289 | [01;36m[Kto_string[m[K(const rclcpp::Parameter & param);
[1.849s]       | [01;36m[K^~~~~~~~~[m[K
[1.849s] [01m[K/opt/ros/humble/include/rclcpp/rclcpp/parameter.hpp:289:37:[m[K [01;36m[Knote: [m[K  no known conversion for argument 1 from ‘[01m[Kconst std::__cxx11::basic_string<char>[m[K’ to ‘[01m[Kconst rclcpp::Parameter&[m[K’
[1.849s]   289 | to_string([01;36m[Kconst rclcpp::Parameter & param[m[K);
[1.849s]       |           [01;36m[K~~~~~~~~~~~~~~~~~~~~~~~~~~^~~~~[m[K
[1.849s] [01m[K/opt/ros/humble/include/rclcpp/rclcpp/parameter.hpp:294:1:[m[K [01;36m[Knote: [m[Kcandidate: ‘[01m[Kstd::string std::to_string(const std::vector<rclcpp::Parameter>&)[m[K’
[1.849s]   294 | [01;36m[Kto_string[m[K(const std::vector<rclcpp::Parameter> & parameters);
[1.849s]       | [01;36m[K^~~~~~~~~[m[K
[1.849s] [01m[K/opt/ros/humble/include/rclcpp/rclcpp/parameter.hpp:294:50:[m[K [01;36m[Knote: [m[K  no known conversion for argument 1 from ‘[01m[Kconst std::__cxx11::basic_string<char>[m[K’ to ‘[01m[Kconst std::vector<rclcpp::Parameter>&[m[K’
[1.849s]   294 | to_string([01;36m[Kconst std::vector<rclcpp::Parameter> & parameters[m[K);
[1.850s]       |           [01;36m[K~~~~~~~~~~~~~~~~~~~~~~~~~~~~~~~~~~~~~~~^~~~~~~~~~[m[K
[1.850s] In file included from [01m[K/usr/include/c++/11/string:55[m[K,
[1.850s]                  from [01m[K/home/nikhil/Work/ROS/controller_ws/src/three_omniwheel_controller/include/three_omniwheel_controller/three_omniwheel_controller.hpp:8[m[K,
[1.850s]                  from [01m[K/home/nikhil/Work/ROS/controller_ws/src/three_omniwheel_controller/src/three_omniwheel_controller.cpp:5[m[K:
[1.850s] [01m[K/usr/include/c++/11/bits/basic_string.h:6660:3:[m[K [01;36m[Knote: [m[Kcandidate: ‘[01m[Kstd::string std::__cxx11::to_string(int)[m[K’
[1.850s]  6660 |   [01;36m[Kto_string[m[K(int __val)
[1.850s]       |   [01;36m[K^~~~~~~~~[m[K
[1.851s] [01m[K/usr/include/c++/11/bits/basic_string.h:6660:17:[m[K [01;36m[Knote: [m[K  no known conversion for argument 1 from ‘[01m[Kconst std::__cxx11::basic_string<char>[m[K’ to ‘[01m[Kint[m[K’
[1.851s]  6660 |   to_string([01;36m[Kint __val[m[K)
[1.851s]       |             [01;36m[K~~~~^~~~~[m[K
[1.851s] [01m[K/usr/include/c++/11/bits/basic_string.h:6671:3:[m[K [01;36m[Knote: [m[Kcandidate: ‘[01m[Kstd::string std::__cxx11::to_string(unsigned int)[m[K’
[1.851s]  6671 |   [01;36m[Kto_string[m[K(unsigned __val)
[1.851s]       |   [01;36m[K^~~~~~~~~[m[K
[1.851s] [01m[K/usr/include/c++/11/bits/basic_string.h:6671:22:[m[K [01;36m[Knote: [m[K  no known conversion for argument 1 from ‘[01m[Kconst std::__cxx11::basic_string<char>[m[K’ to ‘[01m[Kunsigned int[m[K’
[1.851s]  6671 |   to_string([01;36m[Kunsigned __val[m[K)
[1.851s]       |             [01;36m[K~~~~~~~~~^~~~~[m[K
[1.851s] [01m[K/usr/include/c++/11/bits/basic_string.h:6679:3:[m[K [01;36m[Knote: [m[Kcandidate: ‘[01m[Kstd::string std::__cxx11::to_string(long int)[m[K’
[1.851s]  6679 |   [01;36m[Kto_string[m[K(long __val)
[1.851s]       |   [01;36m[K^~~~~~~~~[m[K
[1.851s] [01m[K/usr/include/c++/11/bits/basic_string.h:6679:18:[m[K [01;36m[Knote: [m[K  no known conversion for argument 1 from ‘[01m[Kconst std::__cxx11::basic_string<char>[m[K’ to ‘[01m[Klong int[m[K’
[1.852s]  6679 |   to_string([01;36m[Klong __val[m[K)
[1.852s]       |             [01;36m[K~~~~~^~~~~[m[K
[1.852s] [01m[K/usr/include/c++/11/bits/basic_string.h:6690:3:[m[K [01;36m[Knote: [m[Kcandidate: ‘[01m[Kstd::string std::__cxx11::to_string(long unsigned int)[m[K’
[1.852s]  6690 |   [01;36m[Kto_string[m[K(unsigned long __val)
[1.852s]       |   [01;36m[K^~~~~~~~~[m[K
[1.852s] [01m[K/usr/include/c++/11/bits/basic_string.h:6690:27:[m[K [01;36m[Knote: [m[K  no known conversion for argument 1 from ‘[01m[Kconst std::__cxx11::basic_string<char>[m[K’ to ‘[01m[Klong unsigned int[m[K’
[1.852s]  6690 |   to_string([01;36m[Kunsigned long __val[m[K)
[1.852s]       |             [01;36m[K~~~~~~~~~~~~~~^~~~~[m[K
[1.852s] [01m[K/usr/include/c++/11/bits/basic_string.h:6698:3:[m[K [01;36m[Knote: [m[Kcandidate: ‘[01m[Kstd::string std::__cxx11::to_string(long long int)[m[K’
[1.852s]  6698 |   [01;36m[Kto_string[m[K(long long __val)
[1.852s]       |   [01;36m[K^~~~~~~~~[m[K
[1.853s] [01m[K/usr/include/c++/11/bits/basic_string.h:6698:23:[m[K [01;36m[Knote: [m[K  no known conversion for argument 1 from ‘[01m[Kconst std::__cxx11::basic_string<char>[m[K’ to ‘[01m[Klong long int[m[K’
[1.853s]  6698 |   to_string([01;36m[Klong long __val[m[K)
[1.853s]       |             [01;36m[K~~~~~~~~~~^~~~~[m[K
[1.853s] [01m[K/usr/include/c++/11/bits/basic_string.h:6710:3:[m[K [01;36m[Knote: [m[Kcandidate: ‘[01m[Kstd::string std::__cxx11::to_string(long long unsigned int)[m[K’
[1.853s]  6710 |   [01;36m[Kto_string[m[K(unsigned long long __val)
[1.853s]       |   [01;36m[K^~~~~~~~~[m[K
[1.853s] [01m[K/usr/include/c++/11/bits/basic_string.h:6710:32:[m[K [01;36m[Knote: [m[K  no known conversion for argument 1 from ‘[01m[Kconst std::__cxx11::basic_string<char>[m[K’ to ‘[01m[Klong long unsigned int[m[K’
[1.853s]  6710 |   to_string([01;36m[Kunsigned long long __val[m[K)
[1.853s]       |             [01;36m[K~~~~~~~~~~~~~~~~~~~^~~~~[m[K
[1.854s] [01m[K/usr/include/c++/11/bits/basic_string.h:6721:3:[m[K [01;36m[Knote: [m[Kcandidate: ‘[01m[Kstd::string std::__cxx11::to_string(float)[m[K’
[1.854s]  6721 |   [01;36m[Kto_string[m[K(float __val)
[1.854s]       |   [01;36m[K^~~~~~~~~[m[K
[1.854s] [01m[K/usr/include/c++/11/bits/basic_string.h:6721:19:[m[K [01;36m[Knote: [m[K  no known conversion for argument 1 from ‘[01m[Kconst std::__cxx11::basic_string<char>[m[K’ to ‘[01m[Kfloat[m[K’
[1.854s]  6721 |   to_string([01;36m[Kfloat __val[m[K)
[1.855s]       |             [01;36m[K~~~~~~^~~~~[m[K
[1.855s] [01m[K/usr/include/c++/11/bits/basic_string.h:6730:3:[m[K [01;36m[Knote: [m[Kcandidate: ‘[01m[Kstd::string std::__cxx11::to_string(double)[m[K’
[1.855s]  6730 |   [01;36m[Kto_string[m[K(double __val)
[1.855s]       |   [01;36m[K^~~~~~~~~[m[K
[1.855s] [01m[K/usr/include/c++/11/bits/basic_string.h:6730:20:[m[K [01;36m[Knote: [m[K  no known conversion for argument 1 from ‘[01m[Kconst std::__cxx11::basic_string<char>[m[K’ to ‘[01m[Kdouble[m[K’
[1.855s]  6730 |   to_string([01;36m[Kdouble __val[m[K)
[1.855s]       |             [01;36m[K~~~~~~~^~~~~[m[K
[1.855s] [01m[K/usr/include/c++/11/bits/basic_string.h:6739:3:[m[K [01;36m[Knote: [m[Kcandidate: ‘[01m[Kstd::string std::__cxx11::to_string(long double)[m[K’
[1.855s]  6739 |   [01;36m[Kto_string[m[K(long double __val)
[1.855s]       |   [01;36m[K^~~~~~~~~[m[K
[1.855s] [01m[K/usr/include/c++/11/bits/basic_string.h:6739:25:[m[K [01;36m[Knote: [m[K  no known conversion for argument 1 from ‘[01m[Kconst std::__cxx11::basic_string<char>[m[K’ to ‘[01m[Klong double[m[K’
[1.856s]  6739 |   to_string([01;36m[Klong double __val[m[K)
[1.856s]       |             [01;36m[K~~~~~~~~~~~~^~~~~[m[K
[1.856s] In file included from [01m[K/opt/ros/humble/include/rclcpp/rclcpp/logging.hpp:24[m[K,
[1.856s]                  from [01m[K/opt/ros/humble/include/rclcpp/rclcpp/client.hpp:40[m[K,
[1.856s]                  from [01m[K/opt/ros/humble/include/rclcpp/rclcpp/callback_group.hpp:24[m[K,
[1.856s]                  from [01m[K/opt/ros/humble/include/rclcpp/rclcpp/any_executable.hpp:20[m[K,
[1.856s]                  from [01m[K/opt/ros/humble/include/rclcpp/rclcpp/memory_strategy.hpp:25[m[K,
[1.856s]                  from [01m[K/opt/ros/humble/include/rclcpp/rclcpp/memory_strategies.hpp:18[m[K,
[1.856s]                  from [01m[K/opt/ros/humble/include/rclcpp/rclcpp/executor_options.hpp:20[m[K,
[1.856s]                  from [01m[K/opt/ros/humble/include/rclcpp/rclcpp/executor.hpp:37[m[K,
[1.856s]                  from [01m[K/opt/ros/humble/include/rclcpp/rclcpp/executors/multi_threaded_executor.hpp:25[m[K,
[1.856s]                  from [01m[K/opt/ros/humble/include/rclcpp/rclcpp/executors.hpp:21[m[K,
[1.856s]                  from [01m[K/opt/ros/humble/include/rclcpp/rclcpp/rclcpp.hpp:155[m[K,
[1.856s]                  from [01m[K/opt/ros/humble/include/controller_interface/controller_interface_base.hpp:28[m[K,
[1.856s]                  from [01m[K/opt/ros/humble/include/controller_interface/controller_interface.hpp:22[m[K,
[1.856s]                  from [01m[K/home/nikhil/Work/ROS/controller_ws/src/three_omniwheel_controller/include/three_omniwheel_controller/three_omniwheel_controller.hpp:11[m[K,
[1.856s]                  from [01m[K/home/nikhil/Work/ROS/controller_ws/src/three_omniwheel_controller/src/three_omniwheel_controller.cpp:5[m[K:
[1.856s] [01m[K/home/nikhil/Work/ROS/controller_ws/src/three_omniwheel_controller/src/three_omniwheel_controller.cpp:[m[K In member function ‘[01m[Kcontroller_interface::CallbackReturn three_omniwheel_controller::ThreeOmniwheelController::configure_dead_wheel(const string&, const std::vector<std::__cxx11::basic_string<char> >&, std::vector<three_omniwheel_controller::ThreeOmniwheelController::DeadWheelHandle>&)[m[K’:
[1.856s] [01m[K/home/nikhil/Work/ROS/controller_ws/src/three_omniwheel_controller/src/three_omniwheel_controller.cpp:614:138:[m[K [01;31m[Kerror: [m[Kno matching function for call to ‘[01m[Kto_string(const std::__cxx11::basic_string<char>&)[m[K’
[1.856s]   614 | OR(rclcpp::get_logger("ThreeOmniwheelController"), "Unable to obtain joint state handle for %s", [01;31m[Kstd::to_string(wheel_name)[m[K.c_str());
[1.856s]       |                                                                                                  [01;31m[K~~~~~~~~~~~~~~^~~~~~~~~~~~[m[K
[1.856s] 
[1.857s] In file included from [01m[K/opt/ros/humble/include/rclcpp/rclcpp/node_interfaces/node_parameters_interface.hpp:28[m[K,
[1.857s]                  from [01m[K/opt/ros/humble/include/rclcpp/rclcpp/node.hpp:54[m[K,
[1.857s]                  from [01m[K/opt/ros/humble/include/rclcpp/rclcpp/executors/single_threaded_executor.hpp:28[m[K,
[1.857s]                  from [01m[K/opt/ros/humble/include/rclcpp/rclcpp/executors.hpp:22[m[K,
[1.857s]                  from [01m[K/opt/ros/humble/include/rclcpp/rclcpp/rclcpp.hpp:155[m[K,
[1.857s]                  from [01m[K/opt/ros/humble/include/controller_interface/controller_interface_base.hpp:28[m[K,
[1.857s]                  from [01m[K/opt/ros/humble/include/controller_interface/controller_interface.hpp:22[m[K,
[1.857s]                  from [01m[K/home/nikhil/Work/ROS/controller_ws/src/three_omniwheel_controller/include/three_omniwheel_controller/three_omniwheel_controller.hpp:11[m[K,
[1.857s]                  from [01m[K/home/nikhil/Work/ROS/controller_ws/src/three_omniwheel_controller/src/three_omniwheel_controller.cpp:5[m[K:
[1.857s] [01m[K/opt/ros/humble/include/rclcpp/rclcpp/parameter.hpp:289:1:[m[K [01;36m[Knote: [m[Kcandidate: ‘[01m[Kstd::string std::to_string(const rclcpp::Parameter&)[m[K’
[1.857s]   289 | [01;36m[Kto_string[m[K(const rclcpp::Parameter & param);
[1.857s]       | [01;36m[K^~~~~~~~~[m[K
[1.857s] [01m[K/opt/ros/humble/include/rclcpp/rclcpp/parameter.hpp:289:37:[m[K [01;36m[Knote: [m[K  no known conversion for argument 1 from ‘[01m[Kconst std::__cxx11::basic_string<char>[m[K’ to ‘[01m[Kconst rclcpp::Parameter&[m[K’
[1.857s]   289 | to_string([01;36m[Kconst rclcpp::Parameter & param[m[K);
[1.857s]       |           [01;36m[K~~~~~~~~~~~~~~~~~~~~~~~~~~^~~~~[m[K
[1.857s] [01m[K/opt/ros/humble/include/rclcpp/rclcpp/parameter.hpp:294:1:[m[K [01;36m[Knote: [m[Kcandidate: ‘[01m[Kstd::string std::to_string(const std::vector<rclcpp::Parameter>&)[m[K’
[1.857s]   294 | [01;36m[Kto_string[m[K(const std::vector<rclcpp::Parameter> & parameters);
[1.857s]       | [01;36m[K^~~~~~~~~[m[K
[1.857s] [01m[K/opt/ros/humble/include/rclcpp/rclcpp/parameter.hpp:294:50:[m[K [01;36m[Knote: [m[K  no known conversion for argument 1 from ‘[01m[Kconst std::__cxx11::basic_string<char>[m[K’ to ‘[01m[Kconst std::vector<rclcpp::Parameter>&[m[K’
[1.857s]   294 | to_string([01;36m[Kconst std::vector<rclcpp::Parameter> & parameters[m[K);
[1.857s]       |           [01;36m[K~~~~~~~~~~~~~~~~~~~~~~~~~~~~~~~~~~~~~~~^~~~~~~~~~[m[K
[1.857s] In file included from [01m[K/usr/include/c++/11/string:55[m[K,
[1.857s]                  from [01m[K/home/nikhil/Work/ROS/controller_ws/src/three_omniwheel_controller/include/three_omniwheel_controller/three_omniwheel_controller.hpp:8[m[K,
[1.857s]                  from [01m[K/home/nikhil/Work/ROS/controller_ws/src/three_omniwheel_controller/src/three_omniwheel_controller.cpp:5[m[K:
[1.857s] [01m[K/usr/include/c++/11/bits/basic_string.h:6660:3:[m[K [01;36m[Knote: [m[Kcandidate: ‘[01m[Kstd::string std::__cxx11::to_string(int)[m[K’
[1.857s]  6660 |   [01;36m[Kto_string[m[K(int __val)
[1.857s]       |   [01;36m[K^~~~~~~~~[m[K
[1.857s] [01m[K/usr/include/c++/11/bits/basic_string.h:6660:17:[m[K [01;36m[Knote: [m[K  no known conversion for argument 1 from ‘[01m[Kconst std::__cxx11::basic_string<char>[m[K’ to ‘[01m[Kint[m[K’
[1.857s]  6660 |   to_string([01;36m[Kint __val[m[K)
[1.857s]       |             [01;36m[K~~~~^~~~~[m[K
[1.857s] [01m[K/usr/include/c++/11/bits/basic_string.h:6671:3:[m[K [01;36m[Knote: [m[Kcandidate: ‘[01m[Kstd::string std::__cxx11::to_string(unsigned int)[m[K’
[1.858s]  6671 |   [01;36m[Kto_string[m[K(unsigned __val)
[1.858s]       |   [01;36m[K^~~~~~~~~[m[K
[1.858s] [01m[K/usr/include/c++/11/bits/basic_string.h:6671:22:[m[K [01;36m[Knote: [m[K  no known conversion for argument 1 from ‘[01m[Kconst std::__cxx11::basic_string<char>[m[K’ to ‘[01m[Kunsigned int[m[K’
[1.858s]  6671 |   to_string([01;36m[Kunsigned __val[m[K)
[1.858s]       |             [01;36m[K~~~~~~~~~^~~~~[m[K
[1.858s] [01m[K/usr/include/c++/11/bits/basic_string.h:6679:3:[m[K [01;36m[Knote: [m[Kcandidate: ‘[01m[Kstd::string std::__cxx11::to_string(long int)[m[K’
[1.858s]  6679 |   [01;36m[Kto_string[m[K(long __val)
[1.858s]       |   [01;36m[K^~~~~~~~~[m[K
[1.858s] [01m[K/usr/include/c++/11/bits/basic_string.h:6679:18:[m[K [01;36m[Knote: [m[K  no known conversion for argument 1 from ‘[01m[Kconst std::__cxx11::basic_string<char>[m[K’ to ‘[01m[Klong int[m[K’
[1.858s]  6679 |   to_string([01;36m[Klong __val[m[K)
[1.858s]       |             [01;36m[K~~~~~^~~~~[m[K
[1.858s] [01m[K/usr/include/c++/11/bits/basic_string.h:6690:3:[m[K [01;36m[Knote: [m[Kcandidate: ‘[01m[Kstd::string std::__cxx11::to_string(long unsigned int)[m[K’
[1.858s]  6690 |   [01;36m[Kto_string[m[K(unsigned long __val)
[1.858s]       |   [01;36m[K^~~~~~~~~[m[K
[1.858s] [01m[K/usr/include/c++/11/bits/basic_string.h:6690:27:[m[K [01;36m[Knote: [m[K  no known conversion for argument 1 from ‘[01m[Kconst std::__cxx11::basic_string<char>[m[K’ to ‘[01m[Klong unsigned int[m[K’
[1.858s]  6690 |   to_string([01;36m[Kunsigned long __val[m[K)
[1.858s]       |             [01;36m[K~~~~~~~~~~~~~~^~~~~[m[K
[1.858s] [01m[K/usr/include/c++/11/bits/basic_string.h:6698:3:[m[K [01;36m[Knote: [m[Kcandidate: ‘[01m[Kstd::string std::__cxx11::to_string(long long int)[m[K’
[1.858s]  6698 |   [01;36m[Kto_string[m[K(long long __val)
[1.858s]       |   [01;36m[K^~~~~~~~~[m[K
[1.858s] [01m[K/usr/include/c++/11/bits/basic_string.h:6698:23:[m[K [01;36m[Knote: [m[K  no known conversion for argument 1 from ‘[01m[Kconst std::__cxx11::basic_string<char>[m[K’ to ‘[01m[Klong long int[m[K’
[1.858s]  6698 |   to_string([01;36m[Klong long __val[m[K)
[1.858s]       |             [01;36m[K~~~~~~~~~~^~~~~[m[K
[1.858s] [01m[K/usr/include/c++/11/bits/basic_string.h:6710:3:[m[K [01;36m[Knote: [m[Kcandidate: ‘[01m[Kstd::string std::__cxx11::to_string(long long unsigned int)[m[K’
[1.858s]  6710 |   [01;36m[Kto_string[m[K(unsigned long long __val)
[1.858s]       |   [01;36m[K^~~~~~~~~[m[K
[1.858s] [01m[K/usr/include/c++/11/bits/basic_string.h:6710:32:[m[K [01;36m[Knote: [m[K  no known conversion for argument 1 from ‘[01m[Kconst std::__cxx11::basic_string<char>[m[K’ to ‘[01m[Klong long unsigned int[m[K’
[1.858s]  6710 |   to_string([01;36m[Kunsigned long long __val[m[K)
[1.858s]       |             [01;36m[K~~~~~~~~~~~~~~~~~~~^~~~~[m[K
[1.858s] [01m[K/usr/include/c++/11/bits/basic_string.h:6721:3:[m[K [01;36m[Knote: [m[Kcandidate: ‘[01m[Kstd::string std::__cxx11::to_string(float)[m[K’
[1.858s]  6721 |   [01;36m[Kto_string[m[K(float __val)
[1.859s]       |   [01;36m[K^~~~~~~~~[m[K
[1.859s] [01m[K/usr/include/c++/11/bits/basic_string.h:6721:19:[m[K [01;36m[Knote: [m[K  no known conversion for argument 1 from ‘[01m[Kconst std::__cxx11::basic_string<char>[m[K’ to ‘[01m[Kfloat[m[K’
[1.859s]  6721 |   to_string([01;36m[Kfloat __val[m[K)
[1.859s]       |             [01;36m[K~~~~~~^~~~~[m[K
[1.859s] [01m[K/usr/include/c++/11/bits/basic_string.h:6730:3:[m[K [01;36m[Knote: [m[Kcandidate: ‘[01m[Kstd::string std::__cxx11::to_string(double)[m[K’
[1.859s]  6730 |   [01;36m[Kto_string[m[K(double __val)
[1.859s]       |   [01;36m[K^~~~~~~~~[m[K
[1.859s] [01m[K/usr/include/c++/11/bits/basic_string.h:6730:20:[m[K [01;36m[Knote: [m[K  no known conversion for argument 1 from ‘[01m[Kconst std::__cxx11::basic_string<char>[m[K’ to ‘[01m[Kdouble[m[K’
[1.859s]  6730 |   to_string([01;36m[Kdouble __val[m[K)
[1.859s]       |             [01;36m[K~~~~~~~^~~~~[m[K
[1.859s] [01m[K/usr/include/c++/11/bits/basic_string.h:6739:3:[m[K [01;36m[Knote: [m[Kcandidate: ‘[01m[Kstd::string std::__cxx11::to_string(long double)[m[K’
[1.859s]  6739 |   [01;36m[Kto_string[m[K(long double __val)
[1.859s]       |   [01;36m[K^~~~~~~~~[m[K
[1.859s] [01m[K/usr/include/c++/11/bits/basic_string.h:6739:25:[m[K [01;36m[Knote: [m[K  no known conversion for argument 1 from ‘[01m[Kconst std::__cxx11::basic_string<char>[m[K’ to ‘[01m[Klong double[m[K’
[1.859s]  6739 |   to_string([01;36m[Klong double __val[m[K)
[1.859s]       |             [01;36m[K~~~~~~~~~~~~^~~~~[m[K
[1.859s] [01m[K/home/nikhil/Work/ROS/controller_ws/src/three_omniwheel_controller/src/three_omniwheel_controller.cpp:[m[K In lambda function:
[1.859s] [01m[K/home/nikhil/Work/ROS/controller_ws/src/three_omniwheel_controller/src/three_omniwheel_controller.cpp:645:108:[m[K [01;31m[Kerror: [m[Kno matching function for call to ‘[01m[Kto_string(const std::__cxx11::basic_string<char>&)[m[K’
[1.859s]   645 |                                                        return interface.get_prefix_name() == [01;31m[Kstd::to_string(wheel_name)[m[K &&
[1.859s]       |                                                                                              [01;31m[K~~~~~~~~~~~~~~^~~~~~~~~~~~[m[K
[1.859s] In file included from [01m[K/opt/ros/humble/include/rclcpp/rclcpp/node_interfaces/node_parameters_interface.hpp:28[m[K,
[1.859s]                  from [01m[K/opt/ros/humble/include/rclcpp/rclcpp/node.hpp:54[m[K,
[1.859s]                  from [01m[K/opt/ros/humble/include/rclcpp/rclcpp/executors/single_threaded_executor.hpp:28[m[K,
[1.859s]                  from [01m[K/opt/ros/humble/include/rclcpp/rclcpp/executors.hpp:22[m[K,
[1.859s]                  from [01m[K/opt/ros/humble/include/rclcpp/rclcpp/rclcpp.hpp:155[m[K,
[1.859s]                  from [01m[K/opt/ros/humble/include/controller_interface/controller_interface_base.hpp:28[m[K,
[1.859s]                  from [01m[K/opt/ros/humble/include/controller_interface/controller_interface.hpp:22[m[K,
[1.859s]                  from [01m[K/home/nikhil/Work/ROS/controller_ws/src/three_omniwheel_controller/include/three_omniwheel_controller/three_omniwheel_controller.hpp:11[m[K,
[1.859s]                  from [01m[K/home/nikhil/Work/ROS/controller_ws/src/three_omniwheel_controller/src/three_omniwheel_controller.cpp:5[m[K:
[1.859s] [01m[K/opt/ros/humble/include/rclcpp/rclcpp/parameter.hpp:289:1:[m[K [01;36m[Knote: [m[Kcandidate: ‘[01m[Kstd::string std::to_string(const rclcpp::Parameter&)[m[K’
[1.860s]   289 | [01;36m[Kto_string[m[K(const rclcpp::Parameter & param);
[1.860s]       | [01;36m[K^~~~~~~~~[m[K
[1.860s] [01m[K/opt/ros/humble/include/rclcpp/rclcpp/parameter.hpp:289:37:[m[K [01;36m[Knote: [m[K  no known conversion for argument 1 from ‘[01m[Kconst std::__cxx11::basic_string<char>[m[K’ to ‘[01m[Kconst rclcpp::Parameter&[m[K’
[1.860s]   289 | to_string([01;36m[Kconst rclcpp::Parameter & param[m[K);
[1.860s]       |           [01;36m[K~~~~~~~~~~~~~~~~~~~~~~~~~~^~~~~[m[K
[1.860s] [01m[K/opt/ros/humble/include/rclcpp/rclcpp/parameter.hpp:294:1:[m[K [01;36m[Knote: [m[Kcandidate: ‘[01m[Kstd::string std::to_string(const std::vector<rclcpp::Parameter>&)[m[K’
[1.860s]   294 | [01;36m[Kto_string[m[K(const std::vector<rclcpp::Parameter> & parameters);
[1.860s]       | [01;36m[K^~~~~~~~~[m[K
[1.860s] [01m[K/opt/ros/humble/include/rclcpp/rclcpp/parameter.hpp:294:50:[m[K [01;36m[Knote: [m[K  no known conversion for argument 1 from ‘[01m[Kconst std::__cxx11::basic_string<char>[m[K’ to ‘[01m[Kconst std::vector<rclcpp::Parameter>&[m[K’
[1.860s]   294 | to_string([01;36m[Kconst std::vector<rclcpp::Parameter> & parameters[m[K);
[1.860s]       |           [01;36m[K~~~~~~~~~~~~~~~~~~~~~~~~~~~~~~~~~~~~~~~^~~~~~~~~~[m[K
[1.860s] In file included from [01m[K/usr/include/c++/11/string:55[m[K,
[1.860s]                  from [01m[K/home/nikhil/Work/ROS/controller_ws/src/three_omniwheel_controller/include/three_omniwheel_controller/three_omniwheel_controller.hpp:8[m[K,
[1.860s]                  from [01m[K/home/nikhil/Work/ROS/controller_ws/src/three_omniwheel_controller/src/three_omniwheel_controller.cpp:5[m[K:
[1.860s] [01m[K/usr/include/c++/11/bits/basic_string.h:6660:3:[m[K [01;36m[Knote: [m[Kcandidate: ‘[01m[Kstd::string std::__cxx11::to_string(int)[m[K’
[1.860s]  6660 |   [01;36m[Kto_string[m[K(int __val)
[1.860s]       |   [01;36m[K^~~~~~~~~[m[K
[1.860s] [01m[K/usr/include/c++/11/bits/basic_string.h:6660:17:[m[K [01;36m[Knote: [m[K  no known conversion for argument 1 from ‘[01m[Kconst std::__cxx11::basic_string<char>[m[K’ to ‘[01m[Kint[m[K’
[1.860s]  6660 |   to_string([01;36m[Kint __val[m[K)
[1.860s]       |             [01;36m[K~~~~^~~~~[m[K
[1.860s] [01m[K/usr/include/c++/11/bits/basic_string.h:6671:3:[m[K [01;36m[Knote: [m[Kcandidate: ‘[01m[Kstd::string std::__cxx11::to_string(unsigned int)[m[K’
[1.860s]  6671 |   [01;36m[Kto_string[m[K(unsigned __val)
[1.860s]       |   [01;36m[K^~~~~~~~~[m[K
[1.860s] [01m[K/usr/include/c++/11/bits/basic_string.h:6671:22:[m[K [01;36m[Knote: [m[K  no known conversion for argument 1 from ‘[01m[Kconst std::__cxx11::basic_string<char>[m[K’ to ‘[01m[Kunsigned int[m[K’
[1.860s]  6671 |   to_string([01;36m[Kunsigned __val[m[K)
[1.860s]       |             [01;36m[K~~~~~~~~~^~~~~[m[K
[1.860s] [01m[K/usr/include/c++/11/bits/basic_string.h:6679:3:[m[K [01;36m[Knote: [m[Kcandidate: ‘[01m[Kstd::string std::__cxx11::to_string(long int)[m[K’
[1.860s]  6679 |   [01;36m[Kto_string[m[K(long __val)
[1.860s]       |   [01;36m[K^~~~~~~~~[m[K
[1.860s] [01m[K/usr/include/c++/11/bits/basic_string.h:6679:18:[m[K [01;36m[Knote: [m[K  no known conversion for argument 1 from ‘[01m[Kconst std::__cxx11::basic_string<char>[m[K’ to ‘[01m[Klong int[m[K’
[1.860s]  6679 |   to_string([01;36m[Klong __val[m[K)
[1.861s]       |             [01;36m[K~~~~~^~~~~[m[K
[1.861s] [01m[K/usr/include/c++/11/bits/basic_string.h:6690:3:[m[K [01;36m[Knote: [m[Kcandidate: ‘[01m[Kstd::string std::__cxx11::to_string(long unsigned int)[m[K’
[1.861s]  6690 |   [01;36m[Kto_string[m[K(unsigned long __val)
[1.861s]       |   [01;36m[K^~~~~~~~~[m[K
[1.861s] [01m[K/usr/include/c++/11/bits/basic_string.h:6690:27:[m[K [01;36m[Knote: [m[K  no known conversion for argument 1 from ‘[01m[Kconst std::__cxx11::basic_string<char>[m[K’ to ‘[01m[Klong unsigned int[m[K’
[1.861s]  6690 |   to_string([01;36m[Kunsigned long __val[m[K)
[1.861s]       |             [01;36m[K~~~~~~~~~~~~~~^~~~~[m[K
[1.861s] [01m[K/usr/include/c++/11/bits/basic_string.h:6698:3:[m[K [01;36m[Knote: [m[Kcandidate: ‘[01m[Kstd::string std::__cxx11::to_string(long long int)[m[K’
[1.861s]  6698 |   [01;36m[Kto_string[m[K(long long __val)
[1.861s]       |   [01;36m[K^~~~~~~~~[m[K
[1.861s] [01m[K/usr/include/c++/11/bits/basic_string.h:6698:23:[m[K [01;36m[Knote: [m[K  no known conversion for argument 1 from ‘[01m[Kconst std::__cxx11::basic_string<char>[m[K’ to ‘[01m[Klong long int[m[K’
[1.861s]  6698 |   to_string([01;36m[Klong long __val[m[K)
[1.861s]       |             [01;36m[K~~~~~~~~~~^~~~~[m[K
[1.861s] [01m[K/usr/include/c++/11/bits/basic_string.h:6710:3:[m[K [01;36m[Knote: [m[Kcandidate: ‘[01m[Kstd::string std::__cxx11::to_string(long long unsigned int)[m[K’
[1.861s]  6710 |   [01;36m[Kto_string[m[K(unsigned long long __val)
[1.861s]       |   [01;36m[K^~~~~~~~~[m[K
[1.861s] [01m[K/usr/include/c++/11/bits/basic_string.h:6710:32:[m[K [01;36m[Knote: [m[K  no known conversion for argument 1 from ‘[01m[Kconst std::__cxx11::basic_string<char>[m[K’ to ‘[01m[Klong long unsigned int[m[K’
[1.861s]  6710 |   to_string([01;36m[Kunsigned long long __val[m[K)
[1.861s]       |             [01;36m[K~~~~~~~~~~~~~~~~~~~^~~~~[m[K
[1.861s] [01m[K/usr/include/c++/11/bits/basic_string.h:6721:3:[m[K [01;36m[Knote: [m[Kcandidate: ‘[01m[Kstd::string std::__cxx11::to_string(float)[m[K’
[1.861s]  6721 |   [01;36m[Kto_string[m[K(float __val)
[1.861s]       |   [01;36m[K^~~~~~~~~[m[K
[1.861s] [01m[K/usr/include/c++/11/bits/basic_string.h:6721:19:[m[K [01;36m[Knote: [m[K  no known conversion for argument 1 from ‘[01m[Kconst std::__cxx11::basic_string<char>[m[K’ to ‘[01m[Kfloat[m[K’
[1.861s]  6721 |   to_string([01;36m[Kfloat __val[m[K)
[1.861s]       |             [01;36m[K~~~~~~^~~~~[m[K
[1.861s] [01m[K/usr/include/c++/11/bits/basic_string.h:6730:3:[m[K [01;36m[Knote: [m[Kcandidate: ‘[01m[Kstd::string std::__cxx11::to_string(double)[m[K’
[1.861s]  6730 |   [01;36m[Kto_string[m[K(double __val)
[1.861s]       |   [01;36m[K^~~~~~~~~[m[K
[1.861s] [01m[K/usr/include/c++/11/bits/basic_string.h:6730:20:[m[K [01;36m[Knote: [m[K  no known conversion for argument 1 from ‘[01m[Kconst std::__cxx11::basic_string<char>[m[K’ to ‘[01m[Kdouble[m[K’
[1.861s]  6730 |   to_string([01;36m[Kdouble __val[m[K)
[1.862s]       |             [01;36m[K~~~~~~~^~~~~[m[K
[1.862s] [01m[K/usr/include/c++/11/bits/basic_string.h:6739:3:[m[K [01;36m[Knote: [m[Kcandidate: ‘[01m[Kstd::string std::__cxx11::to_string(long double)[m[K’
[1.862s]  6739 |   [01;36m[Kto_string[m[K(long double __val)
[1.862s]       |   [01;36m[K^~~~~~~~~[m[K
[1.862s] [01m[K/usr/include/c++/11/bits/basic_string.h:6739:25:[m[K [01;36m[Knote: [m[K  no known conversion for argument 1 from ‘[01m[Kconst std::__cxx11::basic_string<char>[m[K’ to ‘[01m[Klong double[m[K’
[1.862s]  6739 |   to_string([01;36m[Klong double __val[m[K)
[1.862s]       |             [01;36m[K~~~~~~~~~~~~^~~~~[m[K
[1.862s] In file included from [01m[K/opt/ros/humble/include/rclcpp/rclcpp/logging.hpp:24[m[K,
[1.862s]                  from [01m[K/opt/ros/humble/include/rclcpp/rclcpp/client.hpp:40[m[K,
[1.862s]                  from [01m[K/opt/ros/humble/include/rclcpp/rclcpp/callback_group.hpp:24[m[K,
[1.862s]                  from [01m[K/opt/ros/humble/include/rclcpp/rclcpp/any_executable.hpp:20[m[K,
[1.862s]                  from [01m[K/opt/ros/humble/include/rclcpp/rclcpp/memory_strategy.hpp:25[m[K,
[1.862s]                  from [01m[K/opt/ros/humble/include/rclcpp/rclcpp/memory_strategies.hpp:18[m[K,
[1.862s]                  from [01m[K/opt/ros/humble/include/rclcpp/rclcpp/executor_options.hpp:20[m[K,
[1.862s]                  from [01m[K/opt/ros/humble/include/rclcpp/rclcpp/executor.hpp:37[m[K,
[1.862s]                  from [01m[K/opt/ros/humble/include/rclcpp/rclcpp/executors/multi_threaded_executor.hpp:25[m[K,
[1.862s]                  from [01m[K/opt/ros/humble/include/rclcpp/rclcpp/executors.hpp:21[m[K,
[1.862s]                  from [01m[K/opt/ros/humble/include/rclcpp/rclcpp/rclcpp.hpp:155[m[K,
[1.862s]                  from [01m[K/opt/ros/humble/include/controller_interface/controller_interface_base.hpp:28[m[K,
[1.862s]                  from [01m[K/opt/ros/humble/include/controller_interface/controller_interface.hpp:22[m[K,
[1.862s]                  from [01m[K/home/nikhil/Work/ROS/controller_ws/src/three_omniwheel_controller/include/three_omniwheel_controller/three_omniwheel_controller.hpp:11[m[K,
[1.862s]                  from [01m[K/home/nikhil/Work/ROS/controller_ws/src/three_omniwheel_controller/src/three_omniwheel_controller.cpp:5[m[K:
[1.862s] [01m[K/home/nikhil/Work/ROS/controller_ws/src/three_omniwheel_controller/src/three_omniwheel_controller.cpp:[m[K In member function ‘[01m[Kcontroller_interface::CallbackReturn three_omniwheel_controller::ThreeOmniwheelController::configure_drive_wheel(const string&, const std::vector<std::__cxx11::basic_string<char> >&, std::vector<three_omniwheel_controller::ThreeOmniwheelController::DriveWheelHandle>&)[m[K’:
[1.862s] [01m[K/home/nikhil/Work/ROS/controller_ws/src/three_omniwheel_controller/src/three_omniwheel_controller.cpp:651:138:[m[K [01;31m[Kerror: [m[Kno matching function for call to ‘[01m[Kto_string(const std::__cxx11::basic_string<char>&)[m[K’
[1.862s]   651 | OR(rclcpp::get_logger("ThreeOmniwheelController"), "Unable to obtain joint state handle for %s", [01;31m[Kstd::to_string(wheel_name)[m[K.c_str());
[1.862s]       |                                                                                                  [01;31m[K~~~~~~~~~~~~~~^~~~~~~~~~~~[m[K
[1.862s] 
[1.862s] In file included from [01m[K/opt/ros/humble/include/rclcpp/rclcpp/node_interfaces/node_parameters_interface.hpp:28[m[K,
[1.863s]                  from [01m[K/opt/ros/humble/include/rclcpp/rclcpp/node.hpp:54[m[K,
[1.863s]                  from [01m[K/opt/ros/humble/include/rclcpp/rclcpp/executors/single_threaded_executor.hpp:28[m[K,
[1.863s]                  from [01m[K/opt/ros/humble/include/rclcpp/rclcpp/executors.hpp:22[m[K,
[1.863s]                  from [01m[K/opt/ros/humble/include/rclcpp/rclcpp/rclcpp.hpp:155[m[K,
[1.863s]                  from [01m[K/opt/ros/humble/include/controller_interface/controller_interface_base.hpp:28[m[K,
[1.863s]                  from [01m[K/opt/ros/humble/include/controller_interface/controller_interface.hpp:22[m[K,
[1.863s]                  from [01m[K/home/nikhil/Work/ROS/controller_ws/src/three_omniwheel_controller/include/three_omniwheel_controller/three_omniwheel_controller.hpp:11[m[K,
[1.863s]                  from [01m[K/home/nikhil/Work/ROS/controller_ws/src/three_omniwheel_controller/src/three_omniwheel_controller.cpp:5[m[K:
[1.863s] [01m[K/opt/ros/humble/include/rclcpp/rclcpp/parameter.hpp:289:1:[m[K [01;36m[Knote: [m[Kcandidate: ‘[01m[Kstd::string std::to_string(const rclcpp::Parameter&)[m[K’
[1.863s]   289 | [01;36m[Kto_string[m[K(const rclcpp::Parameter & param);
[1.863s]       | [01;36m[K^~~~~~~~~[m[K
[1.863s] [01m[K/opt/ros/humble/include/rclcpp/rclcpp/parameter.hpp:289:37:[m[K [01;36m[Knote: [m[K  no known conversion for argument 1 from ‘[01m[Kconst std::__cxx11::basic_string<char>[m[K’ to ‘[01m[Kconst rclcpp::Parameter&[m[K’
[1.863s]   289 | to_string([01;36m[Kconst rclcpp::Parameter & param[m[K);
[1.863s]       |           [01;36m[K~~~~~~~~~~~~~~~~~~~~~~~~~~^~~~~[m[K
[1.863s] [01m[K/opt/ros/humble/include/rclcpp/rclcpp/parameter.hpp:294:1:[m[K [01;36m[Knote: [m[Kcandidate: ‘[01m[Kstd::string std::to_string(const std::vector<rclcpp::Parameter>&)[m[K’
[1.863s]   294 | [01;36m[Kto_string[m[K(const std::vector<rclcpp::Parameter> & parameters);
[1.863s]       | [01;36m[K^~~~~~~~~[m[K
[1.863s] [01m[K/opt/ros/humble/include/rclcpp/rclcpp/parameter.hpp:294:50:[m[K [01;36m[Knote: [m[K  no known conversion for argument 1 from ‘[01m[Kconst std::__cxx11::basic_string<char>[m[K’ to ‘[01m[Kconst std::vector<rclcpp::Parameter>&[m[K’
[1.863s]   294 | to_string([01;36m[Kconst std::vector<rclcpp::Parameter> & parameters[m[K);
[1.863s]       |           [01;36m[K~~~~~~~~~~~~~~~~~~~~~~~~~~~~~~~~~~~~~~~^~~~~~~~~~[m[K
[1.863s] In file included from [01m[K/usr/include/c++/11/string:55[m[K,
[1.863s]                  from [01m[K/home/nikhil/Work/ROS/controller_ws/src/three_omniwheel_controller/include/three_omniwheel_controller/three_omniwheel_controller.hpp:8[m[K,
[1.863s]                  from [01m[K/home/nikhil/Work/ROS/controller_ws/src/three_omniwheel_controller/src/three_omniwheel_controller.cpp:5[m[K:
[1.863s] [01m[K/usr/include/c++/11/bits/basic_string.h:6660:3:[m[K [01;36m[Knote: [m[Kcandidate: ‘[01m[Kstd::string std::__cxx11::to_string(int)[m[K’
[1.863s]  6660 |   [01;36m[Kto_string[m[K(int __val)
[1.863s]       |   [01;36m[K^~~~~~~~~[m[K
[1.863s] [01m[K/usr/include/c++/11/bits/basic_string.h:6660:17:[m[K [01;36m[Knote: [m[K  no known conversion for argument 1 from ‘[01m[Kconst std::__cxx11::basic_string<char>[m[K’ to ‘[01m[Kint[m[K’
[1.863s]  6660 |   to_string([01;36m[Kint __val[m[K)
[1.863s]       |             [01;36m[K~~~~^~~~~[m[K
[1.863s] [01m[K/usr/include/c++/11/bits/basic_string.h:6671:3:[m[K [01;36m[Knote: [m[Kcandidate: ‘[01m[Kstd::string std::__cxx11::to_string(unsigned int)[m[K’
[1.863s]  6671 |   [01;36m[Kto_string[m[K(unsigned __val)
[1.864s]       |   [01;36m[K^~~~~~~~~[m[K
[1.864s] [01m[K/usr/include/c++/11/bits/basic_string.h:6671:22:[m[K [01;36m[Knote: [m[K  no known conversion for argument 1 from ‘[01m[Kconst std::__cxx11::basic_string<char>[m[K’ to ‘[01m[Kunsigned int[m[K’
[1.864s]  6671 |   to_string([01;36m[Kunsigned __val[m[K)
[1.864s]       |             [01;36m[K~~~~~~~~~^~~~~[m[K
[1.864s] [01m[K/usr/include/c++/11/bits/basic_string.h:6679:3:[m[K [01;36m[Knote: [m[Kcandidate: ‘[01m[Kstd::string std::__cxx11::to_string(long int)[m[K’
[1.864s]  6679 |   [01;36m[Kto_string[m[K(long __val)
[1.864s]       |   [01;36m[K^~~~~~~~~[m[K
[1.864s] [01m[K/usr/include/c++/11/bits/basic_string.h:6679:18:[m[K [01;36m[Knote: [m[K  no known conversion for argument 1 from ‘[01m[Kconst std::__cxx11::basic_string<char>[m[K’ to ‘[01m[Klong int[m[K’
[1.864s]  6679 |   to_string([01;36m[Klong __val[m[K)
[1.864s]       |             [01;36m[K~~~~~^~~~~[m[K
[1.864s] [01m[K/usr/include/c++/11/bits/basic_string.h:6690:3:[m[K [01;36m[Knote: [m[Kcandidate: ‘[01m[Kstd::string std::__cxx11::to_string(long unsigned int)[m[K’
[1.864s]  6690 |   [01;36m[Kto_string[m[K(unsigned long __val)
[1.864s]       |   [01;36m[K^~~~~~~~~[m[K
[1.864s] [01m[K/usr/include/c++/11/bits/basic_string.h:6690:27:[m[K [01;36m[Knote: [m[K  no known conversion for argument 1 from ‘[01m[Kconst std::__cxx11::basic_string<char>[m[K’ to ‘[01m[Klong unsigned int[m[K’
[1.864s]  6690 |   to_string([01;36m[Kunsigned long __val[m[K)
[1.864s]       |             [01;36m[K~~~~~~~~~~~~~~^~~~~[m[K
[1.864s] [01m[K/usr/include/c++/11/bits/basic_string.h:6698:3:[m[K [01;36m[Knote: [m[Kcandidate: ‘[01m[Kstd::string std::__cxx11::to_string(long long int)[m[K’
[1.864s]  6698 |   [01;36m[Kto_string[m[K(long long __val)
[1.864s]       |   [01;36m[K^~~~~~~~~[m[K
[1.864s] [01m[K/usr/include/c++/11/bits/basic_string.h:6698:23:[m[K [01;36m[Knote: [m[K  no known conversion for argument 1 from ‘[01m[Kconst std::__cxx11::basic_string<char>[m[K’ to ‘[01m[Klong long int[m[K’
[1.864s]  6698 |   to_string([01;36m[Klong long __val[m[K)
[1.864s]       |             [01;36m[K~~~~~~~~~~^~~~~[m[K
[1.864s] [01m[K/usr/include/c++/11/bits/basic_string.h:6710:3:[m[K [01;36m[Knote: [m[Kcandidate: ‘[01m[Kstd::string std::__cxx11::to_string(long long unsigned int)[m[K’
[1.864s]  6710 |   [01;36m[Kto_string[m[K(unsigned long long __val)
[1.864s]       |   [01;36m[K^~~~~~~~~[m[K
[1.864s] [01m[K/usr/include/c++/11/bits/basic_string.h:6710:32:[m[K [01;36m[Knote: [m[K  no known conversion for argument 1 from ‘[01m[Kconst std::__cxx11::basic_string<char>[m[K’ to ‘[01m[Klong long unsigned int[m[K’
[1.864s]  6710 |   to_string([01;36m[Kunsigned long long __val[m[K)
[1.864s]       |             [01;36m[K~~~~~~~~~~~~~~~~~~~^~~~~[m[K
[1.864s] [01m[K/usr/include/c++/11/bits/basic_string.h:6721:3:[m[K [01;36m[Knote: [m[Kcandidate: ‘[01m[Kstd::string std::__cxx11::to_string(float)[m[K’
[1.864s]  6721 |   [01;36m[Kto_string[m[K(float __val)
[1.864s]       |   [01;36m[K^~~~~~~~~[m[K
[1.865s] [01m[K/usr/include/c++/11/bits/basic_string.h:6721:19:[m[K [01;36m[Knote: [m[K  no known conversion for argument 1 from ‘[01m[Kconst std::__cxx11::basic_string<char>[m[K’ to ‘[01m[Kfloat[m[K’
[1.865s]  6721 |   to_string([01;36m[Kfloat __val[m[K)
[1.865s]       |             [01;36m[K~~~~~~^~~~~[m[K
[1.865s] [01m[K/usr/include/c++/11/bits/basic_string.h:6730:3:[m[K [01;36m[Knote: [m[Kcandidate: ‘[01m[Kstd::string std::__cxx11::to_string(double)[m[K’
[1.865s]  6730 |   [01;36m[Kto_string[m[K(double __val)
[1.865s]       |   [01;36m[K^~~~~~~~~[m[K
[1.865s] [01m[K/usr/include/c++/11/bits/basic_string.h:6730:20:[m[K [01;36m[Knote: [m[K  no known conversion for argument 1 from ‘[01m[Kconst std::__cxx11::basic_string<char>[m[K’ to ‘[01m[Kdouble[m[K’
[1.865s]  6730 |   to_string([01;36m[Kdouble __val[m[K)
[1.865s]       |             [01;36m[K~~~~~~~^~~~~[m[K
[1.865s] [01m[K/usr/include/c++/11/bits/basic_string.h:6739:3:[m[K [01;36m[Knote: [m[Kcandidate: ‘[01m[Kstd::string std::__cxx11::to_string(long double)[m[K’
[1.865s]  6739 |   [01;36m[Kto_string[m[K(long double __val)
[1.865s]       |   [01;36m[K^~~~~~~~~[m[K
[1.865s] [01m[K/usr/include/c++/11/bits/basic_string.h:6739:25:[m[K [01;36m[Knote: [m[K  no known conversion for argument 1 from ‘[01m[Kconst std::__cxx11::basic_string<char>[m[K’ to ‘[01m[Klong double[m[K’
[1.865s]  6739 |   to_string([01;36m[Klong double __val[m[K)
[1.865s]       |             [01;36m[K~~~~~~~~~~~~^~~~~[m[K
[1.865s] [01m[K/home/nikhil/Work/ROS/controller_ws/src/three_omniwheel_controller/src/three_omniwheel_controller.cpp:[m[K In lambda function:
[1.865s] [01m[K/home/nikhil/Work/ROS/controller_ws/src/three_omniwheel_controller/src/three_omniwheel_controller.cpp:659:73:[m[K [01;31m[Kerror: [m[Kno matching function for call to ‘[01m[Kto_string(const std::__cxx11::basic_string<char>&)[m[K’
[1.865s]   659 |                     return interface.get_prefix_name() == [01;31m[Kstd::to_string(wheel_name)[m[K &&
[1.865s]       |                                                           [01;31m[K~~~~~~~~~~~~~~^~~~~~~~~~~~[m[K
[1.865s] In file included from [01m[K/opt/ros/humble/include/rclcpp/rclcpp/node_interfaces/node_parameters_interface.hpp:28[m[K,
[1.865s]                  from [01m[K/opt/ros/humble/include/rclcpp/rclcpp/node.hpp:54[m[K,
[1.865s]                  from [01m[K/opt/ros/humble/include/rclcpp/rclcpp/executors/single_threaded_executor.hpp:28[m[K,
[1.865s]                  from [01m[K/opt/ros/humble/include/rclcpp/rclcpp/executors.hpp:22[m[K,
[1.865s]                  from [01m[K/opt/ros/humble/include/rclcpp/rclcpp/rclcpp.hpp:155[m[K,
[1.865s]                  from [01m[K/opt/ros/humble/include/controller_interface/controller_interface_base.hpp:28[m[K,
[1.865s]                  from [01m[K/opt/ros/humble/include/controller_interface/controller_interface.hpp:22[m[K,
[1.865s]                  from [01m[K/home/nikhil/Work/ROS/controller_ws/src/three_omniwheel_controller/include/three_omniwheel_controller/three_omniwheel_controller.hpp:11[m[K,
[1.865s]                  from [01m[K/home/nikhil/Work/ROS/controller_ws/src/three_omniwheel_controller/src/three_omniwheel_controller.cpp:5[m[K:
[1.865s] [01m[K/opt/ros/humble/include/rclcpp/rclcpp/parameter.hpp:289:1:[m[K [01;36m[Knote: [m[Kcandidate: ‘[01m[Kstd::string std::to_string(const rclcpp::Parameter&)[m[K’
[1.865s]   289 | [01;36m[Kto_string[m[K(const rclcpp::Parameter & param);
[1.865s]       | [01;36m[K^~~~~~~~~[m[K
[1.866s] [01m[K/opt/ros/humble/include/rclcpp/rclcpp/parameter.hpp:289:37:[m[K [01;36m[Knote: [m[K  no known conversion for argument 1 from ‘[01m[Kconst std::__cxx11::basic_string<char>[m[K’ to ‘[01m[Kconst rclcpp::Parameter&[m[K’
[1.866s]   289 | to_string([01;36m[Kconst rclcpp::Parameter & param[m[K);
[1.866s]       |           [01;36m[K~~~~~~~~~~~~~~~~~~~~~~~~~~^~~~~[m[K
[1.866s] [01m[K/opt/ros/humble/include/rclcpp/rclcpp/parameter.hpp:294:1:[m[K [01;36m[Knote: [m[Kcandidate: ‘[01m[Kstd::string std::to_string(const std::vector<rclcpp::Parameter>&)[m[K’
[1.866s]   294 | [01;36m[Kto_string[m[K(const std::vector<rclcpp::Parameter> & parameters);
[1.866s]       | [01;36m[K^~~~~~~~~[m[K
[1.866s] [01m[K/opt/ros/humble/include/rclcpp/rclcpp/parameter.hpp:294:50:[m[K [01;36m[Knote: [m[K  no known conversion for argument 1 from ‘[01m[Kconst std::__cxx11::basic_string<char>[m[K’ to ‘[01m[Kconst std::vector<rclcpp::Parameter>&[m[K’
[1.866s]   294 | to_string([01;36m[Kconst std::vector<rclcpp::Parameter> & parameters[m[K);
[1.866s]       |           [01;36m[K~~~~~~~~~~~~~~~~~~~~~~~~~~~~~~~~~~~~~~~^~~~~~~~~~[m[K
[1.866s] In file included from [01m[K/usr/include/c++/11/string:55[m[K,
[1.866s]                  from [01m[K/home/nikhil/Work/ROS/controller_ws/src/three_omniwheel_controller/include/three_omniwheel_controller/three_omniwheel_controller.hpp:8[m[K,
[1.866s]                  from [01m[K/home/nikhil/Work/ROS/controller_ws/src/three_omniwheel_controller/src/three_omniwheel_controller.cpp:5[m[K:
[1.866s] [01m[K/usr/include/c++/11/bits/basic_string.h:6660:3:[m[K [01;36m[Knote: [m[Kcandidate: ‘[01m[Kstd::string std::__cxx11::to_string(int)[m[K’
[1.866s]  6660 |   [01;36m[Kto_string[m[K(int __val)
[1.866s]       |   [01;36m[K^~~~~~~~~[m[K
[1.866s] [01m[K/usr/include/c++/11/bits/basic_string.h:6660:17:[m[K [01;36m[Knote: [m[K  no known conversion for argument 1 from ‘[01m[Kconst std::__cxx11::basic_string<char>[m[K’ to ‘[01m[Kint[m[K’
[1.866s]  6660 |   to_string([01;36m[Kint __val[m[K)
[1.866s]       |             [01;36m[K~~~~^~~~~[m[K
[1.866s] [01m[K/usr/include/c++/11/bits/basic_string.h:6671:3:[m[K [01;36m[Knote: [m[Kcandidate: ‘[01m[Kstd::string std::__cxx11::to_string(unsigned int)[m[K’
[1.866s]  6671 |   [01;36m[Kto_string[m[K(unsigned __val)
[1.866s]       |   [01;36m[K^~~~~~~~~[m[K
[1.866s] [01m[K/usr/include/c++/11/bits/basic_string.h:6671:22:[m[K [01;36m[Knote: [m[K  no known conversion for argument 1 from ‘[01m[Kconst std::__cxx11::basic_string<char>[m[K’ to ‘[01m[Kunsigned int[m[K’
[1.866s]  6671 |   to_string([01;36m[Kunsigned __val[m[K)
[1.866s]       |             [01;36m[K~~~~~~~~~^~~~~[m[K
[1.866s] [01m[K/usr/include/c++/11/bits/basic_string.h:6679:3:[m[K [01;36m[Knote: [m[Kcandidate: ‘[01m[Kstd::string std::__cxx11::to_string(long int)[m[K’
[1.866s]  6679 |   [01;36m[Kto_string[m[K(long __val)
[1.866s]       |   [01;36m[K^~~~~~~~~[m[K
[1.866s] [01m[K/usr/include/c++/11/bits/basic_string.h:6679:18:[m[K [01;36m[Knote: [m[K  no known conversion for argument 1 from ‘[01m[Kconst std::__cxx11::basic_string<char>[m[K’ to ‘[01m[Klong int[m[K’
[1.866s]  6679 |   to_string([01;36m[Klong __val[m[K)
[1.866s]       |             [01;36m[K~~~~~^~~~~[m[K
[1.866s] [01m[K/usr/include/c++/11/bits/basic_string.h:6690:3:[m[K [01;36m[Knote: [m[Kcandidate: ‘[01m[Kstd::string std::__cxx11::to_string(long unsigned int)[m[K’
[1.866s]  6690 |   [01;36m[Kto_string[m[K(unsigned long __val)
[1.867s]       |   [01;36m[K^~~~~~~~~[m[K
[1.867s] [01m[K/usr/include/c++/11/bits/basic_string.h:6690:27:[m[K [01;36m[Knote: [m[K  no known conversion for argument 1 from ‘[01m[Kconst std::__cxx11::basic_string<char>[m[K’ to ‘[01m[Klong unsigned int[m[K’
[1.867s]  6690 |   to_string([01;36m[Kunsigned long __val[m[K)
[1.867s]       |             [01;36m[K~~~~~~~~~~~~~~^~~~~[m[K
[1.867s] [01m[K/usr/include/c++/11/bits/basic_string.h:6698:3:[m[K [01;36m[Knote: [m[Kcandidate: ‘[01m[Kstd::string std::__cxx11::to_string(long long int)[m[K’
[1.867s]  6698 |   [01;36m[Kto_string[m[K(long long __val)
[1.867s]       |   [01;36m[K^~~~~~~~~[m[K
[1.867s] [01m[K/usr/include/c++/11/bits/basic_string.h:6698:23:[m[K [01;36m[Knote: [m[K  no known conversion for argument 1 from ‘[01m[Kconst std::__cxx11::basic_string<char>[m[K’ to ‘[01m[Klong long int[m[K’
[1.867s]  6698 |   to_string([01;36m[Klong long __val[m[K)
[1.867s]       |             [01;36m[K~~~~~~~~~~^~~~~[m[K
[1.867s] [01m[K/usr/include/c++/11/bits/basic_string.h:6710:3:[m[K [01;36m[Knote: [m[Kcandidate: ‘[01m[Kstd::string std::__cxx11::to_string(long long unsigned int)[m[K’
[1.867s]  6710 |   [01;36m[Kto_string[m[K(unsigned long long __val)
[1.867s]       |   [01;36m[K^~~~~~~~~[m[K
[1.867s] [01m[K/usr/include/c++/11/bits/basic_string.h:6710:32:[m[K [01;36m[Knote: [m[K  no known conversion for argument 1 from ‘[01m[Kconst std::__cxx11::basic_string<char>[m[K’ to ‘[01m[Klong long unsigned int[m[K’
[1.867s]  6710 |   to_string([01;36m[Kunsigned long long __val[m[K)
[1.867s]       |             [01;36m[K~~~~~~~~~~~~~~~~~~~^~~~~[m[K
[1.867s] [01m[K/usr/include/c++/11/bits/basic_string.h:6721:3:[m[K [01;36m[Knote: [m[Kcandidate: ‘[01m[Kstd::string std::__cxx11::to_string(float)[m[K’
[1.867s]  6721 |   [01;36m[Kto_string[m[K(float __val)
[1.867s]       |   [01;36m[K^~~~~~~~~[m[K
[1.867s] [01m[K/usr/include/c++/11/bits/basic_string.h:6721:19:[m[K [01;36m[Knote: [m[K  no known conversion for argument 1 from ‘[01m[Kconst std::__cxx11::basic_string<char>[m[K’ to ‘[01m[Kfloat[m[K’
[1.867s]  6721 |   to_string([01;36m[Kfloat __val[m[K)
[1.867s]       |             [01;36m[K~~~~~~^~~~~[m[K
[1.867s] [01m[K/usr/include/c++/11/bits/basic_string.h:6730:3:[m[K [01;36m[Knote: [m[Kcandidate: ‘[01m[Kstd::string std::__cxx11::to_string(double)[m[K’
[1.867s]  6730 |   [01;36m[Kto_string[m[K(double __val)
[1.867s]       |   [01;36m[K^~~~~~~~~[m[K
[1.867s] [01m[K/usr/include/c++/11/bits/basic_string.h:6730:20:[m[K [01;36m[Knote: [m[K  no known conversion for argument 1 from ‘[01m[Kconst std::__cxx11::basic_string<char>[m[K’ to ‘[01m[Kdouble[m[K’
[1.867s]  6730 |   to_string([01;36m[Kdouble __val[m[K)
[1.867s]       |             [01;36m[K~~~~~~~^~~~~[m[K
[1.867s] [01m[K/usr/include/c++/11/bits/basic_string.h:6739:3:[m[K [01;36m[Knote: [m[Kcandidate: ‘[01m[Kstd::string std::__cxx11::to_string(long double)[m[K’
[1.867s]  6739 |   [01;36m[Kto_string[m[K(long double __val)
[1.867s]       |   [01;36m[K^~~~~~~~~[m[K
[1.868s] [01m[K/usr/include/c++/11/bits/basic_string.h:6739:25:[m[K [01;36m[Knote: [m[K  no known conversion for argument 1 from ‘[01m[Kconst std::__cxx11::basic_string<char>[m[K’ to ‘[01m[Klong double[m[K’
[1.868s]  6739 |   to_string([01;36m[Klong double __val[m[K)
[1.868s]       |             [01;36m[K~~~~~~~~~~~~^~~~~[m[K
[1.868s] In file included from [01m[K/opt/ros/humble/include/rclcpp/rclcpp/logging.hpp:24[m[K,
[1.868s]                  from [01m[K/opt/ros/humble/include/rclcpp/rclcpp/client.hpp:40[m[K,
[1.868s]                  from [01m[K/opt/ros/humble/include/rclcpp/rclcpp/callback_group.hpp:24[m[K,
[1.868s]                  from [01m[K/opt/ros/humble/include/rclcpp/rclcpp/any_executable.hpp:20[m[K,
[1.868s]                  from [01m[K/opt/ros/humble/include/rclcpp/rclcpp/memory_strategy.hpp:25[m[K,
[1.868s]                  from [01m[K/opt/ros/humble/include/rclcpp/rclcpp/memory_strategies.hpp:18[m[K,
[1.868s]                  from [01m[K/opt/ros/humble/include/rclcpp/rclcpp/executor_options.hpp:20[m[K,
[1.868s]                  from [01m[K/opt/ros/humble/include/rclcpp/rclcpp/executor.hpp:37[m[K,
[1.868s]                  from [01m[K/opt/ros/humble/include/rclcpp/rclcpp/executors/multi_threaded_executor.hpp:25[m[K,
[1.868s]                  from [01m[K/opt/ros/humble/include/rclcpp/rclcpp/executors.hpp:21[m[K,
[1.868s]                  from [01m[K/opt/ros/humble/include/rclcpp/rclcpp/rclcpp.hpp:155[m[K,
[1.868s]                  from [01m[K/opt/ros/humble/include/controller_interface/controller_interface_base.hpp:28[m[K,
[1.868s]                  from [01m[K/opt/ros/humble/include/controller_interface/controller_interface.hpp:22[m[K,
[1.868s]                  from [01m[K/home/nikhil/Work/ROS/controller_ws/src/three_omniwheel_controller/include/three_omniwheel_controller/three_omniwheel_controller.hpp:11[m[K,
[1.868s]                  from [01m[K/home/nikhil/Work/ROS/controller_ws/src/three_omniwheel_controller/src/three_omniwheel_controller.cpp:5[m[K:
[1.868s] [01m[K/home/nikhil/Work/ROS/controller_ws/src/three_omniwheel_controller/src/three_omniwheel_controller.cpp:[m[K In member function ‘[01m[Kcontroller_interface::CallbackReturn three_omniwheel_controller::ThreeOmniwheelController::configure_drive_wheel(const string&, const std::vector<std::__cxx11::basic_string<char> >&, std::vector<three_omniwheel_controller::ThreeOmniwheelController::DriveWheelHandle>&)[m[K’:
[1.868s] [01m[K/home/nikhil/Work/ROS/controller_ws/src/three_omniwheel_controller/src/three_omniwheel_controller.cpp:665:140:[m[K [01;31m[Kerror: [m[Kno matching function for call to ‘[01m[Kto_string(const std::__cxx11::basic_string<char>&)[m[K’
[1.868s]   665 | (rclcpp::get_logger("ThreeOmniwheelController"), "Unable to obtain joint command handle for %s", [01;31m[Kstd::to_string(wheel_name)[m[K.c_str());
[1.868s]       |                                                                                                  [01;31m[K~~~~~~~~~~~~~~^~~~~~~~~~~~[m[K
[1.868s] 
[1.868s] In file included from [01m[K/opt/ros/humble/include/rclcpp/rclcpp/node_interfaces/node_parameters_interface.hpp:28[m[K,
[1.868s]                  from [01m[K/opt/ros/humble/include/rclcpp/rclcpp/node.hpp:54[m[K,
[1.868s]                  from [01m[K/opt/ros/humble/include/rclcpp/rclcpp/executors/single_threaded_executor.hpp:28[m[K,
[1.868s]                  from [01m[K/opt/ros/humble/include/rclcpp/rclcpp/executors.hpp:22[m[K,
[1.868s]                  from [01m[K/opt/ros/humble/include/rclcpp/rclcpp/rclcpp.hpp:155[m[K,
[1.868s]                  from [01m[K/opt/ros/humble/include/controller_interface/controller_interface_base.hpp:28[m[K,
[1.868s]                  from [01m[K/opt/ros/humble/include/controller_interface/controller_interface.hpp:22[m[K,
[1.868s]                  from [01m[K/home/nikhil/Work/ROS/controller_ws/src/three_omniwheel_controller/include/three_omniwheel_controller/three_omniwheel_controller.hpp:11[m[K,
[1.868s]                  from [01m[K/home/nikhil/Work/ROS/controller_ws/src/three_omniwheel_controller/src/three_omniwheel_controller.cpp:5[m[K:
[1.869s] [01m[K/opt/ros/humble/include/rclcpp/rclcpp/parameter.hpp:289:1:[m[K [01;36m[Knote: [m[Kcandidate: ‘[01m[Kstd::string std::to_string(const rclcpp::Parameter&)[m[K’
[1.869s]   289 | [01;36m[Kto_string[m[K(const rclcpp::Parameter & param);
[1.869s]       | [01;36m[K^~~~~~~~~[m[K
[1.869s] [01m[K/opt/ros/humble/include/rclcpp/rclcpp/parameter.hpp:289:37:[m[K [01;36m[Knote: [m[K  no known conversion for argument 1 from ‘[01m[Kconst std::__cxx11::basic_string<char>[m[K’ to ‘[01m[Kconst rclcpp::Parameter&[m[K’
[1.869s]   289 | to_string([01;36m[Kconst rclcpp::Parameter & param[m[K);
[1.869s]       |           [01;36m[K~~~~~~~~~~~~~~~~~~~~~~~~~~^~~~~[m[K
[1.869s] [01m[K/opt/ros/humble/include/rclcpp/rclcpp/parameter.hpp:294:1:[m[K [01;36m[Knote: [m[Kcandidate: ‘[01m[Kstd::string std::to_string(const std::vector<rclcpp::Parameter>&)[m[K’
[1.869s]   294 | [01;36m[Kto_string[m[K(const std::vector<rclcpp::Parameter> & parameters);
[1.869s]       | [01;36m[K^~~~~~~~~[m[K
[1.869s] [01m[K/opt/ros/humble/include/rclcpp/rclcpp/parameter.hpp:294:50:[m[K [01;36m[Knote: [m[K  no known conversion for argument 1 from ‘[01m[Kconst std::__cxx11::basic_string<char>[m[K’ to ‘[01m[Kconst std::vector<rclcpp::Parameter>&[m[K’
[1.869s]   294 | to_string([01;36m[Kconst std::vector<rclcpp::Parameter> & parameters[m[K);
[1.869s]       |           [01;36m[K~~~~~~~~~~~~~~~~~~~~~~~~~~~~~~~~~~~~~~~^~~~~~~~~~[m[K
[1.869s] In file included from [01m[K/usr/include/c++/11/string:55[m[K,
[1.869s]                  from [01m[K/home/nikhil/Work/ROS/controller_ws/src/three_omniwheel_controller/include/three_omniwheel_controller/three_omniwheel_controller.hpp:8[m[K,
[1.869s]                  from [01m[K/home/nikhil/Work/ROS/controller_ws/src/three_omniwheel_controller/src/three_omniwheel_controller.cpp:5[m[K:
[1.869s] [01m[K/usr/include/c++/11/bits/basic_string.h:6660:3:[m[K [01;36m[Knote: [m[Kcandidate: ‘[01m[Kstd::string std::__cxx11::to_string(int)[m[K’
[1.869s]  6660 |   [01;36m[Kto_string[m[K(int __val)
[1.869s]       |   [01;36m[K^~~~~~~~~[m[K
[1.869s] [01m[K/usr/include/c++/11/bits/basic_string.h:6660:17:[m[K [01;36m[Knote: [m[K  no known conversion for argument 1 from ‘[01m[Kconst std::__cxx11::basic_string<char>[m[K’ to ‘[01m[Kint[m[K’
[1.869s]  6660 |   to_string([01;36m[Kint __val[m[K)
[1.869s]       |             [01;36m[K~~~~^~~~~[m[K
[1.869s] [01m[K/usr/include/c++/11/bits/basic_string.h:6671:3:[m[K [01;36m[Knote: [m[Kcandidate: ‘[01m[Kstd::string std::__cxx11::to_string(unsigned int)[m[K’
[1.869s]  6671 |   [01;36m[Kto_string[m[K(unsigned __val)
[1.869s]       |   [01;36m[K^~~~~~~~~[m[K
[1.869s] [01m[K/usr/include/c++/11/bits/basic_string.h:6671:22:[m[K [01;36m[Knote: [m[K  no known conversion for argument 1 from ‘[01m[Kconst std::__cxx11::basic_string<char>[m[K’ to ‘[01m[Kunsigned int[m[K’
[1.869s]  6671 |   to_string([01;36m[Kunsigned __val[m[K)
[1.869s]       |             [01;36m[K~~~~~~~~~^~~~~[m[K
[1.869s] [01m[K/usr/include/c++/11/bits/basic_string.h:6679:3:[m[K [01;36m[Knote: [m[Kcandidate: ‘[01m[Kstd::string std::__cxx11::to_string(long int)[m[K’
[1.869s]  6679 |   [01;36m[Kto_string[m[K(long __val)
[1.869s]       |   [01;36m[K^~~~~~~~~[m[K
[1.869s] [01m[K/usr/include/c++/11/bits/basic_string.h:6679:18:[m[K [01;36m[Knote: [m[K  no known conversion for argument 1 from ‘[01m[Kconst std::__cxx11::basic_string<char>[m[K’ to ‘[01m[Klong int[m[K’
[1.870s]  6679 |   to_string([01;36m[Klong __val[m[K)
[1.870s]       |             [01;36m[K~~~~~^~~~~[m[K
[1.870s] [01m[K/usr/include/c++/11/bits/basic_string.h:6690:3:[m[K [01;36m[Knote: [m[Kcandidate: ‘[01m[Kstd::string std::__cxx11::to_string(long unsigned int)[m[K’
[1.870s]  6690 |   [01;36m[Kto_string[m[K(unsigned long __val)
[1.870s]       |   [01;36m[K^~~~~~~~~[m[K
[1.870s] [01m[K/usr/include/c++/11/bits/basic_string.h:6690:27:[m[K [01;36m[Knote: [m[K  no known conversion for argument 1 from ‘[01m[Kconst std::__cxx11::basic_string<char>[m[K’ to ‘[01m[Klong unsigned int[m[K’
[1.870s]  6690 |   to_string([01;36m[Kunsigned long __val[m[K)
[1.870s]       |             [01;36m[K~~~~~~~~~~~~~~^~~~~[m[K
[1.870s] [01m[K/usr/include/c++/11/bits/basic_string.h:6698:3:[m[K [01;36m[Knote: [m[Kcandidate: ‘[01m[Kstd::string std::__cxx11::to_string(long long int)[m[K’
[1.870s]  6698 |   [01;36m[Kto_string[m[K(long long __val)
[1.870s]       |   [01;36m[K^~~~~~~~~[m[K
[1.870s] [01m[K/usr/include/c++/11/bits/basic_string.h:6698:23:[m[K [01;36m[Knote: [m[K  no known conversion for argument 1 from ‘[01m[Kconst std::__cxx11::basic_string<char>[m[K’ to ‘[01m[Klong long int[m[K’
[1.870s]  6698 |   to_string([01;36m[Klong long __val[m[K)
[1.870s]       |             [01;36m[K~~~~~~~~~~^~~~~[m[K
[1.870s] [01m[K/usr/include/c++/11/bits/basic_string.h:6710:3:[m[K [01;36m[Knote: [m[Kcandidate: ‘[01m[Kstd::string std::__cxx11::to_string(long long unsigned int)[m[K’
[1.870s]  6710 |   [01;36m[Kto_string[m[K(unsigned long long __val)
[1.870s]       |   [01;36m[K^~~~~~~~~[m[K
[1.870s] [01m[K/usr/include/c++/11/bits/basic_string.h:6710:32:[m[K [01;36m[Knote: [m[K  no known conversion for argument 1 from ‘[01m[Kconst std::__cxx11::basic_string<char>[m[K’ to ‘[01m[Klong long unsigned int[m[K’
[1.870s]  6710 |   to_string([01;36m[Kunsigned long long __val[m[K)
[1.870s]       |             [01;36m[K~~~~~~~~~~~~~~~~~~~^~~~~[m[K
[1.870s] [01m[K/usr/include/c++/11/bits/basic_string.h:6721:3:[m[K [01;36m[Knote: [m[Kcandidate: ‘[01m[Kstd::string std::__cxx11::to_string(float)[m[K’
[1.870s]  6721 |   [01;36m[Kto_string[m[K(float __val)
[1.870s]       |   [01;36m[K^~~~~~~~~[m[K
[1.870s] [01m[K/usr/include/c++/11/bits/basic_string.h:6721:19:[m[K [01;36m[Knote: [m[K  no known conversion for argument 1 from ‘[01m[Kconst std::__cxx11::basic_string<char>[m[K’ to ‘[01m[Kfloat[m[K’
[1.870s]  6721 |   to_string([01;36m[Kfloat __val[m[K)
[1.870s]       |             [01;36m[K~~~~~~^~~~~[m[K
[1.870s] [01m[K/usr/include/c++/11/bits/basic_string.h:6730:3:[m[K [01;36m[Knote: [m[Kcandidate: ‘[01m[Kstd::string std::__cxx11::to_string(double)[m[K’
[1.870s]  6730 |   [01;36m[Kto_string[m[K(double __val)
[1.870s]       |   [01;36m[K^~~~~~~~~[m[K
[1.870s] [01m[K/usr/include/c++/11/bits/basic_string.h:6730:20:[m[K [01;36m[Knote: [m[K  no known conversion for argument 1 from ‘[01m[Kconst std::__cxx11::basic_string<char>[m[K’ to ‘[01m[Kdouble[m[K’
[1.870s]  6730 |   to_string([01;36m[Kdouble __val[m[K)
[1.870s]       |             [01;36m[K~~~~~~~^~~~~[m[K
[1.871s] [01m[K/usr/include/c++/11/bits/basic_string.h:6739:3:[m[K [01;36m[Knote: [m[Kcandidate: ‘[01m[Kstd::string std::__cxx11::to_string(long double)[m[K’
[1.871s]  6739 |   [01;36m[Kto_string[m[K(long double __val)
[1.871s]       |   [01;36m[K^~~~~~~~~[m[K
[1.871s] [01m[K/usr/include/c++/11/bits/basic_string.h:6739:25:[m[K [01;36m[Knote: [m[K  no known conversion for argument 1 from ‘[01m[Kconst std::__cxx11::basic_string<char>[m[K’ to ‘[01m[Klong double[m[K’
[1.871s]  6739 |   to_string([01;36m[Klong double __val[m[K)
[1.871s]       |             [01;36m[K~~~~~~~~~~~~^~~~~[m[K
[4.037s] gmake[2]: *** [CMakeFiles/three_omniwheel_controller.dir/build.make:76: CMakeFiles/three_omniwheel_controller.dir/src/three_omniwheel_controller.cpp.o] Error 1
[4.037s] gmake[1]: *** [CMakeFiles/Makefile2:165: CMakeFiles/three_omniwheel_controller.dir/all] Error 2
[4.038s] gmake: *** [Makefile:146: all] Error 2
[4.040s] Invoked command in '/home/nikhil/Work/ROS/controller_ws/build/three_omniwheel_controller' returned '2': CMAKE_PREFIX_PATH=${CMAKE_PREFIX_PATH}:/home/nikhil/Work/ROS/ros2_ws/install/py_pkg:/opt/ros/humble /usr/bin/cmake --build /home/nikhil/Work/ROS/controller_ws/build/three_omniwheel_controller -- -j20 -l20
