[0.008s] Invoking command in '/home/nikhil/ROS/ros2_ws/build/course_activities': CMAKE_PREFIX_PATH=${CMAKE_PREFIX_PATH}:/home/nikhil/ROS/ros2_ws/install/py_pkg:/home/nikhil/ROS/ros2_ws/install/launch_testing_examples:/home/nikhil/ROS/ros2_ws/install/examples_rclpy_pointcloud_publisher:/home/nikhil/ROS/ros2_ws/install/examples_rclpy_minimal_subscriber:/home/nikhil/ROS/ros2_ws/install/examples_rclpy_minimal_service:/home/nikhil/ROS/ros2_ws/install/examples_rclpy_minimal_publisher:/home/nikhil/ROS/ros2_ws/install/examples_rclpy_minimal_client:/home/nikhil/ROS/ros2_ws/install/examples_rclpy_minimal_action_server:/home/nikhil/ROS/ros2_ws/install/examples_rclpy_minimal_action_client:/home/nikhil/ROS/ros2_ws/install/examples_rclpy_guard_conditions:/home/nikhil/ROS/ros2_ws/install/examples_rclpy_executors:/opt/ros/humble /usr/bin/cmake /home/nikhil/ROS/ros2_ws/src/course_activities -DCMAKE_INSTALL_PREFIX=/home/nikhil/ROS/ros2_ws/install/course_activities
[0.049s] -- The C compiler identification is GNU 11.4.0
[0.085s] -- The CXX compiler identification is GNU 11.4.0
[0.090s] -- Detecting C compiler ABI info
[0.137s] -- Detecting C compiler ABI info - done
[0.142s] -- Check for working C compiler: /usr/bin/cc - skipped
[0.142s] -- Detecting C compile features
[0.142s] -- Detecting C compile features - done
[0.144s] -- Detecting CXX compiler ABI info
[0.196s] -- Detecting CXX compiler ABI info - done
[0.202s] -- Check for working CXX compiler: /usr/bin/c++ - skipped
[0.202s] -- Detecting CXX compile features
[0.202s] -- Detecting CXX compile features - done
[0.204s] -- Found ament_cmake: 1.3.9 (/opt/ros/humble/share/ament_cmake/cmake)
[0.309s] -- Found Python3: /usr/bin/python3 (found version "3.10.12") found components: Interpreter 
[0.360s] -- Found rclcpp: 16.0.9 (/opt/ros/humble/share/rclcpp/cmake)
[0.382s] -- Found rosidl_generator_c: 3.1.5 (/opt/ros/humble/share/rosidl_generator_c/cmake)
[0.385s] -- Found rosidl_adapter: 3.1.5 (/opt/ros/humble/share/rosidl_adapter/cmake)
[0.389s] -- Found rosidl_generator_cpp: 3.1.5 (/opt/ros/humble/share/rosidl_generator_cpp/cmake)
[0.397s] -- Using all available rosidl_typesupport_c: rosidl_typesupport_fastrtps_c;rosidl_typesupport_introspection_c
[0.408s] -- Using all available rosidl_typesupport_cpp: rosidl_typesupport_fastrtps_cpp;rosidl_typesupport_introspection_cpp
[0.448s] -- Found rmw_implementation_cmake: 6.1.2 (/opt/ros/humble/share/rmw_implementation_cmake/cmake)
[0.450s] -- Found rmw_fastrtps_cpp: 6.2.6 (/opt/ros/humble/share/rmw_fastrtps_cpp/cmake)
[0.515s] -- Found OpenSSL: /usr/lib/x86_64-linux-gnu/libcrypto.so (found version "3.0.2")  
[0.535s] -- Found FastRTPS: /opt/ros/humble/include  
[0.564s] -- Using RMW implementation 'rmw_fastrtps_cpp' as default
[0.569s] -- Looking for pthread.h
[0.619s] -- Looking for pthread.h - found
[0.619s] -- Performing Test CMAKE_HAVE_LIBC_PTHREAD
[0.668s] -- Performing Test CMAKE_HAVE_LIBC_PTHREAD - Success
[0.669s] -- Found Threads: TRUE  
[0.757s] -- Found example_interfaces: 0.9.3 (/opt/ros/humble/share/example_interfaces/cmake)
[0.874s] -- Configuring done
[0.881s] -- Generating done
[0.882s] -- Build files have been written to: /home/nikhil/ROS/ros2_ws/build/course_activities
[0.887s] Invoked command in '/home/nikhil/ROS/ros2_ws/build/course_activities' returned '0': CMAKE_PREFIX_PATH=${CMAKE_PREFIX_PATH}:/home/nikhil/ROS/ros2_ws/install/py_pkg:/home/nikhil/ROS/ros2_ws/install/launch_testing_examples:/home/nikhil/ROS/ros2_ws/install/examples_rclpy_pointcloud_publisher:/home/nikhil/ROS/ros2_ws/install/examples_rclpy_minimal_subscriber:/home/nikhil/ROS/ros2_ws/install/examples_rclpy_minimal_service:/home/nikhil/ROS/ros2_ws/install/examples_rclpy_minimal_publisher:/home/nikhil/ROS/ros2_ws/install/examples_rclpy_minimal_client:/home/nikhil/ROS/ros2_ws/install/examples_rclpy_minimal_action_server:/home/nikhil/ROS/ros2_ws/install/examples_rclpy_minimal_action_client:/home/nikhil/ROS/ros2_ws/install/examples_rclpy_guard_conditions:/home/nikhil/ROS/ros2_ws/install/examples_rclpy_executors:/opt/ros/humble /usr/bin/cmake /home/nikhil/ROS/ros2_ws/src/course_activities -DCMAKE_INSTALL_PREFIX=/home/nikhil/ROS/ros2_ws/install/course_activities
[0.889s] Invoking command in '/home/nikhil/ROS/ros2_ws/build/course_activities': CMAKE_PREFIX_PATH=${CMAKE_PREFIX_PATH}:/home/nikhil/ROS/ros2_ws/install/py_pkg:/home/nikhil/ROS/ros2_ws/install/launch_testing_examples:/home/nikhil/ROS/ros2_ws/install/examples_rclpy_pointcloud_publisher:/home/nikhil/ROS/ros2_ws/install/examples_rclpy_minimal_subscriber:/home/nikhil/ROS/ros2_ws/install/examples_rclpy_minimal_service:/home/nikhil/ROS/ros2_ws/install/examples_rclpy_minimal_publisher:/home/nikhil/ROS/ros2_ws/install/examples_rclpy_minimal_client:/home/nikhil/ROS/ros2_ws/install/examples_rclpy_minimal_action_server:/home/nikhil/ROS/ros2_ws/install/examples_rclpy_minimal_action_client:/home/nikhil/ROS/ros2_ws/install/examples_rclpy_guard_conditions:/home/nikhil/ROS/ros2_ws/install/examples_rclpy_executors:/opt/ros/humble /usr/bin/cmake --build /home/nikhil/ROS/ros2_ws/build/course_activities -- -j20 -l20
[0.921s] [ 16%] [32mBuilding CXX object CMakeFiles/number_counter.dir/src/number_counter.cpp.o[0m
[0.921s] [ 33%] [32mBuilding CXX object CMakeFiles/reset_counter_client.dir/src/reset_counter_client.cpp.o[0m
[0.921s] [ 50%] [32mBuilding CXX object CMakeFiles/number_publisher.dir/src/number_publisher.cpp.o[0m
[3.142s] [ 66%] [32m[1mLinking CXX executable reset_counter_client[0m
[3.237s] [ 66%] Built target reset_counter_client
[3.433s] [ 83%] [32m[1mLinking CXX executable number_publisher[0m
[3.556s] [ 83%] Built target number_publisher
[6.407s] [100%] [32m[1mLinking CXX executable number_counter[0m
[6.643s] [100%] Built target number_counter
[6.655s] Invoked command in '/home/nikhil/ROS/ros2_ws/build/course_activities' returned '0': CMAKE_PREFIX_PATH=${CMAKE_PREFIX_PATH}:/home/nikhil/ROS/ros2_ws/install/py_pkg:/home/nikhil/ROS/ros2_ws/install/launch_testing_examples:/home/nikhil/ROS/ros2_ws/install/examples_rclpy_pointcloud_publisher:/home/nikhil/ROS/ros2_ws/install/examples_rclpy_minimal_subscriber:/home/nikhil/ROS/ros2_ws/install/examples_rclpy_minimal_service:/home/nikhil/ROS/ros2_ws/install/examples_rclpy_minimal_publisher:/home/nikhil/ROS/ros2_ws/install/examples_rclpy_minimal_client:/home/nikhil/ROS/ros2_ws/install/examples_rclpy_minimal_action_server:/home/nikhil/ROS/ros2_ws/install/examples_rclpy_minimal_action_client:/home/nikhil/ROS/ros2_ws/install/examples_rclpy_guard_conditions:/home/nikhil/ROS/ros2_ws/install/examples_rclpy_executors:/opt/ros/humble /usr/bin/cmake --build /home/nikhil/ROS/ros2_ws/build/course_activities -- -j20 -l20
[6.679s] Invoking command in '/home/nikhil/ROS/ros2_ws/build/course_activities': CMAKE_PREFIX_PATH=${CMAKE_PREFIX_PATH}:/home/nikhil/ROS/ros2_ws/install/py_pkg:/home/nikhil/ROS/ros2_ws/install/launch_testing_examples:/home/nikhil/ROS/ros2_ws/install/examples_rclpy_pointcloud_publisher:/home/nikhil/ROS/ros2_ws/install/examples_rclpy_minimal_subscriber:/home/nikhil/ROS/ros2_ws/install/examples_rclpy_minimal_service:/home/nikhil/ROS/ros2_ws/install/examples_rclpy_minimal_publisher:/home/nikhil/ROS/ros2_ws/install/examples_rclpy_minimal_client:/home/nikhil/ROS/ros2_ws/install/examples_rclpy_minimal_action_server:/home/nikhil/ROS/ros2_ws/install/examples_rclpy_minimal_action_client:/home/nikhil/ROS/ros2_ws/install/examples_rclpy_guard_conditions:/home/nikhil/ROS/ros2_ws/install/examples_rclpy_executors:/opt/ros/humble /usr/bin/cmake --install /home/nikhil/ROS/ros2_ws/build/course_activities
[6.684s] -- Install configuration: ""
[6.684s] -- Installing: /home/nikhil/ROS/ros2_ws/install/course_activities/lib/course_activities/number_publisher
[6.685s] -- Set runtime path of "/home/nikhil/ROS/ros2_ws/install/course_activities/lib/course_activities/number_publisher" to ""
[6.685s] -- Installing: /home/nikhil/ROS/ros2_ws/install/course_activities/lib/course_activities/number_counter
[6.686s] -- Set runtime path of "/home/nikhil/ROS/ros2_ws/install/course_activities/lib/course_activities/number_counter" to ""
[6.686s] -- Installing: /home/nikhil/ROS/ros2_ws/install/course_activities/lib/course_activities/reset_counter_client
[6.687s] -- Set runtime path of "/home/nikhil/ROS/ros2_ws/install/course_activities/lib/course_activities/reset_counter_client" to ""
[6.687s] -- Installing: /home/nikhil/ROS/ros2_ws/install/course_activities/share/ament_index/resource_index/package_run_dependencies/course_activities
[6.687s] -- Installing: /home/nikhil/ROS/ros2_ws/install/course_activities/share/ament_index/resource_index/parent_prefix_path/course_activities
[6.687s] -- Installing: /home/nikhil/ROS/ros2_ws/install/course_activities/share/course_activities/environment/ament_prefix_path.sh
[6.687s] -- Installing: /home/nikhil/ROS/ros2_ws/install/course_activities/share/course_activities/environment/ament_prefix_path.dsv
[6.687s] -- Installing: /home/nikhil/ROS/ros2_ws/install/course_activities/share/course_activities/environment/path.sh
[6.687s] -- Installing: /home/nikhil/ROS/ros2_ws/install/course_activities/share/course_activities/environment/path.dsv
[6.687s] -- Installing: /home/nikhil/ROS/ros2_ws/install/course_activities/share/course_activities/local_setup.bash
[6.687s] -- Installing: /home/nikhil/ROS/ros2_ws/install/course_activities/share/course_activities/local_setup.sh
[6.687s] -- Installing: /home/nikhil/ROS/ros2_ws/install/course_activities/share/course_activities/local_setup.zsh
[6.687s] -- Installing: /home/nikhil/ROS/ros2_ws/install/course_activities/share/course_activities/local_setup.dsv
[6.687s] -- Installing: /home/nikhil/ROS/ros2_ws/install/course_activities/share/course_activities/package.dsv
[6.687s] -- Installing: /home/nikhil/ROS/ros2_ws/install/course_activities/share/ament_index/resource_index/packages/course_activities
[6.687s] -- Installing: /home/nikhil/ROS/ros2_ws/install/course_activities/share/course_activities/cmake/course_activitiesConfig.cmake
[6.687s] -- Installing: /home/nikhil/ROS/ros2_ws/install/course_activities/share/course_activities/cmake/course_activitiesConfig-version.cmake
[6.687s] -- Installing: /home/nikhil/ROS/ros2_ws/install/course_activities/share/course_activities/package.xml
[6.689s] Invoked command in '/home/nikhil/ROS/ros2_ws/build/course_activities' returned '0': CMAKE_PREFIX_PATH=${CMAKE_PREFIX_PATH}:/home/nikhil/ROS/ros2_ws/install/py_pkg:/home/nikhil/ROS/ros2_ws/install/launch_testing_examples:/home/nikhil/ROS/ros2_ws/install/examples_rclpy_pointcloud_publisher:/home/nikhil/ROS/ros2_ws/install/examples_rclpy_minimal_subscriber:/home/nikhil/ROS/ros2_ws/install/examples_rclpy_minimal_service:/home/nikhil/ROS/ros2_ws/install/examples_rclpy_minimal_publisher:/home/nikhil/ROS/ros2_ws/install/examples_rclpy_minimal_client:/home/nikhil/ROS/ros2_ws/install/examples_rclpy_minimal_action_server:/home/nikhil/ROS/ros2_ws/install/examples_rclpy_minimal_action_client:/home/nikhil/ROS/ros2_ws/install/examples_rclpy_guard_conditions:/home/nikhil/ROS/ros2_ws/install/examples_rclpy_executors:/opt/ros/humble /usr/bin/cmake --install /home/nikhil/ROS/ros2_ws/build/course_activities
