[0.014s] Invoking command in '/home/nikhil/Work/ROS/controller_ws/build/three_omniwheel_controller': CMAKE_PREFIX_PATH=${CMAKE_PREFIX_PATH}:/home/nikhil/Work/ROS/ros2_ws/install/py_pkg:/opt/ros/humble /usr/bin/cmake --build /home/nikhil/Work/ROS/controller_ws/build/three_omniwheel_controller -- -j20 -l20
[0.068s] [ 33%] Built target three_omniwheel_controller_parameters
[0.084s] [35m[1mConsolidate compiler generated dependencies of target three_omniwheel_controller[0m
[0.105s] [ 50%] [32mBuilding CXX object CMakeFiles/three_omniwheel_controller.dir/src/three_omniwheel_controller.cpp.o[0m
[1.803s] [01m[K/home/nikhil/Work/ROS/controller_ws/src/three_omniwheel_controller/src/three_omniwheel_controller.cpp:[m[K In member function ‘[01m[Kvirtual controller_interface::return_type three_omniwheel_controller::ThreeOmniwheelController::update(const rclcpp::Time&, const rclcpp::Duration&)[m[K’:
[1.803s] [01m[K/home/nikhil/Work/ROS/controller_ws/src/three_omniwheel_controller/src/three_omniwheel_controller.cpp:145:16:[m[K [01;35m[Kwarning: [m[Kunused variable ‘[01m[Kang_z[m[K’ [[01;35m[K]8;;https://gcc.gnu.org/onlinedocs/gcc/Warning-Options.html#index-Wunused-variable-Wunused-variable]8;;[m[K]
[1.803s]   145 |         double [01;35m[Kang_z[m[K = command.twist.angular.z - 1.0;
[1.803s]       |                [01;35m[K^~~~~[m[K
[1.803s] [01m[K/home/nikhil/Work/ROS/controller_ws/src/three_omniwheel_controller/src/three_omniwheel_controller.cpp:146:16:[m[K [01;35m[Kwarning: [m[Kunused variable ‘[01m[Kang_x[m[K’ [[01;35m[K]8;;https://gcc.gnu.org/onlinedocs/gcc/Warning-Options.html#index-Wunused-variable-Wunused-variable]8;;[m[K]
[1.803s]   146 |         double [01;35m[Kang_x[m[K = - command.twist.angular.x + 1.0;
[1.803s]       |                [01;35m[K^~~~~[m[K
[8.620s] [ 66%] [32m[1mLinking CXX shared library libthree_omniwheel_controller.so[0m
[9.183s] [100%] Built target three_omniwheel_controller
[9.196s] Invoked command in '/home/nikhil/Work/ROS/controller_ws/build/three_omniwheel_controller' returned '0': CMAKE_PREFIX_PATH=${CMAKE_PREFIX_PATH}:/home/nikhil/Work/ROS/ros2_ws/install/py_pkg:/opt/ros/humble /usr/bin/cmake --build /home/nikhil/Work/ROS/controller_ws/build/three_omniwheel_controller -- -j20 -l20
[9.197s] Invoking command in '/home/nikhil/Work/ROS/controller_ws/build/three_omniwheel_controller': CMAKE_PREFIX_PATH=${CMAKE_PREFIX_PATH}:/home/nikhil/Work/ROS/ros2_ws/install/py_pkg:/opt/ros/humble /usr/bin/cmake --install /home/nikhil/Work/ROS/controller_ws/build/three_omniwheel_controller
[9.203s] -- Install configuration: ""
[9.203s] -- Up-to-date: /home/nikhil/Work/ROS/controller_ws/install/three_omniwheel_controller/include/three_omniwheel_controller
[9.203s] -- Up-to-date: /home/nikhil/Work/ROS/controller_ws/install/three_omniwheel_controller/include/three_omniwheel_controller/three_omniwheel_controller_parameters.hpp
[9.203s] -- Up-to-date: /home/nikhil/Work/ROS/controller_ws/install/three_omniwheel_controller/share/three_omniwheel_controller/three_omniwheel_plugin.xml
[9.204s] -- Up-to-date: /home/nikhil/Work/ROS/controller_ws/install/three_omniwheel_controller/include/three_omniwheel_controller
[9.204s] -- Up-to-date: /home/nikhil/Work/ROS/controller_ws/install/three_omniwheel_controller/include/three_omniwheel_controller/three_omniwheel_controller
[9.204s] -- Up-to-date: /home/nikhil/Work/ROS/controller_ws/install/three_omniwheel_controller/include/three_omniwheel_controller/three_omniwheel_controller/three_omniwheel_controller.hpp
[9.204s] -- Up-to-date: /home/nikhil/Work/ROS/controller_ws/install/three_omniwheel_controller/include/three_omniwheel_controller/three_omniwheel_controller/odometry.hpp
[9.204s] -- Up-to-date: /home/nikhil/Work/ROS/controller_ws/install/three_omniwheel_controller/include/three_omniwheel_controller/three_omniwheel_controller/speed_limiter.hpp
[9.204s] -- Up-to-date: /home/nikhil/Work/ROS/controller_ws/install/three_omniwheel_controller/include/three_omniwheel_controller/three_omniwheel_controller/visibility_control.h
[9.204s] -- Installing: /home/nikhil/Work/ROS/controller_ws/install/three_omniwheel_controller/lib/libthree_omniwheel_controller.so
[9.215s] -- Set runtime path of "/home/nikhil/Work/ROS/controller_ws/install/three_omniwheel_controller/lib/libthree_omniwheel_controller.so" to ""
[9.216s] -- Up-to-date: /home/nikhil/Work/ROS/controller_ws/install/three_omniwheel_controller/share/three_omniwheel_controller/environment/library_path.sh
[9.216s] -- Up-to-date: /home/nikhil/Work/ROS/controller_ws/install/three_omniwheel_controller/share/three_omniwheel_controller/environment/library_path.dsv
[9.216s] -- Up-to-date: /home/nikhil/Work/ROS/controller_ws/install/three_omniwheel_controller/share/ament_index/resource_index/package_run_dependencies/three_omniwheel_controller
[9.216s] -- Up-to-date: /home/nikhil/Work/ROS/controller_ws/install/three_omniwheel_controller/share/ament_index/resource_index/parent_prefix_path/three_omniwheel_controller
[9.216s] -- Up-to-date: /home/nikhil/Work/ROS/controller_ws/install/three_omniwheel_controller/share/three_omniwheel_controller/environment/ament_prefix_path.sh
[9.216s] -- Up-to-date: /home/nikhil/Work/ROS/controller_ws/install/three_omniwheel_controller/share/three_omniwheel_controller/environment/ament_prefix_path.dsv
[9.216s] -- Up-to-date: /home/nikhil/Work/ROS/controller_ws/install/three_omniwheel_controller/share/three_omniwheel_controller/environment/path.sh
[9.216s] -- Up-to-date: /home/nikhil/Work/ROS/controller_ws/install/three_omniwheel_controller/share/three_omniwheel_controller/environment/path.dsv
[9.216s] -- Up-to-date: /home/nikhil/Work/ROS/controller_ws/install/three_omniwheel_controller/share/three_omniwheel_controller/local_setup.bash
[9.216s] -- Up-to-date: /home/nikhil/Work/ROS/controller_ws/install/three_omniwheel_controller/share/three_omniwheel_controller/local_setup.sh
[9.216s] -- Up-to-date: /home/nikhil/Work/ROS/controller_ws/install/three_omniwheel_controller/share/three_omniwheel_controller/local_setup.zsh
[9.216s] -- Up-to-date: /home/nikhil/Work/ROS/controller_ws/install/three_omniwheel_controller/share/three_omniwheel_controller/local_setup.dsv
[9.216s] -- Installing: /home/nikhil/Work/ROS/controller_ws/install/three_omniwheel_controller/share/three_omniwheel_controller/package.dsv
[9.216s] -- Up-to-date: /home/nikhil/Work/ROS/controller_ws/install/three_omniwheel_controller/share/ament_index/resource_index/packages/three_omniwheel_controller
[9.216s] -- Up-to-date: /home/nikhil/Work/ROS/controller_ws/install/three_omniwheel_controller/share/ament_index/resource_index/controller_interface__pluginlib__plugin/three_omniwheel_controller
[9.216s] -- Up-to-date: /home/nikhil/Work/ROS/controller_ws/install/three_omniwheel_controller/share/three_omniwheel_controller/cmake/export_three_omniwheel_controllerExport.cmake
[9.216s] -- Up-to-date: /home/nikhil/Work/ROS/controller_ws/install/three_omniwheel_controller/share/three_omniwheel_controller/cmake/export_three_omniwheel_controllerExport-noconfig.cmake
[9.217s] -- Up-to-date: /home/nikhil/Work/ROS/controller_ws/install/three_omniwheel_controller/share/three_omniwheel_controller/cmake/ament_cmake_export_dependencies-extras.cmake
[9.217s] -- Up-to-date: /home/nikhil/Work/ROS/controller_ws/install/three_omniwheel_controller/share/three_omniwheel_controller/cmake/ament_cmake_export_targets-extras.cmake
[9.217s] -- Up-to-date: /home/nikhil/Work/ROS/controller_ws/install/three_omniwheel_controller/share/three_omniwheel_controller/cmake/three_omniwheel_controllerConfig.cmake
[9.217s] -- Up-to-date: /home/nikhil/Work/ROS/controller_ws/install/three_omniwheel_controller/share/three_omniwheel_controller/cmake/three_omniwheel_controllerConfig-version.cmake
[9.217s] -- Up-to-date: /home/nikhil/Work/ROS/controller_ws/install/three_omniwheel_controller/share/three_omniwheel_controller/package.xml
[9.218s] Invoked command in '/home/nikhil/Work/ROS/controller_ws/build/three_omniwheel_controller' returned '0': CMAKE_PREFIX_PATH=${CMAKE_PREFIX_PATH}:/home/nikhil/Work/ROS/ros2_ws/install/py_pkg:/opt/ros/humble /usr/bin/cmake --install /home/nikhil/Work/ROS/controller_ws/build/three_omniwheel_controller
