[0.008s] Invoking command in '/home/nikhil/Work/ROS/control_ws/build/ros2_control_demo_example_2': CMAKE_PREFIX_PATH=${CMAKE_PREFIX_PATH}:/home/nikhil/Work/ROS/ros2_ws/install/py_pkg:/opt/ros/humble /usr/bin/cmake /home/nikhil/Work/ROS/control_ws/src/example_2 -DCMAKE_INSTALL_PREFIX=/home/nikhil/Work/ROS/control_ws/install/ros2_control_demo_example_2
[0.100s] -- The CXX compiler identification is GNU 11.4.0
[0.108s] -- Detecting CXX compiler ABI info
[0.168s] -- Detecting CXX compiler ABI info - done
[0.173s] -- Check for working CXX compiler: /usr/bin/c++ - skipped
[0.174s] -- Detecting CXX compile features
[0.174s] -- Detecting CXX compile features - done
[0.179s] -- Found ament_cmake: 1.3.11 (/opt/ros/humble/share/ament_cmake/cmake)
[0.297s] -- Found Python3: /usr/bin/python3 (found version "3.10.12") found components: Interpreter 
[0.399s] -- Found hardware_interface: 2.48.0 (/opt/ros/humble/share/hardware_interface/cmake)
[0.438s] -- Found rosidl_generator_c: 3.1.6 (/opt/ros/humble/share/rosidl_generator_c/cmake)
[0.443s] -- Found rosidl_adapter: 3.1.6 (/opt/ros/humble/share/rosidl_adapter/cmake)
[0.450s] -- Found rosidl_generator_cpp: 3.1.6 (/opt/ros/humble/share/rosidl_generator_cpp/cmake)
[0.461s] -- Using all available rosidl_typesupport_c: rosidl_typesupport_fastrtps_c;rosidl_typesupport_introspection_c
[0.474s] -- Using all available rosidl_typesupport_cpp: rosidl_typesupport_fastrtps_cpp;rosidl_typesupport_introspection_cpp
[0.640s] -- Found rmw_implementation_cmake: 6.1.2 (/opt/ros/humble/share/rmw_implementation_cmake/cmake)
[0.646s] -- Found rmw_cyclonedds_cpp: 1.3.4 (/opt/ros/humble/share/rmw_cyclonedds_cpp/cmake)
[0.675s] -- Using RMW implementation 'rmw_cyclonedds_cpp' as default
[0.684s] -- Looking for C++ include pthread.h
[0.767s] -- Looking for C++ include pthread.h - found
[0.767s] -- Performing Test CMAKE_HAVE_LIBC_PTHREAD
[0.846s] -- Performing Test CMAKE_HAVE_LIBC_PTHREAD - Success
[0.847s] -- Found Threads: TRUE  
[0.901s] -- Found ament_cmake_pytest: 1.3.11 (/opt/ros/humble/share/ament_cmake_pytest/cmake)
[2.758s] -- Configuring done
[2.791s] -- Generating done
[2.794s] -- Build files have been written to: /home/nikhil/Work/ROS/control_ws/build/ros2_control_demo_example_2
[2.799s] Invoked command in '/home/nikhil/Work/ROS/control_ws/build/ros2_control_demo_example_2' returned '0': CMAKE_PREFIX_PATH=${CMAKE_PREFIX_PATH}:/home/nikhil/Work/ROS/ros2_ws/install/py_pkg:/opt/ros/humble /usr/bin/cmake /home/nikhil/Work/ROS/control_ws/src/example_2 -DCMAKE_INSTALL_PREFIX=/home/nikhil/Work/ROS/control_ws/install/ros2_control_demo_example_2
[2.800s] Invoking command in '/home/nikhil/Work/ROS/control_ws/build/ros2_control_demo_example_2': CMAKE_PREFIX_PATH=${CMAKE_PREFIX_PATH}:/home/nikhil/Work/ROS/ros2_ws/install/py_pkg:/opt/ros/humble /usr/bin/cmake --build /home/nikhil/Work/ROS/control_ws/build/ros2_control_demo_example_2 -- -j20 -l20
[2.838s] [ 50%] [32mBuilding CXX object CMakeFiles/ros2_control_demo_example_2.dir/hardware/diffbot_system.cpp.o[0m
[4.853s] [100%] [32m[1mLinking CXX shared library libros2_control_demo_example_2.so[0m
[4.984s] [100%] Built target ros2_control_demo_example_2
[4.992s] Invoked command in '/home/nikhil/Work/ROS/control_ws/build/ros2_control_demo_example_2' returned '0': CMAKE_PREFIX_PATH=${CMAKE_PREFIX_PATH}:/home/nikhil/Work/ROS/ros2_ws/install/py_pkg:/opt/ros/humble /usr/bin/cmake --build /home/nikhil/Work/ROS/control_ws/build/ros2_control_demo_example_2 -- -j20 -l20
[5.002s] Invoking command in '/home/nikhil/Work/ROS/control_ws/build/ros2_control_demo_example_2': CMAKE_PREFIX_PATH=${CMAKE_PREFIX_PATH}:/home/nikhil/Work/ROS/ros2_ws/install/py_pkg:/opt/ros/humble /usr/bin/cmake --install /home/nikhil/Work/ROS/control_ws/build/ros2_control_demo_example_2
[5.008s] -- Install configuration: ""
[5.008s] -- Installing: /home/nikhil/Work/ROS/control_ws/install/ros2_control_demo_example_2/share/ros2_control_demo_example_2/ros2_control_demo_example_2.xml
[5.008s] -- Installing: /home/nikhil/Work/ROS/control_ws/install/ros2_control_demo_example_2/include/ros2_control_demo_example_2
[5.008s] -- Installing: /home/nikhil/Work/ROS/control_ws/install/ros2_control_demo_example_2/include/ros2_control_demo_example_2/ros2_control_demo_example_2
[5.008s] -- Installing: /home/nikhil/Work/ROS/control_ws/install/ros2_control_demo_example_2/include/ros2_control_demo_example_2/ros2_control_demo_example_2/diffbot_system.hpp
[5.008s] -- Installing: /home/nikhil/Work/ROS/control_ws/install/ros2_control_demo_example_2/share/ros2_control_demo_example_2/launch
[5.008s] -- Installing: /home/nikhil/Work/ROS/control_ws/install/ros2_control_demo_example_2/share/ros2_control_demo_example_2/launch/view_robot.launch.py
[5.008s] -- Installing: /home/nikhil/Work/ROS/control_ws/install/ros2_control_demo_example_2/share/ros2_control_demo_example_2/ros2_control
[5.008s] -- Installing: /home/nikhil/Work/ROS/control_ws/install/ros2_control_demo_example_2/share/ros2_control_demo_example_2/ros2_control/diffbot.ros2_control.xacro
[5.008s] -- Installing: /home/nikhil/Work/ROS/control_ws/install/ros2_control_demo_example_2/share/ros2_control_demo_example_2/urdf
[5.008s] -- Installing: /home/nikhil/Work/ROS/control_ws/install/ros2_control_demo_example_2/share/ros2_control_demo_example_2/urdf/diffbot.urdf.xacro
[5.008s] -- Up-to-date: /home/nikhil/Work/ROS/control_ws/install/ros2_control_demo_example_2/share/ros2_control_demo_example_2/launch
[5.008s] -- Installing: /home/nikhil/Work/ROS/control_ws/install/ros2_control_demo_example_2/share/ros2_control_demo_example_2/launch/diffbot.launch.py
[5.008s] -- Installing: /home/nikhil/Work/ROS/control_ws/install/ros2_control_demo_example_2/share/ros2_control_demo_example_2/config
[5.008s] -- Installing: /home/nikhil/Work/ROS/control_ws/install/ros2_control_demo_example_2/share/ros2_control_demo_example_2/config/diffbot_controllers.yaml
[5.008s] -- Installing: /home/nikhil/Work/ROS/control_ws/install/ros2_control_demo_example_2/lib/libros2_control_demo_example_2.so
[5.009s] -- Set runtime path of "/home/nikhil/Work/ROS/control_ws/install/ros2_control_demo_example_2/lib/libros2_control_demo_example_2.so" to ""
[5.009s] -- Installing: /home/nikhil/Work/ROS/control_ws/install/ros2_control_demo_example_2/share/ros2_control_demo_example_2/environment/library_path.sh
[5.009s] -- Installing: /home/nikhil/Work/ROS/control_ws/install/ros2_control_demo_example_2/share/ros2_control_demo_example_2/environment/library_path.dsv
[5.009s] -- Installing: /home/nikhil/Work/ROS/control_ws/install/ros2_control_demo_example_2/share/ament_index/resource_index/package_run_dependencies/ros2_control_demo_example_2
[5.009s] -- Installing: /home/nikhil/Work/ROS/control_ws/install/ros2_control_demo_example_2/share/ament_index/resource_index/parent_prefix_path/ros2_control_demo_example_2
[5.009s] -- Installing: /home/nikhil/Work/ROS/control_ws/install/ros2_control_demo_example_2/share/ros2_control_demo_example_2/environment/ament_prefix_path.sh
[5.009s] -- Installing: /home/nikhil/Work/ROS/control_ws/install/ros2_control_demo_example_2/share/ros2_control_demo_example_2/environment/ament_prefix_path.dsv
[5.009s] -- Installing: /home/nikhil/Work/ROS/control_ws/install/ros2_control_demo_example_2/share/ros2_control_demo_example_2/environment/path.sh
[5.009s] -- Installing: /home/nikhil/Work/ROS/control_ws/install/ros2_control_demo_example_2/share/ros2_control_demo_example_2/environment/path.dsv
[5.009s] -- Installing: /home/nikhil/Work/ROS/control_ws/install/ros2_control_demo_example_2/share/ros2_control_demo_example_2/local_setup.bash
[5.010s] -- Installing: /home/nikhil/Work/ROS/control_ws/install/ros2_control_demo_example_2/share/ros2_control_demo_example_2/local_setup.sh
[5.010s] -- Installing: /home/nikhil/Work/ROS/control_ws/install/ros2_control_demo_example_2/share/ros2_control_demo_example_2/local_setup.zsh
[5.010s] -- Installing: /home/nikhil/Work/ROS/control_ws/install/ros2_control_demo_example_2/share/ros2_control_demo_example_2/local_setup.dsv
[5.010s] -- Installing: /home/nikhil/Work/ROS/control_ws/install/ros2_control_demo_example_2/share/ros2_control_demo_example_2/package.dsv
[5.010s] -- Installing: /home/nikhil/Work/ROS/control_ws/install/ros2_control_demo_example_2/share/ament_index/resource_index/packages/ros2_control_demo_example_2
[5.010s] -- Installing: /home/nikhil/Work/ROS/control_ws/install/ros2_control_demo_example_2/share/ament_index/resource_index/hardware_interface__pluginlib__plugin/ros2_control_demo_example_2
[5.010s] -- Installing: /home/nikhil/Work/ROS/control_ws/install/ros2_control_demo_example_2/share/ros2_control_demo_example_2/cmake/export_ros2_control_demo_example_2Export.cmake
[5.010s] -- Installing: /home/nikhil/Work/ROS/control_ws/install/ros2_control_demo_example_2/share/ros2_control_demo_example_2/cmake/export_ros2_control_demo_example_2Export-noconfig.cmake
[5.010s] -- Installing: /home/nikhil/Work/ROS/control_ws/install/ros2_control_demo_example_2/share/ros2_control_demo_example_2/cmake/ament_cmake_export_targets-extras.cmake
[5.010s] -- Installing: /home/nikhil/Work/ROS/control_ws/install/ros2_control_demo_example_2/share/ros2_control_demo_example_2/cmake/ament_cmake_export_dependencies-extras.cmake
[5.010s] -- Installing: /home/nikhil/Work/ROS/control_ws/install/ros2_control_demo_example_2/share/ros2_control_demo_example_2/cmake/ros2_control_demo_example_2Config.cmake
[5.010s] -- Installing: /home/nikhil/Work/ROS/control_ws/install/ros2_control_demo_example_2/share/ros2_control_demo_example_2/cmake/ros2_control_demo_example_2Config-version.cmake
[5.010s] -- Installing: /home/nikhil/Work/ROS/control_ws/install/ros2_control_demo_example_2/share/ros2_control_demo_example_2/package.xml
[5.011s] Invoked command in '/home/nikhil/Work/ROS/control_ws/build/ros2_control_demo_example_2' returned '0': CMAKE_PREFIX_PATH=${CMAKE_PREFIX_PATH}:/home/nikhil/Work/ROS/ros2_ws/install/py_pkg:/opt/ros/humble /usr/bin/cmake --install /home/nikhil/Work/ROS/control_ws/build/ros2_control_demo_example_2
