[0.069s] DEBUG:colcon:Command line arguments: ['/usr/bin/colcon', 'build', '--packages-select', 'my_robot_interfaces', 'cpp_pkg']
[0.069s] DEBUG:colcon:Parsed command line arguments: Namespace(log_base=None, log_level=None, verb_name='build', build_base='build', install_base='install', merge_install=False, symlink_install=False, test_result_base=None, continue_on_error=False, executor='parallel', parallel_workers=20, event_handlers=None, ignore_user_meta=False, metas=['./colcon.meta'], base_paths=['.'], packages_ignore=None, packages_ignore_regex=None, paths=None, packages_up_to=None, packages_up_to_regex=None, packages_above=None, packages_above_and_dependencies=None, packages_above_depth=None, packages_select_by_dep=None, packages_skip_by_dep=None, packages_skip_up_to=None, packages_select_build_failed=False, packages_skip_build_finished=False, packages_select_test_failures=False, packages_skip_test_passed=False, packages_select=['my_robot_interfaces', 'cpp_pkg'], packages_skip=None, packages_select_regex=None, packages_skip_regex=None, packages_start=None, packages_end=None, allow_overriding=[], cmake_args=None, cmake_target=None, cmake_target_skip_unavailable=False, cmake_clean_cache=False, cmake_clean_first=False, cmake_force_configure=False, ament_cmake_args=None, catkin_cmake_args=None, catkin_skip_building_tests=False, mixin_files=None, mixin=None, verb_parser=<colcon_mixin.mixin.mixin_argument.MixinArgumentDecorator object at 0x76161c781660>, verb_extension=<colcon_core.verb.build.BuildVerb object at 0x76161c780a00>, main=<bound method BuildVerb.main of <colcon_core.verb.build.BuildVerb object at 0x76161c780a00>>, mixin_verb=('build',))
[0.158s] Level 1:colcon.colcon_core.package_discovery:discover_packages(colcon_meta) check parameters
[0.158s] Level 1:colcon.colcon_core.package_discovery:discover_packages(recursive) check parameters
[0.158s] Level 1:colcon.colcon_core.package_discovery:discover_packages(ignore) check parameters
[0.158s] Level 1:colcon.colcon_core.package_discovery:discover_packages(path) check parameters
[0.158s] Level 1:colcon.colcon_core.package_discovery:discover_packages(colcon_meta) discover
[0.158s] Level 1:colcon.colcon_core.package_discovery:discover_packages(recursive) discover
[0.158s] INFO:colcon.colcon_core.package_discovery:Crawling recursively for packages in '/home/nikhil/ROS/ros2_ws'
[0.158s] Level 1:colcon.colcon_core.package_identification:_identify(.) by extensions ['ignore', 'ignore_ament_install']
[0.158s] Level 1:colcon.colcon_core.package_identification:_identify(.) by extension 'ignore'
[0.158s] Level 1:colcon.colcon_core.package_identification:_identify(.) by extension 'ignore_ament_install'
[0.158s] Level 1:colcon.colcon_core.package_identification:_identify(.) by extensions ['colcon_pkg']
[0.158s] Level 1:colcon.colcon_core.package_identification:_identify(.) by extension 'colcon_pkg'
[0.158s] Level 1:colcon.colcon_core.package_identification:_identify(.) by extensions ['colcon_meta']
[0.158s] Level 1:colcon.colcon_core.package_identification:_identify(.) by extension 'colcon_meta'
[0.158s] Level 1:colcon.colcon_core.package_identification:_identify(.) by extensions ['ros']
[0.158s] Level 1:colcon.colcon_core.package_identification:_identify(.) by extension 'ros'
[0.164s] Level 1:colcon.colcon_core.package_identification:_identify(.) by extensions ['cmake', 'python']
[0.164s] Level 1:colcon.colcon_core.package_identification:_identify(.) by extension 'cmake'
[0.164s] Level 1:colcon.colcon_core.package_identification:_identify(.) by extension 'python'
[0.164s] Level 1:colcon.colcon_core.package_identification:_identify(.) by extensions ['python_setup_py']
[0.164s] Level 1:colcon.colcon_core.package_identification:_identify(.) by extension 'python_setup_py'
[0.164s] Level 1:colcon.colcon_core.package_identification:_identify(build) by extensions ['ignore', 'ignore_ament_install']
[0.164s] Level 1:colcon.colcon_core.package_identification:_identify(build) by extension 'ignore'
[0.164s] Level 1:colcon.colcon_core.package_identification:_identify(build) ignored
[0.165s] Level 1:colcon.colcon_core.package_identification:_identify(install) by extensions ['ignore', 'ignore_ament_install']
[0.165s] Level 1:colcon.colcon_core.package_identification:_identify(install) by extension 'ignore'
[0.165s] Level 1:colcon.colcon_core.package_identification:_identify(install) ignored
[0.165s] Level 1:colcon.colcon_core.package_identification:_identify(log) by extensions ['ignore', 'ignore_ament_install']
[0.165s] Level 1:colcon.colcon_core.package_identification:_identify(log) by extension 'ignore'
[0.165s] Level 1:colcon.colcon_core.package_identification:_identify(log) ignored
[0.165s] Level 1:colcon.colcon_core.package_identification:_identify(src) by extensions ['ignore', 'ignore_ament_install']
[0.165s] Level 1:colcon.colcon_core.package_identification:_identify(src) by extension 'ignore'
[0.165s] Level 1:colcon.colcon_core.package_identification:_identify(src) by extension 'ignore_ament_install'
[0.165s] Level 1:colcon.colcon_core.package_identification:_identify(src) by extensions ['colcon_pkg']
[0.165s] Level 1:colcon.colcon_core.package_identification:_identify(src) by extension 'colcon_pkg'
[0.165s] Level 1:colcon.colcon_core.package_identification:_identify(src) by extensions ['colcon_meta']
[0.165s] Level 1:colcon.colcon_core.package_identification:_identify(src) by extension 'colcon_meta'
[0.165s] Level 1:colcon.colcon_core.package_identification:_identify(src) by extensions ['ros']
[0.165s] Level 1:colcon.colcon_core.package_identification:_identify(src) by extension 'ros'
[0.165s] Level 1:colcon.colcon_core.package_identification:_identify(src) by extensions ['cmake', 'python']
[0.165s] Level 1:colcon.colcon_core.package_identification:_identify(src) by extension 'cmake'
[0.165s] Level 1:colcon.colcon_core.package_identification:_identify(src) by extension 'python'
[0.165s] Level 1:colcon.colcon_core.package_identification:_identify(src) by extensions ['python_setup_py']
[0.165s] Level 1:colcon.colcon_core.package_identification:_identify(src) by extension 'python_setup_py'
[0.165s] Level 1:colcon.colcon_core.package_identification:_identify(src/course_activities) by extensions ['ignore', 'ignore_ament_install']
[0.165s] Level 1:colcon.colcon_core.package_identification:_identify(src/course_activities) by extension 'ignore'
[0.165s] Level 1:colcon.colcon_core.package_identification:_identify(src/course_activities) by extension 'ignore_ament_install'
[0.165s] Level 1:colcon.colcon_core.package_identification:_identify(src/course_activities) by extensions ['colcon_pkg']
[0.165s] Level 1:colcon.colcon_core.package_identification:_identify(src/course_activities) by extension 'colcon_pkg'
[0.165s] Level 1:colcon.colcon_core.package_identification:_identify(src/course_activities) by extensions ['colcon_meta']
[0.165s] Level 1:colcon.colcon_core.package_identification:_identify(src/course_activities) by extension 'colcon_meta'
[0.165s] Level 1:colcon.colcon_core.package_identification:_identify(src/course_activities) by extensions ['ros']
[0.165s] Level 1:colcon.colcon_core.package_identification:_identify(src/course_activities) by extension 'ros'
[0.167s] DEBUG:colcon.colcon_core.package_identification:Package 'src/course_activities' with type 'ros.ament_cmake' and name 'course_activities'
[0.167s] Level 1:colcon.colcon_core.package_identification:_identify(src/cpp_pkg) by extensions ['ignore', 'ignore_ament_install']
[0.167s] Level 1:colcon.colcon_core.package_identification:_identify(src/cpp_pkg) by extension 'ignore'
[0.167s] Level 1:colcon.colcon_core.package_identification:_identify(src/cpp_pkg) by extension 'ignore_ament_install'
[0.167s] Level 1:colcon.colcon_core.package_identification:_identify(src/cpp_pkg) by extensions ['colcon_pkg']
[0.167s] Level 1:colcon.colcon_core.package_identification:_identify(src/cpp_pkg) by extension 'colcon_pkg'
[0.167s] Level 1:colcon.colcon_core.package_identification:_identify(src/cpp_pkg) by extensions ['colcon_meta']
[0.167s] Level 1:colcon.colcon_core.package_identification:_identify(src/cpp_pkg) by extension 'colcon_meta'
[0.167s] Level 1:colcon.colcon_core.package_identification:_identify(src/cpp_pkg) by extensions ['ros']
[0.167s] Level 1:colcon.colcon_core.package_identification:_identify(src/cpp_pkg) by extension 'ros'
[0.167s] DEBUG:colcon.colcon_core.package_identification:Package 'src/cpp_pkg' with type 'ros.ament_cmake' and name 'cpp_pkg'
[0.167s] Level 1:colcon.colcon_core.package_identification:_identify(src/my_robot_interfaces) by extensions ['ignore', 'ignore_ament_install']
[0.167s] Level 1:colcon.colcon_core.package_identification:_identify(src/my_robot_interfaces) by extension 'ignore'
[0.167s] Level 1:colcon.colcon_core.package_identification:_identify(src/my_robot_interfaces) by extension 'ignore_ament_install'
[0.167s] Level 1:colcon.colcon_core.package_identification:_identify(src/my_robot_interfaces) by extensions ['colcon_pkg']
[0.167s] Level 1:colcon.colcon_core.package_identification:_identify(src/my_robot_interfaces) by extension 'colcon_pkg'
[0.167s] Level 1:colcon.colcon_core.package_identification:_identify(src/my_robot_interfaces) by extensions ['colcon_meta']
[0.167s] Level 1:colcon.colcon_core.package_identification:_identify(src/my_robot_interfaces) by extension 'colcon_meta'
[0.167s] Level 1:colcon.colcon_core.package_identification:_identify(src/my_robot_interfaces) by extensions ['ros']
[0.167s] Level 1:colcon.colcon_core.package_identification:_identify(src/my_robot_interfaces) by extension 'ros'
[0.168s] DEBUG:colcon.colcon_core.package_identification:Package 'src/my_robot_interfaces' with type 'ros.ament_cmake' and name 'my_robot_interfaces'
[0.168s] Level 1:colcon.colcon_core.package_identification:_identify(src/py_pkg) by extensions ['ignore', 'ignore_ament_install']
[0.168s] Level 1:colcon.colcon_core.package_identification:_identify(src/py_pkg) by extension 'ignore'
[0.168s] Level 1:colcon.colcon_core.package_identification:_identify(src/py_pkg) by extension 'ignore_ament_install'
[0.168s] Level 1:colcon.colcon_core.package_identification:_identify(src/py_pkg) by extensions ['colcon_pkg']
[0.168s] Level 1:colcon.colcon_core.package_identification:_identify(src/py_pkg) by extension 'colcon_pkg'
[0.168s] Level 1:colcon.colcon_core.package_identification:_identify(src/py_pkg) by extensions ['colcon_meta']
[0.168s] Level 1:colcon.colcon_core.package_identification:_identify(src/py_pkg) by extension 'colcon_meta'
[0.168s] Level 1:colcon.colcon_core.package_identification:_identify(src/py_pkg) by extensions ['ros']
[0.168s] Level 1:colcon.colcon_core.package_identification:_identify(src/py_pkg) by extension 'ros'
[0.168s] DEBUG:colcon.colcon_core.package_identification:Package 'src/py_pkg' with type 'ros.ament_python' and name 'py_pkg'
[0.168s] Level 1:colcon.colcon_core.package_discovery:discover_packages(recursive) using defaults
[0.168s] Level 1:colcon.colcon_core.package_discovery:discover_packages(ignore) discover
[0.168s] Level 1:colcon.colcon_core.package_discovery:discover_packages(ignore) using defaults
[0.168s] Level 1:colcon.colcon_core.package_discovery:discover_packages(path) discover
[0.168s] Level 1:colcon.colcon_core.package_discovery:discover_packages(path) using defaults
[0.184s] INFO:colcon.colcon_core.package_selection:Skipping not selected package 'course_activities' in 'src/course_activities'
[0.184s] INFO:colcon.colcon_core.package_selection:Skipping not selected package 'py_pkg' in 'src/py_pkg'
[0.184s] Level 1:colcon.colcon_core.package_discovery:discover_packages(prefix_path) check parameters
[0.184s] Level 1:colcon.colcon_core.package_discovery:discover_packages(prefix_path) discover
[0.185s] DEBUG:colcon.colcon_installed_package_information.package_discovery:Found 4 installed packages in /home/nikhil/ROS/ros2_ws/install
[0.186s] DEBUG:colcon.colcon_installed_package_information.package_discovery:Found 294 installed packages in /opt/ros/humble
[0.187s] Level 1:colcon.colcon_core.package_discovery:discover_packages(prefix_path) using defaults
[0.206s] Level 5:colcon.colcon_core.verb:set package 'my_robot_interfaces' build argument 'cmake_args' from command line to 'None'
[0.206s] Level 5:colcon.colcon_core.verb:set package 'my_robot_interfaces' build argument 'cmake_target' from command line to 'None'
[0.206s] Level 5:colcon.colcon_core.verb:set package 'my_robot_interfaces' build argument 'cmake_target_skip_unavailable' from command line to 'False'
[0.206s] Level 5:colcon.colcon_core.verb:set package 'my_robot_interfaces' build argument 'cmake_clean_cache' from command line to 'False'
[0.206s] Level 5:colcon.colcon_core.verb:set package 'my_robot_interfaces' build argument 'cmake_clean_first' from command line to 'False'
[0.206s] Level 5:colcon.colcon_core.verb:set package 'my_robot_interfaces' build argument 'cmake_force_configure' from command line to 'False'
[0.206s] Level 5:colcon.colcon_core.verb:set package 'my_robot_interfaces' build argument 'ament_cmake_args' from command line to 'None'
[0.206s] Level 5:colcon.colcon_core.verb:set package 'my_robot_interfaces' build argument 'catkin_cmake_args' from command line to 'None'
[0.206s] Level 5:colcon.colcon_core.verb:set package 'my_robot_interfaces' build argument 'catkin_skip_building_tests' from command line to 'False'
[0.206s] DEBUG:colcon.colcon_core.verb:Building package 'my_robot_interfaces' with the following arguments: {'ament_cmake_args': None, 'build_base': '/home/nikhil/ROS/ros2_ws/build/my_robot_interfaces', 'catkin_cmake_args': None, 'catkin_skip_building_tests': False, 'cmake_args': None, 'cmake_clean_cache': False, 'cmake_clean_first': False, 'cmake_force_configure': False, 'cmake_target': None, 'cmake_target_skip_unavailable': False, 'install_base': '/home/nikhil/ROS/ros2_ws/install/my_robot_interfaces', 'merge_install': False, 'path': '/home/nikhil/ROS/ros2_ws/src/my_robot_interfaces', 'symlink_install': False, 'test_result_base': None}
[0.206s] Level 5:colcon.colcon_core.verb:set package 'cpp_pkg' build argument 'cmake_args' from command line to 'None'
[0.206s] Level 5:colcon.colcon_core.verb:set package 'cpp_pkg' build argument 'cmake_target' from command line to 'None'
[0.206s] Level 5:colcon.colcon_core.verb:set package 'cpp_pkg' build argument 'cmake_target_skip_unavailable' from command line to 'False'
[0.206s] Level 5:colcon.colcon_core.verb:set package 'cpp_pkg' build argument 'cmake_clean_cache' from command line to 'False'
[0.206s] Level 5:colcon.colcon_core.verb:set package 'cpp_pkg' build argument 'cmake_clean_first' from command line to 'False'
[0.206s] Level 5:colcon.colcon_core.verb:set package 'cpp_pkg' build argument 'cmake_force_configure' from command line to 'False'
[0.206s] Level 5:colcon.colcon_core.verb:set package 'cpp_pkg' build argument 'ament_cmake_args' from command line to 'None'
[0.206s] Level 5:colcon.colcon_core.verb:set package 'cpp_pkg' build argument 'catkin_cmake_args' from command line to 'None'
[0.206s] Level 5:colcon.colcon_core.verb:set package 'cpp_pkg' build argument 'catkin_skip_building_tests' from command line to 'False'
[0.206s] DEBUG:colcon.colcon_core.verb:Building package 'cpp_pkg' with the following arguments: {'ament_cmake_args': None, 'build_base': '/home/nikhil/ROS/ros2_ws/build/cpp_pkg', 'catkin_cmake_args': None, 'catkin_skip_building_tests': False, 'cmake_args': None, 'cmake_clean_cache': False, 'cmake_clean_first': False, 'cmake_force_configure': False, 'cmake_target': None, 'cmake_target_skip_unavailable': False, 'install_base': '/home/nikhil/ROS/ros2_ws/install/cpp_pkg', 'merge_install': False, 'path': '/home/nikhil/ROS/ros2_ws/src/cpp_pkg', 'symlink_install': False, 'test_result_base': None}
[0.206s] INFO:colcon.colcon_core.executor:Executing jobs using 'parallel' executor
[0.207s] DEBUG:colcon.colcon_parallel_executor.executor.parallel:run_until_complete
[0.207s] INFO:colcon.colcon_ros.task.ament_cmake.build:Building ROS package in '/home/nikhil/ROS/ros2_ws/src/my_robot_interfaces' with build type 'ament_cmake'
[0.207s] INFO:colcon.colcon_cmake.task.cmake.build:Building CMake package in '/home/nikhil/ROS/ros2_ws/src/my_robot_interfaces'
[0.208s] INFO:colcon.colcon_core.plugin_system:Skipping extension 'colcon_core.shell.bat': Not used on non-Windows systems
[0.208s] INFO:colcon.colcon_core.shell:Skip shell extension 'powershell' for command environment: Not usable outside of PowerShell
[0.208s] DEBUG:colcon.colcon_core.shell:Skip shell extension 'dsv' for command environment
[0.215s] DEBUG:colcon.colcon_core.event_handler.log_command:Invoking command in '/home/nikhil/ROS/ros2_ws/build/my_robot_interfaces': CMAKE_PREFIX_PATH=${CMAKE_PREFIX_PATH}:/home/nikhil/ROS/ros2_ws/install/py_pkg /usr/bin/cmake --build /home/nikhil/ROS/ros2_ws/build/my_robot_interfaces -- -j20 -l20
[0.438s] DEBUG:colcon.colcon_core.event_handler.log_command:Invoked command in '/home/nikhil/ROS/ros2_ws/build/my_robot_interfaces' returned '0': CMAKE_PREFIX_PATH=${CMAKE_PREFIX_PATH}:/home/nikhil/ROS/ros2_ws/install/py_pkg /usr/bin/cmake --build /home/nikhil/ROS/ros2_ws/build/my_robot_interfaces -- -j20 -l20
[0.540s] DEBUG:colcon.colcon_core.event_handler.log_command:Invoking command in '/home/nikhil/ROS/ros2_ws/build/my_robot_interfaces': CMAKE_PREFIX_PATH=${CMAKE_PREFIX_PATH}:/home/nikhil/ROS/ros2_ws/install/py_pkg /usr/bin/cmake --install /home/nikhil/ROS/ros2_ws/build/my_robot_interfaces
[0.591s] Level 1:colcon.colcon_core.environment:create_environment_scripts_only(my_robot_interfaces)
[0.591s] DEBUG:colcon.colcon_core.event_handler.log_command:Invoked command in '/home/nikhil/ROS/ros2_ws/build/my_robot_interfaces' returned '0': CMAKE_PREFIX_PATH=${CMAKE_PREFIX_PATH}:/home/nikhil/ROS/ros2_ws/install/py_pkg /usr/bin/cmake --install /home/nikhil/ROS/ros2_ws/build/my_robot_interfaces
[0.592s] Level 1:colcon.colcon_core.environment:checking '/home/nikhil/ROS/ros2_ws/install/my_robot_interfaces' for CMake module files
[0.593s] Level 1:colcon.colcon_core.environment:checking '/home/nikhil/ROS/ros2_ws/install/my_robot_interfaces' for CMake config files
[0.593s] Level 1:colcon.colcon_core.shell:create_environment_hook('my_robot_interfaces', 'cmake_prefix_path')
[0.593s] INFO:colcon.colcon_core.shell:Creating environment hook '/home/nikhil/ROS/ros2_ws/install/my_robot_interfaces/share/my_robot_interfaces/hook/cmake_prefix_path.ps1'
[0.594s] INFO:colcon.colcon_core.shell:Creating environment descriptor '/home/nikhil/ROS/ros2_ws/install/my_robot_interfaces/share/my_robot_interfaces/hook/cmake_prefix_path.dsv'
[0.594s] INFO:colcon.colcon_core.shell:Creating environment hook '/home/nikhil/ROS/ros2_ws/install/my_robot_interfaces/share/my_robot_interfaces/hook/cmake_prefix_path.sh'
[0.594s] Level 1:colcon.colcon_core.environment:checking '/home/nikhil/ROS/ros2_ws/install/my_robot_interfaces/lib'
[0.594s] Level 1:colcon.colcon_core.shell:create_environment_hook('my_robot_interfaces', 'ld_library_path_lib')
[0.594s] INFO:colcon.colcon_core.shell:Creating environment hook '/home/nikhil/ROS/ros2_ws/install/my_robot_interfaces/share/my_robot_interfaces/hook/ld_library_path_lib.ps1'
[0.595s] INFO:colcon.colcon_core.shell:Creating environment descriptor '/home/nikhil/ROS/ros2_ws/install/my_robot_interfaces/share/my_robot_interfaces/hook/ld_library_path_lib.dsv'
[0.595s] INFO:colcon.colcon_core.shell:Creating environment hook '/home/nikhil/ROS/ros2_ws/install/my_robot_interfaces/share/my_robot_interfaces/hook/ld_library_path_lib.sh'
[0.595s] Level 1:colcon.colcon_core.environment:checking '/home/nikhil/ROS/ros2_ws/install/my_robot_interfaces/bin'
[0.595s] Level 1:colcon.colcon_core.environment:checking '/home/nikhil/ROS/ros2_ws/install/my_robot_interfaces/lib/pkgconfig/my_robot_interfaces.pc'
[0.595s] Level 1:colcon.colcon_core.environment:checking '/home/nikhil/ROS/ros2_ws/install/my_robot_interfaces/lib/python3.10/site-packages'
[0.595s] Level 1:colcon.colcon_core.environment:checking '/home/nikhil/ROS/ros2_ws/install/my_robot_interfaces/bin'
[0.595s] INFO:colcon.colcon_core.shell:Creating package script '/home/nikhil/ROS/ros2_ws/install/my_robot_interfaces/share/my_robot_interfaces/package.ps1'
[0.596s] INFO:colcon.colcon_core.shell:Creating package descriptor '/home/nikhil/ROS/ros2_ws/install/my_robot_interfaces/share/my_robot_interfaces/package.dsv'
[0.596s] INFO:colcon.colcon_core.shell:Creating package script '/home/nikhil/ROS/ros2_ws/install/my_robot_interfaces/share/my_robot_interfaces/package.sh'
[0.596s] INFO:colcon.colcon_core.shell:Creating package script '/home/nikhil/ROS/ros2_ws/install/my_robot_interfaces/share/my_robot_interfaces/package.bash'
[0.597s] INFO:colcon.colcon_core.shell:Creating package script '/home/nikhil/ROS/ros2_ws/install/my_robot_interfaces/share/my_robot_interfaces/package.zsh'
[0.597s] Level 1:colcon.colcon_core.environment:create_file_with_runtime_dependencies(/home/nikhil/ROS/ros2_ws/install/my_robot_interfaces/share/colcon-core/packages/my_robot_interfaces)
[0.696s] Level 1:colcon.colcon_core.environment:create_environment_scripts_only(my_robot_interfaces)
[0.696s] Level 1:colcon.colcon_core.environment:checking '/home/nikhil/ROS/ros2_ws/install/my_robot_interfaces' for CMake module files
[0.696s] Level 1:colcon.colcon_core.environment:checking '/home/nikhil/ROS/ros2_ws/install/my_robot_interfaces' for CMake config files
[0.697s] Level 1:colcon.colcon_core.shell:create_environment_hook('my_robot_interfaces', 'cmake_prefix_path')
[0.697s] INFO:colcon.colcon_core.shell:Creating environment hook '/home/nikhil/ROS/ros2_ws/install/my_robot_interfaces/share/my_robot_interfaces/hook/cmake_prefix_path.ps1'
[0.697s] INFO:colcon.colcon_core.shell:Creating environment descriptor '/home/nikhil/ROS/ros2_ws/install/my_robot_interfaces/share/my_robot_interfaces/hook/cmake_prefix_path.dsv'
[0.697s] INFO:colcon.colcon_core.shell:Creating environment hook '/home/nikhil/ROS/ros2_ws/install/my_robot_interfaces/share/my_robot_interfaces/hook/cmake_prefix_path.sh'
[0.698s] Level 1:colcon.colcon_core.environment:checking '/home/nikhil/ROS/ros2_ws/install/my_robot_interfaces/lib'
[0.698s] Level 1:colcon.colcon_core.shell:create_environment_hook('my_robot_interfaces', 'ld_library_path_lib')
[0.698s] INFO:colcon.colcon_core.shell:Creating environment hook '/home/nikhil/ROS/ros2_ws/install/my_robot_interfaces/share/my_robot_interfaces/hook/ld_library_path_lib.ps1'
[0.698s] INFO:colcon.colcon_core.shell:Creating environment descriptor '/home/nikhil/ROS/ros2_ws/install/my_robot_interfaces/share/my_robot_interfaces/hook/ld_library_path_lib.dsv'
[0.698s] INFO:colcon.colcon_core.shell:Creating environment hook '/home/nikhil/ROS/ros2_ws/install/my_robot_interfaces/share/my_robot_interfaces/hook/ld_library_path_lib.sh'
[0.698s] Level 1:colcon.colcon_core.environment:checking '/home/nikhil/ROS/ros2_ws/install/my_robot_interfaces/bin'
[0.698s] Level 1:colcon.colcon_core.environment:checking '/home/nikhil/ROS/ros2_ws/install/my_robot_interfaces/lib/pkgconfig/my_robot_interfaces.pc'
[0.699s] Level 1:colcon.colcon_core.environment:checking '/home/nikhil/ROS/ros2_ws/install/my_robot_interfaces/lib/python3.10/site-packages'
[0.699s] Level 1:colcon.colcon_core.environment:checking '/home/nikhil/ROS/ros2_ws/install/my_robot_interfaces/bin'
[0.699s] INFO:colcon.colcon_core.shell:Creating package script '/home/nikhil/ROS/ros2_ws/install/my_robot_interfaces/share/my_robot_interfaces/package.ps1'
[0.699s] INFO:colcon.colcon_core.shell:Creating package descriptor '/home/nikhil/ROS/ros2_ws/install/my_robot_interfaces/share/my_robot_interfaces/package.dsv'
[0.700s] INFO:colcon.colcon_core.shell:Creating package script '/home/nikhil/ROS/ros2_ws/install/my_robot_interfaces/share/my_robot_interfaces/package.sh'
[0.700s] INFO:colcon.colcon_core.shell:Creating package script '/home/nikhil/ROS/ros2_ws/install/my_robot_interfaces/share/my_robot_interfaces/package.bash'
[0.700s] INFO:colcon.colcon_core.shell:Creating package script '/home/nikhil/ROS/ros2_ws/install/my_robot_interfaces/share/my_robot_interfaces/package.zsh'
[0.700s] Level 1:colcon.colcon_core.environment:create_file_with_runtime_dependencies(/home/nikhil/ROS/ros2_ws/install/my_robot_interfaces/share/colcon-core/packages/my_robot_interfaces)
[0.701s] INFO:colcon.colcon_ros.task.ament_cmake.build:Building ROS package in '/home/nikhil/ROS/ros2_ws/src/cpp_pkg' with build type 'ament_cmake'
[0.701s] INFO:colcon.colcon_cmake.task.cmake.build:Building CMake package in '/home/nikhil/ROS/ros2_ws/src/cpp_pkg'
[0.701s] INFO:colcon.colcon_core.shell:Skip shell extension 'powershell' for command environment: Not usable outside of PowerShell
[0.701s] DEBUG:colcon.colcon_core.shell:Skip shell extension 'dsv' for command environment
[0.709s] DEBUG:colcon.colcon_core.event_handler.log_command:Invoking command in '/home/nikhil/ROS/ros2_ws/build/cpp_pkg': CMAKE_PREFIX_PATH=/home/nikhil/ROS/ros2_ws/install/my_robot_interfaces:/home/nikhil/ROS/ros2_ws/install/cpp_pkg:/home/nikhil/ROS/ros2_ws/install/course_activities:/opt/ros/humble:/home/nikhil/ROS/ros2_ws/install/py_pkg /usr/bin/cmake --build /home/nikhil/ROS/ros2_ws/build/cpp_pkg -- -j20 -l20
[0.784s] DEBUG:colcon.colcon_core.event_handler.log_command:Invoked command in '/home/nikhil/ROS/ros2_ws/build/cpp_pkg' returned '0': CMAKE_PREFIX_PATH=/home/nikhil/ROS/ros2_ws/install/my_robot_interfaces:/home/nikhil/ROS/ros2_ws/install/cpp_pkg:/home/nikhil/ROS/ros2_ws/install/course_activities:/opt/ros/humble:/home/nikhil/ROS/ros2_ws/install/py_pkg /usr/bin/cmake --build /home/nikhil/ROS/ros2_ws/build/cpp_pkg -- -j20 -l20
[0.822s] DEBUG:colcon.colcon_core.event_handler.log_command:Invoking command in '/home/nikhil/ROS/ros2_ws/build/cpp_pkg': CMAKE_PREFIX_PATH=/home/nikhil/ROS/ros2_ws/install/my_robot_interfaces:/home/nikhil/ROS/ros2_ws/install/cpp_pkg:/home/nikhil/ROS/ros2_ws/install/course_activities:/opt/ros/humble:/home/nikhil/ROS/ros2_ws/install/py_pkg /usr/bin/cmake --install /home/nikhil/ROS/ros2_ws/build/cpp_pkg
[0.829s] Level 1:colcon.colcon_core.environment:create_environment_scripts_only(cpp_pkg)
[0.829s] DEBUG:colcon.colcon_core.event_handler.log_command:Invoked command in '/home/nikhil/ROS/ros2_ws/build/cpp_pkg' returned '0': CMAKE_PREFIX_PATH=/home/nikhil/ROS/ros2_ws/install/my_robot_interfaces:/home/nikhil/ROS/ros2_ws/install/cpp_pkg:/home/nikhil/ROS/ros2_ws/install/course_activities:/opt/ros/humble:/home/nikhil/ROS/ros2_ws/install/py_pkg /usr/bin/cmake --install /home/nikhil/ROS/ros2_ws/build/cpp_pkg
[0.829s] Level 1:colcon.colcon_core.environment:checking '/home/nikhil/ROS/ros2_ws/install/cpp_pkg' for CMake module files
[0.829s] Level 1:colcon.colcon_core.environment:checking '/home/nikhil/ROS/ros2_ws/install/cpp_pkg' for CMake config files
[0.829s] Level 1:colcon.colcon_core.shell:create_environment_hook('cpp_pkg', 'cmake_prefix_path')
[0.830s] INFO:colcon.colcon_core.shell:Creating environment hook '/home/nikhil/ROS/ros2_ws/install/cpp_pkg/share/cpp_pkg/hook/cmake_prefix_path.ps1'
[0.830s] INFO:colcon.colcon_core.shell:Creating environment descriptor '/home/nikhil/ROS/ros2_ws/install/cpp_pkg/share/cpp_pkg/hook/cmake_prefix_path.dsv'
[0.830s] INFO:colcon.colcon_core.shell:Creating environment hook '/home/nikhil/ROS/ros2_ws/install/cpp_pkg/share/cpp_pkg/hook/cmake_prefix_path.sh'
[0.830s] Level 1:colcon.colcon_core.environment:checking '/home/nikhil/ROS/ros2_ws/install/cpp_pkg/lib'
[0.830s] Level 1:colcon.colcon_core.environment:checking '/home/nikhil/ROS/ros2_ws/install/cpp_pkg/bin'
[0.831s] Level 1:colcon.colcon_core.environment:checking '/home/nikhil/ROS/ros2_ws/install/cpp_pkg/lib/pkgconfig/cpp_pkg.pc'
[0.831s] Level 1:colcon.colcon_core.environment:checking '/home/nikhil/ROS/ros2_ws/install/cpp_pkg/lib/python3.10/site-packages'
[0.831s] Level 1:colcon.colcon_core.environment:checking '/home/nikhil/ROS/ros2_ws/install/cpp_pkg/bin'
[0.831s] INFO:colcon.colcon_core.shell:Creating package script '/home/nikhil/ROS/ros2_ws/install/cpp_pkg/share/cpp_pkg/package.ps1'
[0.831s] INFO:colcon.colcon_core.shell:Creating package descriptor '/home/nikhil/ROS/ros2_ws/install/cpp_pkg/share/cpp_pkg/package.dsv'
[0.832s] INFO:colcon.colcon_core.shell:Creating package script '/home/nikhil/ROS/ros2_ws/install/cpp_pkg/share/cpp_pkg/package.sh'
[0.832s] INFO:colcon.colcon_core.shell:Creating package script '/home/nikhil/ROS/ros2_ws/install/cpp_pkg/share/cpp_pkg/package.bash'
[0.832s] INFO:colcon.colcon_core.shell:Creating package script '/home/nikhil/ROS/ros2_ws/install/cpp_pkg/share/cpp_pkg/package.zsh'
[0.832s] Level 1:colcon.colcon_core.environment:create_file_with_runtime_dependencies(/home/nikhil/ROS/ros2_ws/install/cpp_pkg/share/colcon-core/packages/cpp_pkg)
[0.869s] Level 1:colcon.colcon_core.environment:create_environment_scripts_only(cpp_pkg)
[0.869s] Level 1:colcon.colcon_core.environment:checking '/home/nikhil/ROS/ros2_ws/install/cpp_pkg' for CMake module files
[0.870s] Level 1:colcon.colcon_core.environment:checking '/home/nikhil/ROS/ros2_ws/install/cpp_pkg' for CMake config files
[0.870s] Level 1:colcon.colcon_core.shell:create_environment_hook('cpp_pkg', 'cmake_prefix_path')
[0.870s] INFO:colcon.colcon_core.shell:Creating environment hook '/home/nikhil/ROS/ros2_ws/install/cpp_pkg/share/cpp_pkg/hook/cmake_prefix_path.ps1'
[0.870s] INFO:colcon.colcon_core.shell:Creating environment descriptor '/home/nikhil/ROS/ros2_ws/install/cpp_pkg/share/cpp_pkg/hook/cmake_prefix_path.dsv'
[0.870s] INFO:colcon.colcon_core.shell:Creating environment hook '/home/nikhil/ROS/ros2_ws/install/cpp_pkg/share/cpp_pkg/hook/cmake_prefix_path.sh'
[0.871s] Level 1:colcon.colcon_core.environment:checking '/home/nikhil/ROS/ros2_ws/install/cpp_pkg/lib'
[0.871s] Level 1:colcon.colcon_core.environment:checking '/home/nikhil/ROS/ros2_ws/install/cpp_pkg/bin'
[0.871s] Level 1:colcon.colcon_core.environment:checking '/home/nikhil/ROS/ros2_ws/install/cpp_pkg/lib/pkgconfig/cpp_pkg.pc'
[0.871s] Level 1:colcon.colcon_core.environment:checking '/home/nikhil/ROS/ros2_ws/install/cpp_pkg/lib/python3.10/site-packages'
[0.871s] Level 1:colcon.colcon_core.environment:checking '/home/nikhil/ROS/ros2_ws/install/cpp_pkg/bin'
[0.871s] INFO:colcon.colcon_core.shell:Creating package script '/home/nikhil/ROS/ros2_ws/install/cpp_pkg/share/cpp_pkg/package.ps1'
[0.871s] INFO:colcon.colcon_core.shell:Creating package descriptor '/home/nikhil/ROS/ros2_ws/install/cpp_pkg/share/cpp_pkg/package.dsv'
[0.871s] INFO:colcon.colcon_core.shell:Creating package script '/home/nikhil/ROS/ros2_ws/install/cpp_pkg/share/cpp_pkg/package.sh'
[0.872s] INFO:colcon.colcon_core.shell:Creating package script '/home/nikhil/ROS/ros2_ws/install/cpp_pkg/share/cpp_pkg/package.bash'
[0.872s] INFO:colcon.colcon_core.shell:Creating package script '/home/nikhil/ROS/ros2_ws/install/cpp_pkg/share/cpp_pkg/package.zsh'
[0.872s] Level 1:colcon.colcon_core.environment:create_file_with_runtime_dependencies(/home/nikhil/ROS/ros2_ws/install/cpp_pkg/share/colcon-core/packages/cpp_pkg)
[0.872s] DEBUG:colcon.colcon_parallel_executor.executor.parallel:closing loop
[0.872s] DEBUG:colcon.colcon_parallel_executor.executor.parallel:loop closed
[0.872s] DEBUG:colcon.colcon_parallel_executor.executor.parallel:run_until_complete finished with '0'
[0.872s] DEBUG:colcon.colcon_core.event_reactor:joining thread
[0.875s] INFO:colcon.colcon_core.plugin_system:Skipping extension 'colcon_notification.desktop_notification.terminal_notifier': Not used on non-Darwin systems
[0.875s] INFO:colcon.colcon_core.plugin_system:Skipping extension 'colcon_notification.desktop_notification.win32': Not used on non-Windows systems
[0.875s] INFO:colcon.colcon_notification.desktop_notification:Sending desktop notification using 'notify2'
[0.885s] DEBUG:colcon.colcon_core.event_reactor:joined thread
[0.885s] INFO:colcon.colcon_core.shell:Creating prefix script '/home/nikhil/ROS/ros2_ws/install/local_setup.ps1'
[0.886s] INFO:colcon.colcon_core.shell:Creating prefix util module '/home/nikhil/ROS/ros2_ws/install/_local_setup_util_ps1.py'
[0.887s] INFO:colcon.colcon_core.shell:Creating prefix chain script '/home/nikhil/ROS/ros2_ws/install/setup.ps1'
[0.887s] INFO:colcon.colcon_core.shell:Creating prefix script '/home/nikhil/ROS/ros2_ws/install/local_setup.sh'
[0.888s] INFO:colcon.colcon_core.shell:Creating prefix util module '/home/nikhil/ROS/ros2_ws/install/_local_setup_util_sh.py'
[0.888s] INFO:colcon.colcon_core.shell:Creating prefix chain script '/home/nikhil/ROS/ros2_ws/install/setup.sh'
[0.888s] INFO:colcon.colcon_core.shell:Creating prefix script '/home/nikhil/ROS/ros2_ws/install/local_setup.bash'
[0.889s] INFO:colcon.colcon_core.shell:Creating prefix chain script '/home/nikhil/ROS/ros2_ws/install/setup.bash'
[0.889s] INFO:colcon.colcon_core.shell:Creating prefix script '/home/nikhil/ROS/ros2_ws/install/local_setup.zsh'
[0.890s] INFO:colcon.colcon_core.shell:Creating prefix chain script '/home/nikhil/ROS/ros2_ws/install/setup.zsh'
