[0.010s] Invoking command in '/home/nikhil/Work/ROS/control_ws/build/diff_drive': CMAKE_PREFIX_PATH=${CMAKE_PREFIX_PATH}:/home/nikhil/Work/ROS/ros2_ws/install/py_pkg:/opt/ros/humble /usr/bin/cmake --build /home/nikhil/Work/ROS/control_ws/build/diff_drive -- -j20 -l20
[0.041s] [35m[1mConsolidate compiler generated dependencies of target diff_drive[0m
[0.056s] [ 50%] [32mBuilding CXX object CMakeFiles/diff_drive.dir/hardware/diffdrive_system.cpp.o[0m
[4.959s] [100%] [32m[1mLinking CXX shared library libdiff_drive.so[0m
[5.271s] [100%] Built target diff_drive
[5.278s] Invoked command in '/home/nikhil/Work/ROS/control_ws/build/diff_drive' returned '0': CMAKE_PREFIX_PATH=${CMAKE_PREFIX_PATH}:/home/nikhil/Work/ROS/ros2_ws/install/py_pkg:/opt/ros/humble /usr/bin/cmake --build /home/nikhil/Work/ROS/control_ws/build/diff_drive -- -j20 -l20
[5.278s] Invoking command in '/home/nikhil/Work/ROS/control_ws/build/diff_drive': CMAKE_PREFIX_PATH=${CMAKE_PREFIX_PATH}:/home/nikhil/Work/ROS/ros2_ws/install/py_pkg:/opt/ros/humble /usr/bin/cmake --install /home/nikhil/Work/ROS/control_ws/build/diff_drive
[5.285s] -- Install configuration: ""
[5.285s] -- Execute custom install script
[5.285s] -- Up-to-date symlink: /home/nikhil/Work/ROS/control_ws/install/diff_drive/share/diff_drive//diff_drive.xml
[5.286s] -- Up-to-date symlink: /home/nikhil/Work/ROS/control_ws/install/diff_drive/include/diff_drive/diff_drive/diffdrive_system.hpp
[5.286s] -- Up-to-date symlink: /home/nikhil/Work/ROS/control_ws/install/diff_drive/include/diff_drive/diff_drive/visibility_control.h
[5.286s] -- Up-to-date symlink: /home/nikhil/Work/ROS/control_ws/install/diff_drive/include/diff_drive/diff_drive/wheel.hpp
[5.286s] -- Up-to-date symlink: /home/nikhil/Work/ROS/control_ws/install/diff_drive/share/diff_drive/ros2_control/diff_drive.ros2_control.xacro
[5.286s] -- Up-to-date symlink: /home/nikhil/Work/ROS/control_ws/install/diff_drive/share/diff_drive/urdf/diff_drive.materials.xacro
[5.286s] -- Up-to-date symlink: /home/nikhil/Work/ROS/control_ws/install/diff_drive/share/diff_drive/urdf/diff_drive.urdf.xacro
[5.286s] -- Up-to-date symlink: /home/nikhil/Work/ROS/control_ws/install/diff_drive/share/diff_drive/urdf/diff_drive_description.urdf.xacro
[5.286s] -- Up-to-date symlink: /home/nikhil/Work/ROS/control_ws/install/diff_drive/share/diff_drive/rviz/diff_drive.rviz
[5.286s] -- Up-to-date symlink: /home/nikhil/Work/ROS/control_ws/install/diff_drive/share/diff_drive/rviz/diff_drive_view.rviz
[5.286s] -- Up-to-date symlink: /home/nikhil/Work/ROS/control_ws/install/diff_drive/share/diff_drive/launch/diff_drive.launch.py
[5.286s] -- Up-to-date symlink: /home/nikhil/Work/ROS/control_ws/install/diff_drive/share/diff_drive/config/diff_drive_controllers.yaml
[5.287s] -- Up-to-date symlink: /home/nikhil/Work/ROS/control_ws/install/diff_drive/share/diff_drive/environment/library_path.sh
[5.287s] -- Up-to-date symlink: /home/nikhil/Work/ROS/control_ws/install/diff_drive/share/diff_drive/environment/library_path.dsv
[5.287s] -- Up-to-date symlink: /home/nikhil/Work/ROS/control_ws/install/diff_drive/share/ament_index/resource_index/package_run_dependencies/diff_drive
[5.287s] -- Up-to-date symlink: /home/nikhil/Work/ROS/control_ws/install/diff_drive/share/ament_index/resource_index/parent_prefix_path/diff_drive
[5.287s] -- Up-to-date symlink: /home/nikhil/Work/ROS/control_ws/install/diff_drive/share/diff_drive/environment/ament_prefix_path.sh
[5.287s] -- Up-to-date symlink: /home/nikhil/Work/ROS/control_ws/install/diff_drive/share/diff_drive/environment/ament_prefix_path.dsv
[5.287s] -- Up-to-date symlink: /home/nikhil/Work/ROS/control_ws/install/diff_drive/share/diff_drive/environment/path.sh
[5.287s] -- Up-to-date symlink: /home/nikhil/Work/ROS/control_ws/install/diff_drive/share/diff_drive/environment/path.dsv
[5.287s] -- Up-to-date symlink: /home/nikhil/Work/ROS/control_ws/install/diff_drive/share/diff_drive/local_setup.bash
[5.287s] -- Up-to-date symlink: /home/nikhil/Work/ROS/control_ws/install/diff_drive/share/diff_drive/local_setup.sh
[5.287s] -- Up-to-date symlink: /home/nikhil/Work/ROS/control_ws/install/diff_drive/share/diff_drive/local_setup.zsh
[5.287s] -- Up-to-date symlink: /home/nikhil/Work/ROS/control_ws/install/diff_drive/share/diff_drive/local_setup.dsv
[5.287s] -- Symlinking: /home/nikhil/Work/ROS/control_ws/install/diff_drive/share/diff_drive/package.dsv
[5.294s] -- Up-to-date symlink: /home/nikhil/Work/ROS/control_ws/install/diff_drive/share/ament_index/resource_index/packages/diff_drive
[5.294s] -- Up-to-date symlink: /home/nikhil/Work/ROS/control_ws/install/diff_drive/share/ament_index/resource_index/hardware_interface__pluginlib__plugin/diff_drive
[5.294s] -- Up-to-date symlink: /home/nikhil/Work/ROS/control_ws/install/diff_drive/share/diff_drive/cmake/ament_cmake_export_targets-extras.cmake
[5.294s] -- Up-to-date symlink: /home/nikhil/Work/ROS/control_ws/install/diff_drive/share/diff_drive/cmake/ament_cmake_export_dependencies-extras.cmake
[5.294s] -- Up-to-date symlink: /home/nikhil/Work/ROS/control_ws/install/diff_drive/share/diff_drive/cmake/diff_driveConfig.cmake
[5.294s] -- Up-to-date symlink: /home/nikhil/Work/ROS/control_ws/install/diff_drive/share/diff_drive/cmake/diff_driveConfig-version.cmake
[5.294s] -- Up-to-date symlink: /home/nikhil/Work/ROS/control_ws/install/diff_drive/share/diff_drive/package.xml
[5.294s] -- Installing: /home/nikhil/Work/ROS/control_ws/install/diff_drive/lib/libdiff_drive.so
[5.299s] -- Set runtime path of "/home/nikhil/Work/ROS/control_ws/install/diff_drive/lib/libdiff_drive.so" to ""
[5.299s] -- Up-to-date: /home/nikhil/Work/ROS/control_ws/install/diff_drive/share/diff_drive/cmake/export_diff_driveExport.cmake
[5.299s] -- Up-to-date: /home/nikhil/Work/ROS/control_ws/install/diff_drive/share/diff_drive/cmake/export_diff_driveExport-noconfig.cmake
[5.300s] Invoked command in '/home/nikhil/Work/ROS/control_ws/build/diff_drive' returned '0': CMAKE_PREFIX_PATH=${CMAKE_PREFIX_PATH}:/home/nikhil/Work/ROS/ros2_ws/install/py_pkg:/opt/ros/humble /usr/bin/cmake --install /home/nikhil/Work/ROS/control_ws/build/diff_drive
