[0.009s] Invoking command in '/home/nikhil/Work/ROS/control_ws/build/diff_drive': CMAKE_PREFIX_PATH=${CMAKE_PREFIX_PATH}:/home/nikhil/Work/ROS/ros2_ws/install/py_pkg:/opt/ros/humble /usr/bin/cmake --build /home/nikhil/Work/ROS/control_ws/build/diff_drive -- -j20 -l20
[0.027s] -- Found ament_cmake: 1.3.11 (/opt/ros/humble/share/ament_cmake/cmake)
[0.108s] -- Found hardware_interface: 2.48.0 (/opt/ros/humble/share/hardware_interface/cmake)
[0.123s] -- Found rosidl_generator_c: 3.1.6 (/opt/ros/humble/share/rosidl_generator_c/cmake)
[0.125s] -- Found rosidl_adapter: 3.1.6 (/opt/ros/humble/share/rosidl_adapter/cmake)
[0.128s] -- Found rosidl_generator_cpp: 3.1.6 (/opt/ros/humble/share/rosidl_generator_cpp/cmake)
[0.133s] -- Using all available rosidl_typesupport_c: rosidl_typesupport_fastrtps_c;rosidl_typesupport_introspection_c
[0.139s] -- Using all available rosidl_typesupport_cpp: rosidl_typesupport_fastrtps_cpp;rosidl_typesupport_introspection_cpp
[0.227s] -- Found rmw_implementation_cmake: 6.1.2 (/opt/ros/humble/share/rmw_implementation_cmake/cmake)
[0.228s] -- Found rmw_cyclonedds_cpp: 1.3.4 (/opt/ros/humble/share/rmw_cyclonedds_cpp/cmake)
[0.237s] -- Using RMW implementation 'rmw_cyclonedds_cpp' as default
[0.261s] -- Found micro_ros_agent: 3.0.6 (/home/nikhil/Work/ROS/microRos_ws/install/micro_ros_agent/share/micro_ros_agent/cmake)
[0.262s] -- Found TinyXML2 via Config file: TinyXML2_DIR-NOTFOUND
[0.283s] -- Found ament_cmake_gtest: 1.3.11 (/opt/ros/humble/share/ament_cmake_gtest/cmake)
[0.326s] -- Configuring done
[0.361s] -- Generating done
[0.364s] -- Build files have been written to: /home/nikhil/Work/ROS/control_ws/build/diff_drive
[0.391s] [ 50%] [32mBuilding CXX object CMakeFiles/diff_drive.dir/hardware/diffdrive_system.cpp.o[0m
[0.463s] In file included from [01m[K/home/nikhil/Work/ROS/control_ws/src/diff_drive/hardware/diffdrive_system.cpp:1[m[K:
[0.463s] [01m[K/home/nikhil/Work/ROS/control_ws/src/diff_drive/hardware/include/diff_drive/diffdrive_system.hpp:10:10:[m[K [01;31m[Kfatal error: [m[Krclcpp.hpp: No such file or directory
[0.463s]    10 | #include [01;31m[K"rclcpp.hpp"[m[K
[0.463s]       |          [01;31m[K^~~~~~~~~~~~[m[K
[0.463s] compilation terminated.
[0.464s] gmake[2]: *** [CMakeFiles/diff_drive.dir/build.make:76: CMakeFiles/diff_drive.dir/hardware/diffdrive_system.cpp.o] Error 1
[0.464s] gmake[1]: *** [CMakeFiles/Makefile2:137: CMakeFiles/diff_drive.dir/all] Error 2
[0.464s] gmake: *** [Makefile:146: all] Error 2
[0.466s] Invoked command in '/home/nikhil/Work/ROS/control_ws/build/diff_drive' returned '2': CMAKE_PREFIX_PATH=${CMAKE_PREFIX_PATH}:/home/nikhil/Work/ROS/ros2_ws/install/py_pkg:/opt/ros/humble /usr/bin/cmake --build /home/nikhil/Work/ROS/control_ws/build/diff_drive -- -j20 -l20
