[0.008s] Invoking command in '/home/nikhil/ROS/ros2_ws/build/course_activities': CMAKE_PREFIX_PATH=/home/nikhil/ROS/ros2_ws/install/my_robot_interfaces:/home/nikhil/ROS/ros2_ws/install/my_robot_bringup:/home/nikhil/ROS/ros2_ws/install/cpp_pkg:/home/nikhil/ROS/ros2_ws/install/course_activities:/home/nikhil/ROS/ros2_ws/install/py_pkg:/opt/ros/humble /usr/bin/cmake --build /home/nikhil/ROS/ros2_ws/build/course_activities -- -j20 -l20
[0.044s] [35m[1mConsolidate compiler generated dependencies of target controller[0m
[0.052s] [ 14%] Built target number_publisher
[0.052s] [ 28%] Built target number_counter
[0.053s] [ 42%] Built target reset_counter_client
[0.053s] [ 50%] [32mBuilding CXX object CMakeFiles/new_turtle.dir/src/new_turtle.cpp.o[0m
[0.054s] [ 64%] Built target led_panel
[0.054s] [ 78%] Built target battery_status
[0.056s] [ 92%] Built target controller
[2.560s] [100%] [32m[1mLinking CXX executable new_turtle[0m
[2.691s] [100%] Built target new_turtle
[2.702s] Invoked command in '/home/nikhil/ROS/ros2_ws/build/course_activities' returned '0': CMAKE_PREFIX_PATH=/home/nikhil/ROS/ros2_ws/install/my_robot_interfaces:/home/nikhil/ROS/ros2_ws/install/my_robot_bringup:/home/nikhil/ROS/ros2_ws/install/cpp_pkg:/home/nikhil/ROS/ros2_ws/install/course_activities:/home/nikhil/ROS/ros2_ws/install/py_pkg:/opt/ros/humble /usr/bin/cmake --build /home/nikhil/ROS/ros2_ws/build/course_activities -- -j20 -l20
[2.745s] Invoking command in '/home/nikhil/ROS/ros2_ws/build/course_activities': CMAKE_PREFIX_PATH=/home/nikhil/ROS/ros2_ws/install/my_robot_interfaces:/home/nikhil/ROS/ros2_ws/install/my_robot_bringup:/home/nikhil/ROS/ros2_ws/install/cpp_pkg:/home/nikhil/ROS/ros2_ws/install/course_activities:/home/nikhil/ROS/ros2_ws/install/py_pkg:/opt/ros/humble /usr/bin/cmake --install /home/nikhil/ROS/ros2_ws/build/course_activities
[2.749s] -- Install configuration: ""
[2.749s] -- Up-to-date: /home/nikhil/ROS/ros2_ws/install/course_activities/lib/course_activities/number_publisher
[2.749s] -- Up-to-date: /home/nikhil/ROS/ros2_ws/install/course_activities/lib/course_activities/number_counter
[2.749s] -- Up-to-date: /home/nikhil/ROS/ros2_ws/install/course_activities/lib/course_activities/reset_counter_client
[2.749s] -- Up-to-date: /home/nikhil/ROS/ros2_ws/install/course_activities/lib/course_activities/battery_status
[2.749s] -- Up-to-date: /home/nikhil/ROS/ros2_ws/install/course_activities/lib/course_activities/led_panel
[2.749s] -- Installing: /home/nikhil/ROS/ros2_ws/install/course_activities/lib/course_activities/new_turtle
[2.750s] -- Set runtime path of "/home/nikhil/ROS/ros2_ws/install/course_activities/lib/course_activities/new_turtle" to ""
[2.750s] -- Up-to-date: /home/nikhil/ROS/ros2_ws/install/course_activities/lib/course_activities/controller
[2.750s] -- Up-to-date: /home/nikhil/ROS/ros2_ws/install/course_activities/share/ament_index/resource_index/package_run_dependencies/course_activities
[2.750s] -- Up-to-date: /home/nikhil/ROS/ros2_ws/install/course_activities/share/ament_index/resource_index/parent_prefix_path/course_activities
[2.750s] -- Up-to-date: /home/nikhil/ROS/ros2_ws/install/course_activities/share/course_activities/environment/ament_prefix_path.sh
[2.750s] -- Up-to-date: /home/nikhil/ROS/ros2_ws/install/course_activities/share/course_activities/environment/ament_prefix_path.dsv
[2.750s] -- Up-to-date: /home/nikhil/ROS/ros2_ws/install/course_activities/share/course_activities/environment/path.sh
[2.750s] -- Up-to-date: /home/nikhil/ROS/ros2_ws/install/course_activities/share/course_activities/environment/path.dsv
[2.750s] -- Up-to-date: /home/nikhil/ROS/ros2_ws/install/course_activities/share/course_activities/local_setup.bash
[2.750s] -- Up-to-date: /home/nikhil/ROS/ros2_ws/install/course_activities/share/course_activities/local_setup.sh
[2.750s] -- Up-to-date: /home/nikhil/ROS/ros2_ws/install/course_activities/share/course_activities/local_setup.zsh
[2.751s] -- Up-to-date: /home/nikhil/ROS/ros2_ws/install/course_activities/share/course_activities/local_setup.dsv
[2.751s] -- Installing: /home/nikhil/ROS/ros2_ws/install/course_activities/share/course_activities/package.dsv
[2.751s] -- Up-to-date: /home/nikhil/ROS/ros2_ws/install/course_activities/share/ament_index/resource_index/packages/course_activities
[2.751s] -- Up-to-date: /home/nikhil/ROS/ros2_ws/install/course_activities/share/course_activities/cmake/course_activitiesConfig.cmake
[2.751s] -- Up-to-date: /home/nikhil/ROS/ros2_ws/install/course_activities/share/course_activities/cmake/course_activitiesConfig-version.cmake
[2.751s] -- Up-to-date: /home/nikhil/ROS/ros2_ws/install/course_activities/share/course_activities/package.xml
[2.752s] Invoked command in '/home/nikhil/ROS/ros2_ws/build/course_activities' returned '0': CMAKE_PREFIX_PATH=/home/nikhil/ROS/ros2_ws/install/my_robot_interfaces:/home/nikhil/ROS/ros2_ws/install/my_robot_bringup:/home/nikhil/ROS/ros2_ws/install/cpp_pkg:/home/nikhil/ROS/ros2_ws/install/course_activities:/home/nikhil/ROS/ros2_ws/install/py_pkg:/opt/ros/humble /usr/bin/cmake --install /home/nikhil/ROS/ros2_ws/build/course_activities
