[35m[1mConsolidate compiler generated dependencies of target gmock_main[0m
[35m[1mConsolidate compiler generated dependencies of target gmock[0m
[ 13%] Built target diff_drive_controller_parameters
[ 26%] Built target gmock_main
[ 46%] Built target gmock
[35m[1mConsolidate compiler generated dependencies of target diff_drive_controller[0m
[35m[1mConsolidate compiler generated dependencies of target test_load_diff_drive_controller[0m
[ 73%] Built target diff_drive_controller
[ 86%] Built target test_load_diff_drive_controller
[35m[1mConsolidate compiler generated dependencies of target test_diff_drive_controller[0m
[100%] Built target test_diff_drive_controller
-- Install configuration: ""
-- Up-to-date: /home/nikhil/Work/ROS/controller_ws/install/diff_drive_controller/include/diff_drive_controller
-- Up-to-date: /home/nikhil/Work/ROS/controller_ws/install/diff_drive_controller/include/diff_drive_controller/diff_drive_controller_parameters.hpp
-- Installing: /home/nikhil/Work/ROS/controller_ws/install/diff_drive_controller/share/diff_drive_controller/diff_drive_plugin.xml
-- Up-to-date: /home/nikhil/Work/ROS/controller_ws/install/diff_drive_controller/include/diff_drive_controller
-- Installing: /home/nikhil/Work/ROS/controller_ws/install/diff_drive_controller/include/diff_drive_controller/diff_drive_controller
-- Installing: /home/nikhil/Work/ROS/controller_ws/install/diff_drive_controller/include/diff_drive_controller/diff_drive_controller/diff_drive_controller.hpp
-- Installing: /home/nikhil/Work/ROS/controller_ws/install/diff_drive_controller/include/diff_drive_controller/diff_drive_controller/odometry.hpp
-- Installing: /home/nikhil/Work/ROS/controller_ws/install/diff_drive_controller/include/diff_drive_controller/diff_drive_controller/speed_limiter.hpp
-- Installing: /home/nikhil/Work/ROS/controller_ws/install/diff_drive_controller/include/diff_drive_controller/diff_drive_controller/visibility_control.h
-- Installing: /home/nikhil/Work/ROS/controller_ws/install/diff_drive_controller/lib/libdiff_drive_controller.so
-- Set runtime path of "/home/nikhil/Work/ROS/controller_ws/install/diff_drive_controller/lib/libdiff_drive_controller.so" to ""
-- Installing: /home/nikhil/Work/ROS/controller_ws/install/diff_drive_controller/share/diff_drive_controller/environment/library_path.sh
-- Installing: /home/nikhil/Work/ROS/controller_ws/install/diff_drive_controller/share/diff_drive_controller/environment/library_path.dsv
-- Installing: /home/nikhil/Work/ROS/controller_ws/install/diff_drive_controller/share/ament_index/resource_index/package_run_dependencies/diff_drive_controller
-- Installing: /home/nikhil/Work/ROS/controller_ws/install/diff_drive_controller/share/ament_index/resource_index/parent_prefix_path/diff_drive_controller
-- Installing: /home/nikhil/Work/ROS/controller_ws/install/diff_drive_controller/share/diff_drive_controller/environment/ament_prefix_path.sh
-- Installing: /home/nikhil/Work/ROS/controller_ws/install/diff_drive_controller/share/diff_drive_controller/environment/ament_prefix_path.dsv
-- Installing: /home/nikhil/Work/ROS/controller_ws/install/diff_drive_controller/share/diff_drive_controller/environment/path.sh
-- Installing: /home/nikhil/Work/ROS/controller_ws/install/diff_drive_controller/share/diff_drive_controller/environment/path.dsv
-- Installing: /home/nikhil/Work/ROS/controller_ws/install/diff_drive_controller/share/diff_drive_controller/local_setup.bash
-- Installing: /home/nikhil/Work/ROS/controller_ws/install/diff_drive_controller/share/diff_drive_controller/local_setup.sh
-- Installing: /home/nikhil/Work/ROS/controller_ws/install/diff_drive_controller/share/diff_drive_controller/local_setup.zsh
-- Installing: /home/nikhil/Work/ROS/controller_ws/install/diff_drive_controller/share/diff_drive_controller/local_setup.dsv
-- Installing: /home/nikhil/Work/ROS/controller_ws/install/diff_drive_controller/share/diff_drive_controller/package.dsv
-- Installing: /home/nikhil/Work/ROS/controller_ws/install/diff_drive_controller/share/ament_index/resource_index/packages/diff_drive_controller
-- Installing: /home/nikhil/Work/ROS/controller_ws/install/diff_drive_controller/share/ament_index/resource_index/controller_interface__pluginlib__plugin/diff_drive_controller
-- Installing: /home/nikhil/Work/ROS/controller_ws/install/diff_drive_controller/share/diff_drive_controller/cmake/export_diff_drive_controllerExport.cmake
-- Installing: /home/nikhil/Work/ROS/controller_ws/install/diff_drive_controller/share/diff_drive_controller/cmake/export_diff_drive_controllerExport-noconfig.cmake
-- Installing: /home/nikhil/Work/ROS/controller_ws/install/diff_drive_controller/share/diff_drive_controller/cmake/ament_cmake_export_dependencies-extras.cmake
-- Installing: /home/nikhil/Work/ROS/controller_ws/install/diff_drive_controller/share/diff_drive_controller/cmake/ament_cmake_export_targets-extras.cmake
-- Installing: /home/nikhil/Work/ROS/controller_ws/install/diff_drive_controller/share/diff_drive_controller/cmake/diff_drive_controllerConfig.cmake
-- Installing: /home/nikhil/Work/ROS/controller_ws/install/diff_drive_controller/share/diff_drive_controller/cmake/diff_drive_controllerConfig-version.cmake
-- Installing: /home/nikhil/Work/ROS/controller_ws/install/diff_drive_controller/share/diff_drive_controller/package.xml
