[0.008s] Invoking command in '/home/nikhil/ROS/ros2_ws/build/course_activities': CMAKE_PREFIX_PATH=/home/nikhil/ROS/ros2_ws/install/my_robot_interfaces:/home/nikhil/ROS/ros2_ws/install/cpp_pkg:/home/nikhil/ROS/ros2_ws/install/course_activities:/home/nikhil/ROS/ros2_ws/install/py_pkg:/opt/ros/humble /usr/bin/cmake --build /home/nikhil/ROS/ros2_ws/build/course_activities -- -j20 -l20
[0.045s] [ 10%] [32mBuilding CXX object CMakeFiles/led_panel.dir/src/led_panel.cpp.o[0m
[0.045s] [ 40%] Built target number_counter
[0.045s] [ 50%] Built target battery_status
[0.048s] [ 90%] Built target reset_counter_client
[0.048s] [ 90%] Built target number_publisher
[1.748s] [100%] [32m[1mLinking CXX executable led_panel[0m
[1.834s] [100%] Built target led_panel
[1.846s] Invoked command in '/home/nikhil/ROS/ros2_ws/build/course_activities' returned '0': CMAKE_PREFIX_PATH=/home/nikhil/ROS/ros2_ws/install/my_robot_interfaces:/home/nikhil/ROS/ros2_ws/install/cpp_pkg:/home/nikhil/ROS/ros2_ws/install/course_activities:/home/nikhil/ROS/ros2_ws/install/py_pkg:/opt/ros/humble /usr/bin/cmake --build /home/nikhil/ROS/ros2_ws/build/course_activities -- -j20 -l20
[1.877s] Invoking command in '/home/nikhil/ROS/ros2_ws/build/course_activities': CMAKE_PREFIX_PATH=/home/nikhil/ROS/ros2_ws/install/my_robot_interfaces:/home/nikhil/ROS/ros2_ws/install/cpp_pkg:/home/nikhil/ROS/ros2_ws/install/course_activities:/home/nikhil/ROS/ros2_ws/install/py_pkg:/opt/ros/humble /usr/bin/cmake --install /home/nikhil/ROS/ros2_ws/build/course_activities
[1.881s] -- Install configuration: ""
[1.881s] -- Up-to-date: /home/nikhil/ROS/ros2_ws/install/course_activities/lib/course_activities/number_publisher
[1.881s] -- Up-to-date: /home/nikhil/ROS/ros2_ws/install/course_activities/lib/course_activities/number_counter
[1.881s] -- Up-to-date: /home/nikhil/ROS/ros2_ws/install/course_activities/lib/course_activities/reset_counter_client
[1.881s] -- Up-to-date: /home/nikhil/ROS/ros2_ws/install/course_activities/lib/course_activities/battery_status
[1.881s] -- Installing: /home/nikhil/ROS/ros2_ws/install/course_activities/lib/course_activities/led_panel
[1.882s] -- Set runtime path of "/home/nikhil/ROS/ros2_ws/install/course_activities/lib/course_activities/led_panel" to ""
[1.882s] -- Up-to-date: /home/nikhil/ROS/ros2_ws/install/course_activities/share/ament_index/resource_index/package_run_dependencies/course_activities
[1.882s] -- Up-to-date: /home/nikhil/ROS/ros2_ws/install/course_activities/share/ament_index/resource_index/parent_prefix_path/course_activities
[1.882s] -- Up-to-date: /home/nikhil/ROS/ros2_ws/install/course_activities/share/course_activities/environment/ament_prefix_path.sh
[1.882s] -- Up-to-date: /home/nikhil/ROS/ros2_ws/install/course_activities/share/course_activities/environment/ament_prefix_path.dsv
[1.882s] -- Up-to-date: /home/nikhil/ROS/ros2_ws/install/course_activities/share/course_activities/environment/path.sh
[1.882s] -- Up-to-date: /home/nikhil/ROS/ros2_ws/install/course_activities/share/course_activities/environment/path.dsv
[1.882s] -- Up-to-date: /home/nikhil/ROS/ros2_ws/install/course_activities/share/course_activities/local_setup.bash
[1.882s] -- Up-to-date: /home/nikhil/ROS/ros2_ws/install/course_activities/share/course_activities/local_setup.sh
[1.882s] -- Up-to-date: /home/nikhil/ROS/ros2_ws/install/course_activities/share/course_activities/local_setup.zsh
[1.882s] -- Up-to-date: /home/nikhil/ROS/ros2_ws/install/course_activities/share/course_activities/local_setup.dsv
[1.882s] -- Installing: /home/nikhil/ROS/ros2_ws/install/course_activities/share/course_activities/package.dsv
[1.882s] -- Up-to-date: /home/nikhil/ROS/ros2_ws/install/course_activities/share/ament_index/resource_index/packages/course_activities
[1.882s] -- Up-to-date: /home/nikhil/ROS/ros2_ws/install/course_activities/share/course_activities/cmake/course_activitiesConfig.cmake
[1.882s] -- Up-to-date: /home/nikhil/ROS/ros2_ws/install/course_activities/share/course_activities/cmake/course_activitiesConfig-version.cmake
[1.882s] -- Up-to-date: /home/nikhil/ROS/ros2_ws/install/course_activities/share/course_activities/package.xml
[1.883s] Invoked command in '/home/nikhil/ROS/ros2_ws/build/course_activities' returned '0': CMAKE_PREFIX_PATH=/home/nikhil/ROS/ros2_ws/install/my_robot_interfaces:/home/nikhil/ROS/ros2_ws/install/cpp_pkg:/home/nikhil/ROS/ros2_ws/install/course_activities:/home/nikhil/ROS/ros2_ws/install/py_pkg:/opt/ros/humble /usr/bin/cmake --install /home/nikhil/ROS/ros2_ws/build/course_activities
