-- Found ament_cmake: 1.3.11 (/opt/ros/humble/share/ament_cmake/cmake)
-- Found hardware_interface: 2.48.0 (/opt/ros/humble/share/hardware_interface/cmake)
-- Found rosidl_generator_c: 3.1.6 (/opt/ros/humble/share/rosidl_generator_c/cmake)
-- Found rosidl_adapter: 3.1.6 (/opt/ros/humble/share/rosidl_adapter/cmake)
-- Found rosidl_generator_cpp: 3.1.6 (/opt/ros/humble/share/rosidl_generator_cpp/cmake)
-- Using all available rosidl_typesupport_c: rosidl_typesupport_fastrtps_c;rosidl_typesupport_introspection_c
-- Using all available rosidl_typesupport_cpp: rosidl_typesupport_fastrtps_cpp;rosidl_typesupport_introspection_cpp
-- Found rmw_implementation_cmake: 6.1.2 (/opt/ros/humble/share/rmw_implementation_cmake/cmake)
-- Found rmw_cyclonedds_cpp: 1.3.4 (/opt/ros/humble/share/rmw_cyclonedds_cpp/cmake)
-- Using RMW implementation 'rmw_cyclonedds_cpp' as default
-- Found micro_ros_agent: 3.0.6 (/home/nikhil/Work/ROS/microRos_ws/install/micro_ros_agent/share/micro_ros_agent/cmake)
-- Found TinyXML2 via Config file: TinyXML2_DIR-NOTFOUND
-- Found OpenSSL: /usr/lib/x86_64-linux-gnu/libcrypto.so (found version "3.0.2")  
-- Configuring incomplete, errors occurred!
See also "/home/nikhil/Work/ROS/control_ws/build/diff_drive/CMakeFiles/CMakeOutput.log".
[31mCMake Error at CMakeLists.txt:22 (find_package):
  By not providing "Findmicro_ros_transport.cmake" in CMAKE_MODULE_PATH this
  project has asked CMake to find a package configuration file provided by
  "micro_ros_transport", but CMake did not find one.

  Could not find a package configuration file provided by
  "micro_ros_transport" with any of the following names:

    micro_ros_transportConfig.cmake
    micro_ros_transport-config.cmake

  Add the installation prefix of "micro_ros_transport" to CMAKE_PREFIX_PATH
  or set "micro_ros_transport_DIR" to a directory containing one of the above
  files.  If "micro_ros_transport" provides a separate development package or
  SDK, be sure it has been installed.

[0m
gmake: *** [Makefile:226: cmake_check_build_system] Error 1
