[0.011s] Invoking command in '/home/nikhil/Work/ROS/control_ws/build/diff_drive': CMAKE_PREFIX_PATH=${CMAKE_PREFIX_PATH}:/home/nikhil/Work/ROS/ros2_ws/install/py_pkg:/opt/ros/humble /usr/bin/cmake --build /home/nikhil/Work/ROS/control_ws/build/diff_drive -- -j20 -l20
[0.047s] -- Found ament_cmake: 1.3.11 (/opt/ros/humble/share/ament_cmake/cmake)
[0.147s] -- Found hardware_interface: 2.48.0 (/opt/ros/humble/share/hardware_interface/cmake)
[0.168s] -- Found rosidl_generator_c: 3.1.6 (/opt/ros/humble/share/rosidl_generator_c/cmake)
[0.170s] -- Found rosidl_adapter: 3.1.6 (/opt/ros/humble/share/rosidl_adapter/cmake)
[0.175s] -- Found rosidl_generator_cpp: 3.1.6 (/opt/ros/humble/share/rosidl_generator_cpp/cmake)
[0.182s] -- Using all available rosidl_typesupport_c: rosidl_typesupport_fastrtps_c;rosidl_typesupport_introspection_c
[0.192s] -- Using all available rosidl_typesupport_cpp: rosidl_typesupport_fastrtps_cpp;rosidl_typesupport_introspection_cpp
[0.309s] -- Found rmw_implementation_cmake: 6.1.2 (/opt/ros/humble/share/rmw_implementation_cmake/cmake)
[0.311s] -- Found rmw_cyclonedds_cpp: 1.3.4 (/opt/ros/humble/share/rmw_cyclonedds_cpp/cmake)
[0.325s] -- Using RMW implementation 'rmw_cyclonedds_cpp' as default
[0.356s] -- Found micro_ros_agent: 3.0.6 (/home/nikhil/Work/ROS/microRos_ws/install/micro_ros_agent/share/micro_ros_agent/cmake)
[0.361s] -- Found TinyXML2 via Config file: TinyXML2_DIR-NOTFOUND
[0.422s] -- Found OpenSSL: /usr/lib/x86_64-linux-gnu/libcrypto.so (found version "3.0.2")  
[0.437s] -- Configuring incomplete, errors occurred!
[0.437s] See also "/home/nikhil/Work/ROS/control_ws/build/diff_drive/CMakeFiles/CMakeOutput.log".
[0.437s] [31mCMake Error at CMakeLists.txt:22 (find_package):
[0.437s]   By not providing "Findmicro_ros_transport.cmake" in CMAKE_MODULE_PATH this
[0.437s]   project has asked CMake to find a package configuration file provided by
[0.437s]   "micro_ros_transport", but CMake did not find one.
[0.437s] 
[0.437s]   Could not find a package configuration file provided by
[0.437s]   "micro_ros_transport" with any of the following names:
[0.437s] 
[0.437s]     micro_ros_transportConfig.cmake
[0.437s]     micro_ros_transport-config.cmake
[0.437s] 
[0.437s]   Add the installation prefix of "micro_ros_transport" to CMAKE_PREFIX_PATH
[0.437s]   or set "micro_ros_transport_DIR" to a directory containing one of the above
[0.437s]   files.  If "micro_ros_transport" provides a separate development package or
[0.437s]   SDK, be sure it has been installed.
[0.437s] 
[0.437s] [0m
[0.441s] gmake: *** [Makefile:226: cmake_check_build_system] Error 1
[0.442s] Invoked command in '/home/nikhil/Work/ROS/control_ws/build/diff_drive' returned '2': CMAKE_PREFIX_PATH=${CMAKE_PREFIX_PATH}:/home/nikhil/Work/ROS/ros2_ws/install/py_pkg:/opt/ros/humble /usr/bin/cmake --build /home/nikhil/Work/ROS/control_ws/build/diff_drive -- -j20 -l20
