[35m[1mConsolidate compiler generated dependencies of target led_panel[0m
[ 10%] [32mBuilding CXX object CMakeFiles/led_panel.dir/src/led_panel.cpp.o[0m
[ 30%] Built target number_publisher
[ 50%] Built target number_counter
[ 70%] Built target reset_counter_client
[ 80%] [32mBuilding CXX object CMakeFiles/battery_status.dir/src/battery_status.cpp.o[0m
[ 90%] [32m[1mLinking CXX executable battery_status[0m
[ 90%] Built target battery_status
[100%] [32m[1mLinking CXX executable led_panel[0m
[100%] Built target led_panel
-- Install configuration: ""
-- Up-to-date: /home/nikhil/ROS/ros2_ws/install/course_activities/lib/course_activities/number_publisher
-- Up-to-date: /home/nikhil/ROS/ros2_ws/install/course_activities/lib/course_activities/number_counter
-- Up-to-date: /home/nikhil/ROS/ros2_ws/install/course_activities/lib/course_activities/reset_counter_client
-- Installing: /home/nikhil/ROS/ros2_ws/install/course_activities/lib/course_activities/battery_status
-- Set runtime path of "/home/nikhil/ROS/ros2_ws/install/course_activities/lib/course_activities/battery_status" to ""
-- Installing: /home/nikhil/ROS/ros2_ws/install/course_activities/lib/course_activities/led_panel
-- Set runtime path of "/home/nikhil/ROS/ros2_ws/install/course_activities/lib/course_activities/led_panel" to ""
-- Up-to-date: /home/nikhil/ROS/ros2_ws/install/course_activities/share/ament_index/resource_index/package_run_dependencies/course_activities
-- Up-to-date: /home/nikhil/ROS/ros2_ws/install/course_activities/share/ament_index/resource_index/parent_prefix_path/course_activities
-- Up-to-date: /home/nikhil/ROS/ros2_ws/install/course_activities/share/course_activities/environment/ament_prefix_path.sh
-- Up-to-date: /home/nikhil/ROS/ros2_ws/install/course_activities/share/course_activities/environment/ament_prefix_path.dsv
-- Up-to-date: /home/nikhil/ROS/ros2_ws/install/course_activities/share/course_activities/environment/path.sh
-- Up-to-date: /home/nikhil/ROS/ros2_ws/install/course_activities/share/course_activities/environment/path.dsv
-- Up-to-date: /home/nikhil/ROS/ros2_ws/install/course_activities/share/course_activities/local_setup.bash
-- Up-to-date: /home/nikhil/ROS/ros2_ws/install/course_activities/share/course_activities/local_setup.sh
-- Up-to-date: /home/nikhil/ROS/ros2_ws/install/course_activities/share/course_activities/local_setup.zsh
-- Up-to-date: /home/nikhil/ROS/ros2_ws/install/course_activities/share/course_activities/local_setup.dsv
-- Installing: /home/nikhil/ROS/ros2_ws/install/course_activities/share/course_activities/package.dsv
-- Up-to-date: /home/nikhil/ROS/ros2_ws/install/course_activities/share/ament_index/resource_index/packages/course_activities
-- Up-to-date: /home/nikhil/ROS/ros2_ws/install/course_activities/share/course_activities/cmake/course_activitiesConfig.cmake
-- Up-to-date: /home/nikhil/ROS/ros2_ws/install/course_activities/share/course_activities/cmake/course_activitiesConfig-version.cmake
-- Up-to-date: /home/nikhil/ROS/ros2_ws/install/course_activities/share/course_activities/package.xml
