[0.019s] Invoking command in '/home/nikhil/Work/ROS/build/my_robot_interfaces': CMAKE_PREFIX_PATH=${CMAKE_PREFIX_PATH}:/home/nikhil/Work/ROS/ros2_ws/install/py_pkg:/opt/ros/humble /usr/bin/cmake /home/nikhil/Work/ROS/ros2_ws/src/my_robot_interfaces -DCMAKE_INSTALL_PREFIX=/home/nikhil/Work/ROS/install/my_robot_interfaces
[0.183s] -- The C compiler identification is GNU 11.4.0
[0.184s] -- The CXX compiler identification is GNU 11.4.0
[0.184s] -- Detecting C compiler ABI info
[0.185s] -- Detecting C compiler ABI info - done
[0.185s] -- Check for working C compiler: /usr/bin/cc - skipped
[0.185s] -- Detecting C compile features
[0.185s] -- Detecting C compile features - done
[0.185s] -- Detecting CXX compiler ABI info
[0.212s] -- Detecting CXX compiler ABI info - done
[0.217s] -- Check for working CXX compiler: /usr/bin/c++ - skipped
[0.218s] -- Detecting CXX compile features
[0.218s] -- Detecting CXX compile features - done
[0.220s] -- Found ament_cmake: 1.3.11 (/opt/ros/humble/share/ament_cmake/cmake)
[0.322s] -- Found Python3: /usr/bin/python3 (found version "3.10.12") found components: Interpreter 
[0.391s] -- Found rosidl_default_generators: 1.2.0 (/opt/ros/humble/share/rosidl_default_generators/cmake)
[0.394s] -- Using all available rosidl_typesupport_c: rosidl_typesupport_fastrtps_c;rosidl_typesupport_introspection_c
[0.399s] -- Found rosidl_adapter: 3.1.6 (/opt/ros/humble/share/rosidl_adapter/cmake)
[0.428s] -- Using all available rosidl_typesupport_cpp: rosidl_typesupport_fastrtps_cpp;rosidl_typesupport_introspection_cpp
[0.648s] -- Found ament_cmake_ros: 0.10.0 (/opt/ros/humble/share/ament_cmake_ros/cmake)
[0.774s] -- Using all available rosidl_typesupport_c: rosidl_typesupport_fastrtps_c;rosidl_typesupport_introspection_c
[0.939s] -- Using all available rosidl_typesupport_cpp: rosidl_typesupport_fastrtps_cpp;rosidl_typesupport_introspection_cpp
[0.955s] -- Found PythonInterp: /usr/bin/python3 (found suitable version "3.10.12", minimum required is "3.6") 
[0.956s] -- Found python_cmake_module: 0.10.0 (/opt/ros/humble/share/python_cmake_module/cmake)
[0.973s] -- Found PythonLibs: /usr/lib/x86_64-linux-gnu/libpython3.10.so (found suitable version "3.10.12", minimum required is "3.5") 
[0.974s] -- Using PYTHON_EXECUTABLE: /usr/bin/python3
[0.974s] -- Using PYTHON_INCLUDE_DIRS: /usr/include/python3.10
[0.974s] -- Using PYTHON_LIBRARIES: /usr/lib/x86_64-linux-gnu/libpython3.10.so
[0.989s] -- Found PythonExtra: .so  
[1.016s] -- Configuring done
[1.035s] -- Generating done
[1.040s] -- Build files have been written to: /home/nikhil/Work/ROS/build/my_robot_interfaces
[1.054s] Invoked command in '/home/nikhil/Work/ROS/build/my_robot_interfaces' returned '0': CMAKE_PREFIX_PATH=${CMAKE_PREFIX_PATH}:/home/nikhil/Work/ROS/ros2_ws/install/py_pkg:/opt/ros/humble /usr/bin/cmake /home/nikhil/Work/ROS/ros2_ws/src/my_robot_interfaces -DCMAKE_INSTALL_PREFIX=/home/nikhil/Work/ROS/install/my_robot_interfaces
[1.054s] Invoking command in '/home/nikhil/Work/ROS/build/my_robot_interfaces': CMAKE_PREFIX_PATH=${CMAKE_PREFIX_PATH}:/home/nikhil/Work/ROS/ros2_ws/install/py_pkg:/opt/ros/humble /usr/bin/cmake --build /home/nikhil/Work/ROS/build/my_robot_interfaces -- -j20 -l20
[1.081s] [  1%] [34m[1mGenerating C code for ROS interfaces[0m
[1.088s] [  3%] [34m[1mGenerating C++ code for ROS interfaces[0m
[1.096s] [  3%] Built target ament_cmake_python_copy_my_robot_interfaces
[1.259s] running egg_info
[1.259s] creating my_robot_interfaces.egg-info
[1.259s] writing my_robot_interfaces.egg-info/PKG-INFO
[1.259s] writing dependency_links to my_robot_interfaces.egg-info/dependency_links.txt
[1.259s] writing top-level names to my_robot_interfaces.egg-info/top_level.txt
[1.259s] writing manifest file 'my_robot_interfaces.egg-info/SOURCES.txt'
[1.261s] reading manifest file 'my_robot_interfaces.egg-info/SOURCES.txt'
[1.261s] writing manifest file 'my_robot_interfaces.egg-info/SOURCES.txt'
[1.280s] [  3%] Built target ament_cmake_python_build_my_robot_interfaces_egg
[1.389s] [  9%] [32mBuilding C object CMakeFiles/my_robot_interfaces__rosidl_generator_c.dir/rosidl_generator_c/my_robot_interfaces/msg/detail/robot_location__functions.c.o[0m
[1.389s] [  9%] [32mBuilding C object CMakeFiles/my_robot_interfaces__rosidl_generator_c.dir/rosidl_generator_c/my_robot_interfaces/srv/detail/compute_rectangle__functions.c.o[0m
[1.389s] [  9%] [32mBuilding C object CMakeFiles/my_robot_interfaces__rosidl_generator_c.dir/rosidl_generator_c/my_robot_interfaces/msg/detail/led_status__functions.c.o[0m
[1.389s] [ 11%] [32mBuilding C object CMakeFiles/my_robot_interfaces__rosidl_generator_c.dir/rosidl_generator_c/my_robot_interfaces/srv/detail/set_led__functions.c.o[0m
[1.389s] [ 11%] [32mBuilding C object CMakeFiles/my_robot_interfaces__rosidl_generator_c.dir/rosidl_generator_c/my_robot_interfaces/msg/detail/hardware_status__functions.c.o[0m
[1.392s] [ 11%] Built target my_robot_interfaces__cpp
[1.400s] [ 14%] [34m[1mGenerating C++ introspection for ROS interfaces[0m
[1.400s] [ 14%] [34m[1mGenerating C++ type support for eProsima Fast-RTPS[0m
[1.403s] [ 15%] [34m[1mGenerating C++ type support dispatch for ROS interfaces[0m
[1.447s] [ 17%] [32m[1mLinking C shared library libmy_robot_interfaces__rosidl_generator_c.so[0m
[1.476s] [ 17%] Built target my_robot_interfaces__rosidl_generator_c
[1.486s] [ 19%] [34m[1mGenerating C type support dispatch for ROS interfaces[0m
[1.487s] [ 22%] [34m[1mGenerating C type support for eProsima Fast-RTPS[0m
[1.487s] [ 22%] [34m[1mGenerating C introspection for ROS interfaces[0m
[1.645s] [ 23%] [32mBuilding CXX object CMakeFiles/my_robot_interfaces__rosidl_typesupport_cpp.dir/rosidl_typesupport_cpp/my_robot_interfaces/msg/hardware_status__type_support.cpp.o[0m
[1.645s] [ 25%] [32mBuilding CXX object CMakeFiles/my_robot_interfaces__rosidl_typesupport_cpp.dir/rosidl_typesupport_cpp/my_robot_interfaces/srv/compute_rectangle__type_support.cpp.o[0m
[1.648s] [ 26%] [32mBuilding CXX object CMakeFiles/my_robot_interfaces__rosidl_typesupport_cpp.dir/rosidl_typesupport_cpp/my_robot_interfaces/msg/led_status__type_support.cpp.o[0m
[1.648s] [ 28%] [32mBuilding CXX object CMakeFiles/my_robot_interfaces__rosidl_typesupport_cpp.dir/rosidl_typesupport_cpp/my_robot_interfaces/msg/robot_location__type_support.cpp.o[0m
[1.649s] [ 30%] [32mBuilding CXX object CMakeFiles/my_robot_interfaces__rosidl_typesupport_cpp.dir/rosidl_typesupport_cpp/my_robot_interfaces/srv/set_led__type_support.cpp.o[0m
[1.653s] [ 31%] [32mBuilding CXX object CMakeFiles/my_robot_interfaces__rosidl_typesupport_introspection_cpp.dir/rosidl_typesupport_introspection_cpp/my_robot_interfaces/msg/detail/hardware_status__type_support.cpp.o[0m
[1.654s] [ 33%] [32mBuilding CXX object CMakeFiles/my_robot_interfaces__rosidl_typesupport_introspection_cpp.dir/rosidl_typesupport_introspection_cpp/my_robot_interfaces/msg/detail/led_status__type_support.cpp.o[0m
[1.655s] [ 36%] [32mBuilding CXX object CMakeFiles/my_robot_interfaces__rosidl_typesupport_introspection_cpp.dir/rosidl_typesupport_introspection_cpp/my_robot_interfaces/srv/detail/compute_rectangle__type_support.cpp.o[0m
[1.655s] [ 36%] [32mBuilding CXX object CMakeFiles/my_robot_interfaces__rosidl_typesupport_introspection_cpp.dir/rosidl_typesupport_introspection_cpp/my_robot_interfaces/msg/detail/robot_location__type_support.cpp.o[0m
[1.656s] [ 38%] [32mBuilding CXX object CMakeFiles/my_robot_interfaces__rosidl_typesupport_introspection_cpp.dir/rosidl_typesupport_introspection_cpp/my_robot_interfaces/srv/detail/set_led__type_support.cpp.o[0m
[1.717s] [ 42%] [32mBuilding CXX object CMakeFiles/my_robot_interfaces__rosidl_typesupport_fastrtps_cpp.dir/rosidl_typesupport_fastrtps_cpp/my_robot_interfaces/srv/detail/dds_fastrtps/compute_rectangle__type_support.cpp.o[0m
[1.717s] [ 42%] [32mBuilding CXX object CMakeFiles/my_robot_interfaces__rosidl_typesupport_fastrtps_cpp.dir/rosidl_typesupport_fastrtps_cpp/my_robot_interfaces/srv/detail/dds_fastrtps/set_led__type_support.cpp.o[0m
[1.717s] [ 46%] [32mBuilding CXX object CMakeFiles/my_robot_interfaces__rosidl_typesupport_fastrtps_cpp.dir/rosidl_typesupport_fastrtps_cpp/my_robot_interfaces/msg/detail/dds_fastrtps/hardware_status__type_support.cpp.o[0m
[1.717s] [ 46%] [32mBuilding CXX object CMakeFiles/my_robot_interfaces__rosidl_typesupport_fastrtps_cpp.dir/rosidl_typesupport_fastrtps_cpp/my_robot_interfaces/msg/detail/dds_fastrtps/robot_location__type_support.cpp.o[0m
[1.717s] [ 46%] [32mBuilding CXX object CMakeFiles/my_robot_interfaces__rosidl_typesupport_fastrtps_cpp.dir/rosidl_typesupport_fastrtps_cpp/my_robot_interfaces/msg/detail/dds_fastrtps/led_status__type_support.cpp.o[0m
[1.910s] [ 47%] [32mBuilding CXX object CMakeFiles/my_robot_interfaces__rosidl_typesupport_fastrtps_c.dir/rosidl_typesupport_fastrtps_c/my_robot_interfaces/msg/detail/hardware_status__type_support_c.cpp.o[0m
[1.911s] [ 49%] [32mBuilding CXX object CMakeFiles/my_robot_interfaces__rosidl_typesupport_fastrtps_c.dir/rosidl_typesupport_fastrtps_c/my_robot_interfaces/srv/detail/compute_rectangle__type_support_c.cpp.o[0m
[1.921s] [ 50%] [32mBuilding CXX object CMakeFiles/my_robot_interfaces__rosidl_typesupport_fastrtps_c.dir/rosidl_typesupport_fastrtps_c/my_robot_interfaces/msg/detail/robot_location__type_support_c.cpp.o[0m
[1.922s] [ 52%] [32mBuilding CXX object CMakeFiles/my_robot_interfaces__rosidl_typesupport_fastrtps_c.dir/rosidl_typesupport_fastrtps_c/my_robot_interfaces/msg/detail/led_status__type_support_c.cpp.o[0m
[1.929s] [ 53%] [32mBuilding CXX object CMakeFiles/my_robot_interfaces__rosidl_typesupport_fastrtps_c.dir/rosidl_typesupport_fastrtps_c/my_robot_interfaces/srv/detail/set_led__type_support_c.cpp.o[0m
[1.951s] [ 55%] [32mBuilding CXX object CMakeFiles/my_robot_interfaces__rosidl_typesupport_c.dir/rosidl_typesupport_c/my_robot_interfaces/msg/hardware_status__type_support.cpp.o[0m
[1.982s] [ 57%] [32mBuilding CXX object CMakeFiles/my_robot_interfaces__rosidl_typesupport_c.dir/rosidl_typesupport_c/my_robot_interfaces/msg/led_status__type_support.cpp.o[0m
[1.996s] [ 58%] [32m[1mLinking CXX shared library libmy_robot_interfaces__rosidl_typesupport_cpp.so[0m
[2.028s] [ 60%] [32mBuilding CXX object CMakeFiles/my_robot_interfaces__rosidl_typesupport_c.dir/rosidl_typesupport_c/my_robot_interfaces/msg/robot_location__type_support.cpp.o[0m
[2.036s] [ 61%] [32mBuilding CXX object CMakeFiles/my_robot_interfaces__rosidl_typesupport_c.dir/rosidl_typesupport_c/my_robot_interfaces/srv/set_led__type_support.cpp.o[0m
[2.043s] [ 63%] [32mBuilding CXX object CMakeFiles/my_robot_interfaces__rosidl_typesupport_c.dir/rosidl_typesupport_c/my_robot_interfaces/srv/compute_rectangle__type_support.cpp.o[0m
[2.091s] [ 63%] Built target my_robot_interfaces__rosidl_typesupport_cpp
[2.106s] [ 65%] [32m[1mLinking CXX shared library libmy_robot_interfaces__rosidl_typesupport_c.so[0m
[2.111s] [ 66%] [32mBuilding C object CMakeFiles/my_robot_interfaces__rosidl_typesupport_introspection_c.dir/rosidl_typesupport_introspection_c/my_robot_interfaces/msg/detail/led_status__type_support.c.o[0m
[2.111s] [ 68%] [32mBuilding C object CMakeFiles/my_robot_interfaces__rosidl_typesupport_introspection_c.dir/rosidl_typesupport_introspection_c/my_robot_interfaces/msg/detail/hardware_status__type_support.c.o[0m
[2.117s] [ 69%] [32mBuilding C object CMakeFiles/my_robot_interfaces__rosidl_typesupport_introspection_c.dir/rosidl_typesupport_introspection_c/my_robot_interfaces/msg/detail/robot_location__type_support.c.o[0m
[2.119s] [ 71%] [32mBuilding C object CMakeFiles/my_robot_interfaces__rosidl_typesupport_introspection_c.dir/rosidl_typesupport_introspection_c/my_robot_interfaces/srv/detail/compute_rectangle__type_support.c.o[0m
[2.124s] [ 73%] [32mBuilding C object CMakeFiles/my_robot_interfaces__rosidl_typesupport_introspection_c.dir/rosidl_typesupport_introspection_c/my_robot_interfaces/srv/detail/set_led__type_support.c.o[0m
[2.168s] [ 73%] Built target my_robot_interfaces__rosidl_typesupport_c
[2.172s] [ 74%] [32m[1mLinking C shared library libmy_robot_interfaces__rosidl_typesupport_introspection_c.so[0m
[2.192s] [ 76%] [32m[1mLinking CXX shared library libmy_robot_interfaces__rosidl_typesupport_fastrtps_cpp.so[0m
[2.193s] [ 76%] Built target my_robot_interfaces__rosidl_typesupport_introspection_c
[2.199s] [ 77%] [32m[1mLinking CXX shared library libmy_robot_interfaces__rosidl_typesupport_introspection_cpp.so[0m
[2.255s] [ 77%] Built target my_robot_interfaces__rosidl_typesupport_fastrtps_cpp
[2.274s] [ 77%] Built target my_robot_interfaces__rosidl_typesupport_introspection_cpp
[2.340s] [ 79%] [32m[1mLinking CXX shared library libmy_robot_interfaces__rosidl_typesupport_fastrtps_c.so[0m
[2.396s] [ 79%] Built target my_robot_interfaces__rosidl_typesupport_fastrtps_c
[2.417s] [ 79%] Built target my_robot_interfaces
[2.437s] [ 80%] [34m[1mGenerating Python code for ROS interfaces[0m
[2.932s] [ 80%] Built target my_robot_interfaces__py
[2.953s] [ 87%] [32mBuilding C object CMakeFiles/my_robot_interfaces__rosidl_generator_py.dir/rosidl_generator_py/my_robot_interfaces/srv/_compute_rectangle_s.c.o[0m
[2.953s] [ 87%] [32mBuilding C object CMakeFiles/my_robot_interfaces__rosidl_generator_py.dir/rosidl_generator_py/my_robot_interfaces/msg/_robot_location_s.c.o[0m
[2.953s] [ 87%] [32mBuilding C object CMakeFiles/my_robot_interfaces__rosidl_generator_py.dir/rosidl_generator_py/my_robot_interfaces/msg/_hardware_status_s.c.o[0m
[2.953s] [ 87%] [32mBuilding C object CMakeFiles/my_robot_interfaces__rosidl_generator_py.dir/rosidl_generator_py/my_robot_interfaces/msg/_led_status_s.c.o[0m
[2.954s] [ 88%] [32mBuilding C object CMakeFiles/my_robot_interfaces__rosidl_generator_py.dir/rosidl_generator_py/my_robot_interfaces/srv/_set_led_s.c.o[0m
[3.070s] [ 90%] [32m[1mLinking C shared library rosidl_generator_py/my_robot_interfaces/libmy_robot_interfaces__rosidl_generator_py.so[0m
[3.108s] [ 90%] Built target my_robot_interfaces__rosidl_generator_py
[3.130s] [ 95%] [32mBuilding C object CMakeFiles/my_robot_interfaces__rosidl_typesupport_introspection_c__pyext.dir/rosidl_generator_py/my_robot_interfaces/_my_robot_interfaces_s.ep.rosidl_typesupport_introspection_c.c.o[0m
[3.130s] [ 95%] [32mBuilding C object CMakeFiles/my_robot_interfaces__rosidl_typesupport_c__pyext.dir/rosidl_generator_py/my_robot_interfaces/_my_robot_interfaces_s.ep.rosidl_typesupport_c.c.o[0m
[3.130s] [ 95%] [32mBuilding C object CMakeFiles/my_robot_interfaces__rosidl_typesupport_fastrtps_c__pyext.dir/rosidl_generator_py/my_robot_interfaces/_my_robot_interfaces_s.ep.rosidl_typesupport_fastrtps_c.c.o[0m
[3.218s] [ 96%] [32m[1mLinking C shared library rosidl_generator_py/my_robot_interfaces/my_robot_interfaces_s__rosidl_typesupport_introspection_c.cpython-310-x86_64-linux-gnu.so[0m
[3.247s] [ 96%] Built target my_robot_interfaces__rosidl_typesupport_introspection_c__pyext
[3.251s] [ 98%] [32m[1mLinking C shared library rosidl_generator_py/my_robot_interfaces/my_robot_interfaces_s__rosidl_typesupport_fastrtps_c.cpython-310-x86_64-linux-gnu.so[0m
[3.256s] [100%] [32m[1mLinking C shared library rosidl_generator_py/my_robot_interfaces/my_robot_interfaces_s__rosidl_typesupport_c.cpython-310-x86_64-linux-gnu.so[0m
[3.285s] [100%] Built target my_robot_interfaces__rosidl_typesupport_fastrtps_c__pyext
[3.287s] [100%] Built target my_robot_interfaces__rosidl_typesupport_c__pyext
[3.299s] Invoked command in '/home/nikhil/Work/ROS/build/my_robot_interfaces' returned '0': CMAKE_PREFIX_PATH=${CMAKE_PREFIX_PATH}:/home/nikhil/Work/ROS/ros2_ws/install/py_pkg:/opt/ros/humble /usr/bin/cmake --build /home/nikhil/Work/ROS/build/my_robot_interfaces -- -j20 -l20
[3.301s] Invoking command in '/home/nikhil/Work/ROS/build/my_robot_interfaces': CMAKE_PREFIX_PATH=${CMAKE_PREFIX_PATH}:/home/nikhil/Work/ROS/ros2_ws/install/py_pkg:/opt/ros/humble /usr/bin/cmake --install /home/nikhil/Work/ROS/build/my_robot_interfaces
[3.310s] -- Install configuration: ""
[3.310s] -- Installing: /home/nikhil/Work/ROS/install/my_robot_interfaces/share/ament_index/resource_index/rosidl_interfaces/my_robot_interfaces
[3.310s] -- Installing: /home/nikhil/Work/ROS/install/my_robot_interfaces/include/my_robot_interfaces/my_robot_interfaces
[3.311s] -- Installing: /home/nikhil/Work/ROS/install/my_robot_interfaces/include/my_robot_interfaces/my_robot_interfaces/msg
[3.311s] -- Installing: /home/nikhil/Work/ROS/install/my_robot_interfaces/include/my_robot_interfaces/my_robot_interfaces/msg/robot_location.h
[3.311s] -- Installing: /home/nikhil/Work/ROS/install/my_robot_interfaces/include/my_robot_interfaces/my_robot_interfaces/msg/rosidl_generator_c__visibility_control.h
[3.311s] -- Installing: /home/nikhil/Work/ROS/install/my_robot_interfaces/include/my_robot_interfaces/my_robot_interfaces/msg/led_status.h
[3.311s] -- Installing: /home/nikhil/Work/ROS/install/my_robot_interfaces/include/my_robot_interfaces/my_robot_interfaces/msg/hardware_status.h
[3.311s] -- Installing: /home/nikhil/Work/ROS/install/my_robot_interfaces/include/my_robot_interfaces/my_robot_interfaces/msg/detail
[3.311s] -- Installing: /home/nikhil/Work/ROS/install/my_robot_interfaces/include/my_robot_interfaces/my_robot_interfaces/msg/detail/hardware_status__type_support.h
[3.311s] -- Installing: /home/nikhil/Work/ROS/install/my_robot_interfaces/include/my_robot_interfaces/my_robot_interfaces/msg/detail/robot_location__functions.c
[3.311s] -- Installing: /home/nikhil/Work/ROS/install/my_robot_interfaces/include/my_robot_interfaces/my_robot_interfaces/msg/detail/led_status__functions.c
[3.311s] -- Installing: /home/nikhil/Work/ROS/install/my_robot_interfaces/include/my_robot_interfaces/my_robot_interfaces/msg/detail/led_status__struct.h
[3.311s] -- Installing: /home/nikhil/Work/ROS/install/my_robot_interfaces/include/my_robot_interfaces/my_robot_interfaces/msg/detail/hardware_status__functions.h
[3.311s] -- Installing: /home/nikhil/Work/ROS/install/my_robot_interfaces/include/my_robot_interfaces/my_robot_interfaces/msg/detail/led_status__type_support.h
[3.311s] -- Installing: /home/nikhil/Work/ROS/install/my_robot_interfaces/include/my_robot_interfaces/my_robot_interfaces/msg/detail/robot_location__type_support.h
[3.312s] -- Installing: /home/nikhil/Work/ROS/install/my_robot_interfaces/include/my_robot_interfaces/my_robot_interfaces/msg/detail/led_status__functions.h
[3.312s] -- Installing: /home/nikhil/Work/ROS/install/my_robot_interfaces/include/my_robot_interfaces/my_robot_interfaces/msg/detail/hardware_status__struct.h
[3.312s] -- Installing: /home/nikhil/Work/ROS/install/my_robot_interfaces/include/my_robot_interfaces/my_robot_interfaces/msg/detail/robot_location__struct.h
[3.312s] -- Installing: /home/nikhil/Work/ROS/install/my_robot_interfaces/include/my_robot_interfaces/my_robot_interfaces/msg/detail/hardware_status__functions.c
[3.312s] -- Installing: /home/nikhil/Work/ROS/install/my_robot_interfaces/include/my_robot_interfaces/my_robot_interfaces/msg/detail/robot_location__functions.h
[3.312s] -- Installing: /home/nikhil/Work/ROS/install/my_robot_interfaces/include/my_robot_interfaces/my_robot_interfaces/srv
[3.312s] -- Installing: /home/nikhil/Work/ROS/install/my_robot_interfaces/include/my_robot_interfaces/my_robot_interfaces/srv/compute_rectangle.h
[3.312s] -- Installing: /home/nikhil/Work/ROS/install/my_robot_interfaces/include/my_robot_interfaces/my_robot_interfaces/srv/set_led.h
[3.312s] -- Installing: /home/nikhil/Work/ROS/install/my_robot_interfaces/include/my_robot_interfaces/my_robot_interfaces/srv/detail
[3.312s] -- Installing: /home/nikhil/Work/ROS/install/my_robot_interfaces/include/my_robot_interfaces/my_robot_interfaces/srv/detail/compute_rectangle__functions.h
[3.312s] -- Installing: /home/nikhil/Work/ROS/install/my_robot_interfaces/include/my_robot_interfaces/my_robot_interfaces/srv/detail/compute_rectangle__struct.h
[3.313s] -- Installing: /home/nikhil/Work/ROS/install/my_robot_interfaces/include/my_robot_interfaces/my_robot_interfaces/srv/detail/set_led__functions.h
[3.313s] -- Installing: /home/nikhil/Work/ROS/install/my_robot_interfaces/include/my_robot_interfaces/my_robot_interfaces/srv/detail/set_led__functions.c
[3.313s] -- Installing: /home/nikhil/Work/ROS/install/my_robot_interfaces/include/my_robot_interfaces/my_robot_interfaces/srv/detail/set_led__type_support.h
[3.313s] -- Installing: /home/nikhil/Work/ROS/install/my_robot_interfaces/include/my_robot_interfaces/my_robot_interfaces/srv/detail/compute_rectangle__type_support.h
[3.313s] -- Installing: /home/nikhil/Work/ROS/install/my_robot_interfaces/include/my_robot_interfaces/my_robot_interfaces/srv/detail/compute_rectangle__functions.c
[3.313s] -- Installing: /home/nikhil/Work/ROS/install/my_robot_interfaces/include/my_robot_interfaces/my_robot_interfaces/srv/detail/set_led__struct.h
[3.313s] -- Installing: /home/nikhil/Work/ROS/install/my_robot_interfaces/share/my_robot_interfaces/environment/library_path.sh
[3.313s] -- Installing: /home/nikhil/Work/ROS/install/my_robot_interfaces/share/my_robot_interfaces/environment/library_path.dsv
[3.314s] -- Installing: /home/nikhil/Work/ROS/install/my_robot_interfaces/lib/libmy_robot_interfaces__rosidl_generator_c.so
[3.314s] -- Set runtime path of "/home/nikhil/Work/ROS/install/my_robot_interfaces/lib/libmy_robot_interfaces__rosidl_generator_c.so" to ""
[3.314s] -- Up-to-date: /home/nikhil/Work/ROS/install/my_robot_interfaces/include/my_robot_interfaces/my_robot_interfaces
[3.314s] -- Up-to-date: /home/nikhil/Work/ROS/install/my_robot_interfaces/include/my_robot_interfaces/my_robot_interfaces/msg
[3.314s] -- Installing: /home/nikhil/Work/ROS/install/my_robot_interfaces/include/my_robot_interfaces/my_robot_interfaces/msg/rosidl_typesupport_fastrtps_c__visibility_control.h
[3.314s] -- Up-to-date: /home/nikhil/Work/ROS/install/my_robot_interfaces/include/my_robot_interfaces/my_robot_interfaces/msg/detail
[3.314s] -- Installing: /home/nikhil/Work/ROS/install/my_robot_interfaces/include/my_robot_interfaces/my_robot_interfaces/msg/detail/led_status__rosidl_typesupport_fastrtps_c.h
[3.315s] -- Installing: /home/nikhil/Work/ROS/install/my_robot_interfaces/include/my_robot_interfaces/my_robot_interfaces/msg/detail/robot_location__rosidl_typesupport_fastrtps_c.h
[3.315s] -- Installing: /home/nikhil/Work/ROS/install/my_robot_interfaces/include/my_robot_interfaces/my_robot_interfaces/msg/detail/hardware_status__rosidl_typesupport_fastrtps_c.h
[3.315s] -- Up-to-date: /home/nikhil/Work/ROS/install/my_robot_interfaces/include/my_robot_interfaces/my_robot_interfaces/srv
[3.315s] -- Up-to-date: /home/nikhil/Work/ROS/install/my_robot_interfaces/include/my_robot_interfaces/my_robot_interfaces/srv/detail
[3.315s] -- Installing: /home/nikhil/Work/ROS/install/my_robot_interfaces/include/my_robot_interfaces/my_robot_interfaces/srv/detail/compute_rectangle__rosidl_typesupport_fastrtps_c.h
[3.315s] -- Installing: /home/nikhil/Work/ROS/install/my_robot_interfaces/include/my_robot_interfaces/my_robot_interfaces/srv/detail/set_led__rosidl_typesupport_fastrtps_c.h
[3.315s] -- Installing: /home/nikhil/Work/ROS/install/my_robot_interfaces/lib/libmy_robot_interfaces__rosidl_typesupport_fastrtps_c.so
[3.316s] -- Set runtime path of "/home/nikhil/Work/ROS/install/my_robot_interfaces/lib/libmy_robot_interfaces__rosidl_typesupport_fastrtps_c.so" to ""
[3.316s] -- Up-to-date: /home/nikhil/Work/ROS/install/my_robot_interfaces/include/my_robot_interfaces/my_robot_interfaces
[3.316s] -- Up-to-date: /home/nikhil/Work/ROS/install/my_robot_interfaces/include/my_robot_interfaces/my_robot_interfaces/msg
[3.316s] -- Installing: /home/nikhil/Work/ROS/install/my_robot_interfaces/include/my_robot_interfaces/my_robot_interfaces/msg/rosidl_typesupport_introspection_c__visibility_control.h
[3.316s] -- Up-to-date: /home/nikhil/Work/ROS/install/my_robot_interfaces/include/my_robot_interfaces/my_robot_interfaces/msg/detail
[3.316s] -- Installing: /home/nikhil/Work/ROS/install/my_robot_interfaces/include/my_robot_interfaces/my_robot_interfaces/msg/detail/robot_location__rosidl_typesupport_introspection_c.h
[3.316s] -- Installing: /home/nikhil/Work/ROS/install/my_robot_interfaces/include/my_robot_interfaces/my_robot_interfaces/msg/detail/led_status__type_support.c
[3.316s] -- Installing: /home/nikhil/Work/ROS/install/my_robot_interfaces/include/my_robot_interfaces/my_robot_interfaces/msg/detail/hardware_status__rosidl_typesupport_introspection_c.h
[3.316s] -- Installing: /home/nikhil/Work/ROS/install/my_robot_interfaces/include/my_robot_interfaces/my_robot_interfaces/msg/detail/hardware_status__type_support.c
[3.316s] -- Installing: /home/nikhil/Work/ROS/install/my_robot_interfaces/include/my_robot_interfaces/my_robot_interfaces/msg/detail/led_status__rosidl_typesupport_introspection_c.h
[3.317s] -- Installing: /home/nikhil/Work/ROS/install/my_robot_interfaces/include/my_robot_interfaces/my_robot_interfaces/msg/detail/robot_location__type_support.c
[3.317s] -- Up-to-date: /home/nikhil/Work/ROS/install/my_robot_interfaces/include/my_robot_interfaces/my_robot_interfaces/srv
[3.317s] -- Up-to-date: /home/nikhil/Work/ROS/install/my_robot_interfaces/include/my_robot_interfaces/my_robot_interfaces/srv/detail
[3.317s] -- Installing: /home/nikhil/Work/ROS/install/my_robot_interfaces/include/my_robot_interfaces/my_robot_interfaces/srv/detail/set_led__rosidl_typesupport_introspection_c.h
[3.317s] -- Installing: /home/nikhil/Work/ROS/install/my_robot_interfaces/include/my_robot_interfaces/my_robot_interfaces/srv/detail/set_led__type_support.c
[3.317s] -- Installing: /home/nikhil/Work/ROS/install/my_robot_interfaces/include/my_robot_interfaces/my_robot_interfaces/srv/detail/compute_rectangle__rosidl_typesupport_introspection_c.h
[3.317s] -- Installing: /home/nikhil/Work/ROS/install/my_robot_interfaces/include/my_robot_interfaces/my_robot_interfaces/srv/detail/compute_rectangle__type_support.c
[3.317s] -- Installing: /home/nikhil/Work/ROS/install/my_robot_interfaces/lib/libmy_robot_interfaces__rosidl_typesupport_introspection_c.so
[3.318s] -- Set runtime path of "/home/nikhil/Work/ROS/install/my_robot_interfaces/lib/libmy_robot_interfaces__rosidl_typesupport_introspection_c.so" to ""
[3.318s] -- Installing: /home/nikhil/Work/ROS/install/my_robot_interfaces/lib/libmy_robot_interfaces__rosidl_typesupport_c.so
[3.318s] -- Set runtime path of "/home/nikhil/Work/ROS/install/my_robot_interfaces/lib/libmy_robot_interfaces__rosidl_typesupport_c.so" to ""
[3.318s] -- Up-to-date: /home/nikhil/Work/ROS/install/my_robot_interfaces/include/my_robot_interfaces/my_robot_interfaces
[3.318s] -- Up-to-date: /home/nikhil/Work/ROS/install/my_robot_interfaces/include/my_robot_interfaces/my_robot_interfaces/msg
[3.318s] -- Installing: /home/nikhil/Work/ROS/install/my_robot_interfaces/include/my_robot_interfaces/my_robot_interfaces/msg/led_status.hpp
[3.318s] -- Installing: /home/nikhil/Work/ROS/install/my_robot_interfaces/include/my_robot_interfaces/my_robot_interfaces/msg/hardware_status.hpp
[3.319s] -- Installing: /home/nikhil/Work/ROS/install/my_robot_interfaces/include/my_robot_interfaces/my_robot_interfaces/msg/robot_location.hpp
[3.319s] -- Installing: /home/nikhil/Work/ROS/install/my_robot_interfaces/include/my_robot_interfaces/my_robot_interfaces/msg/rosidl_generator_cpp__visibility_control.hpp
[3.319s] -- Up-to-date: /home/nikhil/Work/ROS/install/my_robot_interfaces/include/my_robot_interfaces/my_robot_interfaces/msg/detail
[3.319s] -- Installing: /home/nikhil/Work/ROS/install/my_robot_interfaces/include/my_robot_interfaces/my_robot_interfaces/msg/detail/led_status__builder.hpp
[3.319s] -- Installing: /home/nikhil/Work/ROS/install/my_robot_interfaces/include/my_robot_interfaces/my_robot_interfaces/msg/detail/hardware_status__builder.hpp
[3.319s] -- Installing: /home/nikhil/Work/ROS/install/my_robot_interfaces/include/my_robot_interfaces/my_robot_interfaces/msg/detail/led_status__type_support.hpp
[3.319s] -- Installing: /home/nikhil/Work/ROS/install/my_robot_interfaces/include/my_robot_interfaces/my_robot_interfaces/msg/detail/led_status__traits.hpp
[3.319s] -- Installing: /home/nikhil/Work/ROS/install/my_robot_interfaces/include/my_robot_interfaces/my_robot_interfaces/msg/detail/robot_location__traits.hpp
[3.319s] -- Installing: /home/nikhil/Work/ROS/install/my_robot_interfaces/include/my_robot_interfaces/my_robot_interfaces/msg/detail/hardware_status__traits.hpp
[3.319s] -- Installing: /home/nikhil/Work/ROS/install/my_robot_interfaces/include/my_robot_interfaces/my_robot_interfaces/msg/detail/robot_location__builder.hpp
[3.320s] -- Installing: /home/nikhil/Work/ROS/install/my_robot_interfaces/include/my_robot_interfaces/my_robot_interfaces/msg/detail/hardware_status__struct.hpp
[3.320s] -- Installing: /home/nikhil/Work/ROS/install/my_robot_interfaces/include/my_robot_interfaces/my_robot_interfaces/msg/detail/hardware_status__type_support.hpp
[3.320s] -- Installing: /home/nikhil/Work/ROS/install/my_robot_interfaces/include/my_robot_interfaces/my_robot_interfaces/msg/detail/robot_location__struct.hpp
[3.320s] -- Installing: /home/nikhil/Work/ROS/install/my_robot_interfaces/include/my_robot_interfaces/my_robot_interfaces/msg/detail/robot_location__type_support.hpp
[3.320s] -- Installing: /home/nikhil/Work/ROS/install/my_robot_interfaces/include/my_robot_interfaces/my_robot_interfaces/msg/detail/led_status__struct.hpp
[3.320s] -- Up-to-date: /home/nikhil/Work/ROS/install/my_robot_interfaces/include/my_robot_interfaces/my_robot_interfaces/srv
[3.320s] -- Installing: /home/nikhil/Work/ROS/install/my_robot_interfaces/include/my_robot_interfaces/my_robot_interfaces/srv/compute_rectangle.hpp
[3.320s] -- Installing: /home/nikhil/Work/ROS/install/my_robot_interfaces/include/my_robot_interfaces/my_robot_interfaces/srv/set_led.hpp
[3.320s] -- Up-to-date: /home/nikhil/Work/ROS/install/my_robot_interfaces/include/my_robot_interfaces/my_robot_interfaces/srv/detail
[3.321s] -- Installing: /home/nikhil/Work/ROS/install/my_robot_interfaces/include/my_robot_interfaces/my_robot_interfaces/srv/detail/set_led__traits.hpp
[3.321s] -- Installing: /home/nikhil/Work/ROS/install/my_robot_interfaces/include/my_robot_interfaces/my_robot_interfaces/srv/detail/compute_rectangle__traits.hpp
[3.321s] -- Installing: /home/nikhil/Work/ROS/install/my_robot_interfaces/include/my_robot_interfaces/my_robot_interfaces/srv/detail/set_led__builder.hpp
[3.321s] -- Installing: /home/nikhil/Work/ROS/install/my_robot_interfaces/include/my_robot_interfaces/my_robot_interfaces/srv/detail/set_led__type_support.hpp
[3.321s] -- Installing: /home/nikhil/Work/ROS/install/my_robot_interfaces/include/my_robot_interfaces/my_robot_interfaces/srv/detail/set_led__struct.hpp
[3.321s] -- Installing: /home/nikhil/Work/ROS/install/my_robot_interfaces/include/my_robot_interfaces/my_robot_interfaces/srv/detail/compute_rectangle__type_support.hpp
[3.321s] -- Installing: /home/nikhil/Work/ROS/install/my_robot_interfaces/include/my_robot_interfaces/my_robot_interfaces/srv/detail/compute_rectangle__struct.hpp
[3.322s] -- Installing: /home/nikhil/Work/ROS/install/my_robot_interfaces/include/my_robot_interfaces/my_robot_interfaces/srv/detail/compute_rectangle__builder.hpp
[3.322s] -- Up-to-date: /home/nikhil/Work/ROS/install/my_robot_interfaces/include/my_robot_interfaces/my_robot_interfaces
[3.322s] -- Up-to-date: /home/nikhil/Work/ROS/install/my_robot_interfaces/include/my_robot_interfaces/my_robot_interfaces/msg
[3.322s] -- Installing: /home/nikhil/Work/ROS/install/my_robot_interfaces/include/my_robot_interfaces/my_robot_interfaces/msg/rosidl_typesupport_fastrtps_cpp__visibility_control.h
[3.322s] -- Up-to-date: /home/nikhil/Work/ROS/install/my_robot_interfaces/include/my_robot_interfaces/my_robot_interfaces/msg/detail
[3.322s] -- Installing: /home/nikhil/Work/ROS/install/my_robot_interfaces/include/my_robot_interfaces/my_robot_interfaces/msg/detail/robot_location__rosidl_typesupport_fastrtps_cpp.hpp
[3.322s] -- Installing: /home/nikhil/Work/ROS/install/my_robot_interfaces/include/my_robot_interfaces/my_robot_interfaces/msg/detail/led_status__rosidl_typesupport_fastrtps_cpp.hpp
[3.322s] -- Installing: /home/nikhil/Work/ROS/install/my_robot_interfaces/include/my_robot_interfaces/my_robot_interfaces/msg/detail/hardware_status__rosidl_typesupport_fastrtps_cpp.hpp
[3.322s] -- Installing: /home/nikhil/Work/ROS/install/my_robot_interfaces/include/my_robot_interfaces/my_robot_interfaces/msg/detail/dds_fastrtps
[3.322s] -- Up-to-date: /home/nikhil/Work/ROS/install/my_robot_interfaces/include/my_robot_interfaces/my_robot_interfaces/srv
[3.323s] -- Up-to-date: /home/nikhil/Work/ROS/install/my_robot_interfaces/include/my_robot_interfaces/my_robot_interfaces/srv/detail
[3.323s] -- Installing: /home/nikhil/Work/ROS/install/my_robot_interfaces/include/my_robot_interfaces/my_robot_interfaces/srv/detail/compute_rectangle__rosidl_typesupport_fastrtps_cpp.hpp
[3.323s] -- Installing: /home/nikhil/Work/ROS/install/my_robot_interfaces/include/my_robot_interfaces/my_robot_interfaces/srv/detail/dds_fastrtps
[3.323s] -- Installing: /home/nikhil/Work/ROS/install/my_robot_interfaces/include/my_robot_interfaces/my_robot_interfaces/srv/detail/set_led__rosidl_typesupport_fastrtps_cpp.hpp
[3.323s] -- Installing: /home/nikhil/Work/ROS/install/my_robot_interfaces/lib/libmy_robot_interfaces__rosidl_typesupport_fastrtps_cpp.so
[3.323s] -- Set runtime path of "/home/nikhil/Work/ROS/install/my_robot_interfaces/lib/libmy_robot_interfaces__rosidl_typesupport_fastrtps_cpp.so" to ""
[3.323s] -- Up-to-date: /home/nikhil/Work/ROS/install/my_robot_interfaces/include/my_robot_interfaces/my_robot_interfaces
[3.323s] -- Up-to-date: /home/nikhil/Work/ROS/install/my_robot_interfaces/include/my_robot_interfaces/my_robot_interfaces/msg
[3.323s] -- Up-to-date: /home/nikhil/Work/ROS/install/my_robot_interfaces/include/my_robot_interfaces/my_robot_interfaces/msg/detail
[3.323s] -- Installing: /home/nikhil/Work/ROS/install/my_robot_interfaces/include/my_robot_interfaces/my_robot_interfaces/msg/detail/hardware_status__type_support.cpp
[3.323s] -- Installing: /home/nikhil/Work/ROS/install/my_robot_interfaces/include/my_robot_interfaces/my_robot_interfaces/msg/detail/robot_location__rosidl_typesupport_introspection_cpp.hpp
[3.324s] -- Installing: /home/nikhil/Work/ROS/install/my_robot_interfaces/include/my_robot_interfaces/my_robot_interfaces/msg/detail/led_status__rosidl_typesupport_introspection_cpp.hpp
[3.324s] -- Installing: /home/nikhil/Work/ROS/install/my_robot_interfaces/include/my_robot_interfaces/my_robot_interfaces/msg/detail/hardware_status__rosidl_typesupport_introspection_cpp.hpp
[3.324s] -- Installing: /home/nikhil/Work/ROS/install/my_robot_interfaces/include/my_robot_interfaces/my_robot_interfaces/msg/detail/robot_location__type_support.cpp
[3.324s] -- Installing: /home/nikhil/Work/ROS/install/my_robot_interfaces/include/my_robot_interfaces/my_robot_interfaces/msg/detail/led_status__type_support.cpp
[3.324s] -- Up-to-date: /home/nikhil/Work/ROS/install/my_robot_interfaces/include/my_robot_interfaces/my_robot_interfaces/srv
[3.324s] -- Up-to-date: /home/nikhil/Work/ROS/install/my_robot_interfaces/include/my_robot_interfaces/my_robot_interfaces/srv/detail
[3.324s] -- Installing: /home/nikhil/Work/ROS/install/my_robot_interfaces/include/my_robot_interfaces/my_robot_interfaces/srv/detail/set_led__type_support.cpp
[3.324s] -- Installing: /home/nikhil/Work/ROS/install/my_robot_interfaces/include/my_robot_interfaces/my_robot_interfaces/srv/detail/compute_rectangle__type_support.cpp
[3.324s] -- Installing: /home/nikhil/Work/ROS/install/my_robot_interfaces/include/my_robot_interfaces/my_robot_interfaces/srv/detail/set_led__rosidl_typesupport_introspection_cpp.hpp
[3.324s] -- Installing: /home/nikhil/Work/ROS/install/my_robot_interfaces/include/my_robot_interfaces/my_robot_interfaces/srv/detail/compute_rectangle__rosidl_typesupport_introspection_cpp.hpp
[3.324s] -- Installing: /home/nikhil/Work/ROS/install/my_robot_interfaces/lib/libmy_robot_interfaces__rosidl_typesupport_introspection_cpp.so
[3.325s] -- Set runtime path of "/home/nikhil/Work/ROS/install/my_robot_interfaces/lib/libmy_robot_interfaces__rosidl_typesupport_introspection_cpp.so" to ""
[3.325s] -- Installing: /home/nikhil/Work/ROS/install/my_robot_interfaces/lib/libmy_robot_interfaces__rosidl_typesupport_cpp.so
[3.325s] -- Set runtime path of "/home/nikhil/Work/ROS/install/my_robot_interfaces/lib/libmy_robot_interfaces__rosidl_typesupport_cpp.so" to ""
[3.325s] -- Installing: /home/nikhil/Work/ROS/install/my_robot_interfaces/share/my_robot_interfaces/environment/pythonpath.sh
[3.325s] -- Installing: /home/nikhil/Work/ROS/install/my_robot_interfaces/share/my_robot_interfaces/environment/pythonpath.dsv
[3.325s] -- Installing: /home/nikhil/Work/ROS/install/my_robot_interfaces/local/lib/python3.10/dist-packages/my_robot_interfaces-0.0.0-py3.10.egg-info
[3.326s] -- Installing: /home/nikhil/Work/ROS/install/my_robot_interfaces/local/lib/python3.10/dist-packages/my_robot_interfaces-0.0.0-py3.10.egg-info/top_level.txt
[3.326s] -- Installing: /home/nikhil/Work/ROS/install/my_robot_interfaces/local/lib/python3.10/dist-packages/my_robot_interfaces-0.0.0-py3.10.egg-info/PKG-INFO
[3.326s] -- Installing: /home/nikhil/Work/ROS/install/my_robot_interfaces/local/lib/python3.10/dist-packages/my_robot_interfaces-0.0.0-py3.10.egg-info/SOURCES.txt
[3.326s] -- Installing: /home/nikhil/Work/ROS/install/my_robot_interfaces/local/lib/python3.10/dist-packages/my_robot_interfaces-0.0.0-py3.10.egg-info/dependency_links.txt
[3.326s] -- Installing: /home/nikhil/Work/ROS/install/my_robot_interfaces/local/lib/python3.10/dist-packages/my_robot_interfaces
[3.326s] -- Installing: /home/nikhil/Work/ROS/install/my_robot_interfaces/local/lib/python3.10/dist-packages/my_robot_interfaces/my_robot_interfaces_s__rosidl_typesupport_introspection_c.cpython-310-x86_64-linux-gnu.so
[3.326s] -- Installing: /home/nikhil/Work/ROS/install/my_robot_interfaces/local/lib/python3.10/dist-packages/my_robot_interfaces/__init__.py
[3.326s] -- Installing: /home/nikhil/Work/ROS/install/my_robot_interfaces/local/lib/python3.10/dist-packages/my_robot_interfaces/libmy_robot_interfaces__rosidl_generator_py.so
[3.327s] -- Installing: /home/nikhil/Work/ROS/install/my_robot_interfaces/local/lib/python3.10/dist-packages/my_robot_interfaces/_my_robot_interfaces_s.ep.rosidl_typesupport_fastrtps_c.c
[3.327s] -- Installing: /home/nikhil/Work/ROS/install/my_robot_interfaces/local/lib/python3.10/dist-packages/my_robot_interfaces/my_robot_interfaces_s__rosidl_typesupport_fastrtps_c.cpython-310-x86_64-linux-gnu.so
[3.327s] -- Installing: /home/nikhil/Work/ROS/install/my_robot_interfaces/local/lib/python3.10/dist-packages/my_robot_interfaces/_my_robot_interfaces_s.ep.rosidl_typesupport_introspection_c.c
[3.327s] -- Installing: /home/nikhil/Work/ROS/install/my_robot_interfaces/local/lib/python3.10/dist-packages/my_robot_interfaces/my_robot_interfaces_s__rosidl_typesupport_c.cpython-310-x86_64-linux-gnu.so
[3.327s] -- Installing: /home/nikhil/Work/ROS/install/my_robot_interfaces/local/lib/python3.10/dist-packages/my_robot_interfaces/_my_robot_interfaces_s.ep.rosidl_typesupport_c.c
[3.327s] -- Installing: /home/nikhil/Work/ROS/install/my_robot_interfaces/local/lib/python3.10/dist-packages/my_robot_interfaces/msg
[3.327s] -- Installing: /home/nikhil/Work/ROS/install/my_robot_interfaces/local/lib/python3.10/dist-packages/my_robot_interfaces/msg/_robot_location_s.c
[3.327s] -- Installing: /home/nikhil/Work/ROS/install/my_robot_interfaces/local/lib/python3.10/dist-packages/my_robot_interfaces/msg/_robot_location.py
[3.327s] -- Installing: /home/nikhil/Work/ROS/install/my_robot_interfaces/local/lib/python3.10/dist-packages/my_robot_interfaces/msg/__init__.py
[3.328s] -- Installing: /home/nikhil/Work/ROS/install/my_robot_interfaces/local/lib/python3.10/dist-packages/my_robot_interfaces/msg/_led_status_s.c
[3.328s] -- Installing: /home/nikhil/Work/ROS/install/my_robot_interfaces/local/lib/python3.10/dist-packages/my_robot_interfaces/msg/_led_status.py
[3.328s] -- Installing: /home/nikhil/Work/ROS/install/my_robot_interfaces/local/lib/python3.10/dist-packages/my_robot_interfaces/msg/_hardware_status.py
[3.328s] -- Installing: /home/nikhil/Work/ROS/install/my_robot_interfaces/local/lib/python3.10/dist-packages/my_robot_interfaces/msg/_hardware_status_s.c
[3.328s] -- Installing: /home/nikhil/Work/ROS/install/my_robot_interfaces/local/lib/python3.10/dist-packages/my_robot_interfaces/srv
[3.328s] -- Installing: /home/nikhil/Work/ROS/install/my_robot_interfaces/local/lib/python3.10/dist-packages/my_robot_interfaces/srv/__init__.py
[3.328s] -- Installing: /home/nikhil/Work/ROS/install/my_robot_interfaces/local/lib/python3.10/dist-packages/my_robot_interfaces/srv/_set_led.py
[3.328s] -- Installing: /home/nikhil/Work/ROS/install/my_robot_interfaces/local/lib/python3.10/dist-packages/my_robot_interfaces/srv/_compute_rectangle.py
[3.328s] -- Installing: /home/nikhil/Work/ROS/install/my_robot_interfaces/local/lib/python3.10/dist-packages/my_robot_interfaces/srv/_set_led_s.c
[3.328s] -- Installing: /home/nikhil/Work/ROS/install/my_robot_interfaces/local/lib/python3.10/dist-packages/my_robot_interfaces/srv/_compute_rectangle_s.c
[3.361s] Listing '/home/nikhil/Work/ROS/install/my_robot_interfaces/local/lib/python3.10/dist-packages/my_robot_interfaces'...
[3.361s] Compiling '/home/nikhil/Work/ROS/install/my_robot_interfaces/local/lib/python3.10/dist-packages/my_robot_interfaces/__init__.py'...
[3.361s] Listing '/home/nikhil/Work/ROS/install/my_robot_interfaces/local/lib/python3.10/dist-packages/my_robot_interfaces/msg'...
[3.361s] Compiling '/home/nikhil/Work/ROS/install/my_robot_interfaces/local/lib/python3.10/dist-packages/my_robot_interfaces/msg/__init__.py'...
[3.361s] Compiling '/home/nikhil/Work/ROS/install/my_robot_interfaces/local/lib/python3.10/dist-packages/my_robot_interfaces/msg/_hardware_status.py'...
[3.362s] Compiling '/home/nikhil/Work/ROS/install/my_robot_interfaces/local/lib/python3.10/dist-packages/my_robot_interfaces/msg/_led_status.py'...
[3.362s] Compiling '/home/nikhil/Work/ROS/install/my_robot_interfaces/local/lib/python3.10/dist-packages/my_robot_interfaces/msg/_robot_location.py'...
[3.362s] Listing '/home/nikhil/Work/ROS/install/my_robot_interfaces/local/lib/python3.10/dist-packages/my_robot_interfaces/srv'...
[3.362s] Compiling '/home/nikhil/Work/ROS/install/my_robot_interfaces/local/lib/python3.10/dist-packages/my_robot_interfaces/srv/__init__.py'...
[3.362s] Compiling '/home/nikhil/Work/ROS/install/my_robot_interfaces/local/lib/python3.10/dist-packages/my_robot_interfaces/srv/_compute_rectangle.py'...
[3.362s] Compiling '/home/nikhil/Work/ROS/install/my_robot_interfaces/local/lib/python3.10/dist-packages/my_robot_interfaces/srv/_set_led.py'...
[3.365s] -- Installing: /home/nikhil/Work/ROS/install/my_robot_interfaces/local/lib/python3.10/dist-packages/my_robot_interfaces/my_robot_interfaces_s__rosidl_typesupport_fastrtps_c.cpython-310-x86_64-linux-gnu.so
[3.365s] -- Set runtime path of "/home/nikhil/Work/ROS/install/my_robot_interfaces/local/lib/python3.10/dist-packages/my_robot_interfaces/my_robot_interfaces_s__rosidl_typesupport_fastrtps_c.cpython-310-x86_64-linux-gnu.so" to ""
[3.365s] -- Installing: /home/nikhil/Work/ROS/install/my_robot_interfaces/local/lib/python3.10/dist-packages/my_robot_interfaces/my_robot_interfaces_s__rosidl_typesupport_introspection_c.cpython-310-x86_64-linux-gnu.so
[3.365s] -- Set runtime path of "/home/nikhil/Work/ROS/install/my_robot_interfaces/local/lib/python3.10/dist-packages/my_robot_interfaces/my_robot_interfaces_s__rosidl_typesupport_introspection_c.cpython-310-x86_64-linux-gnu.so" to ""
[3.366s] -- Installing: /home/nikhil/Work/ROS/install/my_robot_interfaces/local/lib/python3.10/dist-packages/my_robot_interfaces/my_robot_interfaces_s__rosidl_typesupport_c.cpython-310-x86_64-linux-gnu.so
[3.366s] -- Set runtime path of "/home/nikhil/Work/ROS/install/my_robot_interfaces/local/lib/python3.10/dist-packages/my_robot_interfaces/my_robot_interfaces_s__rosidl_typesupport_c.cpython-310-x86_64-linux-gnu.so" to ""
[3.366s] -- Installing: /home/nikhil/Work/ROS/install/my_robot_interfaces/lib/libmy_robot_interfaces__rosidl_generator_py.so
[3.367s] -- Set runtime path of "/home/nikhil/Work/ROS/install/my_robot_interfaces/lib/libmy_robot_interfaces__rosidl_generator_py.so" to ""
[3.367s] -- Installing: /home/nikhil/Work/ROS/install/my_robot_interfaces/share/my_robot_interfaces/msg/HardwareStatus.idl
[3.368s] -- Installing: /home/nikhil/Work/ROS/install/my_robot_interfaces/share/my_robot_interfaces/msg/LedStatus.idl
[3.368s] -- Installing: /home/nikhil/Work/ROS/install/my_robot_interfaces/share/my_robot_interfaces/msg/RobotLocation.idl
[3.368s] -- Installing: /home/nikhil/Work/ROS/install/my_robot_interfaces/share/my_robot_interfaces/srv/ComputeRectangle.idl
[3.368s] -- Installing: /home/nikhil/Work/ROS/install/my_robot_interfaces/share/my_robot_interfaces/srv/SetLed.idl
[3.369s] -- Installing: /home/nikhil/Work/ROS/install/my_robot_interfaces/share/my_robot_interfaces/msg/HardwareStatus.msg
[3.369s] -- Installing: /home/nikhil/Work/ROS/install/my_robot_interfaces/share/my_robot_interfaces/msg/LedStatus.msg
[3.369s] -- Installing: /home/nikhil/Work/ROS/install/my_robot_interfaces/share/my_robot_interfaces/msg/RobotLocation.msg
[3.369s] -- Installing: /home/nikhil/Work/ROS/install/my_robot_interfaces/share/my_robot_interfaces/srv/ComputeRectangle.srv
[3.369s] -- Installing: /home/nikhil/Work/ROS/install/my_robot_interfaces/share/my_robot_interfaces/srv/ComputeRectangle_Request.msg
[3.369s] -- Installing: /home/nikhil/Work/ROS/install/my_robot_interfaces/share/my_robot_interfaces/srv/ComputeRectangle_Response.msg
[3.370s] -- Installing: /home/nikhil/Work/ROS/install/my_robot_interfaces/share/my_robot_interfaces/srv/SetLed.srv
[3.370s] -- Installing: /home/nikhil/Work/ROS/install/my_robot_interfaces/share/my_robot_interfaces/srv/SetLed_Request.msg
[3.370s] -- Installing: /home/nikhil/Work/ROS/install/my_robot_interfaces/share/my_robot_interfaces/srv/SetLed_Response.msg
[3.370s] -- Installing: /home/nikhil/Work/ROS/install/my_robot_interfaces/share/ament_index/resource_index/package_run_dependencies/my_robot_interfaces
[3.370s] -- Installing: /home/nikhil/Work/ROS/install/my_robot_interfaces/share/ament_index/resource_index/parent_prefix_path/my_robot_interfaces
[3.370s] -- Installing: /home/nikhil/Work/ROS/install/my_robot_interfaces/share/my_robot_interfaces/environment/ament_prefix_path.sh
[3.371s] -- Installing: /home/nikhil/Work/ROS/install/my_robot_interfaces/share/my_robot_interfaces/environment/ament_prefix_path.dsv
[3.371s] -- Installing: /home/nikhil/Work/ROS/install/my_robot_interfaces/share/my_robot_interfaces/environment/path.sh
[3.371s] -- Installing: /home/nikhil/Work/ROS/install/my_robot_interfaces/share/my_robot_interfaces/environment/path.dsv
[3.371s] -- Installing: /home/nikhil/Work/ROS/install/my_robot_interfaces/share/my_robot_interfaces/local_setup.bash
[3.371s] -- Installing: /home/nikhil/Work/ROS/install/my_robot_interfaces/share/my_robot_interfaces/local_setup.sh
[3.371s] -- Installing: /home/nikhil/Work/ROS/install/my_robot_interfaces/share/my_robot_interfaces/local_setup.zsh
[3.371s] -- Installing: /home/nikhil/Work/ROS/install/my_robot_interfaces/share/my_robot_interfaces/local_setup.dsv
[3.371s] -- Installing: /home/nikhil/Work/ROS/install/my_robot_interfaces/share/my_robot_interfaces/package.dsv
[3.371s] -- Installing: /home/nikhil/Work/ROS/install/my_robot_interfaces/share/ament_index/resource_index/packages/my_robot_interfaces
[3.372s] -- Installing: /home/nikhil/Work/ROS/install/my_robot_interfaces/share/my_robot_interfaces/cmake/export_my_robot_interfaces__rosidl_generator_cExport.cmake
[3.372s] -- Installing: /home/nikhil/Work/ROS/install/my_robot_interfaces/share/my_robot_interfaces/cmake/export_my_robot_interfaces__rosidl_generator_cExport-noconfig.cmake
[3.372s] -- Installing: /home/nikhil/Work/ROS/install/my_robot_interfaces/share/my_robot_interfaces/cmake/export_my_robot_interfaces__rosidl_typesupport_fastrtps_cExport.cmake
[3.372s] -- Installing: /home/nikhil/Work/ROS/install/my_robot_interfaces/share/my_robot_interfaces/cmake/export_my_robot_interfaces__rosidl_typesupport_fastrtps_cExport-noconfig.cmake
[3.372s] -- Installing: /home/nikhil/Work/ROS/install/my_robot_interfaces/share/my_robot_interfaces/cmake/my_robot_interfaces__rosidl_typesupport_introspection_cExport.cmake
[3.372s] -- Installing: /home/nikhil/Work/ROS/install/my_robot_interfaces/share/my_robot_interfaces/cmake/my_robot_interfaces__rosidl_typesupport_introspection_cExport-noconfig.cmake
[3.372s] -- Installing: /home/nikhil/Work/ROS/install/my_robot_interfaces/share/my_robot_interfaces/cmake/my_robot_interfaces__rosidl_typesupport_cExport.cmake
[3.372s] -- Installing: /home/nikhil/Work/ROS/install/my_robot_interfaces/share/my_robot_interfaces/cmake/my_robot_interfaces__rosidl_typesupport_cExport-noconfig.cmake
[3.373s] -- Installing: /home/nikhil/Work/ROS/install/my_robot_interfaces/share/my_robot_interfaces/cmake/export_my_robot_interfaces__rosidl_generator_cppExport.cmake
[3.373s] -- Installing: /home/nikhil/Work/ROS/install/my_robot_interfaces/share/my_robot_interfaces/cmake/export_my_robot_interfaces__rosidl_typesupport_fastrtps_cppExport.cmake
[3.373s] -- Installing: /home/nikhil/Work/ROS/install/my_robot_interfaces/share/my_robot_interfaces/cmake/export_my_robot_interfaces__rosidl_typesupport_fastrtps_cppExport-noconfig.cmake
[3.373s] -- Installing: /home/nikhil/Work/ROS/install/my_robot_interfaces/share/my_robot_interfaces/cmake/my_robot_interfaces__rosidl_typesupport_introspection_cppExport.cmake
[3.373s] -- Installing: /home/nikhil/Work/ROS/install/my_robot_interfaces/share/my_robot_interfaces/cmake/my_robot_interfaces__rosidl_typesupport_introspection_cppExport-noconfig.cmake
[3.373s] -- Installing: /home/nikhil/Work/ROS/install/my_robot_interfaces/share/my_robot_interfaces/cmake/my_robot_interfaces__rosidl_typesupport_cppExport.cmake
[3.373s] -- Installing: /home/nikhil/Work/ROS/install/my_robot_interfaces/share/my_robot_interfaces/cmake/my_robot_interfaces__rosidl_typesupport_cppExport-noconfig.cmake
[3.374s] -- Installing: /home/nikhil/Work/ROS/install/my_robot_interfaces/share/my_robot_interfaces/cmake/export_my_robot_interfaces__rosidl_generator_pyExport.cmake
[3.374s] -- Installing: /home/nikhil/Work/ROS/install/my_robot_interfaces/share/my_robot_interfaces/cmake/export_my_robot_interfaces__rosidl_generator_pyExport-noconfig.cmake
[3.374s] -- Installing: /home/nikhil/Work/ROS/install/my_robot_interfaces/share/my_robot_interfaces/cmake/rosidl_cmake-extras.cmake
[3.374s] -- Installing: /home/nikhil/Work/ROS/install/my_robot_interfaces/share/my_robot_interfaces/cmake/ament_cmake_export_include_directories-extras.cmake
[3.374s] -- Installing: /home/nikhil/Work/ROS/install/my_robot_interfaces/share/my_robot_interfaces/cmake/ament_cmake_export_libraries-extras.cmake
[3.374s] -- Installing: /home/nikhil/Work/ROS/install/my_robot_interfaces/share/my_robot_interfaces/cmake/ament_cmake_export_targets-extras.cmake
[3.374s] -- Installing: /home/nikhil/Work/ROS/install/my_robot_interfaces/share/my_robot_interfaces/cmake/rosidl_cmake_export_typesupport_targets-extras.cmake
[3.374s] -- Installing: /home/nikhil/Work/ROS/install/my_robot_interfaces/share/my_robot_interfaces/cmake/ament_cmake_export_dependencies-extras.cmake
[3.375s] -- Installing: /home/nikhil/Work/ROS/install/my_robot_interfaces/share/my_robot_interfaces/cmake/rosidl_cmake_export_typesupport_libraries-extras.cmake
[3.375s] -- Installing: /home/nikhil/Work/ROS/install/my_robot_interfaces/share/my_robot_interfaces/cmake/my_robot_interfacesConfig.cmake
[3.375s] -- Installing: /home/nikhil/Work/ROS/install/my_robot_interfaces/share/my_robot_interfaces/cmake/my_robot_interfacesConfig-version.cmake
[3.375s] -- Installing: /home/nikhil/Work/ROS/install/my_robot_interfaces/share/my_robot_interfaces/package.xml
[3.378s] Invoked command in '/home/nikhil/Work/ROS/build/my_robot_interfaces' returned '0': CMAKE_PREFIX_PATH=${CMAKE_PREFIX_PATH}:/home/nikhil/Work/ROS/ros2_ws/install/py_pkg:/opt/ros/humble /usr/bin/cmake --install /home/nikhil/Work/ROS/build/my_robot_interfaces
