[0.011s] Invoking command in '/home/nikhil/Work/ROS/controller_ws/build/diff_drive_controller': CMAKE_PREFIX_PATH=${CMAKE_PREFIX_PATH}:/home/nikhil/Work/ROS/ros2_ws/install/py_pkg:/opt/ros/humble /usr/bin/cmake --build /home/nikhil/Work/ROS/controller_ws/build/diff_drive_controller -- -j20 -l20
[0.051s] [ 13%] Built target gmock_main
[0.052s] [ 26%] Built target diff_drive_controller_parameters
[0.055s] [ 46%] Built target gmock
[0.073s] [ 73%] Built target diff_drive_controller
[0.078s] [ 86%] Built target test_load_diff_drive_controller
[0.094s] [100%] Built target test_diff_drive_controller
[0.101s] Invoked command in '/home/nikhil/Work/ROS/controller_ws/build/diff_drive_controller' returned '0': CMAKE_PREFIX_PATH=${CMAKE_PREFIX_PATH}:/home/nikhil/Work/ROS/ros2_ws/install/py_pkg:/opt/ros/humble /usr/bin/cmake --build /home/nikhil/Work/ROS/controller_ws/build/diff_drive_controller -- -j20 -l20
[0.108s] Invoking command in '/home/nikhil/Work/ROS/controller_ws/build/diff_drive_controller': CMAKE_PREFIX_PATH=${CMAKE_PREFIX_PATH}:/home/nikhil/Work/ROS/ros2_ws/install/py_pkg:/opt/ros/humble /usr/bin/cmake --install /home/nikhil/Work/ROS/controller_ws/build/diff_drive_controller
[0.113s] -- Install configuration: ""
[0.113s] -- Up-to-date: /home/nikhil/Work/ROS/controller_ws/install/diff_drive_controller/include/diff_drive_controller
[0.113s] -- Up-to-date: /home/nikhil/Work/ROS/controller_ws/install/diff_drive_controller/include/diff_drive_controller/diff_drive_controller_parameters.hpp
[0.113s] -- Up-to-date: /home/nikhil/Work/ROS/controller_ws/install/diff_drive_controller/share/diff_drive_controller/diff_drive_plugin.xml
[0.113s] -- Up-to-date: /home/nikhil/Work/ROS/controller_ws/install/diff_drive_controller/include/diff_drive_controller
[0.113s] -- Up-to-date: /home/nikhil/Work/ROS/controller_ws/install/diff_drive_controller/include/diff_drive_controller/diff_drive_controller
[0.113s] -- Up-to-date: /home/nikhil/Work/ROS/controller_ws/install/diff_drive_controller/include/diff_drive_controller/diff_drive_controller/diff_drive_controller.hpp
[0.113s] -- Up-to-date: /home/nikhil/Work/ROS/controller_ws/install/diff_drive_controller/include/diff_drive_controller/diff_drive_controller/odometry.hpp
[0.113s] -- Up-to-date: /home/nikhil/Work/ROS/controller_ws/install/diff_drive_controller/include/diff_drive_controller/diff_drive_controller/speed_limiter.hpp
[0.113s] -- Up-to-date: /home/nikhil/Work/ROS/controller_ws/install/diff_drive_controller/include/diff_drive_controller/diff_drive_controller/visibility_control.h
[0.113s] -- Up-to-date: /home/nikhil/Work/ROS/controller_ws/install/diff_drive_controller/lib/libdiff_drive_controller.so
[0.114s] -- Up-to-date: /home/nikhil/Work/ROS/controller_ws/install/diff_drive_controller/share/diff_drive_controller/environment/library_path.sh
[0.114s] -- Up-to-date: /home/nikhil/Work/ROS/controller_ws/install/diff_drive_controller/share/diff_drive_controller/environment/library_path.dsv
[0.114s] -- Up-to-date: /home/nikhil/Work/ROS/controller_ws/install/diff_drive_controller/share/ament_index/resource_index/package_run_dependencies/diff_drive_controller
[0.114s] -- Up-to-date: /home/nikhil/Work/ROS/controller_ws/install/diff_drive_controller/share/ament_index/resource_index/parent_prefix_path/diff_drive_controller
[0.114s] -- Up-to-date: /home/nikhil/Work/ROS/controller_ws/install/diff_drive_controller/share/diff_drive_controller/environment/ament_prefix_path.sh
[0.114s] -- Up-to-date: /home/nikhil/Work/ROS/controller_ws/install/diff_drive_controller/share/diff_drive_controller/environment/ament_prefix_path.dsv
[0.114s] -- Up-to-date: /home/nikhil/Work/ROS/controller_ws/install/diff_drive_controller/share/diff_drive_controller/environment/path.sh
[0.114s] -- Up-to-date: /home/nikhil/Work/ROS/controller_ws/install/diff_drive_controller/share/diff_drive_controller/environment/path.dsv
[0.114s] -- Up-to-date: /home/nikhil/Work/ROS/controller_ws/install/diff_drive_controller/share/diff_drive_controller/local_setup.bash
[0.114s] -- Up-to-date: /home/nikhil/Work/ROS/controller_ws/install/diff_drive_controller/share/diff_drive_controller/local_setup.sh
[0.114s] -- Up-to-date: /home/nikhil/Work/ROS/controller_ws/install/diff_drive_controller/share/diff_drive_controller/local_setup.zsh
[0.114s] -- Up-to-date: /home/nikhil/Work/ROS/controller_ws/install/diff_drive_controller/share/diff_drive_controller/local_setup.dsv
[0.114s] -- Installing: /home/nikhil/Work/ROS/controller_ws/install/diff_drive_controller/share/diff_drive_controller/package.dsv
[0.114s] -- Up-to-date: /home/nikhil/Work/ROS/controller_ws/install/diff_drive_controller/share/ament_index/resource_index/packages/diff_drive_controller
[0.114s] -- Up-to-date: /home/nikhil/Work/ROS/controller_ws/install/diff_drive_controller/share/ament_index/resource_index/controller_interface__pluginlib__plugin/diff_drive_controller
[0.114s] -- Up-to-date: /home/nikhil/Work/ROS/controller_ws/install/diff_drive_controller/share/diff_drive_controller/cmake/export_diff_drive_controllerExport.cmake
[0.114s] -- Up-to-date: /home/nikhil/Work/ROS/controller_ws/install/diff_drive_controller/share/diff_drive_controller/cmake/export_diff_drive_controllerExport-noconfig.cmake
[0.114s] -- Up-to-date: /home/nikhil/Work/ROS/controller_ws/install/diff_drive_controller/share/diff_drive_controller/cmake/ament_cmake_export_dependencies-extras.cmake
[0.114s] -- Up-to-date: /home/nikhil/Work/ROS/controller_ws/install/diff_drive_controller/share/diff_drive_controller/cmake/ament_cmake_export_targets-extras.cmake
[0.114s] -- Up-to-date: /home/nikhil/Work/ROS/controller_ws/install/diff_drive_controller/share/diff_drive_controller/cmake/diff_drive_controllerConfig.cmake
[0.114s] -- Up-to-date: /home/nikhil/Work/ROS/controller_ws/install/diff_drive_controller/share/diff_drive_controller/cmake/diff_drive_controllerConfig-version.cmake
[0.114s] -- Up-to-date: /home/nikhil/Work/ROS/controller_ws/install/diff_drive_controller/share/diff_drive_controller/package.xml
[0.115s] Invoked command in '/home/nikhil/Work/ROS/controller_ws/build/diff_drive_controller' returned '0': CMAKE_PREFIX_PATH=${CMAKE_PREFIX_PATH}:/home/nikhil/Work/ROS/ros2_ws/install/py_pkg:/opt/ros/humble /usr/bin/cmake --install /home/nikhil/Work/ROS/controller_ws/build/diff_drive_controller
