[0.010s] Invoking command in '/home/nikhil/Work/ROS/build/turtlebot3_simulations': AMENT_PREFIX_PATH=/home/nikhil/Work/ROS/install/turtlebot3_gazebo:/home/nikhil/Work/ROS/install/turtlebot3_fake_node:${AMENT_PREFIX_PATH} CMAKE_PREFIX_PATH=/home/nikhil/Work/ROS/install/turtlebot3_gazebo:/home/nikhil/Work/ROS/install/turtlebot3_fake_node:/home/nikhil/Work/ROS/turtlebot3_ws/install/turtlebot3_simulations:/home/nikhil/Work/ROS/turtlebot3_ws/install/turtlebot3_gazebo:/home/nikhil/Work/ROS/turtlebot3_ws/install/turtlebot3_fake_node:/home/nikhil/Work/ROS/ros2_ws_1/install/mera_robot_bringup:/home/nikhil/Work/ROS/ros2_ws_1/install/my_robot_description:/home/nikhil/Work/ROS/ros2_ws/install/my_robot_bringup:/home/nikhil/Work/ROS/ros2_ws/install/cpp_pkg:/home/nikhil/Work/ROS/ros2_ws/install/course_activities:/home/nikhil/Work/ROS/ros2_ws/install/my_robot_interfaces:/home/nikhil/Work/ROS/ros2_ws/install/py_pkg:/opt/ros/humble /usr/bin/cmake /home/nikhil/Work/ROS/turtlebot3_ws/src/turtlebot3_simulations -DCMAKE_INSTALL_PREFIX=/home/nikhil/Work/ROS/install/turtlebot3_simulations
[0.058s] -- The C compiler identification is GNU 11.4.0
[0.100s] -- The CXX compiler identification is GNU 11.4.0
[0.106s] -- Detecting C compiler ABI info
[0.158s] -- Detecting C compiler ABI info - done
[0.165s] -- Check for working C compiler: /usr/bin/cc - skipped
[0.165s] -- Detecting C compile features
[0.166s] -- Detecting C compile features - done
[0.169s] -- Detecting CXX compiler ABI info
[0.229s] -- Detecting CXX compiler ABI info - done
[0.234s] -- Check for working CXX compiler: /usr/bin/c++ - skipped
[0.234s] -- Detecting CXX compile features
[0.234s] -- Detecting CXX compile features - done
[0.241s] -- Found ament_cmake: 1.3.11 (/opt/ros/humble/share/ament_cmake/cmake)
[0.371s] -- Found Python3: /usr/bin/python3 (found version "3.10.12") found components: Interpreter 
[0.506s] -- Configuring done
[0.507s] -- Generating done
[0.508s] -- Build files have been written to: /home/nikhil/Work/ROS/build/turtlebot3_simulations
[0.511s] Invoked command in '/home/nikhil/Work/ROS/build/turtlebot3_simulations' returned '0': AMENT_PREFIX_PATH=/home/nikhil/Work/ROS/install/turtlebot3_gazebo:/home/nikhil/Work/ROS/install/turtlebot3_fake_node:${AMENT_PREFIX_PATH} CMAKE_PREFIX_PATH=/home/nikhil/Work/ROS/install/turtlebot3_gazebo:/home/nikhil/Work/ROS/install/turtlebot3_fake_node:/home/nikhil/Work/ROS/turtlebot3_ws/install/turtlebot3_simulations:/home/nikhil/Work/ROS/turtlebot3_ws/install/turtlebot3_gazebo:/home/nikhil/Work/ROS/turtlebot3_ws/install/turtlebot3_fake_node:/home/nikhil/Work/ROS/ros2_ws_1/install/mera_robot_bringup:/home/nikhil/Work/ROS/ros2_ws_1/install/my_robot_description:/home/nikhil/Work/ROS/ros2_ws/install/my_robot_bringup:/home/nikhil/Work/ROS/ros2_ws/install/cpp_pkg:/home/nikhil/Work/ROS/ros2_ws/install/course_activities:/home/nikhil/Work/ROS/ros2_ws/install/my_robot_interfaces:/home/nikhil/Work/ROS/ros2_ws/install/py_pkg:/opt/ros/humble /usr/bin/cmake /home/nikhil/Work/ROS/turtlebot3_ws/src/turtlebot3_simulations -DCMAKE_INSTALL_PREFIX=/home/nikhil/Work/ROS/install/turtlebot3_simulations
[0.512s] Invoking command in '/home/nikhil/Work/ROS/build/turtlebot3_simulations': AMENT_PREFIX_PATH=/home/nikhil/Work/ROS/install/turtlebot3_gazebo:/home/nikhil/Work/ROS/install/turtlebot3_fake_node:${AMENT_PREFIX_PATH} CMAKE_PREFIX_PATH=/home/nikhil/Work/ROS/install/turtlebot3_gazebo:/home/nikhil/Work/ROS/install/turtlebot3_fake_node:/home/nikhil/Work/ROS/turtlebot3_ws/install/turtlebot3_simulations:/home/nikhil/Work/ROS/turtlebot3_ws/install/turtlebot3_gazebo:/home/nikhil/Work/ROS/turtlebot3_ws/install/turtlebot3_fake_node:/home/nikhil/Work/ROS/ros2_ws_1/install/mera_robot_bringup:/home/nikhil/Work/ROS/ros2_ws_1/install/my_robot_description:/home/nikhil/Work/ROS/ros2_ws/install/my_robot_bringup:/home/nikhil/Work/ROS/ros2_ws/install/cpp_pkg:/home/nikhil/Work/ROS/ros2_ws/install/course_activities:/home/nikhil/Work/ROS/ros2_ws/install/my_robot_interfaces:/home/nikhil/Work/ROS/ros2_ws/install/py_pkg:/opt/ros/humble /usr/bin/cmake --build /home/nikhil/Work/ROS/build/turtlebot3_simulations -- -j20 -l20
[0.541s] Invoked command in '/home/nikhil/Work/ROS/build/turtlebot3_simulations' returned '0': AMENT_PREFIX_PATH=/home/nikhil/Work/ROS/install/turtlebot3_gazebo:/home/nikhil/Work/ROS/install/turtlebot3_fake_node:${AMENT_PREFIX_PATH} CMAKE_PREFIX_PATH=/home/nikhil/Work/ROS/install/turtlebot3_gazebo:/home/nikhil/Work/ROS/install/turtlebot3_fake_node:/home/nikhil/Work/ROS/turtlebot3_ws/install/turtlebot3_simulations:/home/nikhil/Work/ROS/turtlebot3_ws/install/turtlebot3_gazebo:/home/nikhil/Work/ROS/turtlebot3_ws/install/turtlebot3_fake_node:/home/nikhil/Work/ROS/ros2_ws_1/install/mera_robot_bringup:/home/nikhil/Work/ROS/ros2_ws_1/install/my_robot_description:/home/nikhil/Work/ROS/ros2_ws/install/my_robot_bringup:/home/nikhil/Work/ROS/ros2_ws/install/cpp_pkg:/home/nikhil/Work/ROS/ros2_ws/install/course_activities:/home/nikhil/Work/ROS/ros2_ws/install/my_robot_interfaces:/home/nikhil/Work/ROS/ros2_ws/install/py_pkg:/opt/ros/humble /usr/bin/cmake --build /home/nikhil/Work/ROS/build/turtlebot3_simulations -- -j20 -l20
[0.542s] Invoking command in '/home/nikhil/Work/ROS/build/turtlebot3_simulations': AMENT_PREFIX_PATH=/home/nikhil/Work/ROS/install/turtlebot3_gazebo:/home/nikhil/Work/ROS/install/turtlebot3_fake_node:${AMENT_PREFIX_PATH} CMAKE_PREFIX_PATH=/home/nikhil/Work/ROS/install/turtlebot3_gazebo:/home/nikhil/Work/ROS/install/turtlebot3_fake_node:/home/nikhil/Work/ROS/turtlebot3_ws/install/turtlebot3_simulations:/home/nikhil/Work/ROS/turtlebot3_ws/install/turtlebot3_gazebo:/home/nikhil/Work/ROS/turtlebot3_ws/install/turtlebot3_fake_node:/home/nikhil/Work/ROS/ros2_ws_1/install/mera_robot_bringup:/home/nikhil/Work/ROS/ros2_ws_1/install/my_robot_description:/home/nikhil/Work/ROS/ros2_ws/install/my_robot_bringup:/home/nikhil/Work/ROS/ros2_ws/install/cpp_pkg:/home/nikhil/Work/ROS/ros2_ws/install/course_activities:/home/nikhil/Work/ROS/ros2_ws/install/my_robot_interfaces:/home/nikhil/Work/ROS/ros2_ws/install/py_pkg:/opt/ros/humble /usr/bin/cmake --install /home/nikhil/Work/ROS/build/turtlebot3_simulations
[0.547s] -- Install configuration: ""
[0.547s] -- Installing: /home/nikhil/Work/ROS/install/turtlebot3_simulations/share/ament_index/resource_index/package_run_dependencies/turtlebot3_simulations
[0.547s] -- Installing: /home/nikhil/Work/ROS/install/turtlebot3_simulations/share/ament_index/resource_index/parent_prefix_path/turtlebot3_simulations
[0.547s] -- Installing: /home/nikhil/Work/ROS/install/turtlebot3_simulations/share/turtlebot3_simulations/environment/ament_prefix_path.sh
[0.548s] -- Installing: /home/nikhil/Work/ROS/install/turtlebot3_simulations/share/turtlebot3_simulations/environment/ament_prefix_path.dsv
[0.548s] -- Installing: /home/nikhil/Work/ROS/install/turtlebot3_simulations/share/turtlebot3_simulations/environment/path.sh
[0.548s] -- Installing: /home/nikhil/Work/ROS/install/turtlebot3_simulations/share/turtlebot3_simulations/environment/path.dsv
[0.548s] -- Installing: /home/nikhil/Work/ROS/install/turtlebot3_simulations/share/turtlebot3_simulations/local_setup.bash
[0.548s] -- Installing: /home/nikhil/Work/ROS/install/turtlebot3_simulations/share/turtlebot3_simulations/local_setup.sh
[0.548s] -- Installing: /home/nikhil/Work/ROS/install/turtlebot3_simulations/share/turtlebot3_simulations/local_setup.zsh
[0.548s] -- Installing: /home/nikhil/Work/ROS/install/turtlebot3_simulations/share/turtlebot3_simulations/local_setup.dsv
[0.548s] -- Installing: /home/nikhil/Work/ROS/install/turtlebot3_simulations/share/turtlebot3_simulations/package.dsv
[0.548s] -- Installing: /home/nikhil/Work/ROS/install/turtlebot3_simulations/share/ament_index/resource_index/packages/turtlebot3_simulations
[0.548s] -- Installing: /home/nikhil/Work/ROS/install/turtlebot3_simulations/share/turtlebot3_simulations/cmake/turtlebot3_simulationsConfig.cmake
[0.548s] -- Installing: /home/nikhil/Work/ROS/install/turtlebot3_simulations/share/turtlebot3_simulations/cmake/turtlebot3_simulationsConfig-version.cmake
[0.548s] -- Installing: /home/nikhil/Work/ROS/install/turtlebot3_simulations/share/turtlebot3_simulations/package.xml
[0.549s] Invoked command in '/home/nikhil/Work/ROS/build/turtlebot3_simulations' returned '0': AMENT_PREFIX_PATH=/home/nikhil/Work/ROS/install/turtlebot3_gazebo:/home/nikhil/Work/ROS/install/turtlebot3_fake_node:${AMENT_PREFIX_PATH} CMAKE_PREFIX_PATH=/home/nikhil/Work/ROS/install/turtlebot3_gazebo:/home/nikhil/Work/ROS/install/turtlebot3_fake_node:/home/nikhil/Work/ROS/turtlebot3_ws/install/turtlebot3_simulations:/home/nikhil/Work/ROS/turtlebot3_ws/install/turtlebot3_gazebo:/home/nikhil/Work/ROS/turtlebot3_ws/install/turtlebot3_fake_node:/home/nikhil/Work/ROS/ros2_ws_1/install/mera_robot_bringup:/home/nikhil/Work/ROS/ros2_ws_1/install/my_robot_description:/home/nikhil/Work/ROS/ros2_ws/install/my_robot_bringup:/home/nikhil/Work/ROS/ros2_ws/install/cpp_pkg:/home/nikhil/Work/ROS/ros2_ws/install/course_activities:/home/nikhil/Work/ROS/ros2_ws/install/my_robot_interfaces:/home/nikhil/Work/ROS/ros2_ws/install/py_pkg:/opt/ros/humble /usr/bin/cmake --install /home/nikhil/Work/ROS/build/turtlebot3_simulations
