[0.006s] Invoking command in '/home/nikhil/Work/ROS/ros2_ws/build/cpp_pkg': CMAKE_PREFIX_PATH=/home/nikhil/Work/ROS/ros2_ws/install/my_robot_interfaces:/home/nikhil/Work/ROS/turtlebot3_ws/install/turtlebot3_simulations:/home/nikhil/Work/ROS/turtlebot3_ws/install/turtlebot3_gazebo:/home/nikhil/Work/ROS/turtlebot3_ws/install/turtlebot3_fake_node:/home/nikhil/Work/ROS/ros2_ws_1/install/mera_robot_bringup:/home/nikhil/Work/ROS/ros2_ws_1/install/my_robot_description:/home/nikhil/Work/ROS/ros2_ws/install/my_robot_bringup:/home/nikhil/Work/ROS/ros2_ws/install/cpp_pkg:/home/nikhil/Work/ROS/ros2_ws/install/course_activities:/home/nikhil/Work/ROS/ros2_ws/install/py_pkg:/opt/ros/humble /usr/bin/cmake /home/nikhil/Work/ROS/ros2_ws/src/cpp_pkg -DCMAKE_INSTALL_PREFIX=/home/nikhil/Work/ROS/ros2_ws/install/cpp_pkg
[0.045s] -- The C compiler identification is GNU 11.4.0
[0.084s] -- The CXX compiler identification is GNU 11.4.0
[0.089s] -- Detecting C compiler ABI info
[0.137s] -- Detecting C compiler ABI info - done
[0.141s] -- Check for working C compiler: /usr/bin/cc - skipped
[0.141s] -- Detecting C compile features
[0.141s] -- Detecting C compile features - done
[0.143s] -- Detecting CXX compiler ABI info
[0.198s] -- Detecting CXX compiler ABI info - done
[0.202s] -- Check for working CXX compiler: /usr/bin/c++ - skipped
[0.202s] -- Detecting CXX compile features
[0.202s] -- Detecting CXX compile features - done
[0.204s] -- Found ament_cmake: 1.3.11 (/opt/ros/humble/share/ament_cmake/cmake)
[0.299s] -- Found Python3: /usr/bin/python3 (found version "3.10.12") found components: Interpreter 
[0.366s] -- Found rclcpp: 16.0.11 (/opt/ros/humble/share/rclcpp/cmake)
[0.395s] -- Found rosidl_generator_c: 3.1.6 (/opt/ros/humble/share/rosidl_generator_c/cmake)
[0.398s] -- Found rosidl_adapter: 3.1.6 (/opt/ros/humble/share/rosidl_adapter/cmake)
[0.403s] -- Found rosidl_generator_cpp: 3.1.6 (/opt/ros/humble/share/rosidl_generator_cpp/cmake)
[0.410s] -- Using all available rosidl_typesupport_c: rosidl_typesupport_fastrtps_c;rosidl_typesupport_introspection_c
[0.419s] -- Using all available rosidl_typesupport_cpp: rosidl_typesupport_fastrtps_cpp;rosidl_typesupport_introspection_cpp
[0.451s] -- Found rmw_implementation_cmake: 6.1.2 (/opt/ros/humble/share/rmw_implementation_cmake/cmake)
[0.453s] -- Found rmw_cyclonedds_cpp: 1.3.4 (/opt/ros/humble/share/rmw_cyclonedds_cpp/cmake)
[0.471s] -- Using RMW implementation 'rmw_cyclonedds_cpp' as default
[0.479s] -- Looking for pthread.h
[0.528s] -- Looking for pthread.h - found
[0.529s] -- Performing Test CMAKE_HAVE_LIBC_PTHREAD
[0.583s] -- Performing Test CMAKE_HAVE_LIBC_PTHREAD - Success
[0.583s] -- Found Threads: TRUE  
[0.627s] -- Found example_interfaces: 0.9.3 (/opt/ros/humble/share/example_interfaces/cmake)
[0.659s] -- Found my_robot_interfaces: 0.0.0 (/home/nikhil/Work/ROS/ros2_ws/install/my_robot_interfaces/share/my_robot_interfaces/cmake)
[0.713s] -- Configuring done
[0.726s] -- Generating done
[0.732s] -- Build files have been written to: /home/nikhil/Work/ROS/ros2_ws/build/cpp_pkg
[0.737s] Invoked command in '/home/nikhil/Work/ROS/ros2_ws/build/cpp_pkg' returned '0': CMAKE_PREFIX_PATH=/home/nikhil/Work/ROS/ros2_ws/install/my_robot_interfaces:/home/nikhil/Work/ROS/turtlebot3_ws/install/turtlebot3_simulations:/home/nikhil/Work/ROS/turtlebot3_ws/install/turtlebot3_gazebo:/home/nikhil/Work/ROS/turtlebot3_ws/install/turtlebot3_fake_node:/home/nikhil/Work/ROS/ros2_ws_1/install/mera_robot_bringup:/home/nikhil/Work/ROS/ros2_ws_1/install/my_robot_description:/home/nikhil/Work/ROS/ros2_ws/install/my_robot_bringup:/home/nikhil/Work/ROS/ros2_ws/install/cpp_pkg:/home/nikhil/Work/ROS/ros2_ws/install/course_activities:/home/nikhil/Work/ROS/ros2_ws/install/py_pkg:/opt/ros/humble /usr/bin/cmake /home/nikhil/Work/ROS/ros2_ws/src/cpp_pkg -DCMAKE_INSTALL_PREFIX=/home/nikhil/Work/ROS/ros2_ws/install/cpp_pkg
[0.737s] Invoking command in '/home/nikhil/Work/ROS/ros2_ws/build/cpp_pkg': CMAKE_PREFIX_PATH=/home/nikhil/Work/ROS/ros2_ws/install/my_robot_interfaces:/home/nikhil/Work/ROS/turtlebot3_ws/install/turtlebot3_simulations:/home/nikhil/Work/ROS/turtlebot3_ws/install/turtlebot3_gazebo:/home/nikhil/Work/ROS/turtlebot3_ws/install/turtlebot3_fake_node:/home/nikhil/Work/ROS/ros2_ws_1/install/mera_robot_bringup:/home/nikhil/Work/ROS/ros2_ws_1/install/my_robot_description:/home/nikhil/Work/ROS/ros2_ws/install/my_robot_bringup:/home/nikhil/Work/ROS/ros2_ws/install/cpp_pkg:/home/nikhil/Work/ROS/ros2_ws/install/course_activities:/home/nikhil/Work/ROS/ros2_ws/install/py_pkg:/opt/ros/humble /usr/bin/cmake --build /home/nikhil/Work/ROS/ros2_ws/build/cpp_pkg -- -j20 -l20
[0.775s] [ 14%] [32mBuilding CXX object CMakeFiles/add_two_ints_client.dir/src/add_two_ints_client.cpp.o[0m
[0.775s] [ 14%] [32mBuilding CXX object CMakeFiles/add_two_ints_client_no_oops.dir/src/add_two_ints_client_no_oops.cpp.o[0m
[0.775s] [ 21%] [32mBuilding CXX object CMakeFiles/hw_status_publisher.dir/src/hw_status_publisher.cpp.o[0m
[0.777s] [ 28%] [32mBuilding CXX object CMakeFiles/add_two_ints_server.dir/src/add_two_ints_server.cpp.o[0m
[0.780s] [ 42%] [32mBuilding CXX object CMakeFiles/robot_news_station.dir/src/robot_news_station.cpp.o[0m
[0.780s] [ 42%] [32mBuilding CXX object CMakeFiles/smartphone.dir/src/smartphone.cpp.o[0m
[0.783s] [ 50%] [32mBuilding CXX object CMakeFiles/cpp_node.dir/src/my_first_node.cpp.o[0m
[2.859s] [ 57%] [32m[1mLinking CXX executable cpp_node[0m
[2.996s] [ 57%] Built target cpp_node
[3.207s] [ 64%] [32m[1mLinking CXX executable add_two_ints_client_no_oops[0m
[3.399s] [ 64%] Built target add_two_ints_client_no_oops
[4.305s] [ 71%] [32m[1mLinking CXX executable add_two_ints_client[0m
[4.422s] [ 71%] Built target add_two_ints_client
[4.521s] [ 78%] [32m[1mLinking CXX executable add_two_ints_server[0m
[4.624s] [ 78%] Built target add_two_ints_server
[5.223s] [ 85%] [32m[1mLinking CXX executable robot_news_station[0m
[5.290s] [ 92%] [32m[1mLinking CXX executable hw_status_publisher[0m
[5.362s] [ 92%] Built target robot_news_station
[5.413s] [ 92%] Built target hw_status_publisher
[6.162s] [100%] [32m[1mLinking CXX executable smartphone[0m
[6.391s] [100%] Built target smartphone
[6.398s] Invoked command in '/home/nikhil/Work/ROS/ros2_ws/build/cpp_pkg' returned '0': CMAKE_PREFIX_PATH=/home/nikhil/Work/ROS/ros2_ws/install/my_robot_interfaces:/home/nikhil/Work/ROS/turtlebot3_ws/install/turtlebot3_simulations:/home/nikhil/Work/ROS/turtlebot3_ws/install/turtlebot3_gazebo:/home/nikhil/Work/ROS/turtlebot3_ws/install/turtlebot3_fake_node:/home/nikhil/Work/ROS/ros2_ws_1/install/mera_robot_bringup:/home/nikhil/Work/ROS/ros2_ws_1/install/my_robot_description:/home/nikhil/Work/ROS/ros2_ws/install/my_robot_bringup:/home/nikhil/Work/ROS/ros2_ws/install/cpp_pkg:/home/nikhil/Work/ROS/ros2_ws/install/course_activities:/home/nikhil/Work/ROS/ros2_ws/install/py_pkg:/opt/ros/humble /usr/bin/cmake --build /home/nikhil/Work/ROS/ros2_ws/build/cpp_pkg -- -j20 -l20
[6.399s] Invoking command in '/home/nikhil/Work/ROS/ros2_ws/build/cpp_pkg': CMAKE_PREFIX_PATH=/home/nikhil/Work/ROS/ros2_ws/install/my_robot_interfaces:/home/nikhil/Work/ROS/turtlebot3_ws/install/turtlebot3_simulations:/home/nikhil/Work/ROS/turtlebot3_ws/install/turtlebot3_gazebo:/home/nikhil/Work/ROS/turtlebot3_ws/install/turtlebot3_fake_node:/home/nikhil/Work/ROS/ros2_ws_1/install/mera_robot_bringup:/home/nikhil/Work/ROS/ros2_ws_1/install/my_robot_description:/home/nikhil/Work/ROS/ros2_ws/install/my_robot_bringup:/home/nikhil/Work/ROS/ros2_ws/install/cpp_pkg:/home/nikhil/Work/ROS/ros2_ws/install/course_activities:/home/nikhil/Work/ROS/ros2_ws/install/py_pkg:/opt/ros/humble /usr/bin/cmake --install /home/nikhil/Work/ROS/ros2_ws/build/cpp_pkg
[6.405s] -- Install configuration: ""
[6.405s] -- Installing: /home/nikhil/Work/ROS/ros2_ws/install/cpp_pkg/lib/cpp_pkg/cpp_node
[6.405s] -- Set runtime path of "/home/nikhil/Work/ROS/ros2_ws/install/cpp_pkg/lib/cpp_pkg/cpp_node" to ""
[6.405s] -- Installing: /home/nikhil/Work/ROS/ros2_ws/install/cpp_pkg/lib/cpp_pkg/robot_news_station
[6.406s] -- Set runtime path of "/home/nikhil/Work/ROS/ros2_ws/install/cpp_pkg/lib/cpp_pkg/robot_news_station" to ""
[6.406s] -- Installing: /home/nikhil/Work/ROS/ros2_ws/install/cpp_pkg/lib/cpp_pkg/smartphone
[6.407s] -- Set runtime path of "/home/nikhil/Work/ROS/ros2_ws/install/cpp_pkg/lib/cpp_pkg/smartphone" to ""
[6.407s] -- Installing: /home/nikhil/Work/ROS/ros2_ws/install/cpp_pkg/lib/cpp_pkg/add_two_ints_server
[6.408s] -- Set runtime path of "/home/nikhil/Work/ROS/ros2_ws/install/cpp_pkg/lib/cpp_pkg/add_two_ints_server" to ""
[6.408s] -- Installing: /home/nikhil/Work/ROS/ros2_ws/install/cpp_pkg/lib/cpp_pkg/add_two_ints_client_no_oops
[6.408s] -- Set runtime path of "/home/nikhil/Work/ROS/ros2_ws/install/cpp_pkg/lib/cpp_pkg/add_two_ints_client_no_oops" to ""
[6.408s] -- Installing: /home/nikhil/Work/ROS/ros2_ws/install/cpp_pkg/lib/cpp_pkg/add_two_ints_client
[6.408s] -- Set runtime path of "/home/nikhil/Work/ROS/ros2_ws/install/cpp_pkg/lib/cpp_pkg/add_two_ints_client" to ""
[6.408s] -- Installing: /home/nikhil/Work/ROS/ros2_ws/install/cpp_pkg/share/ament_index/resource_index/package_run_dependencies/cpp_pkg
[6.408s] -- Installing: /home/nikhil/Work/ROS/ros2_ws/install/cpp_pkg/share/ament_index/resource_index/parent_prefix_path/cpp_pkg
[6.409s] -- Installing: /home/nikhil/Work/ROS/ros2_ws/install/cpp_pkg/share/cpp_pkg/environment/ament_prefix_path.sh
[6.409s] -- Installing: /home/nikhil/Work/ROS/ros2_ws/install/cpp_pkg/share/cpp_pkg/environment/ament_prefix_path.dsv
[6.409s] -- Installing: /home/nikhil/Work/ROS/ros2_ws/install/cpp_pkg/share/cpp_pkg/environment/path.sh
[6.409s] -- Installing: /home/nikhil/Work/ROS/ros2_ws/install/cpp_pkg/share/cpp_pkg/environment/path.dsv
[6.409s] -- Installing: /home/nikhil/Work/ROS/ros2_ws/install/cpp_pkg/share/cpp_pkg/local_setup.bash
[6.409s] -- Installing: /home/nikhil/Work/ROS/ros2_ws/install/cpp_pkg/share/cpp_pkg/local_setup.sh
[6.409s] -- Installing: /home/nikhil/Work/ROS/ros2_ws/install/cpp_pkg/share/cpp_pkg/local_setup.zsh
[6.409s] -- Installing: /home/nikhil/Work/ROS/ros2_ws/install/cpp_pkg/share/cpp_pkg/local_setup.dsv
[6.409s] -- Installing: /home/nikhil/Work/ROS/ros2_ws/install/cpp_pkg/share/cpp_pkg/package.dsv
[6.409s] -- Installing: /home/nikhil/Work/ROS/ros2_ws/install/cpp_pkg/share/ament_index/resource_index/packages/cpp_pkg
[6.409s] -- Installing: /home/nikhil/Work/ROS/ros2_ws/install/cpp_pkg/share/cpp_pkg/cmake/cpp_pkgConfig.cmake
[6.409s] -- Installing: /home/nikhil/Work/ROS/ros2_ws/install/cpp_pkg/share/cpp_pkg/cmake/cpp_pkgConfig-version.cmake
[6.409s] -- Installing: /home/nikhil/Work/ROS/ros2_ws/install/cpp_pkg/share/cpp_pkg/package.xml
[6.411s] Invoked command in '/home/nikhil/Work/ROS/ros2_ws/build/cpp_pkg' returned '0': CMAKE_PREFIX_PATH=/home/nikhil/Work/ROS/ros2_ws/install/my_robot_interfaces:/home/nikhil/Work/ROS/turtlebot3_ws/install/turtlebot3_simulations:/home/nikhil/Work/ROS/turtlebot3_ws/install/turtlebot3_gazebo:/home/nikhil/Work/ROS/turtlebot3_ws/install/turtlebot3_fake_node:/home/nikhil/Work/ROS/ros2_ws_1/install/mera_robot_bringup:/home/nikhil/Work/ROS/ros2_ws_1/install/my_robot_description:/home/nikhil/Work/ROS/ros2_ws/install/my_robot_bringup:/home/nikhil/Work/ROS/ros2_ws/install/cpp_pkg:/home/nikhil/Work/ROS/ros2_ws/install/course_activities:/home/nikhil/Work/ROS/ros2_ws/install/py_pkg:/opt/ros/humble /usr/bin/cmake --install /home/nikhil/Work/ROS/ros2_ws/build/cpp_pkg
