[0.058s] DEBUG:colcon:Command line arguments: ['/usr/bin/colcon', 'build']
[0.058s] DEBUG:colcon:Parsed command line arguments: Namespace(log_base=None, log_level=None, verb_name='build', build_base='build', install_base='install', merge_install=False, symlink_install=False, test_result_base=None, continue_on_error=False, executor='parallel', parallel_workers=20, event_handlers=None, ignore_user_meta=False, metas=['./colcon.meta'], base_paths=['.'], packages_ignore=None, packages_ignore_regex=None, paths=None, packages_up_to=None, packages_up_to_regex=None, packages_above=None, packages_above_and_dependencies=None, packages_above_depth=None, packages_select_by_dep=None, packages_skip_by_dep=None, packages_skip_up_to=None, packages_select_build_failed=False, packages_skip_build_finished=False, packages_select_test_failures=False, packages_skip_test_passed=False, packages_select=None, packages_skip=None, packages_select_regex=None, packages_skip_regex=None, packages_start=None, packages_end=None, allow_overriding=[], cmake_args=None, cmake_target=None, cmake_target_skip_unavailable=False, cmake_clean_cache=False, cmake_clean_first=False, cmake_force_configure=False, ament_cmake_args=None, catkin_cmake_args=None, catkin_skip_building_tests=False, mixin_files=None, mixin=None, verb_parser=<colcon_mixin.mixin.mixin_argument.MixinArgumentDecorator object at 0x7d4363b0da50>, verb_extension=<colcon_core.verb.build.BuildVerb object at 0x7d4363b0cdf0>, main=<bound method BuildVerb.main of <colcon_core.verb.build.BuildVerb object at 0x7d4363b0cdf0>>, mixin_verb=('build',))
[0.145s] Level 1:colcon.colcon_core.package_discovery:discover_packages(colcon_meta) check parameters
[0.145s] Level 1:colcon.colcon_core.package_discovery:discover_packages(recursive) check parameters
[0.145s] Level 1:colcon.colcon_core.package_discovery:discover_packages(ignore) check parameters
[0.145s] Level 1:colcon.colcon_core.package_discovery:discover_packages(path) check parameters
[0.145s] Level 1:colcon.colcon_core.package_discovery:discover_packages(colcon_meta) discover
[0.145s] Level 1:colcon.colcon_core.package_discovery:discover_packages(recursive) discover
[0.145s] INFO:colcon.colcon_core.package_discovery:Crawling recursively for packages in '/home/nikhil/ROS/ros2_ws'
[0.145s] Level 1:colcon.colcon_core.package_identification:_identify(.) by extensions ['ignore', 'ignore_ament_install']
[0.145s] Level 1:colcon.colcon_core.package_identification:_identify(.) by extension 'ignore'
[0.145s] Level 1:colcon.colcon_core.package_identification:_identify(.) by extension 'ignore_ament_install'
[0.145s] Level 1:colcon.colcon_core.package_identification:_identify(.) by extensions ['colcon_pkg']
[0.145s] Level 1:colcon.colcon_core.package_identification:_identify(.) by extension 'colcon_pkg'
[0.145s] Level 1:colcon.colcon_core.package_identification:_identify(.) by extensions ['colcon_meta']
[0.145s] Level 1:colcon.colcon_core.package_identification:_identify(.) by extension 'colcon_meta'
[0.145s] Level 1:colcon.colcon_core.package_identification:_identify(.) by extensions ['ros']
[0.145s] Level 1:colcon.colcon_core.package_identification:_identify(.) by extension 'ros'
[0.151s] Level 1:colcon.colcon_core.package_identification:_identify(.) by extensions ['cmake', 'python']
[0.151s] Level 1:colcon.colcon_core.package_identification:_identify(.) by extension 'cmake'
[0.151s] Level 1:colcon.colcon_core.package_identification:_identify(.) by extension 'python'
[0.151s] Level 1:colcon.colcon_core.package_identification:_identify(.) by extensions ['python_setup_py']
[0.151s] Level 1:colcon.colcon_core.package_identification:_identify(.) by extension 'python_setup_py'
[0.151s] Level 1:colcon.colcon_core.package_identification:_identify(build) by extensions ['ignore', 'ignore_ament_install']
[0.151s] Level 1:colcon.colcon_core.package_identification:_identify(build) by extension 'ignore'
[0.151s] Level 1:colcon.colcon_core.package_identification:_identify(build) ignored
[0.151s] Level 1:colcon.colcon_core.package_identification:_identify(install) by extensions ['ignore', 'ignore_ament_install']
[0.151s] Level 1:colcon.colcon_core.package_identification:_identify(install) by extension 'ignore'
[0.151s] Level 1:colcon.colcon_core.package_identification:_identify(install) ignored
[0.151s] Level 1:colcon.colcon_core.package_identification:_identify(log) by extensions ['ignore', 'ignore_ament_install']
[0.151s] Level 1:colcon.colcon_core.package_identification:_identify(log) by extension 'ignore'
[0.151s] Level 1:colcon.colcon_core.package_identification:_identify(log) ignored
[0.151s] Level 1:colcon.colcon_core.package_identification:_identify(src) by extensions ['ignore', 'ignore_ament_install']
[0.151s] Level 1:colcon.colcon_core.package_identification:_identify(src) by extension 'ignore'
[0.151s] Level 1:colcon.colcon_core.package_identification:_identify(src) by extension 'ignore_ament_install'
[0.151s] Level 1:colcon.colcon_core.package_identification:_identify(src) by extensions ['colcon_pkg']
[0.151s] Level 1:colcon.colcon_core.package_identification:_identify(src) by extension 'colcon_pkg'
[0.151s] Level 1:colcon.colcon_core.package_identification:_identify(src) by extensions ['colcon_meta']
[0.151s] Level 1:colcon.colcon_core.package_identification:_identify(src) by extension 'colcon_meta'
[0.152s] Level 1:colcon.colcon_core.package_identification:_identify(src) by extensions ['ros']
[0.152s] Level 1:colcon.colcon_core.package_identification:_identify(src) by extension 'ros'
[0.152s] Level 1:colcon.colcon_core.package_identification:_identify(src) by extensions ['cmake', 'python']
[0.152s] Level 1:colcon.colcon_core.package_identification:_identify(src) by extension 'cmake'
[0.152s] Level 1:colcon.colcon_core.package_identification:_identify(src) by extension 'python'
[0.152s] Level 1:colcon.colcon_core.package_identification:_identify(src) by extensions ['python_setup_py']
[0.152s] Level 1:colcon.colcon_core.package_identification:_identify(src) by extension 'python_setup_py'
[0.152s] Level 1:colcon.colcon_core.package_identification:_identify(src/course_activities) by extensions ['ignore', 'ignore_ament_install']
[0.152s] Level 1:colcon.colcon_core.package_identification:_identify(src/course_activities) by extension 'ignore'
[0.152s] Level 1:colcon.colcon_core.package_identification:_identify(src/course_activities) by extension 'ignore_ament_install'
[0.152s] Level 1:colcon.colcon_core.package_identification:_identify(src/course_activities) by extensions ['colcon_pkg']
[0.152s] Level 1:colcon.colcon_core.package_identification:_identify(src/course_activities) by extension 'colcon_pkg'
[0.152s] Level 1:colcon.colcon_core.package_identification:_identify(src/course_activities) by extensions ['colcon_meta']
[0.152s] Level 1:colcon.colcon_core.package_identification:_identify(src/course_activities) by extension 'colcon_meta'
[0.152s] Level 1:colcon.colcon_core.package_identification:_identify(src/course_activities) by extensions ['ros']
[0.152s] Level 1:colcon.colcon_core.package_identification:_identify(src/course_activities) by extension 'ros'
[0.153s] DEBUG:colcon.colcon_core.package_identification:Package 'src/course_activities' with type 'ros.ament_cmake' and name 'course_activities'
[0.153s] Level 1:colcon.colcon_core.package_identification:_identify(src/cpp_pkg) by extensions ['ignore', 'ignore_ament_install']
[0.153s] Level 1:colcon.colcon_core.package_identification:_identify(src/cpp_pkg) by extension 'ignore'
[0.153s] Level 1:colcon.colcon_core.package_identification:_identify(src/cpp_pkg) by extension 'ignore_ament_install'
[0.153s] Level 1:colcon.colcon_core.package_identification:_identify(src/cpp_pkg) by extensions ['colcon_pkg']
[0.153s] Level 1:colcon.colcon_core.package_identification:_identify(src/cpp_pkg) by extension 'colcon_pkg'
[0.153s] Level 1:colcon.colcon_core.package_identification:_identify(src/cpp_pkg) by extensions ['colcon_meta']
[0.153s] Level 1:colcon.colcon_core.package_identification:_identify(src/cpp_pkg) by extension 'colcon_meta'
[0.153s] Level 1:colcon.colcon_core.package_identification:_identify(src/cpp_pkg) by extensions ['ros']
[0.153s] Level 1:colcon.colcon_core.package_identification:_identify(src/cpp_pkg) by extension 'ros'
[0.154s] DEBUG:colcon.colcon_core.package_identification:Package 'src/cpp_pkg' with type 'ros.ament_cmake' and name 'cpp_pkg'
[0.154s] Level 1:colcon.colcon_core.package_identification:_identify(src/my_robot_interfaces) by extensions ['ignore', 'ignore_ament_install']
[0.154s] Level 1:colcon.colcon_core.package_identification:_identify(src/my_robot_interfaces) by extension 'ignore'
[0.154s] Level 1:colcon.colcon_core.package_identification:_identify(src/my_robot_interfaces) by extension 'ignore_ament_install'
[0.154s] Level 1:colcon.colcon_core.package_identification:_identify(src/my_robot_interfaces) by extensions ['colcon_pkg']
[0.154s] Level 1:colcon.colcon_core.package_identification:_identify(src/my_robot_interfaces) by extension 'colcon_pkg'
[0.154s] Level 1:colcon.colcon_core.package_identification:_identify(src/my_robot_interfaces) by extensions ['colcon_meta']
[0.154s] Level 1:colcon.colcon_core.package_identification:_identify(src/my_robot_interfaces) by extension 'colcon_meta'
[0.154s] Level 1:colcon.colcon_core.package_identification:_identify(src/my_robot_interfaces) by extensions ['ros']
[0.154s] Level 1:colcon.colcon_core.package_identification:_identify(src/my_robot_interfaces) by extension 'ros'
[0.154s] DEBUG:colcon.colcon_core.package_identification:Package 'src/my_robot_interfaces' with type 'ros.ament_cmake' and name 'my_robot_interfaces'
[0.154s] Level 1:colcon.colcon_core.package_identification:_identify(src/py_pkg) by extensions ['ignore', 'ignore_ament_install']
[0.154s] Level 1:colcon.colcon_core.package_identification:_identify(src/py_pkg) by extension 'ignore'
[0.154s] Level 1:colcon.colcon_core.package_identification:_identify(src/py_pkg) by extension 'ignore_ament_install'
[0.154s] Level 1:colcon.colcon_core.package_identification:_identify(src/py_pkg) by extensions ['colcon_pkg']
[0.154s] Level 1:colcon.colcon_core.package_identification:_identify(src/py_pkg) by extension 'colcon_pkg'
[0.155s] Level 1:colcon.colcon_core.package_identification:_identify(src/py_pkg) by extensions ['colcon_meta']
[0.155s] Level 1:colcon.colcon_core.package_identification:_identify(src/py_pkg) by extension 'colcon_meta'
[0.155s] Level 1:colcon.colcon_core.package_identification:_identify(src/py_pkg) by extensions ['ros']
[0.155s] Level 1:colcon.colcon_core.package_identification:_identify(src/py_pkg) by extension 'ros'
[0.155s] DEBUG:colcon.colcon_core.package_identification:Package 'src/py_pkg' with type 'ros.ament_python' and name 'py_pkg'
[0.155s] Level 1:colcon.colcon_core.package_discovery:discover_packages(recursive) using defaults
[0.155s] Level 1:colcon.colcon_core.package_discovery:discover_packages(ignore) discover
[0.155s] Level 1:colcon.colcon_core.package_discovery:discover_packages(ignore) using defaults
[0.155s] Level 1:colcon.colcon_core.package_discovery:discover_packages(path) discover
[0.155s] Level 1:colcon.colcon_core.package_discovery:discover_packages(path) using defaults
[0.174s] Level 1:colcon.colcon_core.package_discovery:discover_packages(prefix_path) check parameters
[0.174s] Level 1:colcon.colcon_core.package_discovery:discover_packages(prefix_path) discover
[0.175s] WARNING:colcon.colcon_ros.prefix_path.ament:The path '/home/nikhil/ROS/ros2_ws/install/py_pkg' in the environment variable AMENT_PREFIX_PATH doesn't exist
[0.175s] WARNING:colcon.colcon_ros.prefix_path.ament:The path '/home/nikhil/ROS/ros2_ws/install/my_robot_interfaces' in the environment variable AMENT_PREFIX_PATH doesn't exist
[0.175s] WARNING:colcon.colcon_ros.prefix_path.ament:The path '/home/nikhil/ROS/ros2_ws/install/launch_testing_examples' in the environment variable AMENT_PREFIX_PATH doesn't exist
[0.175s] WARNING:colcon.colcon_ros.prefix_path.ament:The path '/home/nikhil/ROS/ros2_ws/install/examples_rclpy_pointcloud_publisher' in the environment variable AMENT_PREFIX_PATH doesn't exist
[0.175s] WARNING:colcon.colcon_ros.prefix_path.ament:The path '/home/nikhil/ROS/ros2_ws/install/examples_rclpy_minimal_subscriber' in the environment variable AMENT_PREFIX_PATH doesn't exist
[0.175s] WARNING:colcon.colcon_ros.prefix_path.ament:The path '/home/nikhil/ROS/ros2_ws/install/examples_rclpy_minimal_service' in the environment variable AMENT_PREFIX_PATH doesn't exist
[0.175s] WARNING:colcon.colcon_ros.prefix_path.ament:The path '/home/nikhil/ROS/ros2_ws/install/examples_rclpy_minimal_publisher' in the environment variable AMENT_PREFIX_PATH doesn't exist
[0.175s] WARNING:colcon.colcon_ros.prefix_path.ament:The path '/home/nikhil/ROS/ros2_ws/install/examples_rclpy_minimal_client' in the environment variable AMENT_PREFIX_PATH doesn't exist
[0.175s] WARNING:colcon.colcon_ros.prefix_path.ament:The path '/home/nikhil/ROS/ros2_ws/install/examples_rclpy_minimal_action_server' in the environment variable AMENT_PREFIX_PATH doesn't exist
[0.175s] WARNING:colcon.colcon_ros.prefix_path.ament:The path '/home/nikhil/ROS/ros2_ws/install/examples_rclpy_minimal_action_client' in the environment variable AMENT_PREFIX_PATH doesn't exist
[0.175s] WARNING:colcon.colcon_ros.prefix_path.ament:The path '/home/nikhil/ROS/ros2_ws/install/examples_rclpy_guard_conditions' in the environment variable AMENT_PREFIX_PATH doesn't exist
[0.175s] WARNING:colcon.colcon_ros.prefix_path.ament:The path '/home/nikhil/ROS/ros2_ws/install/examples_rclpy_executors' in the environment variable AMENT_PREFIX_PATH doesn't exist
[0.175s] WARNING:colcon.colcon_ros.prefix_path.ament:The path '/home/nikhil/ROS/ros2_ws/install/examples_rclcpp_wait_set' in the environment variable AMENT_PREFIX_PATH doesn't exist
[0.175s] WARNING:colcon.colcon_ros.prefix_path.ament:The path '/home/nikhil/ROS/ros2_ws/install/examples_rclcpp_multithreaded_executor' in the environment variable AMENT_PREFIX_PATH doesn't exist
[0.175s] WARNING:colcon.colcon_ros.prefix_path.ament:The path '/home/nikhil/ROS/ros2_ws/install/examples_rclcpp_minimal_timer' in the environment variable AMENT_PREFIX_PATH doesn't exist
[0.175s] WARNING:colcon.colcon_ros.prefix_path.ament:The path '/home/nikhil/ROS/ros2_ws/install/examples_rclcpp_minimal_subscriber' in the environment variable AMENT_PREFIX_PATH doesn't exist
[0.175s] WARNING:colcon.colcon_ros.prefix_path.ament:The path '/home/nikhil/ROS/ros2_ws/install/examples_rclcpp_minimal_service' in the environment variable AMENT_PREFIX_PATH doesn't exist
[0.175s] WARNING:colcon.colcon_ros.prefix_path.ament:The path '/home/nikhil/ROS/ros2_ws/install/examples_rclcpp_minimal_publisher' in the environment variable AMENT_PREFIX_PATH doesn't exist
[0.175s] WARNING:colcon.colcon_ros.prefix_path.ament:The path '/home/nikhil/ROS/ros2_ws/install/examples_rclcpp_minimal_composition' in the environment variable AMENT_PREFIX_PATH doesn't exist
[0.175s] WARNING:colcon.colcon_ros.prefix_path.ament:The path '/home/nikhil/ROS/ros2_ws/install/examples_rclcpp_minimal_client' in the environment variable AMENT_PREFIX_PATH doesn't exist
[0.175s] WARNING:colcon.colcon_ros.prefix_path.ament:The path '/home/nikhil/ROS/ros2_ws/install/examples_rclcpp_minimal_action_server' in the environment variable AMENT_PREFIX_PATH doesn't exist
[0.175s] WARNING:colcon.colcon_ros.prefix_path.ament:The path '/home/nikhil/ROS/ros2_ws/install/examples_rclcpp_minimal_action_client' in the environment variable AMENT_PREFIX_PATH doesn't exist
[0.175s] WARNING:colcon.colcon_ros.prefix_path.ament:The path '/home/nikhil/ROS/ros2_ws/install/examples_rclcpp_cbg_executor' in the environment variable AMENT_PREFIX_PATH doesn't exist
[0.175s] WARNING:colcon.colcon_ros.prefix_path.ament:The path '/home/nikhil/ROS/ros2_ws/install/examples_rclcpp_async_client' in the environment variable AMENT_PREFIX_PATH doesn't exist
[0.175s] WARNING:colcon.colcon_ros.prefix_path.ament:The path '/home/nikhil/ROS/ros2_ws/install/cpp_pkg' in the environment variable AMENT_PREFIX_PATH doesn't exist
[0.175s] WARNING:colcon.colcon_ros.prefix_path.ament:The path '/home/nikhil/ROS/ros2_ws/install/course_activities' in the environment variable AMENT_PREFIX_PATH doesn't exist
[0.175s] WARNING:colcon.colcon_ros.prefix_path.catkin:The path '/home/nikhil/ROS/ros2_ws/install/my_robot_interfaces' in the environment variable CMAKE_PREFIX_PATH doesn't exist
[0.175s] WARNING:colcon.colcon_ros.prefix_path.catkin:The path '/home/nikhil/ROS/ros2_ws/install/examples_rclcpp_wait_set' in the environment variable CMAKE_PREFIX_PATH doesn't exist
[0.175s] WARNING:colcon.colcon_ros.prefix_path.catkin:The path '/home/nikhil/ROS/ros2_ws/install/examples_rclcpp_multithreaded_executor' in the environment variable CMAKE_PREFIX_PATH doesn't exist
[0.175s] WARNING:colcon.colcon_ros.prefix_path.catkin:The path '/home/nikhil/ROS/ros2_ws/install/examples_rclcpp_minimal_timer' in the environment variable CMAKE_PREFIX_PATH doesn't exist
[0.175s] WARNING:colcon.colcon_ros.prefix_path.catkin:The path '/home/nikhil/ROS/ros2_ws/install/examples_rclcpp_minimal_subscriber' in the environment variable CMAKE_PREFIX_PATH doesn't exist
[0.175s] WARNING:colcon.colcon_ros.prefix_path.catkin:The path '/home/nikhil/ROS/ros2_ws/install/examples_rclcpp_minimal_service' in the environment variable CMAKE_PREFIX_PATH doesn't exist
[0.175s] WARNING:colcon.colcon_ros.prefix_path.catkin:The path '/home/nikhil/ROS/ros2_ws/install/examples_rclcpp_minimal_publisher' in the environment variable CMAKE_PREFIX_PATH doesn't exist
[0.175s] WARNING:colcon.colcon_ros.prefix_path.catkin:The path '/home/nikhil/ROS/ros2_ws/install/examples_rclcpp_minimal_composition' in the environment variable CMAKE_PREFIX_PATH doesn't exist
[0.175s] WARNING:colcon.colcon_ros.prefix_path.catkin:The path '/home/nikhil/ROS/ros2_ws/install/examples_rclcpp_minimal_client' in the environment variable CMAKE_PREFIX_PATH doesn't exist
[0.175s] WARNING:colcon.colcon_ros.prefix_path.catkin:The path '/home/nikhil/ROS/ros2_ws/install/examples_rclcpp_minimal_action_server' in the environment variable CMAKE_PREFIX_PATH doesn't exist
[0.175s] WARNING:colcon.colcon_ros.prefix_path.catkin:The path '/home/nikhil/ROS/ros2_ws/install/examples_rclcpp_minimal_action_client' in the environment variable CMAKE_PREFIX_PATH doesn't exist
[0.175s] WARNING:colcon.colcon_ros.prefix_path.catkin:The path '/home/nikhil/ROS/ros2_ws/install/examples_rclcpp_cbg_executor' in the environment variable CMAKE_PREFIX_PATH doesn't exist
[0.175s] WARNING:colcon.colcon_ros.prefix_path.catkin:The path '/home/nikhil/ROS/ros2_ws/install/examples_rclcpp_async_client' in the environment variable CMAKE_PREFIX_PATH doesn't exist
[0.175s] WARNING:colcon.colcon_ros.prefix_path.catkin:The path '/home/nikhil/ROS/ros2_ws/install/cpp_pkg' in the environment variable CMAKE_PREFIX_PATH doesn't exist
[0.175s] WARNING:colcon.colcon_ros.prefix_path.catkin:The path '/home/nikhil/ROS/ros2_ws/install/course_activities' in the environment variable CMAKE_PREFIX_PATH doesn't exist
[0.176s] DEBUG:colcon.colcon_installed_package_information.package_discovery:Found 0 installed packages in /home/nikhil/ROS/ros2_ws/install
[0.176s] DEBUG:colcon.colcon_installed_package_information.package_discovery:Found 294 installed packages in /opt/ros/humble
[0.177s] Level 1:colcon.colcon_core.package_discovery:discover_packages(prefix_path) using defaults
[0.197s] Level 5:colcon.colcon_core.verb:set package 'course_activities' build argument 'cmake_args' from command line to 'None'
[0.197s] Level 5:colcon.colcon_core.verb:set package 'course_activities' build argument 'cmake_target' from command line to 'None'
[0.197s] Level 5:colcon.colcon_core.verb:set package 'course_activities' build argument 'cmake_target_skip_unavailable' from command line to 'False'
[0.197s] Level 5:colcon.colcon_core.verb:set package 'course_activities' build argument 'cmake_clean_cache' from command line to 'False'
[0.197s] Level 5:colcon.colcon_core.verb:set package 'course_activities' build argument 'cmake_clean_first' from command line to 'False'
[0.197s] Level 5:colcon.colcon_core.verb:set package 'course_activities' build argument 'cmake_force_configure' from command line to 'False'
[0.197s] Level 5:colcon.colcon_core.verb:set package 'course_activities' build argument 'ament_cmake_args' from command line to 'None'
[0.197s] Level 5:colcon.colcon_core.verb:set package 'course_activities' build argument 'catkin_cmake_args' from command line to 'None'
[0.197s] Level 5:colcon.colcon_core.verb:set package 'course_activities' build argument 'catkin_skip_building_tests' from command line to 'False'
[0.197s] DEBUG:colcon.colcon_core.verb:Building package 'course_activities' with the following arguments: {'ament_cmake_args': None, 'build_base': '/home/nikhil/ROS/ros2_ws/build/course_activities', 'catkin_cmake_args': None, 'catkin_skip_building_tests': False, 'cmake_args': None, 'cmake_clean_cache': False, 'cmake_clean_first': False, 'cmake_force_configure': False, 'cmake_target': None, 'cmake_target_skip_unavailable': False, 'install_base': '/home/nikhil/ROS/ros2_ws/install/course_activities', 'merge_install': False, 'path': '/home/nikhil/ROS/ros2_ws/src/course_activities', 'symlink_install': False, 'test_result_base': None}
[0.197s] Level 5:colcon.colcon_core.verb:set package 'my_robot_interfaces' build argument 'cmake_args' from command line to 'None'
[0.197s] Level 5:colcon.colcon_core.verb:set package 'my_robot_interfaces' build argument 'cmake_target' from command line to 'None'
[0.197s] Level 5:colcon.colcon_core.verb:set package 'my_robot_interfaces' build argument 'cmake_target_skip_unavailable' from command line to 'False'
[0.197s] Level 5:colcon.colcon_core.verb:set package 'my_robot_interfaces' build argument 'cmake_clean_cache' from command line to 'False'
[0.197s] Level 5:colcon.colcon_core.verb:set package 'my_robot_interfaces' build argument 'cmake_clean_first' from command line to 'False'
[0.197s] Level 5:colcon.colcon_core.verb:set package 'my_robot_interfaces' build argument 'cmake_force_configure' from command line to 'False'
[0.197s] Level 5:colcon.colcon_core.verb:set package 'my_robot_interfaces' build argument 'ament_cmake_args' from command line to 'None'
[0.197s] Level 5:colcon.colcon_core.verb:set package 'my_robot_interfaces' build argument 'catkin_cmake_args' from command line to 'None'
[0.197s] Level 5:colcon.colcon_core.verb:set package 'my_robot_interfaces' build argument 'catkin_skip_building_tests' from command line to 'False'
[0.197s] DEBUG:colcon.colcon_core.verb:Building package 'my_robot_interfaces' with the following arguments: {'ament_cmake_args': None, 'build_base': '/home/nikhil/ROS/ros2_ws/build/my_robot_interfaces', 'catkin_cmake_args': None, 'catkin_skip_building_tests': False, 'cmake_args': None, 'cmake_clean_cache': False, 'cmake_clean_first': False, 'cmake_force_configure': False, 'cmake_target': None, 'cmake_target_skip_unavailable': False, 'install_base': '/home/nikhil/ROS/ros2_ws/install/my_robot_interfaces', 'merge_install': False, 'path': '/home/nikhil/ROS/ros2_ws/src/my_robot_interfaces', 'symlink_install': False, 'test_result_base': None}
[0.197s] Level 5:colcon.colcon_core.verb:set package 'py_pkg' build argument 'cmake_args' from command line to 'None'
[0.197s] Level 5:colcon.colcon_core.verb:set package 'py_pkg' build argument 'cmake_target' from command line to 'None'
[0.197s] Level 5:colcon.colcon_core.verb:set package 'py_pkg' build argument 'cmake_target_skip_unavailable' from command line to 'False'
[0.197s] Level 5:colcon.colcon_core.verb:set package 'py_pkg' build argument 'cmake_clean_cache' from command line to 'False'
[0.197s] Level 5:colcon.colcon_core.verb:set package 'py_pkg' build argument 'cmake_clean_first' from command line to 'False'
[0.197s] Level 5:colcon.colcon_core.verb:set package 'py_pkg' build argument 'cmake_force_configure' from command line to 'False'
[0.197s] Level 5:colcon.colcon_core.verb:set package 'py_pkg' build argument 'ament_cmake_args' from command line to 'None'
[0.197s] Level 5:colcon.colcon_core.verb:set package 'py_pkg' build argument 'catkin_cmake_args' from command line to 'None'
[0.197s] Level 5:colcon.colcon_core.verb:set package 'py_pkg' build argument 'catkin_skip_building_tests' from command line to 'False'
[0.197s] DEBUG:colcon.colcon_core.verb:Building package 'py_pkg' with the following arguments: {'ament_cmake_args': None, 'build_base': '/home/nikhil/ROS/ros2_ws/build/py_pkg', 'catkin_cmake_args': None, 'catkin_skip_building_tests': False, 'cmake_args': None, 'cmake_clean_cache': False, 'cmake_clean_first': False, 'cmake_force_configure': False, 'cmake_target': None, 'cmake_target_skip_unavailable': False, 'install_base': '/home/nikhil/ROS/ros2_ws/install/py_pkg', 'merge_install': False, 'path': '/home/nikhil/ROS/ros2_ws/src/py_pkg', 'symlink_install': False, 'test_result_base': None}
[0.197s] Level 5:colcon.colcon_core.verb:set package 'cpp_pkg' build argument 'cmake_args' from command line to 'None'
[0.197s] Level 5:colcon.colcon_core.verb:set package 'cpp_pkg' build argument 'cmake_target' from command line to 'None'
[0.197s] Level 5:colcon.colcon_core.verb:set package 'cpp_pkg' build argument 'cmake_target_skip_unavailable' from command line to 'False'
[0.197s] Level 5:colcon.colcon_core.verb:set package 'cpp_pkg' build argument 'cmake_clean_cache' from command line to 'False'
[0.197s] Level 5:colcon.colcon_core.verb:set package 'cpp_pkg' build argument 'cmake_clean_first' from command line to 'False'
[0.197s] Level 5:colcon.colcon_core.verb:set package 'cpp_pkg' build argument 'cmake_force_configure' from command line to 'False'
[0.197s] Level 5:colcon.colcon_core.verb:set package 'cpp_pkg' build argument 'ament_cmake_args' from command line to 'None'
[0.197s] Level 5:colcon.colcon_core.verb:set package 'cpp_pkg' build argument 'catkin_cmake_args' from command line to 'None'
[0.197s] Level 5:colcon.colcon_core.verb:set package 'cpp_pkg' build argument 'catkin_skip_building_tests' from command line to 'False'
[0.197s] DEBUG:colcon.colcon_core.verb:Building package 'cpp_pkg' with the following arguments: {'ament_cmake_args': None, 'build_base': '/home/nikhil/ROS/ros2_ws/build/cpp_pkg', 'catkin_cmake_args': None, 'catkin_skip_building_tests': False, 'cmake_args': None, 'cmake_clean_cache': False, 'cmake_clean_first': False, 'cmake_force_configure': False, 'cmake_target': None, 'cmake_target_skip_unavailable': False, 'install_base': '/home/nikhil/ROS/ros2_ws/install/cpp_pkg', 'merge_install': False, 'path': '/home/nikhil/ROS/ros2_ws/src/cpp_pkg', 'symlink_install': False, 'test_result_base': None}
[0.198s] INFO:colcon.colcon_core.executor:Executing jobs using 'parallel' executor
[0.198s] DEBUG:colcon.colcon_parallel_executor.executor.parallel:run_until_complete
[0.198s] INFO:colcon.colcon_ros.task.ament_cmake.build:Building ROS package in '/home/nikhil/ROS/ros2_ws/src/my_robot_interfaces' with build type 'ament_cmake'
[0.198s] INFO:colcon.colcon_cmake.task.cmake.build:Building CMake package in '/home/nikhil/ROS/ros2_ws/src/my_robot_interfaces'
[0.199s] INFO:colcon.colcon_core.plugin_system:Skipping extension 'colcon_core.shell.bat': Not used on non-Windows systems
[0.200s] INFO:colcon.colcon_core.shell:Skip shell extension 'powershell' for command environment: Not usable outside of PowerShell
[0.200s] DEBUG:colcon.colcon_core.shell:Skip shell extension 'dsv' for command environment
[0.202s] INFO:colcon.colcon_ros.task.ament_cmake.build:Building ROS package in '/home/nikhil/ROS/ros2_ws/src/course_activities' with build type 'ament_cmake'
[0.202s] INFO:colcon.colcon_cmake.task.cmake.build:Building CMake package in '/home/nikhil/ROS/ros2_ws/src/course_activities'
[0.202s] INFO:colcon.colcon_core.shell:Skip shell extension 'powershell' for command environment: Not usable outside of PowerShell
[0.202s] DEBUG:colcon.colcon_core.shell:Skip shell extension 'dsv' for command environment
[0.203s] INFO:colcon.colcon_ros.task.ament_python.build:Building ROS package in '/home/nikhil/ROS/ros2_ws/src/py_pkg' with build type 'ament_python'
[0.204s] Level 1:colcon.colcon_core.shell:create_environment_hook('py_pkg', 'ament_prefix_path')
[0.204s] INFO:colcon.colcon_core.shell:Creating environment hook '/home/nikhil/ROS/ros2_ws/install/py_pkg/share/py_pkg/hook/ament_prefix_path.ps1'
[0.204s] INFO:colcon.colcon_core.shell:Creating environment descriptor '/home/nikhil/ROS/ros2_ws/install/py_pkg/share/py_pkg/hook/ament_prefix_path.dsv'
[0.204s] INFO:colcon.colcon_core.shell:Creating environment hook '/home/nikhil/ROS/ros2_ws/install/py_pkg/share/py_pkg/hook/ament_prefix_path.sh'
[0.204s] INFO:colcon.colcon_core.shell:Skip shell extension 'powershell' for command environment: Not usable outside of PowerShell
[0.205s] DEBUG:colcon.colcon_core.shell:Skip shell extension 'dsv' for command environment
[0.208s] DEBUG:colcon.colcon_core.event_handler.log_command:Invoking command in '/home/nikhil/ROS/ros2_ws/build/my_robot_interfaces': CMAKE_PREFIX_PATH=${CMAKE_PREFIX_PATH}:/home/nikhil/ROS/ros2_ws/install/py_pkg:/home/nikhil/ROS/ros2_ws/install/launch_testing_examples:/home/nikhil/ROS/ros2_ws/install/examples_rclpy_pointcloud_publisher:/home/nikhil/ROS/ros2_ws/install/examples_rclpy_minimal_subscriber:/home/nikhil/ROS/ros2_ws/install/examples_rclpy_minimal_service:/home/nikhil/ROS/ros2_ws/install/examples_rclpy_minimal_publisher:/home/nikhil/ROS/ros2_ws/install/examples_rclpy_minimal_client:/home/nikhil/ROS/ros2_ws/install/examples_rclpy_minimal_action_server:/home/nikhil/ROS/ros2_ws/install/examples_rclpy_minimal_action_client:/home/nikhil/ROS/ros2_ws/install/examples_rclpy_guard_conditions:/home/nikhil/ROS/ros2_ws/install/examples_rclpy_executors:/opt/ros/humble /usr/bin/cmake /home/nikhil/ROS/ros2_ws/src/my_robot_interfaces -DCMAKE_INSTALL_PREFIX=/home/nikhil/ROS/ros2_ws/install/my_robot_interfaces
[0.209s] DEBUG:colcon.colcon_core.event_handler.log_command:Invoking command in '/home/nikhil/ROS/ros2_ws/build/course_activities': CMAKE_PREFIX_PATH=${CMAKE_PREFIX_PATH}:/home/nikhil/ROS/ros2_ws/install/py_pkg:/home/nikhil/ROS/ros2_ws/install/launch_testing_examples:/home/nikhil/ROS/ros2_ws/install/examples_rclpy_pointcloud_publisher:/home/nikhil/ROS/ros2_ws/install/examples_rclpy_minimal_subscriber:/home/nikhil/ROS/ros2_ws/install/examples_rclpy_minimal_service:/home/nikhil/ROS/ros2_ws/install/examples_rclpy_minimal_publisher:/home/nikhil/ROS/ros2_ws/install/examples_rclpy_minimal_client:/home/nikhil/ROS/ros2_ws/install/examples_rclpy_minimal_action_server:/home/nikhil/ROS/ros2_ws/install/examples_rclpy_minimal_action_client:/home/nikhil/ROS/ros2_ws/install/examples_rclpy_guard_conditions:/home/nikhil/ROS/ros2_ws/install/examples_rclpy_executors:/opt/ros/humble /usr/bin/cmake /home/nikhil/ROS/ros2_ws/src/course_activities -DCMAKE_INSTALL_PREFIX=/home/nikhil/ROS/ros2_ws/install/course_activities
[0.361s] INFO:colcon.colcon_core.task.python.build:Building Python package in '/home/nikhil/ROS/ros2_ws/src/py_pkg'
[0.361s] INFO:colcon.colcon_core.shell:Skip shell extension 'powershell' for command environment: Not usable outside of PowerShell
[0.361s] DEBUG:colcon.colcon_core.shell:Skip shell extension 'dsv' for command environment
[0.549s] DEBUG:colcon.colcon_core.event_handler.log_command:Invoking command in '/home/nikhil/ROS/ros2_ws/src/py_pkg': PYTHONPATH=/home/nikhil/ROS/ros2_ws/build/py_pkg/prefix_override:/usr/lib/python3/dist-packages/colcon_core/task/python/colcon_distutils_commands:/home/nikhil/ROS/ros2_ws/install/py_pkg/lib/python3.10/site-packages:${PYTHONPATH} /usr/bin/python3 -W ignore:setup.py install is deprecated setup.py egg_info --egg-base ../../build/py_pkg build --build-base /home/nikhil/ROS/ros2_ws/build/py_pkg/build install --record /home/nikhil/ROS/ros2_ws/build/py_pkg/install.log --single-version-externally-managed install_data
[0.719s] DEBUG:colcon.colcon_core.event_handler.log_command:Invoked command in '/home/nikhil/ROS/ros2_ws/src/py_pkg' returned '0': PYTHONPATH=/home/nikhil/ROS/ros2_ws/build/py_pkg/prefix_override:/usr/lib/python3/dist-packages/colcon_core/task/python/colcon_distutils_commands:/home/nikhil/ROS/ros2_ws/install/py_pkg/lib/python3.10/site-packages:${PYTHONPATH} /usr/bin/python3 -W ignore:setup.py install is deprecated setup.py egg_info --egg-base ../../build/py_pkg build --build-base /home/nikhil/ROS/ros2_ws/build/py_pkg/build install --record /home/nikhil/ROS/ros2_ws/build/py_pkg/install.log --single-version-externally-managed install_data
[0.720s] Level 1:colcon.colcon_core.environment:checking '/home/nikhil/ROS/ros2_ws/install/py_pkg' for CMake module files
[0.721s] Level 1:colcon.colcon_core.environment:checking '/home/nikhil/ROS/ros2_ws/install/py_pkg' for CMake config files
[0.721s] Level 1:colcon.colcon_core.environment:checking '/home/nikhil/ROS/ros2_ws/install/py_pkg/lib'
[0.721s] Level 1:colcon.colcon_core.environment:checking '/home/nikhil/ROS/ros2_ws/install/py_pkg/bin'
[0.721s] Level 1:colcon.colcon_core.environment:checking '/home/nikhil/ROS/ros2_ws/install/py_pkg/lib/pkgconfig/py_pkg.pc'
[0.721s] Level 1:colcon.colcon_core.environment:checking '/home/nikhil/ROS/ros2_ws/install/py_pkg/lib/python3.10/site-packages'
[0.721s] Level 1:colcon.colcon_core.shell:create_environment_hook('py_pkg', 'pythonpath')
[0.721s] INFO:colcon.colcon_core.shell:Creating environment hook '/home/nikhil/ROS/ros2_ws/install/py_pkg/share/py_pkg/hook/pythonpath.ps1'
[0.722s] INFO:colcon.colcon_core.shell:Creating environment descriptor '/home/nikhil/ROS/ros2_ws/install/py_pkg/share/py_pkg/hook/pythonpath.dsv'
[0.722s] INFO:colcon.colcon_core.shell:Creating environment hook '/home/nikhil/ROS/ros2_ws/install/py_pkg/share/py_pkg/hook/pythonpath.sh'
[0.722s] Level 1:colcon.colcon_core.environment:checking '/home/nikhil/ROS/ros2_ws/install/py_pkg/bin'
[0.722s] Level 1:colcon.colcon_core.environment:create_environment_scripts_only(py_pkg)
[0.722s] INFO:colcon.colcon_core.shell:Creating package script '/home/nikhil/ROS/ros2_ws/install/py_pkg/share/py_pkg/package.ps1'
[0.723s] INFO:colcon.colcon_core.shell:Creating package descriptor '/home/nikhil/ROS/ros2_ws/install/py_pkg/share/py_pkg/package.dsv'
[0.723s] INFO:colcon.colcon_core.shell:Creating package script '/home/nikhil/ROS/ros2_ws/install/py_pkg/share/py_pkg/package.sh'
[0.723s] INFO:colcon.colcon_core.shell:Creating package script '/home/nikhil/ROS/ros2_ws/install/py_pkg/share/py_pkg/package.bash'
[0.724s] INFO:colcon.colcon_core.shell:Creating package script '/home/nikhil/ROS/ros2_ws/install/py_pkg/share/py_pkg/package.zsh'
[0.724s] Level 1:colcon.colcon_core.environment:create_file_with_runtime_dependencies(/home/nikhil/ROS/ros2_ws/install/py_pkg/share/colcon-core/packages/py_pkg)
[1.089s] DEBUG:colcon.colcon_core.event_handler.log_command:Invoked command in '/home/nikhil/ROS/ros2_ws/build/course_activities' returned '0': CMAKE_PREFIX_PATH=${CMAKE_PREFIX_PATH}:/home/nikhil/ROS/ros2_ws/install/py_pkg:/home/nikhil/ROS/ros2_ws/install/launch_testing_examples:/home/nikhil/ROS/ros2_ws/install/examples_rclpy_pointcloud_publisher:/home/nikhil/ROS/ros2_ws/install/examples_rclpy_minimal_subscriber:/home/nikhil/ROS/ros2_ws/install/examples_rclpy_minimal_service:/home/nikhil/ROS/ros2_ws/install/examples_rclpy_minimal_publisher:/home/nikhil/ROS/ros2_ws/install/examples_rclpy_minimal_client:/home/nikhil/ROS/ros2_ws/install/examples_rclpy_minimal_action_server:/home/nikhil/ROS/ros2_ws/install/examples_rclpy_minimal_action_client:/home/nikhil/ROS/ros2_ws/install/examples_rclpy_guard_conditions:/home/nikhil/ROS/ros2_ws/install/examples_rclpy_executors:/opt/ros/humble /usr/bin/cmake /home/nikhil/ROS/ros2_ws/src/course_activities -DCMAKE_INSTALL_PREFIX=/home/nikhil/ROS/ros2_ws/install/course_activities
[1.091s] DEBUG:colcon.colcon_core.event_handler.log_command:Invoking command in '/home/nikhil/ROS/ros2_ws/build/course_activities': CMAKE_PREFIX_PATH=${CMAKE_PREFIX_PATH}:/home/nikhil/ROS/ros2_ws/install/py_pkg:/home/nikhil/ROS/ros2_ws/install/launch_testing_examples:/home/nikhil/ROS/ros2_ws/install/examples_rclpy_pointcloud_publisher:/home/nikhil/ROS/ros2_ws/install/examples_rclpy_minimal_subscriber:/home/nikhil/ROS/ros2_ws/install/examples_rclpy_minimal_service:/home/nikhil/ROS/ros2_ws/install/examples_rclpy_minimal_publisher:/home/nikhil/ROS/ros2_ws/install/examples_rclpy_minimal_client:/home/nikhil/ROS/ros2_ws/install/examples_rclpy_minimal_action_server:/home/nikhil/ROS/ros2_ws/install/examples_rclpy_minimal_action_client:/home/nikhil/ROS/ros2_ws/install/examples_rclpy_guard_conditions:/home/nikhil/ROS/ros2_ws/install/examples_rclpy_executors:/opt/ros/humble /usr/bin/cmake --build /home/nikhil/ROS/ros2_ws/build/course_activities -- -j20 -l20
[1.130s] DEBUG:colcon.colcon_core.event_handler.log_command:Invoked command in '/home/nikhil/ROS/ros2_ws/build/my_robot_interfaces' returned '0': CMAKE_PREFIX_PATH=${CMAKE_PREFIX_PATH}:/home/nikhil/ROS/ros2_ws/install/py_pkg:/home/nikhil/ROS/ros2_ws/install/launch_testing_examples:/home/nikhil/ROS/ros2_ws/install/examples_rclpy_pointcloud_publisher:/home/nikhil/ROS/ros2_ws/install/examples_rclpy_minimal_subscriber:/home/nikhil/ROS/ros2_ws/install/examples_rclpy_minimal_service:/home/nikhil/ROS/ros2_ws/install/examples_rclpy_minimal_publisher:/home/nikhil/ROS/ros2_ws/install/examples_rclpy_minimal_client:/home/nikhil/ROS/ros2_ws/install/examples_rclpy_minimal_action_server:/home/nikhil/ROS/ros2_ws/install/examples_rclpy_minimal_action_client:/home/nikhil/ROS/ros2_ws/install/examples_rclpy_guard_conditions:/home/nikhil/ROS/ros2_ws/install/examples_rclpy_executors:/opt/ros/humble /usr/bin/cmake /home/nikhil/ROS/ros2_ws/src/my_robot_interfaces -DCMAKE_INSTALL_PREFIX=/home/nikhil/ROS/ros2_ws/install/my_robot_interfaces
[1.131s] DEBUG:colcon.colcon_core.event_handler.log_command:Invoking command in '/home/nikhil/ROS/ros2_ws/build/my_robot_interfaces': CMAKE_PREFIX_PATH=${CMAKE_PREFIX_PATH}:/home/nikhil/ROS/ros2_ws/install/py_pkg:/home/nikhil/ROS/ros2_ws/install/launch_testing_examples:/home/nikhil/ROS/ros2_ws/install/examples_rclpy_pointcloud_publisher:/home/nikhil/ROS/ros2_ws/install/examples_rclpy_minimal_subscriber:/home/nikhil/ROS/ros2_ws/install/examples_rclpy_minimal_service:/home/nikhil/ROS/ros2_ws/install/examples_rclpy_minimal_publisher:/home/nikhil/ROS/ros2_ws/install/examples_rclpy_minimal_client:/home/nikhil/ROS/ros2_ws/install/examples_rclpy_minimal_action_server:/home/nikhil/ROS/ros2_ws/install/examples_rclpy_minimal_action_client:/home/nikhil/ROS/ros2_ws/install/examples_rclpy_guard_conditions:/home/nikhil/ROS/ros2_ws/install/examples_rclpy_executors:/opt/ros/humble /usr/bin/cmake --build /home/nikhil/ROS/ros2_ws/build/my_robot_interfaces -- -j20 -l20
[2.512s] DEBUG:colcon.colcon_core.event_handler.log_command:Invoked command in '/home/nikhil/ROS/ros2_ws/build/my_robot_interfaces' returned '0': CMAKE_PREFIX_PATH=${CMAKE_PREFIX_PATH}:/home/nikhil/ROS/ros2_ws/install/py_pkg:/home/nikhil/ROS/ros2_ws/install/launch_testing_examples:/home/nikhil/ROS/ros2_ws/install/examples_rclpy_pointcloud_publisher:/home/nikhil/ROS/ros2_ws/install/examples_rclpy_minimal_subscriber:/home/nikhil/ROS/ros2_ws/install/examples_rclpy_minimal_service:/home/nikhil/ROS/ros2_ws/install/examples_rclpy_minimal_publisher:/home/nikhil/ROS/ros2_ws/install/examples_rclpy_minimal_client:/home/nikhil/ROS/ros2_ws/install/examples_rclpy_minimal_action_server:/home/nikhil/ROS/ros2_ws/install/examples_rclpy_minimal_action_client:/home/nikhil/ROS/ros2_ws/install/examples_rclpy_guard_conditions:/home/nikhil/ROS/ros2_ws/install/examples_rclpy_executors:/opt/ros/humble /usr/bin/cmake --build /home/nikhil/ROS/ros2_ws/build/my_robot_interfaces -- -j20 -l20
[2.581s] DEBUG:colcon.colcon_core.event_handler.log_command:Invoking command in '/home/nikhil/ROS/ros2_ws/build/my_robot_interfaces': CMAKE_PREFIX_PATH=${CMAKE_PREFIX_PATH}:/home/nikhil/ROS/ros2_ws/install/py_pkg:/home/nikhil/ROS/ros2_ws/install/launch_testing_examples:/home/nikhil/ROS/ros2_ws/install/examples_rclpy_pointcloud_publisher:/home/nikhil/ROS/ros2_ws/install/examples_rclpy_minimal_subscriber:/home/nikhil/ROS/ros2_ws/install/examples_rclpy_minimal_service:/home/nikhil/ROS/ros2_ws/install/examples_rclpy_minimal_publisher:/home/nikhil/ROS/ros2_ws/install/examples_rclpy_minimal_client:/home/nikhil/ROS/ros2_ws/install/examples_rclpy_minimal_action_server:/home/nikhil/ROS/ros2_ws/install/examples_rclpy_minimal_action_client:/home/nikhil/ROS/ros2_ws/install/examples_rclpy_guard_conditions:/home/nikhil/ROS/ros2_ws/install/examples_rclpy_executors:/opt/ros/humble /usr/bin/cmake --install /home/nikhil/ROS/ros2_ws/build/my_robot_interfaces
[2.619s] Level 1:colcon.colcon_core.environment:create_environment_scripts_only(my_robot_interfaces)
[2.620s] Level 1:colcon.colcon_core.environment:checking '/home/nikhil/ROS/ros2_ws/install/my_robot_interfaces' for CMake module files
[2.620s] DEBUG:colcon.colcon_core.event_handler.log_command:Invoked command in '/home/nikhil/ROS/ros2_ws/build/my_robot_interfaces' returned '0': CMAKE_PREFIX_PATH=${CMAKE_PREFIX_PATH}:/home/nikhil/ROS/ros2_ws/install/py_pkg:/home/nikhil/ROS/ros2_ws/install/launch_testing_examples:/home/nikhil/ROS/ros2_ws/install/examples_rclpy_pointcloud_publisher:/home/nikhil/ROS/ros2_ws/install/examples_rclpy_minimal_subscriber:/home/nikhil/ROS/ros2_ws/install/examples_rclpy_minimal_service:/home/nikhil/ROS/ros2_ws/install/examples_rclpy_minimal_publisher:/home/nikhil/ROS/ros2_ws/install/examples_rclpy_minimal_client:/home/nikhil/ROS/ros2_ws/install/examples_rclpy_minimal_action_server:/home/nikhil/ROS/ros2_ws/install/examples_rclpy_minimal_action_client:/home/nikhil/ROS/ros2_ws/install/examples_rclpy_guard_conditions:/home/nikhil/ROS/ros2_ws/install/examples_rclpy_executors:/opt/ros/humble /usr/bin/cmake --install /home/nikhil/ROS/ros2_ws/build/my_robot_interfaces
[2.620s] Level 1:colcon.colcon_core.environment:checking '/home/nikhil/ROS/ros2_ws/install/my_robot_interfaces' for CMake config files
[2.620s] Level 1:colcon.colcon_core.shell:create_environment_hook('my_robot_interfaces', 'cmake_prefix_path')
[2.620s] INFO:colcon.colcon_core.shell:Creating environment hook '/home/nikhil/ROS/ros2_ws/install/my_robot_interfaces/share/my_robot_interfaces/hook/cmake_prefix_path.ps1'
[2.621s] INFO:colcon.colcon_core.shell:Creating environment descriptor '/home/nikhil/ROS/ros2_ws/install/my_robot_interfaces/share/my_robot_interfaces/hook/cmake_prefix_path.dsv'
[2.621s] INFO:colcon.colcon_core.shell:Creating environment hook '/home/nikhil/ROS/ros2_ws/install/my_robot_interfaces/share/my_robot_interfaces/hook/cmake_prefix_path.sh'
[2.621s] Level 1:colcon.colcon_core.environment:checking '/home/nikhil/ROS/ros2_ws/install/my_robot_interfaces/lib'
[2.621s] Level 1:colcon.colcon_core.shell:create_environment_hook('my_robot_interfaces', 'ld_library_path_lib')
[2.621s] INFO:colcon.colcon_core.shell:Creating environment hook '/home/nikhil/ROS/ros2_ws/install/my_robot_interfaces/share/my_robot_interfaces/hook/ld_library_path_lib.ps1'
[2.621s] INFO:colcon.colcon_core.shell:Creating environment descriptor '/home/nikhil/ROS/ros2_ws/install/my_robot_interfaces/share/my_robot_interfaces/hook/ld_library_path_lib.dsv'
[2.622s] INFO:colcon.colcon_core.shell:Creating environment hook '/home/nikhil/ROS/ros2_ws/install/my_robot_interfaces/share/my_robot_interfaces/hook/ld_library_path_lib.sh'
[2.622s] Level 1:colcon.colcon_core.environment:checking '/home/nikhil/ROS/ros2_ws/install/my_robot_interfaces/bin'
[2.622s] Level 1:colcon.colcon_core.environment:checking '/home/nikhil/ROS/ros2_ws/install/my_robot_interfaces/lib/pkgconfig/my_robot_interfaces.pc'
[2.622s] Level 1:colcon.colcon_core.environment:checking '/home/nikhil/ROS/ros2_ws/install/my_robot_interfaces/lib/python3.10/site-packages'
[2.622s] Level 1:colcon.colcon_core.environment:checking '/home/nikhil/ROS/ros2_ws/install/my_robot_interfaces/bin'
[2.622s] INFO:colcon.colcon_core.shell:Creating package script '/home/nikhil/ROS/ros2_ws/install/my_robot_interfaces/share/my_robot_interfaces/package.ps1'
[2.622s] INFO:colcon.colcon_core.shell:Creating package descriptor '/home/nikhil/ROS/ros2_ws/install/my_robot_interfaces/share/my_robot_interfaces/package.dsv'
[2.623s] INFO:colcon.colcon_core.shell:Creating package script '/home/nikhil/ROS/ros2_ws/install/my_robot_interfaces/share/my_robot_interfaces/package.sh'
[2.623s] INFO:colcon.colcon_core.shell:Creating package script '/home/nikhil/ROS/ros2_ws/install/my_robot_interfaces/share/my_robot_interfaces/package.bash'
[2.623s] INFO:colcon.colcon_core.shell:Creating package script '/home/nikhil/ROS/ros2_ws/install/my_robot_interfaces/share/my_robot_interfaces/package.zsh'
[2.623s] Level 1:colcon.colcon_core.environment:create_file_with_runtime_dependencies(/home/nikhil/ROS/ros2_ws/install/my_robot_interfaces/share/colcon-core/packages/my_robot_interfaces)
[2.685s] Level 1:colcon.colcon_core.environment:create_environment_scripts_only(my_robot_interfaces)
[2.685s] Level 1:colcon.colcon_core.environment:checking '/home/nikhil/ROS/ros2_ws/install/my_robot_interfaces' for CMake module files
[2.685s] Level 1:colcon.colcon_core.environment:checking '/home/nikhil/ROS/ros2_ws/install/my_robot_interfaces' for CMake config files
[2.685s] Level 1:colcon.colcon_core.shell:create_environment_hook('my_robot_interfaces', 'cmake_prefix_path')
[2.686s] INFO:colcon.colcon_core.shell:Creating environment hook '/home/nikhil/ROS/ros2_ws/install/my_robot_interfaces/share/my_robot_interfaces/hook/cmake_prefix_path.ps1'
[2.686s] INFO:colcon.colcon_core.shell:Creating environment descriptor '/home/nikhil/ROS/ros2_ws/install/my_robot_interfaces/share/my_robot_interfaces/hook/cmake_prefix_path.dsv'
[2.686s] INFO:colcon.colcon_core.shell:Creating environment hook '/home/nikhil/ROS/ros2_ws/install/my_robot_interfaces/share/my_robot_interfaces/hook/cmake_prefix_path.sh'
[2.686s] Level 1:colcon.colcon_core.environment:checking '/home/nikhil/ROS/ros2_ws/install/my_robot_interfaces/lib'
[2.686s] Level 1:colcon.colcon_core.shell:create_environment_hook('my_robot_interfaces', 'ld_library_path_lib')
[2.686s] INFO:colcon.colcon_core.shell:Creating environment hook '/home/nikhil/ROS/ros2_ws/install/my_robot_interfaces/share/my_robot_interfaces/hook/ld_library_path_lib.ps1'
[2.687s] INFO:colcon.colcon_core.shell:Creating environment descriptor '/home/nikhil/ROS/ros2_ws/install/my_robot_interfaces/share/my_robot_interfaces/hook/ld_library_path_lib.dsv'
[2.687s] INFO:colcon.colcon_core.shell:Creating environment hook '/home/nikhil/ROS/ros2_ws/install/my_robot_interfaces/share/my_robot_interfaces/hook/ld_library_path_lib.sh'
[2.687s] Level 1:colcon.colcon_core.environment:checking '/home/nikhil/ROS/ros2_ws/install/my_robot_interfaces/bin'
[2.687s] Level 1:colcon.colcon_core.environment:checking '/home/nikhil/ROS/ros2_ws/install/my_robot_interfaces/lib/pkgconfig/my_robot_interfaces.pc'
[2.687s] Level 1:colcon.colcon_core.environment:checking '/home/nikhil/ROS/ros2_ws/install/my_robot_interfaces/lib/python3.10/site-packages'
[2.687s] Level 1:colcon.colcon_core.environment:checking '/home/nikhil/ROS/ros2_ws/install/my_robot_interfaces/bin'
[2.687s] INFO:colcon.colcon_core.shell:Creating package script '/home/nikhil/ROS/ros2_ws/install/my_robot_interfaces/share/my_robot_interfaces/package.ps1'
[2.688s] INFO:colcon.colcon_core.shell:Creating package descriptor '/home/nikhil/ROS/ros2_ws/install/my_robot_interfaces/share/my_robot_interfaces/package.dsv'
[2.688s] INFO:colcon.colcon_core.shell:Creating package script '/home/nikhil/ROS/ros2_ws/install/my_robot_interfaces/share/my_robot_interfaces/package.sh'
[2.688s] INFO:colcon.colcon_core.shell:Creating package script '/home/nikhil/ROS/ros2_ws/install/my_robot_interfaces/share/my_robot_interfaces/package.bash'
[2.688s] INFO:colcon.colcon_core.shell:Creating package script '/home/nikhil/ROS/ros2_ws/install/my_robot_interfaces/share/my_robot_interfaces/package.zsh'
[2.688s] Level 1:colcon.colcon_core.environment:create_file_with_runtime_dependencies(/home/nikhil/ROS/ros2_ws/install/my_robot_interfaces/share/colcon-core/packages/my_robot_interfaces)
[2.688s] INFO:colcon.colcon_ros.task.ament_cmake.build:Building ROS package in '/home/nikhil/ROS/ros2_ws/src/cpp_pkg' with build type 'ament_cmake'
[2.689s] INFO:colcon.colcon_cmake.task.cmake.build:Building CMake package in '/home/nikhil/ROS/ros2_ws/src/cpp_pkg'
[2.689s] INFO:colcon.colcon_core.shell:Skip shell extension 'powershell' for command environment: Not usable outside of PowerShell
[2.689s] DEBUG:colcon.colcon_core.shell:Skip shell extension 'dsv' for command environment
[2.695s] DEBUG:colcon.colcon_core.event_handler.log_command:Invoking command in '/home/nikhil/ROS/ros2_ws/build/cpp_pkg': CMAKE_PREFIX_PATH=${CMAKE_PREFIX_PATH}:/home/nikhil/ROS/ros2_ws/install/py_pkg:/home/nikhil/ROS/ros2_ws/install/launch_testing_examples:/home/nikhil/ROS/ros2_ws/install/examples_rclpy_pointcloud_publisher:/home/nikhil/ROS/ros2_ws/install/examples_rclpy_minimal_subscriber:/home/nikhil/ROS/ros2_ws/install/examples_rclpy_minimal_service:/home/nikhil/ROS/ros2_ws/install/examples_rclpy_minimal_publisher:/home/nikhil/ROS/ros2_ws/install/examples_rclpy_minimal_client:/home/nikhil/ROS/ros2_ws/install/examples_rclpy_minimal_action_server:/home/nikhil/ROS/ros2_ws/install/examples_rclpy_minimal_action_client:/home/nikhil/ROS/ros2_ws/install/examples_rclpy_guard_conditions:/home/nikhil/ROS/ros2_ws/install/examples_rclpy_executors:/opt/ros/humble /usr/bin/cmake /home/nikhil/ROS/ros2_ws/src/cpp_pkg -DCMAKE_INSTALL_PREFIX=/home/nikhil/ROS/ros2_ws/install/cpp_pkg
[3.643s] DEBUG:colcon.colcon_core.event_handler.log_command:Invoked command in '/home/nikhil/ROS/ros2_ws/build/cpp_pkg' returned '0': CMAKE_PREFIX_PATH=${CMAKE_PREFIX_PATH}:/home/nikhil/ROS/ros2_ws/install/py_pkg:/home/nikhil/ROS/ros2_ws/install/launch_testing_examples:/home/nikhil/ROS/ros2_ws/install/examples_rclpy_pointcloud_publisher:/home/nikhil/ROS/ros2_ws/install/examples_rclpy_minimal_subscriber:/home/nikhil/ROS/ros2_ws/install/examples_rclpy_minimal_service:/home/nikhil/ROS/ros2_ws/install/examples_rclpy_minimal_publisher:/home/nikhil/ROS/ros2_ws/install/examples_rclpy_minimal_client:/home/nikhil/ROS/ros2_ws/install/examples_rclpy_minimal_action_server:/home/nikhil/ROS/ros2_ws/install/examples_rclpy_minimal_action_client:/home/nikhil/ROS/ros2_ws/install/examples_rclpy_guard_conditions:/home/nikhil/ROS/ros2_ws/install/examples_rclpy_executors:/opt/ros/humble /usr/bin/cmake /home/nikhil/ROS/ros2_ws/src/cpp_pkg -DCMAKE_INSTALL_PREFIX=/home/nikhil/ROS/ros2_ws/install/cpp_pkg
[3.644s] DEBUG:colcon.colcon_core.event_handler.log_command:Invoking command in '/home/nikhil/ROS/ros2_ws/build/cpp_pkg': CMAKE_PREFIX_PATH=${CMAKE_PREFIX_PATH}:/home/nikhil/ROS/ros2_ws/install/py_pkg:/home/nikhil/ROS/ros2_ws/install/launch_testing_examples:/home/nikhil/ROS/ros2_ws/install/examples_rclpy_pointcloud_publisher:/home/nikhil/ROS/ros2_ws/install/examples_rclpy_minimal_subscriber:/home/nikhil/ROS/ros2_ws/install/examples_rclpy_minimal_service:/home/nikhil/ROS/ros2_ws/install/examples_rclpy_minimal_publisher:/home/nikhil/ROS/ros2_ws/install/examples_rclpy_minimal_client:/home/nikhil/ROS/ros2_ws/install/examples_rclpy_minimal_action_server:/home/nikhil/ROS/ros2_ws/install/examples_rclpy_minimal_action_client:/home/nikhil/ROS/ros2_ws/install/examples_rclpy_guard_conditions:/home/nikhil/ROS/ros2_ws/install/examples_rclpy_executors:/opt/ros/humble /usr/bin/cmake --build /home/nikhil/ROS/ros2_ws/build/cpp_pkg -- -j20 -l20
[6.856s] DEBUG:colcon.colcon_core.event_handler.log_command:Invoked command in '/home/nikhil/ROS/ros2_ws/build/course_activities' returned '0': CMAKE_PREFIX_PATH=${CMAKE_PREFIX_PATH}:/home/nikhil/ROS/ros2_ws/install/py_pkg:/home/nikhil/ROS/ros2_ws/install/launch_testing_examples:/home/nikhil/ROS/ros2_ws/install/examples_rclpy_pointcloud_publisher:/home/nikhil/ROS/ros2_ws/install/examples_rclpy_minimal_subscriber:/home/nikhil/ROS/ros2_ws/install/examples_rclpy_minimal_service:/home/nikhil/ROS/ros2_ws/install/examples_rclpy_minimal_publisher:/home/nikhil/ROS/ros2_ws/install/examples_rclpy_minimal_client:/home/nikhil/ROS/ros2_ws/install/examples_rclpy_minimal_action_server:/home/nikhil/ROS/ros2_ws/install/examples_rclpy_minimal_action_client:/home/nikhil/ROS/ros2_ws/install/examples_rclpy_guard_conditions:/home/nikhil/ROS/ros2_ws/install/examples_rclpy_executors:/opt/ros/humble /usr/bin/cmake --build /home/nikhil/ROS/ros2_ws/build/course_activities -- -j20 -l20
[6.880s] DEBUG:colcon.colcon_core.event_handler.log_command:Invoking command in '/home/nikhil/ROS/ros2_ws/build/course_activities': CMAKE_PREFIX_PATH=${CMAKE_PREFIX_PATH}:/home/nikhil/ROS/ros2_ws/install/py_pkg:/home/nikhil/ROS/ros2_ws/install/launch_testing_examples:/home/nikhil/ROS/ros2_ws/install/examples_rclpy_pointcloud_publisher:/home/nikhil/ROS/ros2_ws/install/examples_rclpy_minimal_subscriber:/home/nikhil/ROS/ros2_ws/install/examples_rclpy_minimal_service:/home/nikhil/ROS/ros2_ws/install/examples_rclpy_minimal_publisher:/home/nikhil/ROS/ros2_ws/install/examples_rclpy_minimal_client:/home/nikhil/ROS/ros2_ws/install/examples_rclpy_minimal_action_server:/home/nikhil/ROS/ros2_ws/install/examples_rclpy_minimal_action_client:/home/nikhil/ROS/ros2_ws/install/examples_rclpy_guard_conditions:/home/nikhil/ROS/ros2_ws/install/examples_rclpy_executors:/opt/ros/humble /usr/bin/cmake --install /home/nikhil/ROS/ros2_ws/build/course_activities
[6.890s] Level 1:colcon.colcon_core.environment:create_environment_scripts_only(course_activities)
[6.890s] Level 1:colcon.colcon_core.environment:checking '/home/nikhil/ROS/ros2_ws/install/course_activities' for CMake module files
[6.890s] DEBUG:colcon.colcon_core.event_handler.log_command:Invoked command in '/home/nikhil/ROS/ros2_ws/build/course_activities' returned '0': CMAKE_PREFIX_PATH=${CMAKE_PREFIX_PATH}:/home/nikhil/ROS/ros2_ws/install/py_pkg:/home/nikhil/ROS/ros2_ws/install/launch_testing_examples:/home/nikhil/ROS/ros2_ws/install/examples_rclpy_pointcloud_publisher:/home/nikhil/ROS/ros2_ws/install/examples_rclpy_minimal_subscriber:/home/nikhil/ROS/ros2_ws/install/examples_rclpy_minimal_service:/home/nikhil/ROS/ros2_ws/install/examples_rclpy_minimal_publisher:/home/nikhil/ROS/ros2_ws/install/examples_rclpy_minimal_client:/home/nikhil/ROS/ros2_ws/install/examples_rclpy_minimal_action_server:/home/nikhil/ROS/ros2_ws/install/examples_rclpy_minimal_action_client:/home/nikhil/ROS/ros2_ws/install/examples_rclpy_guard_conditions:/home/nikhil/ROS/ros2_ws/install/examples_rclpy_executors:/opt/ros/humble /usr/bin/cmake --install /home/nikhil/ROS/ros2_ws/build/course_activities
[6.890s] Level 1:colcon.colcon_core.environment:checking '/home/nikhil/ROS/ros2_ws/install/course_activities' for CMake config files
[6.890s] Level 1:colcon.colcon_core.shell:create_environment_hook('course_activities', 'cmake_prefix_path')
[6.891s] INFO:colcon.colcon_core.shell:Creating environment hook '/home/nikhil/ROS/ros2_ws/install/course_activities/share/course_activities/hook/cmake_prefix_path.ps1'
[6.891s] INFO:colcon.colcon_core.shell:Creating environment descriptor '/home/nikhil/ROS/ros2_ws/install/course_activities/share/course_activities/hook/cmake_prefix_path.dsv'
[6.891s] INFO:colcon.colcon_core.shell:Creating environment hook '/home/nikhil/ROS/ros2_ws/install/course_activities/share/course_activities/hook/cmake_prefix_path.sh'
[6.891s] Level 1:colcon.colcon_core.environment:checking '/home/nikhil/ROS/ros2_ws/install/course_activities/lib'
[6.891s] Level 1:colcon.colcon_core.environment:checking '/home/nikhil/ROS/ros2_ws/install/course_activities/bin'
[6.891s] Level 1:colcon.colcon_core.environment:checking '/home/nikhil/ROS/ros2_ws/install/course_activities/lib/pkgconfig/course_activities.pc'
[6.891s] Level 1:colcon.colcon_core.environment:checking '/home/nikhil/ROS/ros2_ws/install/course_activities/lib/python3.10/site-packages'
[6.892s] Level 1:colcon.colcon_core.environment:checking '/home/nikhil/ROS/ros2_ws/install/course_activities/bin'
[6.892s] INFO:colcon.colcon_core.shell:Creating package script '/home/nikhil/ROS/ros2_ws/install/course_activities/share/course_activities/package.ps1'
[6.892s] INFO:colcon.colcon_core.shell:Creating package descriptor '/home/nikhil/ROS/ros2_ws/install/course_activities/share/course_activities/package.dsv'
[6.892s] INFO:colcon.colcon_core.shell:Creating package script '/home/nikhil/ROS/ros2_ws/install/course_activities/share/course_activities/package.sh'
[6.892s] INFO:colcon.colcon_core.shell:Creating package script '/home/nikhil/ROS/ros2_ws/install/course_activities/share/course_activities/package.bash'
[6.892s] INFO:colcon.colcon_core.shell:Creating package script '/home/nikhil/ROS/ros2_ws/install/course_activities/share/course_activities/package.zsh'
[6.893s] Level 1:colcon.colcon_core.environment:create_file_with_runtime_dependencies(/home/nikhil/ROS/ros2_ws/install/course_activities/share/colcon-core/packages/course_activities)
[6.915s] Level 1:colcon.colcon_core.environment:create_environment_scripts_only(course_activities)
[6.915s] Level 1:colcon.colcon_core.environment:checking '/home/nikhil/ROS/ros2_ws/install/course_activities' for CMake module files
[6.915s] Level 1:colcon.colcon_core.environment:checking '/home/nikhil/ROS/ros2_ws/install/course_activities' for CMake config files
[6.915s] Level 1:colcon.colcon_core.shell:create_environment_hook('course_activities', 'cmake_prefix_path')
[6.916s] INFO:colcon.colcon_core.shell:Creating environment hook '/home/nikhil/ROS/ros2_ws/install/course_activities/share/course_activities/hook/cmake_prefix_path.ps1'
[6.916s] INFO:colcon.colcon_core.shell:Creating environment descriptor '/home/nikhil/ROS/ros2_ws/install/course_activities/share/course_activities/hook/cmake_prefix_path.dsv'
[6.916s] INFO:colcon.colcon_core.shell:Creating environment hook '/home/nikhil/ROS/ros2_ws/install/course_activities/share/course_activities/hook/cmake_prefix_path.sh'
[6.916s] Level 1:colcon.colcon_core.environment:checking '/home/nikhil/ROS/ros2_ws/install/course_activities/lib'
[6.916s] Level 1:colcon.colcon_core.environment:checking '/home/nikhil/ROS/ros2_ws/install/course_activities/bin'
[6.916s] Level 1:colcon.colcon_core.environment:checking '/home/nikhil/ROS/ros2_ws/install/course_activities/lib/pkgconfig/course_activities.pc'
[6.916s] Level 1:colcon.colcon_core.environment:checking '/home/nikhil/ROS/ros2_ws/install/course_activities/lib/python3.10/site-packages'
[6.916s] Level 1:colcon.colcon_core.environment:checking '/home/nikhil/ROS/ros2_ws/install/course_activities/bin'
[6.917s] INFO:colcon.colcon_core.shell:Creating package script '/home/nikhil/ROS/ros2_ws/install/course_activities/share/course_activities/package.ps1'
[6.917s] INFO:colcon.colcon_core.shell:Creating package descriptor '/home/nikhil/ROS/ros2_ws/install/course_activities/share/course_activities/package.dsv'
[6.917s] INFO:colcon.colcon_core.shell:Creating package script '/home/nikhil/ROS/ros2_ws/install/course_activities/share/course_activities/package.sh'
[6.917s] INFO:colcon.colcon_core.shell:Creating package script '/home/nikhil/ROS/ros2_ws/install/course_activities/share/course_activities/package.bash'
[6.917s] INFO:colcon.colcon_core.shell:Creating package script '/home/nikhil/ROS/ros2_ws/install/course_activities/share/course_activities/package.zsh'
[6.918s] Level 1:colcon.colcon_core.environment:create_file_with_runtime_dependencies(/home/nikhil/ROS/ros2_ws/install/course_activities/share/colcon-core/packages/course_activities)
[8.603s] DEBUG:colcon.colcon_core.event_handler.log_command:Invoked command in '/home/nikhil/ROS/ros2_ws/build/cpp_pkg' returned '0': CMAKE_PREFIX_PATH=${CMAKE_PREFIX_PATH}:/home/nikhil/ROS/ros2_ws/install/py_pkg:/home/nikhil/ROS/ros2_ws/install/launch_testing_examples:/home/nikhil/ROS/ros2_ws/install/examples_rclpy_pointcloud_publisher:/home/nikhil/ROS/ros2_ws/install/examples_rclpy_minimal_subscriber:/home/nikhil/ROS/ros2_ws/install/examples_rclpy_minimal_service:/home/nikhil/ROS/ros2_ws/install/examples_rclpy_minimal_publisher:/home/nikhil/ROS/ros2_ws/install/examples_rclpy_minimal_client:/home/nikhil/ROS/ros2_ws/install/examples_rclpy_minimal_action_server:/home/nikhil/ROS/ros2_ws/install/examples_rclpy_minimal_action_client:/home/nikhil/ROS/ros2_ws/install/examples_rclpy_guard_conditions:/home/nikhil/ROS/ros2_ws/install/examples_rclpy_executors:/opt/ros/humble /usr/bin/cmake --build /home/nikhil/ROS/ros2_ws/build/cpp_pkg -- -j20 -l20
[8.639s] DEBUG:colcon.colcon_core.event_handler.log_command:Invoking command in '/home/nikhil/ROS/ros2_ws/build/cpp_pkg': CMAKE_PREFIX_PATH=${CMAKE_PREFIX_PATH}:/home/nikhil/ROS/ros2_ws/install/py_pkg:/home/nikhil/ROS/ros2_ws/install/launch_testing_examples:/home/nikhil/ROS/ros2_ws/install/examples_rclpy_pointcloud_publisher:/home/nikhil/ROS/ros2_ws/install/examples_rclpy_minimal_subscriber:/home/nikhil/ROS/ros2_ws/install/examples_rclpy_minimal_service:/home/nikhil/ROS/ros2_ws/install/examples_rclpy_minimal_publisher:/home/nikhil/ROS/ros2_ws/install/examples_rclpy_minimal_client:/home/nikhil/ROS/ros2_ws/install/examples_rclpy_minimal_action_server:/home/nikhil/ROS/ros2_ws/install/examples_rclpy_minimal_action_client:/home/nikhil/ROS/ros2_ws/install/examples_rclpy_guard_conditions:/home/nikhil/ROS/ros2_ws/install/examples_rclpy_executors:/opt/ros/humble /usr/bin/cmake --install /home/nikhil/ROS/ros2_ws/build/cpp_pkg
[8.649s] Level 1:colcon.colcon_core.environment:create_environment_scripts_only(cpp_pkg)
[8.649s] Level 1:colcon.colcon_core.environment:checking '/home/nikhil/ROS/ros2_ws/install/cpp_pkg' for CMake module files
[8.649s] DEBUG:colcon.colcon_core.event_handler.log_command:Invoked command in '/home/nikhil/ROS/ros2_ws/build/cpp_pkg' returned '0': CMAKE_PREFIX_PATH=${CMAKE_PREFIX_PATH}:/home/nikhil/ROS/ros2_ws/install/py_pkg:/home/nikhil/ROS/ros2_ws/install/launch_testing_examples:/home/nikhil/ROS/ros2_ws/install/examples_rclpy_pointcloud_publisher:/home/nikhil/ROS/ros2_ws/install/examples_rclpy_minimal_subscriber:/home/nikhil/ROS/ros2_ws/install/examples_rclpy_minimal_service:/home/nikhil/ROS/ros2_ws/install/examples_rclpy_minimal_publisher:/home/nikhil/ROS/ros2_ws/install/examples_rclpy_minimal_client:/home/nikhil/ROS/ros2_ws/install/examples_rclpy_minimal_action_server:/home/nikhil/ROS/ros2_ws/install/examples_rclpy_minimal_action_client:/home/nikhil/ROS/ros2_ws/install/examples_rclpy_guard_conditions:/home/nikhil/ROS/ros2_ws/install/examples_rclpy_executors:/opt/ros/humble /usr/bin/cmake --install /home/nikhil/ROS/ros2_ws/build/cpp_pkg
[8.649s] Level 1:colcon.colcon_core.environment:checking '/home/nikhil/ROS/ros2_ws/install/cpp_pkg' for CMake config files
[8.649s] Level 1:colcon.colcon_core.shell:create_environment_hook('cpp_pkg', 'cmake_prefix_path')
[8.649s] INFO:colcon.colcon_core.shell:Creating environment hook '/home/nikhil/ROS/ros2_ws/install/cpp_pkg/share/cpp_pkg/hook/cmake_prefix_path.ps1'
[8.650s] INFO:colcon.colcon_core.shell:Creating environment descriptor '/home/nikhil/ROS/ros2_ws/install/cpp_pkg/share/cpp_pkg/hook/cmake_prefix_path.dsv'
[8.650s] INFO:colcon.colcon_core.shell:Creating environment hook '/home/nikhil/ROS/ros2_ws/install/cpp_pkg/share/cpp_pkg/hook/cmake_prefix_path.sh'
[8.650s] Level 1:colcon.colcon_core.environment:checking '/home/nikhil/ROS/ros2_ws/install/cpp_pkg/lib'
[8.650s] Level 1:colcon.colcon_core.environment:checking '/home/nikhil/ROS/ros2_ws/install/cpp_pkg/bin'
[8.650s] Level 1:colcon.colcon_core.environment:checking '/home/nikhil/ROS/ros2_ws/install/cpp_pkg/lib/pkgconfig/cpp_pkg.pc'
[8.650s] Level 1:colcon.colcon_core.environment:checking '/home/nikhil/ROS/ros2_ws/install/cpp_pkg/lib/python3.10/site-packages'
[8.650s] Level 1:colcon.colcon_core.environment:checking '/home/nikhil/ROS/ros2_ws/install/cpp_pkg/bin'
[8.651s] INFO:colcon.colcon_core.shell:Creating package script '/home/nikhil/ROS/ros2_ws/install/cpp_pkg/share/cpp_pkg/package.ps1'
[8.651s] INFO:colcon.colcon_core.shell:Creating package descriptor '/home/nikhil/ROS/ros2_ws/install/cpp_pkg/share/cpp_pkg/package.dsv'
[8.651s] INFO:colcon.colcon_core.shell:Creating package script '/home/nikhil/ROS/ros2_ws/install/cpp_pkg/share/cpp_pkg/package.sh'
[8.651s] INFO:colcon.colcon_core.shell:Creating package script '/home/nikhil/ROS/ros2_ws/install/cpp_pkg/share/cpp_pkg/package.bash'
[8.651s] INFO:colcon.colcon_core.shell:Creating package script '/home/nikhil/ROS/ros2_ws/install/cpp_pkg/share/cpp_pkg/package.zsh'
[8.651s] Level 1:colcon.colcon_core.environment:create_file_with_runtime_dependencies(/home/nikhil/ROS/ros2_ws/install/cpp_pkg/share/colcon-core/packages/cpp_pkg)
[8.687s] Level 1:colcon.colcon_core.environment:create_environment_scripts_only(cpp_pkg)
[8.687s] Level 1:colcon.colcon_core.environment:checking '/home/nikhil/ROS/ros2_ws/install/cpp_pkg' for CMake module files
[8.687s] Level 1:colcon.colcon_core.environment:checking '/home/nikhil/ROS/ros2_ws/install/cpp_pkg' for CMake config files
[8.687s] Level 1:colcon.colcon_core.shell:create_environment_hook('cpp_pkg', 'cmake_prefix_path')
[8.687s] INFO:colcon.colcon_core.shell:Creating environment hook '/home/nikhil/ROS/ros2_ws/install/cpp_pkg/share/cpp_pkg/hook/cmake_prefix_path.ps1'
[8.688s] INFO:colcon.colcon_core.shell:Creating environment descriptor '/home/nikhil/ROS/ros2_ws/install/cpp_pkg/share/cpp_pkg/hook/cmake_prefix_path.dsv'
[8.688s] INFO:colcon.colcon_core.shell:Creating environment hook '/home/nikhil/ROS/ros2_ws/install/cpp_pkg/share/cpp_pkg/hook/cmake_prefix_path.sh'
[8.688s] Level 1:colcon.colcon_core.environment:checking '/home/nikhil/ROS/ros2_ws/install/cpp_pkg/lib'
[8.688s] Level 1:colcon.colcon_core.environment:checking '/home/nikhil/ROS/ros2_ws/install/cpp_pkg/bin'
[8.688s] Level 1:colcon.colcon_core.environment:checking '/home/nikhil/ROS/ros2_ws/install/cpp_pkg/lib/pkgconfig/cpp_pkg.pc'
[8.688s] Level 1:colcon.colcon_core.environment:checking '/home/nikhil/ROS/ros2_ws/install/cpp_pkg/lib/python3.10/site-packages'
[8.688s] Level 1:colcon.colcon_core.environment:checking '/home/nikhil/ROS/ros2_ws/install/cpp_pkg/bin'
[8.689s] INFO:colcon.colcon_core.shell:Creating package script '/home/nikhil/ROS/ros2_ws/install/cpp_pkg/share/cpp_pkg/package.ps1'
[8.689s] INFO:colcon.colcon_core.shell:Creating package descriptor '/home/nikhil/ROS/ros2_ws/install/cpp_pkg/share/cpp_pkg/package.dsv'
[8.689s] INFO:colcon.colcon_core.shell:Creating package script '/home/nikhil/ROS/ros2_ws/install/cpp_pkg/share/cpp_pkg/package.sh'
[8.689s] INFO:colcon.colcon_core.shell:Creating package script '/home/nikhil/ROS/ros2_ws/install/cpp_pkg/share/cpp_pkg/package.bash'
[8.689s] INFO:colcon.colcon_core.shell:Creating package script '/home/nikhil/ROS/ros2_ws/install/cpp_pkg/share/cpp_pkg/package.zsh'
[8.689s] Level 1:colcon.colcon_core.environment:create_file_with_runtime_dependencies(/home/nikhil/ROS/ros2_ws/install/cpp_pkg/share/colcon-core/packages/cpp_pkg)
[8.690s] DEBUG:colcon.colcon_parallel_executor.executor.parallel:closing loop
[8.690s] DEBUG:colcon.colcon_parallel_executor.executor.parallel:loop closed
[8.690s] DEBUG:colcon.colcon_parallel_executor.executor.parallel:run_until_complete finished with '0'
[8.690s] DEBUG:colcon.colcon_core.event_reactor:joining thread
[8.693s] INFO:colcon.colcon_core.plugin_system:Skipping extension 'colcon_notification.desktop_notification.terminal_notifier': Not used on non-Darwin systems
[8.693s] INFO:colcon.colcon_core.plugin_system:Skipping extension 'colcon_notification.desktop_notification.win32': Not used on non-Windows systems
[8.693s] INFO:colcon.colcon_notification.desktop_notification:Sending desktop notification using 'notify2'
[8.702s] DEBUG:colcon.colcon_core.event_reactor:joined thread
[8.702s] INFO:colcon.colcon_core.shell:Creating prefix script '/home/nikhil/ROS/ros2_ws/install/local_setup.ps1'
[8.702s] INFO:colcon.colcon_core.shell:Creating prefix util module '/home/nikhil/ROS/ros2_ws/install/_local_setup_util_ps1.py'
[8.703s] INFO:colcon.colcon_core.shell:Creating prefix chain script '/home/nikhil/ROS/ros2_ws/install/setup.ps1'
[8.704s] INFO:colcon.colcon_core.shell:Creating prefix script '/home/nikhil/ROS/ros2_ws/install/local_setup.sh'
[8.704s] INFO:colcon.colcon_core.shell:Creating prefix util module '/home/nikhil/ROS/ros2_ws/install/_local_setup_util_sh.py'
[8.704s] INFO:colcon.colcon_core.shell:Creating prefix chain script '/home/nikhil/ROS/ros2_ws/install/setup.sh'
[8.705s] INFO:colcon.colcon_core.shell:Creating prefix script '/home/nikhil/ROS/ros2_ws/install/local_setup.bash'
[8.706s] INFO:colcon.colcon_core.shell:Creating prefix chain script '/home/nikhil/ROS/ros2_ws/install/setup.bash'
[8.706s] INFO:colcon.colcon_core.shell:Creating prefix script '/home/nikhil/ROS/ros2_ws/install/local_setup.zsh'
[8.707s] INFO:colcon.colcon_core.shell:Creating prefix chain script '/home/nikhil/ROS/ros2_ws/install/setup.zsh'
