[0.011s] Invoking command in '/home/nikhil/Work/ROS/control_ws/build/diff_drive': CMAKE_PREFIX_PATH=${CMAKE_PREFIX_PATH}:/home/nikhil/Work/ROS/ros2_ws/install/py_pkg:/opt/ros/humble /usr/bin/cmake --build /home/nikhil/Work/ROS/control_ws/build/diff_drive -- -j20 -l20
[0.042s] [35m[1mConsolidate compiler generated dependencies of target diff_drive[0m
[0.058s] [ 50%] [32mBuilding CXX object CMakeFiles/diff_drive.dir/hardware/diffdrive_system.cpp.o[0m
[6.758s] [100%] [32m[1mLinking CXX shared library libdiff_drive.so[0m
[7.173s] [100%] Built target diff_drive
[7.184s] Invoked command in '/home/nikhil/Work/ROS/control_ws/build/diff_drive' returned '0': CMAKE_PREFIX_PATH=${CMAKE_PREFIX_PATH}:/home/nikhil/Work/ROS/ros2_ws/install/py_pkg:/opt/ros/humble /usr/bin/cmake --build /home/nikhil/Work/ROS/control_ws/build/diff_drive -- -j20 -l20
[7.185s] Invoking command in '/home/nikhil/Work/ROS/control_ws/build/diff_drive': CMAKE_PREFIX_PATH=${CMAKE_PREFIX_PATH}:/home/nikhil/Work/ROS/ros2_ws/install/py_pkg:/opt/ros/humble /usr/bin/cmake --install /home/nikhil/Work/ROS/control_ws/build/diff_drive
[7.192s] -- Install configuration: ""
[7.192s] -- Up-to-date: /home/nikhil/Work/ROS/control_ws/install/diff_drive/share/diff_drive/diff_drive.xml
[7.192s] -- Up-to-date: /home/nikhil/Work/ROS/control_ws/install/diff_drive/include/diff_drive
[7.192s] -- Up-to-date: /home/nikhil/Work/ROS/control_ws/install/diff_drive/include/diff_drive/diff_drive
[7.192s] -- Up-to-date: /home/nikhil/Work/ROS/control_ws/install/diff_drive/include/diff_drive/diff_drive/wheel.hpp
[7.192s] -- Up-to-date: /home/nikhil/Work/ROS/control_ws/install/diff_drive/include/diff_drive/diff_drive/visibility_control.h
[7.192s] -- Installing: /home/nikhil/Work/ROS/control_ws/install/diff_drive/include/diff_drive/diff_drive/diffdrive_system.hpp
[7.192s] -- Up-to-date: /home/nikhil/Work/ROS/control_ws/install/diff_drive/share/diff_drive/launch
[7.193s] -- Up-to-date: /home/nikhil/Work/ROS/control_ws/install/diff_drive/share/diff_drive/ros2_control
[7.193s] -- Up-to-date: /home/nikhil/Work/ROS/control_ws/install/diff_drive/share/diff_drive/ros2_control/diffbot.ros2_control.xacro
[7.193s] -- Up-to-date: /home/nikhil/Work/ROS/control_ws/install/diff_drive/share/diff_drive/urdf
[7.193s] -- Up-to-date: /home/nikhil/Work/ROS/control_ws/install/diff_drive/share/diff_drive/urdf/diffbot.urdf.xacro
[7.193s] -- Up-to-date: /home/nikhil/Work/ROS/control_ws/install/diff_drive/share/diff_drive/urdf/diffbot_description.urdf.xacro
[7.193s] -- Up-to-date: /home/nikhil/Work/ROS/control_ws/install/diff_drive/share/diff_drive/urdf/diffbot.materials.xacro
[7.193s] -- Up-to-date: /home/nikhil/Work/ROS/control_ws/install/diff_drive/share/diff_drive/rviz
[7.193s] -- Up-to-date: /home/nikhil/Work/ROS/control_ws/install/diff_drive/share/diff_drive/launch
[7.193s] -- Up-to-date: /home/nikhil/Work/ROS/control_ws/install/diff_drive/share/diff_drive/config
[7.193s] -- Installing: /home/nikhil/Work/ROS/control_ws/install/diff_drive/lib/libdiff_drive.so
[7.201s] -- Set runtime path of "/home/nikhil/Work/ROS/control_ws/install/diff_drive/lib/libdiff_drive.so" to ""
[7.201s] -- Up-to-date: /home/nikhil/Work/ROS/control_ws/install/diff_drive/share/diff_drive/environment/library_path.sh
[7.201s] -- Up-to-date: /home/nikhil/Work/ROS/control_ws/install/diff_drive/share/diff_drive/environment/library_path.dsv
[7.201s] -- Up-to-date: /home/nikhil/Work/ROS/control_ws/install/diff_drive/share/ament_index/resource_index/package_run_dependencies/diff_drive
[7.201s] -- Up-to-date: /home/nikhil/Work/ROS/control_ws/install/diff_drive/share/ament_index/resource_index/parent_prefix_path/diff_drive
[7.201s] -- Up-to-date: /home/nikhil/Work/ROS/control_ws/install/diff_drive/share/diff_drive/environment/ament_prefix_path.sh
[7.201s] -- Up-to-date: /home/nikhil/Work/ROS/control_ws/install/diff_drive/share/diff_drive/environment/ament_prefix_path.dsv
[7.201s] -- Up-to-date: /home/nikhil/Work/ROS/control_ws/install/diff_drive/share/diff_drive/environment/path.sh
[7.201s] -- Up-to-date: /home/nikhil/Work/ROS/control_ws/install/diff_drive/share/diff_drive/environment/path.dsv
[7.201s] -- Up-to-date: /home/nikhil/Work/ROS/control_ws/install/diff_drive/share/diff_drive/local_setup.bash
[7.201s] -- Up-to-date: /home/nikhil/Work/ROS/control_ws/install/diff_drive/share/diff_drive/local_setup.sh
[7.201s] -- Up-to-date: /home/nikhil/Work/ROS/control_ws/install/diff_drive/share/diff_drive/local_setup.zsh
[7.201s] -- Up-to-date: /home/nikhil/Work/ROS/control_ws/install/diff_drive/share/diff_drive/local_setup.dsv
[7.201s] -- Installing: /home/nikhil/Work/ROS/control_ws/install/diff_drive/share/diff_drive/package.dsv
[7.201s] -- Up-to-date: /home/nikhil/Work/ROS/control_ws/install/diff_drive/share/ament_index/resource_index/packages/diff_drive
[7.201s] -- Up-to-date: /home/nikhil/Work/ROS/control_ws/install/diff_drive/share/ament_index/resource_index/hardware_interface__pluginlib__plugin/diff_drive
[7.201s] -- Up-to-date: /home/nikhil/Work/ROS/control_ws/install/diff_drive/share/diff_drive/cmake/export_diff_driveExport.cmake
[7.201s] -- Up-to-date: /home/nikhil/Work/ROS/control_ws/install/diff_drive/share/diff_drive/cmake/export_diff_driveExport-noconfig.cmake
[7.201s] -- Up-to-date: /home/nikhil/Work/ROS/control_ws/install/diff_drive/share/diff_drive/cmake/ament_cmake_export_targets-extras.cmake
[7.201s] -- Up-to-date: /home/nikhil/Work/ROS/control_ws/install/diff_drive/share/diff_drive/cmake/ament_cmake_export_dependencies-extras.cmake
[7.201s] -- Up-to-date: /home/nikhil/Work/ROS/control_ws/install/diff_drive/share/diff_drive/cmake/diff_driveConfig.cmake
[7.201s] -- Up-to-date: /home/nikhil/Work/ROS/control_ws/install/diff_drive/share/diff_drive/cmake/diff_driveConfig-version.cmake
[7.201s] -- Up-to-date: /home/nikhil/Work/ROS/control_ws/install/diff_drive/share/diff_drive/package.xml
[7.203s] Invoked command in '/home/nikhil/Work/ROS/control_ws/build/diff_drive' returned '0': CMAKE_PREFIX_PATH=${CMAKE_PREFIX_PATH}:/home/nikhil/Work/ROS/ros2_ws/install/py_pkg:/opt/ros/humble /usr/bin/cmake --install /home/nikhil/Work/ROS/control_ws/build/diff_drive
