[0.006s] Invoking command in '/home/nikhil/Work/ROS/microRos_ws/build/micro_ros_msgs': CMAKE_PREFIX_PATH=${CMAKE_PREFIX_PATH}:/home/nikhil/Work/ROS/ros2_ws/install/py_pkg:/opt/ros/humble /usr/bin/cmake /home/nikhil/Work/ROS/microRos_ws/src/uros/micro_ros_msgs -DUAGENT_BUILD_EXECUTABLE=OFF -DUAGENT_P2P_PROFILE=OFF --no-warn-unused-cli -DCMAKE_INSTALL_PREFIX=/home/nikhil/Work/ROS/microRos_ws/install/micro_ros_msgs
[0.012s] Not searching for unused variables given on the command line.
[0.048s] -- The C compiler identification is GNU 11.4.0
[0.087s] -- The CXX compiler identification is GNU 11.4.0
[0.092s] -- Detecting C compiler ABI info
[0.148s] -- Detecting C compiler ABI info - done
[0.153s] -- Check for working C compiler: /usr/bin/cc - skipped
[0.153s] -- Detecting C compile features
[0.153s] -- Detecting C compile features - done
[0.155s] -- Detecting CXX compiler ABI info
[0.214s] -- Detecting CXX compiler ABI info - done
[0.218s] -- Check for working CXX compiler: /usr/bin/c++ - skipped
[0.218s] -- Detecting CXX compile features
[0.218s] -- Detecting CXX compile features - done
[0.220s] -- Found ament_cmake: 1.3.11 (/opt/ros/humble/share/ament_cmake/cmake)
[0.322s] -- Found Python3: /usr/bin/python3 (found version "3.10.12") found components: Interpreter 
[0.382s] -- Found rosidl_default_generators: 1.2.0 (/opt/ros/humble/share/rosidl_default_generators/cmake)
[0.384s] -- Using all available rosidl_typesupport_c: rosidl_typesupport_fastrtps_c;rosidl_typesupport_introspection_c
[0.389s] -- Found rosidl_adapter: 3.1.6 (/opt/ros/humble/share/rosidl_adapter/cmake)
[0.414s] -- Using all available rosidl_typesupport_cpp: rosidl_typesupport_fastrtps_cpp;rosidl_typesupport_introspection_cpp
[0.434s] -- Found ament_lint_auto: 0.12.11 (/opt/ros/humble/share/ament_lint_auto/cmake)
[0.596s] -- Found ament_cmake_ros: 0.10.0 (/opt/ros/humble/share/ament_cmake_ros/cmake)
[0.720s] -- Using all available rosidl_typesupport_c: rosidl_typesupport_fastrtps_c;rosidl_typesupport_introspection_c
[0.877s] -- Using all available rosidl_typesupport_cpp: rosidl_typesupport_fastrtps_cpp;rosidl_typesupport_introspection_cpp
[0.906s] -- Found PythonInterp: /usr/bin/python3 (found suitable version "3.10.12", minimum required is "3.6") 
[0.907s] -- Found python_cmake_module: 0.10.0 (/opt/ros/humble/share/python_cmake_module/cmake)
[0.932s] -- Found PythonLibs: /usr/lib/x86_64-linux-gnu/libpython3.10.so (found suitable version "3.10.12", minimum required is "3.5") 
[0.932s] -- Using PYTHON_EXECUTABLE: /usr/bin/python3
[0.932s] -- Using PYTHON_INCLUDE_DIRS: /usr/include/python3.10
[0.932s] -- Using PYTHON_LIBRARIES: /usr/lib/x86_64-linux-gnu/libpython3.10.so
[0.948s] -- Found PythonExtra: .so  
[0.972s] -- Added test 'copyright' to check source files copyright and LICENSE
[0.975s] -- Added test 'lint_cmake' to check CMake code style
[0.976s] -- Added test 'xmllint' to check XML markup files
[0.978s] -- Configuring done
[0.992s] -- Generating done
[0.997s] -- Build files have been written to: /home/nikhil/Work/ROS/microRos_ws/build/micro_ros_msgs
[1.001s] Invoked command in '/home/nikhil/Work/ROS/microRos_ws/build/micro_ros_msgs' returned '0': CMAKE_PREFIX_PATH=${CMAKE_PREFIX_PATH}:/home/nikhil/Work/ROS/ros2_ws/install/py_pkg:/opt/ros/humble /usr/bin/cmake /home/nikhil/Work/ROS/microRos_ws/src/uros/micro_ros_msgs -DUAGENT_BUILD_EXECUTABLE=OFF -DUAGENT_P2P_PROFILE=OFF --no-warn-unused-cli -DCMAKE_INSTALL_PREFIX=/home/nikhil/Work/ROS/microRos_ws/install/micro_ros_msgs
[1.003s] Invoking command in '/home/nikhil/Work/ROS/microRos_ws/build/micro_ros_msgs': CMAKE_PREFIX_PATH=${CMAKE_PREFIX_PATH}:/home/nikhil/Work/ROS/ros2_ws/install/py_pkg:/opt/ros/humble /usr/bin/cmake --build /home/nikhil/Work/ROS/microRos_ws/build/micro_ros_msgs -- -j20 -l20
[1.032s] [  2%] [34m[1mGenerating C code for ROS interfaces[0m
[1.039s] [  4%] [34m[1mGenerating C++ code for ROS interfaces[0m
[1.045s] [  4%] Built target ament_cmake_python_copy_micro_ros_msgs
[1.194s] running egg_info
[1.194s] creating micro_ros_msgs.egg-info
[1.194s] writing micro_ros_msgs.egg-info/PKG-INFO
[1.195s] writing dependency_links to micro_ros_msgs.egg-info/dependency_links.txt
[1.195s] writing top-level names to micro_ros_msgs.egg-info/top_level.txt
[1.195s] writing manifest file 'micro_ros_msgs.egg-info/SOURCES.txt'
[1.196s] reading manifest file 'micro_ros_msgs.egg-info/SOURCES.txt'
[1.196s] writing manifest file 'micro_ros_msgs.egg-info/SOURCES.txt'
[1.214s] [  4%] Built target ament_cmake_python_build_micro_ros_msgs_egg
[1.227s] [  4%] Built target micro_ros_msgs__cpp
[1.233s] [  6%] [34m[1mGenerating C++ type support dispatch for ROS interfaces[0m
[1.234s] [  8%] [34m[1mGenerating C++ introspection for ROS interfaces[0m
[1.234s] [ 10%] [34m[1mGenerating C++ type support for eProsima Fast-RTPS[0m
[1.242s] [ 12%] [32mBuilding C object CMakeFiles/micro_ros_msgs__rosidl_generator_c.dir/rosidl_generator_c/micro_ros_msgs/msg/detail/graph__functions.c.o[0m
[1.242s] [ 14%] [32mBuilding C object CMakeFiles/micro_ros_msgs__rosidl_generator_c.dir/rosidl_generator_c/micro_ros_msgs/msg/detail/entity__functions.c.o[0m
[1.243s] [ 17%] [32mBuilding C object CMakeFiles/micro_ros_msgs__rosidl_generator_c.dir/rosidl_generator_c/micro_ros_msgs/msg/detail/node__functions.c.o[0m
[1.277s] [ 19%] [32m[1mLinking C shared library libmicro_ros_msgs__rosidl_generator_c.so[0m
[1.306s] [ 19%] Built target micro_ros_msgs__rosidl_generator_c
[1.313s] [ 21%] [34m[1mGenerating C type support for eProsima Fast-RTPS[0m
[1.314s] [ 25%] [34m[1mGenerating C type support dispatch for ROS interfaces[0m
[1.314s] [ 25%] [34m[1mGenerating C introspection for ROS interfaces[0m
[1.400s] [ 31%] [32mBuilding CXX object CMakeFiles/micro_ros_msgs__rosidl_typesupport_cpp.dir/rosidl_typesupport_cpp/micro_ros_msgs/msg/graph__type_support.cpp.o[0m
[1.400s] [ 31%] [32mBuilding CXX object CMakeFiles/micro_ros_msgs__rosidl_typesupport_cpp.dir/rosidl_typesupport_cpp/micro_ros_msgs/msg/node__type_support.cpp.o[0m
[1.400s] [ 31%] [32mBuilding CXX object CMakeFiles/micro_ros_msgs__rosidl_typesupport_cpp.dir/rosidl_typesupport_cpp/micro_ros_msgs/msg/entity__type_support.cpp.o[0m
[1.422s] [ 34%] [32mBuilding CXX object CMakeFiles/micro_ros_msgs__rosidl_typesupport_introspection_cpp.dir/rosidl_typesupport_introspection_cpp/micro_ros_msgs/msg/detail/node__type_support.cpp.o[0m
[1.424s] [ 36%] [32mBuilding CXX object CMakeFiles/micro_ros_msgs__rosidl_typesupport_introspection_cpp.dir/rosidl_typesupport_introspection_cpp/micro_ros_msgs/msg/detail/graph__type_support.cpp.o[0m
[1.424s] [ 38%] [32mBuilding CXX object CMakeFiles/micro_ros_msgs__rosidl_typesupport_introspection_cpp.dir/rosidl_typesupport_introspection_cpp/micro_ros_msgs/msg/detail/entity__type_support.cpp.o[0m
[1.431s] [ 44%] [32mBuilding CXX object CMakeFiles/micro_ros_msgs__rosidl_typesupport_fastrtps_cpp.dir/rosidl_typesupport_fastrtps_cpp/micro_ros_msgs/msg/detail/dds_fastrtps/graph__type_support.cpp.o[0m
[1.432s] [ 44%] [32mBuilding CXX object CMakeFiles/micro_ros_msgs__rosidl_typesupport_fastrtps_cpp.dir/rosidl_typesupport_fastrtps_cpp/micro_ros_msgs/msg/detail/dds_fastrtps/node__type_support.cpp.o[0m
[1.432s] [ 44%] [32mBuilding CXX object CMakeFiles/micro_ros_msgs__rosidl_typesupport_fastrtps_cpp.dir/rosidl_typesupport_fastrtps_cpp/micro_ros_msgs/msg/detail/dds_fastrtps/entity__type_support.cpp.o[0m
[1.495s] [ 46%] [32mBuilding CXX object CMakeFiles/micro_ros_msgs__rosidl_typesupport_c.dir/rosidl_typesupport_c/micro_ros_msgs/msg/node__type_support.cpp.o[0m
[1.495s] [ 51%] [32mBuilding CXX object CMakeFiles/micro_ros_msgs__rosidl_typesupport_c.dir/rosidl_typesupport_c/micro_ros_msgs/msg/entity__type_support.cpp.o[0m
[1.495s] [ 51%] [32mBuilding CXX object CMakeFiles/micro_ros_msgs__rosidl_typesupport_c.dir/rosidl_typesupport_c/micro_ros_msgs/msg/graph__type_support.cpp.o[0m
[1.506s] [ 53%] [32mBuilding CXX object CMakeFiles/micro_ros_msgs__rosidl_typesupport_fastrtps_c.dir/rosidl_typesupport_fastrtps_c/micro_ros_msgs/msg/detail/graph__type_support_c.cpp.o[0m
[1.508s] [ 55%] [32mBuilding CXX object CMakeFiles/micro_ros_msgs__rosidl_typesupport_fastrtps_c.dir/rosidl_typesupport_fastrtps_c/micro_ros_msgs/msg/detail/entity__type_support_c.cpp.o[0m
[1.508s] [ 57%] [32mBuilding CXX object CMakeFiles/micro_ros_msgs__rosidl_typesupport_fastrtps_c.dir/rosidl_typesupport_fastrtps_c/micro_ros_msgs/msg/detail/node__type_support_c.cpp.o[0m
[1.514s] [ 59%] [32mBuilding C object CMakeFiles/micro_ros_msgs__rosidl_typesupport_introspection_c.dir/rosidl_typesupport_introspection_c/micro_ros_msgs/msg/detail/graph__type_support.c.o[0m
[1.514s] [ 61%] [32mBuilding C object CMakeFiles/micro_ros_msgs__rosidl_typesupport_introspection_c.dir/rosidl_typesupport_introspection_c/micro_ros_msgs/msg/detail/entity__type_support.c.o[0m
[1.516s] [ 63%] [32mBuilding C object CMakeFiles/micro_ros_msgs__rosidl_typesupport_introspection_c.dir/rosidl_typesupport_introspection_c/micro_ros_msgs/msg/detail/node__type_support.c.o[0m
[1.520s] [ 65%] [32m[1mLinking CXX shared library libmicro_ros_msgs__rosidl_typesupport_c.so[0m
[1.543s] [ 68%] [32m[1mLinking C shared library libmicro_ros_msgs__rosidl_typesupport_introspection_c.so[0m
[1.549s] [ 68%] Built target micro_ros_msgs__rosidl_typesupport_c
[1.564s] [ 68%] Built target micro_ros_msgs__rosidl_typesupport_introspection_c
[1.667s] [ 70%] [32m[1mLinking CXX shared library libmicro_ros_msgs__rosidl_typesupport_cpp.so[0m
[1.702s] [ 70%] Built target micro_ros_msgs__rosidl_typesupport_cpp
[1.716s] [ 72%] [32m[1mLinking CXX shared library libmicro_ros_msgs__rosidl_typesupport_fastrtps_c.so[0m
[1.766s] [ 72%] Built target micro_ros_msgs__rosidl_typesupport_fastrtps_c
[1.821s] [ 74%] [32m[1mLinking CXX shared library libmicro_ros_msgs__rosidl_typesupport_fastrtps_cpp.so[0m
[1.856s] [ 76%] [32m[1mLinking CXX shared library libmicro_ros_msgs__rosidl_typesupport_introspection_cpp.so[0m
[1.868s] [ 76%] Built target micro_ros_msgs__rosidl_typesupport_fastrtps_cpp
[1.905s] [ 76%] Built target micro_ros_msgs__rosidl_typesupport_introspection_cpp
[1.919s] [ 76%] Built target micro_ros_msgs
[1.934s] [ 78%] [34m[1mGenerating Python code for ROS interfaces[0m
[2.188s] [ 78%] Built target micro_ros_msgs__py
[2.203s] [ 80%] [32mBuilding C object CMakeFiles/micro_ros_msgs__rosidl_generator_py.dir/rosidl_generator_py/micro_ros_msgs/msg/_entity_s.c.o[0m
[2.203s] [ 82%] [32mBuilding C object CMakeFiles/micro_ros_msgs__rosidl_generator_py.dir/rosidl_generator_py/micro_ros_msgs/msg/_node_s.c.o[0m
[2.203s] [ 85%] [32mBuilding C object CMakeFiles/micro_ros_msgs__rosidl_generator_py.dir/rosidl_generator_py/micro_ros_msgs/msg/_graph_s.c.o[0m
[2.278s] [ 87%] [32m[1mLinking C shared library rosidl_generator_py/micro_ros_msgs/libmicro_ros_msgs__rosidl_generator_py.so[0m
[2.304s] [ 87%] Built target micro_ros_msgs__rosidl_generator_py
[2.320s] [ 89%] [32mBuilding C object CMakeFiles/micro_ros_msgs__rosidl_typesupport_introspection_c__pyext.dir/rosidl_generator_py/micro_ros_msgs/_micro_ros_msgs_s.ep.rosidl_typesupport_introspection_c.c.o[0m
[2.320s] [ 91%] [32mBuilding C object CMakeFiles/micro_ros_msgs__rosidl_typesupport_fastrtps_c__pyext.dir/rosidl_generator_py/micro_ros_msgs/_micro_ros_msgs_s.ep.rosidl_typesupport_fastrtps_c.c.o[0m
[2.321s] [ 93%] [32mBuilding C object CMakeFiles/micro_ros_msgs__rosidl_typesupport_c__pyext.dir/rosidl_generator_py/micro_ros_msgs/_micro_ros_msgs_s.ep.rosidl_typesupport_c.c.o[0m
[2.377s] [ 95%] [32m[1mLinking C shared library rosidl_generator_py/micro_ros_msgs/micro_ros_msgs_s__rosidl_typesupport_introspection_c.cpython-310-x86_64-linux-gnu.so[0m
[2.379s] [ 97%] [32m[1mLinking C shared library rosidl_generator_py/micro_ros_msgs/micro_ros_msgs_s__rosidl_typesupport_c.cpython-310-x86_64-linux-gnu.so[0m
[2.380s] [100%] [32m[1mLinking C shared library rosidl_generator_py/micro_ros_msgs/micro_ros_msgs_s__rosidl_typesupport_fastrtps_c.cpython-310-x86_64-linux-gnu.so[0m
[2.398s] [100%] Built target micro_ros_msgs__rosidl_typesupport_introspection_c__pyext
[2.402s] [100%] Built target micro_ros_msgs__rosidl_typesupport_c__pyext
[2.402s] [100%] Built target micro_ros_msgs__rosidl_typesupport_fastrtps_c__pyext
[2.410s] Invoked command in '/home/nikhil/Work/ROS/microRos_ws/build/micro_ros_msgs' returned '0': CMAKE_PREFIX_PATH=${CMAKE_PREFIX_PATH}:/home/nikhil/Work/ROS/ros2_ws/install/py_pkg:/opt/ros/humble /usr/bin/cmake --build /home/nikhil/Work/ROS/microRos_ws/build/micro_ros_msgs -- -j20 -l20
[2.415s] Invoking command in '/home/nikhil/Work/ROS/microRos_ws/build/micro_ros_msgs': CMAKE_PREFIX_PATH=${CMAKE_PREFIX_PATH}:/home/nikhil/Work/ROS/ros2_ws/install/py_pkg:/opt/ros/humble /usr/bin/cmake --install /home/nikhil/Work/ROS/microRos_ws/build/micro_ros_msgs
[2.421s] -- Install configuration: ""
[2.421s] -- Installing: /home/nikhil/Work/ROS/microRos_ws/install/micro_ros_msgs/share/ament_index/resource_index/rosidl_interfaces/micro_ros_msgs
[2.421s] -- Installing: /home/nikhil/Work/ROS/microRos_ws/install/micro_ros_msgs/include/micro_ros_msgs/micro_ros_msgs
[2.421s] -- Installing: /home/nikhil/Work/ROS/microRos_ws/install/micro_ros_msgs/include/micro_ros_msgs/micro_ros_msgs/msg
[2.421s] -- Installing: /home/nikhil/Work/ROS/microRos_ws/install/micro_ros_msgs/include/micro_ros_msgs/micro_ros_msgs/msg/rosidl_generator_c__visibility_control.h
[2.421s] -- Installing: /home/nikhil/Work/ROS/microRos_ws/install/micro_ros_msgs/include/micro_ros_msgs/micro_ros_msgs/msg/entity.h
[2.421s] -- Installing: /home/nikhil/Work/ROS/microRos_ws/install/micro_ros_msgs/include/micro_ros_msgs/micro_ros_msgs/msg/node.h
[2.421s] -- Installing: /home/nikhil/Work/ROS/microRos_ws/install/micro_ros_msgs/include/micro_ros_msgs/micro_ros_msgs/msg/graph.h
[2.421s] -- Installing: /home/nikhil/Work/ROS/microRos_ws/install/micro_ros_msgs/include/micro_ros_msgs/micro_ros_msgs/msg/detail
[2.421s] -- Installing: /home/nikhil/Work/ROS/microRos_ws/install/micro_ros_msgs/include/micro_ros_msgs/micro_ros_msgs/msg/detail/entity__type_support.h
[2.421s] -- Installing: /home/nikhil/Work/ROS/microRos_ws/install/micro_ros_msgs/include/micro_ros_msgs/micro_ros_msgs/msg/detail/node__functions.h
[2.421s] -- Installing: /home/nikhil/Work/ROS/microRos_ws/install/micro_ros_msgs/include/micro_ros_msgs/micro_ros_msgs/msg/detail/node__struct.h
[2.421s] -- Installing: /home/nikhil/Work/ROS/microRos_ws/install/micro_ros_msgs/include/micro_ros_msgs/micro_ros_msgs/msg/detail/graph__functions.c
[2.421s] -- Installing: /home/nikhil/Work/ROS/microRos_ws/install/micro_ros_msgs/include/micro_ros_msgs/micro_ros_msgs/msg/detail/entity__functions.h
[2.421s] -- Installing: /home/nikhil/Work/ROS/microRos_ws/install/micro_ros_msgs/include/micro_ros_msgs/micro_ros_msgs/msg/detail/entity__struct.h
[2.421s] -- Installing: /home/nikhil/Work/ROS/microRos_ws/install/micro_ros_msgs/include/micro_ros_msgs/micro_ros_msgs/msg/detail/graph__type_support.h
[2.421s] -- Installing: /home/nikhil/Work/ROS/microRos_ws/install/micro_ros_msgs/include/micro_ros_msgs/micro_ros_msgs/msg/detail/entity__functions.c
[2.421s] -- Installing: /home/nikhil/Work/ROS/microRos_ws/install/micro_ros_msgs/include/micro_ros_msgs/micro_ros_msgs/msg/detail/graph__functions.h
[2.421s] -- Installing: /home/nikhil/Work/ROS/microRos_ws/install/micro_ros_msgs/include/micro_ros_msgs/micro_ros_msgs/msg/detail/node__functions.c
[2.421s] -- Installing: /home/nikhil/Work/ROS/microRos_ws/install/micro_ros_msgs/include/micro_ros_msgs/micro_ros_msgs/msg/detail/graph__struct.h
[2.422s] -- Installing: /home/nikhil/Work/ROS/microRos_ws/install/micro_ros_msgs/include/micro_ros_msgs/micro_ros_msgs/msg/detail/node__type_support.h
[2.422s] -- Installing: /home/nikhil/Work/ROS/microRos_ws/install/micro_ros_msgs/share/micro_ros_msgs/environment/library_path.sh
[2.422s] -- Installing: /home/nikhil/Work/ROS/microRos_ws/install/micro_ros_msgs/share/micro_ros_msgs/environment/library_path.dsv
[2.422s] -- Installing: /home/nikhil/Work/ROS/microRos_ws/install/micro_ros_msgs/lib/libmicro_ros_msgs__rosidl_generator_c.so
[2.422s] -- Set runtime path of "/home/nikhil/Work/ROS/microRos_ws/install/micro_ros_msgs/lib/libmicro_ros_msgs__rosidl_generator_c.so" to ""
[2.422s] -- Up-to-date: /home/nikhil/Work/ROS/microRos_ws/install/micro_ros_msgs/include/micro_ros_msgs/micro_ros_msgs
[2.422s] -- Up-to-date: /home/nikhil/Work/ROS/microRos_ws/install/micro_ros_msgs/include/micro_ros_msgs/micro_ros_msgs/msg
[2.422s] -- Installing: /home/nikhil/Work/ROS/microRos_ws/install/micro_ros_msgs/include/micro_ros_msgs/micro_ros_msgs/msg/rosidl_typesupport_fastrtps_c__visibility_control.h
[2.422s] -- Up-to-date: /home/nikhil/Work/ROS/microRos_ws/install/micro_ros_msgs/include/micro_ros_msgs/micro_ros_msgs/msg/detail
[2.422s] -- Installing: /home/nikhil/Work/ROS/microRos_ws/install/micro_ros_msgs/include/micro_ros_msgs/micro_ros_msgs/msg/detail/graph__rosidl_typesupport_fastrtps_c.h
[2.422s] -- Installing: /home/nikhil/Work/ROS/microRos_ws/install/micro_ros_msgs/include/micro_ros_msgs/micro_ros_msgs/msg/detail/entity__rosidl_typesupport_fastrtps_c.h
[2.422s] -- Installing: /home/nikhil/Work/ROS/microRos_ws/install/micro_ros_msgs/include/micro_ros_msgs/micro_ros_msgs/msg/detail/node__rosidl_typesupport_fastrtps_c.h
[2.422s] -- Installing: /home/nikhil/Work/ROS/microRos_ws/install/micro_ros_msgs/lib/libmicro_ros_msgs__rosidl_typesupport_fastrtps_c.so
[2.422s] -- Set runtime path of "/home/nikhil/Work/ROS/microRos_ws/install/micro_ros_msgs/lib/libmicro_ros_msgs__rosidl_typesupport_fastrtps_c.so" to ""
[2.422s] -- Up-to-date: /home/nikhil/Work/ROS/microRos_ws/install/micro_ros_msgs/include/micro_ros_msgs/micro_ros_msgs
[2.422s] -- Up-to-date: /home/nikhil/Work/ROS/microRos_ws/install/micro_ros_msgs/include/micro_ros_msgs/micro_ros_msgs/msg
[2.422s] -- Installing: /home/nikhil/Work/ROS/microRos_ws/install/micro_ros_msgs/include/micro_ros_msgs/micro_ros_msgs/msg/rosidl_typesupport_introspection_c__visibility_control.h
[2.422s] -- Up-to-date: /home/nikhil/Work/ROS/microRos_ws/install/micro_ros_msgs/include/micro_ros_msgs/micro_ros_msgs/msg/detail
[2.422s] -- Installing: /home/nikhil/Work/ROS/microRos_ws/install/micro_ros_msgs/include/micro_ros_msgs/micro_ros_msgs/msg/detail/graph__type_support.c
[2.422s] -- Installing: /home/nikhil/Work/ROS/microRos_ws/install/micro_ros_msgs/include/micro_ros_msgs/micro_ros_msgs/msg/detail/graph__rosidl_typesupport_introspection_c.h
[2.422s] -- Installing: /home/nikhil/Work/ROS/microRos_ws/install/micro_ros_msgs/include/micro_ros_msgs/micro_ros_msgs/msg/detail/node__rosidl_typesupport_introspection_c.h
[2.422s] -- Installing: /home/nikhil/Work/ROS/microRos_ws/install/micro_ros_msgs/include/micro_ros_msgs/micro_ros_msgs/msg/detail/entity__type_support.c
[2.422s] -- Installing: /home/nikhil/Work/ROS/microRos_ws/install/micro_ros_msgs/include/micro_ros_msgs/micro_ros_msgs/msg/detail/node__type_support.c
[2.422s] -- Installing: /home/nikhil/Work/ROS/microRos_ws/install/micro_ros_msgs/include/micro_ros_msgs/micro_ros_msgs/msg/detail/entity__rosidl_typesupport_introspection_c.h
[2.422s] -- Installing: /home/nikhil/Work/ROS/microRos_ws/install/micro_ros_msgs/lib/libmicro_ros_msgs__rosidl_typesupport_introspection_c.so
[2.423s] -- Set runtime path of "/home/nikhil/Work/ROS/microRos_ws/install/micro_ros_msgs/lib/libmicro_ros_msgs__rosidl_typesupport_introspection_c.so" to ""
[2.423s] -- Installing: /home/nikhil/Work/ROS/microRos_ws/install/micro_ros_msgs/lib/libmicro_ros_msgs__rosidl_typesupport_c.so
[2.423s] -- Set runtime path of "/home/nikhil/Work/ROS/microRos_ws/install/micro_ros_msgs/lib/libmicro_ros_msgs__rosidl_typesupport_c.so" to ""
[2.423s] -- Up-to-date: /home/nikhil/Work/ROS/microRos_ws/install/micro_ros_msgs/include/micro_ros_msgs/micro_ros_msgs
[2.423s] -- Up-to-date: /home/nikhil/Work/ROS/microRos_ws/install/micro_ros_msgs/include/micro_ros_msgs/micro_ros_msgs/msg
[2.423s] -- Installing: /home/nikhil/Work/ROS/microRos_ws/install/micro_ros_msgs/include/micro_ros_msgs/micro_ros_msgs/msg/node.hpp
[2.423s] -- Installing: /home/nikhil/Work/ROS/microRos_ws/install/micro_ros_msgs/include/micro_ros_msgs/micro_ros_msgs/msg/graph.hpp
[2.423s] -- Installing: /home/nikhil/Work/ROS/microRos_ws/install/micro_ros_msgs/include/micro_ros_msgs/micro_ros_msgs/msg/entity.hpp
[2.423s] -- Installing: /home/nikhil/Work/ROS/microRos_ws/install/micro_ros_msgs/include/micro_ros_msgs/micro_ros_msgs/msg/rosidl_generator_cpp__visibility_control.hpp
[2.423s] -- Up-to-date: /home/nikhil/Work/ROS/microRos_ws/install/micro_ros_msgs/include/micro_ros_msgs/micro_ros_msgs/msg/detail
[2.423s] -- Installing: /home/nikhil/Work/ROS/microRos_ws/install/micro_ros_msgs/include/micro_ros_msgs/micro_ros_msgs/msg/detail/graph__type_support.hpp
[2.423s] -- Installing: /home/nikhil/Work/ROS/microRos_ws/install/micro_ros_msgs/include/micro_ros_msgs/micro_ros_msgs/msg/detail/node__type_support.hpp
[2.423s] -- Installing: /home/nikhil/Work/ROS/microRos_ws/install/micro_ros_msgs/include/micro_ros_msgs/micro_ros_msgs/msg/detail/graph__struct.hpp
[2.423s] -- Installing: /home/nikhil/Work/ROS/microRos_ws/install/micro_ros_msgs/include/micro_ros_msgs/micro_ros_msgs/msg/detail/entity__struct.hpp
[2.423s] -- Installing: /home/nikhil/Work/ROS/microRos_ws/install/micro_ros_msgs/include/micro_ros_msgs/micro_ros_msgs/msg/detail/node__struct.hpp
[2.423s] -- Installing: /home/nikhil/Work/ROS/microRos_ws/install/micro_ros_msgs/include/micro_ros_msgs/micro_ros_msgs/msg/detail/graph__traits.hpp
[2.423s] -- Installing: /home/nikhil/Work/ROS/microRos_ws/install/micro_ros_msgs/include/micro_ros_msgs/micro_ros_msgs/msg/detail/entity__traits.hpp
[2.423s] -- Installing: /home/nikhil/Work/ROS/microRos_ws/install/micro_ros_msgs/include/micro_ros_msgs/micro_ros_msgs/msg/detail/node__traits.hpp
[2.423s] -- Installing: /home/nikhil/Work/ROS/microRos_ws/install/micro_ros_msgs/include/micro_ros_msgs/micro_ros_msgs/msg/detail/entity__type_support.hpp
[2.423s] -- Installing: /home/nikhil/Work/ROS/microRos_ws/install/micro_ros_msgs/include/micro_ros_msgs/micro_ros_msgs/msg/detail/entity__builder.hpp
[2.423s] -- Installing: /home/nikhil/Work/ROS/microRos_ws/install/micro_ros_msgs/include/micro_ros_msgs/micro_ros_msgs/msg/detail/node__builder.hpp
[2.423s] -- Installing: /home/nikhil/Work/ROS/microRos_ws/install/micro_ros_msgs/include/micro_ros_msgs/micro_ros_msgs/msg/detail/graph__builder.hpp
[2.423s] -- Up-to-date: /home/nikhil/Work/ROS/microRos_ws/install/micro_ros_msgs/include/micro_ros_msgs/micro_ros_msgs
[2.423s] -- Up-to-date: /home/nikhil/Work/ROS/microRos_ws/install/micro_ros_msgs/include/micro_ros_msgs/micro_ros_msgs/msg
[2.424s] -- Installing: /home/nikhil/Work/ROS/microRos_ws/install/micro_ros_msgs/include/micro_ros_msgs/micro_ros_msgs/msg/rosidl_typesupport_fastrtps_cpp__visibility_control.h
[2.424s] -- Up-to-date: /home/nikhil/Work/ROS/microRos_ws/install/micro_ros_msgs/include/micro_ros_msgs/micro_ros_msgs/msg/detail
[2.424s] -- Installing: /home/nikhil/Work/ROS/microRos_ws/install/micro_ros_msgs/include/micro_ros_msgs/micro_ros_msgs/msg/detail/graph__rosidl_typesupport_fastrtps_cpp.hpp
[2.424s] -- Installing: /home/nikhil/Work/ROS/microRos_ws/install/micro_ros_msgs/include/micro_ros_msgs/micro_ros_msgs/msg/detail/dds_fastrtps
[2.424s] -- Installing: /home/nikhil/Work/ROS/microRos_ws/install/micro_ros_msgs/include/micro_ros_msgs/micro_ros_msgs/msg/detail/entity__rosidl_typesupport_fastrtps_cpp.hpp
[2.424s] -- Installing: /home/nikhil/Work/ROS/microRos_ws/install/micro_ros_msgs/include/micro_ros_msgs/micro_ros_msgs/msg/detail/node__rosidl_typesupport_fastrtps_cpp.hpp
[2.424s] -- Installing: /home/nikhil/Work/ROS/microRos_ws/install/micro_ros_msgs/lib/libmicro_ros_msgs__rosidl_typesupport_fastrtps_cpp.so
[2.424s] -- Set runtime path of "/home/nikhil/Work/ROS/microRos_ws/install/micro_ros_msgs/lib/libmicro_ros_msgs__rosidl_typesupport_fastrtps_cpp.so" to ""
[2.424s] -- Up-to-date: /home/nikhil/Work/ROS/microRos_ws/install/micro_ros_msgs/include/micro_ros_msgs/micro_ros_msgs
[2.424s] -- Up-to-date: /home/nikhil/Work/ROS/microRos_ws/install/micro_ros_msgs/include/micro_ros_msgs/micro_ros_msgs/msg
[2.424s] -- Up-to-date: /home/nikhil/Work/ROS/microRos_ws/install/micro_ros_msgs/include/micro_ros_msgs/micro_ros_msgs/msg/detail
[2.424s] -- Installing: /home/nikhil/Work/ROS/microRos_ws/install/micro_ros_msgs/include/micro_ros_msgs/micro_ros_msgs/msg/detail/entity__type_support.cpp
[2.424s] -- Installing: /home/nikhil/Work/ROS/microRos_ws/install/micro_ros_msgs/include/micro_ros_msgs/micro_ros_msgs/msg/detail/graph__type_support.cpp
[2.424s] -- Installing: /home/nikhil/Work/ROS/microRos_ws/install/micro_ros_msgs/include/micro_ros_msgs/micro_ros_msgs/msg/detail/graph__rosidl_typesupport_introspection_cpp.hpp
[2.424s] -- Installing: /home/nikhil/Work/ROS/microRos_ws/install/micro_ros_msgs/include/micro_ros_msgs/micro_ros_msgs/msg/detail/node__type_support.cpp
[2.424s] -- Installing: /home/nikhil/Work/ROS/microRos_ws/install/micro_ros_msgs/include/micro_ros_msgs/micro_ros_msgs/msg/detail/node__rosidl_typesupport_introspection_cpp.hpp
[2.424s] -- Installing: /home/nikhil/Work/ROS/microRos_ws/install/micro_ros_msgs/include/micro_ros_msgs/micro_ros_msgs/msg/detail/entity__rosidl_typesupport_introspection_cpp.hpp
[2.424s] -- Installing: /home/nikhil/Work/ROS/microRos_ws/install/micro_ros_msgs/lib/libmicro_ros_msgs__rosidl_typesupport_introspection_cpp.so
[2.424s] -- Set runtime path of "/home/nikhil/Work/ROS/microRos_ws/install/micro_ros_msgs/lib/libmicro_ros_msgs__rosidl_typesupport_introspection_cpp.so" to ""
[2.424s] -- Installing: /home/nikhil/Work/ROS/microRos_ws/install/micro_ros_msgs/lib/libmicro_ros_msgs__rosidl_typesupport_cpp.so
[2.424s] -- Set runtime path of "/home/nikhil/Work/ROS/microRos_ws/install/micro_ros_msgs/lib/libmicro_ros_msgs__rosidl_typesupport_cpp.so" to ""
[2.425s] -- Installing: /home/nikhil/Work/ROS/microRos_ws/install/micro_ros_msgs/share/micro_ros_msgs/environment/pythonpath.sh
[2.425s] -- Installing: /home/nikhil/Work/ROS/microRos_ws/install/micro_ros_msgs/share/micro_ros_msgs/environment/pythonpath.dsv
[2.425s] -- Installing: /home/nikhil/Work/ROS/microRos_ws/install/micro_ros_msgs/local/lib/python3.10/dist-packages/micro_ros_msgs-3.0.1-py3.10.egg-info
[2.425s] -- Installing: /home/nikhil/Work/ROS/microRos_ws/install/micro_ros_msgs/local/lib/python3.10/dist-packages/micro_ros_msgs-3.0.1-py3.10.egg-info/top_level.txt
[2.425s] -- Installing: /home/nikhil/Work/ROS/microRos_ws/install/micro_ros_msgs/local/lib/python3.10/dist-packages/micro_ros_msgs-3.0.1-py3.10.egg-info/PKG-INFO
[2.425s] -- Installing: /home/nikhil/Work/ROS/microRos_ws/install/micro_ros_msgs/local/lib/python3.10/dist-packages/micro_ros_msgs-3.0.1-py3.10.egg-info/SOURCES.txt
[2.425s] -- Installing: /home/nikhil/Work/ROS/microRos_ws/install/micro_ros_msgs/local/lib/python3.10/dist-packages/micro_ros_msgs-3.0.1-py3.10.egg-info/dependency_links.txt
[2.425s] -- Installing: /home/nikhil/Work/ROS/microRos_ws/install/micro_ros_msgs/local/lib/python3.10/dist-packages/micro_ros_msgs
[2.425s] -- Installing: /home/nikhil/Work/ROS/microRos_ws/install/micro_ros_msgs/local/lib/python3.10/dist-packages/micro_ros_msgs/__init__.py
[2.425s] -- Installing: /home/nikhil/Work/ROS/microRos_ws/install/micro_ros_msgs/local/lib/python3.10/dist-packages/micro_ros_msgs/micro_ros_msgs_s__rosidl_typesupport_introspection_c.cpython-310-x86_64-linux-gnu.so
[2.425s] -- Installing: /home/nikhil/Work/ROS/microRos_ws/install/micro_ros_msgs/local/lib/python3.10/dist-packages/micro_ros_msgs/_micro_ros_msgs_s.ep.rosidl_typesupport_c.c
[2.425s] -- Installing: /home/nikhil/Work/ROS/microRos_ws/install/micro_ros_msgs/local/lib/python3.10/dist-packages/micro_ros_msgs/_micro_ros_msgs_s.ep.rosidl_typesupport_introspection_c.c
[2.425s] -- Installing: /home/nikhil/Work/ROS/microRos_ws/install/micro_ros_msgs/local/lib/python3.10/dist-packages/micro_ros_msgs/_micro_ros_msgs_s.ep.rosidl_typesupport_fastrtps_c.c
[2.425s] -- Installing: /home/nikhil/Work/ROS/microRos_ws/install/micro_ros_msgs/local/lib/python3.10/dist-packages/micro_ros_msgs/micro_ros_msgs_s__rosidl_typesupport_fastrtps_c.cpython-310-x86_64-linux-gnu.so
[2.425s] -- Installing: /home/nikhil/Work/ROS/microRos_ws/install/micro_ros_msgs/local/lib/python3.10/dist-packages/micro_ros_msgs/micro_ros_msgs_s__rosidl_typesupport_c.cpython-310-x86_64-linux-gnu.so
[2.425s] -- Installing: /home/nikhil/Work/ROS/microRos_ws/install/micro_ros_msgs/local/lib/python3.10/dist-packages/micro_ros_msgs/msg
[2.425s] -- Installing: /home/nikhil/Work/ROS/microRos_ws/install/micro_ros_msgs/local/lib/python3.10/dist-packages/micro_ros_msgs/msg/_node_s.c
[2.425s] -- Installing: /home/nikhil/Work/ROS/microRos_ws/install/micro_ros_msgs/local/lib/python3.10/dist-packages/micro_ros_msgs/msg/_graph.py
[2.425s] -- Installing: /home/nikhil/Work/ROS/microRos_ws/install/micro_ros_msgs/local/lib/python3.10/dist-packages/micro_ros_msgs/msg/_entity_s.c
[2.425s] -- Installing: /home/nikhil/Work/ROS/microRos_ws/install/micro_ros_msgs/local/lib/python3.10/dist-packages/micro_ros_msgs/msg/__init__.py
[2.425s] -- Installing: /home/nikhil/Work/ROS/microRos_ws/install/micro_ros_msgs/local/lib/python3.10/dist-packages/micro_ros_msgs/msg/_entity.py
[2.425s] -- Installing: /home/nikhil/Work/ROS/microRos_ws/install/micro_ros_msgs/local/lib/python3.10/dist-packages/micro_ros_msgs/msg/_graph_s.c
[2.425s] -- Installing: /home/nikhil/Work/ROS/microRos_ws/install/micro_ros_msgs/local/lib/python3.10/dist-packages/micro_ros_msgs/msg/_node.py
[2.425s] -- Installing: /home/nikhil/Work/ROS/microRos_ws/install/micro_ros_msgs/local/lib/python3.10/dist-packages/micro_ros_msgs/libmicro_ros_msgs__rosidl_generator_py.so
[2.450s] Listing '/home/nikhil/Work/ROS/microRos_ws/install/micro_ros_msgs/local/lib/python3.10/dist-packages/micro_ros_msgs'...
[2.450s] Compiling '/home/nikhil/Work/ROS/microRos_ws/install/micro_ros_msgs/local/lib/python3.10/dist-packages/micro_ros_msgs/__init__.py'...
[2.450s] Listing '/home/nikhil/Work/ROS/microRos_ws/install/micro_ros_msgs/local/lib/python3.10/dist-packages/micro_ros_msgs/msg'...
[2.450s] Compiling '/home/nikhil/Work/ROS/microRos_ws/install/micro_ros_msgs/local/lib/python3.10/dist-packages/micro_ros_msgs/msg/__init__.py'...
[2.450s] Compiling '/home/nikhil/Work/ROS/microRos_ws/install/micro_ros_msgs/local/lib/python3.10/dist-packages/micro_ros_msgs/msg/_entity.py'...
[2.450s] Compiling '/home/nikhil/Work/ROS/microRos_ws/install/micro_ros_msgs/local/lib/python3.10/dist-packages/micro_ros_msgs/msg/_graph.py'...
[2.450s] Compiling '/home/nikhil/Work/ROS/microRos_ws/install/micro_ros_msgs/local/lib/python3.10/dist-packages/micro_ros_msgs/msg/_node.py'...
[2.454s] -- Installing: /home/nikhil/Work/ROS/microRos_ws/install/micro_ros_msgs/local/lib/python3.10/dist-packages/micro_ros_msgs/micro_ros_msgs_s__rosidl_typesupport_fastrtps_c.cpython-310-x86_64-linux-gnu.so
[2.454s] -- Set runtime path of "/home/nikhil/Work/ROS/microRos_ws/install/micro_ros_msgs/local/lib/python3.10/dist-packages/micro_ros_msgs/micro_ros_msgs_s__rosidl_typesupport_fastrtps_c.cpython-310-x86_64-linux-gnu.so" to ""
[2.454s] -- Installing: /home/nikhil/Work/ROS/microRos_ws/install/micro_ros_msgs/local/lib/python3.10/dist-packages/micro_ros_msgs/micro_ros_msgs_s__rosidl_typesupport_introspection_c.cpython-310-x86_64-linux-gnu.so
[2.454s] -- Set runtime path of "/home/nikhil/Work/ROS/microRos_ws/install/micro_ros_msgs/local/lib/python3.10/dist-packages/micro_ros_msgs/micro_ros_msgs_s__rosidl_typesupport_introspection_c.cpython-310-x86_64-linux-gnu.so" to ""
[2.454s] -- Installing: /home/nikhil/Work/ROS/microRos_ws/install/micro_ros_msgs/local/lib/python3.10/dist-packages/micro_ros_msgs/micro_ros_msgs_s__rosidl_typesupport_c.cpython-310-x86_64-linux-gnu.so
[2.454s] -- Set runtime path of "/home/nikhil/Work/ROS/microRos_ws/install/micro_ros_msgs/local/lib/python3.10/dist-packages/micro_ros_msgs/micro_ros_msgs_s__rosidl_typesupport_c.cpython-310-x86_64-linux-gnu.so" to ""
[2.454s] -- Installing: /home/nikhil/Work/ROS/microRos_ws/install/micro_ros_msgs/lib/libmicro_ros_msgs__rosidl_generator_py.so
[2.454s] -- Set runtime path of "/home/nikhil/Work/ROS/microRos_ws/install/micro_ros_msgs/lib/libmicro_ros_msgs__rosidl_generator_py.so" to ""
[2.455s] -- Installing: /home/nikhil/Work/ROS/microRos_ws/install/micro_ros_msgs/share/micro_ros_msgs/msg/Graph.idl
[2.455s] -- Installing: /home/nikhil/Work/ROS/microRos_ws/install/micro_ros_msgs/share/micro_ros_msgs/msg/Node.idl
[2.455s] -- Installing: /home/nikhil/Work/ROS/microRos_ws/install/micro_ros_msgs/share/micro_ros_msgs/msg/Entity.idl
[2.455s] -- Installing: /home/nikhil/Work/ROS/microRos_ws/install/micro_ros_msgs/share/micro_ros_msgs/msg/Graph.msg
[2.455s] -- Installing: /home/nikhil/Work/ROS/microRos_ws/install/micro_ros_msgs/share/micro_ros_msgs/msg/Node.msg
[2.455s] -- Installing: /home/nikhil/Work/ROS/microRos_ws/install/micro_ros_msgs/share/micro_ros_msgs/msg/Entity.msg
[2.455s] -- Installing: /home/nikhil/Work/ROS/microRos_ws/install/micro_ros_msgs/share/ament_index/resource_index/package_run_dependencies/micro_ros_msgs
[2.455s] -- Installing: /home/nikhil/Work/ROS/microRos_ws/install/micro_ros_msgs/share/ament_index/resource_index/parent_prefix_path/micro_ros_msgs
[2.455s] -- Installing: /home/nikhil/Work/ROS/microRos_ws/install/micro_ros_msgs/share/micro_ros_msgs/environment/ament_prefix_path.sh
[2.455s] -- Installing: /home/nikhil/Work/ROS/microRos_ws/install/micro_ros_msgs/share/micro_ros_msgs/environment/ament_prefix_path.dsv
[2.455s] -- Installing: /home/nikhil/Work/ROS/microRos_ws/install/micro_ros_msgs/share/micro_ros_msgs/environment/path.sh
[2.455s] -- Installing: /home/nikhil/Work/ROS/microRos_ws/install/micro_ros_msgs/share/micro_ros_msgs/environment/path.dsv
[2.455s] -- Installing: /home/nikhil/Work/ROS/microRos_ws/install/micro_ros_msgs/share/micro_ros_msgs/local_setup.bash
[2.455s] -- Installing: /home/nikhil/Work/ROS/microRos_ws/install/micro_ros_msgs/share/micro_ros_msgs/local_setup.sh
[2.456s] -- Installing: /home/nikhil/Work/ROS/microRos_ws/install/micro_ros_msgs/share/micro_ros_msgs/local_setup.zsh
[2.456s] -- Installing: /home/nikhil/Work/ROS/microRos_ws/install/micro_ros_msgs/share/micro_ros_msgs/local_setup.dsv
[2.456s] -- Installing: /home/nikhil/Work/ROS/microRos_ws/install/micro_ros_msgs/share/micro_ros_msgs/package.dsv
[2.456s] -- Installing: /home/nikhil/Work/ROS/microRos_ws/install/micro_ros_msgs/share/ament_index/resource_index/packages/micro_ros_msgs
[2.456s] -- Installing: /home/nikhil/Work/ROS/microRos_ws/install/micro_ros_msgs/share/micro_ros_msgs/cmake/export_micro_ros_msgs__rosidl_generator_cExport.cmake
[2.456s] -- Installing: /home/nikhil/Work/ROS/microRos_ws/install/micro_ros_msgs/share/micro_ros_msgs/cmake/export_micro_ros_msgs__rosidl_generator_cExport-noconfig.cmake
[2.456s] -- Installing: /home/nikhil/Work/ROS/microRos_ws/install/micro_ros_msgs/share/micro_ros_msgs/cmake/export_micro_ros_msgs__rosidl_typesupport_fastrtps_cExport.cmake
[2.456s] -- Installing: /home/nikhil/Work/ROS/microRos_ws/install/micro_ros_msgs/share/micro_ros_msgs/cmake/export_micro_ros_msgs__rosidl_typesupport_fastrtps_cExport-noconfig.cmake
[2.456s] -- Installing: /home/nikhil/Work/ROS/microRos_ws/install/micro_ros_msgs/share/micro_ros_msgs/cmake/micro_ros_msgs__rosidl_typesupport_introspection_cExport.cmake
[2.456s] -- Installing: /home/nikhil/Work/ROS/microRos_ws/install/micro_ros_msgs/share/micro_ros_msgs/cmake/micro_ros_msgs__rosidl_typesupport_introspection_cExport-noconfig.cmake
[2.456s] -- Installing: /home/nikhil/Work/ROS/microRos_ws/install/micro_ros_msgs/share/micro_ros_msgs/cmake/micro_ros_msgs__rosidl_typesupport_cExport.cmake
[2.456s] -- Installing: /home/nikhil/Work/ROS/microRos_ws/install/micro_ros_msgs/share/micro_ros_msgs/cmake/micro_ros_msgs__rosidl_typesupport_cExport-noconfig.cmake
[2.456s] -- Installing: /home/nikhil/Work/ROS/microRos_ws/install/micro_ros_msgs/share/micro_ros_msgs/cmake/export_micro_ros_msgs__rosidl_generator_cppExport.cmake
[2.456s] -- Installing: /home/nikhil/Work/ROS/microRos_ws/install/micro_ros_msgs/share/micro_ros_msgs/cmake/export_micro_ros_msgs__rosidl_typesupport_fastrtps_cppExport.cmake
[2.457s] -- Installing: /home/nikhil/Work/ROS/microRos_ws/install/micro_ros_msgs/share/micro_ros_msgs/cmake/export_micro_ros_msgs__rosidl_typesupport_fastrtps_cppExport-noconfig.cmake
[2.457s] -- Installing: /home/nikhil/Work/ROS/microRos_ws/install/micro_ros_msgs/share/micro_ros_msgs/cmake/micro_ros_msgs__rosidl_typesupport_introspection_cppExport.cmake
[2.457s] -- Installing: /home/nikhil/Work/ROS/microRos_ws/install/micro_ros_msgs/share/micro_ros_msgs/cmake/micro_ros_msgs__rosidl_typesupport_introspection_cppExport-noconfig.cmake
[2.457s] -- Installing: /home/nikhil/Work/ROS/microRos_ws/install/micro_ros_msgs/share/micro_ros_msgs/cmake/micro_ros_msgs__rosidl_typesupport_cppExport.cmake
[2.457s] -- Installing: /home/nikhil/Work/ROS/microRos_ws/install/micro_ros_msgs/share/micro_ros_msgs/cmake/micro_ros_msgs__rosidl_typesupport_cppExport-noconfig.cmake
[2.457s] -- Installing: /home/nikhil/Work/ROS/microRos_ws/install/micro_ros_msgs/share/micro_ros_msgs/cmake/export_micro_ros_msgs__rosidl_generator_pyExport.cmake
[2.457s] -- Installing: /home/nikhil/Work/ROS/microRos_ws/install/micro_ros_msgs/share/micro_ros_msgs/cmake/export_micro_ros_msgs__rosidl_generator_pyExport-noconfig.cmake
[2.457s] -- Installing: /home/nikhil/Work/ROS/microRos_ws/install/micro_ros_msgs/share/micro_ros_msgs/cmake/rosidl_cmake-extras.cmake
[2.457s] -- Installing: /home/nikhil/Work/ROS/microRos_ws/install/micro_ros_msgs/share/micro_ros_msgs/cmake/ament_cmake_export_include_directories-extras.cmake
[2.457s] -- Installing: /home/nikhil/Work/ROS/microRos_ws/install/micro_ros_msgs/share/micro_ros_msgs/cmake/ament_cmake_export_libraries-extras.cmake
[2.457s] -- Installing: /home/nikhil/Work/ROS/microRos_ws/install/micro_ros_msgs/share/micro_ros_msgs/cmake/ament_cmake_export_targets-extras.cmake
[2.457s] -- Installing: /home/nikhil/Work/ROS/microRos_ws/install/micro_ros_msgs/share/micro_ros_msgs/cmake/rosidl_cmake_export_typesupport_targets-extras.cmake
[2.457s] -- Installing: /home/nikhil/Work/ROS/microRos_ws/install/micro_ros_msgs/share/micro_ros_msgs/cmake/ament_cmake_export_dependencies-extras.cmake
[2.457s] -- Installing: /home/nikhil/Work/ROS/microRos_ws/install/micro_ros_msgs/share/micro_ros_msgs/cmake/rosidl_cmake_export_typesupport_libraries-extras.cmake
[2.457s] -- Installing: /home/nikhil/Work/ROS/microRos_ws/install/micro_ros_msgs/share/micro_ros_msgs/cmake/micro_ros_msgsConfig.cmake
[2.457s] -- Installing: /home/nikhil/Work/ROS/microRos_ws/install/micro_ros_msgs/share/micro_ros_msgs/cmake/micro_ros_msgsConfig-version.cmake
[2.457s] -- Installing: /home/nikhil/Work/ROS/microRos_ws/install/micro_ros_msgs/share/micro_ros_msgs/package.xml
[2.459s] Invoked command in '/home/nikhil/Work/ROS/microRos_ws/build/micro_ros_msgs' returned '0': CMAKE_PREFIX_PATH=${CMAKE_PREFIX_PATH}:/home/nikhil/Work/ROS/ros2_ws/install/py_pkg:/opt/ros/humble /usr/bin/cmake --install /home/nikhil/Work/ROS/microRos_ws/build/micro_ros_msgs
