[0.017s] Invoking command in '/home/nikhil/Work/ROS/controller_ws/build/diff_drive_controller': CMAKE_PREFIX_PATH=${CMAKE_PREFIX_PATH}:/home/nikhil/Work/ROS/ros2_ws/install/py_pkg:/opt/ros/humble /usr/bin/cmake --build /home/nikhil/Work/ROS/controller_ws/build/diff_drive_controller -- -j20 -l20
[0.092s] [ 13%] Built target diff_drive_controller_parameters
[0.095s] [ 26%] Built target gmock_main
[0.096s] [ 46%] Built target gmock
[0.128s] [ 53%] [32mBuilding CXX object CMakeFiles/diff_drive_controller.dir/src/diff_drive_controller.cpp.o[0m
[0.131s] [ 66%] Built target test_load_diff_drive_controller
[8.405s] [ 73%] [32m[1mLinking CXX shared library libdiff_drive_controller.so[0m
[8.990s] [ 86%] Built target diff_drive_controller
[9.019s] [ 93%] [32m[1mLinking CXX executable test_diff_drive_controller[0m
[9.628s] [100%] Built target test_diff_drive_controller
[9.637s] Invoked command in '/home/nikhil/Work/ROS/controller_ws/build/diff_drive_controller' returned '0': CMAKE_PREFIX_PATH=${CMAKE_PREFIX_PATH}:/home/nikhil/Work/ROS/ros2_ws/install/py_pkg:/opt/ros/humble /usr/bin/cmake --build /home/nikhil/Work/ROS/controller_ws/build/diff_drive_controller -- -j20 -l20
[9.640s] Invoking command in '/home/nikhil/Work/ROS/controller_ws/build/diff_drive_controller': CMAKE_PREFIX_PATH=${CMAKE_PREFIX_PATH}:/home/nikhil/Work/ROS/ros2_ws/install/py_pkg:/opt/ros/humble /usr/bin/cmake --install /home/nikhil/Work/ROS/controller_ws/build/diff_drive_controller
[9.649s] -- Install configuration: ""
[9.649s] -- Up-to-date: /home/nikhil/Work/ROS/controller_ws/install/diff_drive_controller/include/diff_drive_controller
[9.649s] -- Up-to-date: /home/nikhil/Work/ROS/controller_ws/install/diff_drive_controller/include/diff_drive_controller/diff_drive_controller_parameters.hpp
[9.649s] -- Up-to-date: /home/nikhil/Work/ROS/controller_ws/install/diff_drive_controller/share/diff_drive_controller/diff_drive_plugin.xml
[9.650s] -- Up-to-date: /home/nikhil/Work/ROS/controller_ws/install/diff_drive_controller/include/diff_drive_controller
[9.650s] -- Up-to-date: /home/nikhil/Work/ROS/controller_ws/install/diff_drive_controller/include/diff_drive_controller/diff_drive_controller
[9.650s] -- Up-to-date: /home/nikhil/Work/ROS/controller_ws/install/diff_drive_controller/include/diff_drive_controller/diff_drive_controller/diff_drive_controller.hpp
[9.650s] -- Up-to-date: /home/nikhil/Work/ROS/controller_ws/install/diff_drive_controller/include/diff_drive_controller/diff_drive_controller/odometry.hpp
[9.650s] -- Up-to-date: /home/nikhil/Work/ROS/controller_ws/install/diff_drive_controller/include/diff_drive_controller/diff_drive_controller/speed_limiter.hpp
[9.650s] -- Up-to-date: /home/nikhil/Work/ROS/controller_ws/install/diff_drive_controller/include/diff_drive_controller/diff_drive_controller/visibility_control.h
[9.650s] -- Installing: /home/nikhil/Work/ROS/controller_ws/install/diff_drive_controller/lib/libdiff_drive_controller.so
[9.660s] -- Set runtime path of "/home/nikhil/Work/ROS/controller_ws/install/diff_drive_controller/lib/libdiff_drive_controller.so" to ""
[9.660s] -- Up-to-date: /home/nikhil/Work/ROS/controller_ws/install/diff_drive_controller/share/diff_drive_controller/environment/library_path.sh
[9.660s] -- Up-to-date: /home/nikhil/Work/ROS/controller_ws/install/diff_drive_controller/share/diff_drive_controller/environment/library_path.dsv
[9.660s] -- Up-to-date: /home/nikhil/Work/ROS/controller_ws/install/diff_drive_controller/share/ament_index/resource_index/package_run_dependencies/diff_drive_controller
[9.660s] -- Up-to-date: /home/nikhil/Work/ROS/controller_ws/install/diff_drive_controller/share/ament_index/resource_index/parent_prefix_path/diff_drive_controller
[9.660s] -- Up-to-date: /home/nikhil/Work/ROS/controller_ws/install/diff_drive_controller/share/diff_drive_controller/environment/ament_prefix_path.sh
[9.660s] -- Up-to-date: /home/nikhil/Work/ROS/controller_ws/install/diff_drive_controller/share/diff_drive_controller/environment/ament_prefix_path.dsv
[9.660s] -- Up-to-date: /home/nikhil/Work/ROS/controller_ws/install/diff_drive_controller/share/diff_drive_controller/environment/path.sh
[9.660s] -- Up-to-date: /home/nikhil/Work/ROS/controller_ws/install/diff_drive_controller/share/diff_drive_controller/environment/path.dsv
[9.660s] -- Up-to-date: /home/nikhil/Work/ROS/controller_ws/install/diff_drive_controller/share/diff_drive_controller/local_setup.bash
[9.660s] -- Up-to-date: /home/nikhil/Work/ROS/controller_ws/install/diff_drive_controller/share/diff_drive_controller/local_setup.sh
[9.660s] -- Up-to-date: /home/nikhil/Work/ROS/controller_ws/install/diff_drive_controller/share/diff_drive_controller/local_setup.zsh
[9.661s] -- Up-to-date: /home/nikhil/Work/ROS/controller_ws/install/diff_drive_controller/share/diff_drive_controller/local_setup.dsv
[9.661s] -- Installing: /home/nikhil/Work/ROS/controller_ws/install/diff_drive_controller/share/diff_drive_controller/package.dsv
[9.661s] -- Up-to-date: /home/nikhil/Work/ROS/controller_ws/install/diff_drive_controller/share/ament_index/resource_index/packages/diff_drive_controller
[9.661s] -- Up-to-date: /home/nikhil/Work/ROS/controller_ws/install/diff_drive_controller/share/ament_index/resource_index/controller_interface__pluginlib__plugin/diff_drive_controller
[9.661s] -- Up-to-date: /home/nikhil/Work/ROS/controller_ws/install/diff_drive_controller/share/diff_drive_controller/cmake/export_diff_drive_controllerExport.cmake
[9.661s] -- Up-to-date: /home/nikhil/Work/ROS/controller_ws/install/diff_drive_controller/share/diff_drive_controller/cmake/export_diff_drive_controllerExport-noconfig.cmake
[9.661s] -- Up-to-date: /home/nikhil/Work/ROS/controller_ws/install/diff_drive_controller/share/diff_drive_controller/cmake/ament_cmake_export_dependencies-extras.cmake
[9.661s] -- Up-to-date: /home/nikhil/Work/ROS/controller_ws/install/diff_drive_controller/share/diff_drive_controller/cmake/ament_cmake_export_targets-extras.cmake
[9.661s] -- Up-to-date: /home/nikhil/Work/ROS/controller_ws/install/diff_drive_controller/share/diff_drive_controller/cmake/diff_drive_controllerConfig.cmake
[9.661s] -- Up-to-date: /home/nikhil/Work/ROS/controller_ws/install/diff_drive_controller/share/diff_drive_controller/cmake/diff_drive_controllerConfig-version.cmake
[9.661s] -- Up-to-date: /home/nikhil/Work/ROS/controller_ws/install/diff_drive_controller/share/diff_drive_controller/package.xml
[9.664s] Invoked command in '/home/nikhil/Work/ROS/controller_ws/build/diff_drive_controller' returned '0': CMAKE_PREFIX_PATH=${CMAKE_PREFIX_PATH}:/home/nikhil/Work/ROS/ros2_ws/install/py_pkg:/opt/ros/humble /usr/bin/cmake --install /home/nikhil/Work/ROS/controller_ws/build/diff_drive_controller
